[2022-07-27 13:00:03] [    INFO] 【SRM】项目【test】环境- UI自动化开始执行 (conftest.py:17)
[2022-07-27 13:00:05] [    INFO] 查找元素：('xpath', '//input[@id="elsAccount"]') (basics.py:107)
[2022-07-27 13:00:05] [    INFO] 输入文本：860000 (basics.py:138)
[2022-07-27 13:00:05] [    INFO] 查找元素：('xpath', '//input[@id="elsSubAccount"]') (basics.py:107)
[2022-07-27 13:00:06] [    INFO] 输入文本：1001 (basics.py:138)
[2022-07-27 13:00:06] [    INFO] 查找元素：('xpath', '//input[@type="password"]') (basics.py:107)
[2022-07-27 13:00:06] [    INFO] 输入文本：1qaz@WSX (basics.py:138)
[2022-07-27 13:00:06] [    INFO] 查找元素：('xpath', '//input[@id="identifyCode"]') (basics.py:107)
[2022-07-27 13:00:06] [    INFO] 点击元素：('xpath', '//input[@id="identifyCode"]') (basics.py:191)
[2022-07-27 13:00:10] [    INFO] 查找元素：('xpath', '//img[@id="code"]') (basics.py:107)
[2022-07-27 13:00:11] [    INFO] 查找元素：('xpath', '//input[@id="identifyCode"]') (basics.py:107)
[2022-07-27 13:00:11] [    INFO] 输入文本：9395 (basics.py:138)
[2022-07-27 13:00:11] [    INFO] 查找元素：('xpath', '//button[@id="submit_btn"]') (basics.py:107)
[2022-07-27 13:00:11] [    INFO] 点击元素：('xpath', '//button[@id="submit_btn"]') (basics.py:191)
[2022-07-27 13:00:12] [    INFO] 查找元素：('xpath', '//span[@title="审批列表"]') (basics.py:107)
[2022-07-27 13:00:13] [    INFO] 点击元素：('xpath', '//span[@title="审批列表"]') (basics.py:191)
[2022-07-27 13:00:13] [    INFO] 查找元素：('xpath', '//div[@id="pq-body-cell-u0-0-2-right"]/span') (basics.py:107)
[2022-07-27 13:00:34] [    INFO] 查找元素：('xpath', '//input[@name="taskName"]') (basics.py:107)
[2022-07-27 13:02:42] [    INFO] 【SRM】项目【test】环境- UI自动化开始执行 (conftest.py:17)
[2022-07-27 13:02:44] [    INFO] 查找元素：('xpath', '//input[@id="elsAccount"]') (basics.py:107)
[2022-07-27 13:02:44] [    INFO] 输入文本：860000 (basics.py:138)
[2022-07-27 13:02:44] [    INFO] 查找元素：('xpath', '//input[@id="elsSubAccount"]') (basics.py:107)
[2022-07-27 13:02:44] [    INFO] 输入文本：1001 (basics.py:138)
[2022-07-27 13:02:45] [    INFO] 查找元素：('xpath', '//input[@type="password"]') (basics.py:107)
[2022-07-27 13:02:45] [    INFO] 输入文本：1qaz@WSX (basics.py:138)
[2022-07-27 13:02:45] [    INFO] 查找元素：('xpath', '//input[@id="identifyCode"]') (basics.py:107)
[2022-07-27 13:02:45] [    INFO] 点击元素：('xpath', '//input[@id="identifyCode"]') (basics.py:191)
[2022-07-27 13:02:49] [    INFO] 查找元素：('xpath', '//img[@id="code"]') (basics.py:107)
[2022-07-27 13:02:50] [    INFO] 查找元素：('xpath', '//input[@id="identifyCode"]') (basics.py:107)
[2022-07-27 13:02:50] [    INFO] 输入文本：9394 (basics.py:138)
[2022-07-27 13:02:50] [    INFO] 查找元素：('xpath', '//button[@id="submit_btn"]') (basics.py:107)
[2022-07-27 13:02:50] [    INFO] 点击元素：('xpath', '//button[@id="submit_btn"]') (basics.py:191)
[2022-07-27 13:02:50] [    INFO] 查找元素：('xpath', '//span[@title="审批列表"]') (basics.py:107)
[2022-07-27 13:02:51] [    INFO] 点击元素：('xpath', '//span[@title="审批列表"]') (basics.py:191)
[2022-07-27 13:02:52] [    INFO] 查找元素：('xpath', '//div[@id="pq-body-cell-u0-0-2-right"]/span') (basics.py:107)
[2022-07-27 13:03:13] [    INFO] 查找元素：('xpath', '//input[@name="taskName"]') (basics.py:107)
