[2022-07-20 16:18:38] [    INFO] 【DRP】项目【test】环境- UI自动化开始执行 (conftest.py:14)
[2022-07-20 16:18:38] [    INFO] 前置条件：传音统一登录开始 (conftest.py:18)
[2022-07-20 16:18:43] [    INFO] 打开网页：http://10.250.112.166:9000/# (basics.py:58)
[2022-07-20 16:18:43] [    INFO] 查找元素：('xpath', "//div[@role='button']") (basics.py:73)
[2022-07-20 16:18:43] [    INFO] 点击元素：('xpath', "//div[@role='button']") (basics.py:157)
[2022-07-20 16:18:46] [    INFO] 查找元素：('xpath', "//div[@role='button']") (basics.py:73)
[2022-07-20 16:20:57] [    INFO] 【TBM】项目【test】环境- UI自动化开始执行 (conftest.py:16)
[2022-07-20 16:20:57] [    INFO] 前置条件：传音统一登录开始 (conftest.py:20)
[2022-07-20 16:21:01] [    INFO] 打开网页：http://bom-sit.transsion.com/#/process/home-page (basics.py:58)
[2022-07-20 16:21:01] [    INFO] 查找元素：('xpath', "//div[@role='button']") (basics.py:73)
[2022-07-20 16:21:24] [    INFO] 【DCR_GLOBAL】项目【prod】环境- UI自动化开始执行 (conftest.py:29)
[2022-07-20 16:21:24] [    INFO] 前置条件：传音统一登录开始 (conftest.py:14)
[2022-07-20 16:21:26] [    INFO] 打开网页：http://dcr.imwav.com:6800/home#/home-page-index (basics.py:58)
[2022-07-20 16:21:33] [    INFO] 查找元素：('name', 'username') (basics.py:73)
[2022-07-20 16:21:33] [    INFO] 输入文本：18649572 (basics.py:104)
[2022-07-20 16:21:35] [    INFO] 查找元素：('name', 'password') (basics.py:73)
[2022-07-20 16:21:35] [    INFO] 输入文本：xLily6x (basics.py:104)
[2022-07-20 16:21:37] [    INFO] 查找元素：('xpath', "//span[text()='By logging in, means you have read and agreed the']/../label") (basics.py:73)
[2022-07-20 16:21:37] [    INFO] 查找元素：('xpath', "//span[text()='By logging in, means you have read and agreed the']/../label") (basics.py:73)
[2022-07-20 16:21:37] [    INFO] 点击元素：('xpath', "//span[text()='By logging in, means you have read and agreed the']/../label") (basics.py:157)
[2022-07-20 16:22:15] [    INFO] 【DCR_GLOBAL】项目【prod】环境- UI自动化开始执行 (conftest.py:29)
[2022-07-20 16:22:15] [    INFO] 前置条件：传音统一登录开始 (conftest.py:14)
[2022-07-20 16:22:17] [    INFO] 打开网页：http://dcr.imwav.com:6800/home#/home-page-index (basics.py:58)
[2022-07-20 16:23:16] [    INFO] 【DCR】项目【123】环境- UI自动化开始执行 (conftest.py:14)
[2022-07-20 16:23:18] [    INFO] 打开网页：http://testdcr.imwav.com:8091/vdcr/#/login (basics.py:58)
[2022-07-20 16:23:32] [    INFO] 【DCR】项目【123】环境- UI自动化开始执行 (conftest.py:14)
[2022-07-20 16:23:34] [    INFO] 打开网页：http://testdcr.imwav.com:8091/vdcr/#/login (basics.py:58)
[2022-07-20 16:23:39] [    INFO] 查找元素：('name', 'username') (basics.py:73)
[2022-07-20 16:23:39] [    INFO] 输入文本：lhmadmin (basics.py:104)
[2022-07-20 16:23:41] [    INFO] 查找元素：('name', 'password') (basics.py:73)
