[2022-08-30 09:09:56] [    INFO] 【TBM】项目【test】环境- UI自动化开始执行 (conftest.py:17)
[2022-08-30 09:09:56] [    INFO] 前置条件：传音统一登录开始 (conftest.py:21)
[2022-08-30 09:10:00] [    INFO] 打开网页：http://bom-sit.transsion.com/#/process/home-page (basics.py:63)
[2022-08-30 09:10:00] [    INFO] 查找元素：('xpath', "//div[@role='button']") (basics.py:106)
[2022-08-30 09:10:00] [    INFO] 点击元素：('xpath', "//div[@role='button']") (basics.py:206)
[2022-08-30 09:10:05] [    INFO] 查找元素：['xpath', "//*[contains(@id,'dropdown-menu-')]//li[1]"] (basics.py:106)
[2022-08-30 09:10:06] [    INFO] 查找元素：('xpath', "//div[@role='button']") (basics.py:106)
[2022-08-30 09:10:06] [    INFO] 点击元素：('xpath', "//div[@role='button']") (basics.py:206)
[2022-08-30 09:10:07] [    INFO] 查找元素：('id', 'tab-account') (basics.py:106)
[2022-08-30 09:10:07] [    INFO] 点击元素：('id', 'tab-account') (basics.py:206)
[2022-08-30 09:10:08] [    INFO] 查找元素：('xpath', "//*[@id='pane-account']/form/div[1]/div/div[1]/input") (basics.py:106)
[2022-08-30 09:10:08] [    INFO] 输入文本：18645960 (basics.py:137)
[2022-08-30 09:10:09] [    INFO] 查找元素：('xpath', "//*[@id='pane-account']/form/div[2]/div/div[1]/input") (basics.py:106)
[2022-08-30 09:10:10] [    INFO] 输入文本：xLily6x (basics.py:137)
[2022-08-30 09:10:11] [    INFO] 查找元素：('xpath', "//span[text()='我已阅读并接受']/../label/span/span") (basics.py:106)
[2022-08-30 09:10:11] [    INFO] 获取状态：False (basics.py:330)
[2022-08-30 09:10:11] [    INFO] 查找元素：('xpath', "//span[text()='我已阅读并接受']/../label/span/span") (basics.py:106)
[2022-08-30 09:10:11] [    INFO] 点击元素：('xpath', "//span[text()='我已阅读并接受']/../label/span/span") (basics.py:206)
[2022-08-30 09:10:11] [    INFO] 查找元素：('xpath', "//*[@id='pane-account']/form/button") (basics.py:106)
[2022-08-30 09:10:11] [    INFO] 点击元素：('xpath', "//*[@id='pane-account']/form/button") (basics.py:206)
[2022-08-30 09:10:18] [   ERROR] 正在截图... (basics.py:449)
[2022-08-30 09:10:18] [   ERROR] 日志正在附加截图... (basics.py:456)
[2022-08-30 09:10:18] [   ERROR] 日志附加截图成功 (basics.py:460)
[2022-08-30 09:10:18] [    INFO] 断言成功：页面存在该标识首页 | 关键字:首页 (assert_ui.py:167)
[2022-08-30 09:10:18] [    INFO] 前置条件：传音统一登录成功 (conftest.py:25)
[2022-08-30 09:10:20] [    INFO] 查找元素：['xpath', "//span[@class='meta-title' and contains(text(),'BOM协作')]"] (basics.py:106)
[2022-08-30 09:10:20] [    INFO] 选择点击：['xpath', "//span[@class='meta-title' and contains(text(),'BOM协作')]"] (basics.py:203)
[2022-08-30 09:10:20] [    INFO] 点击一级菜单：BOM协作 (BOM.py:18)
[2022-08-30 09:10:22] [    INFO] 查找元素：['xpath', "//div[@class='menu-wrapper nest-menu']//span[contains(text(),'整机BOM协作')]"] (basics.py:106)
[2022-08-30 09:10:22] [    INFO] 选择点击：['xpath', "//div[@class='menu-wrapper nest-menu']//span[contains(text(),'整机BOM协作')]"] (basics.py:203)
[2022-08-30 09:10:22] [    INFO] 点击二级菜单：整机BOM协作 (BOM.py:20)
[2022-08-30 09:10:24] [    INFO] 刷新页面 (basics.py:337)
[2022-08-30 09:10:24] [    INFO] 查找元素：('xpath', "//button//span[contains(text(),'新增')]") (basics.py:106)
[2022-08-30 09:10:24] [    INFO] 点击元素：('xpath', "//button//span[contains(text(),'新增')]") (basics.py:206)
[2022-08-30 09:10:27] [    INFO] 查找元素：('xpath', "//label[contains(text(),'制作类型')]/..//input") (basics.py:106)
[2022-08-30 09:10:27] [    INFO] 点击元素：('xpath', "//label[contains(text(),'制作类型')]/..//input") (basics.py:206)
[2022-08-30 09:10:27] [    INFO] 查找元素：('xpath', "//li/span[contains(text(), '生产BOM')]") (basics.py:106)
[2022-08-30 09:10:27] [    INFO] 点击元素：('xpath', "//li/span[contains(text(), '生产BOM')]") (basics.py:206)
[2022-08-30 09:10:29] [    INFO] 查找元素：('xpath', "//label[contains(text(),'品牌')]/..//input") (basics.py:106)
[2022-08-30 09:10:29] [    INFO] 点击元素：('xpath', "//label[contains(text(),'品牌')]/..//input") (basics.py:206)
[2022-08-30 09:10:29] [    INFO] 查找元素：('xpath', "//li/span[normalize-space(text())='itel']") (basics.py:106)
[2022-08-30 09:10:29] [    INFO] 点击元素：('xpath', "//li/span[normalize-space(text())='itel']") (basics.py:206)
[2022-08-30 09:10:31] [    INFO] 查找元素：('xpath', "//label[contains(text(),'机型')]/..//input") (basics.py:106)
[2022-08-30 09:10:31] [    INFO] 点击元素：('xpath', "//label[contains(text(),'机型')]/..//input") (basics.py:206)
[2022-08-30 09:10:32] [    INFO] 查找元素：('xpath', "//label[contains(text(),'机型')]/..//input") (basics.py:106)
[2022-08-30 09:10:32] [    INFO] 输入文本：C3250 (basics.py:137)
[2022-08-30 09:10:32] [    INFO] 查找元素：('xpath', "//li[normalize-space(text())='(C3250)C3250']") (basics.py:106)
[2022-08-30 09:10:33] [    INFO] 点击元素：('xpath', "//li[normalize-space(text())='(C3250)C3250']") (basics.py:206)
[2022-08-30 09:10:34] [    INFO] 查找元素：('xpath', "//label[contains(text(),'阶段')]/..//input") (basics.py:106)
[2022-08-30 09:10:34] [    INFO] 点击元素：('xpath', "//label[contains(text(),'阶段')]/..//input") (basics.py:206)
[2022-08-30 09:10:35] [    INFO] 查找元素：('xpath', "//li/span[normalize-space(text())='量产阶段']") (basics.py:106)
[2022-08-30 09:10:35] [    INFO] 点击元素：('xpath', "//li/span[normalize-space(text())='量产阶段']") (basics.py:206)
[2022-08-30 09:10:36] [    INFO] 查找元素：('xpath', "//label[contains(text(),'市场')]/..//input") (basics.py:106)
[2022-08-30 09:10:37] [    INFO] 点击元素：('xpath', "//label[contains(text(),'市场')]/..//input") (basics.py:206)
[2022-08-30 09:10:37] [    INFO] 查找元素：('xpath', "//li/span[normalize-space(text())='孟加拉']") (basics.py:106)
[2022-08-30 09:10:37] [    INFO] 点击元素：('xpath', "//li/span[normalize-space(text())='孟加拉']") (basics.py:206)
[2022-08-30 09:10:39] [    INFO] 查找元素：('xpath', "//button//span[contains(text(),'新增Bom')]") (basics.py:106)
[2022-08-30 09:10:39] [    INFO] 点击元素：('xpath', "//button//span[contains(text(),'新增Bom')]") (basics.py:206)
[2022-08-30 09:10:39] [    INFO] 查找元素：('xpath', "//span[@title='产成品']/../../../..//span[contains(text(),'编辑')]") (basics.py:106)
[2022-08-30 09:10:39] [    INFO] 点击元素：('xpath', "//span[@title='产成品']/../../../..//span[contains(text(),'编辑')]") (basics.py:206)
[2022-08-30 09:10:41] [    INFO] 查找元素：('xpath', "//span[@title='产成品']/../../../../td[2]//input") (basics.py:106)
[2022-08-30 09:10:41] [    INFO] 点击元素：('xpath', "//span[@title='产成品']/../../../../td[2]//input") (basics.py:206)
[2022-08-30 09:10:42] [    INFO] 查找元素：('xpath', "//li//span[contains(text(),'国内生产BOM')]") (basics.py:106)
[2022-08-30 09:10:42] [    INFO] 点击元素：('xpath', "//li//span[contains(text(),'国内生产BOM')]") (basics.py:206)
[2022-08-30 09:10:43] [    INFO] 查找元素：('xpath', "//span[@title='产成品']/../../../../td[3]//input") (basics.py:106)
[2022-08-30 09:10:43] [    INFO] 点击元素：('xpath', "//span[@title='产成品']/../../../../td[3]//input") (basics.py:206)
[2022-08-30 09:10:44] [    INFO] 查找元素：('xpath', "//li/span[normalize-space(text())='量产']") (basics.py:106)
[2022-08-30 09:10:44] [    INFO] 点击元素：('xpath', "//li/span[normalize-space(text())='量产']") (basics.py:206)
[2022-08-30 09:10:45] [    INFO] 查找元素：('xpath', "//span[@title='产成品']/../../../../td[6]//input") (basics.py:106)
[2022-08-30 09:10:45] [    INFO] 点击元素：('xpath', "//span[@title='产成品']/../../../../td[6]//input") (basics.py:206)
[2022-08-30 09:10:46] [    INFO] 查找元素：('xpath', "//span[@title='产成品']/../../../../td[6]//input") (basics.py:106)
[2022-08-30 09:10:47] [    INFO] 输入文本：12000001 (basics.py:137)
[2022-08-30 09:10:47] [    INFO] 查找元素：('xpath', "//li[contains(text(),'12000001')]") (basics.py:106)
[2022-08-30 09:10:47] [    INFO] 点击元素：('xpath', "//li[contains(text(),'12000001')]") (basics.py:206)
[2022-08-30 09:10:49] [    INFO] 查找元素：('xpath', "//span[@title='产成品']/../../../../td[9]//input") (basics.py:106)
[2022-08-30 09:10:49] [    INFO] 点击元素：('xpath', "//span[@title='产成品']/../../../../td[9]//input") (basics.py:206)
[2022-08-30 09:10:50] [    INFO] 查找元素：('xpath', "//span[@title='产成品']/../../../../td[9]//input") (basics.py:106)
[2022-08-30 09:10:50] [    INFO] 输入文本：1000 (basics.py:137)
[2022-08-30 09:10:50] [    INFO] 查找元素：('xpath', "//span[@title='产成品']/../../../..//span[contains(text(),'确定')]") (basics.py:106)
[2022-08-30 09:10:50] [    INFO] 点击元素：('xpath', "//span[@title='产成品']/../../../..//span[contains(text(),'确定')]") (basics.py:206)
[2022-08-30 09:10:52] [    INFO] 查找元素：('xpath', "//label[contains(text(),'MPM')]/..//input") (basics.py:106)
[2022-08-30 09:10:52] [    INFO] 点击元素：('xpath', "//label[contains(text(),'MPM')]/..//input") (basics.py:206)
[2022-08-30 09:10:52] [    INFO] 查找元素：('xpath', "//div[@class='user-find']//input") (basics.py:106)
[2022-08-30 09:10:52] [    INFO] 点击元素：('xpath', "//div[@class='user-find']//input") (basics.py:206)
[2022-08-30 09:10:53] [    INFO] 查找元素：('xpath', "//div[@class='user-find']//input") (basics.py:106)
[2022-08-30 09:10:53] [    INFO] 输入文本：李小素 (basics.py:137)
[2022-08-30 09:10:53] [    INFO] 查找元素：('xpath', "//div[@class='user-list']/div[3]//div[normalize-space(text())='18645960']") (basics.py:106)
[2022-08-30 09:10:55] [    INFO] 点击元素：('xpath', "//div[@class='user-list']/div[3]//div[normalize-space(text())='18645960']") (basics.py:206)
[2022-08-30 09:10:55] [    INFO] 查找元素：('xpath', "//div[@class='user-list']/../../../..//button//span[contains(text(),'确 定')]") (basics.py:106)
[2022-08-30 09:10:55] [    INFO] 点击元素：('xpath', "//div[@class='user-list']/../../../..//button//span[contains(text(),'确 定')]") (basics.py:206)
[2022-08-30 09:10:57] [    INFO] 查找元素：('xpath', "//label[contains(text(),'采购部')]/..//input") (basics.py:106)
[2022-08-30 09:10:57] [    INFO] 点击元素：('xpath', "//label[contains(text(),'采购部')]/..//input") (basics.py:206)
[2022-08-30 09:10:57] [    INFO] 查找元素：('xpath', "//div[@class='user-find']//input") (basics.py:106)
[2022-08-30 09:10:57] [    INFO] 点击元素：('xpath', "//div[@class='user-find']//input") (basics.py:206)
[2022-08-30 09:10:58] [    INFO] 查找元素：('xpath', "//div[@class='user-find']//input") (basics.py:106)
[2022-08-30 09:10:58] [    INFO] 输入文本：李小素 (basics.py:137)
[2022-08-30 09:10:58] [    INFO] 查找元素：('xpath', "//div[@class='user-list']/div[3]//div[normalize-space(text())='18645960']") (basics.py:106)
[2022-08-30 09:10:59] [    INFO] 点击元素：('xpath', "//div[@class='user-list']/div[3]//div[normalize-space(text())='18645960']") (basics.py:206)
[2022-08-30 09:11:00] [    INFO] 查找元素：('xpath', "//div[@class='user-list']/../../../..//button//span[contains(text(),'确 定')]") (basics.py:106)
[2022-08-30 09:11:00] [    INFO] 点击元素：('xpath', "//div[@class='user-list']/../../../..//button//span[contains(text(),'确 定')]") (basics.py:206)
[2022-08-30 09:11:02] [    INFO] 查找元素：('xpath', "//button//span[contains(text(),'提交')]") (basics.py:106)
[2022-08-30 09:11:02] [    INFO] 点击元素：('xpath', "//button//span[contains(text(),'提交')]") (basics.py:206)
[2022-08-30 09:22:32] [    INFO] 【TBM】项目【test】环境- UI自动化开始执行 (conftest.py:17)
[2022-08-30 09:22:32] [    INFO] 前置条件：传音统一登录开始 (conftest.py:21)
[2022-08-30 09:22:37] [    INFO] 打开网页：http://bom-sit.transsion.com/#/process/home-page (basics.py:63)
[2022-08-30 09:22:37] [    INFO] 查找元素：('xpath', "//div[@role='button']") (basics.py:106)
[2022-08-30 09:22:37] [    INFO] 点击元素：('xpath', "//div[@role='button']") (basics.py:206)
[2022-08-30 09:22:42] [    INFO] 查找元素：['xpath', "//*[contains(@id,'dropdown-menu-')]//li[1]"] (basics.py:106)
[2022-08-30 09:22:43] [    INFO] 查找元素：('xpath', "//div[@role='button']") (basics.py:106)
[2022-08-30 09:22:43] [    INFO] 点击元素：('xpath', "//div[@role='button']") (basics.py:206)
[2022-08-30 09:22:43] [    INFO] 查找元素：('id', 'tab-account') (basics.py:106)
[2022-08-30 09:22:43] [    INFO] 点击元素：('id', 'tab-account') (basics.py:206)
[2022-08-30 09:22:44] [    INFO] 查找元素：('xpath', "//*[@id='pane-account']/form/div[1]/div/div[1]/input") (basics.py:106)
[2022-08-30 09:22:44] [    INFO] 输入文本：18645960 (basics.py:137)
[2022-08-30 09:22:46] [    INFO] 查找元素：('xpath', "//*[@id='pane-account']/form/div[2]/div/div[1]/input") (basics.py:106)
[2022-08-30 09:22:46] [    INFO] 输入文本：xLily6x (basics.py:137)
[2022-08-30 09:22:47] [    INFO] 查找元素：('xpath', "//span[text()='我已阅读并接受']/../label/span/span") (basics.py:106)
[2022-08-30 09:22:47] [    INFO] 获取状态：False (basics.py:330)
[2022-08-30 09:22:47] [    INFO] 查找元素：('xpath', "//span[text()='我已阅读并接受']/../label/span/span") (basics.py:106)
[2022-08-30 09:22:47] [    INFO] 点击元素：('xpath', "//span[text()='我已阅读并接受']/../label/span/span") (basics.py:206)
[2022-08-30 09:22:48] [    INFO] 查找元素：('xpath', "//*[@id='pane-account']/form/button") (basics.py:106)
[2022-08-30 09:22:48] [    INFO] 点击元素：('xpath', "//*[@id='pane-account']/form/button") (basics.py:206)
[2022-08-30 09:22:54] [   ERROR] 正在截图... (basics.py:449)
[2022-08-30 09:22:54] [   ERROR] 日志正在附加截图... (basics.py:456)
[2022-08-30 09:22:54] [   ERROR] 日志附加截图成功 (basics.py:460)
[2022-08-30 09:22:55] [    INFO] 断言成功：页面存在该标识首页 | 关键字:首页 (assert_ui.py:167)
[2022-08-30 09:22:55] [    INFO] 前置条件：传音统一登录成功 (conftest.py:25)
[2022-08-30 09:22:57] [    INFO] 查找元素：['xpath', "//span[@class='meta-title' and contains(text(),'BOM协作')]"] (basics.py:106)
[2022-08-30 09:22:57] [    INFO] 选择点击：['xpath', "//span[@class='meta-title' and contains(text(),'BOM协作')]"] (basics.py:203)
[2022-08-30 09:22:57] [    INFO] 点击一级菜单：BOM协作 (BOM.py:18)
[2022-08-30 09:22:59] [    INFO] 查找元素：['xpath', "//div[@class='menu-wrapper nest-menu']//span[contains(text(),'整机BOM协作')]"] (basics.py:106)
[2022-08-30 09:22:59] [    INFO] 选择点击：['xpath', "//div[@class='menu-wrapper nest-menu']//span[contains(text(),'整机BOM协作')]"] (basics.py:203)
[2022-08-30 09:22:59] [    INFO] 点击二级菜单：整机BOM协作 (BOM.py:20)
[2022-08-30 09:23:00] [    INFO] 刷新页面 (basics.py:337)
[2022-08-30 09:23:00] [    INFO] 查找元素：('xpath', "//button//span[contains(text(),'新增')]") (basics.py:106)
[2022-08-30 09:23:00] [    INFO] 点击元素：('xpath', "//button//span[contains(text(),'新增')]") (basics.py:206)
[2022-08-30 09:23:03] [    INFO] 查找元素：('xpath', "//label[contains(text(),'制作类型')]/..//input") (basics.py:106)
[2022-08-30 09:23:03] [    INFO] 点击元素：('xpath', "//label[contains(text(),'制作类型')]/..//input") (basics.py:206)
[2022-08-30 09:23:03] [    INFO] 查找元素：('xpath', "//li/span[contains(text(), '生产BOM')]") (basics.py:106)
[2022-08-30 09:23:03] [    INFO] 点击元素：('xpath', "//li/span[contains(text(), '生产BOM')]") (basics.py:206)
[2022-08-30 09:23:05] [    INFO] 查找元素：('xpath', "//label[contains(text(),'品牌')]/..//input") (basics.py:106)
[2022-08-30 09:23:05] [    INFO] 点击元素：('xpath', "//label[contains(text(),'品牌')]/..//input") (basics.py:206)
[2022-08-30 09:23:05] [    INFO] 查找元素：('xpath', "//li/span[normalize-space(text())='itel']") (basics.py:106)
[2022-08-30 09:23:06] [    INFO] 点击元素：('xpath', "//li/span[normalize-space(text())='itel']") (basics.py:206)
[2022-08-30 09:23:07] [    INFO] 查找元素：('xpath', "//label[contains(text(),'机型')]/..//input") (basics.py:106)
[2022-08-30 09:23:07] [    INFO] 点击元素：('xpath', "//label[contains(text(),'机型')]/..//input") (basics.py:206)
[2022-08-30 09:23:08] [    INFO] 查找元素：('xpath', "//label[contains(text(),'机型')]/..//input") (basics.py:106)
[2022-08-30 09:23:08] [    INFO] 输入文本：C3250 (basics.py:137)
[2022-08-30 09:23:08] [    INFO] 查找元素：('xpath', "//li[normalize-space(text())='(C3250)C3250']") (basics.py:106)
[2022-08-30 09:23:09] [    INFO] 点击元素：('xpath', "//li[normalize-space(text())='(C3250)C3250']") (basics.py:206)
[2022-08-30 09:23:11] [    INFO] 查找元素：('xpath', "//label[contains(text(),'阶段')]/..//input") (basics.py:106)
[2022-08-30 09:23:11] [    INFO] 点击元素：('xpath', "//label[contains(text(),'阶段')]/..//input") (basics.py:206)
[2022-08-30 09:23:11] [    INFO] 查找元素：('xpath', "//li/span[normalize-space(text())='量产阶段']") (basics.py:106)
[2022-08-30 09:23:11] [    INFO] 点击元素：('xpath', "//li/span[normalize-space(text())='量产阶段']") (basics.py:206)
[2022-08-30 09:23:13] [    INFO] 查找元素：('xpath', "//label[contains(text(),'市场')]/..//input") (basics.py:106)
[2022-08-30 09:23:13] [    INFO] 点击元素：('xpath', "//label[contains(text(),'市场')]/..//input") (basics.py:206)
[2022-08-30 09:23:13] [    INFO] 查找元素：('xpath', "//li/span[normalize-space(text())='孟加拉']") (basics.py:106)
[2022-08-30 09:23:13] [    INFO] 点击元素：('xpath', "//li/span[normalize-space(text())='孟加拉']") (basics.py:206)
[2022-08-30 09:23:15] [    INFO] 查找元素：('xpath', "//button//span[contains(text(),'新增Bom')]") (basics.py:106)
[2022-08-30 09:23:15] [    INFO] 点击元素：('xpath', "//button//span[contains(text(),'新增Bom')]") (basics.py:206)
[2022-08-30 09:23:15] [    INFO] 查找元素：('xpath', "//span[@title='产成品']/../../../..//span[contains(text(),'编辑')]") (basics.py:106)
[2022-08-30 09:23:15] [    INFO] 点击元素：('xpath', "//span[@title='产成品']/../../../..//span[contains(text(),'编辑')]") (basics.py:206)
[2022-08-30 09:23:17] [    INFO] 查找元素：('xpath', "//span[@title='产成品']/../../../../td[2]//input") (basics.py:106)
[2022-08-30 09:23:17] [    INFO] 点击元素：('xpath', "//span[@title='产成品']/../../../../td[2]//input") (basics.py:206)
[2022-08-30 09:23:18] [    INFO] 查找元素：('xpath', "//li//span[contains(text(),'国内生产BOM')]") (basics.py:106)
[2022-08-30 09:23:18] [    INFO] 点击元素：('xpath', "//li//span[contains(text(),'国内生产BOM')]") (basics.py:206)
[2022-08-30 09:23:19] [    INFO] 查找元素：('xpath', "//span[@title='产成品']/../../../../td[3]//input") (basics.py:106)
[2022-08-30 09:23:19] [    INFO] 点击元素：('xpath', "//span[@title='产成品']/../../../../td[3]//input") (basics.py:206)
[2022-08-30 09:23:20] [    INFO] 查找元素：('xpath', "//li/span[normalize-space(text())='量产']") (basics.py:106)
[2022-08-30 09:23:20] [    INFO] 点击元素：('xpath', "//li/span[normalize-space(text())='量产']") (basics.py:206)
[2022-08-30 09:23:21] [    INFO] 查找元素：('xpath', "//span[@title='产成品']/../../../../td[6]//input") (basics.py:106)
[2022-08-30 09:23:21] [    INFO] 点击元素：('xpath', "//span[@title='产成品']/../../../../td[6]//input") (basics.py:206)
[2022-08-30 09:23:22] [    INFO] 查找元素：('xpath', "//span[@title='产成品']/../../../../td[6]//input") (basics.py:106)
[2022-08-30 09:23:22] [    INFO] 输入文本：12000001 (basics.py:137)
[2022-08-30 09:23:22] [    INFO] 查找元素：('xpath', "//li[contains(text(),'12000001')]") (basics.py:106)
[2022-08-30 09:23:23] [    INFO] 点击元素：('xpath', "//li[contains(text(),'12000001')]") (basics.py:206)
[2022-08-30 09:23:25] [    INFO] 查找元素：('xpath', "//span[@title='产成品']/../../../../td[9]//input") (basics.py:106)
[2022-08-30 09:23:25] [    INFO] 点击元素：('xpath', "//span[@title='产成品']/../../../../td[9]//input") (basics.py:206)
[2022-08-30 09:23:26] [    INFO] 查找元素：('xpath', "//span[@title='产成品']/../../../../td[9]//input") (basics.py:106)
[2022-08-30 09:23:26] [    INFO] 输入文本：1000 (basics.py:137)
[2022-08-30 09:23:26] [    INFO] 查找元素：('xpath', "//span[@title='产成品']/../../../..//span[contains(text(),'确定')]") (basics.py:106)
[2022-08-30 09:23:26] [    INFO] 点击元素：('xpath', "//span[@title='产成品']/../../../..//span[contains(text(),'确定')]") (basics.py:206)
[2022-08-30 09:23:27] [    INFO] 查找元素：('xpath', "//label[contains(text(),'MPM')]/..//input") (basics.py:106)
[2022-08-30 09:23:27] [    INFO] 点击元素：('xpath', "//label[contains(text(),'MPM')]/..//input") (basics.py:206)
[2022-08-30 09:23:28] [    INFO] 查找元素：('xpath', "//div[@class='user-find']//input") (basics.py:106)
[2022-08-30 09:23:28] [    INFO] 点击元素：('xpath', "//div[@class='user-find']//input") (basics.py:206)
[2022-08-30 09:23:29] [    INFO] 查找元素：('xpath', "//div[@class='user-find']//input") (basics.py:106)
[2022-08-30 09:23:29] [    INFO] 输入文本：李小素 (basics.py:137)
[2022-08-30 09:23:29] [    INFO] 查找元素：('xpath', "//div[@class='user-list']/div[3]//div[normalize-space(text())='18645960']") (basics.py:106)
[2022-08-30 09:23:30] [    INFO] 点击元素：('xpath', "//div[@class='user-list']/div[3]//div[normalize-space(text())='18645960']") (basics.py:206)
[2022-08-30 09:23:31] [    INFO] 查找元素：('xpath', "//div[@class='user-list']/../../../..//button//span[contains(text(),'确 定')]") (basics.py:106)
[2022-08-30 09:23:31] [    INFO] 点击元素：('xpath', "//div[@class='user-list']/../../../..//button//span[contains(text(),'确 定')]") (basics.py:206)
[2022-08-30 09:23:32] [    INFO] 查找元素：('xpath', "//label[contains(text(),'采购部')]/..//input") (basics.py:106)
[2022-08-30 09:23:32] [    INFO] 点击元素：('xpath', "//label[contains(text(),'采购部')]/..//input") (basics.py:206)
[2022-08-30 09:23:33] [    INFO] 查找元素：('xpath', "//div[@class='user-find']//input") (basics.py:106)
[2022-08-30 09:23:33] [    INFO] 点击元素：('xpath', "//div[@class='user-find']//input") (basics.py:206)
[2022-08-30 09:23:34] [    INFO] 查找元素：('xpath', "//div[@class='user-find']//input") (basics.py:106)
[2022-08-30 09:23:34] [    INFO] 输入文本：李小素 (basics.py:137)
[2022-08-30 09:23:34] [    INFO] 查找元素：('xpath', "//div[@class='user-list']/div[3]//div[normalize-space(text())='18645960']") (basics.py:106)
[2022-08-30 09:23:35] [    INFO] 点击元素：('xpath', "//div[@class='user-list']/div[3]//div[normalize-space(text())='18645960']") (basics.py:206)
[2022-08-30 09:23:35] [    INFO] 查找元素：('xpath', "//div[@class='user-list']/../../../..//button//span[contains(text(),'确 定')]") (basics.py:106)
[2022-08-30 09:23:35] [    INFO] 点击元素：('xpath', "//div[@class='user-list']/../../../..//button//span[contains(text(),'确 定')]") (basics.py:206)
[2022-08-30 09:23:37] [    INFO] 查找元素：('xpath', "//button//span[contains(text(),'提交')]") (basics.py:106)
[2022-08-30 09:23:37] [    INFO] 点击元素：('xpath', "//button//span[contains(text(),'提交')]") (basics.py:206)
[2022-08-30 09:23:41] [    INFO] 查找元素：['xpath', "//span[@class='meta-title' and contains(text(),'待办列表')]"] (basics.py:106)
[2022-08-30 09:23:41] [    INFO] 选择点击：['xpath', "//span[@class='meta-title' and contains(text(),'待办列表')]"] (basics.py:203)
[2022-08-30 09:23:41] [    INFO] 点击待办列表：待办列表 (BOM.py:118)
[2022-08-30 09:23:43] [    INFO] 查找元素：['xpath', "//div[@class='menu-wrapper nest-menu']//span[contains(text(),'我申请的')]"] (basics.py:106)
[2022-08-30 09:23:43] [    INFO] 选择点击：['xpath', "//div[@class='menu-wrapper nest-menu']//span[contains(text(),'我申请的')]"] (basics.py:203)
[2022-08-30 09:23:43] [    INFO] 点击我申请的：我申请的 (BOM.py:120)
[2022-08-30 09:23:50] [    INFO] 刷新页面 (basics.py:337)
[2022-08-30 09:23:50] [    INFO] 查找元素：('xpath', "//div[contains(text(),'ZBOM20220829082805803581') and @class='row-code']/../../../..//span[text()='查看详情']") (basics.py:106)
[2022-08-30 09:31:37] [    INFO] 【TBM】项目【test】环境- UI自动化开始执行 (conftest.py:17)
[2022-08-30 09:31:37] [    INFO] 前置条件：传音统一登录开始 (conftest.py:21)
[2022-08-30 09:31:44] [    INFO] 打开网页：http://bom-sit.transsion.com/#/process/home-page (basics.py:63)
[2022-08-30 09:31:44] [    INFO] 查找元素：('xpath', "//div[@role='button']") (basics.py:106)
[2022-08-30 09:31:44] [    INFO] 点击元素：('xpath', "//div[@role='button']") (basics.py:206)
[2022-08-30 09:31:48] [    INFO] 查找元素：['xpath', "//*[contains(@id,'dropdown-menu-')]//li[1]"] (basics.py:106)
[2022-08-30 09:31:49] [    INFO] 查找元素：('xpath', "//div[@role='button']") (basics.py:106)
[2022-08-30 09:31:49] [    INFO] 点击元素：('xpath', "//div[@role='button']") (basics.py:206)
[2022-08-30 09:31:50] [    INFO] 查找元素：('id', 'tab-account') (basics.py:106)
[2022-08-30 09:31:50] [    INFO] 点击元素：('id', 'tab-account') (basics.py:206)
[2022-08-30 09:31:51] [    INFO] 查找元素：('xpath', "//*[@id='pane-account']/form/div[1]/div/div[1]/input") (basics.py:106)
[2022-08-30 09:31:51] [    INFO] 输入文本：18645960 (basics.py:137)
[2022-08-30 09:31:53] [    INFO] 查找元素：('xpath', "//*[@id='pane-account']/form/div[2]/div/div[1]/input") (basics.py:106)
[2022-08-30 09:31:53] [    INFO] 输入文本：xLily6x (basics.py:137)
[2022-08-30 09:31:54] [    INFO] 查找元素：('xpath', "//span[text()='我已阅读并接受']/../label/span/span") (basics.py:106)
[2022-08-30 09:31:54] [    INFO] 获取状态：False (basics.py:330)
[2022-08-30 09:31:54] [    INFO] 查找元素：('xpath', "//span[text()='我已阅读并接受']/../label/span/span") (basics.py:106)
[2022-08-30 09:31:54] [    INFO] 点击元素：('xpath', "//span[text()='我已阅读并接受']/../label/span/span") (basics.py:206)
[2022-08-30 09:31:54] [    INFO] 查找元素：('xpath', "//*[@id='pane-account']/form/button") (basics.py:106)
[2022-08-30 09:31:54] [    INFO] 点击元素：('xpath', "//*[@id='pane-account']/form/button") (basics.py:206)
[2022-08-30 09:32:01] [   ERROR] 正在截图... (basics.py:449)
[2022-08-30 09:32:01] [   ERROR] 日志正在附加截图... (basics.py:456)
[2022-08-30 09:32:01] [   ERROR] 日志附加截图成功 (basics.py:460)
[2022-08-30 09:32:01] [    INFO] 断言成功：页面存在该标识首页 | 关键字:首页 (assert_ui.py:167)
[2022-08-30 09:32:01] [    INFO] 前置条件：传音统一登录成功 (conftest.py:25)
[2022-08-30 09:32:01] [    INFO] 查找元素：['xpath', "//span[@class='meta-title' and contains(text(),'待办列表')]"] (basics.py:102)
[2022-08-30 09:32:02] [    INFO] 点击元素：('xpath', "//span[@class='meta-title' and contains(text(),'待办列表')]")待办列表 (basics.py:565)
[2022-08-30 09:32:02] [    INFO] 点击待办列表：待办列表 (BOM.py:118)
[2022-08-30 09:32:02] [    INFO] 查找元素：['xpath', "//div[@class='menu-wrapper nest-menu']//span[contains(text(),'我申请的')]"] (basics.py:102)
[2022-08-30 09:32:02] [    INFO] 点击元素：('xpath', "//div[@class='menu-wrapper nest-menu']//span[contains(text(),'我申请的')]")我申请的 (basics.py:565)
[2022-08-30 09:32:02] [    INFO] 点击我申请的：我申请的 (BOM.py:120)
[2022-08-30 09:32:11] [    INFO] 刷新页面 (basics.py:337)
[2022-08-30 09:32:11] [    INFO] 查找元素：('xpath', "//div[contains(text(),'ZBOM20220830012432443684') and @class='row-code']/../../../..//span[text()='查看详情']") (basics.py:106)
[2022-08-30 09:32:42] [    INFO] 查找元素：('xpath', "//div[contains(text(),'ZBOM20220830012432443684') and @class='row-code']/../../../..//span[text()='查看详情']") (basics.py:106)
[2022-08-30 09:35:46] [    INFO] 【TBM】项目【test】环境- UI自动化开始执行 (conftest.py:17)
[2022-08-30 09:35:46] [    INFO] 前置条件：传音统一登录开始 (conftest.py:21)
[2022-08-30 09:35:51] [    INFO] 打开网页：http://bom-sit.transsion.com/#/process/home-page (basics.py:63)
[2022-08-30 09:35:51] [    INFO] 查找元素：('xpath', "//div[@role='button']") (basics.py:106)
[2022-08-30 09:35:51] [    INFO] 点击元素：('xpath', "//div[@role='button']") (basics.py:206)
[2022-08-30 09:35:55] [    INFO] 查找元素：['xpath', "//*[contains(@id,'dropdown-menu-')]//li[1]"] (basics.py:106)
[2022-08-30 09:35:56] [    INFO] 查找元素：('xpath', "//div[@role='button']") (basics.py:106)
[2022-08-30 09:35:56] [    INFO] 点击元素：('xpath', "//div[@role='button']") (basics.py:206)
[2022-08-30 09:35:57] [    INFO] 查找元素：('id', 'tab-account') (basics.py:106)
[2022-08-30 09:35:57] [    INFO] 点击元素：('id', 'tab-account') (basics.py:206)
[2022-08-30 09:35:58] [    INFO] 查找元素：('xpath', "//*[@id='pane-account']/form/div[1]/div/div[1]/input") (basics.py:106)
[2022-08-30 09:35:58] [    INFO] 输入文本：18645960 (basics.py:137)
[2022-08-30 09:36:00] [    INFO] 查找元素：('xpath', "//*[@id='pane-account']/form/div[2]/div/div[1]/input") (basics.py:106)
[2022-08-30 09:36:00] [    INFO] 输入文本：xLily6x (basics.py:137)
[2022-08-30 09:36:01] [    INFO] 查找元素：('xpath', "//span[text()='我已阅读并接受']/../label/span/span") (basics.py:106)
[2022-08-30 09:36:01] [    INFO] 获取状态：False (basics.py:330)
[2022-08-30 09:36:01] [    INFO] 查找元素：('xpath', "//span[text()='我已阅读并接受']/../label/span/span") (basics.py:106)
[2022-08-30 09:36:01] [    INFO] 点击元素：('xpath', "//span[text()='我已阅读并接受']/../label/span/span") (basics.py:206)
[2022-08-30 09:36:01] [    INFO] 查找元素：('xpath', "//*[@id='pane-account']/form/button") (basics.py:106)
[2022-08-30 09:36:01] [    INFO] 点击元素：('xpath', "//*[@id='pane-account']/form/button") (basics.py:206)
[2022-08-30 09:36:08] [   ERROR] 正在截图... (basics.py:449)
[2022-08-30 09:36:08] [   ERROR] 日志正在附加截图... (basics.py:456)
[2022-08-30 09:36:08] [   ERROR] 日志附加截图成功 (basics.py:460)
[2022-08-30 09:36:08] [    INFO] 断言成功：页面存在该标识首页 | 关键字:首页 (assert_ui.py:167)
[2022-08-30 09:36:08] [    INFO] 前置条件：传音统一登录成功 (conftest.py:25)
[2022-08-30 09:36:08] [    INFO] 查找元素：['xpath', "//span[@class='meta-title' and contains(text(),'待办列表')]"] (basics.py:102)
[2022-08-30 09:36:09] [    INFO] 点击元素：('xpath', "//span[@class='meta-title' and contains(text(),'待办列表')]")待办列表 (basics.py:565)
[2022-08-30 09:36:09] [    INFO] 点击待办列表：待办列表 (BOM.py:118)
[2022-08-30 09:36:09] [    INFO] 查找元素：['xpath', "//div[@class='menu-wrapper nest-menu']//span[contains(text(),'我申请的')]"] (basics.py:102)
[2022-08-30 09:36:09] [    INFO] 点击元素：('xpath', "//div[@class='menu-wrapper nest-menu']//span[contains(text(),'我申请的')]")我申请的 (basics.py:565)
[2022-08-30 09:36:09] [    INFO] 点击我申请的：我申请的 (BOM.py:120)
[2022-08-30 09:36:16] [    INFO] 刷新页面 (basics.py:337)
[2022-08-30 09:36:16] [    INFO] 查找元素：('xpath', '//iframe') (basics.py:106)
[2022-08-30 09:36:16] [    INFO] 查找元素：('xpath', "//div[contains(text(),'ZBOM20220830012432443684') and @class='row-code']/../../../..//span[text()='查看详情']") (basics.py:106)
[2022-08-30 09:36:19] [    INFO] 点击元素：('xpath', "//div[contains(text(),'ZBOM20220830012432443684') and @class='row-code']/../../../..//span[text()='查看详情']")None (basics.py:565)
[2022-08-30 09:36:19] [    INFO] 查找元素：('xpath', '//iframe') (basics.py:106)
[2022-08-30 09:36:21] [    INFO] 查找元素：('xpath', "//button//span[text()='撤回']") (basics.py:106)
[2022-08-30 09:36:21] [    INFO] 查找元素：('xpath', "//button//span[text()='撤回']") (basics.py:106)
[2022-08-30 09:38:21] [    INFO] 【TBM】项目【test】环境- UI自动化开始执行 (conftest.py:17)
[2022-08-30 09:38:21] [    INFO] 前置条件：传音统一登录开始 (conftest.py:21)
[2022-08-30 09:38:26] [    INFO] 打开网页：http://bom-sit.transsion.com/#/process/home-page (basics.py:63)
[2022-08-30 09:38:26] [    INFO] 查找元素：('xpath', "//div[@role='button']") (basics.py:106)
[2022-08-30 09:38:26] [    INFO] 点击元素：('xpath', "//div[@role='button']") (basics.py:206)
[2022-08-30 09:38:30] [    INFO] 查找元素：['xpath', "//*[contains(@id,'dropdown-menu-')]//li[1]"] (basics.py:106)
[2022-08-30 09:38:31] [    INFO] 查找元素：('xpath', "//div[@role='button']") (basics.py:106)
[2022-08-30 09:38:31] [    INFO] 点击元素：('xpath', "//div[@role='button']") (basics.py:206)
[2022-08-30 09:38:32] [    INFO] 查找元素：('id', 'tab-account') (basics.py:106)
[2022-08-30 09:38:32] [    INFO] 点击元素：('id', 'tab-account') (basics.py:206)
[2022-08-30 09:38:33] [    INFO] 查找元素：('xpath', "//*[@id='pane-account']/form/div[1]/div/div[1]/input") (basics.py:106)
[2022-08-30 09:38:33] [    INFO] 输入文本：18645960 (basics.py:137)
[2022-08-30 09:38:35] [    INFO] 查找元素：('xpath', "//*[@id='pane-account']/form/div[2]/div/div[1]/input") (basics.py:106)
[2022-08-30 09:38:35] [    INFO] 输入文本：xLily6x (basics.py:137)
[2022-08-30 09:38:36] [    INFO] 查找元素：('xpath', "//span[text()='我已阅读并接受']/../label/span/span") (basics.py:106)
[2022-08-30 09:38:36] [    INFO] 获取状态：False (basics.py:330)
[2022-08-30 09:38:36] [    INFO] 查找元素：('xpath', "//span[text()='我已阅读并接受']/../label/span/span") (basics.py:106)
[2022-08-30 09:38:36] [    INFO] 点击元素：('xpath', "//span[text()='我已阅读并接受']/../label/span/span") (basics.py:206)
[2022-08-30 09:38:36] [    INFO] 查找元素：('xpath', "//*[@id='pane-account']/form/button") (basics.py:106)
[2022-08-30 09:38:36] [    INFO] 点击元素：('xpath', "//*[@id='pane-account']/form/button") (basics.py:206)
[2022-08-30 09:38:43] [   ERROR] 正在截图... (basics.py:449)
[2022-08-30 09:38:43] [   ERROR] 日志正在附加截图... (basics.py:456)
[2022-08-30 09:38:43] [   ERROR] 日志附加截图成功 (basics.py:460)
[2022-08-30 09:38:43] [    INFO] 断言成功：页面存在该标识首页 | 关键字:首页 (assert_ui.py:167)
[2022-08-30 09:38:43] [    INFO] 前置条件：传音统一登录成功 (conftest.py:25)
[2022-08-30 09:38:43] [    INFO] 查找元素：['xpath', "//span[@class='meta-title' and contains(text(),'待办列表')]"] (basics.py:102)
[2022-08-30 09:38:44] [    INFO] 点击元素：('xpath', "//span[@class='meta-title' and contains(text(),'待办列表')]")待办列表 (basics.py:565)
[2022-08-30 09:38:44] [    INFO] 点击待办列表：待办列表 (BOM.py:118)
[2022-08-30 09:38:44] [    INFO] 查找元素：['xpath', "//div[@class='menu-wrapper nest-menu']//span[contains(text(),'我申请的')]"] (basics.py:102)
[2022-08-30 09:38:54] [    INFO] 点击元素：('xpath', "//div[@class='menu-wrapper nest-menu']//span[contains(text(),'我申请的')]")我申请的 (basics.py:565)
[2022-08-30 09:38:54] [    INFO] 点击我申请的：我申请的 (BOM.py:120)
[2022-08-30 09:39:00] [    INFO] 刷新页面 (basics.py:337)
[2022-08-30 09:39:00] [    INFO] 查找元素：('xpath', '//iframe') (basics.py:106)
[2022-08-30 09:39:00] [    INFO] 查找元素：('xpath', "//div[contains(text(),'ZBOM20220830012432443684') and @class='row-code']/../../../..//span[text()='查看详情']") (basics.py:106)
[2022-08-30 09:39:03] [    INFO] 点击元素：('xpath', "//div[contains(text(),'ZBOM20220830012432443684') and @class='row-code']/../../../..//span[text()='查看详情']")None (basics.py:565)
[2022-08-30 09:39:03] [    INFO] 查找元素：('xpath', '//iframe') (basics.py:106)
[2022-08-30 09:39:05] [    INFO] 查找元素：('xpath', "//button//span[text()='撤回']") (basics.py:106)
[2022-08-30 09:39:05] [    INFO] 查找元素：('xpath', "//button//span[text()='撤回']") (basics.py:106)
[2022-08-30 09:40:19] [    INFO] 【TBM】项目【test】环境- UI自动化开始执行 (conftest.py:17)
[2022-08-30 09:40:19] [    INFO] 前置条件：传音统一登录开始 (conftest.py:21)
[2022-08-30 09:40:23] [    INFO] 打开网页：http://bom-sit.transsion.com/#/process/home-page (basics.py:63)
[2022-08-30 09:40:23] [    INFO] 查找元素：('xpath', "//div[@role='button']") (basics.py:106)
[2022-08-30 09:40:24] [    INFO] 点击元素：('xpath', "//div[@role='button']") (basics.py:206)
[2022-08-30 09:40:28] [    INFO] 查找元素：['xpath', "//*[contains(@id,'dropdown-menu-')]//li[1]"] (basics.py:106)
[2022-08-30 09:40:29] [    INFO] 查找元素：('xpath', "//div[@role='button']") (basics.py:106)
[2022-08-30 09:40:29] [    INFO] 点击元素：('xpath', "//div[@role='button']") (basics.py:206)
[2022-08-30 09:40:30] [    INFO] 查找元素：('id', 'tab-account') (basics.py:106)
[2022-08-30 09:40:30] [    INFO] 点击元素：('id', 'tab-account') (basics.py:206)
[2022-08-30 09:40:31] [    INFO] 查找元素：('xpath', "//*[@id='pane-account']/form/div[1]/div/div[1]/input") (basics.py:106)
[2022-08-30 09:40:31] [    INFO] 输入文本：18645960 (basics.py:137)
[2022-08-30 09:40:33] [    INFO] 查找元素：('xpath', "//*[@id='pane-account']/form/div[2]/div/div[1]/input") (basics.py:106)
[2022-08-30 09:40:33] [    INFO] 输入文本：xLily6x (basics.py:137)
[2022-08-30 09:40:34] [    INFO] 查找元素：('xpath', "//span[text()='我已阅读并接受']/../label/span/span") (basics.py:106)
[2022-08-30 09:40:34] [    INFO] 获取状态：False (basics.py:330)
[2022-08-30 09:40:34] [    INFO] 查找元素：('xpath', "//span[text()='我已阅读并接受']/../label/span/span") (basics.py:106)
[2022-08-30 09:40:34] [    INFO] 点击元素：('xpath', "//span[text()='我已阅读并接受']/../label/span/span") (basics.py:206)
[2022-08-30 09:40:34] [    INFO] 查找元素：('xpath', "//*[@id='pane-account']/form/button") (basics.py:106)
[2022-08-30 09:40:34] [    INFO] 点击元素：('xpath', "//*[@id='pane-account']/form/button") (basics.py:206)
[2022-08-30 09:40:41] [   ERROR] 正在截图... (basics.py:449)
[2022-08-30 09:40:41] [   ERROR] 日志正在附加截图... (basics.py:456)
[2022-08-30 09:40:41] [   ERROR] 日志附加截图成功 (basics.py:460)
[2022-08-30 09:40:41] [    INFO] 断言成功：页面存在该标识首页 | 关键字:首页 (assert_ui.py:167)
[2022-08-30 09:40:41] [    INFO] 前置条件：传音统一登录成功 (conftest.py:25)
[2022-08-30 09:40:41] [    INFO] 查找元素：['xpath', "//span[@class='meta-title' and contains(text(),'待办列表')]"] (basics.py:102)
[2022-08-30 09:40:42] [    INFO] 点击元素：('xpath', "//span[@class='meta-title' and contains(text(),'待办列表')]")待办列表 (basics.py:565)
[2022-08-30 09:40:42] [    INFO] 点击待办列表：待办列表 (BOM.py:118)
[2022-08-30 09:40:42] [    INFO] 查找元素：['xpath', "//div[@class='menu-wrapper nest-menu']//span[contains(text(),'我申请的')]"] (basics.py:102)
[2022-08-30 09:40:42] [    INFO] 点击元素：('xpath', "//div[@class='menu-wrapper nest-menu']//span[contains(text(),'我申请的')]")我申请的 (basics.py:565)
[2022-08-30 09:40:42] [    INFO] 点击我申请的：我申请的 (BOM.py:120)
[2022-08-30 09:40:48] [    INFO] 刷新页面 (basics.py:337)
[2022-08-30 09:40:48] [    INFO] 查找元素：('xpath', '//iframe') (basics.py:106)
[2022-08-30 09:40:48] [    INFO] 查找元素：('xpath', "//div[contains(text(),'ZBOM20220830012432443684') and @class='row-code']/../../../..//span[text()='查看详情']") (basics.py:106)
[2022-08-30 09:40:51] [    INFO] 点击元素：('xpath', "//div[contains(text(),'ZBOM20220830012432443684') and @class='row-code']/../../../..//span[text()='查看详情']")None (basics.py:565)
[2022-08-30 09:40:51] [    INFO] 查找元素：('xpath', '//iframe') (basics.py:106)
[2022-08-30 09:40:52] [    INFO] 查找元素：('xpath', "//button//span[text()='撤回']") (basics.py:106)
[2022-08-30 09:40:52] [    INFO] 查找元素：('xpath', "//button//span[text()='撤回']") (basics.py:106)
[2022-08-30 09:42:53] [    INFO] 【TBM】项目【test】环境- UI自动化开始执行 (conftest.py:17)
[2022-08-30 09:42:53] [    INFO] 前置条件：传音统一登录开始 (conftest.py:21)
[2022-08-30 09:42:58] [    INFO] 打开网页：http://bom-sit.transsion.com/#/process/home-page (basics.py:63)
[2022-08-30 09:42:58] [    INFO] 查找元素：('xpath', "//div[@role='button']") (basics.py:106)
[2022-08-30 09:42:58] [    INFO] 点击元素：('xpath', "//div[@role='button']") (basics.py:206)
[2022-08-30 09:43:02] [    INFO] 查找元素：['xpath', "//*[contains(@id,'dropdown-menu-')]//li[1]"] (basics.py:106)
[2022-08-30 09:43:03] [    INFO] 查找元素：('xpath', "//div[@role='button']") (basics.py:106)
[2022-08-30 09:43:03] [    INFO] 点击元素：('xpath', "//div[@role='button']") (basics.py:206)
[2022-08-30 09:43:04] [    INFO] 查找元素：('id', 'tab-account') (basics.py:106)
[2022-08-30 09:43:04] [    INFO] 点击元素：('id', 'tab-account') (basics.py:206)
[2022-08-30 09:43:05] [    INFO] 查找元素：('xpath', "//*[@id='pane-account']/form/div[1]/div/div[1]/input") (basics.py:106)
[2022-08-30 09:43:05] [    INFO] 输入文本：18645960 (basics.py:137)
[2022-08-30 09:43:07] [    INFO] 查找元素：('xpath', "//*[@id='pane-account']/form/div[2]/div/div[1]/input") (basics.py:106)
[2022-08-30 09:43:07] [    INFO] 输入文本：xLily6x (basics.py:137)
[2022-08-30 09:43:08] [    INFO] 查找元素：('xpath', "//span[text()='我已阅读并接受']/../label/span/span") (basics.py:106)
[2022-08-30 09:43:08] [    INFO] 获取状态：False (basics.py:330)
[2022-08-30 09:43:08] [    INFO] 查找元素：('xpath', "//span[text()='我已阅读并接受']/../label/span/span") (basics.py:106)
[2022-08-30 09:43:08] [    INFO] 点击元素：('xpath', "//span[text()='我已阅读并接受']/../label/span/span") (basics.py:206)
[2022-08-30 09:43:08] [    INFO] 查找元素：('xpath', "//*[@id='pane-account']/form/button") (basics.py:106)
[2022-08-30 09:43:08] [    INFO] 点击元素：('xpath', "//*[@id='pane-account']/form/button") (basics.py:206)
[2022-08-30 09:43:15] [   ERROR] 正在截图... (basics.py:449)
[2022-08-30 09:43:15] [   ERROR] 日志正在附加截图... (basics.py:456)
[2022-08-30 09:43:15] [   ERROR] 日志附加截图成功 (basics.py:460)
[2022-08-30 09:43:15] [    INFO] 断言成功：页面存在该标识首页 | 关键字:首页 (assert_ui.py:167)
[2022-08-30 09:43:15] [    INFO] 前置条件：传音统一登录成功 (conftest.py:25)
[2022-08-30 09:43:15] [    INFO] 查找元素：['xpath', "//span[@class='meta-title' and contains(text(),'待办列表')]"] (basics.py:102)
[2022-08-30 09:43:16] [    INFO] 点击元素：('xpath', "//span[@class='meta-title' and contains(text(),'待办列表')]")待办列表 (basics.py:565)
[2022-08-30 09:43:16] [    INFO] 点击待办列表：待办列表 (BOM.py:118)
[2022-08-30 09:43:16] [    INFO] 查找元素：['xpath', "//div[@class='menu-wrapper nest-menu']//span[contains(text(),'我申请的')]"] (basics.py:102)
[2022-08-30 09:43:16] [    INFO] 点击元素：('xpath', "//div[@class='menu-wrapper nest-menu']//span[contains(text(),'我申请的')]")我申请的 (basics.py:565)
[2022-08-30 09:43:16] [    INFO] 点击我申请的：我申请的 (BOM.py:120)
[2022-08-30 09:43:24] [    INFO] 刷新页面 (basics.py:337)
[2022-08-30 09:43:24] [    INFO] 查找元素：('xpath', '//iframe') (basics.py:106)
[2022-08-30 09:43:24] [    INFO] 查找元素：('xpath', "//div[contains(text(),'ZBOM20220830011121444746') and @class='row-code']/../../../..//span[text()='查看详情']") (basics.py:106)
[2022-08-30 09:43:27] [    INFO] 点击元素：('xpath', "//div[contains(text(),'ZBOM20220830011121444746') and @class='row-code']/../../../..//span[text()='查看详情']")None (basics.py:565)
[2022-08-30 09:43:27] [    INFO] 查找元素：('xpath', '//iframe') (basics.py:106)
[2022-08-30 09:43:27] [    INFO] 查找元素：('xpath', "//button//span[text()='撤回']") (basics.py:106)
[2022-08-30 09:43:29] [    INFO] 查找元素：('xpath', "//button//span[text()='撤回']") (basics.py:106)
[2022-08-30 09:46:44] [    INFO] 【TBM】项目【test】环境- UI自动化开始执行 (conftest.py:17)
[2022-08-30 09:46:44] [    INFO] 前置条件：传音统一登录开始 (conftest.py:21)
[2022-08-30 09:46:50] [    INFO] 打开网页：http://bom-sit.transsion.com/#/process/home-page (basics.py:63)
[2022-08-30 09:46:50] [    INFO] 查找元素：('xpath', "//div[@role='button']") (basics.py:106)
[2022-08-30 09:46:50] [    INFO] 点击元素：('xpath', "//div[@role='button']") (basics.py:206)
[2022-08-30 09:46:54] [    INFO] 查找元素：['xpath', "//*[contains(@id,'dropdown-menu-')]//li[1]"] (basics.py:106)
[2022-08-30 09:46:55] [    INFO] 查找元素：('xpath', "//div[@role='button']") (basics.py:106)
[2022-08-30 09:46:55] [    INFO] 点击元素：('xpath', "//div[@role='button']") (basics.py:206)
[2022-08-30 09:46:56] [    INFO] 查找元素：('id', 'tab-account') (basics.py:106)
[2022-08-30 09:46:56] [    INFO] 点击元素：('id', 'tab-account') (basics.py:206)
[2022-08-30 09:46:57] [    INFO] 查找元素：('xpath', "//*[@id='pane-account']/form/div[1]/div/div[1]/input") (basics.py:106)
[2022-08-30 09:46:57] [    INFO] 输入文本：18645960 (basics.py:137)
[2022-08-30 09:46:59] [    INFO] 查找元素：('xpath', "//*[@id='pane-account']/form/div[2]/div/div[1]/input") (basics.py:106)
[2022-08-30 09:46:59] [    INFO] 输入文本：xLily6x (basics.py:137)
[2022-08-30 09:47:00] [    INFO] 查找元素：('xpath', "//span[text()='我已阅读并接受']/../label/span/span") (basics.py:106)
[2022-08-30 09:47:00] [    INFO] 获取状态：False (basics.py:330)
[2022-08-30 09:47:00] [    INFO] 查找元素：('xpath', "//span[text()='我已阅读并接受']/../label/span/span") (basics.py:106)
[2022-08-30 09:47:00] [    INFO] 点击元素：('xpath', "//span[text()='我已阅读并接受']/../label/span/span") (basics.py:206)
[2022-08-30 09:47:01] [    INFO] 查找元素：('xpath', "//*[@id='pane-account']/form/button") (basics.py:106)
[2022-08-30 09:47:01] [    INFO] 点击元素：('xpath', "//*[@id='pane-account']/form/button") (basics.py:206)
[2022-08-30 09:47:07] [   ERROR] 正在截图... (basics.py:449)
[2022-08-30 09:47:07] [   ERROR] 日志正在附加截图... (basics.py:456)
[2022-08-30 09:47:07] [   ERROR] 日志附加截图成功 (basics.py:460)
[2022-08-30 09:47:07] [    INFO] 断言成功：页面存在该标识首页 | 关键字:首页 (assert_ui.py:167)
[2022-08-30 09:47:07] [    INFO] 前置条件：传音统一登录成功 (conftest.py:25)
[2022-08-30 09:47:07] [    INFO] 查找元素：['xpath', "//span[@class='meta-title' and contains(text(),'待办列表')]"] (basics.py:102)
[2022-08-30 09:47:08] [    INFO] 点击元素：('xpath', "//span[@class='meta-title' and contains(text(),'待办列表')]")待办列表 (basics.py:565)
[2022-08-30 09:47:08] [    INFO] 点击待办列表：待办列表 (BOM.py:127)
[2022-08-30 09:47:08] [    INFO] 查找元素：['xpath', "//div[@class='menu-wrapper nest-menu']//span[contains(text(),'我申请的')]"] (basics.py:102)
[2022-08-30 09:47:18] [    INFO] 点击元素：('xpath', "//div[@class='menu-wrapper nest-menu']//span[contains(text(),'我申请的')]")我申请的 (basics.py:565)
[2022-08-30 09:47:18] [    INFO] 点击我申请的：我申请的 (BOM.py:129)
[2022-08-30 09:47:26] [    INFO] 刷新页面 (basics.py:337)
[2022-08-30 09:47:26] [    INFO] 查找元素：('xpath', '//iframe') (basics.py:106)
[2022-08-30 09:47:26] [    INFO] 查找元素：('xpath', "//div[contains(text(),'ZBOM20220830011121444746') and @class='row-code']/../../../..//span[text()='查看详情']") (basics.py:106)
[2022-08-30 09:47:29] [    INFO] 点击元素：('xpath', "//div[contains(text(),'ZBOM20220830011121444746') and @class='row-code']/../../../..//span[text()='查看详情']")None (basics.py:565)
[2022-08-30 09:47:29] [    INFO] 查找元素：('xpath', '//iframe') (basics.py:106)
[2022-08-30 09:47:29] [    INFO] 查找元素：('xpath', "//button//span[text()='撤回']") (basics.py:106)
[2022-08-30 09:47:31] [    INFO] 查找元素：('xpath', "//button//span[text()='撤回']") (basics.py:106)
[2022-08-30 09:51:20] [    INFO] 【TBM】项目【test】环境- UI自动化开始执行 (conftest.py:17)
[2022-08-30 09:51:20] [    INFO] 前置条件：传音统一登录开始 (conftest.py:21)
[2022-08-30 09:51:24] [    INFO] 打开网页：http://bom-sit.transsion.com/#/process/home-page (basics.py:63)
[2022-08-30 09:51:24] [    INFO] 查找元素：('xpath', "//div[@role='button']") (basics.py:106)
[2022-08-30 09:51:24] [    INFO] 点击元素：('xpath', "//div[@role='button']") (basics.py:206)
[2022-08-30 09:51:28] [    INFO] 查找元素：['xpath', "//*[contains(@id,'dropdown-menu-')]//li[1]"] (basics.py:106)
[2022-08-30 09:51:29] [    INFO] 查找元素：('xpath', "//div[@role='button']") (basics.py:106)
[2022-08-30 09:51:29] [    INFO] 点击元素：('xpath', "//div[@role='button']") (basics.py:206)
[2022-08-30 09:51:30] [    INFO] 查找元素：('id', 'tab-account') (basics.py:106)
[2022-08-30 09:51:30] [    INFO] 点击元素：('id', 'tab-account') (basics.py:206)
[2022-08-30 09:51:31] [    INFO] 查找元素：('xpath', "//*[@id='pane-account']/form/div[1]/div/div[1]/input") (basics.py:106)
[2022-08-30 09:51:31] [    INFO] 输入文本：18645960 (basics.py:137)
[2022-08-30 09:51:33] [    INFO] 查找元素：('xpath', "//*[@id='pane-account']/form/div[2]/div/div[1]/input") (basics.py:106)
[2022-08-30 09:51:33] [    INFO] 输入文本：xLily6x (basics.py:137)
[2022-08-30 09:51:34] [    INFO] 查找元素：('xpath', "//span[text()='我已阅读并接受']/../label/span/span") (basics.py:106)
[2022-08-30 09:51:34] [    INFO] 获取状态：False (basics.py:330)
[2022-08-30 09:51:34] [    INFO] 查找元素：('xpath', "//span[text()='我已阅读并接受']/../label/span/span") (basics.py:106)
[2022-08-30 09:51:34] [    INFO] 点击元素：('xpath', "//span[text()='我已阅读并接受']/../label/span/span") (basics.py:206)
[2022-08-30 09:51:34] [    INFO] 查找元素：('xpath', "//*[@id='pane-account']/form/button") (basics.py:106)
[2022-08-30 09:51:34] [    INFO] 点击元素：('xpath', "//*[@id='pane-account']/form/button") (basics.py:206)
[2022-08-30 09:51:41] [   ERROR] 正在截图... (basics.py:449)
[2022-08-30 09:51:41] [   ERROR] 日志正在附加截图... (basics.py:456)
[2022-08-30 09:51:41] [   ERROR] 日志附加截图成功 (basics.py:460)
[2022-08-30 09:51:41] [    INFO] 断言成功：页面存在该标识首页 | 关键字:首页 (assert_ui.py:167)
[2022-08-30 09:51:41] [    INFO] 前置条件：传音统一登录成功 (conftest.py:25)
[2022-08-30 09:51:41] [    INFO] 查找元素：('xpath', "//span[@class='meta-title' and contains(text(),'待办列表')]") (basics.py:106)
[2022-08-30 09:51:42] [    INFO] 点击元素：('xpath', "//span[@class='meta-title' and contains(text(),'待办列表')]")None (basics.py:565)
[2022-08-30 09:51:42] [    INFO] 查找元素：('xpath', "//div[@class='menu-wrapper nest-menu']//span[contains(text(),'我申请的')]") (basics.py:106)
[2022-08-30 09:51:52] [    INFO] 点击元素：('xpath', "//div[@class='menu-wrapper nest-menu']//span[contains(text(),'我申请的')]")None (basics.py:565)
[2022-08-30 09:51:56] [    INFO] 刷新页面 (basics.py:337)
[2022-08-30 09:51:56] [    INFO] 查找元素：('xpath', '//iframe') (basics.py:106)
[2022-08-30 09:51:56] [    INFO] 查找元素：('xpath', "//div[contains(text(),'ZBOM20220830011121444746') and @class='row-code']/../../../..//span[text()='查看详情']") (basics.py:106)
[2022-08-30 09:52:27] [    INFO] 查找元素：('xpath', "//div[contains(text(),'ZBOM20220830011121444746') and @class='row-code']/../../../..//span[text()='查看详情']") (basics.py:106)
[2022-08-30 09:54:33] [    INFO] 【TBM】项目【test】环境- UI自动化开始执行 (conftest.py:17)
[2022-08-30 09:54:33] [    INFO] 前置条件：传音统一登录开始 (conftest.py:21)
[2022-08-30 09:54:38] [    INFO] 打开网页：http://bom-sit.transsion.com/#/process/home-page (basics.py:63)
[2022-08-30 09:54:38] [    INFO] 查找元素：('xpath', "//div[@role='button']") (basics.py:106)
[2022-08-30 09:54:38] [    INFO] 点击元素：('xpath', "//div[@role='button']") (basics.py:206)
[2022-08-30 09:54:43] [    INFO] 查找元素：['xpath', "//*[contains(@id,'dropdown-menu-')]//li[1]"] (basics.py:106)
[2022-08-30 09:54:44] [    INFO] 查找元素：('xpath', "//div[@role='button']") (basics.py:106)
[2022-08-30 09:54:44] [    INFO] 点击元素：('xpath', "//div[@role='button']") (basics.py:206)
[2022-08-30 09:54:44] [    INFO] 查找元素：('id', 'tab-account') (basics.py:106)
[2022-08-30 09:54:44] [    INFO] 点击元素：('id', 'tab-account') (basics.py:206)
[2022-08-30 09:54:45] [    INFO] 查找元素：('xpath', "//*[@id='pane-account']/form/div[1]/div/div[1]/input") (basics.py:106)
[2022-08-30 09:54:45] [    INFO] 输入文本：18645960 (basics.py:137)
[2022-08-30 09:54:47] [    INFO] 查找元素：('xpath', "//*[@id='pane-account']/form/div[2]/div/div[1]/input") (basics.py:106)
[2022-08-30 09:54:47] [    INFO] 输入文本：xLily6x (basics.py:137)
[2022-08-30 09:54:48] [    INFO] 查找元素：('xpath', "//span[text()='我已阅读并接受']/../label/span/span") (basics.py:106)
[2022-08-30 09:54:48] [    INFO] 获取状态：False (basics.py:330)
[2022-08-30 09:54:48] [    INFO] 查找元素：('xpath', "//span[text()='我已阅读并接受']/../label/span/span") (basics.py:106)
[2022-08-30 09:54:48] [    INFO] 点击元素：('xpath', "//span[text()='我已阅读并接受']/../label/span/span") (basics.py:206)
[2022-08-30 09:54:49] [    INFO] 查找元素：('xpath', "//*[@id='pane-account']/form/button") (basics.py:106)
[2022-08-30 09:54:49] [    INFO] 点击元素：('xpath', "//*[@id='pane-account']/form/button") (basics.py:206)
[2022-08-30 09:54:55] [   ERROR] 正在截图... (basics.py:449)
[2022-08-30 09:54:55] [   ERROR] 日志正在附加截图... (basics.py:456)
[2022-08-30 09:54:55] [   ERROR] 日志附加截图成功 (basics.py:460)
[2022-08-30 09:54:55] [    INFO] 断言成功：页面存在该标识首页 | 关键字:首页 (assert_ui.py:167)
[2022-08-30 09:54:55] [    INFO] 前置条件：传音统一登录成功 (conftest.py:25)
[2022-08-30 09:54:55] [    INFO] 查找元素：('xpath', "//span[@class='meta-title' and contains(text(),'待办列表')]") (basics.py:106)
[2022-08-30 09:54:56] [    INFO] 点击元素：('xpath', "//span[@class='meta-title' and contains(text(),'待办列表')]")None (basics.py:565)
[2022-08-30 09:54:56] [    INFO] 查找元素：('xpath', "//div[@class='menu-wrapper nest-menu']//span[contains(text(),'我申请的')]") (basics.py:106)
[2022-08-30 09:54:57] [    INFO] 点击元素：('xpath', "//div[@class='menu-wrapper nest-menu']//span[contains(text(),'我申请的')]")None (basics.py:565)
[2022-08-30 09:54:59] [    INFO] 刷新页面 (basics.py:337)
[2022-08-30 09:54:59] [    INFO] 查找元素：('xpath', '//iframe') (basics.py:106)
[2022-08-30 09:55:01] [    INFO] 查找元素：('xpath', "//div[contains(text(),'ZBOM20220830011121444746') and @class='row-code']/../../../..//span[text()='查看详情']") (basics.py:106)
[2022-08-30 09:55:26] [    INFO] 查找元素：('xpath', "//div[contains(text(),'ZBOM20220830011121444746') and @class='row-code']/../../../..//span[text()='查看详情']") (basics.py:106)
[2022-08-30 09:56:15] [ WARNING] Retrying (Retry(total=2, connect=None, read=None, redirect=None, status=None)) after connection broken by 'NewConnectionError('<urllib3.connection.HTTPConnection object at 0x0000018E100F6C50>: Failed to establish a new connection: [WinError 10061] 由于目标计算机积极拒绝，无法连接。')': /session/da015ba2ffc80b543819d6d986ad4793 (connectionpool.py:810)
[2022-08-30 09:56:19] [ WARNING] Retrying (Retry(total=1, connect=None, read=None, redirect=None, status=None)) after connection broken by 'NewConnectionError('<urllib3.connection.HTTPConnection object at 0x0000018E293BD8A0>: Failed to establish a new connection: [WinError 10061] 由于目标计算机积极拒绝，无法连接。')': /session/da015ba2ffc80b543819d6d986ad4793 (connectionpool.py:810)
[2022-08-30 09:56:23] [ WARNING] Retrying (Retry(total=0, connect=None, read=None, redirect=None, status=None)) after connection broken by 'NewConnectionError('<urllib3.connection.HTTPConnection object at 0x0000018E293BD030>: Failed to establish a new connection: [WinError 10061] 由于目标计算机积极拒绝，无法连接。')': /session/da015ba2ffc80b543819d6d986ad4793 (connectionpool.py:810)
[2022-08-30 09:56:36] [    INFO] 【TBM】项目【test】环境- UI自动化开始执行 (conftest.py:17)
[2022-08-30 09:56:36] [    INFO] 前置条件：传音统一登录开始 (conftest.py:21)
[2022-08-30 09:56:42] [    INFO] 打开网页：http://bom-sit.transsion.com/#/process/home-page (basics.py:63)
[2022-08-30 09:56:42] [    INFO] 查找元素：('xpath', "//div[@role='button']") (basics.py:106)
[2022-08-30 09:56:43] [    INFO] 点击元素：('xpath', "//div[@role='button']") (basics.py:206)
[2022-08-30 09:56:47] [    INFO] 查找元素：['xpath', "//*[contains(@id,'dropdown-menu-')]//li[1]"] (basics.py:106)
[2022-08-30 09:56:48] [    INFO] 查找元素：('xpath', "//div[@role='button']") (basics.py:106)
[2022-08-30 09:56:48] [    INFO] 点击元素：('xpath', "//div[@role='button']") (basics.py:206)
[2022-08-30 09:56:49] [    INFO] 查找元素：('id', 'tab-account') (basics.py:106)
[2022-08-30 09:56:49] [    INFO] 点击元素：('id', 'tab-account') (basics.py:206)
[2022-08-30 09:56:50] [    INFO] 查找元素：('xpath', "//*[@id='pane-account']/form/div[1]/div/div[1]/input") (basics.py:106)
[2022-08-30 09:56:50] [    INFO] 输入文本：18645960 (basics.py:137)
[2022-08-30 09:56:51] [    INFO] 查找元素：('xpath', "//*[@id='pane-account']/form/div[2]/div/div[1]/input") (basics.py:106)
[2022-08-30 09:56:51] [    INFO] 输入文本：xLily6x (basics.py:137)
[2022-08-30 09:56:52] [    INFO] 查找元素：('xpath', "//span[text()='我已阅读并接受']/../label/span/span") (basics.py:106)
[2022-08-30 09:56:53] [    INFO] 获取状态：False (basics.py:330)
[2022-08-30 09:56:53] [    INFO] 查找元素：('xpath', "//span[text()='我已阅读并接受']/../label/span/span") (basics.py:106)
[2022-08-30 09:56:53] [    INFO] 点击元素：('xpath', "//span[text()='我已阅读并接受']/../label/span/span") (basics.py:206)
[2022-08-30 09:56:53] [    INFO] 查找元素：('xpath', "//*[@id='pane-account']/form/button") (basics.py:106)
[2022-08-30 09:56:53] [    INFO] 点击元素：('xpath', "//*[@id='pane-account']/form/button") (basics.py:206)
[2022-08-30 09:57:00] [   ERROR] 正在截图... (basics.py:449)
[2022-08-30 09:57:00] [   ERROR] 日志正在附加截图... (basics.py:456)
[2022-08-30 09:57:00] [   ERROR] 日志附加截图成功 (basics.py:460)
[2022-08-30 09:57:00] [    INFO] 断言成功：页面存在该标识首页 | 关键字:首页 (assert_ui.py:167)
[2022-08-30 09:57:00] [    INFO] 前置条件：传音统一登录成功 (conftest.py:25)
[2022-08-30 09:57:00] [    INFO] 查找元素：('xpath', "//span[@class='meta-title' and contains(text(),'待办列表')]") (basics.py:106)
[2022-08-30 09:57:00] [    INFO] 点击元素：('xpath', "//span[@class='meta-title' and contains(text(),'待办列表')]")None (basics.py:565)
[2022-08-30 09:57:00] [    INFO] 查找元素：('xpath', "//div[@class='menu-wrapper nest-menu']//span[contains(text(),'我申请的')]") (basics.py:106)
[2022-08-30 09:57:01] [    INFO] 点击元素：('xpath', "//div[@class='menu-wrapper nest-menu']//span[contains(text(),'我申请的')]")None (basics.py:565)
[2022-08-30 09:57:05] [    INFO] 刷新页面 (basics.py:337)
[2022-08-30 09:57:05] [    INFO] 查找元素：('xpath', '//iframe') (basics.py:106)
[2022-08-30 09:57:05] [    INFO] 查找元素：('xpath', "//div[contains(text(),'ZBOM20220830011121444746') and @class='row-code']/../../../..//span[text()='查看详情']") (basics.py:106)
[2022-08-30 09:57:32] [    INFO] 查找元素：('xpath', "//div[contains(text(),'ZBOM20220830011121444746') and @class='row-code']/../../../..//span[text()='查看详情']") (basics.py:106)
[2022-08-30 09:58:16] [    INFO] 【TBM】项目【test】环境- UI自动化开始执行 (conftest.py:17)
[2022-08-30 09:58:16] [    INFO] 前置条件：传音统一登录开始 (conftest.py:21)
[2022-08-30 09:58:20] [    INFO] 打开网页：http://bom-sit.transsion.com/#/process/home-page (basics.py:63)
[2022-08-30 09:58:20] [    INFO] 查找元素：('xpath', "//div[@role='button']") (basics.py:106)
[2022-08-30 09:58:20] [    INFO] 点击元素：('xpath', "//div[@role='button']") (basics.py:206)
[2022-08-30 09:58:25] [    INFO] 查找元素：['xpath', "//*[contains(@id,'dropdown-menu-')]//li[1]"] (basics.py:106)
[2022-08-30 09:58:26] [    INFO] 查找元素：('xpath', "//div[@role='button']") (basics.py:106)
[2022-08-30 09:58:26] [    INFO] 点击元素：('xpath', "//div[@role='button']") (basics.py:206)
[2022-08-30 09:58:27] [    INFO] 查找元素：('id', 'tab-account') (basics.py:106)
[2022-08-30 09:58:27] [    INFO] 点击元素：('id', 'tab-account') (basics.py:206)
[2022-08-30 09:58:28] [    INFO] 查找元素：('xpath', "//*[@id='pane-account']/form/div[1]/div/div[1]/input") (basics.py:106)
[2022-08-30 09:58:28] [    INFO] 输入文本：18645960 (basics.py:137)
[2022-08-30 09:58:29] [    INFO] 查找元素：('xpath', "//*[@id='pane-account']/form/div[2]/div/div[1]/input") (basics.py:106)
[2022-08-30 09:58:29] [    INFO] 输入文本：xLily6x (basics.py:137)
[2022-08-30 09:58:30] [    INFO] 查找元素：('xpath', "//span[text()='我已阅读并接受']/../label/span/span") (basics.py:106)
[2022-08-30 09:58:30] [    INFO] 获取状态：False (basics.py:330)
[2022-08-30 09:58:30] [    INFO] 查找元素：('xpath', "//span[text()='我已阅读并接受']/../label/span/span") (basics.py:106)
[2022-08-30 09:58:31] [    INFO] 点击元素：('xpath', "//span[text()='我已阅读并接受']/../label/span/span") (basics.py:206)
[2022-08-30 09:58:31] [    INFO] 查找元素：('xpath', "//*[@id='pane-account']/form/button") (basics.py:106)
[2022-08-30 09:58:31] [    INFO] 点击元素：('xpath', "//*[@id='pane-account']/form/button") (basics.py:206)
[2022-08-30 09:58:38] [   ERROR] 正在截图... (basics.py:449)
[2022-08-30 09:58:38] [   ERROR] 日志正在附加截图... (basics.py:456)
[2022-08-30 09:58:38] [   ERROR] 日志附加截图成功 (basics.py:460)
[2022-08-30 09:58:38] [    INFO] 断言成功：页面存在该标识首页 | 关键字:首页 (assert_ui.py:167)
[2022-08-30 09:58:38] [    INFO] 前置条件：传音统一登录成功 (conftest.py:25)
[2022-08-30 09:58:38] [    INFO] 查找元素：('xpath', "//span[@class='meta-title' and contains(text(),'待办列表')]") (basics.py:106)
[2022-08-30 09:58:38] [    INFO] 点击元素：('xpath', "//span[@class='meta-title' and contains(text(),'待办列表')]")None (basics.py:565)
[2022-08-30 09:58:38] [    INFO] 查找元素：('xpath', "//div[@class='menu-wrapper nest-menu']//span[contains(text(),'我申请的')]") (basics.py:106)
[2022-08-30 09:58:39] [    INFO] 点击元素：('xpath', "//div[@class='menu-wrapper nest-menu']//span[contains(text(),'我申请的')]")None (basics.py:565)
[2022-08-30 09:58:39] [    INFO] 查找元素：('xpath', '//iframe') (basics.py:106)
[2022-08-30 09:58:39] [    INFO] 查找元素：('xpath', "//div[contains(text(),'ZBOM20220830011121444746') and @class='row-code']/../../../..//span[text()='查看详情']") (basics.py:106)
[2022-08-30 09:59:00] [    INFO] 查找元素：('xpath', "//div[contains(text(),'ZBOM20220830011121444746') and @class='row-code']/../../../..//span[text()='查看详情']") (basics.py:106)
[2022-08-30 09:59:38] [    INFO] 【TBM】项目【test】环境- UI自动化开始执行 (conftest.py:17)
[2022-08-30 09:59:38] [    INFO] 前置条件：传音统一登录开始 (conftest.py:21)
[2022-08-30 09:59:44] [    INFO] 打开网页：http://bom-sit.transsion.com/#/process/home-page (basics.py:63)
[2022-08-30 09:59:44] [    INFO] 查找元素：('xpath', "//div[@role='button']") (basics.py:106)
[2022-08-30 09:59:44] [    INFO] 点击元素：('xpath', "//div[@role='button']") (basics.py:206)
[2022-08-30 09:59:49] [    INFO] 查找元素：['xpath', "//*[contains(@id,'dropdown-menu-')]//li[1]"] (basics.py:106)
[2022-08-30 09:59:50] [    INFO] 查找元素：('xpath', "//div[@role='button']") (basics.py:106)
[2022-08-30 09:59:50] [    INFO] 点击元素：('xpath', "//div[@role='button']") (basics.py:206)
[2022-08-30 09:59:50] [    INFO] 查找元素：('id', 'tab-account') (basics.py:106)
[2022-08-30 09:59:50] [    INFO] 点击元素：('id', 'tab-account') (basics.py:206)
[2022-08-30 09:59:51] [    INFO] 查找元素：('xpath', "//*[@id='pane-account']/form/div[1]/div/div[1]/input") (basics.py:106)
[2022-08-30 09:59:51] [    INFO] 输入文本：18645960 (basics.py:137)
[2022-08-30 09:59:53] [    INFO] 查找元素：('xpath', "//*[@id='pane-account']/form/div[2]/div/div[1]/input") (basics.py:106)
[2022-08-30 09:59:53] [    INFO] 输入文本：xLily6x (basics.py:137)
[2022-08-30 09:59:54] [    INFO] 查找元素：('xpath', "//span[text()='我已阅读并接受']/../label/span/span") (basics.py:106)
[2022-08-30 09:59:54] [    INFO] 获取状态：False (basics.py:330)
[2022-08-30 09:59:54] [    INFO] 查找元素：('xpath', "//span[text()='我已阅读并接受']/../label/span/span") (basics.py:106)
[2022-08-30 09:59:54] [    INFO] 点击元素：('xpath', "//span[text()='我已阅读并接受']/../label/span/span") (basics.py:206)
[2022-08-30 09:59:55] [    INFO] 查找元素：('xpath', "//*[@id='pane-account']/form/button") (basics.py:106)
[2022-08-30 09:59:55] [    INFO] 点击元素：('xpath', "//*[@id='pane-account']/form/button") (basics.py:206)
[2022-08-30 10:00:01] [   ERROR] 正在截图... (basics.py:449)
[2022-08-30 10:00:01] [   ERROR] 日志正在附加截图... (basics.py:456)
[2022-08-30 10:00:01] [   ERROR] 日志附加截图成功 (basics.py:460)
[2022-08-30 10:00:02] [    INFO] 断言成功：页面存在该标识首页 | 关键字:首页 (assert_ui.py:167)
[2022-08-30 10:00:02] [    INFO] 前置条件：传音统一登录成功 (conftest.py:25)
[2022-08-30 10:00:02] [    INFO] 查找元素：('xpath', "//span[@class='meta-title' and contains(text(),'待办列表')]") (basics.py:106)
[2022-08-30 10:00:02] [    INFO] 点击元素：('xpath', "//span[@class='meta-title' and contains(text(),'待办列表')]")None (basics.py:565)
[2022-08-30 10:00:02] [    INFO] 查找元素：('xpath', "//div[@class='menu-wrapper nest-menu']//span[contains(text(),'我申请的')]") (basics.py:106)
[2022-08-30 10:00:03] [    INFO] 点击元素：('xpath', "//div[@class='menu-wrapper nest-menu']//span[contains(text(),'我申请的')]")None (basics.py:565)
[2022-08-30 10:00:06] [    INFO] 刷新页面 (basics.py:337)
[2022-08-30 10:00:06] [    INFO] 查找元素：('xpath', '//iframe') (basics.py:106)
[2022-08-30 10:00:06] [    INFO] 查找元素：('xpath', "//div[contains(text(),'ZBOM20220830011121444746') and @class='row-code']/../../../..//span[text()='查看详情']") (basics.py:106)
[2022-08-30 10:00:36] [    INFO] 查找元素：('xpath', "//div[contains(text(),'ZBOM20220830011121444746') and @class='row-code']/../../../..//span[text()='查看详情']") (basics.py:106)
