[2022-08-26 15:22:00] [    INFO] 【SRM】项目【test】环境- UI自动化开始执行 (conftest.py:17)
[2022-08-26 15:22:00] [    INFO] 前置条件：传音统一登录开始 (conftest.py:22)
[2022-08-26 15:22:02] [    INFO] 打开网页：http://sitsrm.transsion.com/ELSServer_CY/login/login.html (basics.py:63)
[2022-08-26 15:22:02] [    INFO] 查找元素：('xpath', '//input[@id="elsAccount"]') (basics.py:106)
[2022-08-26 15:22:02] [    INFO] 输入文本：860000 (basics.py:137)
[2022-08-26 15:22:03] [    INFO] 查找元素：('xpath', '//input[@id="elsSubAccount"]') (basics.py:106)
[2022-08-26 15:22:03] [    INFO] 输入文本：1001 (basics.py:137)
[2022-08-26 15:22:03] [    INFO] 查找元素：('xpath', '//input[@type="password"]') (basics.py:106)
[2022-08-26 15:22:04] [    INFO] 输入文本：1qaz@WSX (basics.py:137)
[2022-08-26 15:22:04] [    INFO] 查找元素：('xpath', '//input[@id="identifyCode"]') (basics.py:106)
[2022-08-26 15:22:04] [    INFO] 点击元素：('xpath', '//input[@id="identifyCode"]') (basics.py:190)
[2022-08-26 15:22:07] [    INFO] 查找元素：('xpath', '//img[@id="code"]') (basics.py:106)
[2022-08-26 15:22:08] [    INFO] 查找元素：('xpath', '//input[@id="identifyCode"]') (basics.py:106)
[2022-08-26 15:22:08] [    INFO] 输入文本：5200 (basics.py:137)
[2022-08-26 15:22:08] [    INFO] 查找元素：('xpath', '//button[@id="submit_btn"]') (basics.py:106)
[2022-08-26 15:22:08] [    INFO] 点击元素：('xpath', '//button[@id="submit_btn"]') (basics.py:190)
[2022-08-26 15:22:10] [    INFO] 断言成功：URL为预期一致 | URL: http://sitsrm.transsion.com/ELSServer_CY/default.jsp?account=860000_1001 (assert_ui.py:188)
[2022-08-26 15:22:10] [    INFO] 前置条件：传音统一登录成功 (conftest.py:32)
[2022-08-26 15:22:10] [    INFO] 查找元素：('xpath', '//div[@id="supplierPerformanceAppraisal"]') (basics.py:106)
[2022-08-26 15:22:10] [    INFO] 点击元素：('xpath', '//div[@id="supplierPerformanceAppraisal"]') (basics.py:190)
[2022-08-26 15:22:10] [    INFO] 查找元素：('xpath', '//div[@class="winTitle"]/span[text()="供应商绩效考核 "]') (basics.py:106)
[2022-08-26 15:22:10] [    INFO] 查找元素：('xpath', '//iframe[@class="iframeApp"]') (basics.py:106)
[2022-08-26 15:22:11] [    INFO] 查找元素：('xpath', '//a[@data-name="evaluateSupplyCategoryConfigurationManager"]//span') (basics.py:106)
[2022-08-26 15:22:12] [    INFO] 点击元素：('xpath', '//a[@data-name="evaluateSupplyCategoryConfigurationManager"]//span') (basics.py:190)
[2022-08-26 15:22:12] [    INFO] 查找元素：('xpath', '//a[@title=" 评估代码供货品类配置"]/span') (basics.py:106)
[2022-08-26 15:22:12] [    INFO] 查找元素：('xpath', '//iframe[@id="tab-iframe-evaluateSupplyCategoryConfigurationManager"]') (basics.py:106)
[2022-08-26 15:22:12] [    INFO] 查找元素：('xpath', '//li[@id="create"]/a') (basics.py:106)
[2022-08-26 15:22:13] [    INFO] 点击元素：('xpath', '//li[@id="create"]/a') (basics.py:190)
[2022-08-26 15:22:13] [    INFO] 查找元素：('xpath', '//span[text()="新增供货品类配置"]') (basics.py:106)
[2022-08-26 15:22:13] [    INFO] 查找元素：('xpath', '//div[@id="btnAddClose"]') (basics.py:106)
[2022-08-26 15:22:13] [    INFO] 点击元素：('xpath', '//div[@id="btnAddClose"]') (basics.py:190)
[2022-08-26 15:22:14] [    INFO] 查找元素：('xpath', '//li[@id="create"]/a') (basics.py:106)
[2022-08-26 15:22:14] [    INFO] 点击元素：('xpath', '//li[@id="create"]/a') (basics.py:190)
[2022-08-26 15:22:14] [    INFO] 查找元素：('xpath', '//button[@id="btnAddCancel"]') (basics.py:106)
[2022-08-26 15:22:14] [    INFO] 点击元素：('xpath', '//button[@id="btnAddCancel"]') (basics.py:190)
[2022-08-26 15:22:15] [    INFO] 查找元素：('xpath', '//li[@id="create"]/a') (basics.py:106)
[2022-08-26 15:22:15] [    INFO] 点击元素：('xpath', '//li[@id="create"]/a') (basics.py:190)
[2022-08-26 15:22:16] [    INFO] 查找元素：('xpath', '//div[@title="评估代码"]/input[@class="easyui-textbox"]') (basics.py:106)
[2022-08-26 15:22:16] [    INFO] 输入文本：H0101 (basics.py:137)
[2022-08-26 15:22:16] [    INFO] 查找元素：('xpath', '//img[@id="searchMaterialCateLevel3Name"]') (basics.py:106)
[2022-08-26 15:22:16] [    INFO] 点击元素：('xpath', '//img[@id="searchMaterialCateLevel3Name"]') (basics.py:190)
[2022-08-26 15:22:17] [    INFO] 查找元素：('xpath', '//iframe[@id="iframeApp_supplyCategoryNewSearch"]') (basics.py:106)
[2022-08-26 15:22:17] [    INFO] 查找元素：('xpath', '//*[@id="pq-body-cell-u0-4-0-right"]/input') (basics.py:106)
[2022-08-26 15:22:17] [    INFO] 点击元素：('xpath', '//*[@id="pq-body-cell-u0-4-0-right"]/input') (basics.py:190)
[2022-08-26 15:22:17] [    INFO] 查找元素：('xpath', '//li[@id="confirmBtn"]') (basics.py:106)
[2022-08-26 15:22:17] [    INFO] 点击元素：('xpath', '//li[@id="confirmBtn"]') (basics.py:190)
[2022-08-26 15:22:18] [    INFO] 查找元素：('xpath', '//iframe[@id="tab-iframe-evaluateSupplyCategoryConfigurationManager"]') (basics.py:106)
[2022-08-26 15:22:18] [    INFO] 查找元素：('xpath', '//img[@id="searchScoreLevelRule"]') (basics.py:106)
[2022-08-26 15:22:18] [    INFO] 点击元素：('xpath', '//img[@id="searchScoreLevelRule"]') (basics.py:190)
[2022-08-26 15:22:19] [    INFO] 查找元素：('xpath', '//iframe[@name="iframeApp_searchTemplate"]') (basics.py:106)
[2022-08-26 15:22:19] [    INFO] 查找元素：('xpath', '//span[text()="RU002"]') (basics.py:106)
[2022-08-26 15:22:19] [    INFO] 点击元素：('xpath', '//span[text()="RU002"]') (basics.py:190)
[2022-08-26 15:22:19] [    INFO] 查找元素：('xpath', '//button[@id="btnSelectOK"]') (basics.py:106)
[2022-08-26 15:22:19] [    INFO] 点击元素：('xpath', '//button[@id="btnSelectOK"]') (basics.py:190)
[2022-08-26 15:22:20] [    INFO] 查找元素：('xpath', '//iframe[@id="tab-iframe-evaluateSupplyCategoryConfigurationManager"]') (basics.py:106)
[2022-08-26 15:22:20] [    INFO] 查找元素：('xpath', '//button[@id="btnAddOK"]') (basics.py:106)
[2022-08-26 15:22:20] [    INFO] 点击元素：('xpath', '//button[@id="btnAddOK"]') (basics.py:190)
[2022-08-26 15:22:21] [    INFO] 查找元素：('xpath', '//button[@i-id="ok"]') (basics.py:106)
[2022-08-26 15:22:21] [    INFO] 点击元素：('xpath', '//button[@i-id="ok"]') (basics.py:190)
[2022-08-26 15:22:24] [    INFO] 查找元素：('xpath', '//div[@class="messager-content"]') (basics.py:106)
[2022-08-26 15:22:24] [    INFO] 查找元素：('xpath', '//iframe[@id="tab-iframe-evaluateSupplyCategoryConfigurationManager"]') (basics.py:106)
[2022-08-26 15:22:25] [    INFO] 查找元素：('xpath', '//input[@name="evaluatedCode"]') (basics.py:106)
[2022-08-26 15:22:25] [    INFO] 输入文本：H0101 (basics.py:137)
[2022-08-26 15:22:25] [    INFO] 查找元素：('xpath', '//button[text()=" 查询"]') (basics.py:106)
[2022-08-26 15:22:26] [    INFO] 查找元素：('xpath', '//div[@id="win_supplierPerformanceAppraisal"]//a[@title="最小化"]') (basics.py:106)
[2022-08-26 15:22:27] [    INFO] 点击元素：('xpath', '//div[@id="win_supplierPerformanceAppraisal"]//a[@title="最小化"]') (basics.py:190)
[2022-08-26 15:22:27] [    INFO] 查找元素：('xpath', '//span[@title="审批列表"]') (basics.py:106)
[2022-08-26 15:22:27] [    INFO] 点击元素：('xpath', '//span[@title="审批列表"]') (basics.py:190)
[2022-08-26 15:22:30] [    INFO] 查找元素：('xpath', '//div[@class="winTitle"]/span[text()="审批列表 "]') (basics.py:106)
[2022-08-26 15:22:30] [    INFO] 查找元素：('xpath', '//iframe[@name="iframeApp_auditList"]') (basics.py:106)
[2022-08-26 15:22:30] [    INFO] 查找元素：('xpath', '//input[@name="taskName"]') (basics.py:106)
[2022-08-26 15:22:30] [    INFO] 点击元素：('xpath', '//input[@name="taskName"]') (basics.py:190)
[2022-08-26 15:22:31] [    INFO] 查找元素：('xpath', '//input[@name="taskName"]') (basics.py:106)
[2022-08-26 15:22:31] [    INFO] 输入文本：采购执行主管 (basics.py:137)
[2022-08-26 15:22:31] [    INFO] 查找元素：('xpath', '//button[text()=" 查询"]') (basics.py:106)
[2022-08-26 15:22:31] [    INFO] 点击元素：('xpath', '//button[text()=" 查询"]') (basics.py:190)
[2022-08-26 15:22:31] [    INFO] 查找元素：('xpath', '//input[@name="taskName"]') (basics.py:106)
[2022-08-26 15:22:32] [    INFO] 查找元素：('xpath', '//button[text()=" 查询"]') (basics.py:106)
[2022-08-26 15:22:32] [    INFO] 点击元素：('xpath', '//button[text()=" 查询"]') (basics.py:190)
[2022-08-26 15:22:32] [    INFO] 查找元素：('xpath', '//input[@name="subject"]') (basics.py:106)
[2022-08-26 15:22:32] [    INFO] 点击元素：('xpath', '//input[@name="subject"]') (basics.py:190)
[2022-08-26 15:22:33] [    INFO] 查找元素：('xpath', '//input[@name="subject"]') (basics.py:106)
[2022-08-26 15:22:33] [    INFO] 输入文本：20220628000011 (basics.py:137)
[2022-08-26 15:22:33] [    INFO] 查找元素：('xpath', '//button[text()=" 查询"]') (basics.py:106)
[2022-08-26 15:22:33] [    INFO] 点击元素：('xpath', '//button[text()=" 查询"]') (basics.py:190)
[2022-08-26 15:22:34] [    INFO] 查找元素：('xpath', '//input[@name="subject"]') (basics.py:106)
[2022-08-26 15:22:34] [    INFO] 查找元素：('xpath', '//button[text()=" 查询"]') (basics.py:106)
[2022-08-26 15:22:34] [    INFO] 点击元素：('xpath', '//button[text()=" 查询"]') (basics.py:190)
[2022-08-26 15:22:34] [    INFO] 查找元素：('xpath', '//span[text()="供应商审核报告：20220628000011"]') (basics.py:106)
[2022-08-26 15:22:34] [    INFO] 查找元素：('xpath', '//button[text()=" 更多"]') (basics.py:106)
[2022-08-26 15:22:35] [    INFO] 点击元素：('xpath', '//button[text()=" 更多"]') (basics.py:190)
[2022-08-26 15:22:35] [    INFO] 查找元素：('xpath', '//input[@name="promoterName"]') (basics.py:106)
[2022-08-26 15:22:35] [    INFO] 点击元素：('xpath', '//input[@name="promoterName"]') (basics.py:190)
[2022-08-26 15:22:36] [    INFO] 查找元素：('xpath', '//input[@name="promoterName"]') (basics.py:106)
[2022-08-26 15:22:36] [    INFO] 输入文本：管理员 (basics.py:137)
[2022-08-26 15:22:36] [    INFO] 查找元素：('xpath', '//button[text()=" 查询"]') (basics.py:106)
[2022-08-26 15:22:36] [    INFO] 点击元素：('xpath', '//button[text()=" 查询"]') (basics.py:190)
[2022-08-26 15:22:37] [    INFO] 查找元素：('xpath', '//a[text()=" 审批历史"]') (basics.py:106)
[2022-08-26 15:22:37] [    INFO] 点击元素：('xpath', '//a[text()=" 审批历史"]') (basics.py:190)
[2022-08-26 15:22:38] [    INFO] 查找元素：('xpath', '//div[@class="winTitle"]/span[text()="审批历史 "]') (basics.py:106)
