[2022-07-28 17:07:12] [    INFO] 【SRM】项目【test】环境- UI自动化开始执行 (conftest.py:17)
[2022-07-28 17:07:13] [    INFO] 查找元素：('xpath', '//input[@id="elsAccount"]') (basics.py:107)
[2022-07-28 17:07:13] [    INFO] 输入文本：860000 (basics.py:138)
[2022-07-28 17:07:14] [    INFO] 查找元素：('xpath', '//input[@id="elsSubAccount"]') (basics.py:107)
[2022-07-28 17:07:14] [    INFO] 输入文本：1001 (basics.py:138)
[2022-07-28 17:07:15] [    INFO] 查找元素：('xpath', '//input[@type="password"]') (basics.py:107)
[2022-07-28 17:07:15] [    INFO] 输入文本：1qaz@WSX (basics.py:138)
[2022-07-28 17:07:15] [    INFO] 查找元素：('xpath', '//input[@id="identifyCode"]') (basics.py:107)
[2022-07-28 17:07:15] [    INFO] 点击元素：('xpath', '//input[@id="identifyCode"]') (basics.py:191)
[2022-07-28 17:07:19] [    INFO] 查找元素：('xpath', '//img[@id="code"]') (basics.py:107)
[2022-07-28 17:07:21] [    INFO] 查找元素：('xpath', '//input[@id="identifyCode"]') (basics.py:107)
[2022-07-28 17:07:21] [    INFO] 输入文本：323t (basics.py:138)
[2022-07-28 17:07:21] [    INFO] 查找元素：('xpath', '//button[@id="submit_btn"]') (basics.py:107)
[2022-07-28 17:07:21] [    INFO] 点击元素：('xpath', '//button[@id="submit_btn"]') (basics.py:191)
[2022-07-28 17:07:21] [    INFO] 查找元素：('xpath', '//span[@title="审批列表"]') (basics.py:107)
[2022-07-28 17:08:13] [    INFO] 【SRM】项目【test】环境- UI自动化开始执行 (conftest.py:17)
[2022-07-28 17:08:14] [    INFO] 查找元素：('xpath', '//input[@id="elsAccount"]') (basics.py:107)
[2022-07-28 17:08:14] [    INFO] 输入文本：860000 (basics.py:138)
[2022-07-28 17:08:15] [    INFO] 查找元素：('xpath', '//input[@id="elsSubAccount"]') (basics.py:107)
[2022-07-28 17:08:15] [    INFO] 输入文本：1001 (basics.py:138)
[2022-07-28 17:08:16] [    INFO] 查找元素：('xpath', '//input[@type="password"]') (basics.py:107)
[2022-07-28 17:08:16] [    INFO] 输入文本：1qaz@WSX (basics.py:138)
[2022-07-28 17:08:16] [    INFO] 查找元素：('xpath', '//input[@id="identifyCode"]') (basics.py:107)
[2022-07-28 17:08:16] [    INFO] 点击元素：('xpath', '//input[@id="identifyCode"]') (basics.py:191)
[2022-07-28 17:08:20] [    INFO] 查找元素：('xpath', '//img[@id="code"]') (basics.py:107)
[2022-07-28 17:08:21] [    INFO] 查找元素：('xpath', '//input[@id="identifyCode"]') (basics.py:107)
[2022-07-28 17:08:21] [    INFO] 输入文本：0198 (basics.py:138)
[2022-07-28 17:08:21] [    INFO] 查找元素：('xpath', '//button[@id="submit_btn"]') (basics.py:107)
[2022-07-28 17:08:21] [    INFO] 点击元素：('xpath', '//button[@id="submit_btn"]') (basics.py:191)
[2022-07-28 17:08:22] [    INFO] 查找元素：('xpath', '//span[@title="审批列表"]') (basics.py:107)
[2022-07-28 17:08:23] [    INFO] 点击元素：('xpath', '//span[@title="审批列表"]') (basics.py:191)
[2022-07-28 17:08:24] [    INFO] 查找元素：('xpath', '//div[@id="pq-body-cell-u0-0-2-right"]/span') (basics.py:107)
[2022-07-28 17:08:44] [    INFO] 查找元素：('xpath', '//input[@name="taskName"]') (basics.py:107)
[2022-07-28 17:25:56] [    INFO] 【SRM】项目【test】环境- UI自动化开始执行 (conftest.py:17)
[2022-07-28 17:25:57] [    INFO] 查找元素：('xpath', '//input[@id="elsAccount"]') (basics.py:107)
[2022-07-28 17:25:57] [    INFO] 输入文本：860000 (basics.py:138)
[2022-07-28 17:25:57] [    INFO] 查找元素：('xpath', '//input[@id="elsSubAccount"]') (basics.py:107)
[2022-07-28 17:25:58] [    INFO] 输入文本：1001 (basics.py:138)
[2022-07-28 17:25:58] [    INFO] 查找元素：('xpath', '//input[@type="password"]') (basics.py:107)
[2022-07-28 17:25:58] [    INFO] 输入文本：1qaz@WSX (basics.py:138)
[2022-07-28 17:25:58] [    INFO] 查找元素：('xpath', '//input[@id="identifyCode"]') (basics.py:107)
[2022-07-28 17:25:58] [    INFO] 点击元素：('xpath', '//input[@id="identifyCode"]') (basics.py:191)
[2022-07-28 17:26:02] [    INFO] 查找元素：('xpath', '//img[@id="code"]') (basics.py:107)
[2022-07-28 17:26:03] [    INFO] 查找元素：('xpath', '//input[@id="identifyCode"]') (basics.py:107)
[2022-07-28 17:26:03] [    INFO] 输入文本：6473 (basics.py:138)
[2022-07-28 17:26:03] [    INFO] 查找元素：('xpath', '//button[@id="submit_btn"]') (basics.py:107)
[2022-07-28 17:26:03] [    INFO] 点击元素：('xpath', '//button[@id="submit_btn"]') (basics.py:191)
[2022-07-28 17:26:04] [    INFO] 查找元素：('xpath', '//span[@title="审批列表"]') (basics.py:107)
[2022-07-28 17:26:05] [    INFO] 点击元素：('xpath', '//span[@title="审批列表"]') (basics.py:191)
[2022-07-28 17:26:05] [    INFO] 查找元素：//iframe[@name="iframeApp_auditList"] (basics.py:107)
[2022-07-28 17:26:06] [    INFO] 查找元素：('xpath', '//input[@name="taskName"]') (basics.py:107)
[2022-07-28 17:29:07] [    INFO] 【SRM】项目【test】环境- UI自动化开始执行 (conftest.py:17)
[2022-07-28 17:29:08] [    INFO] 查找元素：('xpath', '//input[@id="elsAccount"]') (basics.py:107)
[2022-07-28 17:29:08] [    INFO] 输入文本：860000 (basics.py:138)
[2022-07-28 17:29:09] [    INFO] 查找元素：('xpath', '//input[@id="elsSubAccount"]') (basics.py:107)
[2022-07-28 17:29:09] [    INFO] 输入文本：1001 (basics.py:138)
[2022-07-28 17:29:10] [    INFO] 查找元素：('xpath', '//input[@type="password"]') (basics.py:107)
[2022-07-28 17:29:10] [    INFO] 输入文本：1qaz@WSX (basics.py:138)
[2022-07-28 17:29:10] [    INFO] 查找元素：('xpath', '//input[@id="identifyCode"]') (basics.py:107)
[2022-07-28 17:29:10] [    INFO] 点击元素：('xpath', '//input[@id="identifyCode"]') (basics.py:191)
[2022-07-28 17:29:14] [    INFO] 查找元素：('xpath', '//img[@id="code"]') (basics.py:107)
[2022-07-28 17:29:15] [    INFO] 查找元素：('xpath', '//input[@id="identifyCode"]') (basics.py:107)
[2022-07-28 17:29:15] [    INFO] 输入文本：4473 (basics.py:138)
[2022-07-28 17:29:15] [    INFO] 查找元素：('xpath', '//button[@id="submit_btn"]') (basics.py:107)
[2022-07-28 17:29:15] [    INFO] 点击元素：('xpath', '//button[@id="submit_btn"]') (basics.py:191)
[2022-07-28 17:29:15] [    INFO] 查找元素：('xpath', '//span[@title="审批列表"]') (basics.py:107)
[2022-07-28 17:29:36] [    INFO] 查找元素：('xpath', '//input[@name="taskName"]') (basics.py:107)
[2022-07-28 17:30:16] [    INFO] 【SRM】项目【test】环境- UI自动化开始执行 (conftest.py:17)
[2022-07-28 17:30:17] [    INFO] 查找元素：('xpath', '//input[@id="elsAccount"]') (basics.py:107)
[2022-07-28 17:30:17] [    INFO] 输入文本：860000 (basics.py:138)
[2022-07-28 17:30:17] [    INFO] 查找元素：('xpath', '//input[@id="elsSubAccount"]') (basics.py:107)
[2022-07-28 17:30:17] [    INFO] 输入文本：1001 (basics.py:138)
[2022-07-28 17:30:18] [    INFO] 查找元素：('xpath', '//input[@type="password"]') (basics.py:107)
[2022-07-28 17:30:18] [    INFO] 输入文本：1qaz@WSX (basics.py:138)
[2022-07-28 17:30:18] [    INFO] 查找元素：('xpath', '//input[@id="identifyCode"]') (basics.py:107)
[2022-07-28 17:30:18] [    INFO] 点击元素：('xpath', '//input[@id="identifyCode"]') (basics.py:191)
[2022-07-28 17:30:22] [    INFO] 查找元素：('xpath', '//img[@id="code"]') (basics.py:107)
[2022-07-28 17:30:23] [    INFO] 查找元素：('xpath', '//input[@id="identifyCode"]') (basics.py:107)
[2022-07-28 17:30:23] [    INFO] 输入文本：7150 (basics.py:138)
[2022-07-28 17:30:23] [    INFO] 查找元素：('xpath', '//button[@id="submit_btn"]') (basics.py:107)
[2022-07-28 17:30:23] [    INFO] 点击元素：('xpath', '//button[@id="submit_btn"]') (basics.py:191)
[2022-07-28 17:30:24] [    INFO] 查找元素：('xpath', '//span[@title="审批列表"]') (basics.py:107)
[2022-07-28 17:30:25] [    INFO] 点击元素：('xpath', '//span[@title="审批列表"]') (basics.py:191)
[2022-07-28 17:30:25] [    INFO] 查找元素：('xpath', '//iframe[@name="iframeApp_auditList"]') (basics.py:107)
[2022-07-28 17:30:26] [    INFO] 查找元素：('xpath', '//div[@id="pq-body-cell-u0-0-2-right"]/span') (basics.py:107)
[2022-07-28 17:30:26] [    INFO] 点击元素：('xpath', '//div[@id="pq-body-cell-u0-0-2-right"]/span') (basics.py:191)
[2022-07-28 17:30:27] [    INFO] 查找元素：('xpath', '//div[@id="pq-body-cell-u0-0-2-right"]/span') (basics.py:107)
[2022-07-28 17:30:29] [    INFO] 查找元素：('xpath', '//input[@name="taskName"]') (basics.py:107)
[2022-07-28 17:33:58] [    INFO] 【SRM】项目【test】环境- UI自动化开始执行 (conftest.py:17)
[2022-07-28 17:33:59] [    INFO] 查找元素：('xpath', '//input[@id="elsAccount"]') (basics.py:107)
[2022-07-28 17:34:00] [    INFO] 输入文本：860000 (basics.py:138)
[2022-07-28 17:34:00] [    INFO] 查找元素：('xpath', '//input[@id="elsSubAccount"]') (basics.py:107)
[2022-07-28 17:34:00] [    INFO] 输入文本：1001 (basics.py:138)
[2022-07-28 17:34:01] [    INFO] 查找元素：('xpath', '//input[@type="password"]') (basics.py:107)
[2022-07-28 17:34:01] [    INFO] 输入文本：1qaz@WSX (basics.py:138)
[2022-07-28 17:34:01] [    INFO] 查找元素：('xpath', '//input[@id="identifyCode"]') (basics.py:107)
[2022-07-28 17:34:01] [    INFO] 点击元素：('xpath', '//input[@id="identifyCode"]') (basics.py:191)
[2022-07-28 17:34:05] [    INFO] 查找元素：('xpath', '//img[@id="code"]') (basics.py:107)
[2022-07-28 17:34:06] [    INFO] 查找元素：('xpath', '//input[@id="identifyCode"]') (basics.py:107)
[2022-07-28 17:34:06] [    INFO] 输入文本：3577 (basics.py:138)
[2022-07-28 17:34:06] [    INFO] 查找元素：('xpath', '//button[@id="submit_btn"]') (basics.py:107)
[2022-07-28 17:34:06] [    INFO] 点击元素：('xpath', '//button[@id="submit_btn"]') (basics.py:191)
[2022-07-28 17:34:07] [    INFO] 查找元素：('xpath', '//span[@title="审批列表"]') (basics.py:107)
[2022-07-28 17:34:08] [    INFO] 点击元素：('xpath', '//span[@title="审批列表"]') (basics.py:191)
[2022-07-28 17:34:10] [    INFO] 查找元素：('xpath', '//iframe[@name="iframeApp_auditList"]') (basics.py:107)
[2022-07-28 17:34:10] [    INFO] 查找元素：('xpath', '//input[@name="taskName"]') (basics.py:107)
[2022-07-28 17:34:10] [    INFO] 点击元素：('xpath', '//input[@name="taskName"]') (basics.py:191)
[2022-07-28 17:34:11] [    INFO] 查找元素：('xpath', '//input[@name="taskName"]') (basics.py:107)
[2022-07-28 17:34:11] [    INFO] 输入文本：周本林 (basics.py:138)
[2022-07-28 17:34:11] [    INFO] 查找元素：('xpath', '//button[text()=" 查询"]') (basics.py:107)
[2022-07-28 17:34:12] [    INFO] 点击元素：('xpath', '//button[text()=" 查询"]') (basics.py:191)
