[2022-07-26 14:12:41] [    INFO] 【SRM】项目【test】环境- UI自动化开始执行 (conftest.py:17)
[2022-07-26 14:12:42] [    INFO] 查找元素：('xpath', '//input[@id="elsAccount"]') (basics.py:108)
[2022-07-26 14:12:42] [    INFO] 输入文本：860000 (basics.py:139)
[2022-07-26 14:12:43] [    INFO] 查找元素：('xpath', '//input[@id="elsSubAccount"]') (basics.py:108)
[2022-07-26 14:12:43] [    INFO] 输入文本：1001 (basics.py:139)
[2022-07-26 14:12:43] [    INFO] 查找元素：('xpath', '//input[@type="password"]') (basics.py:108)
[2022-07-26 14:12:43] [    INFO] 输入文本：1qaz@WSX (basics.py:139)
[2022-07-26 14:12:43] [    INFO] 查找元素：('xpath', '//input[@id="identifyCode"]') (basics.py:108)
[2022-07-26 14:12:43] [    INFO] 点击元素：('xpath', '//input[@id="identifyCode"]') (basics.py:192)
[2022-07-26 14:12:45] [    INFO] 查找元素：('xpath', '//img[@id="code"]') (basics.py:108)
[2022-07-26 14:12:46] [    INFO] 查找元素：('xpath', '//input[@id="identifyCode"]') (basics.py:108)
[2022-07-26 14:12:46] [    INFO] 输入文本：1691 (basics.py:139)
[2022-07-26 14:12:46] [    INFO] 查找元素：('xpath', '//button[@id="submit_btn"]') (basics.py:108)
[2022-07-26 14:12:46] [    INFO] 点击元素：('xpath', '//button[@id="submit_btn"]') (basics.py:192)
[2022-07-26 14:14:16] [    INFO] 【SRM】项目【test】环境- UI自动化开始执行 (conftest.py:17)
[2022-07-26 14:14:17] [    INFO] 查找元素：('xpath', '//input[@id="elsAccount"]') (basics.py:108)
[2022-07-26 14:14:17] [    INFO] 输入文本：860000 (basics.py:139)
[2022-07-26 14:14:18] [    INFO] 查找元素：('xpath', '//input[@id="elsSubAccount"]') (basics.py:108)
[2022-07-26 14:14:18] [    INFO] 输入文本：1001 (basics.py:139)
[2022-07-26 14:14:18] [    INFO] 查找元素：('xpath', '//input[@type="password"]') (basics.py:108)
[2022-07-26 14:14:19] [    INFO] 输入文本：1qaz@WSX (basics.py:139)
[2022-07-26 14:14:19] [    INFO] 查找元素：('xpath', '//input[@id="identifyCode"]') (basics.py:108)
[2022-07-26 14:14:19] [    INFO] 点击元素：('xpath', '//input[@id="identifyCode"]') (basics.py:192)
[2022-07-26 14:14:20] [    INFO] 查找元素：('xpath', '//img[@id="code"]') (basics.py:108)
[2022-07-26 14:14:21] [    INFO] 查找元素：('xpath', '//input[@id="identifyCode"]') (basics.py:108)
[2022-07-26 14:14:21] [    INFO] 输入文本：6571 (basics.py:139)
[2022-07-26 14:14:21] [    INFO] 查找元素：('xpath', '//button[@id="submit_btn"]') (basics.py:108)
[2022-07-26 14:14:21] [    INFO] 点击元素：('xpath', '//button[@id="submit_btn"]') (basics.py:192)
[2022-07-26 14:14:21] [    INFO] 查找元素：('xpath', '//span[@title="审批列表"]') (basics.py:108)
[2022-07-26 14:14:22] [    INFO] 点击元素：('xpath', '//span[@title="审批列表"]') (basics.py:192)
[2022-07-26 14:14:23] [    INFO] 查找元素：('xpath', '//div[@id="pq-body-cell-u0-0-2-right"]/span') (basics.py:108)
[2022-07-26 14:17:21] [    INFO] 【SRM】项目【test】环境- UI自动化开始执行 (conftest.py:17)
[2022-07-26 14:17:23] [    INFO] 查找元素：('xpath', '//input[@id="elsAccount"]') (basics.py:108)
[2022-07-26 14:17:23] [    INFO] 输入文本：860000 (basics.py:139)
[2022-07-26 14:17:23] [    INFO] 查找元素：('xpath', '//input[@id="elsSubAccount"]') (basics.py:108)
[2022-07-26 14:17:23] [    INFO] 输入文本：1001 (basics.py:139)
[2022-07-26 14:17:24] [    INFO] 查找元素：('xpath', '//input[@type="password"]') (basics.py:108)
[2022-07-26 14:17:24] [    INFO] 输入文本：1qaz@WSX (basics.py:139)
[2022-07-26 14:17:24] [    INFO] 查找元素：('xpath', '//input[@id="identifyCode"]') (basics.py:108)
[2022-07-26 14:17:24] [    INFO] 点击元素：('xpath', '//input[@id="identifyCode"]') (basics.py:192)
[2022-07-26 14:17:25] [    INFO] 查找元素：('xpath', '//img[@id="code"]') (basics.py:108)
[2022-07-26 14:17:26] [    INFO] 查找元素：('xpath', '//input[@id="identifyCode"]') (basics.py:108)
[2022-07-26 14:17:26] [    INFO] 输入文本：6458 (basics.py:139)
[2022-07-26 14:17:26] [    INFO] 查找元素：('xpath', '//button[@id="submit_btn"]') (basics.py:108)
[2022-07-26 14:17:26] [    INFO] 点击元素：('xpath', '//button[@id="submit_btn"]') (basics.py:192)
[2022-07-26 14:17:27] [    INFO] 查找元素：('xpath', '//span[@title="审批列表"]') (basics.py:108)
[2022-07-26 14:17:28] [    INFO] 点击元素：('xpath', '//span[@title="审批列表"]') (basics.py:192)
[2022-07-26 14:17:29] [    INFO] 查找元素：('xpath', '//div[@id="pq-body-cell-u0-0-2-right"]/span') (basics.py:108)
[2022-07-26 14:18:29] [    INFO] 【SRM】项目【test】环境- UI自动化开始执行 (conftest.py:17)
[2022-07-26 14:18:31] [    INFO] 查找元素：('xpath', '//input[@id="elsAccount"]') (basics.py:108)
[2022-07-26 14:18:31] [    INFO] 输入文本：860000 (basics.py:139)
[2022-07-26 14:18:32] [    INFO] 查找元素：('xpath', '//input[@id="elsSubAccount"]') (basics.py:108)
[2022-07-26 14:18:32] [    INFO] 输入文本：1001 (basics.py:139)
[2022-07-26 14:18:32] [    INFO] 查找元素：('xpath', '//input[@type="password"]') (basics.py:108)
[2022-07-26 14:18:32] [    INFO] 输入文本：1qaz@WSX (basics.py:139)
[2022-07-26 14:18:32] [    INFO] 查找元素：('xpath', '//input[@id="identifyCode"]') (basics.py:108)
[2022-07-26 14:18:32] [    INFO] 点击元素：('xpath', '//input[@id="identifyCode"]') (basics.py:192)
[2022-07-26 14:18:34] [    INFO] 查找元素：('xpath', '//img[@id="code"]') (basics.py:108)
[2022-07-26 14:18:35] [    INFO] 查找元素：('xpath', '//input[@id="identifyCode"]') (basics.py:108)
[2022-07-26 14:18:35] [    INFO] 输入文本：7573 (basics.py:139)
[2022-07-26 14:18:35] [    INFO] 查找元素：('xpath', '//button[@id="submit_btn"]') (basics.py:108)
[2022-07-26 14:18:35] [    INFO] 点击元素：('xpath', '//button[@id="submit_btn"]') (basics.py:192)
[2022-07-26 14:18:35] [    INFO] 查找元素：('xpath', '//span[@title="审批列表"]') (basics.py:108)
[2022-07-26 14:18:36] [    INFO] 点击元素：('xpath', '//span[@title="审批列表"]') (basics.py:192)
[2022-07-26 14:18:37] [    INFO] 查找元素：('xpath', '//div[@id="pq-body-cell-u0-0-2-right"]/span') (basics.py:108)
[2022-07-26 14:20:49] [    INFO] 【SRM】项目【test】环境- UI自动化开始执行 (conftest.py:17)
[2022-07-26 14:20:51] [    INFO] 查找元素：('xpath', '//input[@id="elsAccount"]') (basics.py:108)
[2022-07-26 14:20:51] [    INFO] 输入文本：860000 (basics.py:139)
[2022-07-26 14:20:51] [    INFO] 查找元素：('xpath', '//input[@id="elsSubAccount"]') (basics.py:108)
[2022-07-26 14:20:51] [    INFO] 输入文本：1001 (basics.py:139)
[2022-07-26 14:20:52] [    INFO] 查找元素：('xpath', '//input[@type="password"]') (basics.py:108)
[2022-07-26 14:20:52] [    INFO] 输入文本：1qaz@WSX (basics.py:139)
[2022-07-26 14:20:52] [    INFO] 查找元素：('xpath', '//input[@id="identifyCode"]') (basics.py:108)
[2022-07-26 14:20:52] [    INFO] 点击元素：('xpath', '//input[@id="identifyCode"]') (basics.py:192)
[2022-07-26 14:20:53] [    INFO] 查找元素：('xpath', '//img[@id="code"]') (basics.py:108)
[2022-07-26 14:20:54] [    INFO] 查找元素：('xpath', '//input[@id="identifyCode"]') (basics.py:108)
[2022-07-26 14:20:54] [    INFO] 输入文本：7958 (basics.py:139)
[2022-07-26 14:20:54] [    INFO] 查找元素：('xpath', '//button[@id="submit_btn"]') (basics.py:108)
[2022-07-26 14:20:55] [    INFO] 点击元素：('xpath', '//button[@id="submit_btn"]') (basics.py:192)
[2022-07-26 14:20:55] [    INFO] 查找元素：('xpath', '//span[@title="审批列表"]') (basics.py:108)
[2022-07-26 14:20:56] [    INFO] 点击元素：('xpath', '//span[@title="审批列表"]') (basics.py:192)
[2022-07-26 14:20:59] [    INFO] 查找元素：('xpath', '//div[@id="pq-body-cell-u0-0-2-right"]/span') (basics.py:108)
[2022-07-26 14:22:57] [    INFO] 【SRM】项目【test】环境- UI自动化开始执行 (conftest.py:17)
[2022-07-26 14:22:59] [    INFO] 查找元素：('xpath', '//input[@id="elsAccount"]') (basics.py:108)
[2022-07-26 14:22:59] [    INFO] 输入文本：860000 (basics.py:139)
[2022-07-26 14:22:59] [    INFO] 查找元素：('xpath', '//input[@id="elsSubAccount"]') (basics.py:108)
[2022-07-26 14:22:59] [    INFO] 输入文本：1001 (basics.py:139)
[2022-07-26 14:23:00] [    INFO] 查找元素：('xpath', '//input[@type="password"]') (basics.py:108)
[2022-07-26 14:23:00] [    INFO] 输入文本：1qaz@WSX (basics.py:139)
[2022-07-26 14:23:00] [    INFO] 查找元素：('xpath', '//input[@id="identifyCode"]') (basics.py:108)
[2022-07-26 14:23:00] [    INFO] 点击元素：('xpath', '//input[@id="identifyCode"]') (basics.py:192)
[2022-07-26 14:23:01] [    INFO] 查找元素：('xpath', '//img[@id="code"]') (basics.py:108)
[2022-07-26 14:23:02] [    INFO] 查找元素：('xpath', '//input[@id="identifyCode"]') (basics.py:108)
[2022-07-26 14:23:02] [    INFO] 输入文本：1194 (basics.py:139)
[2022-07-26 14:23:02] [    INFO] 查找元素：('xpath', '//button[@id="submit_btn"]') (basics.py:108)
[2022-07-26 14:23:02] [    INFO] 点击元素：('xpath', '//button[@id="submit_btn"]') (basics.py:192)
[2022-07-26 14:23:03] [    INFO] 查找元素：('xpath', '//span[@title="审批列表"]') (basics.py:108)
[2022-07-26 14:23:04] [    INFO] 点击元素：('xpath', '//span[@title="审批列表"]') (basics.py:192)
[2022-07-26 14:23:07] [    INFO] 查找元素：('xpath', '//div[@id="pq-body-cell-u0-0-2-right"]/span[@class="viewDetail"]') (basics.py:108)
