[2022-08-31 17:44:09] [    INFO] 【TBM】项目【test】环境- UI自动化开始执行 (conftest.py:17)
[2022-08-31 17:44:09] [    INFO] 前置条件：传音统一登录开始 (conftest.py:21)
[2022-08-31 17:44:12] [    INFO] 打开网页：http://bom-sit.transsion.com/#/process/home-page (basics.py:63)
[2022-08-31 17:44:12] [    INFO] 查找元素：('xpath', "//div[@role='button']") (basics.py:106)
[2022-08-31 17:44:12] [    INFO] 点击元素：('xpath', "//div[@role='button']") (basics.py:206)
[2022-08-31 17:44:17] [    INFO] 查找元素：['xpath', "//*[contains(@id,'dropdown-menu-')]//li[1]"] (basics.py:106)
[2022-08-31 17:44:18] [    INFO] 查找元素：('xpath', "//div[@role='button']") (basics.py:106)
[2022-08-31 17:44:18] [    INFO] 点击元素：('xpath', "//div[@role='button']") (basics.py:206)
[2022-08-31 17:44:18] [    INFO] 查找元素：('id', 'tab-account') (basics.py:106)
[2022-08-31 17:44:19] [    INFO] 点击元素：('id', 'tab-account') (basics.py:206)
[2022-08-31 17:44:20] [    INFO] 查找元素：('xpath', "//*[@id='pane-account']/form/div[1]/div/div[1]/input") (basics.py:106)
[2022-08-31 17:44:20] [    INFO] 输入文本：18645960 (basics.py:137)
[2022-08-31 17:44:21] [    INFO] 查找元素：('xpath', "//*[@id='pane-account']/form/div[2]/div/div[1]/input") (basics.py:106)
[2022-08-31 17:44:21] [    INFO] 输入文本：xLily6x (basics.py:137)
[2022-08-31 17:44:22] [    INFO] 查找元素：('xpath', "//span[text()='我已阅读并接受']/../label/span/span") (basics.py:106)
[2022-08-31 17:44:22] [    INFO] 获取状态：False (basics.py:330)
[2022-08-31 17:44:22] [    INFO] 查找元素：('xpath', "//span[text()='我已阅读并接受']/../label/span/span") (basics.py:106)
[2022-08-31 17:44:23] [    INFO] 点击元素：('xpath', "//span[text()='我已阅读并接受']/../label/span/span") (basics.py:206)
[2022-08-31 17:44:23] [    INFO] 查找元素：('xpath', "//*[@id='pane-account']/form/button") (basics.py:106)
[2022-08-31 17:44:23] [    INFO] 点击元素：('xpath', "//*[@id='pane-account']/form/button") (basics.py:206)
[2022-08-31 17:44:30] [   ERROR] 正在截图... (basics.py:449)
[2022-08-31 17:44:30] [   ERROR] 日志正在附加截图... (basics.py:456)
[2022-08-31 17:44:30] [   ERROR] 日志附加截图成功 (basics.py:460)
[2022-08-31 17:44:30] [    INFO] 断言成功：页面存在该标识首页 | 关键字:首页 (assert_ui.py:167)
[2022-08-31 17:44:30] [    INFO] 前置条件：传音统一登录成功 (conftest.py:25)
[2022-08-31 17:44:30] [    INFO] 查找元素：['xpath', "//span[@class='meta-title' and contains(text(),'BOM协作')]"] (basics.py:102)
[2022-08-31 17:44:30] [    INFO] 点击元素：('xpath', "//span[@class='meta-title' and contains(text(),'BOM协作')]")BOM协作 (basics.py:565)
[2022-08-31 17:44:30] [    INFO] 点击一级菜单：BOM协作 (BOM2.py:31)
[2022-08-31 17:44:30] [    INFO] 查找元素：['xpath', "//div[@class='menu-wrapper nest-menu']//span[contains(text(),'整机BOM协作')]"] (basics.py:102)
[2022-08-31 17:44:31] [    INFO] 点击元素：('xpath', "//div[@class='menu-wrapper nest-menu']//span[contains(text(),'整机BOM协作')]")整机BOM协作 (basics.py:565)
[2022-08-31 17:44:31] [    INFO] 点击二级菜单：整机BOM协作 (BOM2.py:33)
[2022-08-31 17:44:32] [    INFO] 刷新页面 (basics.py:337)
[2022-08-31 17:44:32] [    INFO] 查找元素：('xpath', "//button//span[contains(text(),'新增')]") (basics.py:106)
[2022-08-31 17:44:33] [    INFO] 点击元素：('xpath', "//button//span[contains(text(),'新增')]")None (basics.py:565)
[2022-08-31 17:45:45] [    INFO] 【TBM】项目【test】环境- UI自动化开始执行 (conftest.py:17)
[2022-08-31 17:45:45] [    INFO] 前置条件：传音统一登录开始 (conftest.py:21)
[2022-08-31 17:45:47] [    INFO] 打开网页：http://bom-sit.transsion.com/#/process/home-page (basics.py:63)
[2022-08-31 17:45:47] [    INFO] 查找元素：('xpath', "//div[@role='button']") (basics.py:106)
[2022-08-31 17:45:47] [    INFO] 点击元素：('xpath', "//div[@role='button']") (basics.py:206)
[2022-08-31 17:45:52] [    INFO] 查找元素：['xpath', "//*[contains(@id,'dropdown-menu-')]//li[1]"] (basics.py:106)
[2022-08-31 17:45:53] [    INFO] 查找元素：('xpath', "//div[@role='button']") (basics.py:106)
[2022-08-31 17:45:53] [    INFO] 点击元素：('xpath', "//div[@role='button']") (basics.py:206)
[2022-08-31 17:45:53] [    INFO] 查找元素：('id', 'tab-account') (basics.py:106)
[2022-08-31 17:45:53] [    INFO] 点击元素：('id', 'tab-account') (basics.py:206)
[2022-08-31 17:45:54] [    INFO] 查找元素：('xpath', "//*[@id='pane-account']/form/div[1]/div/div[1]/input") (basics.py:106)
[2022-08-31 17:45:55] [    INFO] 输入文本：18645960 (basics.py:137)
[2022-08-31 17:45:56] [    INFO] 查找元素：('xpath', "//*[@id='pane-account']/form/div[2]/div/div[1]/input") (basics.py:106)
[2022-08-31 17:45:56] [    INFO] 输入文本：xLily6x (basics.py:137)
[2022-08-31 17:45:57] [    INFO] 查找元素：('xpath', "//span[text()='我已阅读并接受']/../label/span/span") (basics.py:106)
[2022-08-31 17:45:57] [    INFO] 获取状态：False (basics.py:330)
[2022-08-31 17:45:57] [    INFO] 查找元素：('xpath', "//span[text()='我已阅读并接受']/../label/span/span") (basics.py:106)
[2022-08-31 17:45:57] [    INFO] 点击元素：('xpath', "//span[text()='我已阅读并接受']/../label/span/span") (basics.py:206)
[2022-08-31 17:45:58] [    INFO] 查找元素：('xpath', "//*[@id='pane-account']/form/button") (basics.py:106)
[2022-08-31 17:45:58] [    INFO] 点击元素：('xpath', "//*[@id='pane-account']/form/button") (basics.py:206)
[2022-08-31 17:46:04] [   ERROR] 正在截图... (basics.py:449)
[2022-08-31 17:46:05] [   ERROR] 日志正在附加截图... (basics.py:456)
[2022-08-31 17:46:05] [   ERROR] 日志附加截图成功 (basics.py:460)
[2022-08-31 17:46:05] [    INFO] 断言成功：页面存在该标识首页 | 关键字:首页 (assert_ui.py:167)
[2022-08-31 17:46:05] [    INFO] 前置条件：传音统一登录成功 (conftest.py:25)
[2022-08-31 17:46:05] [    INFO] 查找元素：['xpath', "//span[@class='meta-title' and contains(text(),'BOM协作')]"] (basics.py:102)
[2022-08-31 17:46:05] [    INFO] 点击元素：('xpath', "//span[@class='meta-title' and contains(text(),'BOM协作')]")BOM协作 (basics.py:565)
[2022-08-31 17:46:05] [    INFO] 点击一级菜单：BOM协作 (BOM2.py:31)
[2022-08-31 17:46:05] [    INFO] 查找元素：['xpath', "//div[@class='menu-wrapper nest-menu']//span[contains(text(),'整机BOM协作')]"] (basics.py:102)
[2022-08-31 17:46:06] [    INFO] 点击元素：('xpath', "//div[@class='menu-wrapper nest-menu']//span[contains(text(),'整机BOM协作')]")整机BOM协作 (basics.py:565)
[2022-08-31 17:46:06] [    INFO] 点击二级菜单：整机BOM协作 (BOM2.py:33)
[2022-08-31 17:46:07] [    INFO] 刷新页面 (basics.py:337)
[2022-08-31 17:46:07] [    INFO] 查找元素：('xpath', "//button//span[contains(text(),'新增')]") (basics.py:106)
[2022-08-31 17:46:08] [    INFO] 点击元素：('xpath', "//button//span[contains(text(),'新增')]")None (basics.py:565)
[2022-08-31 17:46:58] [    INFO] 【TBM】项目【test】环境- UI自动化开始执行 (conftest.py:17)
[2022-08-31 17:46:58] [    INFO] 前置条件：传音统一登录开始 (conftest.py:21)
[2022-08-31 17:47:01] [    INFO] 打开网页：http://bom-sit.transsion.com/#/process/home-page (basics.py:63)
[2022-08-31 17:47:01] [    INFO] 查找元素：('xpath', "//div[@role='button']") (basics.py:106)
[2022-08-31 17:47:01] [    INFO] 点击元素：('xpath', "//div[@role='button']") (basics.py:206)
[2022-08-31 17:47:06] [    INFO] 查找元素：['xpath', "//*[contains(@id,'dropdown-menu-')]//li[1]"] (basics.py:106)
[2022-08-31 17:47:07] [    INFO] 查找元素：('xpath', "//div[@role='button']") (basics.py:106)
[2022-08-31 17:47:07] [    INFO] 点击元素：('xpath', "//div[@role='button']") (basics.py:206)
[2022-08-31 17:47:07] [    INFO] 查找元素：('id', 'tab-account') (basics.py:106)
[2022-08-31 17:47:07] [    INFO] 点击元素：('id', 'tab-account') (basics.py:206)
[2022-08-31 17:47:08] [    INFO] 查找元素：('xpath', "//*[@id='pane-account']/form/div[1]/div/div[1]/input") (basics.py:106)
[2022-08-31 17:47:09] [    INFO] 输入文本：18645960 (basics.py:137)
[2022-08-31 17:47:10] [    INFO] 查找元素：('xpath', "//*[@id='pane-account']/form/div[2]/div/div[1]/input") (basics.py:106)
[2022-08-31 17:47:10] [    INFO] 输入文本：xLily6x (basics.py:137)
[2022-08-31 17:47:11] [    INFO] 查找元素：('xpath', "//span[text()='我已阅读并接受']/../label/span/span") (basics.py:106)
[2022-08-31 17:47:11] [    INFO] 获取状态：False (basics.py:330)
[2022-08-31 17:47:11] [    INFO] 查找元素：('xpath', "//span[text()='我已阅读并接受']/../label/span/span") (basics.py:106)
[2022-08-31 17:47:11] [    INFO] 点击元素：('xpath', "//span[text()='我已阅读并接受']/../label/span/span") (basics.py:206)
[2022-08-31 17:47:12] [    INFO] 查找元素：('xpath', "//*[@id='pane-account']/form/button") (basics.py:106)
[2022-08-31 17:47:12] [    INFO] 点击元素：('xpath', "//*[@id='pane-account']/form/button") (basics.py:206)
[2022-08-31 17:47:18] [   ERROR] 正在截图... (basics.py:449)
[2022-08-31 17:47:19] [   ERROR] 日志正在附加截图... (basics.py:456)
[2022-08-31 17:47:19] [   ERROR] 日志附加截图成功 (basics.py:460)
[2022-08-31 17:47:19] [    INFO] 断言成功：页面存在该标识首页 | 关键字:首页 (assert_ui.py:167)
[2022-08-31 17:47:19] [    INFO] 前置条件：传音统一登录成功 (conftest.py:25)
[2022-08-31 17:47:19] [    INFO] 查找元素：['xpath', "//span[@class='meta-title' and contains(text(),'BOM协作')]"] (basics.py:102)
[2022-08-31 17:47:19] [    INFO] 点击元素：('xpath', "//span[@class='meta-title' and contains(text(),'BOM协作')]")BOM协作 (basics.py:565)
[2022-08-31 17:47:19] [    INFO] 点击一级菜单：BOM协作 (BOM2.py:31)
[2022-08-31 17:47:19] [    INFO] 查找元素：['xpath', "//div[@class='menu-wrapper nest-menu']//span[contains(text(),'整机BOM协作')]"] (basics.py:102)
[2022-08-31 17:47:20] [    INFO] 点击元素：('xpath', "//div[@class='menu-wrapper nest-menu']//span[contains(text(),'整机BOM协作')]")整机BOM协作 (basics.py:565)
[2022-08-31 17:47:20] [    INFO] 点击二级菜单：整机BOM协作 (BOM2.py:33)
[2022-08-31 17:47:21] [    INFO] 刷新页面 (basics.py:337)
[2022-08-31 17:47:21] [    INFO] 查找元素：('xpath', "//button//span[contains(text(),'新增')]") (basics.py:106)
[2022-08-31 17:47:22] [    INFO] 点击元素：('xpath', "//button//span[contains(text(),'新增')]")None (basics.py:565)
[2022-08-31 17:47:50] [    INFO] 【TBM】项目【test】环境- UI自动化开始执行 (conftest.py:17)
[2022-08-31 17:47:50] [    INFO] 前置条件：传音统一登录开始 (conftest.py:21)
[2022-08-31 17:47:53] [    INFO] 打开网页：http://bom-sit.transsion.com/#/process/home-page (basics.py:63)
[2022-08-31 17:47:53] [    INFO] 查找元素：('xpath', "//div[@role='button']") (basics.py:106)
[2022-08-31 17:47:53] [    INFO] 点击元素：('xpath', "//div[@role='button']") (basics.py:206)
[2022-08-31 17:47:58] [    INFO] 查找元素：['xpath', "//*[contains(@id,'dropdown-menu-')]//li[1]"] (basics.py:106)
[2022-08-31 17:47:59] [    INFO] 查找元素：('xpath', "//div[@role='button']") (basics.py:106)
[2022-08-31 17:47:59] [    INFO] 点击元素：('xpath', "//div[@role='button']") (basics.py:206)
[2022-08-31 17:47:59] [    INFO] 查找元素：('id', 'tab-account') (basics.py:106)
[2022-08-31 17:47:59] [    INFO] 点击元素：('id', 'tab-account') (basics.py:206)
[2022-08-31 17:48:00] [    INFO] 查找元素：('xpath', "//*[@id='pane-account']/form/div[1]/div/div[1]/input") (basics.py:106)
[2022-08-31 17:48:00] [    INFO] 输入文本：18645960 (basics.py:137)
[2022-08-31 17:48:02] [    INFO] 查找元素：('xpath', "//*[@id='pane-account']/form/div[2]/div/div[1]/input") (basics.py:106)
[2022-08-31 17:48:02] [    INFO] 输入文本：xLily6x (basics.py:137)
[2022-08-31 17:48:03] [    INFO] 查找元素：('xpath', "//span[text()='我已阅读并接受']/../label/span/span") (basics.py:106)
[2022-08-31 17:48:03] [    INFO] 获取状态：False (basics.py:330)
[2022-08-31 17:48:03] [    INFO] 查找元素：('xpath', "//span[text()='我已阅读并接受']/../label/span/span") (basics.py:106)
[2022-08-31 17:48:03] [    INFO] 点击元素：('xpath', "//span[text()='我已阅读并接受']/../label/span/span") (basics.py:206)
[2022-08-31 17:48:04] [    INFO] 查找元素：('xpath', "//*[@id='pane-account']/form/button") (basics.py:106)
[2022-08-31 17:48:04] [    INFO] 点击元素：('xpath', "//*[@id='pane-account']/form/button") (basics.py:206)
[2022-08-31 17:48:10] [   ERROR] 正在截图... (basics.py:449)
[2022-08-31 17:48:10] [   ERROR] 日志正在附加截图... (basics.py:456)
[2022-08-31 17:48:10] [   ERROR] 日志附加截图成功 (basics.py:460)
[2022-08-31 17:48:10] [    INFO] 断言成功：页面存在该标识首页 | 关键字:首页 (assert_ui.py:167)
[2022-08-31 17:48:10] [    INFO] 前置条件：传音统一登录成功 (conftest.py:25)
[2022-08-31 17:48:10] [    INFO] 查找元素：['xpath', "//span[@class='meta-title' and contains(text(),'BOM协作')]"] (basics.py:102)
[2022-08-31 17:48:11] [    INFO] 点击元素：('xpath', "//span[@class='meta-title' and contains(text(),'BOM协作')]")BOM协作 (basics.py:565)
[2022-08-31 17:48:11] [    INFO] 点击一级菜单：BOM协作 (BOM2.py:31)
[2022-08-31 17:48:11] [    INFO] 查找元素：['xpath', "//div[@class='menu-wrapper nest-menu']//span[contains(text(),'整机BOM协作')]"] (basics.py:102)
[2022-08-31 17:48:11] [    INFO] 点击元素：('xpath', "//div[@class='menu-wrapper nest-menu']//span[contains(text(),'整机BOM协作')]")整机BOM协作 (basics.py:565)
[2022-08-31 17:48:11] [    INFO] 点击二级菜单：整机BOM协作 (BOM2.py:33)
[2022-08-31 17:48:13] [    INFO] 刷新页面 (basics.py:337)
[2022-08-31 17:48:13] [    INFO] 查找元素：('xpath', "//button//span[contains(text(),'新增')]") (basics.py:106)
[2022-08-31 17:48:13] [    INFO] 点击元素：('xpath', "//button//span[contains(text(),'新增')]")None (basics.py:565)
[2022-08-31 17:49:17] [    INFO] 【TBM】项目【test】环境- UI自动化开始执行 (conftest.py:17)
[2022-08-31 17:49:17] [    INFO] 前置条件：传音统一登录开始 (conftest.py:21)
[2022-08-31 17:49:19] [    INFO] 打开网页：http://bom-sit.transsion.com/#/process/home-page (basics.py:63)
[2022-08-31 17:49:19] [    INFO] 查找元素：('xpath', "//div[@role='button']") (basics.py:106)
[2022-08-31 17:49:19] [    INFO] 点击元素：('xpath', "//div[@role='button']") (basics.py:206)
[2022-08-31 17:49:24] [    INFO] 查找元素：['xpath', "//*[contains(@id,'dropdown-menu-')]//li[1]"] (basics.py:106)
[2022-08-31 17:49:25] [    INFO] 查找元素：('xpath', "//div[@role='button']") (basics.py:106)
[2022-08-31 17:49:25] [    INFO] 点击元素：('xpath', "//div[@role='button']") (basics.py:206)
[2022-08-31 17:49:26] [    INFO] 查找元素：('id', 'tab-account') (basics.py:106)
[2022-08-31 17:49:26] [    INFO] 点击元素：('id', 'tab-account') (basics.py:206)
[2022-08-31 17:49:27] [    INFO] 查找元素：('xpath', "//*[@id='pane-account']/form/div[1]/div/div[1]/input") (basics.py:106)
[2022-08-31 17:49:27] [    INFO] 输入文本：18645960 (basics.py:137)
[2022-08-31 17:49:28] [    INFO] 查找元素：('xpath', "//*[@id='pane-account']/form/div[2]/div/div[1]/input") (basics.py:106)
[2022-08-31 17:49:28] [    INFO] 输入文本：xLily6x (basics.py:137)
[2022-08-31 17:49:29] [    INFO] 查找元素：('xpath', "//span[text()='我已阅读并接受']/../label/span/span") (basics.py:106)
[2022-08-31 17:49:29] [    INFO] 获取状态：False (basics.py:330)
[2022-08-31 17:49:29] [    INFO] 查找元素：('xpath', "//span[text()='我已阅读并接受']/../label/span/span") (basics.py:106)
[2022-08-31 17:49:29] [    INFO] 点击元素：('xpath', "//span[text()='我已阅读并接受']/../label/span/span") (basics.py:206)
[2022-08-31 17:49:30] [    INFO] 查找元素：('xpath', "//*[@id='pane-account']/form/button") (basics.py:106)
[2022-08-31 17:49:30] [    INFO] 点击元素：('xpath', "//*[@id='pane-account']/form/button") (basics.py:206)
[2022-08-31 17:49:36] [   ERROR] 正在截图... (basics.py:449)
[2022-08-31 17:49:37] [   ERROR] 日志正在附加截图... (basics.py:456)
[2022-08-31 17:49:37] [   ERROR] 日志附加截图成功 (basics.py:460)
[2022-08-31 17:49:37] [    INFO] 断言成功：页面存在该标识首页 | 关键字:首页 (assert_ui.py:167)
[2022-08-31 17:49:37] [    INFO] 前置条件：传音统一登录成功 (conftest.py:25)
[2022-08-31 17:49:37] [    INFO] 查找元素：['xpath', "//span[@class='meta-title' and contains(text(),'BOM协作')]"] (basics.py:102)
[2022-08-31 17:49:37] [    INFO] 点击元素：('xpath', "//span[@class='meta-title' and contains(text(),'BOM协作')]")BOM协作 (basics.py:565)
[2022-08-31 17:49:37] [    INFO] 点击一级菜单：BOM协作 (BOM2.py:31)
[2022-08-31 17:49:37] [    INFO] 查找元素：['xpath', "//div[@class='menu-wrapper nest-menu']//span[contains(text(),'整机BOM协作')]"] (basics.py:102)
[2022-08-31 17:49:48] [    INFO] 点击元素：('xpath', "//div[@class='menu-wrapper nest-menu']//span[contains(text(),'整机BOM协作')]")整机BOM协作 (basics.py:565)
[2022-08-31 17:49:48] [    INFO] 点击二级菜单：整机BOM协作 (BOM2.py:33)
[2022-08-31 17:49:49] [    INFO] 刷新页面 (basics.py:337)
[2022-08-31 17:49:49] [    INFO] 查找元素：('xpath', "//button//span[contains(text(),'新增')]") (basics.py:106)
[2022-08-31 17:49:50] [    INFO] 点击元素：('xpath', "//button//span[contains(text(),'新增')]")None (basics.py:565)
[2022-08-31 17:51:50] [    INFO] 【TBM】项目【test】环境- UI自动化开始执行 (conftest.py:17)
[2022-08-31 17:51:50] [    INFO] 前置条件：传音统一登录开始 (conftest.py:21)
[2022-08-31 17:51:52] [    INFO] 打开网页：http://bom-sit.transsion.com/#/process/home-page (basics.py:63)
[2022-08-31 17:51:52] [    INFO] 查找元素：('xpath', "//div[@role='button']") (basics.py:106)
[2022-08-31 17:51:52] [    INFO] 点击元素：('xpath', "//div[@role='button']") (basics.py:206)
[2022-08-31 17:51:57] [    INFO] 查找元素：['xpath', "//*[contains(@id,'dropdown-menu-')]//li[1]"] (basics.py:106)
[2022-08-31 17:51:58] [    INFO] 查找元素：('xpath', "//div[@role='button']") (basics.py:106)
[2022-08-31 17:51:58] [    INFO] 点击元素：('xpath', "//div[@role='button']") (basics.py:206)
[2022-08-31 17:51:59] [    INFO] 查找元素：('id', 'tab-account') (basics.py:106)
[2022-08-31 17:51:59] [    INFO] 点击元素：('id', 'tab-account') (basics.py:206)
[2022-08-31 17:52:00] [    INFO] 查找元素：('xpath', "//*[@id='pane-account']/form/div[1]/div/div[1]/input") (basics.py:106)
[2022-08-31 17:52:00] [    INFO] 输入文本：18645960 (basics.py:137)
[2022-08-31 17:52:01] [    INFO] 查找元素：('xpath', "//*[@id='pane-account']/form/div[2]/div/div[1]/input") (basics.py:106)
[2022-08-31 17:52:01] [    INFO] 输入文本：xLily6x (basics.py:137)
[2022-08-31 17:52:02] [    INFO] 查找元素：('xpath', "//span[text()='我已阅读并接受']/../label/span/span") (basics.py:106)
[2022-08-31 17:52:02] [    INFO] 获取状态：False (basics.py:330)
[2022-08-31 17:52:02] [    INFO] 查找元素：('xpath', "//span[text()='我已阅读并接受']/../label/span/span") (basics.py:106)
[2022-08-31 17:52:03] [    INFO] 点击元素：('xpath', "//span[text()='我已阅读并接受']/../label/span/span") (basics.py:206)
[2022-08-31 17:52:03] [    INFO] 查找元素：('xpath', "//*[@id='pane-account']/form/button") (basics.py:106)
[2022-08-31 17:52:03] [    INFO] 点击元素：('xpath', "//*[@id='pane-account']/form/button") (basics.py:206)
[2022-08-31 17:52:10] [   ERROR] 正在截图... (basics.py:449)
[2022-08-31 17:52:10] [   ERROR] 日志正在附加截图... (basics.py:456)
[2022-08-31 17:52:10] [   ERROR] 日志附加截图成功 (basics.py:460)
[2022-08-31 17:52:10] [    INFO] 断言成功：页面存在该标识首页 | 关键字:首页 (assert_ui.py:167)
[2022-08-31 17:52:10] [    INFO] 前置条件：传音统一登录成功 (conftest.py:25)
[2022-08-31 17:52:10] [    INFO] 查找元素：['xpath', "//span[@class='meta-title' and contains(text(),'BOM协作')]"] (basics.py:102)
[2022-08-31 17:52:10] [    INFO] 点击元素：('xpath', "//span[@class='meta-title' and contains(text(),'BOM协作')]")BOM协作 (basics.py:565)
[2022-08-31 17:52:10] [    INFO] 点击一级菜单：BOM协作 (BOM2.py:31)
[2022-08-31 17:52:10] [    INFO] 查找元素：['xpath', "//div[@class='menu-wrapper nest-menu']//span[contains(text(),'整机BOM协作')]"] (basics.py:102)
[2022-08-31 17:52:11] [    INFO] 点击元素：('xpath', "//div[@class='menu-wrapper nest-menu']//span[contains(text(),'整机BOM协作')]")整机BOM协作 (basics.py:565)
[2022-08-31 17:52:11] [    INFO] 点击二级菜单：整机BOM协作 (BOM2.py:33)
[2022-08-31 17:52:13] [    INFO] 刷新页面 (basics.py:337)
[2022-08-31 17:52:13] [    INFO] 查找元素：('xpath', "//button//span[contains(text(),'新增')]") (basics.py:106)
[2022-08-31 17:52:13] [    INFO] 点击元素：('xpath', "//button//span[contains(text(),'新增')]")None (basics.py:565)
[2022-08-31 17:53:42] [    INFO] 【TBM】项目【test】环境- UI自动化开始执行 (conftest.py:17)
[2022-08-31 17:53:42] [    INFO] 前置条件：传音统一登录开始 (conftest.py:21)
[2022-08-31 17:53:45] [    INFO] 打开网页：http://bom-sit.transsion.com/#/process/home-page (basics.py:63)
[2022-08-31 17:53:45] [    INFO] 查找元素：('xpath', "//div[@role='button']") (basics.py:106)
[2022-08-31 17:53:45] [    INFO] 点击元素：('xpath', "//div[@role='button']") (basics.py:206)
[2022-08-31 17:53:49] [    INFO] 查找元素：['xpath', "//*[contains(@id,'dropdown-menu-')]//li[1]"] (basics.py:106)
[2022-08-31 17:53:50] [    INFO] 查找元素：('xpath', "//div[@role='button']") (basics.py:106)
[2022-08-31 17:53:50] [    INFO] 点击元素：('xpath', "//div[@role='button']") (basics.py:206)
[2022-08-31 17:53:51] [    INFO] 查找元素：('id', 'tab-account') (basics.py:106)
[2022-08-31 17:53:51] [    INFO] 点击元素：('id', 'tab-account') (basics.py:206)
[2022-08-31 17:53:52] [    INFO] 查找元素：('xpath', "//*[@id='pane-account']/form/div[1]/div/div[1]/input") (basics.py:106)
[2022-08-31 17:53:52] [    INFO] 输入文本：18645960 (basics.py:137)
[2022-08-31 17:53:54] [    INFO] 查找元素：('xpath', "//*[@id='pane-account']/form/div[2]/div/div[1]/input") (basics.py:106)
[2022-08-31 17:53:54] [    INFO] 输入文本：xLily6x (basics.py:137)
[2022-08-31 17:53:55] [    INFO] 查找元素：('xpath', "//span[text()='我已阅读并接受']/../label/span/span") (basics.py:106)
[2022-08-31 17:53:55] [    INFO] 获取状态：False (basics.py:330)
[2022-08-31 17:53:55] [    INFO] 查找元素：('xpath', "//span[text()='我已阅读并接受']/../label/span/span") (basics.py:106)
[2022-08-31 17:53:55] [    INFO] 点击元素：('xpath', "//span[text()='我已阅读并接受']/../label/span/span") (basics.py:206)
[2022-08-31 17:53:55] [    INFO] 查找元素：('xpath', "//*[@id='pane-account']/form/button") (basics.py:106)
[2022-08-31 17:53:55] [    INFO] 点击元素：('xpath', "//*[@id='pane-account']/form/button") (basics.py:206)
[2022-08-31 17:54:02] [   ERROR] 正在截图... (basics.py:449)
[2022-08-31 17:54:02] [   ERROR] 日志正在附加截图... (basics.py:456)
[2022-08-31 17:54:02] [   ERROR] 日志附加截图成功 (basics.py:460)
[2022-08-31 17:54:02] [    INFO] 断言成功：页面存在该标识首页 | 关键字:首页 (assert_ui.py:167)
[2022-08-31 17:54:02] [    INFO] 前置条件：传音统一登录成功 (conftest.py:25)
[2022-08-31 17:54:02] [    INFO] 查找元素：['xpath', "//span[@class='meta-title' and contains(text(),'BOM协作')]"] (basics.py:102)
[2022-08-31 17:54:03] [    INFO] 点击元素：('xpath', "//span[@class='meta-title' and contains(text(),'BOM协作')]")BOM协作 (basics.py:565)
[2022-08-31 17:54:03] [    INFO] 点击一级菜单：BOM协作 (BOM2.py:31)
[2022-08-31 17:54:03] [    INFO] 查找元素：['xpath', "//div[@class='menu-wrapper nest-menu']//span[contains(text(),'整机BOM协作')]"] (basics.py:102)
[2022-08-31 17:54:03] [    INFO] 点击元素：('xpath', "//div[@class='menu-wrapper nest-menu']//span[contains(text(),'整机BOM协作')]")整机BOM协作 (basics.py:565)
[2022-08-31 17:54:03] [    INFO] 点击二级菜单：整机BOM协作 (BOM2.py:33)
[2022-08-31 17:54:05] [    INFO] 刷新页面 (basics.py:337)
[2022-08-31 17:54:05] [    INFO] 查找元素：('xpath', "//button//span[contains(text(),'新增')]") (basics.py:106)
[2022-08-31 17:54:06] [    INFO] 点击元素：('xpath', "//button//span[contains(text(),'新增')]")None (basics.py:565)
[2022-08-31 17:54:40] [    INFO] 【TBM】项目【test】环境- UI自动化开始执行 (conftest.py:17)
[2022-08-31 17:54:40] [    INFO] 前置条件：传音统一登录开始 (conftest.py:21)
[2022-08-31 17:54:43] [    INFO] 打开网页：http://bom-sit.transsion.com/#/process/home-page (basics.py:63)
[2022-08-31 17:54:43] [    INFO] 查找元素：('xpath', "//div[@role='button']") (basics.py:106)
[2022-08-31 17:54:43] [    INFO] 点击元素：('xpath', "//div[@role='button']") (basics.py:206)
[2022-08-31 17:54:48] [    INFO] 查找元素：['xpath', "//*[contains(@id,'dropdown-menu-')]//li[1]"] (basics.py:106)
[2022-08-31 17:54:49] [    INFO] 查找元素：('xpath', "//div[@role='button']") (basics.py:106)
[2022-08-31 17:54:49] [    INFO] 点击元素：('xpath', "//div[@role='button']") (basics.py:206)
[2022-08-31 17:54:49] [    INFO] 查找元素：('id', 'tab-account') (basics.py:106)
[2022-08-31 17:54:49] [    INFO] 点击元素：('id', 'tab-account') (basics.py:206)
[2022-08-31 17:54:50] [    INFO] 查找元素：('xpath', "//*[@id='pane-account']/form/div[1]/div/div[1]/input") (basics.py:106)
[2022-08-31 17:54:50] [    INFO] 输入文本：18645960 (basics.py:137)
[2022-08-31 17:54:52] [    INFO] 查找元素：('xpath', "//*[@id='pane-account']/form/div[2]/div/div[1]/input") (basics.py:106)
[2022-08-31 17:54:52] [    INFO] 输入文本：xLily6x (basics.py:137)
[2022-08-31 17:54:53] [    INFO] 查找元素：('xpath', "//span[text()='我已阅读并接受']/../label/span/span") (basics.py:106)
[2022-08-31 17:54:53] [    INFO] 获取状态：False (basics.py:330)
[2022-08-31 17:54:53] [    INFO] 查找元素：('xpath', "//span[text()='我已阅读并接受']/../label/span/span") (basics.py:106)
[2022-08-31 17:54:53] [    INFO] 点击元素：('xpath', "//span[text()='我已阅读并接受']/../label/span/span") (basics.py:206)
[2022-08-31 17:54:54] [    INFO] 查找元素：('xpath', "//*[@id='pane-account']/form/button") (basics.py:106)
[2022-08-31 17:54:54] [    INFO] 点击元素：('xpath', "//*[@id='pane-account']/form/button") (basics.py:206)
[2022-08-31 17:55:00] [   ERROR] 正在截图... (basics.py:449)
[2022-08-31 17:55:00] [   ERROR] 日志正在附加截图... (basics.py:456)
[2022-08-31 17:55:00] [   ERROR] 日志附加截图成功 (basics.py:460)
[2022-08-31 17:55:00] [    INFO] 断言成功：页面存在该标识首页 | 关键字:首页 (assert_ui.py:167)
[2022-08-31 17:55:00] [    INFO] 前置条件：传音统一登录成功 (conftest.py:25)
[2022-08-31 17:55:00] [    INFO] 查找元素：['xpath', "//span[@class='meta-title' and contains(text(),'BOM协作')]"] (basics.py:102)
[2022-08-31 17:55:01] [    INFO] 点击元素：('xpath', "//span[@class='meta-title' and contains(text(),'BOM协作')]")BOM协作 (basics.py:565)
[2022-08-31 17:55:01] [    INFO] 点击一级菜单：BOM协作 (BOM2.py:31)
[2022-08-31 17:55:01] [    INFO] 查找元素：['xpath', "//div[@class='menu-wrapper nest-menu']//span[contains(text(),'整机BOM协作')]"] (basics.py:102)
[2022-08-31 17:55:02] [    INFO] 点击元素：('xpath', "//div[@class='menu-wrapper nest-menu']//span[contains(text(),'整机BOM协作')]")整机BOM协作 (basics.py:565)
[2022-08-31 17:55:02] [    INFO] 点击二级菜单：整机BOM协作 (BOM2.py:33)
[2022-08-31 17:55:03] [    INFO] 刷新页面 (basics.py:337)
[2022-08-31 17:55:03] [    INFO] 查找元素：('xpath', "//button//span[contains(text(),'新增')]") (basics.py:106)
[2022-08-31 17:55:04] [    INFO] 点击元素：('xpath', "//button//span[contains(text(),'新增')]")None (basics.py:565)
[2022-08-31 17:56:04] [    INFO] 【TBM】项目【test】环境- UI自动化开始执行 (conftest.py:17)
[2022-08-31 17:56:04] [    INFO] 前置条件：传音统一登录开始 (conftest.py:21)
[2022-08-31 17:56:06] [    INFO] 打开网页：http://bom-sit.transsion.com/#/process/home-page (basics.py:63)
[2022-08-31 17:56:06] [    INFO] 查找元素：('xpath', "//div[@role='button']") (basics.py:106)
[2022-08-31 17:56:06] [    INFO] 点击元素：('xpath', "//div[@role='button']") (basics.py:206)
[2022-08-31 17:56:11] [    INFO] 查找元素：['xpath', "//*[contains(@id,'dropdown-menu-')]//li[1]"] (basics.py:106)
[2022-08-31 17:56:12] [    INFO] 查找元素：('xpath', "//div[@role='button']") (basics.py:106)
[2022-08-31 17:56:12] [    INFO] 点击元素：('xpath', "//div[@role='button']") (basics.py:206)
[2022-08-31 17:56:12] [    INFO] 查找元素：('id', 'tab-account') (basics.py:106)
[2022-08-31 17:56:13] [    INFO] 点击元素：('id', 'tab-account') (basics.py:206)
[2022-08-31 17:56:14] [    INFO] 查找元素：('xpath', "//*[@id='pane-account']/form/div[1]/div/div[1]/input") (basics.py:106)
[2022-08-31 17:56:14] [    INFO] 输入文本：18645960 (basics.py:137)
[2022-08-31 17:56:15] [    INFO] 查找元素：('xpath', "//*[@id='pane-account']/form/div[2]/div/div[1]/input") (basics.py:106)
[2022-08-31 17:56:15] [    INFO] 输入文本：xLily6x (basics.py:137)
[2022-08-31 17:56:16] [    INFO] 查找元素：('xpath', "//span[text()='我已阅读并接受']/../label/span/span") (basics.py:106)
[2022-08-31 17:56:16] [    INFO] 获取状态：False (basics.py:330)
[2022-08-31 17:56:16] [    INFO] 查找元素：('xpath', "//span[text()='我已阅读并接受']/../label/span/span") (basics.py:106)
[2022-08-31 17:56:16] [    INFO] 点击元素：('xpath', "//span[text()='我已阅读并接受']/../label/span/span") (basics.py:206)
[2022-08-31 17:56:17] [    INFO] 查找元素：('xpath', "//*[@id='pane-account']/form/button") (basics.py:106)
[2022-08-31 17:56:17] [    INFO] 点击元素：('xpath', "//*[@id='pane-account']/form/button") (basics.py:206)
[2022-08-31 17:56:23] [   ERROR] 正在截图... (basics.py:449)
[2022-08-31 17:56:24] [   ERROR] 日志正在附加截图... (basics.py:456)
[2022-08-31 17:56:24] [   ERROR] 日志附加截图成功 (basics.py:460)
[2022-08-31 17:56:24] [    INFO] 断言成功：页面存在该标识首页 | 关键字:首页 (assert_ui.py:167)
[2022-08-31 17:56:24] [    INFO] 前置条件：传音统一登录成功 (conftest.py:25)
[2022-08-31 17:56:24] [    INFO] 查找元素：['xpath', "//span[@class='meta-title' and contains(text(),'BOM协作')]"] (basics.py:102)
[2022-08-31 17:56:24] [    INFO] 点击元素：('xpath', "//span[@class='meta-title' and contains(text(),'BOM协作')]")BOM协作 (basics.py:565)
[2022-08-31 17:56:24] [    INFO] 点击一级菜单：BOM协作 (BOM2.py:31)
[2022-08-31 17:56:24] [    INFO] 查找元素：['xpath', "//div[@class='menu-wrapper nest-menu']//span[contains(text(),'整机BOM协作')]"] (basics.py:102)
[2022-08-31 17:56:25] [    INFO] 点击元素：('xpath', "//div[@class='menu-wrapper nest-menu']//span[contains(text(),'整机BOM协作')]")整机BOM协作 (basics.py:565)
[2022-08-31 17:56:25] [    INFO] 点击二级菜单：整机BOM协作 (BOM2.py:33)
[2022-08-31 17:56:26] [    INFO] 刷新页面 (basics.py:337)
[2022-08-31 17:56:26] [    INFO] 查找元素：('xpath', "//button//span[contains(text(),'新增')]") (basics.py:106)
[2022-08-31 17:56:27] [    INFO] 点击元素：('xpath', "//button//span[contains(text(),'新增')]")None (basics.py:565)
[2022-08-31 17:59:24] [    INFO] 【TBM】项目【test】环境- UI自动化开始执行 (conftest.py:17)
[2022-08-31 17:59:24] [    INFO] 前置条件：传音统一登录开始 (conftest.py:21)
[2022-08-31 17:59:27] [    INFO] 打开网页：http://bom-sit.transsion.com/#/process/home-page (basics.py:63)
[2022-08-31 17:59:27] [    INFO] 查找元素：('xpath', "//div[@role='button']") (basics.py:106)
[2022-08-31 17:59:27] [    INFO] 点击元素：('xpath', "//div[@role='button']") (basics.py:206)
[2022-08-31 17:59:32] [    INFO] 查找元素：['xpath', "//*[contains(@id,'dropdown-menu-')]//li[1]"] (basics.py:106)
[2022-08-31 17:59:33] [    INFO] 查找元素：('xpath', "//div[@role='button']") (basics.py:106)
[2022-08-31 17:59:33] [    INFO] 点击元素：('xpath', "//div[@role='button']") (basics.py:206)
[2022-08-31 17:59:33] [    INFO] 查找元素：('id', 'tab-account') (basics.py:106)
[2022-08-31 17:59:33] [    INFO] 点击元素：('id', 'tab-account') (basics.py:206)
[2022-08-31 17:59:34] [    INFO] 查找元素：('xpath', "//*[@id='pane-account']/form/div[1]/div/div[1]/input") (basics.py:106)
[2022-08-31 17:59:35] [    INFO] 输入文本：18645960 (basics.py:137)
[2022-08-31 17:59:36] [    INFO] 查找元素：('xpath', "//*[@id='pane-account']/form/div[2]/div/div[1]/input") (basics.py:106)
[2022-08-31 17:59:36] [    INFO] 输入文本：xLily6x (basics.py:137)
[2022-08-31 17:59:37] [    INFO] 查找元素：('xpath', "//span[text()='我已阅读并接受']/../label/span/span") (basics.py:106)
[2022-08-31 17:59:37] [    INFO] 获取状态：False (basics.py:330)
[2022-08-31 17:59:37] [    INFO] 查找元素：('xpath', "//span[text()='我已阅读并接受']/../label/span/span") (basics.py:106)
[2022-08-31 17:59:37] [    INFO] 点击元素：('xpath', "//span[text()='我已阅读并接受']/../label/span/span") (basics.py:206)
[2022-08-31 17:59:38] [    INFO] 查找元素：('xpath', "//*[@id='pane-account']/form/button") (basics.py:106)
[2022-08-31 17:59:38] [    INFO] 点击元素：('xpath', "//*[@id='pane-account']/form/button") (basics.py:206)
[2022-08-31 17:59:44] [   ERROR] 正在截图... (basics.py:449)
[2022-08-31 17:59:45] [   ERROR] 日志正在附加截图... (basics.py:456)
[2022-08-31 17:59:45] [   ERROR] 日志附加截图成功 (basics.py:460)
[2022-08-31 17:59:45] [    INFO] 断言成功：页面存在该标识首页 | 关键字:首页 (assert_ui.py:167)
[2022-08-31 17:59:45] [    INFO] 前置条件：传音统一登录成功 (conftest.py:25)
[2022-08-31 17:59:45] [    INFO] 查找元素：['xpath', "//span[@class='meta-title' and contains(text(),'BOM协作')]"] (basics.py:102)
[2022-08-31 17:59:45] [    INFO] 点击元素：('xpath', "//span[@class='meta-title' and contains(text(),'BOM协作')]")BOM协作 (basics.py:565)
[2022-08-31 17:59:45] [    INFO] 点击一级菜单：BOM协作 (BOM2.py:31)
[2022-08-31 17:59:45] [    INFO] 查找元素：['xpath', "//div[@class='menu-wrapper nest-menu']//span[contains(text(),'整机BOM协作')]"] (basics.py:102)
[2022-08-31 17:59:46] [    INFO] 点击元素：('xpath', "//div[@class='menu-wrapper nest-menu']//span[contains(text(),'整机BOM协作')]")整机BOM协作 (basics.py:565)
[2022-08-31 17:59:46] [    INFO] 点击二级菜单：整机BOM协作 (BOM2.py:33)
[2022-08-31 17:59:47] [    INFO] 刷新页面 (basics.py:337)
[2022-08-31 17:59:47] [    INFO] 查找元素：('xpath', "//button//span[contains(text(),'新增')]") (basics.py:106)
[2022-08-31 17:59:48] [    INFO] 点击元素：('xpath', "//button//span[contains(text(),'新增')]")None (basics.py:565)
