[2022-08-09 09:13:06] [    INFO] 【DRP】项目【test】环境- UI自动化开始执行 (conftest.py:14)
[2022-08-09 09:13:06] [    INFO] 前置条件：传音统一登录开始 (conftest.py:18)
[2022-08-09 09:13:12] [    INFO] 打开网页：http://10.250.112.166:9000/# (basics.py:64)
[2022-08-09 09:13:12] [    INFO] 查找元素：('xpath', "//div[@role='button']") (basics.py:107)
[2022-08-09 09:13:12] [    INFO] 点击元素：('xpath', "//div[@role='button']") (basics.py:191)
[2022-08-09 09:13:16] [    INFO] 查找元素：['xpath', "//*[contains(@id,'dropdown-menu-')]//li[1]"] (basics.py:107)
[2022-08-09 09:13:17] [    INFO] 查找元素：('xpath', "//div[@role='button']") (basics.py:107)
[2022-08-09 09:13:18] [    INFO] 点击元素：('xpath', "//div[@role='button']") (basics.py:191)
[2022-08-09 09:13:18] [    INFO] 查找元素：('id', 'tab-account') (basics.py:107)
[2022-08-09 09:13:18] [    INFO] 点击元素：('id', 'tab-account') (basics.py:191)
[2022-08-09 09:13:19] [    INFO] 查找元素：('xpath', "//*[@id='pane-account']/form/div[1]/div/div[1]/input") (basics.py:107)
[2022-08-09 09:13:19] [    INFO] 输入文本：18649572 (basics.py:138)
[2022-08-09 09:13:21] [    INFO] 查找元素：('xpath', "//*[@id='pane-account']/form/div[2]/div/div[1]/input") (basics.py:107)
[2022-08-09 09:13:21] [    INFO] 输入文本：xLily6x (basics.py:138)
[2022-08-09 09:13:22] [    INFO] 查找元素：('xpath', "//*[@id='pane-account']/form/div[4]/label/span/span") (basics.py:107)
[2022-08-09 09:13:22] [    INFO] 获取状态：False (basics.py:313)
[2022-08-09 09:13:22] [    INFO] 查找元素：('xpath', "//*[@id='pane-account']/form/div[4]/label/span/span") (basics.py:107)
[2022-08-09 09:13:22] [    INFO] 点击元素：('xpath', "//*[@id='pane-account']/form/div[4]/label/span/span") (basics.py:191)
[2022-08-09 09:13:22] [    INFO] 查找元素：('xpath', "//*[@id='pane-account']/form/button") (basics.py:107)
[2022-08-09 09:13:22] [    INFO] 点击元素：('xpath', "//*[@id='pane-account']/form/button") (basics.py:191)
[2022-08-09 09:13:29] [    INFO] 断言成功：URL为预期一致 | URL: http://10.250.112.166:9000/#/dashboard (assert_ui.py:190)
[2022-08-09 09:13:29] [    INFO] 断言成功: 该内容存在数据列表中 | word:隆江 (assert_ui.py:294)
[2022-08-09 09:13:29] [    INFO] 前置条件：传音统一登录成功 (conftest.py:25)
[2022-08-09 09:13:29] [    INFO] 模块前置条件：前往“DRP数据管理-机型库”页面 (DRPDataMgmt_ModelDatabase.py:10)
[2022-08-09 09:13:29] [    INFO] 查找元素：('xpath', '//*[@id="app"]/div/div[1]/div[2]/div[1]/div/ul/div[9]/li/div/span') (basics.py:107)
[2022-08-09 09:13:29] [    INFO] 点击元素：('xpath', '//*[@id="app"]/div/div[1]/div[2]/div[1]/div/ul/div[9]/li/div/span') (basics.py:191)
[2022-08-09 09:13:30] [    INFO] 查找元素：('xpath', "//li[@role='menuitem']//span[contains(text(),'机型库')]") (basics.py:107)
[2022-08-09 09:13:30] [    INFO] 点击元素：('xpath', "//li[@role='menuitem']//span[contains(text(),'机型库')]") (basics.py:191)
[2022-08-09 09:13:32] [    INFO] 断言成功：URL为预期一致 | URL: http://10.250.112.166:9000/#/dataManage/modelLibrary (assert_ui.py:190)
[2022-08-09 09:13:34] [    INFO] 查找元素：['xpath', "//div[@class='wrapper-tabs']//span[contains(text(),'产品信息')]"] (basics.py:107)
[2022-08-09 09:13:34] [    INFO] 选择点击：['xpath', "//div[@class='wrapper-tabs']//span[contains(text(),'产品信息')]"] (basics.py:188)
[2022-08-09 09:13:34] [    INFO] 前往菜单产品信息 (DRPDataMgmt_ModelDatabase.py:20)
[2022-08-09 09:13:34] [    INFO] 查找元素：('xpath', "//div[@class='left-btn']//button[1]") (basics.py:107)
[2022-08-09 09:13:34] [    INFO] 获取文本：新 增 (basics.py:302)
[2022-08-09 09:13:34] [    INFO] 查找元素：('xpath', "//div[@class='btn-tool-info']//button[@type='button']//span[contains(text(),'筛选')]") (basics.py:107)
[2022-08-09 09:13:35] [    INFO] 点击元素：('xpath', "//div[@class='btn-tool-info']//button[@type='button']//span[contains(text(),'筛选')]") (basics.py:191)
[2022-08-09 09:13:35] [    INFO] 打开筛选框 (DRPDataMgmt_ModelDatabase.py:48)
[2022-08-09 09:13:35] [    INFO] 查找元素：('xpath', "//label[@for='brandCode']/following-sibling::div//input[@placeholder='请选择']") (basics.py:107)
[2022-08-09 09:13:35] [    INFO] 点击元素：('xpath', "//label[@for='brandCode']/following-sibling::div//input[@placeholder='请选择']") (basics.py:191)
[2022-08-09 09:13:38] [    INFO] 查找元素：['xpath', "//div[@x-placement='bottom-start']//li[2]"] (basics.py:107)
[2022-08-09 09:13:38] [    INFO] 选择点击：['xpath', "//div[@x-placement='bottom-start']//li[2]"] (basics.py:188)
[2022-08-09 09:13:38] [    INFO] 筛选品牌：itel (DRPDataMgmt_ModelDatabase.py:310)
[2022-08-09 09:13:38] [    INFO] 查找元素：('xpath', "//label[@for='seriesSenior']/following-sibling::div//input[@placeholder='请选择']") (basics.py:107)
[2022-08-09 09:13:38] [    INFO] 点击元素：('xpath', "//label[@for='seriesSenior']/following-sibling::div//input[@placeholder='请选择']") (basics.py:191)
[2022-08-09 09:13:40] [    INFO] 查找元素：['xpath', "//div[@x-placement='bottom-start']//li[2]"] (basics.py:107)
[2022-08-09 09:13:40] [    INFO] 选择点击：['xpath', "//div[@x-placement='bottom-start']//li[2]"] (basics.py:188)
[2022-08-09 09:13:40] [    INFO] 筛选大类粗：智能机 (DRPDataMgmt_ModelDatabase.py:321)
[2022-08-09 09:13:41] [    INFO] 查找元素：('xpath', "//label[@for='modelName']/following-sibling::div//input[@placeholder='请输入关键字']") (basics.py:107)
[2022-08-09 09:13:41] [    INFO] 输入文本：S11 64+4 (basics.py:155)
[2022-08-09 09:13:44] [    INFO] 查找元素：['xpath', "//li[@class='el-select-dropdown__item']//span[text()='S11 64+4']"] (basics.py:107)
[2022-08-09 09:13:44] [    INFO] 选择点击：['xpath', "//li[@class='el-select-dropdown__item']//span[text()='S11 64+4']"] (basics.py:188)
[2022-08-09 09:13:44] [    INFO] 筛选机型：S11 64+4 (DRPDataMgmt_ModelDatabase.py:349)
[2022-08-09 09:13:44] [    INFO] 查找元素：('xpath', "//label[@for='marketName']/following-sibling::div//input[@placeholder='请输入关键字']") (basics.py:107)
[2022-08-09 09:13:44] [    INFO] 输入文本：India (basics.py:155)
[2022-08-09 09:13:46] [    INFO] 查找元素：['xpath', "//li[@class='el-select-dropdown__item']//span[text()='India']"] (basics.py:107)
[2022-08-09 09:13:46] [    INFO] 选择点击：['xpath', "//li[@class='el-select-dropdown__item']//span[text()='India']"] (basics.py:188)
[2022-08-09 09:13:46] [    INFO] 筛选市场名：India (DRPDataMgmt_ModelDatabase.py:355)
[2022-08-09 09:13:47] [    INFO] 查找元素：('xpath', "//label[@for='projectSeries']/following-sibling::div//input[@placeholder='请输入关键字']") (basics.py:107)
[2022-08-09 09:13:47] [    INFO] 输入文本：A (basics.py:155)
[2022-08-09 09:13:49] [    INFO] 查找元素：['xpath', "//li[@class='el-select-dropdown__item']//span[text()='A']"] (basics.py:107)
[2022-08-09 09:13:49] [    INFO] 选择点击：['xpath', "//li[@class='el-select-dropdown__item']//span[text()='A']"] (basics.py:188)
[2022-08-09 09:13:49] [    INFO] 筛选系列：A (DRPDataMgmt_ModelDatabase.py:361)
[2022-08-09 09:13:50] [    INFO] 查找元素：('xpath', "//label[@for='modelCode']/following-sibling::div//input[@placeholder='请输入关键字']") (basics.py:107)
[2022-08-09 09:13:50] [    INFO] 输入文本：S11 (basics.py:155)
[2022-08-09 09:13:52] [    INFO] 查找元素：['xpath', "//li[@class='el-select-dropdown__item']//span[text()='S11']"] (basics.py:107)
[2022-08-09 09:13:52] [    INFO] 选择点击：['xpath', "//li[@class='el-select-dropdown__item']//span[text()='S11']"] (basics.py:188)
[2022-08-09 09:13:52] [    INFO] 筛选项目名：S11 (DRPDataMgmt_ModelDatabase.py:367)
[2022-08-09 09:13:52] [    INFO] 查找元素：('xpath', "//label[@for='fstatus']/following-sibling::div//input[@placeholder='请选择']") (basics.py:107)
[2022-08-09 09:13:52] [    INFO] 点击元素：('xpath', "//label[@for='fstatus']/following-sibling::div//input[@placeholder='请选择']") (basics.py:191)
[2022-08-09 09:13:55] [    INFO] 查找元素：['xpath', "//div[@x-placement='bottom-start']//li[2]"] (basics.py:107)
[2022-08-09 09:13:55] [    INFO] 选择点击：['xpath', "//div[@x-placement='bottom-start']//li[2]"] (basics.py:188)
[2022-08-09 09:13:55] [    INFO] 筛选状态：MP (DRPDataMgmt_ModelDatabase.py:382)
[2022-08-09 09:13:55] [    INFO] 查找元素：('xpath', "//label[@for='origin']/following-sibling::div//input[@placeholder='请选择']") (basics.py:107)
[2022-08-09 09:13:55] [    INFO] 点击元素：('xpath', "//label[@for='origin']/following-sibling::div//input[@placeholder='请选择']") (basics.py:191)
[2022-08-09 09:13:57] [    INFO] 查找元素：['xpath', "//div[@x-placement='bottom-start']//li[1]"] (basics.py:107)
[2022-08-09 09:14:06] [    INFO] 选择点击：['xpath', "//div[@x-placement='bottom-start']//li[1]"] (basics.py:188)
[2022-08-09 09:14:06] [    INFO] 筛选来源：数仓 (DRPDataMgmt_ModelDatabase.py:393)
[2022-08-09 09:14:06] [    INFO] 查找元素：('xpath', "//div[@class='el-form-item el-form-item--medium']//label[@for='supplyType']/following-sibling::div//input[@placeholder='请选择']") (basics.py:107)
[2022-08-09 09:14:07] [    INFO] 点击元素：('xpath', "//div[@class='el-form-item el-form-item--medium']//label[@for='supplyType']/following-sibling::div//input[@placeholder='请选择']") (basics.py:191)
[2022-08-09 09:14:09] [    INFO] 查找元素：['xpath', "//div[@x-placement='bottom-start']//li[2]"] (basics.py:107)
[2022-08-09 09:14:09] [    INFO] 选择点击：['xpath', "//div[@x-placement='bottom-start']//li[2]"] (basics.py:188)
[2022-08-09 09:14:09] [    INFO] 筛选供应类型：外购 (DRPDataMgmt_ModelDatabase.py:404)
[2022-08-09 09:14:09] [    INFO] 查找元素：('xpath', "//div[@class='screen-btns']//button//span[contains(text(),'查  询')]") (basics.py:107)
[2022-08-09 09:14:09] [    INFO] 点击元素：('xpath', "//div[@class='screen-btns']//button//span[contains(text(),'查  询')]") (basics.py:191)
[2022-08-09 09:14:10] [    INFO] 筛选查询 (DRPDataMgmt_ModelDatabase.py:409)
[2022-08-09 09:14:10] [    INFO] 查找元素：['xpath', "//div[2]//div[3]//table[@class='el-table__body']//tbody//tr//td[22]"] (basics.py:107)
[2022-08-09 09:19:18] [    INFO] 【DRP】项目【test】环境- UI自动化开始执行 (conftest.py:14)
[2022-08-09 09:19:18] [    INFO] 前置条件：传音统一登录开始 (conftest.py:18)
[2022-08-09 09:19:21] [    INFO] 打开网页：http://10.250.112.166:9000/# (basics.py:64)
[2022-08-09 09:19:21] [    INFO] 查找元素：('xpath', "//div[@role='button']") (basics.py:107)
[2022-08-09 09:19:21] [    INFO] 点击元素：('xpath', "//div[@role='button']") (basics.py:191)
[2022-08-09 09:19:26] [    INFO] 查找元素：['xpath', "//*[contains(@id,'dropdown-menu-')]//li[1]"] (basics.py:107)
[2022-08-09 09:19:27] [    INFO] 查找元素：('xpath', "//div[@role='button']") (basics.py:107)
[2022-08-09 09:19:27] [    INFO] 点击元素：('xpath', "//div[@role='button']") (basics.py:191)
[2022-08-09 09:19:28] [    INFO] 查找元素：('id', 'tab-account') (basics.py:107)
[2022-08-09 09:19:28] [    INFO] 点击元素：('id', 'tab-account') (basics.py:191)
[2022-08-09 09:19:29] [    INFO] 查找元素：('xpath', "//*[@id='pane-account']/form/div[1]/div/div[1]/input") (basics.py:107)
[2022-08-09 09:19:29] [    INFO] 输入文本：18649572 (basics.py:138)
[2022-08-09 09:19:30] [    INFO] 查找元素：('xpath', "//*[@id='pane-account']/form/div[2]/div/div[1]/input") (basics.py:107)
[2022-08-09 09:19:30] [    INFO] 输入文本：xLily6x (basics.py:138)
[2022-08-09 09:19:31] [    INFO] 查找元素：('xpath', "//*[@id='pane-account']/form/div[4]/label/span/span") (basics.py:107)
[2022-08-09 09:19:31] [    INFO] 获取状态：False (basics.py:313)
[2022-08-09 09:19:31] [    INFO] 查找元素：('xpath', "//*[@id='pane-account']/form/div[4]/label/span/span") (basics.py:107)
[2022-08-09 09:19:31] [    INFO] 点击元素：('xpath', "//*[@id='pane-account']/form/div[4]/label/span/span") (basics.py:191)
[2022-08-09 09:19:32] [    INFO] 查找元素：('xpath', "//*[@id='pane-account']/form/button") (basics.py:107)
[2022-08-09 09:19:32] [    INFO] 点击元素：('xpath', "//*[@id='pane-account']/form/button") (basics.py:191)
[2022-08-09 09:19:38] [    INFO] 断言成功：URL为预期一致 | URL: http://10.250.112.166:9000/#/dashboard (assert_ui.py:190)
[2022-08-09 09:19:39] [    INFO] 断言成功: 该内容存在数据列表中 | word:隆江 (assert_ui.py:294)
[2022-08-09 09:19:39] [    INFO] 前置条件：传音统一登录成功 (conftest.py:25)
[2022-08-09 09:19:39] [    INFO] 模块前置条件：前往“DRP数据管理-机型库”页面 (DRPDataMgmt_ModelDatabase.py:10)
[2022-08-09 09:19:39] [    INFO] 查找元素：('xpath', '//*[@id="app"]/div/div[1]/div[2]/div[1]/div/ul/div[9]/li/div/span') (basics.py:107)
[2022-08-09 09:19:39] [    INFO] 点击元素：('xpath', '//*[@id="app"]/div/div[1]/div[2]/div[1]/div/ul/div[9]/li/div/span') (basics.py:191)
[2022-08-09 09:19:39] [    INFO] 查找元素：('xpath', "//li[@role='menuitem']//span[contains(text(),'机型库')]") (basics.py:107)
[2022-08-09 09:19:39] [    INFO] 点击元素：('xpath', "//li[@role='menuitem']//span[contains(text(),'机型库')]") (basics.py:191)
[2022-08-09 09:19:42] [    INFO] 断言成功：URL为预期一致 | URL: http://10.250.112.166:9000/#/dataManage/modelLibrary (assert_ui.py:190)
[2022-08-09 09:19:44] [    INFO] 查找元素：['xpath', "//div[@class='wrapper-tabs']//span[contains(text(),'产品信息')]"] (basics.py:107)
[2022-08-09 09:19:44] [    INFO] 选择点击：['xpath', "//div[@class='wrapper-tabs']//span[contains(text(),'产品信息')]"] (basics.py:188)
[2022-08-09 09:19:44] [    INFO] 前往菜单产品信息 (DRPDataMgmt_ModelDatabase.py:20)
[2022-08-09 09:19:44] [    INFO] 查找元素：('xpath', "//div[@class='left-btn']//button[1]") (basics.py:107)
[2022-08-09 09:19:44] [    INFO] 获取文本：新 增 (basics.py:302)
[2022-08-09 09:19:44] [    INFO] 查找元素：('xpath', "//div[@class='btn-tool-info']//button[@type='button']//span[contains(text(),'筛选')]") (basics.py:107)
[2022-08-09 09:19:44] [    INFO] 点击元素：('xpath', "//div[@class='btn-tool-info']//button[@type='button']//span[contains(text(),'筛选')]") (basics.py:191)
[2022-08-09 09:19:45] [    INFO] 打开筛选框 (DRPDataMgmt_ModelDatabase.py:48)
[2022-08-09 09:19:45] [    INFO] 查找元素：('xpath', "//label[@for='brandCode']/following-sibling::div//input[@placeholder='请选择']") (basics.py:107)
[2022-08-09 09:19:45] [    INFO] 点击元素：('xpath', "//label[@for='brandCode']/following-sibling::div//input[@placeholder='请选择']") (basics.py:191)
[2022-08-09 09:19:47] [    INFO] 查找元素：['xpath', "//div[@x-placement='bottom-start']//li[2]"] (basics.py:107)
[2022-08-09 09:19:47] [    INFO] 选择点击：['xpath', "//div[@x-placement='bottom-start']//li[2]"] (basics.py:188)
[2022-08-09 09:19:47] [    INFO] 筛选品牌：itel (DRPDataMgmt_ModelDatabase.py:310)
[2022-08-09 09:19:47] [    INFO] 查找元素：('xpath', "//label[@for='seriesSenior']/following-sibling::div//input[@placeholder='请选择']") (basics.py:107)
[2022-08-09 09:19:47] [    INFO] 点击元素：('xpath', "//label[@for='seriesSenior']/following-sibling::div//input[@placeholder='请选择']") (basics.py:191)
[2022-08-09 09:19:50] [    INFO] 查找元素：['xpath', "//div[@x-placement='bottom-start']//li[2]"] (basics.py:107)
[2022-08-09 09:19:50] [    INFO] 选择点击：['xpath', "//div[@x-placement='bottom-start']//li[2]"] (basics.py:188)
[2022-08-09 09:19:50] [    INFO] 筛选大类粗：智能机 (DRPDataMgmt_ModelDatabase.py:321)
[2022-08-09 09:19:50] [    INFO] 查找元素：('xpath', "//label[@for='modelName']/following-sibling::div//input[@placeholder='请输入关键字']") (basics.py:107)
[2022-08-09 09:19:51] [    INFO] 输入文本：S11 64+4 (basics.py:155)
[2022-08-09 09:19:53] [    INFO] 查找元素：['xpath', "//li[@class='el-select-dropdown__item']//span[text()='S11 64+4']"] (basics.py:107)
[2022-08-09 09:19:53] [    INFO] 选择点击：['xpath', "//li[@class='el-select-dropdown__item']//span[text()='S11 64+4']"] (basics.py:188)
[2022-08-09 09:19:53] [    INFO] 筛选机型：S11 64+4 (DRPDataMgmt_ModelDatabase.py:349)
[2022-08-09 09:19:54] [    INFO] 查找元素：('xpath', "//label[@for='marketName']/following-sibling::div//input[@placeholder='请输入关键字']") (basics.py:107)
[2022-08-09 09:19:54] [    INFO] 输入文本：India (basics.py:155)
[2022-08-09 09:19:56] [    INFO] 查找元素：['xpath', "//li[@class='el-select-dropdown__item']//span[text()='India']"] (basics.py:107)
[2022-08-09 09:19:56] [    INFO] 选择点击：['xpath', "//li[@class='el-select-dropdown__item']//span[text()='India']"] (basics.py:188)
[2022-08-09 09:19:56] [    INFO] 筛选市场名：India (DRPDataMgmt_ModelDatabase.py:355)
[2022-08-09 09:19:56] [    INFO] 查找元素：('xpath', "//label[@for='projectSeries']/following-sibling::div//input[@placeholder='请输入关键字']") (basics.py:107)
[2022-08-09 09:19:57] [    INFO] 输入文本：A (basics.py:155)
[2022-08-09 09:19:59] [    INFO] 查找元素：['xpath', "//li[@class='el-select-dropdown__item']//span[text()='A']"] (basics.py:107)
[2022-08-09 09:19:59] [    INFO] 选择点击：['xpath', "//li[@class='el-select-dropdown__item']//span[text()='A']"] (basics.py:188)
[2022-08-09 09:19:59] [    INFO] 筛选系列：A (DRPDataMgmt_ModelDatabase.py:361)
[2022-08-09 09:19:59] [    INFO] 查找元素：('xpath', "//label[@for='modelCode']/following-sibling::div//input[@placeholder='请输入关键字']") (basics.py:107)
[2022-08-09 09:19:59] [    INFO] 输入文本：S11 (basics.py:155)
[2022-08-09 09:20:01] [    INFO] 查找元素：['xpath', "//li[@class='el-select-dropdown__item']//span[text()='S11']"] (basics.py:107)
[2022-08-09 09:20:01] [    INFO] 选择点击：['xpath', "//li[@class='el-select-dropdown__item']//span[text()='S11']"] (basics.py:188)
[2022-08-09 09:20:01] [    INFO] 筛选项目名：S11 (DRPDataMgmt_ModelDatabase.py:367)
[2022-08-09 09:20:01] [    INFO] 查找元素：('xpath', "//label[@for='fstatus']/following-sibling::div//input[@placeholder='请选择']") (basics.py:107)
[2022-08-09 09:20:02] [    INFO] 点击元素：('xpath', "//label[@for='fstatus']/following-sibling::div//input[@placeholder='请选择']") (basics.py:191)
[2022-08-09 09:20:04] [    INFO] 查找元素：['xpath', "//div[@x-placement='bottom-start']//li[2]"] (basics.py:107)
[2022-08-09 09:20:04] [    INFO] 选择点击：['xpath', "//div[@x-placement='bottom-start']//li[2]"] (basics.py:188)
[2022-08-09 09:20:04] [    INFO] 筛选状态：MP (DRPDataMgmt_ModelDatabase.py:382)
[2022-08-09 09:20:04] [    INFO] 查找元素：('xpath', "//label[@for='origin']/following-sibling::div//input[@placeholder='请选择']") (basics.py:107)
[2022-08-09 09:20:04] [    INFO] 点击元素：('xpath', "//label[@for='origin']/following-sibling::div//input[@placeholder='请选择']") (basics.py:191)
[2022-08-09 09:20:07] [    INFO] 查找元素：['xpath', "//div[@x-placement='bottom-start']//li[1]"] (basics.py:107)
[2022-08-09 09:20:07] [    INFO] 选择点击：['xpath', "//div[@x-placement='bottom-start']//li[1]"] (basics.py:188)
[2022-08-09 09:20:07] [    INFO] 筛选来源：数仓 (DRPDataMgmt_ModelDatabase.py:393)
[2022-08-09 09:20:07] [    INFO] 查找元素：('xpath', "//div[@class='el-form-item el-form-item--medium']//label[@for='supplyType']/following-sibling::div//input[@placeholder='请选择']") (basics.py:107)
[2022-08-09 09:20:07] [    INFO] 点击元素：('xpath', "//div[@class='el-form-item el-form-item--medium']//label[@for='supplyType']/following-sibling::div//input[@placeholder='请选择']") (basics.py:191)
[2022-08-09 09:20:09] [    INFO] 查找元素：['xpath', "//div[@x-placement='bottom-start']//li[2]"] (basics.py:107)
[2022-08-09 09:20:10] [    INFO] 选择点击：['xpath', "//div[@x-placement='bottom-start']//li[2]"] (basics.py:188)
[2022-08-09 09:20:10] [    INFO] 筛选供应类型：外购 (DRPDataMgmt_ModelDatabase.py:404)
[2022-08-09 09:20:10] [    INFO] 查找元素：('xpath', "//div[@class='screen-btns']//button//span[contains(text(),'查  询')]") (basics.py:107)
[2022-08-09 09:20:10] [    INFO] 点击元素：('xpath', "//div[@class='screen-btns']//button//span[contains(text(),'查  询')]") (basics.py:191)
[2022-08-09 09:20:10] [    INFO] 筛选查询 (DRPDataMgmt_ModelDatabase.py:409)
[2022-08-09 09:20:10] [    INFO] 查找元素：['xpath', "//div[2]//div[3]//table[@class='el-table__body']//tbody//tr//td[22]"] (basics.py:107)
[2022-08-09 09:20:10] [    INFO] 滚动条至：['xpath', "//div[2]//div[3]//table[@class='el-table__body']//tbody//tr//td[22]"] (basics.py:173)
[2022-08-09 09:20:10] [    INFO] 查找元素：['xpath', "//div[2]//div[3]//table[@class='el-table__body']//tbody//tr//td[22]"] (basics.py:118)
[2022-08-09 09:20:11] [    INFO] 获取表格搜索结果的所有信息文本['隆江'] (DRPDataMgmt_ModelDatabase.py:431)
[2022-08-09 09:20:11] [    INFO] 断言成功，选项值包含：('隆江',) (DRPDataMgmt_ModelDatabase.py:444)
[2022-08-09 09:20:11] [    INFO] 列表操作，前置条件过滤完成 (DRPDataMgmt_ModelDatabase.py:354)
[2022-08-09 09:20:11] [    INFO] 查找元素：['xpath', "//div[2]//div[3]//table[@class='el-table__body']//tbody//tr//td[22]"] (basics.py:118)
[2022-08-09 09:20:11] [    INFO] 点击指定行编辑按钮成功 (DRPDataMgmt_ModelDatabase.py:459)
[2022-08-09 09:20:11] [    INFO] 无此选项，退出编辑 (DRPDataMgmt_ModelDatabase.py:477)
[2022-08-09 09:20:11] [    INFO] 编辑保存成功 (DRPDataMgmt_ModelDatabase.py:483)
[2022-08-09 09:20:11] [    INFO] 查找元素：('xpath', "//div[@role='alert']//p") (basics.py:107)
[2022-08-09 09:20:11] [    INFO] 获取文本： (basics.py:302)
[2022-08-09 09:28:44] [    INFO] 【DRP】项目【test】环境- UI自动化开始执行 (conftest.py:14)
[2022-08-09 09:28:44] [    INFO] 前置条件：传音统一登录开始 (conftest.py:18)
[2022-08-09 09:28:48] [    INFO] 打开网页：http://10.250.112.166:9000/# (basics.py:64)
[2022-08-09 09:28:48] [    INFO] 查找元素：('xpath', "//div[@role='button']") (basics.py:107)
[2022-08-09 09:28:48] [    INFO] 点击元素：('xpath', "//div[@role='button']") (basics.py:191)
[2022-08-09 09:28:52] [    INFO] 查找元素：['xpath', "//*[contains(@id,'dropdown-menu-')]//li[1]"] (basics.py:107)
[2022-08-09 09:28:53] [    INFO] 查找元素：('xpath', "//div[@role='button']") (basics.py:107)
[2022-08-09 09:28:53] [    INFO] 点击元素：('xpath', "//div[@role='button']") (basics.py:191)
[2022-08-09 09:28:54] [    INFO] 查找元素：('id', 'tab-account') (basics.py:107)
[2022-08-09 09:28:54] [    INFO] 点击元素：('id', 'tab-account') (basics.py:191)
[2022-08-09 09:28:55] [    INFO] 查找元素：('xpath', "//*[@id='pane-account']/form/div[1]/div/div[1]/input") (basics.py:107)
[2022-08-09 09:28:55] [    INFO] 输入文本：18649572 (basics.py:138)
[2022-08-09 09:28:56] [    INFO] 查找元素：('xpath', "//*[@id='pane-account']/form/div[2]/div/div[1]/input") (basics.py:107)
[2022-08-09 09:28:56] [    INFO] 输入文本：xLily6x (basics.py:138)
[2022-08-09 09:28:57] [    INFO] 查找元素：('xpath', "//*[@id='pane-account']/form/div[4]/label/span/span") (basics.py:107)
[2022-08-09 09:28:57] [    INFO] 获取状态：False (basics.py:313)
[2022-08-09 09:28:57] [    INFO] 查找元素：('xpath', "//*[@id='pane-account']/form/div[4]/label/span/span") (basics.py:107)
[2022-08-09 09:28:58] [    INFO] 点击元素：('xpath', "//*[@id='pane-account']/form/div[4]/label/span/span") (basics.py:191)
[2022-08-09 09:28:58] [    INFO] 查找元素：('xpath', "//*[@id='pane-account']/form/button") (basics.py:107)
[2022-08-09 09:28:58] [    INFO] 点击元素：('xpath', "//*[@id='pane-account']/form/button") (basics.py:191)
[2022-08-09 09:29:05] [    INFO] 断言成功：URL为预期一致 | URL: http://10.250.112.166:9000/#/dashboard (assert_ui.py:190)
[2022-08-09 09:29:05] [    INFO] 断言成功: 该内容存在数据列表中 | word:隆江 (assert_ui.py:294)
[2022-08-09 09:29:05] [    INFO] 前置条件：传音统一登录成功 (conftest.py:25)
[2022-08-09 09:29:05] [    INFO] 模块前置条件：前往“DRP数据管理-机型库”页面 (DRPDataMgmt_ModelDatabase.py:10)
[2022-08-09 09:29:05] [    INFO] 查找元素：('xpath', '//*[@id="app"]/div/div[1]/div[2]/div[1]/div/ul/div[9]/li/div/span') (basics.py:107)
[2022-08-09 09:29:05] [    INFO] 点击元素：('xpath', '//*[@id="app"]/div/div[1]/div[2]/div[1]/div/ul/div[9]/li/div/span') (basics.py:191)
[2022-08-09 09:29:05] [    INFO] 查找元素：('xpath', "//li[@role='menuitem']//span[contains(text(),'机型库')]") (basics.py:107)
[2022-08-09 09:29:06] [    INFO] 点击元素：('xpath', "//li[@role='menuitem']//span[contains(text(),'机型库')]") (basics.py:191)
[2022-08-09 09:29:08] [    INFO] 断言成功：URL为预期一致 | URL: http://10.250.112.166:9000/#/dataManage/modelLibrary (assert_ui.py:190)
[2022-08-09 09:29:10] [    INFO] 查找元素：['xpath', "//div[@class='wrapper-tabs']//span[contains(text(),'产品信息')]"] (basics.py:107)
[2022-08-09 09:29:10] [    INFO] 选择点击：['xpath', "//div[@class='wrapper-tabs']//span[contains(text(),'产品信息')]"] (basics.py:188)
[2022-08-09 09:29:10] [    INFO] 前往菜单产品信息 (DRPDataMgmt_ModelDatabase.py:20)
[2022-08-09 09:29:10] [    INFO] 查找元素：('xpath', "//div[@class='left-btn']//button[1]") (basics.py:107)
[2022-08-09 09:29:10] [    INFO] 获取文本：新 增 (basics.py:302)
[2022-08-09 09:29:10] [    INFO] 查找元素：('xpath', "//div[@class='btn-tool-info']//button[@type='button']//span[contains(text(),'筛选')]") (basics.py:107)
[2022-08-09 09:29:10] [    INFO] 点击元素：('xpath', "//div[@class='btn-tool-info']//button[@type='button']//span[contains(text(),'筛选')]") (basics.py:191)
[2022-08-09 09:29:11] [    INFO] 打开筛选框 (DRPDataMgmt_ModelDatabase.py:48)
[2022-08-09 09:29:11] [    INFO] 查找元素：('xpath', "//label[@for='brandCode']/following-sibling::div//input[@placeholder='请选择']") (basics.py:107)
[2022-08-09 09:29:11] [    INFO] 点击元素：('xpath', "//label[@for='brandCode']/following-sibling::div//input[@placeholder='请选择']") (basics.py:191)
[2022-08-09 09:29:13] [    INFO] 查找元素：['xpath', "//div[@x-placement='bottom-start']//li[2]"] (basics.py:107)
[2022-08-09 09:29:13] [    INFO] 选择点击：['xpath', "//div[@x-placement='bottom-start']//li[2]"] (basics.py:188)
[2022-08-09 09:29:13] [    INFO] 筛选品牌：itel (DRPDataMgmt_ModelDatabase.py:310)
[2022-08-09 09:29:13] [    INFO] 查找元素：('xpath', "//label[@for='seriesSenior']/following-sibling::div//input[@placeholder='请选择']") (basics.py:107)
[2022-08-09 09:29:14] [    INFO] 点击元素：('xpath', "//label[@for='seriesSenior']/following-sibling::div//input[@placeholder='请选择']") (basics.py:191)
[2022-08-09 09:29:16] [    INFO] 查找元素：['xpath', "//div[@x-placement='bottom-start']//li[2]"] (basics.py:107)
[2022-08-09 09:29:16] [    INFO] 选择点击：['xpath', "//div[@x-placement='bottom-start']//li[2]"] (basics.py:188)
[2022-08-09 09:29:16] [    INFO] 筛选大类粗：智能机 (DRPDataMgmt_ModelDatabase.py:321)
[2022-08-09 09:29:17] [    INFO] 查找元素：('xpath', "//label[@for='modelName']/following-sibling::div//input[@placeholder='请输入关键字']") (basics.py:107)
[2022-08-09 09:29:17] [    INFO] 输入文本：S11 64+4 (basics.py:155)
[2022-08-09 09:29:19] [    INFO] 查找元素：['xpath', "//li[@class='el-select-dropdown__item']//span[text()='S11 64+4']"] (basics.py:107)
[2022-08-09 09:29:19] [    INFO] 选择点击：['xpath', "//li[@class='el-select-dropdown__item']//span[text()='S11 64+4']"] (basics.py:188)
[2022-08-09 09:29:19] [    INFO] 筛选机型：S11 64+4 (DRPDataMgmt_ModelDatabase.py:349)
[2022-08-09 09:29:20] [    INFO] 查找元素：('xpath', "//label[@for='marketName']/following-sibling::div//input[@placeholder='请输入关键字']") (basics.py:107)
[2022-08-09 09:29:20] [    INFO] 输入文本：India (basics.py:155)
[2022-08-09 09:29:22] [    INFO] 查找元素：['xpath', "//li[@class='el-select-dropdown__item']//span[text()='India']"] (basics.py:107)
[2022-08-09 09:29:22] [    INFO] 选择点击：['xpath', "//li[@class='el-select-dropdown__item']//span[text()='India']"] (basics.py:188)
[2022-08-09 09:29:22] [    INFO] 筛选市场名：India (DRPDataMgmt_ModelDatabase.py:355)
[2022-08-09 09:29:23] [    INFO] 查找元素：('xpath', "//label[@for='projectSeries']/following-sibling::div//input[@placeholder='请输入关键字']") (basics.py:107)
[2022-08-09 09:29:23] [    INFO] 输入文本：A (basics.py:155)
[2022-08-09 09:29:25] [    INFO] 查找元素：['xpath', "//li[@class='el-select-dropdown__item']//span[text()='A']"] (basics.py:107)
[2022-08-09 09:29:25] [    INFO] 选择点击：['xpath', "//li[@class='el-select-dropdown__item']//span[text()='A']"] (basics.py:188)
[2022-08-09 09:29:25] [    INFO] 筛选系列：A (DRPDataMgmt_ModelDatabase.py:361)
[2022-08-09 09:29:25] [    INFO] 查找元素：('xpath', "//label[@for='modelCode']/following-sibling::div//input[@placeholder='请输入关键字']") (basics.py:107)
[2022-08-09 09:29:25] [    INFO] 输入文本：S11 (basics.py:155)
[2022-08-09 09:29:27] [    INFO] 查找元素：['xpath', "//li[@class='el-select-dropdown__item']//span[text()='S11']"] (basics.py:107)
[2022-08-09 09:29:27] [    INFO] 选择点击：['xpath', "//li[@class='el-select-dropdown__item']//span[text()='S11']"] (basics.py:188)
[2022-08-09 09:29:27] [    INFO] 筛选项目名：S11 (DRPDataMgmt_ModelDatabase.py:367)
[2022-08-09 09:29:27] [    INFO] 查找元素：('xpath', "//label[@for='fstatus']/following-sibling::div//input[@placeholder='请选择']") (basics.py:107)
[2022-08-09 09:29:28] [    INFO] 点击元素：('xpath', "//label[@for='fstatus']/following-sibling::div//input[@placeholder='请选择']") (basics.py:191)
[2022-08-09 09:29:30] [    INFO] 查找元素：['xpath', "//div[@x-placement='bottom-start']//li[2]"] (basics.py:107)
[2022-08-09 09:29:30] [    INFO] 选择点击：['xpath', "//div[@x-placement='bottom-start']//li[2]"] (basics.py:188)
[2022-08-09 09:29:30] [    INFO] 筛选状态：MP (DRPDataMgmt_ModelDatabase.py:382)
[2022-08-09 09:29:30] [    INFO] 查找元素：('xpath', "//label[@for='origin']/following-sibling::div//input[@placeholder='请选择']") (basics.py:107)
[2022-08-09 09:29:30] [    INFO] 点击元素：('xpath', "//label[@for='origin']/following-sibling::div//input[@placeholder='请选择']") (basics.py:191)
[2022-08-09 09:29:33] [    INFO] 查找元素：['xpath', "//div[@x-placement='bottom-start']//li[1]"] (basics.py:107)
[2022-08-09 09:29:33] [    INFO] 选择点击：['xpath', "//div[@x-placement='bottom-start']//li[1]"] (basics.py:188)
[2022-08-09 09:29:33] [    INFO] 筛选来源：数仓 (DRPDataMgmt_ModelDatabase.py:393)
[2022-08-09 09:29:33] [    INFO] 查找元素：('xpath', "//div[@class='el-form-item el-form-item--medium']//label[@for='supplyType']/following-sibling::div//input[@placeholder='请选择']") (basics.py:107)
[2022-08-09 09:29:33] [    INFO] 点击元素：('xpath', "//div[@class='el-form-item el-form-item--medium']//label[@for='supplyType']/following-sibling::div//input[@placeholder='请选择']") (basics.py:191)
[2022-08-09 09:29:35] [    INFO] 查找元素：['xpath', "//div[@x-placement='bottom-start']//li[2]"] (basics.py:107)
[2022-08-09 09:29:35] [    INFO] 选择点击：['xpath', "//div[@x-placement='bottom-start']//li[2]"] (basics.py:188)
[2022-08-09 09:29:35] [    INFO] 筛选供应类型：外购 (DRPDataMgmt_ModelDatabase.py:404)
[2022-08-09 09:29:35] [    INFO] 查找元素：('xpath', "//div[@class='screen-btns']//button//span[contains(text(),'查  询')]") (basics.py:107)
[2022-08-09 09:29:36] [    INFO] 点击元素：('xpath', "//div[@class='screen-btns']//button//span[contains(text(),'查  询')]") (basics.py:191)
[2022-08-09 09:29:36] [    INFO] 筛选查询 (DRPDataMgmt_ModelDatabase.py:409)
[2022-08-09 09:29:36] [    INFO] 查找元素：['xpath', "//div[2]//div[3]//table[@class='el-table__body']//tbody//tr//td[22]"] (basics.py:107)
[2022-08-09 09:29:36] [    INFO] 滚动条至：['xpath', "//div[2]//div[3]//table[@class='el-table__body']//tbody//tr//td[22]"] (basics.py:173)
[2022-08-09 09:29:36] [    INFO] 查找元素：['xpath', "//div[2]//div[3]//table[@class='el-table__body']//tbody//tr//td[22]"] (basics.py:118)
[2022-08-09 09:29:36] [    INFO] 获取表格搜索结果的所有信息文本['隆江'] (DRPDataMgmt_ModelDatabase.py:431)
[2022-08-09 09:29:36] [    INFO] 断言成功，选项值包含：('隆江',) (DRPDataMgmt_ModelDatabase.py:444)
[2022-08-09 09:29:36] [    INFO] 列表操作，前置条件过滤完成 (DRPDataMgmt_ModelDatabase.py:354)
[2022-08-09 09:29:36] [    INFO] 查找元素：['xpath', "//div[2]//div[3]//table[@class='el-table__body']//tbody//tr//td[22]"] (basics.py:118)
[2022-08-09 09:29:36] [    INFO] 点击指定行编辑按钮成功 (DRPDataMgmt_ModelDatabase.py:459)
[2022-08-09 09:29:38] [    INFO] 查找元素：['xpath', "//div[@x-placement='bottom-start']//li[1]"] (basics.py:107)
[2022-08-09 09:29:39] [    INFO] 选择点击：['xpath', "//div[@x-placement='bottom-start']//li[1]"] (basics.py:188)
[2022-08-09 09:29:39] [    INFO] 编辑成功，修改为自研 (DRPDataMgmt_ModelDatabase.py:473)
[2022-08-09 09:29:39] [    INFO] 编辑保存成功 (DRPDataMgmt_ModelDatabase.py:481)
[2022-08-09 09:29:39] [    INFO] 查找元素：('xpath', "//p[@class='el-message__content']") (basics.py:107)
[2022-08-09 09:29:39] [    INFO] 获取文本： (basics.py:302)
[2022-08-09 09:29:39] [    INFO] 编辑保存成功 (DRPDataMgmt_ModelDatabase.py:481)
[2022-08-09 09:29:39] [    INFO] 查找元素：('xpath', "//p[@class='el-message__content']") (basics.py:107)
[2022-08-09 09:29:39] [    INFO] 获取文本： (basics.py:302)
[2022-08-09 09:37:42] [    INFO] 【DRP】项目【test】环境- UI自动化开始执行 (conftest.py:14)
[2022-08-09 09:37:42] [    INFO] 前置条件：传音统一登录开始 (conftest.py:18)
[2022-08-09 09:37:45] [    INFO] 打开网页：http://10.250.112.166:9000/# (basics.py:64)
[2022-08-09 09:37:45] [    INFO] 查找元素：('xpath', "//div[@role='button']") (basics.py:107)
[2022-08-09 09:37:45] [    INFO] 点击元素：('xpath', "//div[@role='button']") (basics.py:191)
[2022-08-09 09:37:50] [    INFO] 查找元素：['xpath', "//*[contains(@id,'dropdown-menu-')]//li[1]"] (basics.py:107)
[2022-08-09 09:37:51] [    INFO] 查找元素：('xpath', "//div[@role='button']") (basics.py:107)
[2022-08-09 09:37:51] [    INFO] 点击元素：('xpath', "//div[@role='button']") (basics.py:191)
[2022-08-09 09:37:52] [    INFO] 查找元素：('id', 'tab-account') (basics.py:107)
[2022-08-09 09:37:52] [    INFO] 点击元素：('id', 'tab-account') (basics.py:191)
[2022-08-09 09:37:53] [    INFO] 查找元素：('xpath', "//*[@id='pane-account']/form/div[1]/div/div[1]/input") (basics.py:107)
[2022-08-09 09:37:53] [    INFO] 输入文本：18649572 (basics.py:138)
[2022-08-09 09:37:54] [    INFO] 查找元素：('xpath', "//*[@id='pane-account']/form/div[2]/div/div[1]/input") (basics.py:107)
[2022-08-09 09:37:54] [    INFO] 输入文本：xLily6x (basics.py:138)
[2022-08-09 09:37:55] [    INFO] 查找元素：('xpath', "//*[@id='pane-account']/form/div[4]/label/span/span") (basics.py:107)
[2022-08-09 09:37:55] [    INFO] 获取状态：False (basics.py:313)
[2022-08-09 09:37:55] [    INFO] 查找元素：('xpath', "//*[@id='pane-account']/form/div[4]/label/span/span") (basics.py:107)
[2022-08-09 09:37:55] [    INFO] 点击元素：('xpath', "//*[@id='pane-account']/form/div[4]/label/span/span") (basics.py:191)
[2022-08-09 09:37:56] [    INFO] 查找元素：('xpath', "//*[@id='pane-account']/form/button") (basics.py:107)
[2022-08-09 09:37:56] [    INFO] 点击元素：('xpath', "//*[@id='pane-account']/form/button") (basics.py:191)
[2022-08-09 09:38:03] [    INFO] 断言成功：URL为预期一致 | URL: http://10.250.112.166:9000/#/dashboard (assert_ui.py:190)
[2022-08-09 09:38:03] [    INFO] 断言成功: 该内容存在数据列表中 | word:隆江 (assert_ui.py:294)
[2022-08-09 09:38:03] [    INFO] 前置条件：传音统一登录成功 (conftest.py:25)
[2022-08-09 09:38:03] [    INFO] 模块前置条件：前往“DRP数据管理-机型库”页面 (DRPDataMgmt_ModelDatabase.py:10)
[2022-08-09 09:38:03] [    INFO] 查找元素：('xpath', '//*[@id="app"]/div/div[1]/div[2]/div[1]/div/ul/div[9]/li/div/span') (basics.py:107)
[2022-08-09 09:38:03] [    INFO] 点击元素：('xpath', '//*[@id="app"]/div/div[1]/div[2]/div[1]/div/ul/div[9]/li/div/span') (basics.py:191)
[2022-08-09 09:38:03] [    INFO] 查找元素：('xpath', "//li[@role='menuitem']//span[contains(text(),'机型库')]") (basics.py:107)
[2022-08-09 09:38:03] [    INFO] 点击元素：('xpath', "//li[@role='menuitem']//span[contains(text(),'机型库')]") (basics.py:191)
[2022-08-09 09:38:06] [    INFO] 断言成功：URL为预期一致 | URL: http://10.250.112.166:9000/#/dataManage/modelLibrary (assert_ui.py:190)
[2022-08-09 09:38:08] [    INFO] 查找元素：['xpath', "//div[@class='wrapper-tabs']//span[contains(text(),'产品信息')]"] (basics.py:107)
[2022-08-09 09:38:08] [    INFO] 选择点击：['xpath', "//div[@class='wrapper-tabs']//span[contains(text(),'产品信息')]"] (basics.py:188)
[2022-08-09 09:38:08] [    INFO] 前往菜单产品信息 (DRPDataMgmt_ModelDatabase.py:20)
[2022-08-09 09:38:08] [    INFO] 查找元素：('xpath', "//div[@class='left-btn']//button[1]") (basics.py:107)
[2022-08-09 09:38:08] [    INFO] 获取文本：新 增 (basics.py:302)
[2022-08-09 09:38:08] [    INFO] 查找元素：('xpath', "//div[@class='btn-tool-info']//button[@type='button']//span[contains(text(),'筛选')]") (basics.py:107)
[2022-08-09 09:38:08] [    INFO] 点击元素：('xpath', "//div[@class='btn-tool-info']//button[@type='button']//span[contains(text(),'筛选')]") (basics.py:191)
[2022-08-09 09:38:09] [    INFO] 打开筛选框 (DRPDataMgmt_ModelDatabase.py:48)
[2022-08-09 09:38:09] [    INFO] 查找元素：('xpath', "//label[@for='brandCode']/following-sibling::div//input[@placeholder='请选择']") (basics.py:107)
[2022-08-09 09:38:09] [    INFO] 点击元素：('xpath', "//label[@for='brandCode']/following-sibling::div//input[@placeholder='请选择']") (basics.py:191)
[2022-08-09 09:38:11] [    INFO] 查找元素：['xpath', "//div[@x-placement='bottom-start']//li[2]"] (basics.py:107)
[2022-08-09 09:38:11] [    INFO] 选择点击：['xpath', "//div[@x-placement='bottom-start']//li[2]"] (basics.py:188)
[2022-08-09 09:38:11] [    INFO] 筛选品牌：itel (DRPDataMgmt_ModelDatabase.py:310)
[2022-08-09 09:38:11] [    INFO] 查找元素：('xpath', "//label[@for='seriesSenior']/following-sibling::div//input[@placeholder='请选择']") (basics.py:107)
[2022-08-09 09:38:11] [    INFO] 点击元素：('xpath', "//label[@for='seriesSenior']/following-sibling::div//input[@placeholder='请选择']") (basics.py:191)
[2022-08-09 09:38:14] [    INFO] 查找元素：['xpath', "//div[@x-placement='bottom-start']//li[2]"] (basics.py:107)
[2022-08-09 09:38:14] [    INFO] 选择点击：['xpath', "//div[@x-placement='bottom-start']//li[2]"] (basics.py:188)
[2022-08-09 09:38:14] [    INFO] 筛选大类粗：智能机 (DRPDataMgmt_ModelDatabase.py:321)
[2022-08-09 09:38:15] [    INFO] 查找元素：('xpath', "//label[@for='modelName']/following-sibling::div//input[@placeholder='请输入关键字']") (basics.py:107)
[2022-08-09 09:38:15] [    INFO] 输入文本：S11 64+4 (basics.py:155)
[2022-08-09 09:38:17] [    INFO] 查找元素：['xpath', "//li[@class='el-select-dropdown__item']//span[text()='S11 64+4']"] (basics.py:107)
[2022-08-09 09:38:17] [    INFO] 选择点击：['xpath', "//li[@class='el-select-dropdown__item']//span[text()='S11 64+4']"] (basics.py:188)
[2022-08-09 09:38:17] [    INFO] 筛选机型：S11 64+4 (DRPDataMgmt_ModelDatabase.py:349)
[2022-08-09 09:38:18] [    INFO] 查找元素：('xpath', "//label[@for='marketName']/following-sibling::div//input[@placeholder='请输入关键字']") (basics.py:107)
[2022-08-09 09:38:18] [    INFO] 输入文本：India (basics.py:155)
[2022-08-09 09:38:20] [    INFO] 查找元素：['xpath', "//li[@class='el-select-dropdown__item']//span[text()='India']"] (basics.py:107)
[2022-08-09 09:38:20] [    INFO] 选择点击：['xpath', "//li[@class='el-select-dropdown__item']//span[text()='India']"] (basics.py:188)
[2022-08-09 09:38:20] [    INFO] 筛选市场名：India (DRPDataMgmt_ModelDatabase.py:355)
[2022-08-09 09:38:20] [    INFO] 查找元素：('xpath', "//label[@for='projectSeries']/following-sibling::div//input[@placeholder='请输入关键字']") (basics.py:107)
[2022-08-09 09:38:21] [    INFO] 输入文本：A (basics.py:155)
[2022-08-09 09:38:23] [    INFO] 查找元素：['xpath', "//li[@class='el-select-dropdown__item']//span[text()='A']"] (basics.py:107)
[2022-08-09 09:38:23] [    INFO] 选择点击：['xpath', "//li[@class='el-select-dropdown__item']//span[text()='A']"] (basics.py:188)
[2022-08-09 09:38:23] [    INFO] 筛选系列：A (DRPDataMgmt_ModelDatabase.py:361)
[2022-08-09 09:38:23] [    INFO] 查找元素：('xpath', "//label[@for='modelCode']/following-sibling::div//input[@placeholder='请输入关键字']") (basics.py:107)
[2022-08-09 09:38:23] [    INFO] 输入文本：S11 (basics.py:155)
[2022-08-09 09:38:25] [    INFO] 查找元素：['xpath', "//li[@class='el-select-dropdown__item']//span[text()='S11']"] (basics.py:107)
[2022-08-09 09:38:25] [    INFO] 选择点击：['xpath', "//li[@class='el-select-dropdown__item']//span[text()='S11']"] (basics.py:188)
[2022-08-09 09:38:25] [    INFO] 筛选项目名：S11 (DRPDataMgmt_ModelDatabase.py:367)
[2022-08-09 09:38:25] [    INFO] 查找元素：('xpath', "//label[@for='fstatus']/following-sibling::div//input[@placeholder='请选择']") (basics.py:107)
[2022-08-09 09:38:25] [    INFO] 点击元素：('xpath', "//label[@for='fstatus']/following-sibling::div//input[@placeholder='请选择']") (basics.py:191)
[2022-08-09 09:38:28] [    INFO] 查找元素：['xpath', "//div[@x-placement='bottom-start']//li[2]"] (basics.py:107)
[2022-08-09 09:38:28] [    INFO] 选择点击：['xpath', "//div[@x-placement='bottom-start']//li[2]"] (basics.py:188)
[2022-08-09 09:38:28] [    INFO] 筛选状态：MP (DRPDataMgmt_ModelDatabase.py:382)
[2022-08-09 09:38:28] [    INFO] 查找元素：('xpath', "//label[@for='origin']/following-sibling::div//input[@placeholder='请选择']") (basics.py:107)
[2022-08-09 09:38:28] [    INFO] 点击元素：('xpath', "//label[@for='origin']/following-sibling::div//input[@placeholder='请选择']") (basics.py:191)
[2022-08-09 09:38:31] [    INFO] 查找元素：['xpath', "//div[@x-placement='bottom-start']//li[1]"] (basics.py:107)
[2022-08-09 09:38:31] [    INFO] 选择点击：['xpath', "//div[@x-placement='bottom-start']//li[1]"] (basics.py:188)
[2022-08-09 09:38:31] [    INFO] 筛选来源：数仓 (DRPDataMgmt_ModelDatabase.py:393)
[2022-08-09 09:38:31] [    INFO] 查找元素：('xpath', "//div[@class='el-form-item el-form-item--medium']//label[@for='supplyType']/following-sibling::div//input[@placeholder='请选择']") (basics.py:107)
[2022-08-09 09:38:31] [    INFO] 点击元素：('xpath', "//div[@class='el-form-item el-form-item--medium']//label[@for='supplyType']/following-sibling::div//input[@placeholder='请选择']") (basics.py:191)
[2022-08-09 09:38:33] [    INFO] 查找元素：['xpath', "//div[@x-placement='bottom-start']//li[1]"] (basics.py:107)
[2022-08-09 09:38:33] [    INFO] 选择点击：['xpath', "//div[@x-placement='bottom-start']//li[1]"] (basics.py:188)
[2022-08-09 09:38:33] [    INFO] 筛选供应类型：自研 (DRPDataMgmt_ModelDatabase.py:404)
[2022-08-09 09:38:33] [    INFO] 查找元素：('xpath', "//div[@class='screen-btns']//button//span[contains(text(),'查  询')]") (basics.py:107)
[2022-08-09 09:38:34] [    INFO] 点击元素：('xpath', "//div[@class='screen-btns']//button//span[contains(text(),'查  询')]") (basics.py:191)
[2022-08-09 09:38:34] [    INFO] 筛选查询 (DRPDataMgmt_ModelDatabase.py:409)
[2022-08-09 09:38:34] [    INFO] 查找元素：['xpath', "//div[2]//div[3]//table[@class='el-table__body']//tbody//tr//td[22]"] (basics.py:107)
[2022-08-09 09:38:34] [    INFO] 滚动条至：['xpath', "//div[2]//div[3]//table[@class='el-table__body']//tbody//tr//td[22]"] (basics.py:173)
[2022-08-09 09:38:34] [    INFO] 查找元素：['xpath', "//div[2]//div[3]//table[@class='el-table__body']//tbody//tr//td[22]"] (basics.py:118)
[2022-08-09 09:38:34] [    INFO] 获取表格搜索结果的所有信息文本['隆江'] (DRPDataMgmt_ModelDatabase.py:431)
[2022-08-09 09:38:34] [    INFO] 断言成功，选项值包含：('隆江',) (DRPDataMgmt_ModelDatabase.py:444)
[2022-08-09 09:38:34] [    INFO] 列表操作，前置条件过滤完成 (DRPDataMgmt_ModelDatabase.py:354)
[2022-08-09 09:38:34] [    INFO] 查找元素：['xpath', "//div[2]//div[3]//table[@class='el-table__body']//tbody//tr//td[22]"] (basics.py:118)
[2022-08-09 09:38:34] [    INFO] 点击指定行编辑按钮成功 (DRPDataMgmt_ModelDatabase.py:459)
[2022-08-09 09:38:36] [    INFO] 查找元素：['xpath', "//div[@x-placement='bottom-start']//li[2]"] (basics.py:107)
[2022-08-09 09:38:36] [    INFO] 选择点击：['xpath', "//div[@x-placement='bottom-start']//li[2]"] (basics.py:188)
[2022-08-09 09:38:36] [    INFO] 编辑成功，修改为外购 (DRPDataMgmt_ModelDatabase.py:473)
[2022-08-09 09:38:36] [    INFO] 编辑保存成功 (DRPDataMgmt_ModelDatabase.py:481)
[2022-08-09 09:38:36] [    INFO] 查找元素：('xpath', "//p[@class='el-message__content']") (basics.py:107)
[2022-08-09 09:38:37] [    INFO] 获取文本： (basics.py:302)
[2022-08-09 09:38:37] [    INFO] 编辑保存成功 (DRPDataMgmt_ModelDatabase.py:481)
[2022-08-09 09:38:37] [    INFO] 查找元素：('xpath', "//p[@class='el-message__content']") (basics.py:107)
[2022-08-09 09:38:37] [    INFO] 获取文本：保存成功! (basics.py:302)
[2022-08-09 09:38:37] [    INFO] 断言成功: 两值相等 | a:保存成功! b:保存成功! (assert_ui.py:24)
