[2022-07-01 09:55:28] [    INFO] 前置条件：传音统一登录开始 (conftest.py:10)
[2022-07-01 09:55:31] [    INFO] 打开网页：http://10.250.112.166:9000/# (basics.py:30)
[2022-07-01 09:55:31] [    INFO] 查找元素：('xpath', "//div[@role='button']") (basics.py:51)
[2022-07-01 09:55:32] [    INFO] 点击元素：('xpath', "//div[@role='button']") (basics.py:110)
[2022-07-01 09:55:36] [    INFO] 查找元素：['xpath', "//*[contains(@id,'dropdown-menu-')]//li[1]"] (basics.py:51)
[2022-07-01 09:55:37] [    INFO] 查找元素：('xpath', "//div[@role='button']") (basics.py:51)
[2022-07-01 09:55:37] [    INFO] 点击元素：('xpath', "//div[@role='button']") (basics.py:110)
[2022-07-01 09:55:37] [    INFO] 查找元素：('id', 'tab-account') (basics.py:51)
[2022-07-01 09:55:37] [    INFO] 点击元素：('id', 'tab-account') (basics.py:110)
[2022-07-01 09:55:37] [    INFO] 查找元素：('xpath', "//*[@id='pane-account']/form/div[1]/div/div[1]/input") (basics.py:51)
[2022-07-01 09:55:37] [    INFO] 输入文本：18650617 (basics.py:72)
[2022-07-01 09:55:39] [    INFO] 查找元素：('xpath', "//*[@id='pane-account']/form/div[2]/div/div[1]/input") (basics.py:51)
[2022-07-01 09:55:39] [    INFO] 输入文本：xLily6x (basics.py:72)
[2022-07-01 09:55:40] [    INFO] 查找元素：('xpath', "//*[@id='pane-account']/form/div[4]/label/span/span") (basics.py:51)
[2022-07-01 09:55:40] [    INFO] 获取状态：False (basics.py:244)
[2022-07-01 09:55:40] [    INFO] 查找元素：('xpath', "//*[@id='pane-account']/form/div[4]/label/span/span") (basics.py:51)
[2022-07-01 09:55:40] [    INFO] 点击元素：('xpath', "//*[@id='pane-account']/form/div[4]/label/span/span") (basics.py:110)
[2022-07-01 09:55:40] [    INFO] 查找元素：('xpath', "//*[@id='pane-account']/form/button") (basics.py:51)
[2022-07-01 09:55:40] [    INFO] 点击元素：('xpath', "//*[@id='pane-account']/form/button") (basics.py:110)
[2022-07-01 09:55:40] [ WARNING] 断言失败：URL为预期不一致 | URL: http://10.248.39.163:10101/#/c-login?lang=zh&source=SCM_DRP&type=simple&redirect=http%3A%2F%2F10.250.112.166%3A9000%2F%23%2F (assert_ui.py:158)
[2022-07-01 09:55:40] [    INFO] 断言成功: 该内容存在数据列表中 | word:刘勇 (assert_ui.py:241)
[2022-07-01 09:55:40] [    INFO] 前置条件：传音统一登录成功 (conftest.py:17)
[2022-07-01 09:55:40] [    INFO] 查找元素：('xpath', '//*[@id="app"]/div/div[1]/div[2]/div[1]/div/ul/div[11]/li/div/span') (basics.py:51)
[2022-07-01 09:55:43] [    INFO] 点击元素：('xpath', '//*[@id="app"]/div/div[1]/div[2]/div[1]/div/ul/div[11]/li/div/span') (basics.py:110)
[2022-07-01 09:55:43] [    INFO] 查找元素：('xpath', "//a[@href='#/systemManage/areaManage']//li[@role='menuitem']") (basics.py:51)
[2022-07-01 09:55:43] [    INFO] 点击元素：('xpath', "//a[@href='#/systemManage/areaManage']//li[@role='menuitem']") (basics.py:110)
[2022-07-01 09:55:48] [    INFO] 断言成功：URL为预期一致 | URL: http://10.250.112.166:9000/#/systemManage/areaManage (assert_ui.py:159)
[2022-07-01 09:55:50] [    INFO] 查找元素：['xpath', "//div[@class='main-top-audit']//div[contains(text(),'itel事业部')]"] (basics.py:51)
[2022-07-01 09:55:50] [    INFO] 选择点击：['xpath', "//div[@class='main-top-audit']//div[contains(text(),'itel事业部')]"] (basics.py:107)
[2022-07-01 09:55:54] [    INFO] 查找元素：['xpath', "//div[@tabindex='0']//span[normalize-space(text())='itel事业部']"] (basics.py:51)
[2022-07-01 09:55:54] [    INFO] 选择点击：['xpath', "//div[@tabindex='0']//span[normalize-space(text())='itel事业部']"] (basics.py:107)
[2022-07-01 09:55:56] [    INFO] 查找元素：('xpath', '//*[@id="app"]/div/div[1]/div[2]/div[1]/div/ul/div[11]/li/div/span') (basics.py:51)
[2022-07-01 09:55:57] [    INFO] 点击元素：('xpath', '//*[@id="app"]/div/div[1]/div[2]/div[1]/div/ul/div[11]/li/div/span') (basics.py:110)
[2022-07-01 09:55:57] [    INFO] 查找元素：('xpath', "//a[@href='#/systemManage/areaManage']//li[@role='menuitem']") (basics.py:51)
[2022-07-01 09:55:57] [    INFO] 点击元素：('xpath', "//a[@href='#/systemManage/areaManage']//li[@role='menuitem']") (basics.py:110)
[2022-07-01 09:56:02] [    INFO] 断言成功：URL为预期一致 | URL: http://10.250.112.166:9000/#/systemManage/areaManage (assert_ui.py:159)
[2022-07-01 09:56:04] [    INFO] 查找元素：['xpath', "//div[@class='main-top-audit']//div[contains(text(),'itel事业部')]"] (basics.py:51)
[2022-07-01 09:56:04] [    INFO] 选择点击：['xpath', "//div[@class='main-top-audit']//div[contains(text(),'itel事业部')]"] (basics.py:107)
[2022-07-01 09:56:08] [    INFO] 查找元素：['xpath', "//div[@tabindex='0']//span[normalize-space(text())='itel事业部']"] (basics.py:51)
[2022-07-01 09:56:08] [    INFO] 选择点击：['xpath', "//div[@tabindex='0']//span[normalize-space(text())='itel事业部']"] (basics.py:107)
[2022-07-01 09:56:12] [    INFO] 查找元素：['xpath', "//div[@tabindex='-1']//div[@class='el-tree-node__content']//span[normalize-space(text())='itel事业部']"] (basics.py:51)
[2022-07-01 09:56:12] [    INFO] 选择点击：['xpath', "//div[@tabindex='-1']//div[@class='el-tree-node__content']//span[normalize-space(text())='itel事业部']"] (basics.py:107)
[2022-07-01 09:56:14] [    INFO] 查找元素：('xpath', '//*[@id="app"]/div/div[1]/div[2]/div[1]/div/ul/div[11]/li/div/span') (basics.py:51)
[2022-07-01 09:56:14] [    INFO] 点击元素：('xpath', '//*[@id="app"]/div/div[1]/div[2]/div[1]/div/ul/div[11]/li/div/span') (basics.py:110)
[2022-07-01 09:56:14] [    INFO] 查找元素：('xpath', "//a[@href='#/systemManage/areaManage']//li[@role='menuitem']") (basics.py:51)
[2022-07-01 09:56:15] [    INFO] 点击元素：('xpath', "//a[@href='#/systemManage/areaManage']//li[@role='menuitem']") (basics.py:110)
[2022-07-01 09:56:20] [    INFO] 断言成功：URL为预期一致 | URL: http://10.250.112.166:9000/#/systemManage/areaManage (assert_ui.py:159)
[2022-07-01 09:56:22] [    INFO] 查找元素：['xpath', "//div[@class='main-top-audit']//div[contains(text(),'itel事业部')]"] (basics.py:51)
[2022-07-01 09:56:22] [    INFO] 选择点击：['xpath', "//div[@class='main-top-audit']//div[contains(text(),'itel事业部')]"] (basics.py:107)
[2022-07-01 09:56:26] [    INFO] 查找元素：['xpath', "//div[@tabindex='0']//span[normalize-space(text())='itel事业部']"] (basics.py:51)
[2022-07-01 09:56:26] [    INFO] 选择点击：['xpath', "//div[@tabindex='0']//span[normalize-space(text())='itel事业部']"] (basics.py:107)
[2022-07-01 09:56:30] [    INFO] 查找元素：['xpath', "//div[@tabindex='-1']//div[@class='el-tree-node__content']//span[normalize-space(text())='itel事业部']"] (basics.py:51)
[2022-07-01 09:56:30] [    INFO] 选择点击：['xpath', "//div[@tabindex='-1']//div[@class='el-tree-node__content']//span[normalize-space(text())='itel事业部']"] (basics.py:107)
[2022-07-01 09:56:34] [    INFO] 查找元素：['xpath', "//div[@tabindex='-1']//div[@tabindex='-1']//div[@class='el-tree-node__content']//span[normalize-space(text())='itel事业部']"] (basics.py:51)
[2022-07-01 09:56:34] [    INFO] 选择点击：['xpath', "//div[@tabindex='-1']//div[@tabindex='-1']//div[@class='el-tree-node__content']//span[normalize-space(text())='itel事业部']"] (basics.py:107)
[2022-07-01 09:56:36] [    INFO] 查找元素：('xpath', '//*[@id="app"]/div/div[1]/div[2]/div[1]/div/ul/div[11]/li/div/span') (basics.py:51)
[2022-07-01 09:56:36] [    INFO] 点击元素：('xpath', '//*[@id="app"]/div/div[1]/div[2]/div[1]/div/ul/div[11]/li/div/span') (basics.py:110)
[2022-07-01 09:56:36] [    INFO] 查找元素：('xpath', "//a[@href='#/systemManage/areaManage']//li[@role='menuitem']") (basics.py:51)
[2022-07-01 09:56:36] [    INFO] 点击元素：('xpath', "//a[@href='#/systemManage/areaManage']//li[@role='menuitem']") (basics.py:110)
[2022-07-01 09:56:41] [    INFO] 断言成功：URL为预期一致 | URL: http://10.250.112.166:9000/#/systemManage/areaManage (assert_ui.py:159)
[2022-07-01 09:56:43] [    INFO] 查找元素：['xpath', "//div[@class='main-top-audit']//div[contains(text(),'itel事业部')]"] (basics.py:51)
[2022-07-01 09:56:43] [    INFO] 选择点击：['xpath', "//div[@class='main-top-audit']//div[contains(text(),'itel事业部')]"] (basics.py:107)
[2022-07-01 09:56:47] [    INFO] 查找元素：['xpath', "//div[@tabindex='0']//span[normalize-space(text())='itel事业部']"] (basics.py:51)
[2022-07-01 09:56:48] [    INFO] 选择点击：['xpath', "//div[@tabindex='0']//span[normalize-space(text())='itel事业部']"] (basics.py:107)
[2022-07-01 09:56:52] [    INFO] 查找元素：['xpath', "//div[@tabindex='-1']//div[@class='el-tree-node__content']//span[normalize-space(text())='itel事业部']"] (basics.py:51)
[2022-07-01 09:56:52] [    INFO] 选择点击：['xpath', "//div[@tabindex='-1']//div[@class='el-tree-node__content']//span[normalize-space(text())='itel事业部']"] (basics.py:107)
[2022-07-01 09:56:56] [    INFO] 查找元素：['xpath', "//div[@tabindex='-1']//div[@tabindex='-1']//div[@class='el-tree-node__content']//span[normalize-space(text())='itel事业部']"] (basics.py:51)
[2022-07-01 09:56:56] [    INFO] 选择点击：['xpath', "//div[@tabindex='-1']//div[@tabindex='-1']//div[@class='el-tree-node__content']//span[normalize-space(text())='itel事业部']"] (basics.py:107)
[2022-07-01 09:57:00] [    INFO] 查找元素：['xpath', "//div[@tabindex='-1']//div[@tabindex='-1']//div[@tabindex='-1']//div[@class='el-tree-node__content']//span[normalize-space(text())='事业部备料']"] (basics.py:51)
[2022-07-01 09:57:00] [    INFO] 选择点击：['xpath', "//div[@tabindex='-1']//div[@tabindex='-1']//div[@tabindex='-1']//div[@class='el-tree-node__content']//span[normalize-space(text())='事业部备料']"] (basics.py:107)
[2022-07-01 09:57:02] [    INFO] 查找元素：('xpath', '//*[@id="app"]/div/div[1]/div[2]/div[1]/div/ul/div[11]/li/div/span') (basics.py:51)
[2022-07-01 09:57:02] [    INFO] 点击元素：('xpath', '//*[@id="app"]/div/div[1]/div[2]/div[1]/div/ul/div[11]/li/div/span') (basics.py:110)
[2022-07-01 09:57:02] [    INFO] 查找元素：('xpath', "//a[@href='#/systemManage/areaManage']//li[@role='menuitem']") (basics.py:51)
[2022-07-01 09:57:02] [    INFO] 点击元素：('xpath', "//a[@href='#/systemManage/areaManage']//li[@role='menuitem']") (basics.py:110)
[2022-07-01 09:57:07] [    INFO] 断言成功：URL为预期一致 | URL: http://10.250.112.166:9000/#/systemManage/areaManage (assert_ui.py:159)
[2022-07-01 09:57:09] [    INFO] 查找元素：['xpath', "//div[@class='main-top-audit']//div[contains(text(),'itel事业部')]"] (basics.py:51)
[2022-07-01 09:57:09] [    INFO] 选择点击：['xpath', "//div[@class='main-top-audit']//div[contains(text(),'itel事业部')]"] (basics.py:107)
[2022-07-01 09:57:13] [    INFO] 查找元素：['xpath', "//div[@tabindex='0']//span[normalize-space(text())='itel事业部']"] (basics.py:51)
[2022-07-01 09:57:13] [    INFO] 选择点击：['xpath', "//div[@tabindex='0']//span[normalize-space(text())='itel事业部']"] (basics.py:107)
[2022-07-01 09:57:15] [    INFO] 查找元素：('xpath', "//span[contains(text(),'导出')]") (basics.py:51)
[2022-07-01 09:57:15] [    INFO] 指定下载路径: F:\UIPOMTest\libs\download (basics.py:283)
[2022-07-01 09:57:18] [    INFO] ['drp_dept_export_itel+BU_20220701095716.xlsx'] (basics.py:285)
[2022-07-01 09:57:18] [    INFO] 断言成功: 下载该附件成功 | drp_dept_export_itel  (basics.py:297)
[2022-07-01 09:57:18] [    INFO] 查找元素：('xpath', '//*[@id="app"]/div/div[1]/div[2]/div[1]/div/ul/div[11]/li/div/span') (basics.py:51)
[2022-07-01 09:57:18] [    INFO] 点击元素：('xpath', '//*[@id="app"]/div/div[1]/div[2]/div[1]/div/ul/div[11]/li/div/span') (basics.py:110)
[2022-07-01 09:57:18] [    INFO] 查找元素：('xpath', '//span[contains(text(),"用户管理")]') (basics.py:51)
[2022-07-01 09:57:19] [    INFO] 点击元素：('xpath', '//span[contains(text(),"用户管理")]') (basics.py:110)
[2022-07-01 09:57:24] [    INFO] 查找元素：('xpath', '//*[@id="app"]/div/div[2]/div[2]/section/div/div/form/div/div[1]/div/div/div/div/input') (basics.py:51)
[2022-07-01 09:57:24] [    INFO] 输入文本：刘勇 (basics.py:81)
[2022-07-01 09:57:28] [    INFO] 查找元素：['xpath', "//span[normalize-space()='刘勇']"] (basics.py:51)
[2022-07-01 09:57:29] [    INFO] 选择点击：['xpath', "//span[normalize-space()='刘勇']"] (basics.py:107)
[2022-07-01 09:57:29] [    INFO] 查找元素：('xpath', '//*[@id="app"]/div/div[2]/div[2]/section/div/div/form/div/div[3]/div/button[1]/span') (basics.py:51)
[2022-07-01 09:57:29] [    INFO] 点击元素：('xpath', '//*[@id="app"]/div/div[2]/div[2]/section/div/div/form/div/div[3]/div/button[1]/span') (basics.py:110)
[2022-07-01 09:57:30] [    INFO] 查找元素：('xpath', '//*[@id="app"]/div/div[1]/div[2]/div[1]/div/ul/div[11]/li/div/span') (basics.py:51)
[2022-07-01 09:57:30] [    INFO] 点击元素：('xpath', '//*[@id="app"]/div/div[1]/div[2]/div[1]/div/ul/div[11]/li/div/span') (basics.py:110)
[2022-07-01 09:57:30] [    INFO] 查找元素：('xpath', '//span[contains(text(),"用户管理")]') (basics.py:51)
[2022-07-01 09:57:30] [    INFO] 点击元素：('xpath', '//span[contains(text(),"用户管理")]') (basics.py:110)
[2022-07-01 09:57:35] [    INFO] 查找元素：('xpath', '//*[@id="app"]/div/div[2]/div[2]/section/div/div/form/div/div[1]/div/div/div/div/input') (basics.py:51)
[2022-07-01 09:57:35] [    INFO] 输入文本：刘勇 (basics.py:81)
[2022-07-01 09:57:39] [    INFO] 查找元素：['xpath', "//span[normalize-space()='刘勇']"] (basics.py:51)
[2022-07-01 09:57:39] [    INFO] 选择点击：['xpath', "//span[normalize-space()='刘勇']"] (basics.py:107)
[2022-07-01 09:57:39] [    INFO] 查找元素：('xpath', '//*[@id="app"]/div/div[2]/div[2]/section/div/div/form/div/div[3]/div/button[1]/span') (basics.py:51)
[2022-07-01 09:57:39] [    INFO] 点击元素：('xpath', '//*[@id="app"]/div/div[2]/div[2]/section/div/div/form/div/div[3]/div/button[1]/span') (basics.py:110)
[2022-07-01 09:57:40] [    INFO] 查找元素：('xpath', '//*[@id="app"]/div/div[2]/div[2]/section/div/div/form/div/div[3]/div/button[2]/span') (basics.py:51)
[2022-07-01 09:57:40] [    INFO] 点击元素：('xpath', '//*[@id="app"]/div/div[2]/div[2]/section/div/div/form/div/div[3]/div/button[2]/span') (basics.py:110)
[2022-07-01 09:57:42] [    INFO] 查找元素：('xpath', '//*[@id="app"]/div/div[2]/div[2]/section/div/div/div[1]/div') (basics.py:51)
[2022-07-01 09:57:42] [    INFO] 点击元素：('xpath', '//*[@id="app"]/div/div[2]/div[2]/section/div/div/div[1]/div') (basics.py:110)
[2022-07-01 09:57:43] [    INFO] 查找元素：('xpath', "//input[@placeholder='请输入姓名或工号']") (basics.py:51)
[2022-07-01 09:57:43] [    INFO] 输入文本：18650893 (basics.py:72)
[2022-07-01 09:57:45] [    INFO] 查找元素：['xpath', "//div[@class='overflow-ellispe el-col el-col-8'][normalize-space()='18650893']"] (basics.py:51)
[2022-07-01 09:57:45] [    INFO] 选择点击：['xpath', "//div[@class='overflow-ellispe el-col el-col-8'][normalize-space()='18650893']"] (basics.py:107)
[2022-07-01 09:57:45] [    INFO] 查找元素：('xpath', "//button[@class='el-button el-button--primary el-button--medium']//span[contains(text(),'确定')]") (basics.py:51)
[2022-07-01 09:57:45] [    INFO] 点击元素：('xpath', "//button[@class='el-button el-button--primary el-button--medium']//span[contains(text(),'确定')]") (basics.py:110)
[2022-07-01 09:57:46] [    INFO] 查找元素：('xpath', '//*[@id="app"]/div/div[2]/div[2]/section/div/div/form/div/div[1]/div/div/div/div/input') (basics.py:51)
[2022-07-01 09:57:46] [    INFO] 输入文本：18650893 (basics.py:81)
[2022-07-01 09:57:50] [    INFO] 查找元素：['xpath', "//span[normalize-space()='18650893']"] (basics.py:51)
[2022-07-01 09:57:50] [    INFO] 选择点击：['xpath', "//span[normalize-space()='18650893']"] (basics.py:107)
[2022-07-01 09:57:50] [    INFO] 查找元素：('xpath', '//*[@id="app"]/div/div[2]/div[2]/section/div/div/form/div/div[3]/div/button[1]/span') (basics.py:51)
[2022-07-01 09:57:50] [    INFO] 点击元素：('xpath', '//*[@id="app"]/div/div[2]/div[2]/section/div/div/form/div/div[3]/div/button[1]/span') (basics.py:110)
[2022-07-01 09:57:51] [    INFO] 查找元素：('xpath', "//button[@type='button']//span[contains(text(),'配置') or contains(text(),'编辑')]") (basics.py:51)
[2022-07-01 09:57:51] [    INFO] 点击元素：('xpath', "//button[@type='button']//span[contains(text(),'配置') or contains(text(),'编辑')]") (basics.py:110)
[2022-07-01 09:57:51] [    INFO] 查找元素：['xpath', "//div[@class='el-tabs__nav is-left']//div[contains(text(),'组织')]"] (basics.py:51)
[2022-07-01 09:57:51] [    INFO] 设置权限：['xpath', "//div[@class='el-tabs__nav is-left']//div[contains(text(),'组织')]"] (basics.py:184)
[2022-07-01 09:57:51] [    INFO] 查找元素：['xpath', "//div[@id='pane-1']//label[@class='el-checkbox is-checked']//span[@class='el-checkbox__inner']"] (basics.py:51)
[2022-07-01 09:57:51] [    INFO] 查找元素：['xpath', "//div[@id='pane-1']//label[@class='el-checkbox is-checked']//span[@class='el-checkbox__inner']"] (basics.py:51)
[2022-07-01 09:57:51] [    INFO] 清除权限：['xpath', "//div[@id='pane-1']//label[@class='el-checkbox is-checked']//span[@class='el-checkbox__inner']"] (basics.py:206)
[2022-07-01 09:57:51] [    INFO] 查找元素：['xpath', "//div[@id='pane-1']//span[@class='el-checkbox__label'][contains(text(),'itel事业部')]"] (basics.py:51)
[2022-07-01 09:57:52] [    INFO] 设置权限：['xpath', "//div[@id='pane-1']//span[@class='el-checkbox__label'][contains(text(),'itel事业部')]"] (basics.py:184)
[2022-07-01 09:57:52] [    INFO] 查找元素：['xpath', "//div[@id='pane-1']//span[@class='el-checkbox__label'][contains(text(),'东非地区部')]"] (basics.py:51)
[2022-07-01 09:57:52] [    INFO] 设置权限：['xpath', "//div[@id='pane-1']//span[@class='el-checkbox__label'][contains(text(),'东非地区部')]"] (basics.py:184)
[2022-07-01 09:57:52] [    INFO] 查找元素：('xpath', "//div[@class='btnContainer']//span[contains(text(),'确定')]") (basics.py:51)
[2022-07-01 09:57:52] [    INFO] 点击元素：('xpath', "//div[@class='btnContainer']//span[contains(text(),'确定')]") (basics.py:110)
