[2022-08-29 18:04:53] [    INFO] 【TBM】项目【test】环境- UI自动化开始执行 (conftest.py:17)
[2022-08-29 18:04:53] [    INFO] 前置条件：传音统一登录开始 (conftest.py:21)
[2022-08-29 18:04:56] [    INFO] 打开网页：http://bom-sit.transsion.com/#/process/home-page (basics.py:63)
[2022-08-29 18:04:56] [    INFO] 查找元素：('xpath', "//div[@role='button']") (basics.py:106)
[2022-08-29 18:04:56] [    INFO] 点击元素：('xpath', "//div[@role='button']") (basics.py:206)
[2022-08-29 18:05:01] [    INFO] 查找元素：['xpath', "//*[contains(@id,'dropdown-menu-')]//li[1]"] (basics.py:106)
[2022-08-29 18:05:02] [    INFO] 查找元素：('xpath', "//div[@role='button']") (basics.py:106)
[2022-08-29 18:05:02] [    INFO] 点击元素：('xpath', "//div[@role='button']") (basics.py:206)
[2022-08-29 18:05:03] [    INFO] 查找元素：('id', 'tab-account') (basics.py:106)
[2022-08-29 18:05:03] [    INFO] 点击元素：('id', 'tab-account') (basics.py:206)
[2022-08-29 18:05:04] [    INFO] 查找元素：('xpath', "//*[@id='pane-account']/form/div[1]/div/div[1]/input") (basics.py:106)
[2022-08-29 18:05:04] [    INFO] 输入文本：18645960 (basics.py:137)
[2022-08-29 18:05:05] [    INFO] 查找元素：('xpath', "//*[@id='pane-account']/form/div[2]/div/div[1]/input") (basics.py:106)
[2022-08-29 18:05:05] [    INFO] 输入文本：xLily6x (basics.py:137)
[2022-08-29 18:05:06] [    INFO] 查找元素：('xpath', "//span[text()='我已阅读并接受']/../label/span/span") (basics.py:106)
[2022-08-29 18:05:06] [    INFO] 获取状态：False (basics.py:330)
[2022-08-29 18:05:06] [    INFO] 查找元素：('xpath', "//span[text()='我已阅读并接受']/../label/span/span") (basics.py:106)
[2022-08-29 18:05:06] [    INFO] 点击元素：('xpath', "//span[text()='我已阅读并接受']/../label/span/span") (basics.py:206)
[2022-08-29 18:05:07] [    INFO] 查找元素：('xpath', "//*[@id='pane-account']/form/button") (basics.py:106)
[2022-08-29 18:05:07] [    INFO] 点击元素：('xpath', "//*[@id='pane-account']/form/button") (basics.py:206)
[2022-08-29 18:05:13] [   ERROR] 正在截图... (basics.py:449)
[2022-08-29 18:05:14] [   ERROR] 日志正在附加截图... (basics.py:456)
[2022-08-29 18:05:14] [   ERROR] 日志附加截图成功 (basics.py:460)
[2022-08-29 18:05:14] [    INFO] 断言成功：页面存在该标识首页 | 关键字:首页 (assert_ui.py:167)
[2022-08-29 18:05:14] [    INFO] 前置条件：传音统一登录成功 (conftest.py:25)
[2022-08-29 18:05:16] [    INFO] 查找元素：['xpath', "//span[@class='meta-title' and contains(text(),'BOM协作')]"] (basics.py:106)
[2022-08-29 18:05:16] [    INFO] 选择点击：['xpath', "//span[@class='meta-title' and contains(text(),'BOM协作')]"] (basics.py:203)
[2022-08-29 18:05:16] [    INFO] 点击一级菜单：BOM协作 (BOM.py:18)
[2022-08-29 18:05:18] [    INFO] 查找元素：['xpath', "//div[@class='menu-wrapper nest-menu']//span[contains(text(),'整机BOM协作')]"] (basics.py:106)
[2022-08-29 18:05:18] [    INFO] 选择点击：['xpath', "//div[@class='menu-wrapper nest-menu']//span[contains(text(),'整机BOM协作')]"] (basics.py:203)
[2022-08-29 18:05:18] [    INFO] 点击二级菜单：整机BOM协作 (BOM.py:20)
[2022-08-29 18:05:20] [    INFO] 刷新页面 (basics.py:337)
[2022-08-29 18:05:20] [    INFO] 查找元素：('xpath', "//button//span[contains(text(),'新增')]") (basics.py:106)
[2022-08-29 18:05:20] [    INFO] 点击元素：('xpath', "//button//span[contains(text(),'新增')]") (basics.py:206)
[2022-08-29 18:05:22] [    INFO] 查找元素：('xpath', "//label[contains(text(),'制作类型')]/..//input") (basics.py:106)
[2022-08-29 18:05:22] [    INFO] 点击元素：('xpath', "//label[contains(text(),'制作类型')]/..//input") (basics.py:206)
[2022-08-29 18:05:23] [    INFO] 查找元素：('xpath', "//li/span[contains(text(), '生产BOM')]") (basics.py:106)
[2022-08-29 18:05:23] [    INFO] 点击元素：('xpath', "//li/span[contains(text(), '生产BOM')]") (basics.py:206)
[2022-08-29 18:05:25] [    INFO] 查找元素：('xpath', "//label[contains(text(),'品牌')]/..//input") (basics.py:106)
[2022-08-29 18:05:25] [    INFO] 点击元素：('xpath', "//label[contains(text(),'品牌')]/..//input") (basics.py:206)
[2022-08-29 18:05:25] [    INFO] 查找元素：('xpath', "//li/span[normalize-space(text())='itel']") (basics.py:106)
[2022-08-29 18:05:25] [    INFO] 点击元素：('xpath', "//li/span[normalize-space(text())='itel']") (basics.py:206)
[2022-08-29 18:05:27] [    INFO] 查找元素：('xpath', "//label[contains(text(),'机型')]/..//input") (basics.py:106)
[2022-08-29 18:05:27] [    INFO] 点击元素：('xpath', "//label[contains(text(),'机型')]/..//input") (basics.py:206)
[2022-08-29 18:05:28] [    INFO] 查找元素：('xpath', "//label[contains(text(),'机型')]/..//input") (basics.py:106)
[2022-08-29 18:05:28] [    INFO] 输入文本：C3250 (basics.py:137)
[2022-08-29 18:05:28] [    INFO] 查找元素：('xpath', "//li[normalize-space(text())='(C3250)C3250']") (basics.py:106)
[2022-08-29 18:05:29] [    INFO] 点击元素：('xpath', "//li[normalize-space(text())='(C3250)C3250']") (basics.py:206)
[2022-08-29 18:05:30] [    INFO] 查找元素：('xpath', "//label[contains(text(),'阶段')]/..//input") (basics.py:106)
[2022-08-29 18:05:30] [    INFO] 点击元素：('xpath', "//label[contains(text(),'阶段')]/..//input") (basics.py:206)
[2022-08-29 18:05:31] [    INFO] 查找元素：('xpath', "//li/span[normalize-space(text())='量产阶段']") (basics.py:106)
[2022-08-29 18:05:31] [    INFO] 点击元素：('xpath', "//li/span[normalize-space(text())='量产阶段']") (basics.py:206)
[2022-08-29 18:05:32] [    INFO] 查找元素：('xpath', "//label[contains(text(),'市场')]/..//input") (basics.py:106)
[2022-08-29 18:05:32] [    INFO] 点击元素：('xpath', "//label[contains(text(),'市场')]/..//input") (basics.py:206)
[2022-08-29 18:05:33] [    INFO] 查找元素：('xpath', "//li/span[normalize-space(text())='孟加拉']") (basics.py:106)
[2022-08-29 18:05:33] [    INFO] 点击元素：('xpath', "//li/span[normalize-space(text())='孟加拉']") (basics.py:206)
[2022-08-29 18:05:35] [    INFO] 查找元素：('xpath', "//button//span[contains(text(),'新增Bom')]") (basics.py:106)
[2022-08-29 18:05:35] [    INFO] 点击元素：('xpath', "//button//span[contains(text(),'新增Bom')]") (basics.py:206)
[2022-08-29 18:05:35] [    INFO] 查找元素：('xpath', "//span[@title='产成品']/../../../..//span[contains(text(),'编辑')]") (basics.py:106)
[2022-08-29 18:05:35] [    INFO] 点击元素：('xpath', "//span[@title='产成品']/../../../..//span[contains(text(),'编辑')]") (basics.py:206)
[2022-08-29 18:05:37] [    INFO] 查找元素：('xpath', "//span[@title='产成品']/../../../../td[2]//input") (basics.py:106)
[2022-08-29 18:05:37] [    INFO] 点击元素：('xpath', "//span[@title='产成品']/../../../../td[2]//input") (basics.py:206)
[2022-08-29 18:05:37] [    INFO] 查找元素：('xpath', "//li//span[contains(text(),'国内生产BOM')]") (basics.py:106)
[2022-08-29 18:05:37] [    INFO] 点击元素：('xpath', "//li//span[contains(text(),'国内生产BOM')]") (basics.py:206)
[2022-08-29 18:05:39] [    INFO] 查找元素：('xpath', "//span[@title='产成品']/../../../../td[3]//input") (basics.py:106)
[2022-08-29 18:05:39] [    INFO] 点击元素：('xpath', "//span[@title='产成品']/../../../../td[3]//input") (basics.py:206)
[2022-08-29 18:05:40] [    INFO] 查找元素：('xpath', "//li//span[contains(text(),'量产')]") (basics.py:106)
[2022-08-29 18:11:42] [    INFO] 【TBM】项目【test】环境- UI自动化开始执行 (conftest.py:17)
[2022-08-29 18:11:42] [    INFO] 前置条件：传音统一登录开始 (conftest.py:21)
[2022-08-29 18:11:44] [    INFO] 打开网页：http://bom-sit.transsion.com/#/process/home-page (basics.py:63)
[2022-08-29 18:11:44] [    INFO] 查找元素：('xpath', "//div[@role='button']") (basics.py:106)
[2022-08-29 18:11:45] [    INFO] 点击元素：('xpath', "//div[@role='button']") (basics.py:206)
[2022-08-29 18:11:49] [    INFO] 查找元素：['xpath', "//*[contains(@id,'dropdown-menu-')]//li[1]"] (basics.py:106)
[2022-08-29 18:11:50] [    INFO] 查找元素：('xpath', "//div[@role='button']") (basics.py:106)
[2022-08-29 18:11:50] [    INFO] 点击元素：('xpath', "//div[@role='button']") (basics.py:206)
[2022-08-29 18:11:51] [    INFO] 查找元素：('id', 'tab-account') (basics.py:106)
[2022-08-29 18:11:51] [    INFO] 点击元素：('id', 'tab-account') (basics.py:206)
[2022-08-29 18:11:52] [    INFO] 查找元素：('xpath', "//*[@id='pane-account']/form/div[1]/div/div[1]/input") (basics.py:106)
[2022-08-29 18:11:52] [    INFO] 输入文本：18645960 (basics.py:137)
[2022-08-29 18:11:53] [    INFO] 查找元素：('xpath', "//*[@id='pane-account']/form/div[2]/div/div[1]/input") (basics.py:106)
[2022-08-29 18:11:54] [    INFO] 输入文本：xLily6x (basics.py:137)
[2022-08-29 18:11:55] [    INFO] 查找元素：('xpath', "//span[text()='我已阅读并接受']/../label/span/span") (basics.py:106)
[2022-08-29 18:11:55] [    INFO] 获取状态：False (basics.py:330)
[2022-08-29 18:11:55] [    INFO] 查找元素：('xpath', "//span[text()='我已阅读并接受']/../label/span/span") (basics.py:106)
[2022-08-29 18:11:55] [    INFO] 点击元素：('xpath', "//span[text()='我已阅读并接受']/../label/span/span") (basics.py:206)
[2022-08-29 18:11:55] [    INFO] 查找元素：('xpath', "//*[@id='pane-account']/form/button") (basics.py:106)
[2022-08-29 18:11:55] [    INFO] 点击元素：('xpath', "//*[@id='pane-account']/form/button") (basics.py:206)
[2022-08-29 18:12:02] [   ERROR] 正在截图... (basics.py:449)
[2022-08-29 18:12:02] [   ERROR] 日志正在附加截图... (basics.py:456)
[2022-08-29 18:12:02] [   ERROR] 日志附加截图成功 (basics.py:460)
[2022-08-29 18:12:02] [    INFO] 断言成功：页面存在该标识首页 | 关键字:首页 (assert_ui.py:167)
[2022-08-29 18:12:02] [    INFO] 前置条件：传音统一登录成功 (conftest.py:25)
[2022-08-29 18:12:04] [    INFO] 查找元素：['xpath', "//span[@class='meta-title' and contains(text(),'BOM协作')]"] (basics.py:106)
[2022-08-29 18:12:04] [    INFO] 选择点击：['xpath', "//span[@class='meta-title' and contains(text(),'BOM协作')]"] (basics.py:203)
[2022-08-29 18:12:04] [    INFO] 点击一级菜单：BOM协作 (BOM.py:18)
[2022-08-29 18:12:06] [    INFO] 查找元素：['xpath', "//div[@class='menu-wrapper nest-menu']//span[contains(text(),'整机BOM协作')]"] (basics.py:106)
[2022-08-29 18:13:31] [    INFO] 【TBM】项目【test】环境- UI自动化开始执行 (conftest.py:17)
[2022-08-29 18:13:31] [    INFO] 前置条件：传音统一登录开始 (conftest.py:21)
[2022-08-29 18:13:34] [    INFO] 打开网页：http://bom-sit.transsion.com/#/process/home-page (basics.py:63)
[2022-08-29 18:13:34] [    INFO] 查找元素：('xpath', "//div[@role='button']") (basics.py:106)
[2022-08-29 18:13:34] [    INFO] 点击元素：('xpath', "//div[@role='button']") (basics.py:206)
[2022-08-29 18:13:39] [    INFO] 查找元素：['xpath', "//*[contains(@id,'dropdown-menu-')]//li[1]"] (basics.py:106)
[2022-08-29 18:13:40] [    INFO] 查找元素：('xpath', "//div[@role='button']") (basics.py:106)
[2022-08-29 18:13:40] [    INFO] 点击元素：('xpath', "//div[@role='button']") (basics.py:206)
[2022-08-29 18:13:40] [    INFO] 查找元素：('id', 'tab-account') (basics.py:106)
[2022-08-29 18:13:40] [    INFO] 点击元素：('id', 'tab-account') (basics.py:206)
[2022-08-29 18:13:41] [    INFO] 查找元素：('xpath', "//*[@id='pane-account']/form/div[1]/div/div[1]/input") (basics.py:106)
[2022-08-29 18:13:41] [    INFO] 输入文本：18645960 (basics.py:137)
[2022-08-29 18:13:43] [    INFO] 查找元素：('xpath', "//*[@id='pane-account']/form/div[2]/div/div[1]/input") (basics.py:106)
[2022-08-29 18:13:43] [    INFO] 输入文本：xLily6x (basics.py:137)
[2022-08-29 18:13:44] [    INFO] 查找元素：('xpath', "//span[text()='我已阅读并接受']/../label/span/span") (basics.py:106)
[2022-08-29 18:13:44] [    INFO] 获取状态：False (basics.py:330)
[2022-08-29 18:13:44] [    INFO] 查找元素：('xpath', "//span[text()='我已阅读并接受']/../label/span/span") (basics.py:106)
[2022-08-29 18:13:44] [    INFO] 点击元素：('xpath', "//span[text()='我已阅读并接受']/../label/span/span") (basics.py:206)
[2022-08-29 18:13:45] [    INFO] 查找元素：('xpath', "//*[@id='pane-account']/form/button") (basics.py:106)
[2022-08-29 18:13:45] [    INFO] 点击元素：('xpath', "//*[@id='pane-account']/form/button") (basics.py:206)
[2022-08-29 18:13:51] [   ERROR] 正在截图... (basics.py:449)
[2022-08-29 18:13:51] [   ERROR] 日志正在附加截图... (basics.py:456)
[2022-08-29 18:13:51] [   ERROR] 日志附加截图成功 (basics.py:460)
[2022-08-29 18:13:52] [    INFO] 断言成功：页面存在该标识首页 | 关键字:首页 (assert_ui.py:167)
[2022-08-29 18:13:52] [    INFO] 前置条件：传音统一登录成功 (conftest.py:25)
[2022-08-29 18:13:54] [    INFO] 查找元素：['xpath', "//span[@class='meta-title' and contains(text(),'BOM协作')]"] (basics.py:106)
[2022-08-29 18:13:54] [    INFO] 选择点击：['xpath', "//span[@class='meta-title' and contains(text(),'BOM协作')]"] (basics.py:203)
[2022-08-29 18:13:54] [    INFO] 点击一级菜单：BOM协作 (BOM.py:18)
[2022-08-29 18:13:56] [    INFO] 查找元素：['xpath', "//div[@class='menu-wrapper nest-menu']//span[contains(text(),'整机BOM协作')]"] (basics.py:106)
[2022-08-29 18:13:56] [    INFO] 选择点击：['xpath', "//div[@class='menu-wrapper nest-menu']//span[contains(text(),'整机BOM协作')]"] (basics.py:203)
[2022-08-29 18:13:56] [    INFO] 点击二级菜单：整机BOM协作 (BOM.py:20)
[2022-08-29 18:13:57] [    INFO] 刷新页面 (basics.py:337)
[2022-08-29 18:13:57] [    INFO] 查找元素：('xpath', "//button//span[contains(text(),'新增')]") (basics.py:106)
[2022-08-29 18:13:58] [    INFO] 点击元素：('xpath', "//button//span[contains(text(),'新增')]") (basics.py:206)
[2022-08-29 18:14:00] [    INFO] 查找元素：('xpath', "//label[contains(text(),'制作类型')]/..//input") (basics.py:106)
[2022-08-29 18:14:00] [    INFO] 点击元素：('xpath', "//label[contains(text(),'制作类型')]/..//input") (basics.py:206)
[2022-08-29 18:14:01] [    INFO] 查找元素：('xpath', "//li/span[contains(text(), '生产BOM')]") (basics.py:106)
[2022-08-29 18:14:01] [    INFO] 点击元素：('xpath', "//li/span[contains(text(), '生产BOM')]") (basics.py:206)
[2022-08-29 18:14:02] [    INFO] 查找元素：('xpath', "//label[contains(text(),'品牌')]/..//input") (basics.py:106)
[2022-08-29 18:14:03] [    INFO] 点击元素：('xpath', "//label[contains(text(),'品牌')]/..//input") (basics.py:206)
[2022-08-29 18:14:03] [    INFO] 查找元素：('xpath', "//li/span[normalize-space(text())='itel']") (basics.py:106)
[2022-08-29 18:14:03] [    INFO] 点击元素：('xpath', "//li/span[normalize-space(text())='itel']") (basics.py:206)
[2022-08-29 18:14:05] [    INFO] 查找元素：('xpath', "//label[contains(text(),'机型')]/..//input") (basics.py:106)
[2022-08-29 18:14:05] [    INFO] 点击元素：('xpath', "//label[contains(text(),'机型')]/..//input") (basics.py:206)
[2022-08-29 18:14:06] [    INFO] 查找元素：('xpath', "//label[contains(text(),'机型')]/..//input") (basics.py:106)
[2022-08-29 18:14:06] [    INFO] 输入文本：C3250 (basics.py:137)
[2022-08-29 18:14:06] [    INFO] 查找元素：('xpath', "//li[normalize-space(text())='(C3250)C3250']") (basics.py:106)
[2022-08-29 18:14:07] [    INFO] 点击元素：('xpath', "//li[normalize-space(text())='(C3250)C3250']") (basics.py:206)
[2022-08-29 18:14:08] [    INFO] 查找元素：('xpath', "//label[contains(text(),'阶段')]/..//input") (basics.py:106)
[2022-08-29 18:14:08] [    INFO] 点击元素：('xpath', "//label[contains(text(),'阶段')]/..//input") (basics.py:206)
[2022-08-29 18:14:09] [    INFO] 查找元素：('xpath', "//li/span[normalize-space(text())='量产阶段']") (basics.py:106)
[2022-08-29 18:14:09] [    INFO] 点击元素：('xpath', "//li/span[normalize-space(text())='量产阶段']") (basics.py:206)
[2022-08-29 18:14:10] [    INFO] 查找元素：('xpath', "//label[contains(text(),'市场')]/..//input") (basics.py:106)
[2022-08-29 18:14:10] [    INFO] 点击元素：('xpath', "//label[contains(text(),'市场')]/..//input") (basics.py:206)
[2022-08-29 18:14:11] [    INFO] 查找元素：('xpath', "//li/span[normalize-space(text())='孟加拉']") (basics.py:106)
[2022-08-29 18:14:11] [    INFO] 点击元素：('xpath', "//li/span[normalize-space(text())='孟加拉']") (basics.py:206)
[2022-08-29 18:14:12] [    INFO] 查找元素：('xpath', "//button//span[contains(text(),'新增Bom')]") (basics.py:106)
[2022-08-29 18:14:13] [    INFO] 点击元素：('xpath', "//button//span[contains(text(),'新增Bom')]") (basics.py:206)
[2022-08-29 18:14:13] [    INFO] 查找元素：('xpath', "//span[@title='产成品']/../../../..//span[contains(text(),'编辑')]") (basics.py:106)
[2022-08-29 18:14:13] [    INFO] 点击元素：('xpath', "//span[@title='产成品']/../../../..//span[contains(text(),'编辑')]") (basics.py:206)
[2022-08-29 18:14:15] [    INFO] 查找元素：('xpath', "//span[@title='产成品']/../../../../td[2]//input") (basics.py:106)
[2022-08-29 18:14:15] [    INFO] 点击元素：('xpath', "//span[@title='产成品']/../../../../td[2]//input") (basics.py:206)
[2022-08-29 18:14:15] [    INFO] 查找元素：('xpath', "//li//span[contains(text(),'国内生产BOM')]") (basics.py:106)
[2022-08-29 18:14:15] [    INFO] 点击元素：('xpath', "//li//span[contains(text(),'国内生产BOM')]") (basics.py:206)
[2022-08-29 18:14:17] [    INFO] 查找元素：('xpath', "//span[@title='产成品']/../../../../td[3]//input") (basics.py:106)
[2022-08-29 18:14:17] [    INFO] 点击元素：('xpath', "//span[@title='产成品']/../../../../td[3]//input") (basics.py:206)
[2022-08-29 18:14:17] [    INFO] 查找元素：('xpath', "//li/span[normalize-space(text())='量产']") (basics.py:106)
[2022-08-29 18:14:18] [    INFO] 点击元素：('xpath', "//li/span[normalize-space(text())='量产']") (basics.py:206)
[2022-08-29 18:14:19] [    INFO] 查找元素：('xpath', "//span[@title='产成品']/../../../../td[6]//input") (basics.py:106)
[2022-08-29 18:14:19] [    INFO] 点击元素：('xpath', "//span[@title='产成品']/../../../../td[6]//input") (basics.py:206)
[2022-08-29 18:14:20] [    INFO] 查找元素：('xpath', "//span[@title='产成品']/../../../../td[6]//input") (basics.py:106)
[2022-08-29 18:14:20] [    INFO] 输入文本：12000001 (basics.py:137)
[2022-08-29 18:14:20] [    INFO] 查找元素：('xpath', "//li[contains(text(),'12000001')]") (basics.py:106)
[2022-08-29 18:14:21] [    INFO] 点击元素：('xpath', "//li[contains(text(),'12000001')]") (basics.py:206)
[2022-08-29 18:14:23] [    INFO] 查找元素：('xpath', "//span[@title='产成品']/../../../../td[9]//input") (basics.py:106)
[2022-08-29 18:14:23] [    INFO] 点击元素：('xpath', "//span[@title='产成品']/../../../../td[9]//input") (basics.py:206)
[2022-08-29 18:14:24] [    INFO] 查找元素：('xpath', "//span[@title='产成品']/../../../../td[9]//input") (basics.py:106)
[2022-08-29 18:14:24] [    INFO] 输入文本：1000 (basics.py:137)
[2022-08-29 18:14:24] [    INFO] 查找元素：('xpath', "//span[@title='产成品']/../../../..//span[contains(text(),'确定')]") (basics.py:106)
[2022-08-29 18:14:24] [    INFO] 点击元素：('xpath', "//span[@title='产成品']/../../../..//span[contains(text(),'确定')]") (basics.py:206)
[2022-08-29 18:14:25] [    INFO] 查找元素：('xpath', "//label[contains(text(),'采购部')]/..//input") (basics.py:106)
[2022-08-29 18:14:25] [    INFO] 点击元素：('xpath', "//label[contains(text(),'采购部')]/..//input") (basics.py:206)
[2022-08-29 18:14:26] [    INFO] 查找元素：('xpath', "//div[@class='user-find']//input") (basics.py:106)
[2022-08-29 18:14:26] [    INFO] 点击元素：('xpath', "//div[@class='user-find']//input") (basics.py:206)
[2022-08-29 18:14:27] [    INFO] 查找元素：('xpath', "//div[@class='user-find']//input") (basics.py:106)
[2022-08-29 18:14:27] [    INFO] 输入文本：李小素 (basics.py:137)
[2022-08-29 18:14:27] [    INFO] 查找元素：('xpath', "//div[@class='user-list']/div[3]//div[normalize-space(text())='18645960']") (basics.py:106)
[2022-08-29 18:14:28] [    INFO] 点击元素：('xpath', "//div[@class='user-list']/div[3]//div[normalize-space(text())='18645960']") (basics.py:206)
[2022-08-29 18:14:29] [    INFO] 查找元素：('xpath', "//div[@class='user-list']/../../../..//button//span[contains(text(),'确 定')]") (basics.py:106)
[2022-08-29 18:14:29] [    INFO] 点击元素：('xpath', "//div[@class='user-list']/../../../..//button//span[contains(text(),'确 定')]") (basics.py:206)
[2022-08-29 18:14:30] [    INFO] 查找元素：('xpath', "//button//span[contains(text(),'提交')]") (basics.py:106)
[2022-08-29 18:14:30] [    INFO] 点击元素：('xpath', "//button//span[contains(text(),'提交')]") (basics.py:206)
[2022-08-29 18:15:02] [    INFO] 【TBM】项目【test】环境- UI自动化开始执行 (conftest.py:17)
[2022-08-29 18:15:02] [    INFO] 前置条件：传音统一登录开始 (conftest.py:21)
[2022-08-29 18:15:05] [    INFO] 打开网页：http://bom-sit.transsion.com/#/process/home-page (basics.py:63)
[2022-08-29 18:15:05] [    INFO] 查找元素：('xpath', "//div[@role='button']") (basics.py:106)
[2022-08-29 18:15:05] [    INFO] 点击元素：('xpath', "//div[@role='button']") (basics.py:206)
[2022-08-29 18:15:09] [    INFO] 查找元素：['xpath', "//*[contains(@id,'dropdown-menu-')]//li[1]"] (basics.py:106)
[2022-08-29 18:15:10] [    INFO] 查找元素：('xpath', "//div[@role='button']") (basics.py:106)
[2022-08-29 18:15:10] [    INFO] 点击元素：('xpath', "//div[@role='button']") (basics.py:206)
[2022-08-29 18:15:11] [    INFO] 查找元素：('id', 'tab-account') (basics.py:106)
[2022-08-29 18:15:11] [    INFO] 点击元素：('id', 'tab-account') (basics.py:206)
[2022-08-29 18:15:12] [    INFO] 查找元素：('xpath', "//*[@id='pane-account']/form/div[1]/div/div[1]/input") (basics.py:106)
[2022-08-29 18:15:12] [    INFO] 输入文本：18645960 (basics.py:137)
[2022-08-29 18:15:14] [    INFO] 查找元素：('xpath', "//*[@id='pane-account']/form/div[2]/div/div[1]/input") (basics.py:106)
[2022-08-29 18:15:14] [    INFO] 输入文本：xLily6x (basics.py:137)
[2022-08-29 18:15:15] [    INFO] 查找元素：('xpath', "//span[text()='我已阅读并接受']/../label/span/span") (basics.py:106)
[2022-08-29 18:15:15] [    INFO] 获取状态：False (basics.py:330)
[2022-08-29 18:15:15] [    INFO] 查找元素：('xpath', "//span[text()='我已阅读并接受']/../label/span/span") (basics.py:106)
[2022-08-29 18:15:15] [    INFO] 点击元素：('xpath', "//span[text()='我已阅读并接受']/../label/span/span") (basics.py:206)
[2022-08-29 18:15:15] [    INFO] 查找元素：('xpath', "//*[@id='pane-account']/form/button") (basics.py:106)
[2022-08-29 18:15:15] [    INFO] 点击元素：('xpath', "//*[@id='pane-account']/form/button") (basics.py:206)
[2022-08-29 18:15:22] [   ERROR] 正在截图... (basics.py:449)
[2022-08-29 18:15:22] [   ERROR] 日志正在附加截图... (basics.py:456)
[2022-08-29 18:15:22] [   ERROR] 日志附加截图成功 (basics.py:460)
[2022-08-29 18:15:22] [    INFO] 断言成功：页面存在该标识首页 | 关键字:首页 (assert_ui.py:167)
[2022-08-29 18:15:22] [    INFO] 前置条件：传音统一登录成功 (conftest.py:25)
[2022-08-29 18:15:24] [    INFO] 查找元素：['xpath', "//span[@class='meta-title' and contains(text(),'BOM协作')]"] (basics.py:106)
[2022-08-29 18:15:24] [    INFO] 选择点击：['xpath', "//span[@class='meta-title' and contains(text(),'BOM协作')]"] (basics.py:203)
[2022-08-29 18:15:24] [    INFO] 点击一级菜单：BOM协作 (BOM.py:18)
[2022-08-29 18:15:26] [    INFO] 查找元素：['xpath', "//div[@class='menu-wrapper nest-menu']//span[contains(text(),'整机BOM协作')]"] (basics.py:106)
[2022-08-29 18:15:26] [    INFO] 选择点击：['xpath', "//div[@class='menu-wrapper nest-menu']//span[contains(text(),'整机BOM协作')]"] (basics.py:203)
[2022-08-29 18:15:26] [    INFO] 点击二级菜单：整机BOM协作 (BOM.py:20)
[2022-08-29 18:15:28] [    INFO] 刷新页面 (basics.py:337)
[2022-08-29 18:15:28] [    INFO] 查找元素：('xpath', "//button//span[contains(text(),'新增')]") (basics.py:106)
[2022-08-29 18:15:29] [    INFO] 点击元素：('xpath', "//button//span[contains(text(),'新增')]") (basics.py:206)
[2022-08-29 18:15:31] [    INFO] 查找元素：('xpath', "//label[contains(text(),'制作类型')]/..//input") (basics.py:106)
[2022-08-29 18:15:31] [    INFO] 点击元素：('xpath', "//label[contains(text(),'制作类型')]/..//input") (basics.py:206)
[2022-08-29 18:15:32] [    INFO] 查找元素：('xpath', "//li/span[contains(text(), '生产BOM')]") (basics.py:106)
[2022-08-29 18:15:32] [    INFO] 点击元素：('xpath', "//li/span[contains(text(), '生产BOM')]") (basics.py:206)
[2022-08-29 18:15:33] [    INFO] 查找元素：('xpath', "//label[contains(text(),'品牌')]/..//input") (basics.py:106)
[2022-08-29 18:15:33] [    INFO] 点击元素：('xpath', "//label[contains(text(),'品牌')]/..//input") (basics.py:206)
[2022-08-29 18:15:34] [    INFO] 查找元素：('xpath', "//li/span[normalize-space(text())='itel']") (basics.py:106)
[2022-08-29 18:15:34] [    INFO] 点击元素：('xpath', "//li/span[normalize-space(text())='itel']") (basics.py:206)
[2022-08-29 18:15:35] [    INFO] 查找元素：('xpath', "//label[contains(text(),'机型')]/..//input") (basics.py:106)
[2022-08-29 18:15:35] [    INFO] 点击元素：('xpath', "//label[contains(text(),'机型')]/..//input") (basics.py:206)
[2022-08-29 18:15:36] [    INFO] 查找元素：('xpath', "//label[contains(text(),'机型')]/..//input") (basics.py:106)
[2022-08-29 18:15:37] [    INFO] 输入文本：C3250 (basics.py:137)
[2022-08-29 18:15:37] [    INFO] 查找元素：('xpath', "//li[normalize-space(text())='(C3250)C3250']") (basics.py:106)
[2022-08-29 18:15:37] [    INFO] 点击元素：('xpath', "//li[normalize-space(text())='(C3250)C3250']") (basics.py:206)
[2022-08-29 18:15:39] [    INFO] 查找元素：('xpath', "//label[contains(text(),'阶段')]/..//input") (basics.py:106)
[2022-08-29 18:15:39] [    INFO] 点击元素：('xpath', "//label[contains(text(),'阶段')]/..//input") (basics.py:206)
[2022-08-29 18:15:39] [    INFO] 查找元素：('xpath', "//li/span[normalize-space(text())='量产阶段']") (basics.py:106)
[2022-08-29 18:15:39] [    INFO] 点击元素：('xpath', "//li/span[normalize-space(text())='量产阶段']") (basics.py:206)
[2022-08-29 18:15:41] [    INFO] 查找元素：('xpath', "//label[contains(text(),'市场')]/..//input") (basics.py:106)
[2022-08-29 18:15:41] [    INFO] 点击元素：('xpath', "//label[contains(text(),'市场')]/..//input") (basics.py:206)
[2022-08-29 18:15:42] [    INFO] 查找元素：('xpath', "//li/span[normalize-space(text())='孟加拉']") (basics.py:106)
[2022-08-29 18:15:42] [    INFO] 点击元素：('xpath', "//li/span[normalize-space(text())='孟加拉']") (basics.py:206)
[2022-08-29 18:15:43] [    INFO] 查找元素：('xpath', "//button//span[contains(text(),'新增Bom')]") (basics.py:106)
[2022-08-29 18:15:43] [    INFO] 点击元素：('xpath', "//button//span[contains(text(),'新增Bom')]") (basics.py:206)
[2022-08-29 18:15:44] [    INFO] 查找元素：('xpath', "//span[@title='产成品']/../../../..//span[contains(text(),'编辑')]") (basics.py:106)
[2022-08-29 18:15:44] [    INFO] 点击元素：('xpath', "//span[@title='产成品']/../../../..//span[contains(text(),'编辑')]") (basics.py:206)
[2022-08-29 18:15:46] [    INFO] 查找元素：('xpath', "//span[@title='产成品']/../../../../td[2]//input") (basics.py:106)
[2022-08-29 18:15:46] [    INFO] 点击元素：('xpath', "//span[@title='产成品']/../../../../td[2]//input") (basics.py:206)
[2022-08-29 18:15:46] [    INFO] 查找元素：('xpath', "//li//span[contains(text(),'国内生产BOM')]") (basics.py:106)
[2022-08-29 18:15:46] [    INFO] 点击元素：('xpath', "//li//span[contains(text(),'国内生产BOM')]") (basics.py:206)
[2022-08-29 18:15:48] [    INFO] 查找元素：('xpath', "//span[@title='产成品']/../../../../td[3]//input") (basics.py:106)
[2022-08-29 18:15:48] [    INFO] 点击元素：('xpath', "//span[@title='产成品']/../../../../td[3]//input") (basics.py:206)
[2022-08-29 18:15:48] [    INFO] 查找元素：('xpath', "//li/span[normalize-space(text())='量产']") (basics.py:106)
[2022-08-29 18:15:48] [    INFO] 点击元素：('xpath', "//li/span[normalize-space(text())='量产']") (basics.py:206)
[2022-08-29 18:15:50] [    INFO] 查找元素：('xpath', "//span[@title='产成品']/../../../../td[6]//input") (basics.py:106)
[2022-08-29 18:15:50] [    INFO] 点击元素：('xpath', "//span[@title='产成品']/../../../../td[6]//input") (basics.py:206)
[2022-08-29 18:15:51] [    INFO] 查找元素：('xpath', "//span[@title='产成品']/../../../../td[6]//input") (basics.py:106)
[2022-08-29 18:15:51] [    INFO] 输入文本：12000001 (basics.py:137)
[2022-08-29 18:15:51] [    INFO] 查找元素：('xpath', "//li[contains(text(),'12000001')]") (basics.py:106)
[2022-08-29 18:15:52] [    INFO] 点击元素：('xpath', "//li[contains(text(),'12000001')]") (basics.py:206)
[2022-08-29 18:15:53] [    INFO] 查找元素：('xpath', "//span[@title='产成品']/../../../../td[9]//input") (basics.py:106)
[2022-08-29 18:15:54] [    INFO] 点击元素：('xpath', "//span[@title='产成品']/../../../../td[9]//input") (basics.py:206)
[2022-08-29 18:15:55] [    INFO] 查找元素：('xpath', "//span[@title='产成品']/../../../../td[9]//input") (basics.py:106)
[2022-08-29 18:15:55] [    INFO] 输入文本：1000 (basics.py:137)
[2022-08-29 18:15:55] [    INFO] 查找元素：('xpath', "//span[@title='产成品']/../../../..//span[contains(text(),'确定')]") (basics.py:106)
[2022-08-29 18:15:55] [    INFO] 点击元素：('xpath', "//span[@title='产成品']/../../../..//span[contains(text(),'确定')]") (basics.py:206)
[2022-08-29 18:15:56] [    INFO] 查找元素：('xpath', "//label[contains(text(),'MPM')]/..//input") (basics.py:106)
[2022-08-29 18:15:56] [    INFO] 点击元素：('xpath', "//label[contains(text(),'MPM')]/..//input") (basics.py:206)
[2022-08-29 18:15:57] [    INFO] 查找元素：('xpath', "//div[@class='user-find']//input") (basics.py:106)
[2022-08-29 18:15:57] [    INFO] 点击元素：('xpath', "//div[@class='user-find']//input") (basics.py:206)
[2022-08-29 18:15:58] [    INFO] 查找元素：('xpath', "//div[@class='user-find']//input") (basics.py:106)
[2022-08-29 18:15:58] [    INFO] 输入文本：李小素 (basics.py:137)
[2022-08-29 18:15:58] [    INFO] 查找元素：('xpath', "//div[@class='user-list']/div[3]//div[normalize-space(text())='18645960']") (basics.py:106)
[2022-08-29 18:15:59] [    INFO] 点击元素：('xpath', "//div[@class='user-list']/div[3]//div[normalize-space(text())='18645960']") (basics.py:206)
[2022-08-29 18:16:00] [    INFO] 查找元素：('xpath', "//div[@class='user-list']/../../../..//button//span[contains(text(),'确 定')]") (basics.py:106)
[2022-08-29 18:16:00] [    INFO] 点击元素：('xpath', "//div[@class='user-list']/../../../..//button//span[contains(text(),'确 定')]") (basics.py:206)
[2022-08-29 18:16:01] [    INFO] 查找元素：('xpath', "//label[contains(text(),'采购部')]/..//input") (basics.py:106)
[2022-08-29 18:16:01] [    INFO] 点击元素：('xpath', "//label[contains(text(),'采购部')]/..//input") (basics.py:206)
[2022-08-29 18:16:02] [    INFO] 查找元素：('xpath', "//div[@class='user-find']//input") (basics.py:106)
[2022-08-29 18:16:02] [    INFO] 点击元素：('xpath', "//div[@class='user-find']//input") (basics.py:206)
[2022-08-29 18:16:03] [    INFO] 查找元素：('xpath', "//div[@class='user-find']//input") (basics.py:106)
[2022-08-29 18:16:03] [    INFO] 输入文本：李小素 (basics.py:137)
[2022-08-29 18:16:03] [    INFO] 查找元素：('xpath', "//div[@class='user-list']/div[3]//div[normalize-space(text())='18645960']") (basics.py:106)
[2022-08-29 18:16:04] [    INFO] 点击元素：('xpath', "//div[@class='user-list']/div[3]//div[normalize-space(text())='18645960']") (basics.py:206)
[2022-08-29 18:16:05] [    INFO] 查找元素：('xpath', "//div[@class='user-list']/../../../..//button//span[contains(text(),'确 定')]") (basics.py:106)
[2022-08-29 18:16:05] [    INFO] 点击元素：('xpath', "//div[@class='user-list']/../../../..//button//span[contains(text(),'确 定')]") (basics.py:206)
[2022-08-29 18:16:06] [    INFO] 查找元素：('xpath', "//button//span[contains(text(),'提交')]") (basics.py:106)
[2022-08-29 18:16:06] [    INFO] 点击元素：('xpath', "//button//span[contains(text(),'提交')]") (basics.py:206)
