[2022-08-29 09:07:38] [    INFO] 【TBM】项目【test】环境- UI自动化开始执行 (conftest.py:17)
[2022-08-29 09:07:38] [    INFO] 前置条件：传音统一登录开始 (conftest.py:21)
[2022-08-29 09:07:40] [    INFO] 打开网页：http://bom-sit.transsion.com/#/process/home-page (basics.py:63)
[2022-08-29 09:07:40] [    INFO] 查找元素：('xpath', "//div[@role='button']") (basics.py:106)
[2022-08-29 09:07:40] [    INFO] 点击元素：('xpath', "//div[@role='button']") (basics.py:206)
[2022-08-29 09:07:44] [    INFO] 查找元素：['xpath', "//*[contains(@id,'dropdown-menu-')]//li[1]"] (basics.py:106)
[2022-08-29 09:07:45] [    INFO] 查找元素：('xpath', "//div[@role='button']") (basics.py:106)
[2022-08-29 09:07:45] [    INFO] 点击元素：('xpath', "//div[@role='button']") (basics.py:206)
[2022-08-29 09:07:46] [    INFO] 查找元素：('id', 'tab-account') (basics.py:106)
[2022-08-29 09:07:46] [    INFO] 点击元素：('id', 'tab-account') (basics.py:206)
[2022-08-29 09:07:47] [    INFO] 查找元素：('xpath', "//*[@id='pane-account']/form/div[1]/div/div[1]/input") (basics.py:106)
[2022-08-29 09:07:47] [    INFO] 输入文本：18645960 (basics.py:137)
[2022-08-29 09:07:49] [    INFO] 查找元素：('xpath', "//*[@id='pane-account']/form/div[2]/div/div[1]/input") (basics.py:106)
[2022-08-29 09:07:49] [    INFO] 输入文本：xLily6x (basics.py:137)
[2022-08-29 09:07:50] [    INFO] 查找元素：('xpath', "//span[text()='我已阅读并接受']/../label/span/span") (basics.py:106)
[2022-08-29 09:07:50] [    INFO] 获取状态：False (basics.py:330)
[2022-08-29 09:07:50] [    INFO] 查找元素：('xpath', "//span[text()='我已阅读并接受']/../label/span/span") (basics.py:106)
[2022-08-29 09:07:50] [    INFO] 点击元素：('xpath', "//span[text()='我已阅读并接受']/../label/span/span") (basics.py:206)
[2022-08-29 09:07:50] [    INFO] 查找元素：('xpath', "//*[@id='pane-account']/form/button") (basics.py:106)
[2022-08-29 09:07:50] [    INFO] 点击元素：('xpath', "//*[@id='pane-account']/form/button") (basics.py:206)
[2022-08-29 09:07:57] [   ERROR] 正在截图... (basics.py:449)
[2022-08-29 09:07:57] [   ERROR] 日志正在附加截图... (basics.py:456)
[2022-08-29 09:07:57] [   ERROR] 日志附加截图成功 (basics.py:460)
[2022-08-29 09:07:57] [    INFO] 断言成功：页面存在该标识首页 | 关键字:首页 (assert_ui.py:167)
[2022-08-29 09:07:57] [    INFO] 前置条件：传音统一登录成功 (conftest.py:25)
[2022-08-29 09:08:17] [    INFO] 【TBM】项目【test】环境- UI自动化开始执行 (conftest.py:17)
[2022-08-29 09:08:17] [    INFO] 前置条件：传音统一登录开始 (conftest.py:21)
[2022-08-29 09:08:20] [    INFO] 打开网页：http://bom-sit.transsion.com/#/process/home-page (basics.py:63)
[2022-08-29 09:08:20] [    INFO] 查找元素：('xpath', "//div[@role='button']") (basics.py:106)
[2022-08-29 09:08:20] [    INFO] 点击元素：('xpath', "//div[@role='button']") (basics.py:206)
[2022-08-29 09:08:25] [    INFO] 查找元素：['xpath', "//*[contains(@id,'dropdown-menu-')]//li[1]"] (basics.py:106)
[2022-08-29 09:08:26] [    INFO] 查找元素：('xpath', "//div[@role='button']") (basics.py:106)
[2022-08-29 09:08:26] [    INFO] 点击元素：('xpath', "//div[@role='button']") (basics.py:206)
[2022-08-29 09:08:26] [    INFO] 查找元素：('id', 'tab-account') (basics.py:106)
[2022-08-29 09:08:26] [    INFO] 点击元素：('id', 'tab-account') (basics.py:206)
[2022-08-29 09:08:27] [    INFO] 查找元素：('xpath', "//*[@id='pane-account']/form/div[1]/div/div[1]/input") (basics.py:106)
[2022-08-29 09:08:27] [    INFO] 输入文本：18645960 (basics.py:137)
[2022-08-29 09:08:29] [    INFO] 查找元素：('xpath', "//*[@id='pane-account']/form/div[2]/div/div[1]/input") (basics.py:106)
[2022-08-29 09:08:29] [    INFO] 输入文本：xLily6x (basics.py:137)
[2022-08-29 09:08:30] [    INFO] 查找元素：('xpath', "//span[text()='我已阅读并接受']/../label/span/span") (basics.py:106)
[2022-08-29 09:08:30] [    INFO] 获取状态：False (basics.py:330)
[2022-08-29 09:08:30] [    INFO] 查找元素：('xpath', "//span[text()='我已阅读并接受']/../label/span/span") (basics.py:106)
[2022-08-29 09:08:30] [    INFO] 点击元素：('xpath', "//span[text()='我已阅读并接受']/../label/span/span") (basics.py:206)
[2022-08-29 09:08:31] [    INFO] 查找元素：('xpath', "//*[@id='pane-account']/form/button") (basics.py:106)
[2022-08-29 09:08:31] [    INFO] 点击元素：('xpath', "//*[@id='pane-account']/form/button") (basics.py:206)
[2022-08-29 09:08:37] [   ERROR] 正在截图... (basics.py:449)
[2022-08-29 09:08:37] [   ERROR] 日志正在附加截图... (basics.py:456)
[2022-08-29 09:08:37] [   ERROR] 日志附加截图成功 (basics.py:460)
[2022-08-29 09:08:37] [    INFO] 断言成功：页面存在该标识首页 | 关键字:首页 (assert_ui.py:167)
[2022-08-29 09:08:37] [    INFO] 前置条件：传音统一登录成功 (conftest.py:25)
[2022-08-29 09:08:39] [    INFO] 查找元素：['xpath', "//span[@class='meta-title' and contains(text(),'BOM协作')]"] (basics.py:106)
[2022-08-29 09:08:39] [    INFO] 选择点击：['xpath', "//span[@class='meta-title' and contains(text(),'BOM协作')]"] (basics.py:203)
[2022-08-29 09:08:39] [    INFO] 点击一级菜单：BOM协作 (BOM.py:31)
[2022-08-29 09:08:41] [    INFO] 查找元素：['xpath', "//div[@class='menu-wrapper nest-menu']//span[contains(text(),'整机BOM协作')]"] (basics.py:106)
[2022-08-29 09:08:42] [    INFO] 选择点击：['xpath', "//div[@class='menu-wrapper nest-menu']//span[contains(text(),'整机BOM协作')]"] (basics.py:203)
[2022-08-29 09:08:42] [    INFO] 点击二级菜单：整机BOM协作 (BOM.py:33)
[2022-08-29 09:08:43] [    INFO] 刷新页面 (basics.py:337)
[2022-08-29 09:08:43] [    INFO] 查找元素：('xpath', "//label[contains(text(),'制作类型')]/..//input") (basics.py:106)
[2022-08-29 09:08:44] [    INFO] 输入文本：衍生BOM (basics.py:154)
[2022-08-29 09:08:45] [    INFO] 查找元素：('xpath', "//span[contains(text(),'重置')]/../..//span[contains(text(),'查询')]") (basics.py:106)
[2022-08-29 09:08:45] [    INFO] 点击元素：('xpath', "//span[contains(text(),'重置')]/../..//span[contains(text(),'查询')]") (basics.py:206)
[2022-08-29 09:13:34] [    INFO] 【TBM】项目【test】环境- UI自动化开始执行 (conftest.py:17)
[2022-08-29 09:13:34] [    INFO] 前置条件：传音统一登录开始 (conftest.py:21)
[2022-08-29 09:13:37] [    INFO] 打开网页：http://bom-sit.transsion.com/#/process/home-page (basics.py:63)
[2022-08-29 09:13:37] [    INFO] 查找元素：('xpath', "//div[@role='button']") (basics.py:106)
[2022-08-29 09:13:37] [    INFO] 点击元素：('xpath', "//div[@role='button']") (basics.py:206)
[2022-08-29 09:13:41] [    INFO] 查找元素：['xpath', "//*[contains(@id,'dropdown-menu-')]//li[1]"] (basics.py:106)
[2022-08-29 09:13:43] [    INFO] 查找元素：('xpath', "//div[@role='button']") (basics.py:106)
[2022-08-29 09:13:43] [    INFO] 点击元素：('xpath', "//div[@role='button']") (basics.py:206)
[2022-08-29 09:13:43] [    INFO] 查找元素：('id', 'tab-account') (basics.py:106)
[2022-08-29 09:13:43] [    INFO] 点击元素：('id', 'tab-account') (basics.py:206)
[2022-08-29 09:13:44] [    INFO] 查找元素：('xpath', "//*[@id='pane-account']/form/div[1]/div/div[1]/input") (basics.py:106)
[2022-08-29 09:13:44] [    INFO] 输入文本：18645960 (basics.py:137)
[2022-08-29 09:13:46] [    INFO] 查找元素：('xpath', "//*[@id='pane-account']/form/div[2]/div/div[1]/input") (basics.py:106)
[2022-08-29 09:13:46] [    INFO] 输入文本：xLily6x (basics.py:137)
[2022-08-29 09:13:47] [    INFO] 查找元素：('xpath', "//span[text()='我已阅读并接受']/../label/span/span") (basics.py:106)
[2022-08-29 09:13:47] [    INFO] 获取状态：False (basics.py:330)
[2022-08-29 09:13:47] [    INFO] 查找元素：('xpath', "//span[text()='我已阅读并接受']/../label/span/span") (basics.py:106)
[2022-08-29 09:13:47] [    INFO] 点击元素：('xpath', "//span[text()='我已阅读并接受']/../label/span/span") (basics.py:206)
[2022-08-29 09:13:48] [    INFO] 查找元素：('xpath', "//*[@id='pane-account']/form/button") (basics.py:106)
[2022-08-29 09:13:48] [    INFO] 点击元素：('xpath', "//*[@id='pane-account']/form/button") (basics.py:206)
[2022-08-29 09:13:54] [   ERROR] 正在截图... (basics.py:449)
[2022-08-29 09:13:54] [   ERROR] 日志正在附加截图... (basics.py:456)
[2022-08-29 09:13:54] [   ERROR] 日志附加截图成功 (basics.py:460)
[2022-08-29 09:13:54] [    INFO] 断言成功：页面存在该标识首页 | 关键字:首页 (assert_ui.py:167)
[2022-08-29 09:13:54] [    INFO] 前置条件：传音统一登录成功 (conftest.py:25)
[2022-08-29 09:13:56] [    INFO] 查找元素：['xpath', "//span[@class='meta-title' and contains(text(),'BOM协作')]"] (basics.py:106)
[2022-08-29 09:13:56] [    INFO] 选择点击：['xpath', "//span[@class='meta-title' and contains(text(),'BOM协作')]"] (basics.py:203)
[2022-08-29 09:13:56] [    INFO] 点击一级菜单：BOM协作 (test.py:18)
[2022-08-29 09:13:58] [    INFO] 查找元素：['xpath', "//div[@class='menu-wrapper nest-menu']//span[contains(text(),'单机头BOM协作')]"] (basics.py:106)
[2022-08-29 09:13:58] [    INFO] 选择点击：['xpath', "//div[@class='menu-wrapper nest-menu']//span[contains(text(),'单机头BOM协作')]"] (basics.py:203)
[2022-08-29 09:13:58] [    INFO] 点击二级菜单：单机头BOM协作 (test.py:20)
[2022-08-29 09:14:00] [    INFO] 刷新页面 (basics.py:337)
[2022-08-29 09:14:00] [    INFO] 查找元素：('xpath', "//label[contains(text(),'制作类型')]/..//input") (basics.py:106)
[2022-08-29 09:14:00] [    INFO] 点击元素：('xpath', "//label[contains(text(),'制作类型')]/..//input") (basics.py:206)
[2022-08-29 09:14:00] [    INFO] 查找元素：('xpath', "//span[contains(text(),'二级BOM制作')]") (basics.py:106)
[2022-08-29 09:14:00] [    INFO] 点击元素：('xpath', "//span[contains(text(),'二级BOM制作')]") (basics.py:206)
[2022-08-29 09:14:01] [    INFO] 查找元素：('xpath', "//button/span[contains(text(),'查询')]") (basics.py:106)
[2022-08-29 09:14:01] [    INFO] 点击元素：('xpath', "//button/span[contains(text(),'查询')]") (basics.py:206)
