[2022-08-31 16:24:57] [    INFO] 【TBM】项目【test】环境- UI自动化开始执行 (conftest.py:17)
[2022-08-31 16:24:57] [    INFO] 前置条件：传音统一登录开始 (conftest.py:21)
[2022-08-31 16:25:01] [    INFO] 打开网页：http://bom-sit.transsion.com/#/process/home-page (basics.py:63)
[2022-08-31 16:25:01] [    INFO] 查找元素：('xpath', "//div[@role='button']") (basics.py:106)
[2022-08-31 16:25:01] [    INFO] 点击元素：('xpath', "//div[@role='button']") (basics.py:206)
[2022-08-31 16:25:05] [    INFO] 查找元素：['xpath', "//*[contains(@id,'dropdown-menu-')]//li[1]"] (basics.py:106)
[2022-08-31 16:25:06] [    INFO] 查找元素：('xpath', "//div[@role='button']") (basics.py:106)
[2022-08-31 16:25:06] [    INFO] 点击元素：('xpath', "//div[@role='button']") (basics.py:206)
[2022-08-31 16:25:07] [    INFO] 查找元素：('id', 'tab-account') (basics.py:106)
[2022-08-31 16:25:07] [    INFO] 点击元素：('id', 'tab-account') (basics.py:206)
[2022-08-31 16:25:08] [    INFO] 查找元素：('xpath', "//*[@id='pane-account']/form/div[1]/div/div[1]/input") (basics.py:106)
[2022-08-31 16:25:08] [    INFO] 输入文本：18645960 (basics.py:137)
[2022-08-31 16:25:09] [    INFO] 查找元素：('xpath', "//*[@id='pane-account']/form/div[2]/div/div[1]/input") (basics.py:106)
[2022-08-31 16:25:10] [    INFO] 输入文本：xLily6x (basics.py:137)
[2022-08-31 16:25:11] [    INFO] 查找元素：('xpath', "//span[text()='我已阅读并接受']/../label/span/span") (basics.py:106)
[2022-08-31 16:25:11] [    INFO] 获取状态：False (basics.py:330)
[2022-08-31 16:25:11] [    INFO] 查找元素：('xpath', "//span[text()='我已阅读并接受']/../label/span/span") (basics.py:106)
[2022-08-31 16:25:11] [    INFO] 点击元素：('xpath', "//span[text()='我已阅读并接受']/../label/span/span") (basics.py:206)
[2022-08-31 16:25:11] [    INFO] 查找元素：('xpath', "//*[@id='pane-account']/form/button") (basics.py:106)
[2022-08-31 16:25:11] [    INFO] 点击元素：('xpath', "//*[@id='pane-account']/form/button") (basics.py:206)
[2022-08-31 16:25:18] [   ERROR] 正在截图... (basics.py:449)
[2022-08-31 16:25:18] [   ERROR] 日志正在附加截图... (basics.py:456)
[2022-08-31 16:25:18] [   ERROR] 日志附加截图成功 (basics.py:460)
[2022-08-31 16:25:18] [    INFO] 断言成功：页面存在该标识首页 | 关键字:首页 (assert_ui.py:167)
[2022-08-31 16:25:18] [    INFO] 前置条件：传音统一登录成功 (conftest.py:25)
[2022-08-31 16:25:18] [    INFO] 查找元素：['xpath', "//span[@class='meta-title' and contains(text(),'BOM协作')]"] (basics.py:102)
[2022-08-31 16:25:19] [    INFO] 点击元素：('xpath', "//span[@class='meta-title' and contains(text(),'BOM协作')]")BOM协作 (basics.py:565)
[2022-08-31 16:25:19] [    INFO] 点击一级菜单：BOM协作 (BOM3.py:18)
[2022-08-31 16:25:19] [    INFO] 查找元素：['xpath', "//div[@class='menu-wrapper nest-menu']//span[contains(text(),'单机头BOM协作')]"] (basics.py:102)
[2022-08-31 16:25:19] [    INFO] 点击元素：('xpath', "//div[@class='menu-wrapper nest-menu']//span[contains(text(),'单机头BOM协作')]")单机头BOM协作 (basics.py:565)
[2022-08-31 16:25:19] [    INFO] 点击二级菜单：单机头BOM协作 (BOM3.py:20)
[2022-08-31 16:25:21] [    INFO] 刷新页面 (basics.py:337)
[2022-08-31 16:25:21] [    INFO] 查找元素：('xpath', "//button//span[contains(text(),'新增')]") (basics.py:106)
[2022-08-31 16:25:21] [    INFO] 点击元素：('xpath', "//button//span[contains(text(),'新增')]")None (basics.py:565)
[2022-08-31 16:25:23] [    INFO] 查找元素：('xpath', "//label[contains(text(),'制作类型')]/..//input") (basics.py:106)
[2022-08-31 16:25:24] [    INFO] 点击元素：('xpath', "//label[contains(text(),'制作类型')]/..//input")None (basics.py:565)
[2022-08-31 16:25:24] [    INFO] 查找元素：('xpath', "//li/span[contains(text(), '单机头BOM制作')]") (basics.py:106)
[2022-08-31 16:25:24] [    INFO] 点击元素：('xpath', "//li/span[contains(text(), '单机头BOM制作')]")None (basics.py:565)
[2022-08-31 16:25:25] [    INFO] 查找元素：('xpath', "//label[contains(text(),'品牌')]/..//input") (basics.py:106)
[2022-08-31 16:25:26] [    INFO] 点击元素：('xpath', "//label[contains(text(),'品牌')]/..//input")None (basics.py:565)
[2022-08-31 16:25:26] [    INFO] 查找元素：('xpath', "//li/span[normalize-space(text())='itel']") (basics.py:106)
[2022-08-31 16:25:27] [    INFO] 点击元素：('xpath', "//li/span[normalize-space(text())='itel']")None (basics.py:565)
[2022-08-31 16:25:28] [    INFO] 查找元素：('xpath', "//label[contains(text(),'机型')]/..//input") (basics.py:106)
[2022-08-31 16:25:28] [    INFO] 点击元素：('xpath', "//label[contains(text(),'机型')]/..//input")None (basics.py:565)
[2022-08-31 16:25:29] [    INFO] 查找元素：('xpath', "//label[contains(text(),'机型')]/..//input") (basics.py:106)
[2022-08-31 16:25:29] [    INFO] 输入文本：C6769 (basics.py:137)
[2022-08-31 16:25:29] [    INFO] 查找元素：('xpath', "//li[normalize-space(text())='(C6769)C6769']") (basics.py:106)
[2022-08-31 16:25:30] [    INFO] 点击元素：('xpath', "//li[normalize-space(text())='(C6769)C6769']")None (basics.py:565)
[2022-08-31 16:25:31] [    INFO] 查找元素：('xpath', "//label[contains(text(),'阶段')]/..//input") (basics.py:106)
[2022-08-31 16:25:32] [    INFO] 点击元素：('xpath', "//label[contains(text(),'阶段')]/..//input")None (basics.py:565)
[2022-08-31 16:25:32] [    INFO] 查找元素：('xpath', "//li/span[normalize-space(text())='试产阶段']") (basics.py:106)
[2022-08-31 16:25:32] [    INFO] 点击元素：('xpath', "//li/span[normalize-space(text())='试产阶段']")None (basics.py:565)
[2022-08-31 16:25:33] [    INFO] 查找元素：('xpath', "//label[contains(text(),'市场')]/..//input") (basics.py:106)
[2022-08-31 16:25:34] [    INFO] 点击元素：('xpath', "//label[contains(text(),'市场')]/..//input")None (basics.py:565)
[2022-08-31 16:25:34] [    INFO] 查找元素：('xpath', "//li/span[normalize-space(text())='孟加拉']") (basics.py:106)
[2022-08-31 16:25:34] [    INFO] 点击元素：('xpath', "//li/span[normalize-space(text())='孟加拉']")None (basics.py:565)
[2022-08-31 16:25:35] [    INFO] 查找元素：('xpath', "//label[contains(text(),'同时做衍生BOM')]/..//input") (basics.py:106)
[2022-08-31 16:25:36] [    INFO] 点击元素：('xpath', "//label[contains(text(),'同时做衍生BOM')]/..//input")None (basics.py:565)
[2022-08-31 16:25:36] [    INFO] 查找元素：('xpath', "//li/span[normalize-space(text())='否']") (basics.py:106)
[2022-08-31 16:25:37] [    INFO] 点击元素：('xpath', "//li/span[normalize-space(text())='否']")None (basics.py:565)
[2022-08-31 16:25:38] [    INFO] 查找元素：('xpath', "//button//span[contains(text(),'新增Bom')]") (basics.py:106)
[2022-08-31 16:25:38] [    INFO] 点击元素：('xpath', "//button//span[contains(text(),'新增Bom')]")None (basics.py:565)
[2022-08-31 16:25:38] [    INFO] 查找元素：('xpath', "//span[@title='单机头']/../../../..//span[contains(text(),'编辑')]") (basics.py:106)
[2022-08-31 16:25:39] [    INFO] 点击元素：('xpath', "//span[@title='单机头']/../../../..//span[contains(text(),'编辑')]")None (basics.py:565)
[2022-08-31 16:25:40] [    INFO] 查找元素：('xpath', "//span[@title='单机头']/../../../../td[2]//input") (basics.py:106)
[2022-08-31 16:25:40] [    INFO] 点击元素：('xpath', "//span[@title='单机头']/../../../../td[2]//input")None (basics.py:565)
[2022-08-31 16:25:40] [    INFO] 查找元素：('xpath', "//li/span[normalize-space(text())='试产']") (basics.py:106)
[2022-08-31 16:25:41] [    INFO] 点击元素：('xpath', "//li/span[normalize-space(text())='试产']")None (basics.py:565)
[2022-08-31 16:25:42] [    INFO] 查找元素：('xpath', "//span[@title='单机头']/../../../../td[5]//input") (basics.py:106)
[2022-08-31 16:25:42] [    INFO] 点击元素：('xpath', "//span[@title='单机头']/../../../../td[5]//input")None (basics.py:565)
[2022-08-31 16:25:43] [    INFO] 查找元素：('xpath', "//span[@title='单机头']/../../../../td[5]//input") (basics.py:106)
[2022-08-31 16:25:43] [    INFO] 输入文本：12000001 (basics.py:137)
[2022-08-31 16:25:43] [    INFO] 查找元素：('xpath', "//li[contains(text(),'12000001')]") (basics.py:106)
[2022-08-31 16:25:44] [    INFO] 点击元素：('xpath', "//li[contains(text(),'12000001')]")None (basics.py:565)
[2022-08-31 16:25:45] [    INFO] 查找元素：('xpath', "//span[@title='单机头']/../../../../td[8]//input") (basics.py:106)
[2022-08-31 16:25:46] [    INFO] 点击元素：('xpath', "//span[@title='单机头']/../../../../td[8]//input")None (basics.py:565)
[2022-08-31 16:25:47] [    INFO] 查找元素：('xpath', "//span[@title='单机头']/../../../../td[8]//input") (basics.py:106)
[2022-08-31 16:25:47] [    INFO] 输入文本：1000 (basics.py:137)
[2022-08-31 16:25:47] [    INFO] 查找元素：('xpath', "//span[@title='单机头']/../../../..//span[contains(text(),'确定')]") (basics.py:106)
[2022-08-31 16:25:47] [    INFO] 点击元素：('xpath', "//span[@title='单机头']/../../../..//span[contains(text(),'确定')]")None (basics.py:565)
[2022-08-31 16:25:48] [    INFO] 查找元素：('xpath', "//label[contains(text(),'MPM')]/..//input") (basics.py:106)
[2022-08-31 16:25:49] [    INFO] 点击元素：('xpath', "//label[contains(text(),'MPM')]/..//input")None (basics.py:565)
[2022-08-31 16:25:49] [    INFO] 查找元素：('xpath', "//div[@class='user-find']//input") (basics.py:106)
[2022-08-31 16:25:49] [    INFO] 点击元素：('xpath', "//div[@class='user-find']//input")None (basics.py:565)
[2022-08-31 16:25:50] [    INFO] 查找元素：('xpath', "//div[@class='user-find']//input") (basics.py:106)
[2022-08-31 16:25:50] [    INFO] 输入文本：李小素 (basics.py:137)
[2022-08-31 16:25:50] [    INFO] 查找元素：('xpath', "//div[@class='user-list']/div[3]//div[normalize-space(text())='18645960']") (basics.py:106)
[2022-08-31 16:25:52] [    INFO] 点击元素：('xpath', "//div[@class='user-list']/div[3]//div[normalize-space(text())='18645960']")None (basics.py:565)
[2022-08-31 16:25:52] [    INFO] 查找元素：('xpath', "//div[@class='user-list']/../../../..//button//span[contains(text(),'确 定')]") (basics.py:106)
[2022-08-31 16:25:52] [    INFO] 点击元素：('xpath', "//div[@class='user-list']/../../../..//button//span[contains(text(),'确 定')]")None (basics.py:565)
[2022-08-31 16:25:53] [    INFO] 查找元素：('xpath', "//button//span[contains(text(),'提交')]") (basics.py:106)
[2022-08-31 16:25:54] [    INFO] 点击元素：('xpath', "//button//span[contains(text(),'提交')]")None (basics.py:565)
[2022-08-31 16:25:55] [   ERROR] 正在截图... (basics.py:449)
[2022-08-31 16:25:55] [   ERROR] 日志正在附加截图... (basics.py:456)
[2022-08-31 16:25:55] [   ERROR] 日志附加截图成功 (basics.py:460)
[2022-08-31 16:25:55] [    INFO] 断言成功：页面存在该标识 | 当前页面关键字: 创建流程成功 (assert_ui.py:155)
[2022-08-31 16:25:55] [    INFO] 查找元素：('xpath', "//button//span[contains(text(),'查询')]") (basics.py:106)
[2022-08-31 16:25:57] [    INFO] 点击元素：('xpath', "//button//span[contains(text(),'查询')]")None (basics.py:565)
[2022-08-31 16:25:57] [    INFO] 查找元素：('xpath', "//div[contains(text(),'C6769')]/../..//td[2]") (basics.py:106)
[2022-08-31 16:25:57] [    INFO] 获取文本：[李小素]-[2022-08-31] (basics.py:319)
[2022-08-31 16:25:57] [    INFO] 查找元素：['xpath', "//span[@class='meta-title' and contains(text(),'待办列表')]"] (basics.py:102)
[2022-08-31 16:25:58] [    INFO] 点击元素：('xpath', "//span[@class='meta-title' and contains(text(),'待办列表')]")待办列表 (basics.py:565)
[2022-08-31 16:25:58] [    INFO] 点击待办列表：待办列表 (BOM3.py:133)
[2022-08-31 16:25:58] [    INFO] 查找元素：['xpath', "//div[@class='menu-wrapper nest-menu']//span[contains(text(),'我申请的')]"] (basics.py:102)
[2022-08-31 16:25:58] [    INFO] 点击元素：('xpath', "//div[@class='menu-wrapper nest-menu']//span[contains(text(),'我申请的')]")我申请的 (basics.py:565)
[2022-08-31 16:25:58] [    INFO] 点击我申请的：我申请的 (BOM3.py:135)
[2022-08-31 16:26:02] [    INFO] 刷新页面 (basics.py:337)
[2022-08-31 16:26:02] [    INFO] 查找元素：('xpath', '//iframe') (basics.py:106)
[2022-08-31 16:26:02] [    INFO] 查找元素：['xpath', "//div[contains(text(),'[李小素]-[2022-08-31]') and @class='row-code']/../../../..//span[text()='查看详情']"] (basics.py:102)
[2022-08-31 16:26:32] [    INFO] 查找元素：['xpath', "//div[contains(text(),'[李小素]-[2022-08-31]') and @class='row-code']/../../../..//span[text()='查看详情']"] (basics.py:102)
[2022-08-31 16:29:01] [    INFO] 【TBM】项目【test】环境- UI自动化开始执行 (conftest.py:17)
[2022-08-31 16:29:01] [    INFO] 前置条件：传音统一登录开始 (conftest.py:21)
[2022-08-31 16:29:03] [    INFO] 打开网页：http://bom-sit.transsion.com/#/process/home-page (basics.py:63)
[2022-08-31 16:29:03] [    INFO] 查找元素：('xpath', "//div[@role='button']") (basics.py:106)
[2022-08-31 16:29:03] [    INFO] 点击元素：('xpath', "//div[@role='button']") (basics.py:206)
[2022-08-31 16:29:08] [    INFO] 查找元素：['xpath', "//*[contains(@id,'dropdown-menu-')]//li[1]"] (basics.py:106)
[2022-08-31 16:29:09] [    INFO] 查找元素：('xpath', "//div[@role='button']") (basics.py:106)
[2022-08-31 16:29:09] [    INFO] 点击元素：('xpath', "//div[@role='button']") (basics.py:206)
[2022-08-31 16:29:09] [    INFO] 查找元素：('id', 'tab-account') (basics.py:106)
[2022-08-31 16:29:09] [    INFO] 点击元素：('id', 'tab-account') (basics.py:206)
[2022-08-31 16:29:10] [    INFO] 查找元素：('xpath', "//*[@id='pane-account']/form/div[1]/div/div[1]/input") (basics.py:106)
[2022-08-31 16:29:11] [    INFO] 输入文本：18645960 (basics.py:137)
[2022-08-31 16:29:12] [    INFO] 查找元素：('xpath', "//*[@id='pane-account']/form/div[2]/div/div[1]/input") (basics.py:106)
[2022-08-31 16:29:12] [    INFO] 输入文本：xLily6x (basics.py:137)
[2022-08-31 16:29:13] [    INFO] 查找元素：('xpath', "//span[text()='我已阅读并接受']/../label/span/span") (basics.py:106)
[2022-08-31 16:29:13] [    INFO] 获取状态：False (basics.py:330)
[2022-08-31 16:29:13] [    INFO] 查找元素：('xpath', "//span[text()='我已阅读并接受']/../label/span/span") (basics.py:106)
[2022-08-31 16:29:13] [    INFO] 点击元素：('xpath', "//span[text()='我已阅读并接受']/../label/span/span") (basics.py:206)
[2022-08-31 16:29:14] [    INFO] 查找元素：('xpath', "//*[@id='pane-account']/form/button") (basics.py:106)
[2022-08-31 16:29:14] [    INFO] 点击元素：('xpath', "//*[@id='pane-account']/form/button") (basics.py:206)
[2022-08-31 16:29:20] [   ERROR] 正在截图... (basics.py:449)
[2022-08-31 16:29:21] [   ERROR] 日志正在附加截图... (basics.py:456)
[2022-08-31 16:29:21] [   ERROR] 日志附加截图成功 (basics.py:460)
[2022-08-31 16:29:54] [    INFO] 【TBM】项目【test】环境- UI自动化开始执行 (conftest.py:17)
[2022-08-31 16:29:54] [    INFO] 前置条件：传音统一登录开始 (conftest.py:21)
[2022-08-31 16:29:57] [    INFO] 打开网页：http://bom-sit.transsion.com/#/process/home-page (basics.py:63)
[2022-08-31 16:29:57] [    INFO] 查找元素：('xpath', "//div[@role='button']") (basics.py:106)
[2022-08-31 16:29:57] [    INFO] 点击元素：('xpath', "//div[@role='button']") (basics.py:206)
[2022-08-31 16:30:01] [    INFO] 查找元素：['xpath', "//*[contains(@id,'dropdown-menu-')]//li[1]"] (basics.py:106)
[2022-08-31 16:30:02] [    INFO] 查找元素：('xpath', "//div[@role='button']") (basics.py:106)
[2022-08-31 16:30:02] [    INFO] 点击元素：('xpath', "//div[@role='button']") (basics.py:206)
[2022-08-31 16:30:03] [    INFO] 查找元素：('id', 'tab-account') (basics.py:106)
[2022-08-31 16:30:03] [    INFO] 点击元素：('id', 'tab-account') (basics.py:206)
[2022-08-31 16:30:04] [    INFO] 查找元素：('xpath', "//*[@id='pane-account']/form/div[1]/div/div[1]/input") (basics.py:106)
[2022-08-31 16:30:04] [    INFO] 输入文本：18645960 (basics.py:137)
[2022-08-31 16:30:05] [    INFO] 查找元素：('xpath', "//*[@id='pane-account']/form/div[2]/div/div[1]/input") (basics.py:106)
[2022-08-31 16:30:05] [    INFO] 输入文本：xLily6x (basics.py:137)
[2022-08-31 16:30:06] [    INFO] 查找元素：('xpath', "//span[text()='我已阅读并接受']/../label/span/span") (basics.py:106)
[2022-08-31 16:30:07] [    INFO] 获取状态：False (basics.py:330)
[2022-08-31 16:30:07] [    INFO] 查找元素：('xpath', "//span[text()='我已阅读并接受']/../label/span/span") (basics.py:106)
[2022-08-31 16:30:07] [    INFO] 点击元素：('xpath', "//span[text()='我已阅读并接受']/../label/span/span") (basics.py:206)
[2022-08-31 16:30:07] [    INFO] 查找元素：('xpath', "//*[@id='pane-account']/form/button") (basics.py:106)
[2022-08-31 16:30:07] [    INFO] 点击元素：('xpath', "//*[@id='pane-account']/form/button") (basics.py:206)
[2022-08-31 16:30:14] [   ERROR] 正在截图... (basics.py:449)
[2022-08-31 16:30:14] [   ERROR] 日志正在附加截图... (basics.py:456)
[2022-08-31 16:30:14] [   ERROR] 日志附加截图成功 (basics.py:460)
[2022-08-31 16:30:14] [    INFO] 断言成功：页面存在该标识首页 | 关键字:首页 (assert_ui.py:167)
[2022-08-31 16:30:14] [    INFO] 前置条件：传音统一登录成功 (conftest.py:25)
[2022-08-31 16:30:14] [    INFO] 查找元素：['xpath', "//span[@class='meta-title' and contains(text(),'BOM协作')]"] (basics.py:102)
[2022-08-31 16:30:15] [    INFO] 点击元素：('xpath', "//span[@class='meta-title' and contains(text(),'BOM协作')]")BOM协作 (basics.py:565)
[2022-08-31 16:30:15] [    INFO] 点击一级菜单：BOM协作 (BOM3.py:18)
[2022-08-31 16:30:15] [    INFO] 查找元素：['xpath', "//div[@class='menu-wrapper nest-menu']//span[contains(text(),'单机头BOM协作')]"] (basics.py:102)
[2022-08-31 16:30:26] [    INFO] 点击元素：('xpath', "//div[@class='menu-wrapper nest-menu']//span[contains(text(),'单机头BOM协作')]")单机头BOM协作 (basics.py:565)
[2022-08-31 16:30:26] [    INFO] 点击二级菜单：单机头BOM协作 (BOM3.py:20)
[2022-08-31 16:30:27] [    INFO] 刷新页面 (basics.py:337)
[2022-08-31 16:30:27] [    INFO] 查找元素：('xpath', "//button//span[contains(text(),'新增')]") (basics.py:106)
[2022-08-31 16:30:28] [    INFO] 点击元素：('xpath', "//button//span[contains(text(),'新增')]")None (basics.py:565)
[2022-08-31 16:30:30] [    INFO] 查找元素：('xpath', "//label[contains(text(),'制作类型')]/..//input") (basics.py:106)
[2022-08-31 16:30:30] [    INFO] 点击元素：('xpath', "//label[contains(text(),'制作类型')]/..//input")None (basics.py:565)
[2022-08-31 16:30:30] [    INFO] 查找元素：('xpath', "//li/span[contains(text(), '单机头BOM制作')]") (basics.py:106)
[2022-08-31 16:30:31] [    INFO] 点击元素：('xpath', "//li/span[contains(text(), '单机头BOM制作')]")None (basics.py:565)
[2022-08-31 16:30:32] [    INFO] 查找元素：('xpath', "//label[contains(text(),'品牌')]/..//input") (basics.py:106)
[2022-08-31 16:30:33] [    INFO] 点击元素：('xpath', "//label[contains(text(),'品牌')]/..//input")None (basics.py:565)
[2022-08-31 16:30:33] [    INFO] 查找元素：('xpath', "//li/span[normalize-space(text())='itel']") (basics.py:106)
[2022-08-31 16:30:33] [    INFO] 点击元素：('xpath', "//li/span[normalize-space(text())='itel']")None (basics.py:565)
[2022-08-31 16:30:34] [    INFO] 查找元素：('xpath', "//label[contains(text(),'机型')]/..//input") (basics.py:106)
[2022-08-31 16:30:35] [    INFO] 点击元素：('xpath', "//label[contains(text(),'机型')]/..//input")None (basics.py:565)
[2022-08-31 16:30:35] [    INFO] 查找元素：('xpath', "//label[contains(text(),'机型')]/..//input") (basics.py:106)
[2022-08-31 16:30:35] [    INFO] 输入文本：C6769 (basics.py:137)
[2022-08-31 16:30:35] [    INFO] 查找元素：('xpath', "//li[normalize-space(text())='(C6769)C6769']") (basics.py:106)
[2022-08-31 16:30:37] [    INFO] 点击元素：('xpath', "//li[normalize-space(text())='(C6769)C6769']")None (basics.py:565)
[2022-08-31 16:30:38] [    INFO] 查找元素：('xpath', "//label[contains(text(),'阶段')]/..//input") (basics.py:106)
[2022-08-31 16:30:38] [    INFO] 点击元素：('xpath', "//label[contains(text(),'阶段')]/..//input")None (basics.py:565)
[2022-08-31 16:30:38] [    INFO] 查找元素：('xpath', "//li/span[normalize-space(text())='试产阶段']") (basics.py:106)
[2022-08-31 16:30:39] [    INFO] 点击元素：('xpath', "//li/span[normalize-space(text())='试产阶段']")None (basics.py:565)
[2022-08-31 16:30:40] [    INFO] 查找元素：('xpath', "//label[contains(text(),'市场')]/..//input") (basics.py:106)
[2022-08-31 16:30:40] [    INFO] 点击元素：('xpath', "//label[contains(text(),'市场')]/..//input")None (basics.py:565)
[2022-08-31 16:30:40] [    INFO] 查找元素：('xpath', "//li/span[normalize-space(text())='孟加拉']") (basics.py:106)
[2022-08-31 16:30:41] [    INFO] 点击元素：('xpath', "//li/span[normalize-space(text())='孟加拉']")None (basics.py:565)
[2022-08-31 16:30:42] [    INFO] 查找元素：('xpath', "//label[contains(text(),'同时做衍生BOM')]/..//input") (basics.py:106)
[2022-08-31 16:30:43] [    INFO] 点击元素：('xpath', "//label[contains(text(),'同时做衍生BOM')]/..//input")None (basics.py:565)
[2022-08-31 16:30:43] [    INFO] 查找元素：('xpath', "//li/span[normalize-space(text())='否']") (basics.py:106)
[2022-08-31 16:30:43] [    INFO] 点击元素：('xpath', "//li/span[normalize-space(text())='否']")None (basics.py:565)
[2022-08-31 16:30:44] [    INFO] 查找元素：('xpath', "//button//span[contains(text(),'新增Bom')]") (basics.py:106)
[2022-08-31 16:30:45] [    INFO] 点击元素：('xpath', "//button//span[contains(text(),'新增Bom')]")None (basics.py:565)
[2022-08-31 16:30:45] [    INFO] 查找元素：('xpath', "//span[@title='单机头']/../../../..//span[contains(text(),'编辑')]") (basics.py:106)
[2022-08-31 16:30:46] [    INFO] 点击元素：('xpath', "//span[@title='单机头']/../../../..//span[contains(text(),'编辑')]")None (basics.py:565)
[2022-08-31 16:30:47] [    INFO] 查找元素：('xpath', "//span[@title='单机头']/../../../../td[2]//input") (basics.py:106)
[2022-08-31 16:30:47] [    INFO] 点击元素：('xpath', "//span[@title='单机头']/../../../../td[2]//input")None (basics.py:565)
[2022-08-31 16:30:47] [    INFO] 查找元素：('xpath', "//li/span[normalize-space(text())='试产']") (basics.py:106)
[2022-08-31 16:30:48] [    INFO] 点击元素：('xpath', "//li/span[normalize-space(text())='试产']")None (basics.py:565)
[2022-08-31 16:30:49] [    INFO] 查找元素：('xpath', "//span[@title='单机头']/../../../../td[5]//input") (basics.py:106)
[2022-08-31 16:30:49] [    INFO] 点击元素：('xpath', "//span[@title='单机头']/../../../../td[5]//input")None (basics.py:565)
[2022-08-31 16:30:50] [    INFO] 查找元素：('xpath', "//span[@title='单机头']/../../../../td[5]//input") (basics.py:106)
[2022-08-31 16:30:50] [    INFO] 输入文本：12000001 (basics.py:137)
[2022-08-31 16:30:50] [    INFO] 查找元素：('xpath', "//li[contains(text(),'12000001')]") (basics.py:106)
[2022-08-31 16:30:51] [    INFO] 点击元素：('xpath', "//li[contains(text(),'12000001')]")None (basics.py:565)
[2022-08-31 16:30:52] [    INFO] 查找元素：('xpath', "//span[@title='单机头']/../../../../td[8]//input") (basics.py:106)
[2022-08-31 16:30:53] [    INFO] 点击元素：('xpath', "//span[@title='单机头']/../../../../td[8]//input")None (basics.py:565)
[2022-08-31 16:30:53] [    INFO] 查找元素：('xpath', "//span[@title='单机头']/../../../../td[8]//input") (basics.py:106)
[2022-08-31 16:30:53] [    INFO] 输入文本：1000 (basics.py:137)
[2022-08-31 16:30:53] [    INFO] 查找元素：('xpath', "//span[@title='单机头']/../../../..//span[contains(text(),'确定')]") (basics.py:106)
[2022-08-31 16:30:54] [    INFO] 点击元素：('xpath', "//span[@title='单机头']/../../../..//span[contains(text(),'确定')]")None (basics.py:565)
[2022-08-31 16:30:55] [    INFO] 查找元素：('xpath', "//label[contains(text(),'MPM')]/..//input") (basics.py:106)
[2022-08-31 16:30:56] [    INFO] 点击元素：('xpath', "//label[contains(text(),'MPM')]/..//input")None (basics.py:565)
[2022-08-31 16:30:56] [    INFO] 查找元素：('xpath', "//div[@class='user-find']//input") (basics.py:106)
[2022-08-31 16:30:56] [    INFO] 点击元素：('xpath', "//div[@class='user-find']//input")None (basics.py:565)
[2022-08-31 16:30:57] [    INFO] 查找元素：('xpath', "//div[@class='user-find']//input") (basics.py:106)
[2022-08-31 16:30:57] [    INFO] 输入文本：李小素 (basics.py:137)
[2022-08-31 16:30:57] [    INFO] 查找元素：('xpath', "//div[@class='user-list']/div[3]//div[normalize-space(text())='18645960']") (basics.py:106)
[2022-08-31 16:30:58] [    INFO] 点击元素：('xpath', "//div[@class='user-list']/div[3]//div[normalize-space(text())='18645960']")None (basics.py:565)
[2022-08-31 16:30:58] [    INFO] 查找元素：('xpath', "//div[@class='user-list']/../../../..//button//span[contains(text(),'确 定')]") (basics.py:106)
[2022-08-31 16:30:59] [    INFO] 点击元素：('xpath', "//div[@class='user-list']/../../../..//button//span[contains(text(),'确 定')]")None (basics.py:565)
[2022-08-31 16:31:00] [    INFO] 查找元素：('xpath', "//button//span[contains(text(),'提交')]") (basics.py:106)
[2022-08-31 16:31:01] [    INFO] 点击元素：('xpath', "//button//span[contains(text(),'提交')]")None (basics.py:565)
[2022-08-31 16:31:02] [   ERROR] 正在截图... (basics.py:449)
[2022-08-31 16:31:02] [   ERROR] 日志正在附加截图... (basics.py:456)
[2022-08-31 16:31:02] [   ERROR] 日志附加截图成功 (basics.py:460)
[2022-08-31 16:31:02] [    INFO] 断言成功：页面存在该标识 | 当前页面关键字: 创建流程成功 (assert_ui.py:155)
[2022-08-31 16:31:02] [    INFO] 查找元素：('xpath', "//button//span[contains(text(),'查询')]") (basics.py:106)
[2022-08-31 16:31:03] [    INFO] 点击元素：('xpath', "//button//span[contains(text(),'查询')]")None (basics.py:565)
[2022-08-31 16:31:03] [    INFO] 查找元素：('xpath', "//div[contains(text(),'C6769')]/../..//td[2]") (basics.py:106)
[2022-08-31 16:31:03] [    INFO] 获取文本：[李小素]-[2022-08-31] (basics.py:319)
[2022-08-31 16:31:03] [    INFO] 查找元素：['xpath', "//span[@class='meta-title' and contains(text(),'待办列表')]"] (basics.py:102)
[2022-08-31 16:31:03] [    INFO] 点击元素：('xpath', "//span[@class='meta-title' and contains(text(),'待办列表')]")待办列表 (basics.py:565)
[2022-08-31 16:31:03] [    INFO] 点击待办列表：待办列表 (BOM3.py:133)
[2022-08-31 16:31:03] [    INFO] 查找元素：['xpath', "//div[@class='menu-wrapper nest-menu']//span[contains(text(),'我申请的')]"] (basics.py:102)
[2022-08-31 16:31:04] [    INFO] 点击元素：('xpath', "//div[@class='menu-wrapper nest-menu']//span[contains(text(),'我申请的')]")我申请的 (basics.py:565)
[2022-08-31 16:31:04] [    INFO] 点击我申请的：我申请的 (BOM3.py:135)
[2022-08-31 16:31:07] [    INFO] 刷新页面 (basics.py:337)
[2022-08-31 16:31:07] [    INFO] 查找元素：('xpath', '//iframe') (basics.py:106)
[2022-08-31 16:31:08] [    INFO] 查找元素：['xpath', "//div[contains(text(),'[李小素]-[2022-08-31]') and @class='row-code']/../../../..//span[text()='查看详情']"] (basics.py:102)
[2022-08-31 16:31:38] [    INFO] 查找元素：['xpath', "//div[contains(text(),'[李小素]-[2022-08-31]') and @class='row-code']/../../../..//span[text()='查看详情']"] (basics.py:102)
[2022-08-31 16:33:49] [    INFO] 【TBM】项目【test】环境- UI自动化开始执行 (conftest.py:17)
[2022-08-31 16:33:49] [    INFO] 前置条件：传音统一登录开始 (conftest.py:21)
[2022-08-31 16:33:52] [    INFO] 打开网页：http://bom-sit.transsion.com/#/process/home-page (basics.py:63)
[2022-08-31 16:33:52] [    INFO] 查找元素：('xpath', "//div[@role='button']") (basics.py:106)
[2022-08-31 16:33:52] [    INFO] 点击元素：('xpath', "//div[@role='button']") (basics.py:206)
[2022-08-31 16:33:56] [    INFO] 查找元素：['xpath', "//*[contains(@id,'dropdown-menu-')]//li[1]"] (basics.py:106)
[2022-08-31 16:33:57] [    INFO] 查找元素：('xpath', "//div[@role='button']") (basics.py:106)
[2022-08-31 16:33:57] [    INFO] 点击元素：('xpath', "//div[@role='button']") (basics.py:206)
[2022-08-31 16:33:58] [    INFO] 查找元素：('id', 'tab-account') (basics.py:106)
[2022-08-31 16:33:58] [    INFO] 点击元素：('id', 'tab-account') (basics.py:206)
[2022-08-31 16:33:59] [    INFO] 查找元素：('xpath', "//*[@id='pane-account']/form/div[1]/div/div[1]/input") (basics.py:106)
[2022-08-31 16:33:59] [    INFO] 输入文本：18645960 (basics.py:137)
[2022-08-31 16:34:01] [    INFO] 查找元素：('xpath', "//*[@id='pane-account']/form/div[2]/div/div[1]/input") (basics.py:106)
[2022-08-31 16:34:01] [    INFO] 输入文本：xLily6x (basics.py:137)
[2022-08-31 16:34:02] [    INFO] 查找元素：('xpath', "//span[text()='我已阅读并接受']/../label/span/span") (basics.py:106)
[2022-08-31 16:34:02] [    INFO] 获取状态：False (basics.py:330)
[2022-08-31 16:34:02] [    INFO] 查找元素：('xpath', "//span[text()='我已阅读并接受']/../label/span/span") (basics.py:106)
[2022-08-31 16:34:02] [    INFO] 点击元素：('xpath', "//span[text()='我已阅读并接受']/../label/span/span") (basics.py:206)
[2022-08-31 16:34:02] [    INFO] 查找元素：('xpath', "//*[@id='pane-account']/form/button") (basics.py:106)
[2022-08-31 16:34:02] [    INFO] 点击元素：('xpath', "//*[@id='pane-account']/form/button") (basics.py:206)
[2022-08-31 16:34:09] [   ERROR] 正在截图... (basics.py:449)
[2022-08-31 16:34:09] [   ERROR] 日志正在附加截图... (basics.py:456)
[2022-08-31 16:34:09] [   ERROR] 日志附加截图成功 (basics.py:460)
[2022-08-31 16:34:09] [    INFO] 断言成功：页面存在该标识首页 | 关键字:首页 (assert_ui.py:167)
[2022-08-31 16:34:09] [    INFO] 前置条件：传音统一登录成功 (conftest.py:25)
[2022-08-31 16:34:09] [    INFO] 查找元素：['xpath', "//span[@class='meta-title' and contains(text(),'BOM协作')]"] (basics.py:102)
[2022-08-31 16:34:10] [    INFO] 点击元素：('xpath', "//span[@class='meta-title' and contains(text(),'BOM协作')]")BOM协作 (basics.py:565)
[2022-08-31 16:34:10] [    INFO] 点击一级菜单：BOM协作 (BOM3.py:18)
[2022-08-31 16:34:10] [    INFO] 查找元素：['xpath', "//div[@class='menu-wrapper nest-menu']//span[contains(text(),'单机头BOM协作')]"] (basics.py:102)
[2022-08-31 16:34:10] [    INFO] 点击元素：('xpath', "//div[@class='menu-wrapper nest-menu']//span[contains(text(),'单机头BOM协作')]")单机头BOM协作 (basics.py:565)
[2022-08-31 16:34:10] [    INFO] 点击二级菜单：单机头BOM协作 (BOM3.py:20)
[2022-08-31 16:34:12] [    INFO] 刷新页面 (basics.py:337)
[2022-08-31 16:34:12] [    INFO] 查找元素：('xpath', "//button//span[contains(text(),'新增')]") (basics.py:106)
[2022-08-31 16:34:12] [    INFO] 点击元素：('xpath', "//button//span[contains(text(),'新增')]")None (basics.py:565)
[2022-08-31 16:34:14] [    INFO] 查找元素：('xpath', "//label[contains(text(),'制作类型')]/..//input") (basics.py:106)
[2022-08-31 16:34:15] [    INFO] 点击元素：('xpath', "//label[contains(text(),'制作类型')]/..//input")None (basics.py:565)
[2022-08-31 16:34:15] [    INFO] 查找元素：('xpath', "//li/span[contains(text(), '单机头BOM制作')]") (basics.py:106)
[2022-08-31 16:34:15] [    INFO] 点击元素：('xpath', "//li/span[contains(text(), '单机头BOM制作')]")None (basics.py:565)
[2022-08-31 16:34:16] [    INFO] 查找元素：('xpath', "//label[contains(text(),'品牌')]/..//input") (basics.py:106)
[2022-08-31 16:34:17] [    INFO] 点击元素：('xpath', "//label[contains(text(),'品牌')]/..//input")None (basics.py:565)
[2022-08-31 16:34:17] [    INFO] 查找元素：('xpath', "//li/span[normalize-space(text())='itel']") (basics.py:106)
[2022-08-31 16:34:18] [    INFO] 点击元素：('xpath', "//li/span[normalize-space(text())='itel']")None (basics.py:565)
[2022-08-31 16:34:19] [    INFO] 查找元素：('xpath', "//label[contains(text(),'机型')]/..//input") (basics.py:106)
[2022-08-31 16:34:19] [    INFO] 点击元素：('xpath', "//label[contains(text(),'机型')]/..//input")None (basics.py:565)
[2022-08-31 16:34:20] [    INFO] 查找元素：('xpath', "//label[contains(text(),'机型')]/..//input") (basics.py:106)
[2022-08-31 16:34:20] [    INFO] 输入文本：C6769 (basics.py:137)
[2022-08-31 16:34:20] [    INFO] 查找元素：('xpath', "//li[normalize-space(text())='(C6769)C6769']") (basics.py:106)
[2022-08-31 16:34:21] [    INFO] 点击元素：('xpath', "//li[normalize-space(text())='(C6769)C6769']")None (basics.py:565)
[2022-08-31 16:34:22] [    INFO] 查找元素：('xpath', "//label[contains(text(),'阶段')]/..//input") (basics.py:106)
[2022-08-31 16:34:23] [    INFO] 点击元素：('xpath', "//label[contains(text(),'阶段')]/..//input")None (basics.py:565)
[2022-08-31 16:34:23] [    INFO] 查找元素：('xpath', "//li/span[normalize-space(text())='试产阶段']") (basics.py:106)
[2022-08-31 16:34:23] [    INFO] 点击元素：('xpath', "//li/span[normalize-space(text())='试产阶段']")None (basics.py:565)
[2022-08-31 16:34:24] [    INFO] 查找元素：('xpath', "//label[contains(text(),'市场')]/..//input") (basics.py:106)
[2022-08-31 16:34:25] [    INFO] 点击元素：('xpath', "//label[contains(text(),'市场')]/..//input")None (basics.py:565)
[2022-08-31 16:34:25] [    INFO] 查找元素：('xpath', "//li/span[normalize-space(text())='孟加拉']") (basics.py:106)
[2022-08-31 16:34:25] [    INFO] 点击元素：('xpath', "//li/span[normalize-space(text())='孟加拉']")None (basics.py:565)
[2022-08-31 16:34:26] [    INFO] 查找元素：('xpath', "//label[contains(text(),'同时做衍生BOM')]/..//input") (basics.py:106)
[2022-08-31 16:34:27] [    INFO] 点击元素：('xpath', "//label[contains(text(),'同时做衍生BOM')]/..//input")None (basics.py:565)
[2022-08-31 16:34:27] [    INFO] 查找元素：('xpath', "//li/span[normalize-space(text())='否']") (basics.py:106)
[2022-08-31 16:34:28] [    INFO] 点击元素：('xpath', "//li/span[normalize-space(text())='否']")None (basics.py:565)
[2022-08-31 16:34:29] [    INFO] 查找元素：('xpath', "//button//span[contains(text(),'新增Bom')]") (basics.py:106)
[2022-08-31 16:34:29] [    INFO] 点击元素：('xpath', "//button//span[contains(text(),'新增Bom')]")None (basics.py:565)
[2022-08-31 16:34:29] [    INFO] 查找元素：('xpath', "//span[@title='单机头']/../../../..//span[contains(text(),'编辑')]") (basics.py:106)
[2022-08-31 16:34:30] [    INFO] 点击元素：('xpath', "//span[@title='单机头']/../../../..//span[contains(text(),'编辑')]")None (basics.py:565)
[2022-08-31 16:34:31] [    INFO] 查找元素：('xpath', "//span[@title='单机头']/../../../../td[2]//input") (basics.py:106)
[2022-08-31 16:34:31] [    INFO] 点击元素：('xpath', "//span[@title='单机头']/../../../../td[2]//input")None (basics.py:565)
[2022-08-31 16:34:31] [    INFO] 查找元素：('xpath', "//li/span[normalize-space(text())='试产']") (basics.py:106)
[2022-08-31 16:34:32] [    INFO] 点击元素：('xpath', "//li/span[normalize-space(text())='试产']")None (basics.py:565)
[2022-08-31 16:34:33] [    INFO] 查找元素：('xpath', "//span[@title='单机头']/../../../../td[5]//input") (basics.py:106)
[2022-08-31 16:34:33] [    INFO] 点击元素：('xpath', "//span[@title='单机头']/../../../../td[5]//input")None (basics.py:565)
[2022-08-31 16:34:34] [    INFO] 查找元素：('xpath', "//span[@title='单机头']/../../../../td[5]//input") (basics.py:106)
[2022-08-31 16:34:34] [    INFO] 输入文本：12000001 (basics.py:137)
[2022-08-31 16:34:34] [    INFO] 查找元素：('xpath', "//li[contains(text(),'12000001')]") (basics.py:106)
[2022-08-31 16:34:35] [    INFO] 点击元素：('xpath', "//li[contains(text(),'12000001')]")None (basics.py:565)
[2022-08-31 16:34:36] [    INFO] 查找元素：('xpath', "//span[@title='单机头']/../../../../td[8]//input") (basics.py:106)
[2022-08-31 16:34:37] [    INFO] 点击元素：('xpath', "//span[@title='单机头']/../../../../td[8]//input")None (basics.py:565)
[2022-08-31 16:34:37] [    INFO] 查找元素：('xpath', "//span[@title='单机头']/../../../../td[8]//input") (basics.py:106)
[2022-08-31 16:34:38] [    INFO] 输入文本：1000 (basics.py:137)
[2022-08-31 16:34:38] [    INFO] 查找元素：('xpath', "//span[@title='单机头']/../../../..//span[contains(text(),'确定')]") (basics.py:106)
[2022-08-31 16:34:38] [    INFO] 点击元素：('xpath', "//span[@title='单机头']/../../../..//span[contains(text(),'确定')]")None (basics.py:565)
[2022-08-31 16:34:39] [    INFO] 查找元素：('xpath', "//label[contains(text(),'MPM')]/..//input") (basics.py:106)
[2022-08-31 16:34:40] [    INFO] 点击元素：('xpath', "//label[contains(text(),'MPM')]/..//input")None (basics.py:565)
[2022-08-31 16:34:40] [    INFO] 查找元素：('xpath', "//div[@class='user-find']//input") (basics.py:106)
[2022-08-31 16:34:40] [    INFO] 点击元素：('xpath', "//div[@class='user-find']//input")None (basics.py:565)
[2022-08-31 16:34:41] [    INFO] 查找元素：('xpath', "//div[@class='user-find']//input") (basics.py:106)
[2022-08-31 16:34:41] [    INFO] 输入文本：李小素 (basics.py:137)
[2022-08-31 16:34:41] [    INFO] 查找元素：('xpath', "//div[@class='user-list']/div[3]//div[normalize-space(text())='18645960']") (basics.py:106)
[2022-08-31 16:34:42] [    INFO] 点击元素：('xpath', "//div[@class='user-list']/div[3]//div[normalize-space(text())='18645960']")None (basics.py:565)
[2022-08-31 16:34:42] [    INFO] 查找元素：('xpath', "//div[@class='user-list']/../../../..//button//span[contains(text(),'确 定')]") (basics.py:106)
[2022-08-31 16:34:43] [    INFO] 点击元素：('xpath', "//div[@class='user-list']/../../../..//button//span[contains(text(),'确 定')]")None (basics.py:565)
[2022-08-31 16:34:44] [    INFO] 查找元素：('xpath', "//button//span[contains(text(),'提交')]") (basics.py:106)
[2022-08-31 16:34:45] [    INFO] 点击元素：('xpath', "//button//span[contains(text(),'提交')]")None (basics.py:565)
[2022-08-31 16:34:46] [   ERROR] 正在截图... (basics.py:449)
[2022-08-31 16:34:46] [   ERROR] 日志正在附加截图... (basics.py:456)
[2022-08-31 16:34:46] [   ERROR] 日志附加截图成功 (basics.py:460)
[2022-08-31 16:34:46] [    INFO] 断言成功：页面存在该标识 | 当前页面关键字: 创建流程成功 (assert_ui.py:155)
[2022-08-31 16:34:46] [    INFO] 查找元素：('xpath', "//button//span[contains(text(),'查询')]") (basics.py:106)
[2022-08-31 16:34:46] [    INFO] 点击元素：('xpath', "//button//span[contains(text(),'查询')]")None (basics.py:565)
[2022-08-31 16:34:46] [    INFO] 查找元素：('xpath', "//div[contains(text(),'C6769')]/../..//td[3]") (basics.py:106)
[2022-08-31 16:34:47] [    INFO] 获取文本：SBOM20220831083444992997 (basics.py:319)
[2022-08-31 16:34:47] [    INFO] 查找元素：['xpath', "//span[@class='meta-title' and contains(text(),'待办列表')]"] (basics.py:102)
[2022-08-31 16:34:47] [    INFO] 点击元素：('xpath', "//span[@class='meta-title' and contains(text(),'待办列表')]")待办列表 (basics.py:565)
[2022-08-31 16:34:47] [    INFO] 点击待办列表：待办列表 (BOM3.py:133)
[2022-08-31 16:34:47] [    INFO] 查找元素：['xpath', "//div[@class='menu-wrapper nest-menu']//span[contains(text(),'我申请的')]"] (basics.py:102)
[2022-08-31 16:34:48] [    INFO] 点击元素：('xpath', "//div[@class='menu-wrapper nest-menu']//span[contains(text(),'我申请的')]")我申请的 (basics.py:565)
[2022-08-31 16:34:48] [    INFO] 点击我申请的：我申请的 (BOM3.py:135)
[2022-08-31 16:34:52] [    INFO] 刷新页面 (basics.py:337)
[2022-08-31 16:34:52] [    INFO] 查找元素：('xpath', '//iframe') (basics.py:106)
[2022-08-31 16:34:52] [    INFO] 查找元素：['xpath', "//div[contains(text(),'SBOM20220831083444992997') and @class='row-code']/../../../..//span[text()='查看详情']"] (basics.py:102)
[2022-08-31 16:34:55] [    INFO] 点击元素：('xpath', "//div[contains(text(),'variable') and @class='row-code']/../../../..//span[text()='查看详情']")SBOM20220831083444992997 (basics.py:565)
[2022-08-31 16:34:55] [    INFO] 查找元素：('xpath', '//iframe') (basics.py:106)
[2022-08-31 16:34:56] [    INFO] 查找元素：('xpath', "//button//span[text()='撤回']") (basics.py:106)
[2022-08-31 16:34:56] [    INFO] 查找元素：('xpath', "//button//span[text()='撤回']") (basics.py:106)
[2022-08-31 16:35:17] [    INFO] 【TBM】项目【test】环境- UI自动化开始执行 (conftest.py:17)
[2022-08-31 16:35:17] [    INFO] 前置条件：传音统一登录开始 (conftest.py:21)
[2022-08-31 16:35:21] [    INFO] 打开网页：http://bom-sit.transsion.com/#/process/home-page (basics.py:63)
[2022-08-31 16:35:21] [    INFO] 查找元素：('xpath', "//div[@role='button']") (basics.py:106)
[2022-08-31 16:35:21] [    INFO] 点击元素：('xpath', "//div[@role='button']") (basics.py:206)
[2022-08-31 16:35:25] [    INFO] 查找元素：['xpath', "//*[contains(@id,'dropdown-menu-')]//li[1]"] (basics.py:106)
[2022-08-31 16:35:25] [    INFO] 查找元素：('xpath', "//div[@role='button']") (basics.py:106)
[2022-08-31 16:35:25] [    INFO] 点击元素：('xpath', "//div[@role='button']") (basics.py:206)
[2022-08-31 16:35:26] [    INFO] 查找元素：('id', 'tab-account') (basics.py:106)
[2022-08-31 16:35:26] [    INFO] 点击元素：('id', 'tab-account') (basics.py:206)
[2022-08-31 16:35:27] [    INFO] 查找元素：('xpath', "//*[@id='pane-account']/form/div[1]/div/div[1]/input") (basics.py:106)
[2022-08-31 16:35:27] [    INFO] 输入文本：18645960 (basics.py:137)
[2022-08-31 16:35:29] [    INFO] 查找元素：('xpath', "//*[@id='pane-account']/form/div[2]/div/div[1]/input") (basics.py:106)
[2022-08-31 16:35:29] [    INFO] 输入文本：xLily6x (basics.py:137)
[2022-08-31 16:35:30] [    INFO] 查找元素：('xpath', "//span[text()='我已阅读并接受']/../label/span/span") (basics.py:106)
[2022-08-31 16:35:30] [    INFO] 获取状态：False (basics.py:330)
[2022-08-31 16:35:30] [    INFO] 查找元素：('xpath', "//span[text()='我已阅读并接受']/../label/span/span") (basics.py:106)
[2022-08-31 16:35:30] [    INFO] 点击元素：('xpath', "//span[text()='我已阅读并接受']/../label/span/span") (basics.py:206)
[2022-08-31 16:35:30] [    INFO] 查找元素：('xpath', "//*[@id='pane-account']/form/button") (basics.py:106)
[2022-08-31 16:35:30] [    INFO] 点击元素：('xpath', "//*[@id='pane-account']/form/button") (basics.py:206)
[2022-08-31 16:35:37] [   ERROR] 正在截图... (basics.py:449)
[2022-08-31 16:35:37] [   ERROR] 日志正在附加截图... (basics.py:456)
[2022-08-31 16:35:37] [   ERROR] 日志附加截图成功 (basics.py:460)
[2022-08-31 16:35:37] [    INFO] 断言成功：页面存在该标识首页 | 关键字:首页 (assert_ui.py:167)
[2022-08-31 16:35:37] [    INFO] 前置条件：传音统一登录成功 (conftest.py:25)
[2022-08-31 16:35:37] [    INFO] 查找元素：['xpath', "//span[@class='meta-title' and contains(text(),'BOM协作')]"] (basics.py:102)
[2022-08-31 16:35:38] [    INFO] 点击元素：('xpath', "//span[@class='meta-title' and contains(text(),'BOM协作')]")BOM协作 (basics.py:565)
[2022-08-31 16:35:38] [    INFO] 点击一级菜单：BOM协作 (BOM3.py:18)
[2022-08-31 16:35:38] [    INFO] 查找元素：['xpath', "//div[@class='menu-wrapper nest-menu']//span[contains(text(),'单机头BOM协作')]"] (basics.py:102)
[2022-08-31 16:35:38] [    INFO] 点击元素：('xpath', "//div[@class='menu-wrapper nest-menu']//span[contains(text(),'单机头BOM协作')]")单机头BOM协作 (basics.py:565)
[2022-08-31 16:35:38] [    INFO] 点击二级菜单：单机头BOM协作 (BOM3.py:20)
[2022-08-31 16:35:40] [    INFO] 刷新页面 (basics.py:337)
[2022-08-31 16:35:40] [    INFO] 查找元素：('xpath', "//button//span[contains(text(),'新增')]") (basics.py:106)
[2022-08-31 16:35:41] [    INFO] 点击元素：('xpath', "//button//span[contains(text(),'新增')]")None (basics.py:565)
[2022-08-31 16:35:43] [    INFO] 查找元素：('xpath', "//label[contains(text(),'制作类型')]/..//input") (basics.py:106)
[2022-08-31 16:35:44] [    INFO] 点击元素：('xpath', "//label[contains(text(),'制作类型')]/..//input")None (basics.py:565)
[2022-08-31 16:35:44] [    INFO] 查找元素：('xpath', "//li/span[contains(text(), '单机头BOM制作')]") (basics.py:106)
[2022-08-31 16:35:44] [    INFO] 点击元素：('xpath', "//li/span[contains(text(), '单机头BOM制作')]")None (basics.py:565)
[2022-08-31 16:35:45] [    INFO] 查找元素：('xpath', "//label[contains(text(),'品牌')]/..//input") (basics.py:106)
[2022-08-31 16:35:46] [    INFO] 点击元素：('xpath', "//label[contains(text(),'品牌')]/..//input")None (basics.py:565)
[2022-08-31 16:35:46] [    INFO] 查找元素：('xpath', "//li/span[normalize-space(text())='itel']") (basics.py:106)
[2022-08-31 16:35:46] [    INFO] 点击元素：('xpath', "//li/span[normalize-space(text())='itel']")None (basics.py:565)
[2022-08-31 16:35:47] [    INFO] 查找元素：('xpath', "//label[contains(text(),'机型')]/..//input") (basics.py:106)
[2022-08-31 16:35:48] [    INFO] 点击元素：('xpath', "//label[contains(text(),'机型')]/..//input")None (basics.py:565)
[2022-08-31 16:35:48] [    INFO] 查找元素：('xpath', "//label[contains(text(),'机型')]/..//input") (basics.py:106)
[2022-08-31 16:35:48] [    INFO] 输入文本：C6769 (basics.py:137)
[2022-08-31 16:35:48] [    INFO] 查找元素：('xpath', "//li[normalize-space(text())='(C6769)C6769']") (basics.py:106)
[2022-08-31 16:35:50] [    INFO] 点击元素：('xpath', "//li[normalize-space(text())='(C6769)C6769']")None (basics.py:565)
[2022-08-31 16:35:51] [    INFO] 查找元素：('xpath', "//label[contains(text(),'阶段')]/..//input") (basics.py:106)
[2022-08-31 16:35:51] [    INFO] 点击元素：('xpath', "//label[contains(text(),'阶段')]/..//input")None (basics.py:565)
[2022-08-31 16:35:51] [    INFO] 查找元素：('xpath', "//li/span[normalize-space(text())='试产阶段']") (basics.py:106)
[2022-08-31 16:35:52] [    INFO] 点击元素：('xpath', "//li/span[normalize-space(text())='试产阶段']")None (basics.py:565)
[2022-08-31 16:35:53] [    INFO] 查找元素：('xpath', "//label[contains(text(),'市场')]/..//input") (basics.py:106)
[2022-08-31 16:35:53] [    INFO] 点击元素：('xpath', "//label[contains(text(),'市场')]/..//input")None (basics.py:565)
[2022-08-31 16:35:53] [    INFO] 查找元素：('xpath', "//li/span[normalize-space(text())='孟加拉']") (basics.py:106)
[2022-08-31 16:35:54] [    INFO] 点击元素：('xpath', "//li/span[normalize-space(text())='孟加拉']")None (basics.py:565)
[2022-08-31 16:35:55] [    INFO] 查找元素：('xpath', "//label[contains(text(),'同时做衍生BOM')]/..//input") (basics.py:106)
[2022-08-31 16:35:56] [    INFO] 点击元素：('xpath', "//label[contains(text(),'同时做衍生BOM')]/..//input")None (basics.py:565)
[2022-08-31 16:35:56] [    INFO] 查找元素：('xpath', "//li/span[normalize-space(text())='否']") (basics.py:106)
[2022-08-31 16:35:56] [    INFO] 点击元素：('xpath', "//li/span[normalize-space(text())='否']")None (basics.py:565)
[2022-08-31 16:35:57] [    INFO] 查找元素：('xpath', "//button//span[contains(text(),'新增Bom')]") (basics.py:106)
[2022-08-31 16:35:58] [    INFO] 点击元素：('xpath', "//button//span[contains(text(),'新增Bom')]")None (basics.py:565)
[2022-08-31 16:35:58] [    INFO] 查找元素：('xpath', "//span[@title='单机头']/../../../..//span[contains(text(),'编辑')]") (basics.py:106)
[2022-08-31 16:35:59] [    INFO] 点击元素：('xpath', "//span[@title='单机头']/../../../..//span[contains(text(),'编辑')]")None (basics.py:565)
[2022-08-31 16:36:00] [    INFO] 查找元素：('xpath', "//span[@title='单机头']/../../../../td[2]//input") (basics.py:106)
[2022-08-31 16:36:00] [    INFO] 点击元素：('xpath', "//span[@title='单机头']/../../../../td[2]//input")None (basics.py:565)
[2022-08-31 16:36:00] [    INFO] 查找元素：('xpath', "//li/span[normalize-space(text())='试产']") (basics.py:106)
[2022-08-31 16:36:01] [    INFO] 点击元素：('xpath', "//li/span[normalize-space(text())='试产']")None (basics.py:565)
[2022-08-31 16:36:02] [    INFO] 查找元素：('xpath', "//span[@title='单机头']/../../../../td[5]//input") (basics.py:106)
[2022-08-31 16:36:02] [    INFO] 点击元素：('xpath', "//span[@title='单机头']/../../../../td[5]//input")None (basics.py:565)
[2022-08-31 16:36:03] [    INFO] 查找元素：('xpath', "//span[@title='单机头']/../../../../td[5]//input") (basics.py:106)
[2022-08-31 16:36:03] [    INFO] 输入文本：12000001 (basics.py:137)
[2022-08-31 16:36:03] [    INFO] 查找元素：('xpath', "//li[contains(text(),'12000001')]") (basics.py:106)
[2022-08-31 16:36:04] [    INFO] 点击元素：('xpath', "//li[contains(text(),'12000001')]")None (basics.py:565)
[2022-08-31 16:36:05] [    INFO] 查找元素：('xpath', "//span[@title='单机头']/../../../../td[8]//input") (basics.py:106)
[2022-08-31 16:36:06] [    INFO] 点击元素：('xpath', "//span[@title='单机头']/../../../../td[8]//input")None (basics.py:565)
[2022-08-31 16:36:06] [    INFO] 查找元素：('xpath', "//span[@title='单机头']/../../../../td[8]//input") (basics.py:106)
[2022-08-31 16:36:06] [    INFO] 输入文本：1000 (basics.py:137)
[2022-08-31 16:36:06] [    INFO] 查找元素：('xpath', "//span[@title='单机头']/../../../..//span[contains(text(),'确定')]") (basics.py:106)
[2022-08-31 16:36:07] [    INFO] 点击元素：('xpath', "//span[@title='单机头']/../../../..//span[contains(text(),'确定')]")None (basics.py:565)
[2022-08-31 16:36:08] [    INFO] 查找元素：('xpath', "//label[contains(text(),'MPM')]/..//input") (basics.py:106)
[2022-08-31 16:36:08] [    INFO] 点击元素：('xpath', "//label[contains(text(),'MPM')]/..//input")None (basics.py:565)
[2022-08-31 16:36:08] [    INFO] 查找元素：('xpath', "//div[@class='user-find']//input") (basics.py:106)
[2022-08-31 16:36:09] [    INFO] 点击元素：('xpath', "//div[@class='user-find']//input")None (basics.py:565)
[2022-08-31 16:36:10] [    INFO] 查找元素：('xpath', "//div[@class='user-find']//input") (basics.py:106)
[2022-08-31 16:36:10] [    INFO] 输入文本：李小素 (basics.py:137)
[2022-08-31 16:36:10] [    INFO] 查找元素：('xpath', "//div[@class='user-list']/div[3]//div[normalize-space(text())='18645960']") (basics.py:106)
[2022-08-31 16:36:11] [    INFO] 点击元素：('xpath', "//div[@class='user-list']/div[3]//div[normalize-space(text())='18645960']")None (basics.py:565)
[2022-08-31 16:36:11] [    INFO] 查找元素：('xpath', "//div[@class='user-list']/../../../..//button//span[contains(text(),'确 定')]") (basics.py:106)
[2022-08-31 16:36:12] [    INFO] 点击元素：('xpath', "//div[@class='user-list']/../../../..//button//span[contains(text(),'确 定')]")None (basics.py:565)
[2022-08-31 16:36:13] [    INFO] 查找元素：('xpath', "//button//span[contains(text(),'提交')]") (basics.py:106)
[2022-08-31 16:36:13] [    INFO] 点击元素：('xpath', "//button//span[contains(text(),'提交')]")None (basics.py:565)
[2022-08-31 16:36:14] [   ERROR] 正在截图... (basics.py:449)
[2022-08-31 16:36:15] [   ERROR] 日志正在附加截图... (basics.py:456)
[2022-08-31 16:36:15] [   ERROR] 日志附加截图成功 (basics.py:460)
[2022-08-31 16:36:15] [    INFO] 断言成功：页面存在该标识 | 当前页面关键字: 创建流程成功 (assert_ui.py:155)
[2022-08-31 16:36:15] [    INFO] 查找元素：('xpath', "//button//span[contains(text(),'查询')]") (basics.py:106)
[2022-08-31 16:36:15] [    INFO] 点击元素：('xpath', "//button//span[contains(text(),'查询')]")None (basics.py:565)
[2022-08-31 16:36:15] [    INFO] 查找元素：('xpath', "//div[contains(text(),'C6769')]/../..//td[3]") (basics.py:106)
[2022-08-31 16:36:15] [    INFO] 获取文本：SBOM20220831083613863285 (basics.py:319)
[2022-08-31 16:36:15] [    INFO] 查找元素：['xpath', "//span[@class='meta-title' and contains(text(),'待办列表')]"] (basics.py:102)
[2022-08-31 16:36:16] [    INFO] 点击元素：('xpath', "//span[@class='meta-title' and contains(text(),'待办列表')]")待办列表 (basics.py:565)
[2022-08-31 16:36:16] [    INFO] 点击待办列表：待办列表 (BOM3.py:133)
[2022-08-31 16:36:16] [    INFO] 查找元素：['xpath', "//div[@class='menu-wrapper nest-menu']//span[contains(text(),'我申请的')]"] (basics.py:102)
[2022-08-31 16:36:16] [    INFO] 点击元素：('xpath', "//div[@class='menu-wrapper nest-menu']//span[contains(text(),'我申请的')]")我申请的 (basics.py:565)
[2022-08-31 16:36:16] [    INFO] 点击我申请的：我申请的 (BOM3.py:135)
[2022-08-31 16:36:20] [    INFO] 刷新页面 (basics.py:337)
[2022-08-31 16:36:20] [    INFO] 查找元素：('xpath', '//iframe') (basics.py:106)
[2022-08-31 16:36:20] [    INFO] 查找元素：['xpath', "//div[contains(text(),'SBOM20220831083613863285') and @class='row-code']/../../../..//span[text()='查看详情']"] (basics.py:102)
[2022-08-31 16:36:23] [    INFO] 点击元素：('xpath', "//div[contains(text(),'variable') and @class='row-code']/../../../..//span[text()='查看详情']")SBOM20220831083613863285 (basics.py:565)
[2022-08-31 16:36:24] [    INFO] 查找元素：('xpath', "//button//span[text()='撤回']") (basics.py:106)
[2022-08-31 16:36:25] [    INFO] 点击元素：('xpath', "//button//span[text()='撤回']")None (basics.py:565)
[2022-08-31 16:36:25] [    INFO] 查找元素：('xpath', "//div[@aria-label='提示']//span[normalize-space(text())='确定']") (basics.py:106)
[2022-08-31 16:36:25] [    INFO] 点击元素：('xpath', "//div[@aria-label='提示']//span[normalize-space(text())='确定']")None (basics.py:565)
[2022-08-31 16:36:26] [    INFO] 查找元素：['xpath', "//span[@class='meta-title' and contains(text(),'BOM协作')]"] (basics.py:102)
[2022-08-31 16:36:27] [    INFO] 点击元素：('xpath', "//span[@class='meta-title' and contains(text(),'BOM协作')]")BOM协作 (basics.py:565)
[2022-08-31 16:36:27] [    INFO] 点击一级菜单：BOM协作 (BOM3.py:18)
[2022-08-31 16:36:27] [    INFO] 查找元素：['xpath', "//div[@class='menu-wrapper nest-menu']//span[contains(text(),'单机头BOM协作')]"] (basics.py:102)
[2022-08-31 16:36:27] [    INFO] 点击元素：('xpath', "//div[@class='menu-wrapper nest-menu']//span[contains(text(),'单机头BOM协作')]")单机头BOM协作 (basics.py:565)
[2022-08-31 16:36:27] [    INFO] 点击二级菜单：单机头BOM协作 (BOM3.py:20)
[2022-08-31 16:36:29] [    INFO] 刷新页面 (basics.py:337)
[2022-08-31 16:36:29] [    INFO] 查找元素：('xpath', "//button//span[contains(text(),'查询')]") (basics.py:106)
[2022-08-31 16:36:29] [    INFO] 点击元素：('xpath', "//button//span[contains(text(),'查询')]")None (basics.py:565)
[2022-08-31 16:36:29] [    INFO] 查找元素：['xpath', "//div[text()='SBOM20220831083613863285']/../..//button[not(contains(@style,'display: none;'))]//span[text()='删除']"] (basics.py:102)
[2022-08-31 16:36:30] [    INFO] 点击元素：('xpath', "//div[text()='variable']/../..//button[not(contains(@style,'display: none;'))]//span[text()='删除']")SBOM20220831083613863285 (basics.py:565)
[2022-08-31 16:36:30] [    INFO] 查找元素：('xpath', "//div[@aria-label='提示']//span[normalize-space(text())='确定']") (basics.py:106)
[2022-08-31 16:36:30] [    INFO] 点击元素：('xpath', "//div[@aria-label='提示']//span[normalize-space(text())='确定']")None (basics.py:565)
[2022-08-31 16:36:30] [   ERROR] 正在截图... (basics.py:449)
[2022-08-31 16:36:31] [   ERROR] 日志正在附加截图... (basics.py:456)
[2022-08-31 16:36:31] [   ERROR] 日志附加截图成功 (basics.py:460)
[2022-08-31 16:36:31] [    INFO] 断言成功：页面存在该标识 | 当前页面关键字: 删除成功 (assert_ui.py:155)
