[2022-07-21 17:39:40] [    INFO] 【TEST1】项目【test】环境- UI自动化开始执行 (conftest.py:14)
[2022-07-21 17:39:40] [    INFO] 前置条件：传音统一登录开始 (conftest.py:18)
[2022-07-21 17:39:46] [    INFO] 打开网页：http://10.250.112.166:9000/# (basics.py:58)
[2022-07-21 17:39:46] [    INFO] 查找元素：('xpath', "//div[@role='button']") (basics.py:73)
[2022-07-21 17:39:46] [    INFO] 点击元素：('xpath', "//div[@role='button']") (basics.py:157)
[2022-07-21 17:39:50] [    INFO] 查找元素：['xpath', "//*[contains(@id,'dropdown-menu-')]//li[1]"] (basics.py:73)
[2022-07-21 17:39:51] [    INFO] 查找元素：('xpath', "//div[@role='button']") (basics.py:73)
[2022-07-21 17:39:52] [    INFO] 点击元素：('xpath', "//div[@role='button']") (basics.py:157)
[2022-07-21 17:39:52] [    INFO] 查找元素：('id', 'tab-account') (basics.py:73)
[2022-07-21 17:39:52] [    INFO] 点击元素：('id', 'tab-account') (basics.py:157)
[2022-07-21 17:39:53] [    INFO] 查找元素：('xpath', "//*[@id='pane-account']/form/div[1]/div/div[1]/input") (basics.py:73)
[2022-07-21 17:39:53] [    INFO] 输入文本：18650617 (basics.py:104)
[2022-07-21 17:39:55] [    INFO] 查找元素：('xpath', "//*[@id='pane-account']/form/div[2]/div/div[1]/input") (basics.py:73)
[2022-07-21 17:39:55] [    INFO] 输入文本：xLily6x (basics.py:104)
[2022-07-21 17:39:56] [    INFO] 查找元素：('xpath', "//*[@id='pane-account']/form/div[4]/label/span/span") (basics.py:73)
[2022-07-21 17:39:56] [    INFO] 获取状态：False (basics.py:273)
[2022-07-21 17:39:56] [    INFO] 查找元素：('xpath', "//*[@id='pane-account']/form/div[4]/label/span/span") (basics.py:73)
[2022-07-21 17:39:56] [    INFO] 点击元素：('xpath', "//*[@id='pane-account']/form/div[4]/label/span/span") (basics.py:157)
[2022-07-21 17:39:57] [    INFO] 查找元素：('xpath', "//*[@id='pane-account']/form/button") (basics.py:73)
[2022-07-21 17:39:57] [    INFO] 点击元素：('xpath', "//*[@id='pane-account']/form/button") (basics.py:157)
[2022-07-21 17:40:03] [ WARNING] 断言失败：URL为预期不一致 | URL: http://10.248.39.163:10101/#/c-login?lang=zh&source=SCM_DRP&type=simple&redirect=http%3A%2F%2F10.250.112.166%3A9000%2F%23%2F (assert_ui.py:189)
[2022-07-21 17:40:03] [   ERROR] None
assert 'http://10.250.112.166:9000/#/dashboard' in 'http://10.248.39.163:10101/#/c-login?lang=zh&source=SCM_DRP&type=simple&redirect=http%3A%2F%2F10.250.112.166%3A9000%2F%23%2F' (assert_ui.py:192)
[2022-07-21 17:41:20] [    INFO] 【TEST1】项目【test】环境- UI自动化开始执行 (conftest.py:14)
[2022-07-21 17:41:20] [    INFO] 前置条件：传音统一登录开始 (conftest.py:18)
[2022-07-21 17:41:23] [    INFO] 打开网页：http://10.250.112.166:9000/# (basics.py:58)
[2022-07-21 17:41:23] [    INFO] 查找元素：('xpath', "//div[@role='button']") (basics.py:73)
[2022-07-21 17:41:24] [    INFO] 点击元素：('xpath', "//div[@role='button']") (basics.py:157)
[2022-07-21 17:41:28] [    INFO] 查找元素：['xpath', "//*[contains(@id,'dropdown-menu-')]//li[1]"] (basics.py:73)
[2022-07-21 17:41:29] [    INFO] 查找元素：('xpath', "//div[@role='button']") (basics.py:73)
[2022-07-21 17:41:29] [    INFO] 点击元素：('xpath', "//div[@role='button']") (basics.py:157)
[2022-07-21 17:41:30] [    INFO] 查找元素：('id', 'tab-account') (basics.py:73)
[2022-07-21 17:41:30] [    INFO] 点击元素：('id', 'tab-account') (basics.py:157)
[2022-07-21 17:41:31] [    INFO] 查找元素：('xpath', "//*[@id='pane-account']/form/div[1]/div/div[1]/input") (basics.py:73)
[2022-07-21 17:41:31] [    INFO] 输入文本：18650617 (basics.py:104)
[2022-07-21 17:41:33] [    INFO] 查找元素：('xpath', "//*[@id='pane-account']/form/div[2]/div/div[1]/input") (basics.py:73)
[2022-07-21 17:41:33] [    INFO] 输入文本：xLily6x (basics.py:104)
[2022-07-21 17:41:34] [    INFO] 查找元素：('xpath', "//*[@id='pane-account']/form/div[4]/label/span/span") (basics.py:73)
[2022-07-21 17:41:34] [    INFO] 获取状态：False (basics.py:273)
[2022-07-21 17:41:34] [    INFO] 查找元素：('xpath', "//*[@id='pane-account']/form/div[4]/label/span/span") (basics.py:73)
[2022-07-21 17:41:34] [    INFO] 点击元素：('xpath', "//*[@id='pane-account']/form/div[4]/label/span/span") (basics.py:157)
[2022-07-21 17:41:34] [    INFO] 查找元素：('xpath', "//*[@id='pane-account']/form/button") (basics.py:73)
[2022-07-21 17:41:35] [    INFO] 点击元素：('xpath', "//*[@id='pane-account']/form/button") (basics.py:157)
[2022-07-21 17:41:41] [    INFO] 断言成功：URL为预期一致 | URL: http://10.250.112.166:9000/#/dashboard (assert_ui.py:190)
[2022-07-21 17:41:41] [    INFO] 断言成功: 该内容存在数据列表中 | word:刘勇 (assert_ui.py:294)
[2022-07-21 17:41:41] [    INFO] 前置条件：传音统一登录成功 (conftest.py:25)
[2022-07-21 17:41:41] [    INFO] 查找元素：('xpath', '//*[@id="app"]/div/div[1]/div[2]/div[1]/div/ul/div[11]/li/div/span') (basics.py:73)
[2022-07-21 17:41:41] [    INFO] 点击元素：('xpath', '//*[@id="app"]/div/div[1]/div[2]/div[1]/div/ul/div[11]/li/div/span') (basics.py:157)
[2022-07-21 17:41:42] [    INFO] 查找元素：('xpath', "//span[contains(text(),'维度管理')]") (basics.py:73)
[2022-07-21 17:41:42] [    INFO] 点击元素：('xpath', "//span[contains(text(),'维度管理')]") (basics.py:157)
[2022-07-21 17:41:48] [    INFO] 断言成功：URL为预期一致 | URL: http://10.250.112.166:9000/#/systemManage/dimensionManage (assert_ui.py:190)
[2022-07-21 17:41:48] [    INFO] 查找元素：('xpath', '//div[text()="角色管理"]') (basics.py:73)
[2022-07-21 17:41:48] [    INFO] 点击元素：('xpath', '//div[text()="角色管理"]') (basics.py:157)
[2022-07-21 17:45:21] [    INFO] 【TEST1】项目【test】环境- UI自动化开始执行 (conftest.py:14)
[2022-07-21 17:45:21] [    INFO] 前置条件：传音统一登录开始 (conftest.py:18)
[2022-07-21 17:45:25] [    INFO] 打开网页：http://10.250.112.166:9000/# (basics.py:58)
[2022-07-21 17:45:25] [    INFO] 查找元素：('xpath', "//div[@role='button']") (basics.py:73)
[2022-07-21 17:45:25] [    INFO] 点击元素：('xpath', "//div[@role='button']") (basics.py:157)
[2022-07-21 17:45:30] [    INFO] 查找元素：['xpath', "//*[contains(@id,'dropdown-menu-')]//li[1]"] (basics.py:73)
[2022-07-21 17:45:31] [    INFO] 查找元素：('xpath', "//div[@role='button']") (basics.py:73)
[2022-07-21 17:45:31] [    INFO] 点击元素：('xpath', "//div[@role='button']") (basics.py:157)
[2022-07-21 17:45:32] [    INFO] 查找元素：('id', 'tab-account') (basics.py:73)
[2022-07-21 17:45:32] [    INFO] 点击元素：('id', 'tab-account') (basics.py:157)
[2022-07-21 17:45:33] [    INFO] 查找元素：('xpath', "//*[@id='pane-account']/form/div[1]/div/div[1]/input") (basics.py:73)
[2022-07-21 17:45:33] [    INFO] 输入文本：18650617 (basics.py:104)
[2022-07-21 17:45:34] [    INFO] 查找元素：('xpath', "//*[@id='pane-account']/form/div[2]/div/div[1]/input") (basics.py:73)
[2022-07-21 17:45:35] [    INFO] 输入文本：xLily6x (basics.py:104)
[2022-07-21 17:45:36] [    INFO] 查找元素：('xpath', "//*[@id='pane-account']/form/div[4]/label/span/span") (basics.py:73)
[2022-07-21 17:45:36] [    INFO] 获取状态：False (basics.py:273)
[2022-07-21 17:45:36] [    INFO] 查找元素：('xpath', "//*[@id='pane-account']/form/div[4]/label/span/span") (basics.py:73)
[2022-07-21 17:45:36] [    INFO] 点击元素：('xpath', "//*[@id='pane-account']/form/div[4]/label/span/span") (basics.py:157)
[2022-07-21 17:45:36] [    INFO] 查找元素：('xpath', "//*[@id='pane-account']/form/button") (basics.py:73)
[2022-07-21 17:45:36] [    INFO] 点击元素：('xpath', "//*[@id='pane-account']/form/button") (basics.py:157)
[2022-07-21 17:45:43] [    INFO] 断言成功：URL为预期一致 | URL: http://10.250.112.166:9000/#/dashboard (assert_ui.py:190)
[2022-07-21 17:45:43] [    INFO] 断言成功: 该内容存在数据列表中 | word:刘勇 (assert_ui.py:294)
[2022-07-21 17:45:43] [    INFO] 前置条件：传音统一登录成功 (conftest.py:25)
[2022-07-21 17:45:43] [    INFO] 查找元素：('xpath', '//*[@id="app"]/div/div[1]/div[2]/div[1]/div/ul/div[11]/li/div/span') (basics.py:73)
[2022-07-21 17:45:43] [    INFO] 点击元素：('xpath', '//*[@id="app"]/div/div[1]/div[2]/div[1]/div/ul/div[11]/li/div/span') (basics.py:157)
[2022-07-21 17:45:44] [    INFO] 查找元素：('xpath', "//span[contains(text(),'维度管理')]") (basics.py:73)
[2022-07-21 17:45:44] [    INFO] 点击元素：('xpath', "//span[contains(text(),'维度管理')]") (basics.py:157)
[2022-07-21 17:45:49] [    INFO] 断言成功：URL为预期一致 | URL: http://10.250.112.166:9000/#/systemManage/dimensionManage (assert_ui.py:190)
[2022-07-21 17:45:49] [    INFO] 查找元素：('xpath', '//div[text()="角色管理"]') (basics.py:73)
[2022-07-21 17:45:49] [    INFO] 点击元素：('xpath', '//div[text()="角色管理"]') (basics.py:157)
[2022-07-21 17:51:22] [    INFO] 【TEST1】项目【test】环境- UI自动化开始执行 (conftest.py:14)
[2022-07-21 17:51:22] [    INFO] 前置条件：传音统一登录开始 (conftest.py:18)
[2022-07-21 17:51:27] [    INFO] 打开网页：http://10.250.112.166:9000/# (basics.py:58)
[2022-07-21 17:51:27] [    INFO] 查找元素：('xpath', "//div[@role='button']") (basics.py:73)
[2022-07-21 17:51:27] [    INFO] 点击元素：('xpath', "//div[@role='button']") (basics.py:157)
[2022-07-21 17:51:32] [    INFO] 查找元素：['xpath', "//*[contains(@id,'dropdown-menu-')]//li[1]"] (basics.py:73)
[2022-07-21 17:51:32] [    INFO] 查找元素：('xpath', "//div[@role='button']") (basics.py:73)
[2022-07-21 17:51:32] [    INFO] 点击元素：('xpath', "//div[@role='button']") (basics.py:157)
[2022-07-21 17:51:32] [    INFO] 查找元素：('id', 'tab-account') (basics.py:73)
[2022-07-21 17:51:32] [    INFO] 点击元素：('id', 'tab-account') (basics.py:157)
[2022-07-21 17:51:33] [    INFO] 查找元素：('xpath', "//*[@id='pane-account']/form/div[1]/div/div[1]/input") (basics.py:73)
[2022-07-21 17:51:34] [    INFO] 输入文本：18650617 (basics.py:104)
[2022-07-21 17:51:35] [    INFO] 查找元素：('xpath', "//*[@id='pane-account']/form/div[2]/div/div[1]/input") (basics.py:73)
[2022-07-21 17:51:35] [    INFO] 输入文本：xLily6x (basics.py:104)
[2022-07-21 17:51:36] [    INFO] 查找元素：('xpath', "//*[@id='pane-account']/form/div[4]/label/span/span") (basics.py:73)
[2022-07-21 17:51:36] [    INFO] 获取状态：False (basics.py:273)
[2022-07-21 17:51:36] [    INFO] 查找元素：('xpath', "//*[@id='pane-account']/form/div[4]/label/span/span") (basics.py:73)
[2022-07-21 17:51:36] [    INFO] 点击元素：('xpath', "//*[@id='pane-account']/form/div[4]/label/span/span") (basics.py:157)
[2022-07-21 17:51:37] [    INFO] 查找元素：('xpath', "//*[@id='pane-account']/form/button") (basics.py:73)
[2022-07-21 17:51:37] [    INFO] 点击元素：('xpath', "//*[@id='pane-account']/form/button") (basics.py:157)
[2022-07-21 17:51:44] [    INFO] 断言成功：URL为预期一致 | URL: http://10.250.112.166:9000/#/dashboard (assert_ui.py:190)
[2022-07-21 17:51:44] [    INFO] 断言成功: 该内容存在数据列表中 | word:刘勇 (assert_ui.py:294)
[2022-07-21 17:51:44] [    INFO] 前置条件：传音统一登录成功 (conftest.py:25)
[2022-07-21 17:51:44] [    INFO] 查找元素：('xpath', '//*[@id="app"]/div/div[1]/div[2]/div[1]/div/ul/div[11]/li/div/span') (basics.py:73)
[2022-07-21 17:51:44] [    INFO] 点击元素：('xpath', '//*[@id="app"]/div/div[1]/div[2]/div[1]/div/ul/div[11]/li/div/span') (basics.py:157)
[2022-07-21 17:51:44] [    INFO] 查找元素：('xpath', "//span[contains(text(),'维度管理')]") (basics.py:73)
[2022-07-21 17:51:45] [    INFO] 点击元素：('xpath', "//span[contains(text(),'维度管理')]") (basics.py:157)
[2022-07-21 17:51:51] [    INFO] 断言成功：URL为预期一致 | URL: http://10.250.112.166:9000/#/systemManage/dimensionManage (assert_ui.py:190)
[2022-07-21 17:51:51] [    INFO] 查找元素：('xpath', '//div[text()="角色管理"]') (basics.py:73)
[2022-07-21 17:52:12] [    INFO] 点击元素：('xpath', '//div[text()="角色管理"]') (basics.py:157)
