[2022-08-11 14:01:03] [    INFO] 【SRM】项目【test】环境- UI自动化开始执行 (conftest.py:17)
[2022-08-11 14:01:03] [    INFO] 前置条件：传音统一登录开始 (conftest.py:22)
[2022-08-11 14:01:03] [    INFO] 打开网页：http://sitsrm.transsion.com/ELSServer_CY/login/login.html (basics.py:64)
[2022-08-11 14:01:04] [    INFO] 查找元素：('xpath', '//input[@id="elsAccount"]') (basics.py:107)
[2022-08-11 14:01:04] [    INFO] 输入文本：860000 (basics.py:138)
[2022-08-11 14:01:05] [    INFO] 查找元素：('xpath', '//input[@id="elsSubAccount"]') (basics.py:107)
[2022-08-11 14:01:05] [    INFO] 输入文本：1001 (basics.py:138)
[2022-08-11 14:01:05] [    INFO] 查找元素：('xpath', '//input[@type="password"]') (basics.py:107)
[2022-08-11 14:01:05] [    INFO] 输入文本：1qaz@WSX (basics.py:138)
[2022-08-11 14:01:05] [    INFO] 查找元素：('xpath', '//input[@id="identifyCode"]') (basics.py:107)
[2022-08-11 14:01:05] [    INFO] 点击元素：('xpath', '//input[@id="identifyCode"]') (basics.py:191)
[2022-08-11 14:01:07] [    INFO] 查找元素：('xpath', '//img[@id="code"]') (basics.py:107)
[2022-08-11 14:01:08] [    INFO] 查找元素：('xpath', '//input[@id="identifyCode"]') (basics.py:107)
[2022-08-11 14:01:08] [    INFO] 输入文本：6281 (basics.py:138)
[2022-08-11 14:01:08] [    INFO] 查找元素：('xpath', '//button[@id="submit_btn"]') (basics.py:107)
[2022-08-11 14:01:08] [    INFO] 点击元素：('xpath', '//button[@id="submit_btn"]') (basics.py:191)
[2022-08-11 14:01:09] [    INFO] 断言成功：URL为预期一致 | URL: http://sitsrm.transsion.com/ELSServer_CY/default.jsp?account=860000_1001 (assert_ui.py:190)
[2022-08-11 14:01:09] [    INFO] 前置条件：传音统一登录成功 (conftest.py:31)
[2022-08-11 14:01:09] [    INFO] 查找元素：('xpath', '//div[@id="supplierPerformanceAppraisal"]') (basics.py:107)
[2022-08-11 14:01:09] [    INFO] 点击元素：('xpath', '//div[@id="supplierPerformanceAppraisal"]') (basics.py:191)
[2022-08-11 14:01:09] [    INFO] 查找元素：('xpath', '//div[@class="winTitle"]/span[text()="供应商绩效考核 "]') (basics.py:107)
[2022-08-11 14:01:09] [    INFO] 查找元素：('xpath', '//iframe[@class="iframeApp"]') (basics.py:107)
[2022-08-11 14:01:10] [    INFO] 查找元素：('xpath', '//a[@data-name="evaluateSupplyCategoryConfigurationManager"]//span') (basics.py:107)
[2022-08-11 14:01:10] [    INFO] 点击元素：('xpath', '//a[@data-name="evaluateSupplyCategoryConfigurationManager"]//span') (basics.py:191)
[2022-08-11 14:01:11] [    INFO] 查找元素：('xpath', '//a[@title=" 评估代码供货品类配置"]/span') (basics.py:107)
[2022-08-11 14:01:11] [    INFO] 查找元素：('xpath', '//iframe[@id="tab-iframe-evaluateSupplyCategoryConfigurationManager"]') (basics.py:107)
[2022-08-11 14:01:11] [    INFO] 查找元素：('xpath', '//li[@id="create"]/a') (basics.py:107)
[2022-08-11 14:01:11] [    INFO] 点击元素：('xpath', '//li[@id="create"]/a') (basics.py:191)
[2022-08-11 14:01:12] [    INFO] 查找元素：('xpath', '//a[@title=" 评估代码供货品类配置"]/span') (basics.py:107)
[2022-08-11 14:01:33] [    INFO] 查找元素：('xpath', '//div[@id="btnAddClose"]') (basics.py:107)
[2022-08-11 14:01:33] [    INFO] 点击元素：('xpath', '//div[@id="btnAddClose"]') (basics.py:191)
[2022-08-11 14:01:34] [    INFO] 查找元素：('xpath', '//li[@id="create"]/a') (basics.py:107)
[2022-08-11 14:01:34] [    INFO] 点击元素：('xpath', '//li[@id="create"]/a') (basics.py:191)
[2022-08-11 14:01:34] [    INFO] 查找元素：('xpath', '//button[@id="btnAddCancel"]') (basics.py:107)
[2022-08-11 14:01:35] [    INFO] 点击元素：('xpath', '//button[@id="btnAddCancel"]') (basics.py:191)
[2022-08-11 14:05:44] [    INFO] 【SRM】项目【test】环境- UI自动化开始执行 (conftest.py:17)
[2022-08-11 14:05:44] [    INFO] 前置条件：传音统一登录开始 (conftest.py:22)
[2022-08-11 14:05:45] [    INFO] 打开网页：http://sitsrm.transsion.com/ELSServer_CY/login/login.html (basics.py:64)
[2022-08-11 14:05:45] [    INFO] 查找元素：('xpath', '//input[@id="elsAccount"]') (basics.py:107)
[2022-08-11 14:05:45] [    INFO] 输入文本：860000 (basics.py:138)
[2022-08-11 14:05:46] [    INFO] 查找元素：('xpath', '//input[@id="elsSubAccount"]') (basics.py:107)
[2022-08-11 14:05:46] [    INFO] 输入文本：1001 (basics.py:138)
[2022-08-11 14:05:46] [    INFO] 查找元素：('xpath', '//input[@type="password"]') (basics.py:107)
[2022-08-11 14:05:46] [    INFO] 输入文本：1qaz@WSX (basics.py:138)
[2022-08-11 14:05:46] [    INFO] 查找元素：('xpath', '//input[@id="identifyCode"]') (basics.py:107)
[2022-08-11 14:05:47] [    INFO] 点击元素：('xpath', '//input[@id="identifyCode"]') (basics.py:191)
[2022-08-11 14:05:48] [    INFO] 查找元素：('xpath', '//img[@id="code"]') (basics.py:107)
[2022-08-11 14:05:48] [    INFO] 查找元素：('xpath', '//input[@id="identifyCode"]') (basics.py:107)
[2022-08-11 14:05:48] [    INFO] 输入文本：090 (basics.py:138)
[2022-08-11 14:05:48] [    INFO] 查找元素：('xpath', '//button[@id="submit_btn"]') (basics.py:107)
[2022-08-11 14:05:49] [    INFO] 点击元素：('xpath', '//button[@id="submit_btn"]') (basics.py:191)
[2022-08-11 14:05:49] [ WARNING] 断言失败：URL为预期不一致 | URL: http://sitsrm.transsion.com/ELSServer_CY/login/login.html (assert_ui.py:189)
[2022-08-11 14:05:49] [   ERROR] None
assert 'http://sitsrm.transsion.com/ELSServer_CY/default.jsp?account=860000_1001' in 'http://sitsrm.transsion.com/ELSServer_CY/login/login.html' (assert_ui.py:192)
[2022-08-11 14:05:59] [    INFO] 【SRM】项目【test】环境- UI自动化开始执行 (conftest.py:17)
[2022-08-11 14:05:59] [    INFO] 前置条件：传音统一登录开始 (conftest.py:22)
[2022-08-11 14:05:59] [    INFO] 打开网页：http://sitsrm.transsion.com/ELSServer_CY/login/login.html (basics.py:64)
[2022-08-11 14:06:00] [    INFO] 查找元素：('xpath', '//input[@id="elsAccount"]') (basics.py:107)
[2022-08-11 14:06:00] [    INFO] 输入文本：860000 (basics.py:138)
[2022-08-11 14:06:00] [    INFO] 查找元素：('xpath', '//input[@id="elsSubAccount"]') (basics.py:107)
[2022-08-11 14:06:01] [    INFO] 输入文本：1001 (basics.py:138)
[2022-08-11 14:06:01] [    INFO] 查找元素：('xpath', '//input[@type="password"]') (basics.py:107)
[2022-08-11 14:06:01] [    INFO] 输入文本：1qaz@WSX (basics.py:138)
[2022-08-11 14:06:01] [    INFO] 查找元素：('xpath', '//input[@id="identifyCode"]') (basics.py:107)
[2022-08-11 14:06:01] [    INFO] 点击元素：('xpath', '//input[@id="identifyCode"]') (basics.py:191)
[2022-08-11 14:06:02] [    INFO] 查找元素：('xpath', '//img[@id="code"]') (basics.py:107)
[2022-08-11 14:06:03] [    INFO] 查找元素：('xpath', '//input[@id="identifyCode"]') (basics.py:107)
[2022-08-11 14:06:03] [    INFO] 输入文本：9704 (basics.py:138)
[2022-08-11 14:06:03] [    INFO] 查找元素：('xpath', '//button[@id="submit_btn"]') (basics.py:107)
[2022-08-11 14:06:03] [    INFO] 点击元素：('xpath', '//button[@id="submit_btn"]') (basics.py:191)
[2022-08-11 14:06:04] [    INFO] 断言成功：URL为预期一致 | URL: http://sitsrm.transsion.com/ELSServer_CY/default.jsp?account=860000_1001 (assert_ui.py:190)
[2022-08-11 14:06:04] [    INFO] 前置条件：传音统一登录成功 (conftest.py:31)
[2022-08-11 14:06:04] [    INFO] 查找元素：('xpath', '//div[@id="supplierPerformanceAppraisal"]') (basics.py:107)
[2022-08-11 14:06:04] [    INFO] 点击元素：('xpath', '//div[@id="supplierPerformanceAppraisal"]') (basics.py:191)
[2022-08-11 14:06:05] [    INFO] 查找元素：('xpath', '//div[@class="winTitle"]/span[text()="供应商绩效考核 "]') (basics.py:107)
[2022-08-11 14:06:05] [    INFO] 查找元素：('xpath', '//iframe[@class="iframeApp"]') (basics.py:107)
[2022-08-11 14:06:05] [    INFO] 查找元素：('xpath', '//a[@data-name="evaluateSupplyCategoryConfigurationManager"]//span') (basics.py:107)
[2022-08-11 14:06:05] [    INFO] 点击元素：('xpath', '//a[@data-name="evaluateSupplyCategoryConfigurationManager"]//span') (basics.py:191)
[2022-08-11 14:06:06] [    INFO] 查找元素：('xpath', '//a[@title=" 评估代码供货品类配置"]/span') (basics.py:107)
[2022-08-11 14:06:06] [    INFO] 查找元素：('xpath', '//iframe[@id="tab-iframe-evaluateSupplyCategoryConfigurationManager"]') (basics.py:107)
[2022-08-11 14:06:06] [    INFO] 查找元素：('xpath', '//li[@id="create"]/a') (basics.py:107)
[2022-08-11 14:06:06] [    INFO] 点击元素：('xpath', '//li[@id="create"]/a') (basics.py:191)
[2022-08-11 14:06:09] [    INFO] 查找元素：('xpath', '//span[@class="dialogTitle"]') (basics.py:107)
[2022-08-11 14:06:09] [    INFO] 查找元素：('xpath', '//div[@id="btnAddClose"]') (basics.py:107)
[2022-08-11 14:06:09] [    INFO] 点击元素：('xpath', '//div[@id="btnAddClose"]') (basics.py:191)
[2022-08-11 14:06:10] [    INFO] 查找元素：('xpath', '//li[@id="create"]/a') (basics.py:107)
[2022-08-11 14:06:10] [    INFO] 点击元素：('xpath', '//li[@id="create"]/a') (basics.py:191)
[2022-08-11 14:06:10] [    INFO] 查找元素：('xpath', '//button[@id="btnAddCancel"]') (basics.py:107)
[2022-08-11 14:06:10] [    INFO] 点击元素：('xpath', '//button[@id="btnAddCancel"]') (basics.py:191)
[2022-08-11 14:09:29] [    INFO] 【SRM】项目【test】环境- UI自动化开始执行 (conftest.py:17)
[2022-08-11 14:09:29] [    INFO] 前置条件：传音统一登录开始 (conftest.py:22)
[2022-08-11 14:09:30] [    INFO] 打开网页：http://sitsrm.transsion.com/ELSServer_CY/login/login.html (basics.py:64)
[2022-08-11 14:09:31] [    INFO] 查找元素：('xpath', '//input[@id="elsAccount"]') (basics.py:107)
[2022-08-11 14:09:31] [    INFO] 输入文本：860000 (basics.py:138)
[2022-08-11 14:09:32] [    INFO] 查找元素：('xpath', '//input[@id="elsSubAccount"]') (basics.py:107)
[2022-08-11 14:09:32] [    INFO] 输入文本：1001 (basics.py:138)
[2022-08-11 14:09:32] [    INFO] 查找元素：('xpath', '//input[@type="password"]') (basics.py:107)
[2022-08-11 14:09:32] [    INFO] 输入文本：1qaz@WSX (basics.py:138)
[2022-08-11 14:09:32] [    INFO] 查找元素：('xpath', '//input[@id="identifyCode"]') (basics.py:107)
[2022-08-11 14:09:32] [    INFO] 点击元素：('xpath', '//input[@id="identifyCode"]') (basics.py:191)
[2022-08-11 14:09:34] [    INFO] 查找元素：('xpath', '//img[@id="code"]') (basics.py:107)
[2022-08-11 14:09:35] [    INFO] 查找元素：('xpath', '//input[@id="identifyCode"]') (basics.py:107)
[2022-08-11 14:09:35] [    INFO] 输入文本：2290 (basics.py:138)
[2022-08-11 14:09:35] [    INFO] 查找元素：('xpath', '//button[@id="submit_btn"]') (basics.py:107)
[2022-08-11 14:09:35] [    INFO] 点击元素：('xpath', '//button[@id="submit_btn"]') (basics.py:191)
[2022-08-11 14:09:36] [    INFO] 断言成功：URL为预期一致 | URL: http://sitsrm.transsion.com/ELSServer_CY/default.jsp?account=860000_1001 (assert_ui.py:190)
[2022-08-11 14:09:36] [    INFO] 前置条件：传音统一登录成功 (conftest.py:31)
[2022-08-11 14:09:36] [    INFO] 查找元素：('xpath', '//div[@id="supplierPerformanceAppraisal"]') (basics.py:107)
[2022-08-11 14:09:36] [    INFO] 点击元素：('xpath', '//div[@id="supplierPerformanceAppraisal"]') (basics.py:191)
[2022-08-11 14:09:37] [    INFO] 查找元素：('xpath', '//div[@class="winTitle"]/span[text()="供应商绩效考核 "]') (basics.py:107)
[2022-08-11 14:09:37] [    INFO] 查找元素：('xpath', '//iframe[@class="iframeApp"]') (basics.py:107)
[2022-08-11 14:09:37] [    INFO] 查找元素：('xpath', '//a[@data-name="evaluateSupplyCategoryConfigurationManager"]//span') (basics.py:107)
[2022-08-11 14:09:37] [    INFO] 点击元素：('xpath', '//a[@data-name="evaluateSupplyCategoryConfigurationManager"]//span') (basics.py:191)
[2022-08-11 14:09:38] [    INFO] 查找元素：('xpath', '//a[@title=" 评估代码供货品类配置"]/span') (basics.py:107)
[2022-08-11 14:09:38] [    INFO] 查找元素：('xpath', '//iframe[@id="tab-iframe-evaluateSupplyCategoryConfigurationManager"]') (basics.py:107)
[2022-08-11 14:09:38] [    INFO] 查找元素：('xpath', '//li[@id="create"]/a') (basics.py:107)
[2022-08-11 14:09:38] [    INFO] 点击元素：('xpath', '//li[@id="create"]/a') (basics.py:191)
[2022-08-11 14:09:41] [    INFO] 查找元素：('xpath', '//div[@class="tip-head"]/span[@class="dialogTitle"]') (basics.py:107)
[2022-08-11 14:09:41] [    INFO] 查找元素：('xpath', '//div[@id="btnAddClose"]') (basics.py:107)
[2022-08-11 14:09:41] [    INFO] 点击元素：('xpath', '//div[@id="btnAddClose"]') (basics.py:191)
[2022-08-11 14:09:42] [    INFO] 查找元素：('xpath', '//li[@id="create"]/a') (basics.py:107)
[2022-08-11 14:09:42] [    INFO] 点击元素：('xpath', '//li[@id="create"]/a') (basics.py:191)
[2022-08-11 14:09:42] [    INFO] 查找元素：('xpath', '//button[@id="btnAddCancel"]') (basics.py:107)
[2022-08-11 14:09:42] [    INFO] 点击元素：('xpath', '//button[@id="btnAddCancel"]') (basics.py:191)
[2022-08-11 14:14:35] [    INFO] 【SRM】项目【test】环境- UI自动化开始执行 (conftest.py:17)
[2022-08-11 14:14:35] [    INFO] 前置条件：传音统一登录开始 (conftest.py:22)
[2022-08-11 14:14:36] [    INFO] 打开网页：http://sitsrm.transsion.com/ELSServer_CY/login/login.html (basics.py:64)
[2022-08-11 14:14:37] [    INFO] 查找元素：('xpath', '//input[@id="elsAccount"]') (basics.py:107)
[2022-08-11 14:14:37] [    INFO] 输入文本：860000 (basics.py:138)
[2022-08-11 14:14:37] [    INFO] 查找元素：('xpath', '//input[@id="elsSubAccount"]') (basics.py:107)
[2022-08-11 14:14:37] [    INFO] 输入文本：1001 (basics.py:138)
[2022-08-11 14:14:38] [    INFO] 查找元素：('xpath', '//input[@type="password"]') (basics.py:107)
[2022-08-11 14:14:38] [    INFO] 输入文本：1qaz@WSX (basics.py:138)
[2022-08-11 14:14:38] [    INFO] 查找元素：('xpath', '//input[@id="identifyCode"]') (basics.py:107)
[2022-08-11 14:14:38] [    INFO] 点击元素：('xpath', '//input[@id="identifyCode"]') (basics.py:191)
[2022-08-11 14:14:39] [    INFO] 查找元素：('xpath', '//img[@id="code"]') (basics.py:107)
[2022-08-11 14:14:40] [    INFO] 查找元素：('xpath', '//input[@id="identifyCode"]') (basics.py:107)
[2022-08-11 14:14:40] [    INFO] 输入文本：1581 (basics.py:138)
[2022-08-11 14:14:40] [    INFO] 查找元素：('xpath', '//button[@id="submit_btn"]') (basics.py:107)
[2022-08-11 14:14:40] [    INFO] 点击元素：('xpath', '//button[@id="submit_btn"]') (basics.py:191)
[2022-08-11 14:14:42] [    INFO] 断言成功：URL为预期一致 | URL: http://sitsrm.transsion.com/ELSServer_CY/default.jsp?account=860000_1001 (assert_ui.py:190)
[2022-08-11 14:14:42] [    INFO] 前置条件：传音统一登录成功 (conftest.py:31)
[2022-08-11 14:14:42] [    INFO] 查找元素：('xpath', '//div[@id="supplierPerformanceAppraisal"]') (basics.py:107)
[2022-08-11 14:14:42] [    INFO] 点击元素：('xpath', '//div[@id="supplierPerformanceAppraisal"]') (basics.py:191)
[2022-08-11 14:14:42] [    INFO] 查找元素：('xpath', '//div[@class="winTitle"]/span[text()="供应商绩效考核 "]') (basics.py:107)
[2022-08-11 14:14:42] [    INFO] 查找元素：('xpath', '//iframe[@class="iframeApp"]') (basics.py:107)
[2022-08-11 14:14:43] [    INFO] 查找元素：('xpath', '//a[@data-name="evaluateSupplyCategoryConfigurationManager"]//span') (basics.py:107)
[2022-08-11 14:14:43] [    INFO] 点击元素：('xpath', '//a[@data-name="evaluateSupplyCategoryConfigurationManager"]//span') (basics.py:191)
[2022-08-11 14:14:43] [    INFO] 查找元素：('xpath', '//a[@title=" 评估代码供货品类配置"]/span') (basics.py:107)
[2022-08-11 14:14:44] [    INFO] 查找元素：('xpath', '//iframe[@id="tab-iframe-evaluateSupplyCategoryConfigurationManager"]') (basics.py:107)
[2022-08-11 14:14:44] [    INFO] 查找元素：('xpath', '//li[@id="create"]/a') (basics.py:107)
[2022-08-11 14:14:44] [    INFO] 点击元素：('xpath', '//li[@id="create"]/a') (basics.py:191)
[2022-08-11 14:14:46] [    INFO] 查找元素：('xpath', '//span[text()="新增供货品类配置"]') (basics.py:107)
[2022-08-11 14:14:47] [    INFO] 查找元素：('xpath', '//div[@id="btnAddClose"]') (basics.py:107)
[2022-08-11 14:14:47] [    INFO] 点击元素：('xpath', '//div[@id="btnAddClose"]') (basics.py:191)
[2022-08-11 14:14:47] [    INFO] 查找元素：('xpath', '//li[@id="create"]/a') (basics.py:107)
[2022-08-11 14:14:48] [    INFO] 点击元素：('xpath', '//li[@id="create"]/a') (basics.py:191)
[2022-08-11 14:14:48] [    INFO] 查找元素：('xpath', '//button[@id="btnAddCancel"]') (basics.py:107)
[2022-08-11 14:14:48] [    INFO] 点击元素：('xpath', '//button[@id="btnAddCancel"]') (basics.py:191)
[2022-08-11 14:15:51] [    INFO] 【SRM】项目【test】环境- UI自动化开始执行 (conftest.py:17)
[2022-08-11 14:15:51] [    INFO] 前置条件：传音统一登录开始 (conftest.py:22)
[2022-08-11 14:15:52] [    INFO] 打开网页：http://sitsrm.transsion.com/ELSServer_CY/login/login.html (basics.py:64)
[2022-08-11 14:15:52] [    INFO] 查找元素：('xpath', '//input[@id="elsAccount"]') (basics.py:107)
[2022-08-11 14:15:52] [    INFO] 输入文本：860000 (basics.py:138)
[2022-08-11 14:15:53] [    INFO] 查找元素：('xpath', '//input[@id="elsSubAccount"]') (basics.py:107)
[2022-08-11 14:15:53] [    INFO] 输入文本：1001 (basics.py:138)
[2022-08-11 14:15:53] [    INFO] 查找元素：('xpath', '//input[@type="password"]') (basics.py:107)
[2022-08-11 14:15:53] [    INFO] 输入文本：1qaz@WSX (basics.py:138)
[2022-08-11 14:15:53] [    INFO] 查找元素：('xpath', '//input[@id="identifyCode"]') (basics.py:107)
[2022-08-11 14:15:53] [    INFO] 点击元素：('xpath', '//input[@id="identifyCode"]') (basics.py:191)
[2022-08-11 14:15:55] [    INFO] 查找元素：('xpath', '//img[@id="code"]') (basics.py:107)
[2022-08-11 14:15:55] [    INFO] 查找元素：('xpath', '//input[@id="identifyCode"]') (basics.py:107)
[2022-08-11 14:15:55] [    INFO] 输入文本：5935 (basics.py:138)
[2022-08-11 14:15:55] [    INFO] 查找元素：('xpath', '//button[@id="submit_btn"]') (basics.py:107)
[2022-08-11 14:15:55] [    INFO] 点击元素：('xpath', '//button[@id="submit_btn"]') (basics.py:191)
[2022-08-11 14:15:56] [    INFO] 断言成功：URL为预期一致 | URL: http://sitsrm.transsion.com/ELSServer_CY/default.jsp?account=860000_1001 (assert_ui.py:190)
[2022-08-11 14:15:56] [    INFO] 前置条件：传音统一登录成功 (conftest.py:31)
[2022-08-11 14:15:56] [    INFO] 查找元素：('xpath', '//div[@id="supplierPerformanceAppraisal"]') (basics.py:107)
[2022-08-11 14:15:57] [    INFO] 点击元素：('xpath', '//div[@id="supplierPerformanceAppraisal"]') (basics.py:191)
[2022-08-11 14:15:57] [    INFO] 查找元素：('xpath', '//div[@class="winTitle"]/span[text()="供应商绩效考核 "]') (basics.py:107)
[2022-08-11 14:15:57] [    INFO] 查找元素：('xpath', '//iframe[@class="iframeApp"]') (basics.py:107)
[2022-08-11 14:15:58] [    INFO] 查找元素：('xpath', '//a[@data-name="evaluateSupplyCategoryConfigurationManager"]//span') (basics.py:107)
[2022-08-11 14:15:58] [    INFO] 点击元素：('xpath', '//a[@data-name="evaluateSupplyCategoryConfigurationManager"]//span') (basics.py:191)
[2022-08-11 14:15:58] [    INFO] 查找元素：('xpath', '//a[@title=" 评估代码供货品类配置"]/span') (basics.py:107)
[2022-08-11 14:15:59] [    INFO] 查找元素：('xpath', '//iframe[@id="tab-iframe-evaluateSupplyCategoryConfigurationManager"]') (basics.py:107)
[2022-08-11 14:15:59] [    INFO] 查找元素：('xpath', '//li[@id="create"]/a') (basics.py:107)
[2022-08-11 14:15:59] [    INFO] 点击元素：('xpath', '//li[@id="create"]/a') (basics.py:191)
[2022-08-11 14:16:01] [    INFO] 查找元素：('xpath', '//span[text()="新增供货品类配置"]') (basics.py:107)
[2022-08-11 14:18:19] [    INFO] 【SRM】项目【test】环境- UI自动化开始执行 (conftest.py:17)
[2022-08-11 14:18:19] [    INFO] 前置条件：传音统一登录开始 (conftest.py:22)
[2022-08-11 14:18:46] [    INFO] 打开网页：http://sitsrm.transsion.com/ELSServer_CY/login/login.html (basics.py:64)
[2022-08-11 14:18:47] [    INFO] 查找元素：('xpath', '//input[@id="elsAccount"]') (basics.py:107)
[2022-08-11 14:18:47] [    INFO] 输入文本：860000 (basics.py:138)
[2022-08-11 14:18:48] [    INFO] 查找元素：('xpath', '//input[@id="elsSubAccount"]') (basics.py:107)
[2022-08-11 14:18:48] [    INFO] 输入文本：1001 (basics.py:138)
[2022-08-11 14:18:48] [    INFO] 查找元素：('xpath', '//input[@type="password"]') (basics.py:107)
[2022-08-11 14:18:48] [    INFO] 输入文本：1qaz@WSX (basics.py:138)
[2022-08-11 14:18:48] [    INFO] 查找元素：('xpath', '//input[@id="identifyCode"]') (basics.py:107)
[2022-08-11 14:18:48] [    INFO] 点击元素：('xpath', '//input[@id="identifyCode"]') (basics.py:191)
[2022-08-11 14:18:50] [    INFO] 查找元素：('xpath', '//img[@id="code"]') (basics.py:107)
[2022-08-11 14:18:50] [    INFO] 查找元素：('xpath', '//input[@id="identifyCode"]') (basics.py:107)
[2022-08-11 14:18:50] [    INFO] 输入文本：7336 (basics.py:138)
[2022-08-11 14:18:50] [    INFO] 查找元素：('xpath', '//button[@id="submit_btn"]') (basics.py:107)
[2022-08-11 14:18:50] [    INFO] 点击元素：('xpath', '//button[@id="submit_btn"]') (basics.py:191)
[2022-08-11 14:18:52] [    INFO] 断言成功：URL为预期一致 | URL: http://sitsrm.transsion.com/ELSServer_CY/default.jsp?account=860000_1001 (assert_ui.py:190)
[2022-08-11 14:18:52] [    INFO] 前置条件：传音统一登录成功 (conftest.py:31)
[2022-08-11 14:18:52] [    INFO] 查找元素：('xpath', '//div[@id="supplierPerformanceAppraisal"]') (basics.py:107)
[2022-08-11 14:18:52] [    INFO] 点击元素：('xpath', '//div[@id="supplierPerformanceAppraisal"]') (basics.py:191)
[2022-08-11 14:18:53] [    INFO] 查找元素：('xpath', '//div[@class="winTitle"]/span[text()="供应商绩效考核 "]') (basics.py:107)
[2022-08-11 14:18:53] [    INFO] 查找元素：('xpath', '//iframe[@class="iframeApp"]') (basics.py:107)
[2022-08-11 14:18:53] [    INFO] 查找元素：('xpath', '//a[@data-name="evaluateSupplyCategoryConfigurationManager"]//span') (basics.py:107)
[2022-08-11 14:18:53] [    INFO] 点击元素：('xpath', '//a[@data-name="evaluateSupplyCategoryConfigurationManager"]//span') (basics.py:191)
[2022-08-11 14:18:54] [    INFO] 查找元素：('xpath', '//a[@title=" 评估代码供货品类配置"]/span') (basics.py:107)
[2022-08-11 14:18:54] [    INFO] 查找元素：('xpath', '//iframe[@id="tab-iframe-evaluateSupplyCategoryConfigurationManager"]') (basics.py:107)
[2022-08-11 14:18:54] [    INFO] 查找元素：('xpath', '//li[@id="create"]/a') (basics.py:107)
[2022-08-11 14:18:55] [    INFO] 点击元素：('xpath', '//li[@id="create"]/a') (basics.py:191)
[2022-08-11 14:18:57] [    INFO] 查找元素：('xpath', '//span[text()="新增供货品类配置"]') (basics.py:107)
[2022-08-11 14:51:09] [    INFO] 【SRM】项目【test】环境- UI自动化开始执行 (conftest.py:17)
[2022-08-11 14:51:09] [    INFO] 前置条件：传音统一登录开始 (conftest.py:22)
[2022-08-11 14:52:07] [    INFO] 打开网页：http://sitsrm.transsion.com/ELSServer_CY/login/login.html (basics.py:64)
[2022-08-11 14:52:08] [    INFO] 查找元素：('xpath', '//input[@id="elsAccount"]') (basics.py:107)
[2022-08-11 14:52:08] [    INFO] 输入文本：860000 (basics.py:138)
[2022-08-11 14:52:08] [    INFO] 查找元素：('xpath', '//input[@id="elsSubAccount"]') (basics.py:107)
[2022-08-11 14:52:08] [    INFO] 输入文本：1001 (basics.py:138)
[2022-08-11 14:52:09] [    INFO] 查找元素：('xpath', '//input[@type="password"]') (basics.py:107)
[2022-08-11 14:52:09] [    INFO] 输入文本：1qaz@WSX (basics.py:138)
[2022-08-11 14:52:09] [    INFO] 查找元素：('xpath', '//input[@id="identifyCode"]') (basics.py:107)
[2022-08-11 14:52:09] [    INFO] 点击元素：('xpath', '//input[@id="identifyCode"]') (basics.py:191)
[2022-08-11 14:52:10] [    INFO] 查找元素：('xpath', '//img[@id="code"]') (basics.py:107)
[2022-08-11 14:52:11] [    INFO] 查找元素：('xpath', '//input[@id="identifyCode"]') (basics.py:107)
[2022-08-11 14:52:11] [    INFO] 输入文本：9275 (basics.py:138)
[2022-08-11 14:52:11] [    INFO] 查找元素：('xpath', '//button[@id="submit_btn"]') (basics.py:107)
[2022-08-11 14:52:11] [    INFO] 点击元素：('xpath', '//button[@id="submit_btn"]') (basics.py:191)
[2022-08-11 14:52:12] [    INFO] 断言成功：URL为预期一致 | URL: http://sitsrm.transsion.com/ELSServer_CY/default.jsp?account=860000_1001 (assert_ui.py:190)
[2022-08-11 14:52:12] [    INFO] 前置条件：传音统一登录成功 (conftest.py:31)
[2022-08-11 14:52:12] [    INFO] 查找元素：('xpath', '//div[@id="supplierPerformanceAppraisal"]') (basics.py:107)
[2022-08-11 14:52:13] [    INFO] 点击元素：('xpath', '//div[@id="supplierPerformanceAppraisal"]') (basics.py:191)
[2022-08-11 14:52:13] [    INFO] 查找元素：('xpath', '//div[@class="winTitle"]/span[text()="供应商绩效考核 "]') (basics.py:107)
[2022-08-11 14:52:13] [    INFO] 查找元素：('xpath', '//iframe[@class="iframeApp"]') (basics.py:107)
[2022-08-11 14:52:14] [    INFO] 查找元素：('xpath', '//a[@data-name="evaluateSupplyCategoryConfigurationManager"]//span') (basics.py:107)
[2022-08-11 14:52:14] [    INFO] 点击元素：('xpath', '//a[@data-name="evaluateSupplyCategoryConfigurationManager"]//span') (basics.py:191)
[2022-08-11 14:52:14] [    INFO] 查找元素：('xpath', '//a[@title=" 评估代码供货品类配置"]/span') (basics.py:107)
[2022-08-11 14:52:15] [    INFO] 查找元素：('xpath', '//iframe[@id="tab-iframe-evaluateSupplyCategoryConfigurationManager"]') (basics.py:107)
[2022-08-11 14:52:15] [    INFO] 查找元素：('xpath', '//li[@id="create"]/a') (basics.py:107)
[2022-08-11 14:52:15] [    INFO] 点击元素：('xpath', '//li[@id="create"]/a') (basics.py:191)
[2022-08-11 14:52:16] [    INFO] 查找元素：('xpath', '//span[text()="新增供货品类配置"]') (basics.py:107)
[2022-08-11 14:52:16] [    INFO] 查找元素：('xpath', '//div[@id="btnAddClose"]') (basics.py:107)
[2022-08-11 14:52:16] [    INFO] 点击元素：('xpath', '//div[@id="btnAddClose"]') (basics.py:191)
[2022-08-11 14:52:16] [    INFO] 查找元素：('xpath', '//li[@id="create"]/a') (basics.py:107)
[2022-08-11 14:52:16] [    INFO] 点击元素：('xpath', '//li[@id="create"]/a') (basics.py:191)
[2022-08-11 14:52:17] [    INFO] 查找元素：('xpath', '//button[@id="btnAddCancel"]') (basics.py:107)
[2022-08-11 14:52:17] [    INFO] 点击元素：('xpath', '//button[@id="btnAddCancel"]') (basics.py:191)
