[2022-09-02 15:10:04] [    INFO] 【PDC】项目【test】环境- UI自动化开始执行 (conftest.py:14)
[2022-09-02 15:10:04] [    INFO] 前置条件：传音统一登录开始 (conftest.py:18)
[2022-09-02 15:10:09] [    INFO] 打开网页：http://bom-sit.transsion.com:10000/ (basics.py:63)
[2022-09-02 15:10:09] [    INFO] 查找元素：('xpath', "//div[@role='button']") (basics.py:106)
[2022-09-02 15:10:09] [    INFO] 点击元素：('xpath', "//div[@role='button']") (basics.py:206)
[2022-09-02 15:10:14] [    INFO] 查找元素：['xpath', "//*[contains(@id,'dropdown-menu-')]//li[1]"] (basics.py:106)
[2022-09-02 15:10:15] [    INFO] 查找元素：('xpath', "//div[@role='button']") (basics.py:106)
[2022-09-02 15:10:15] [    INFO] 点击元素：('xpath', "//div[@role='button']") (basics.py:206)
[2022-09-02 15:10:16] [    INFO] 查找元素：('id', 'tab-account') (basics.py:106)
[2022-09-02 15:10:16] [    INFO] 点击元素：('id', 'tab-account') (basics.py:206)
[2022-09-02 15:10:17] [    INFO] 查找元素：('xpath', "//*[@id='pane-account']/form/div[1]/div/div[1]/input") (basics.py:106)
[2022-09-02 15:10:17] [    INFO] 输入文本：18649277 (basics.py:137)
[2022-09-02 15:10:18] [    INFO] 查找元素：('xpath', "//*[@id='pane-account']/form/div[2]/div/div[1]/input") (basics.py:106)
[2022-09-02 15:10:19] [    INFO] 输入文本：xLily6x (basics.py:137)
[2022-09-02 15:10:20] [    INFO] 查找元素：('xpath', "//span[text()='我已阅读并接受']/../label/span/span") (basics.py:106)
[2022-09-02 15:10:20] [    INFO] 获取状态：False (basics.py:330)
[2022-09-02 15:10:20] [    INFO] 查找元素：('xpath', "//span[text()='我已阅读并接受']/../label/span/span") (basics.py:106)
[2022-09-02 15:10:20] [    INFO] 点击元素：('xpath', "//span[text()='我已阅读并接受']/../label/span/span") (basics.py:206)
[2022-09-02 15:10:20] [    INFO] 查找元素：('xpath', "//*[@id='pane-account']/form/button") (basics.py:106)
[2022-09-02 15:10:20] [    INFO] 点击元素：('xpath', "//*[@id='pane-account']/form/button") (basics.py:206)
[2022-09-02 15:10:27] [    INFO] 前置条件：传音统一登录成功 (conftest.py:25)
[2022-09-02 15:10:27] [    INFO] 查找元素：['xpath', "//li//span[text()='产品任命']"] (basics.py:102)
[2022-09-02 15:10:27] [    INFO] 点击元素：('xpath', "//li//span[text()='产品任命']")产品任命 (basics.py:565)
[2022-09-02 15:10:27] [    INFO] 点击产品任命：产品任命 (test1.py:31)
[2022-09-02 15:10:27] [    INFO] 查找元素：['xpath', "//li//span[normalize-space(text())='区域产品概述']"] (basics.py:102)
[2022-09-02 15:10:28] [    INFO] 点击元素：('xpath', "//li//span[normalize-space(text())='区域产品概述']")区域产品概述 (basics.py:565)
[2022-09-02 15:10:28] [    INFO] 点击区域产品概述：区域产品概述 (test1.py:33)
[2022-09-02 15:10:30] [    INFO] 刷新页面 (basics.py:337)
[2022-09-02 15:10:30] [    INFO] 查找元素：('xpath', "//button//span[text()='查看']") (basics.py:106)
[2022-09-02 15:11:01] [    INFO] 点击元素：('xpath', "//button//span[text()='查看']")None (basics.py:565)
[2022-09-02 15:11:02] [    INFO] 查找元素：('xpath', "//div[contains(text(),'版本记录')]") (basics.py:106)
[2022-09-02 15:11:02] [    INFO] 点击元素：('xpath', "//div[contains(text(),'版本记录')]")None (basics.py:565)
[2022-09-02 15:19:48] [    INFO] 【PDC】项目【test】环境- UI自动化开始执行 (conftest.py:14)
[2022-09-02 15:19:48] [    INFO] 前置条件：传音统一登录开始 (conftest.py:18)
[2022-09-02 15:19:55] [    INFO] 打开网页：http://bom-sit.transsion.com:10000/ (basics.py:63)
[2022-09-02 15:19:55] [    INFO] 查找元素：('xpath', "//div[@role='button']") (basics.py:106)
[2022-09-02 15:19:55] [    INFO] 点击元素：('xpath', "//div[@role='button']") (basics.py:206)
[2022-09-02 15:20:00] [    INFO] 查找元素：['xpath', "//*[contains(@id,'dropdown-menu-')]//li[1]"] (basics.py:106)
[2022-09-02 15:20:01] [    INFO] 查找元素：('xpath', "//div[@role='button']") (basics.py:106)
[2022-09-02 15:20:01] [    INFO] 点击元素：('xpath', "//div[@role='button']") (basics.py:206)
[2022-09-02 15:20:02] [    INFO] 查找元素：('id', 'tab-account') (basics.py:106)
[2022-09-02 15:20:02] [    INFO] 点击元素：('id', 'tab-account') (basics.py:206)
[2022-09-02 15:20:03] [    INFO] 查找元素：('xpath', "//*[@id='pane-account']/form/div[1]/div/div[1]/input") (basics.py:106)
[2022-09-02 15:20:03] [    INFO] 输入文本：18649277 (basics.py:137)
[2022-09-02 15:20:04] [    INFO] 查找元素：('xpath', "//*[@id='pane-account']/form/div[2]/div/div[1]/input") (basics.py:106)
[2022-09-02 15:20:05] [    INFO] 输入文本：xLily6x (basics.py:137)
[2022-09-02 15:20:06] [    INFO] 查找元素：('xpath', "//span[text()='我已阅读并接受']/../label/span/span") (basics.py:106)
[2022-09-02 15:20:06] [    INFO] 获取状态：False (basics.py:330)
[2022-09-02 15:20:06] [    INFO] 查找元素：('xpath', "//span[text()='我已阅读并接受']/../label/span/span") (basics.py:106)
[2022-09-02 15:20:06] [    INFO] 点击元素：('xpath', "//span[text()='我已阅读并接受']/../label/span/span") (basics.py:206)
[2022-09-02 15:20:06] [    INFO] 查找元素：('xpath', "//*[@id='pane-account']/form/button") (basics.py:106)
[2022-09-02 15:20:06] [    INFO] 点击元素：('xpath', "//*[@id='pane-account']/form/button") (basics.py:206)
[2022-09-02 15:20:13] [    INFO] 前置条件：传音统一登录成功 (conftest.py:25)
[2022-09-02 15:20:13] [    INFO] 查找元素：['xpath', "//li//span[text()='产品任命']"] (basics.py:102)
[2022-09-02 15:20:13] [    INFO] 点击元素：('xpath', "//li//span[text()='产品任命']")产品任命 (basics.py:565)
[2022-09-02 15:20:13] [    INFO] 点击产品任命：产品任命 (test2.py:31)
[2022-09-02 15:20:13] [    INFO] 查找元素：['xpath', "//li//span[normalize-space(text())='区域产品概述']"] (basics.py:102)
[2022-09-02 15:20:14] [    INFO] 点击元素：('xpath', "//li//span[normalize-space(text())='区域产品概述']")区域产品概述 (basics.py:565)
[2022-09-02 15:20:14] [    INFO] 点击区域产品概述：区域产品概述 (test2.py:33)
[2022-09-02 15:20:16] [    INFO] 刷新页面 (basics.py:337)
[2022-09-02 15:20:16] [    INFO] 查找元素：('xpath', "//button//span[text()=' 分发 ']") (basics.py:106)
[2022-09-02 15:20:47] [    INFO] 点击元素：('xpath', "//button//span[text()=' 分发 ']")None (basics.py:565)
[2022-09-02 15:20:48] [    INFO] 查找元素：('xpath', "//button//span[text()=' +新增 ']") (basics.py:106)
[2022-09-02 15:21:18] [    INFO] 查找元素：('xpath', "//button//span[text()=' +新增 ']") (basics.py:106)
