[2022-08-29 15:25:33] [    INFO] 【TBM】项目【test】环境- UI自动化开始执行 (conftest.py:17)
[2022-08-29 15:25:33] [    INFO] 前置条件：传音统一登录开始 (conftest.py:21)
[2022-08-29 15:25:36] [    INFO] 打开网页：http://bom-sit.transsion.com/#/process/home-page (basics.py:63)
[2022-08-29 15:25:36] [    INFO] 查找元素：('xpath', "//div[@role='button']") (basics.py:106)
[2022-08-29 15:25:36] [    INFO] 点击元素：('xpath', "//div[@role='button']") (basics.py:206)
[2022-08-29 15:25:41] [    INFO] 查找元素：['xpath', "//*[contains(@id,'dropdown-menu-')]//li[1]"] (basics.py:106)
[2022-08-29 15:25:42] [    INFO] 查找元素：('xpath', "//div[@role='button']") (basics.py:106)
[2022-08-29 15:25:42] [    INFO] 点击元素：('xpath', "//div[@role='button']") (basics.py:206)
[2022-08-29 15:25:42] [    INFO] 查找元素：('id', 'tab-account') (basics.py:106)
[2022-08-29 15:25:43] [    INFO] 点击元素：('id', 'tab-account') (basics.py:206)
[2022-08-29 15:25:44] [    INFO] 查找元素：('xpath', "//*[@id='pane-account']/form/div[1]/div/div[1]/input") (basics.py:106)
[2022-08-29 15:25:44] [    INFO] 输入文本：18645960 (basics.py:137)
[2022-08-29 15:25:45] [    INFO] 查找元素：('xpath', "//*[@id='pane-account']/form/div[2]/div/div[1]/input") (basics.py:106)
[2022-08-29 15:25:45] [    INFO] 输入文本：xLily6x (basics.py:137)
[2022-08-29 15:25:46] [    INFO] 查找元素：('xpath', "//span[text()='我已阅读并接受']/../label/span/span") (basics.py:106)
[2022-08-29 15:25:46] [    INFO] 获取状态：False (basics.py:330)
[2022-08-29 15:25:46] [    INFO] 查找元素：('xpath', "//span[text()='我已阅读并接受']/../label/span/span") (basics.py:106)
[2022-08-29 15:25:47] [    INFO] 点击元素：('xpath', "//span[text()='我已阅读并接受']/../label/span/span") (basics.py:206)
[2022-08-29 15:25:47] [    INFO] 查找元素：('xpath', "//*[@id='pane-account']/form/button") (basics.py:106)
[2022-08-29 15:25:47] [    INFO] 点击元素：('xpath', "//*[@id='pane-account']/form/button") (basics.py:206)
[2022-08-29 15:25:54] [   ERROR] 正在截图... (basics.py:449)
[2022-08-29 15:25:54] [   ERROR] 日志正在附加截图... (basics.py:456)
[2022-08-29 15:25:54] [   ERROR] 日志附加截图成功 (basics.py:460)
[2022-08-29 15:25:54] [    INFO] 断言成功：页面存在该标识首页 | 关键字:首页 (assert_ui.py:167)
[2022-08-29 15:25:54] [    INFO] 前置条件：传音统一登录成功 (conftest.py:25)
[2022-08-29 15:25:56] [    INFO] 查找元素：['xpath', "//span[@class='meta-title' and contains(text(),'BOM协作')]"] (basics.py:106)
[2022-08-29 15:25:56] [    INFO] 选择点击：['xpath', "//span[@class='meta-title' and contains(text(),'BOM协作')]"] (basics.py:203)
[2022-08-29 15:25:56] [    INFO] 点击一级菜单：BOM协作 (BOM.py:31)
[2022-08-29 15:25:58] [    INFO] 查找元素：['xpath', "//div[@class='menu-wrapper nest-menu']//span[contains(text(),'整机BOM协作')]"] (basics.py:106)
[2022-08-29 15:28:57] [    INFO] 【TBM】项目【test】环境- UI自动化开始执行 (conftest.py:17)
[2022-08-29 15:28:57] [    INFO] 前置条件：传音统一登录开始 (conftest.py:21)
[2022-08-29 15:29:00] [    INFO] 打开网页：http://bom-sit.transsion.com/#/process/home-page (basics.py:63)
[2022-08-29 15:29:00] [    INFO] 查找元素：('xpath', "//div[@role='button']") (basics.py:106)
[2022-08-29 15:29:00] [    INFO] 点击元素：('xpath', "//div[@role='button']") (basics.py:206)
[2022-08-29 15:29:05] [    INFO] 查找元素：['xpath', "//*[contains(@id,'dropdown-menu-')]//li[1]"] (basics.py:106)
[2022-08-29 15:29:06] [    INFO] 查找元素：('xpath', "//div[@role='button']") (basics.py:106)
[2022-08-29 15:29:06] [    INFO] 点击元素：('xpath', "//div[@role='button']") (basics.py:206)
[2022-08-29 15:29:07] [    INFO] 查找元素：('id', 'tab-account') (basics.py:106)
[2022-08-29 15:29:07] [    INFO] 点击元素：('id', 'tab-account') (basics.py:206)
[2022-08-29 15:29:08] [    INFO] 查找元素：('xpath', "//*[@id='pane-account']/form/div[1]/div/div[1]/input") (basics.py:106)
[2022-08-29 15:29:08] [    INFO] 输入文本：18645960 (basics.py:137)
[2022-08-29 15:29:09] [    INFO] 查找元素：('xpath', "//*[@id='pane-account']/form/div[2]/div/div[1]/input") (basics.py:106)
[2022-08-29 15:29:10] [    INFO] 输入文本：xLily6x (basics.py:137)
[2022-08-29 15:29:11] [    INFO] 查找元素：('xpath', "//span[text()='我已阅读并接受']/../label/span/span") (basics.py:106)
[2022-08-29 15:29:11] [    INFO] 获取状态：False (basics.py:330)
[2022-08-29 15:29:11] [    INFO] 查找元素：('xpath', "//span[text()='我已阅读并接受']/../label/span/span") (basics.py:106)
[2022-08-29 15:29:11] [    INFO] 点击元素：('xpath', "//span[text()='我已阅读并接受']/../label/span/span") (basics.py:206)
[2022-08-29 15:29:11] [    INFO] 查找元素：('xpath', "//*[@id='pane-account']/form/button") (basics.py:106)
[2022-08-29 15:29:11] [    INFO] 点击元素：('xpath', "//*[@id='pane-account']/form/button") (basics.py:206)
[2022-08-29 15:29:18] [   ERROR] 正在截图... (basics.py:449)
[2022-08-29 15:29:18] [   ERROR] 日志正在附加截图... (basics.py:456)
[2022-08-29 15:29:18] [   ERROR] 日志附加截图成功 (basics.py:460)
[2022-08-29 15:29:18] [    INFO] 断言成功：页面存在该标识首页 | 关键字:首页 (assert_ui.py:167)
[2022-08-29 15:29:18] [    INFO] 前置条件：传音统一登录成功 (conftest.py:25)
[2022-08-29 15:29:20] [    INFO] 查找元素：['xpath', "//span[@class='meta-title' and contains(text(),'BOM协作')]"] (basics.py:106)
[2022-08-29 15:29:20] [    INFO] 选择点击：['xpath', "//span[@class='meta-title' and contains(text(),'BOM协作')]"] (basics.py:203)
[2022-08-29 15:29:20] [    INFO] 点击一级菜单：BOM协作 (BOM.py:31)
[2022-08-29 15:29:22] [    INFO] 查找元素：['xpath', "//div[@class='menu-wrapper nest-menu']//span[contains(text(),'整机BOM协作')]"] (basics.py:106)
[2022-08-29 15:43:04] [    INFO] 【TBM】项目【test】环境- UI自动化开始执行 (conftest.py:17)
[2022-08-29 15:43:04] [    INFO] 前置条件：传音统一登录开始 (conftest.py:21)
[2022-08-29 15:43:08] [    INFO] 打开网页：http://bom-sit.transsion.com/#/process/home-page (basics.py:63)
[2022-08-29 15:43:08] [    INFO] 查找元素：('xpath', "//div[@role='button']") (basics.py:106)
[2022-08-29 15:43:08] [    INFO] 点击元素：('xpath', "//div[@role='button']") (basics.py:206)
[2022-08-29 15:43:13] [    INFO] 查找元素：['xpath', "//*[contains(@id,'dropdown-menu-')]//li[1]"] (basics.py:106)
[2022-08-29 15:43:14] [    INFO] 查找元素：('xpath', "//div[@role='button']") (basics.py:106)
[2022-08-29 15:43:14] [    INFO] 点击元素：('xpath', "//div[@role='button']") (basics.py:206)
[2022-08-29 15:43:14] [    INFO] 查找元素：('id', 'tab-account') (basics.py:106)
[2022-08-29 15:43:15] [    INFO] 点击元素：('id', 'tab-account') (basics.py:206)
[2022-08-29 15:43:16] [    INFO] 查找元素：('xpath', "//*[@id='pane-account']/form/div[1]/div/div[1]/input") (basics.py:106)
[2022-08-29 15:43:16] [    INFO] 输入文本：18645960 (basics.py:137)
[2022-08-29 15:43:17] [    INFO] 查找元素：('xpath', "//*[@id='pane-account']/form/div[2]/div/div[1]/input") (basics.py:106)
[2022-08-29 15:43:18] [    INFO] 输入文本：xLily6x (basics.py:137)
[2022-08-29 15:43:19] [    INFO] 查找元素：('xpath', "//span[text()='我已阅读并接受']/../label/span/span") (basics.py:106)
[2022-08-29 15:43:19] [    INFO] 获取状态：False (basics.py:330)
[2022-08-29 15:43:19] [    INFO] 查找元素：('xpath', "//span[text()='我已阅读并接受']/../label/span/span") (basics.py:106)
[2022-08-29 15:43:19] [    INFO] 点击元素：('xpath', "//span[text()='我已阅读并接受']/../label/span/span") (basics.py:206)
[2022-08-29 15:43:19] [    INFO] 查找元素：('xpath', "//*[@id='pane-account']/form/button") (basics.py:106)
[2022-08-29 15:43:19] [    INFO] 点击元素：('xpath', "//*[@id='pane-account']/form/button") (basics.py:206)
[2022-08-29 15:43:26] [   ERROR] 正在截图... (basics.py:449)
[2022-08-29 15:43:26] [   ERROR] 日志正在附加截图... (basics.py:456)
[2022-08-29 15:43:26] [   ERROR] 日志附加截图成功 (basics.py:460)
[2022-08-29 15:43:26] [    INFO] 断言成功：页面存在该标识首页 | 关键字:首页 (assert_ui.py:167)
[2022-08-29 15:43:26] [    INFO] 前置条件：传音统一登录成功 (conftest.py:25)
[2022-08-29 15:43:28] [    INFO] 查找元素：['xpath', "//span[@class='meta-title' and contains(text(),'BOM协作')]"] (basics.py:106)
[2022-08-29 15:43:28] [    INFO] 选择点击：['xpath', "//span[@class='meta-title' and contains(text(),'BOM协作')]"] (basics.py:203)
[2022-08-29 15:43:28] [    INFO] 点击一级菜单：BOM协作 (BOM.py:31)
[2022-08-29 15:43:30] [    INFO] 查找元素：['xpath', "//div[@class='menu-wrapper nest-menu']//span[contains(text(),'整机BOM协作')]"] (basics.py:106)
[2022-08-29 15:46:35] [    INFO] 【TBM】项目【test】环境- UI自动化开始执行 (conftest.py:17)
[2022-08-29 15:46:35] [    INFO] 前置条件：传音统一登录开始 (conftest.py:21)
[2022-08-29 15:46:39] [    INFO] 打开网页：http://bom-sit.transsion.com/#/process/home-page (basics.py:63)
[2022-08-29 15:46:39] [    INFO] 查找元素：('xpath', "//div[@role='button']") (basics.py:106)
[2022-08-29 15:46:39] [    INFO] 点击元素：('xpath', "//div[@role='button']") (basics.py:206)
[2022-08-29 15:46:44] [    INFO] 查找元素：['xpath', "//*[contains(@id,'dropdown-menu-')]//li[1]"] (basics.py:106)
[2022-08-29 15:46:45] [    INFO] 查找元素：('xpath', "//div[@role='button']") (basics.py:106)
[2022-08-29 15:46:45] [    INFO] 点击元素：('xpath', "//div[@role='button']") (basics.py:206)
[2022-08-29 15:46:45] [    INFO] 查找元素：('id', 'tab-account') (basics.py:106)
[2022-08-29 15:46:45] [    INFO] 点击元素：('id', 'tab-account') (basics.py:206)
[2022-08-29 15:46:46] [    INFO] 查找元素：('xpath', "//*[@id='pane-account']/form/div[1]/div/div[1]/input") (basics.py:106)
[2022-08-29 15:46:47] [    INFO] 输入文本：18645960 (basics.py:137)
[2022-08-29 15:46:48] [    INFO] 查找元素：('xpath', "//*[@id='pane-account']/form/div[2]/div/div[1]/input") (basics.py:106)
[2022-08-29 15:46:48] [    INFO] 输入文本：xLily6x (basics.py:137)
[2022-08-29 15:46:49] [    INFO] 查找元素：('xpath', "//span[text()='我已阅读并接受']/../label/span/span") (basics.py:106)
[2022-08-29 15:46:49] [    INFO] 获取状态：False (basics.py:330)
[2022-08-29 15:46:49] [    INFO] 查找元素：('xpath', "//span[text()='我已阅读并接受']/../label/span/span") (basics.py:106)
[2022-08-29 15:46:50] [    INFO] 点击元素：('xpath', "//span[text()='我已阅读并接受']/../label/span/span") (basics.py:206)
[2022-08-29 15:46:50] [    INFO] 查找元素：('xpath', "//*[@id='pane-account']/form/button") (basics.py:106)
[2022-08-29 15:46:50] [    INFO] 点击元素：('xpath', "//*[@id='pane-account']/form/button") (basics.py:206)
[2022-08-29 15:46:57] [   ERROR] 正在截图... (basics.py:449)
[2022-08-29 15:46:57] [   ERROR] 日志正在附加截图... (basics.py:456)
[2022-08-29 15:46:57] [   ERROR] 日志附加截图成功 (basics.py:460)
[2022-08-29 15:46:57] [    INFO] 断言成功：页面存在该标识首页 | 关键字:首页 (assert_ui.py:167)
[2022-08-29 15:46:57] [    INFO] 前置条件：传音统一登录成功 (conftest.py:25)
[2022-08-29 15:46:59] [    INFO] 查找元素：['xpath', "//span[@class='meta-title' and contains(text(),'BOM协作')]"] (basics.py:106)
[2022-08-29 15:46:59] [    INFO] 选择点击：['xpath', "//span[@class='meta-title' and contains(text(),'BOM协作')]"] (basics.py:203)
[2022-08-29 15:46:59] [    INFO] 点击一级菜单：BOM协作 (BOM.py:31)
[2022-08-29 15:47:01] [    INFO] 查找元素：['xpath', "//div[@class='menu-wrapper nest-menu']//span[contains(text(),'整机BOM协作')]"] (basics.py:106)
[2022-08-29 15:47:48] [    INFO] 【TBM】项目【test】环境- UI自动化开始执行 (conftest.py:17)
[2022-08-29 15:47:48] [    INFO] 前置条件：传音统一登录开始 (conftest.py:21)
[2022-08-29 15:47:51] [    INFO] 打开网页：http://bom-sit.transsion.com/#/process/home-page (basics.py:63)
[2022-08-29 15:47:51] [    INFO] 查找元素：('xpath', "//div[@role='button']") (basics.py:106)
[2022-08-29 15:47:51] [    INFO] 点击元素：('xpath', "//div[@role='button']") (basics.py:206)
[2022-08-29 15:47:56] [    INFO] 查找元素：['xpath', "//*[contains(@id,'dropdown-menu-')]//li[1]"] (basics.py:106)
[2022-08-29 15:47:57] [    INFO] 查找元素：('xpath', "//div[@role='button']") (basics.py:106)
[2022-08-29 15:47:57] [    INFO] 点击元素：('xpath', "//div[@role='button']") (basics.py:206)
[2022-08-29 15:47:57] [    INFO] 查找元素：('id', 'tab-account') (basics.py:106)
[2022-08-29 15:47:57] [    INFO] 点击元素：('id', 'tab-account') (basics.py:206)
[2022-08-29 15:47:58] [    INFO] 查找元素：('xpath', "//*[@id='pane-account']/form/div[1]/div/div[1]/input") (basics.py:106)
[2022-08-29 15:47:58] [    INFO] 输入文本：18645960 (basics.py:137)
[2022-08-29 15:48:00] [    INFO] 查找元素：('xpath', "//*[@id='pane-account']/form/div[2]/div/div[1]/input") (basics.py:106)
[2022-08-29 15:48:00] [    INFO] 输入文本：xLily6x (basics.py:137)
[2022-08-29 15:48:01] [    INFO] 查找元素：('xpath', "//span[text()='我已阅读并接受']/../label/span/span") (basics.py:106)
[2022-08-29 15:48:01] [    INFO] 获取状态：False (basics.py:330)
[2022-08-29 15:48:01] [    INFO] 查找元素：('xpath', "//span[text()='我已阅读并接受']/../label/span/span") (basics.py:106)
[2022-08-29 15:48:01] [    INFO] 点击元素：('xpath', "//span[text()='我已阅读并接受']/../label/span/span") (basics.py:206)
[2022-08-29 15:48:02] [    INFO] 查找元素：('xpath', "//*[@id='pane-account']/form/button") (basics.py:106)
[2022-08-29 15:48:02] [    INFO] 点击元素：('xpath', "//*[@id='pane-account']/form/button") (basics.py:206)
[2022-08-29 15:48:08] [   ERROR] 正在截图... (basics.py:449)
[2022-08-29 15:48:08] [   ERROR] 日志正在附加截图... (basics.py:456)
[2022-08-29 15:48:08] [   ERROR] 日志附加截图成功 (basics.py:460)
[2022-08-29 15:48:09] [    INFO] 断言成功：页面存在该标识首页 | 关键字:首页 (assert_ui.py:167)
[2022-08-29 15:48:09] [    INFO] 前置条件：传音统一登录成功 (conftest.py:25)
[2022-08-29 15:48:11] [    INFO] 查找元素：['xpath', "//span[@class='meta-title' and contains(text(),'BOM协作')]"] (basics.py:106)
[2022-08-29 15:48:11] [    INFO] 选择点击：['xpath', "//span[@class='meta-title' and contains(text(),'BOM协作')]"] (basics.py:203)
[2022-08-29 15:48:11] [    INFO] 点击一级菜单：BOM协作 (BOM.py:31)
[2022-08-29 15:48:13] [    INFO] 查找元素：['xpath', "//div[@class='menu-wrapper nest-menu']//span[contains(text(),'整机BOM协作')]"] (basics.py:106)
[2022-08-29 15:48:13] [    INFO] 选择点击：['xpath', "//div[@class='menu-wrapper nest-menu']//span[contains(text(),'整机BOM协作')]"] (basics.py:203)
[2022-08-29 15:48:13] [    INFO] 点击二级菜单：整机BOM协作 (BOM.py:33)
[2022-08-29 15:48:14] [    INFO] 刷新页面 (basics.py:337)
[2022-08-29 15:48:14] [    INFO] 查找元素：('xpath', "//button//span[contains(text(),'新增')]") (basics.py:106)
[2022-08-29 15:48:14] [    INFO] 点击元素：('xpath', "//button//span[contains(text(),'新增')]") (basics.py:206)
[2022-08-29 15:51:41] [    INFO] 【TBM】项目【test】环境- UI自动化开始执行 (conftest.py:17)
[2022-08-29 15:51:41] [    INFO] 前置条件：传音统一登录开始 (conftest.py:21)
[2022-08-29 15:51:45] [    INFO] 打开网页：http://bom-sit.transsion.com/#/process/home-page (basics.py:63)
[2022-08-29 15:51:45] [    INFO] 查找元素：('xpath', "//div[@role='button']") (basics.py:106)
[2022-08-29 15:51:45] [    INFO] 点击元素：('xpath', "//div[@role='button']") (basics.py:206)
[2022-08-29 15:51:49] [    INFO] 查找元素：['xpath', "//*[contains(@id,'dropdown-menu-')]//li[1]"] (basics.py:106)
[2022-08-29 15:51:51] [    INFO] 查找元素：('xpath', "//div[@role='button']") (basics.py:106)
[2022-08-29 15:51:51] [    INFO] 点击元素：('xpath', "//div[@role='button']") (basics.py:206)
[2022-08-29 15:51:51] [    INFO] 查找元素：('id', 'tab-account') (basics.py:106)
[2022-08-29 15:51:51] [    INFO] 点击元素：('id', 'tab-account') (basics.py:206)
[2022-08-29 15:51:52] [    INFO] 查找元素：('xpath', "//*[@id='pane-account']/form/div[1]/div/div[1]/input") (basics.py:106)
[2022-08-29 15:51:52] [    INFO] 输入文本：18645960 (basics.py:137)
[2022-08-29 15:51:54] [    INFO] 查找元素：('xpath', "//*[@id='pane-account']/form/div[2]/div/div[1]/input") (basics.py:106)
[2022-08-29 15:51:54] [    INFO] 输入文本：xLily6x (basics.py:137)
[2022-08-29 15:51:55] [    INFO] 查找元素：('xpath', "//span[text()='我已阅读并接受']/../label/span/span") (basics.py:106)
[2022-08-29 15:51:55] [    INFO] 获取状态：False (basics.py:330)
[2022-08-29 15:51:55] [    INFO] 查找元素：('xpath', "//span[text()='我已阅读并接受']/../label/span/span") (basics.py:106)
[2022-08-29 15:51:55] [    INFO] 点击元素：('xpath', "//span[text()='我已阅读并接受']/../label/span/span") (basics.py:206)
[2022-08-29 15:51:56] [    INFO] 查找元素：('xpath', "//*[@id='pane-account']/form/button") (basics.py:106)
[2022-08-29 15:51:56] [    INFO] 点击元素：('xpath', "//*[@id='pane-account']/form/button") (basics.py:206)
[2022-08-29 15:52:02] [   ERROR] 正在截图... (basics.py:449)
[2022-08-29 15:52:03] [   ERROR] 日志正在附加截图... (basics.py:456)
[2022-08-29 15:52:03] [   ERROR] 日志附加截图成功 (basics.py:460)
[2022-08-29 15:52:03] [    INFO] 断言成功：页面存在该标识首页 | 关键字:首页 (assert_ui.py:167)
[2022-08-29 15:52:03] [    INFO] 前置条件：传音统一登录成功 (conftest.py:25)
[2022-08-29 15:52:05] [    INFO] 查找元素：['xpath', "//span[@class='meta-title' and contains(text(),'BOM协作')]"] (basics.py:106)
[2022-08-29 15:52:05] [    INFO] 选择点击：['xpath', "//span[@class='meta-title' and contains(text(),'BOM协作')]"] (basics.py:203)
[2022-08-29 15:52:05] [    INFO] 点击一级菜单：BOM协作 (BOM.py:31)
[2022-08-29 15:52:07] [    INFO] 查找元素：['xpath', "//div[@class='menu-wrapper nest-menu']//span[contains(text(),'整机BOM协作')]"] (basics.py:106)
[2022-08-29 15:52:07] [    INFO] 选择点击：['xpath', "//div[@class='menu-wrapper nest-menu']//span[contains(text(),'整机BOM协作')]"] (basics.py:203)
[2022-08-29 15:52:07] [    INFO] 点击二级菜单：整机BOM协作 (BOM.py:33)
[2022-08-29 15:52:09] [    INFO] 刷新页面 (basics.py:337)
[2022-08-29 15:52:09] [    INFO] 查找元素：('xpath', "//button//span[contains(text(),'新增')]") (basics.py:106)
[2022-08-29 15:52:09] [    INFO] 点击元素：('xpath', "//button//span[contains(text(),'新增')]") (basics.py:206)
[2022-08-29 15:52:11] [    INFO] 查找元素：('xpath', "//label[contains(text(),'制作类型')]/..//input") (basics.py:106)
[2022-08-29 15:52:11] [    INFO] 点击元素：('xpath', "//label[contains(text(),'制作类型')]/..//input") (basics.py:206)
[2022-08-29 15:52:12] [    INFO] 查找元素：('xpath', "//li/span[contains(text(), '生产BOM')]") (basics.py:106)
[2022-08-29 15:52:12] [    INFO] 点击元素：('xpath', "//li/span[contains(text(), '生产BOM')]") (basics.py:206)
[2022-08-29 15:52:14] [    INFO] 查找元素：('xpath', "//label[contains(text(),'制作类型')]/..//input") (basics.py:106)
[2022-08-29 15:52:14] [    INFO] 点击元素：('xpath', "//label[contains(text(),'制作类型')]/..//input") (basics.py:206)
[2022-08-29 15:52:14] [    INFO] 查找元素：('xpath', "//li/span[normalize-space(text())='itel']") (basics.py:106)
