[2022-08-26 16:28:39] [    INFO] 【DCR】项目【test】环境- UI自动化开始执行 (conftest.py:15)
[2022-08-26 16:28:39] [    INFO] 前置条件：传音统一登录开始 (conftest.py:18)
[2022-08-26 16:28:43] [    INFO] 打开网页：http://testdcr.imwav.com:8091/vdcr/#/login (basics.py:63)
[2022-08-26 16:28:50] [    INFO] 查找元素：('name', 'username') (basics.py:106)
[2022-08-26 16:28:50] [    INFO] 输入文本：lhmadmin (basics.py:137)
[2022-08-26 16:28:52] [    INFO] 查找元素：('name', 'password') (basics.py:106)
[2022-08-26 16:28:52] [    INFO] 输入文本：dcr123456 (basics.py:137)
[2022-08-26 16:28:54] [    INFO] 查找元素：('xpath', "//span[text()='By logging in, means you have read and agreed the']/../label") (basics.py:106)
[2022-08-26 16:28:54] [    INFO] 查找元素：('xpath', "//span[text()='By logging in, means you have read and agreed the']/../label") (basics.py:106)
[2022-08-26 16:28:54] [    INFO] 点击元素：('xpath', "//span[text()='By logging in, means you have read and agreed the']/../label") (basics.py:206)
[2022-08-26 16:28:56] [    INFO] 查找元素：('xpath', "//span[contains(text(),'LOGIN')]") (basics.py:106)
[2022-08-26 16:28:56] [    INFO] 点击元素：('xpath', "//span[contains(text(),'LOGIN')]") (basics.py:206)
[2022-08-26 16:29:04] [    INFO] 前置条件：传音统一登录成功 (conftest.py:21)
[2022-08-26 16:29:04] [    INFO] 查找元素：('xpath', "//span[@class='el-dropdown-link el-dropdown-selfdefine']") (basics.py:106)
[2022-08-26 16:29:04] [    INFO] 获取文本：lhmadmin (basics.py:319)
[2022-08-26 16:29:08] [    INFO] 刷新页面 (basics.py:337)
[2022-08-26 16:29:10] [    INFO] ('xpath', "//span[(text()='Attendance & Visiting')]") (Center_Component.py:99)
[2022-08-26 16:29:13] [    INFO] 查找元素：('xpath', "//span[(text()='Attendance & Visiting')]") (basics.py:106)
[2022-08-26 16:29:13] [    INFO] 滚动条至：('xpath', "//span[(text()='Attendance & Visiting')]") (basics.py:176)
[2022-08-26 16:29:17] [    INFO] 查找元素：('xpath', "//span[(text()='Attendance & Visiting')]") (basics.py:106)
[2022-08-26 16:29:17] [    INFO] 点击元素：('xpath', "//span[(text()='Attendance & Visiting')]") (basics.py:206)
[2022-08-26 16:29:17] [    INFO] ('xpath', "//span[(text()='Attendance Records')]") (Center_Component.py:99)
[2022-08-26 16:29:21] [    INFO] 查找元素：('xpath', "//span[(text()='Attendance Records')]") (basics.py:106)
[2022-08-26 16:29:21] [    INFO] 滚动条至：('xpath', "//span[(text()='Attendance Records')]") (basics.py:176)
[2022-08-26 16:29:24] [    INFO] 查找元素：('xpath', "//span[(text()='Attendance Records')]") (basics.py:106)
[2022-08-26 16:29:25] [    INFO] 点击元素：('xpath', "//span[(text()='Attendance Records')]") (basics.py:206)
[2022-08-26 16:29:31] [    INFO] 查找元素：('xpath', "//*[@id='mainContainer']/section/div[1]/div[2]/div[1]/div/div[4]/div[2]/table/tbody/tr[1]/td[2]/div/button") (basics.py:106)
[2022-08-26 16:42:26] [    INFO] 【TBM】项目【test】环境- UI自动化开始执行 (conftest.py:17)
[2022-08-26 16:42:26] [    INFO] 前置条件：传音统一登录开始 (conftest.py:21)
[2022-08-26 16:43:33] [    INFO] 【TBM】项目【test】环境- UI自动化开始执行 (conftest.py:17)
[2022-08-26 16:43:33] [    INFO] 前置条件：传音统一登录开始 (conftest.py:21)
[2022-08-26 16:45:34] [    INFO] 【TBM】项目【test】环境- UI自动化开始执行 (conftest.py:17)
[2022-08-26 16:45:34] [    INFO] 前置条件：传音统一登录开始 (conftest.py:21)
[2022-08-26 16:45:39] [    INFO] 打开网页：http://bom-sit.transsion.com/#/process/home-page (basics.py:63)
[2022-08-26 16:45:39] [    INFO] 查找元素：('xpath', "//div[@role='button']") (basics.py:106)
[2022-08-26 16:45:39] [    INFO] 点击元素：('xpath', "//div[@role='button']") (basics.py:206)
[2022-08-26 16:45:44] [    INFO] 查找元素：['xpath', "//*[contains(@id,'dropdown-menu-')]//li[1]"] (basics.py:106)
[2022-08-26 16:45:45] [    INFO] 查找元素：('xpath', "//div[@role='button']") (basics.py:106)
[2022-08-26 16:45:45] [    INFO] 点击元素：('xpath', "//div[@role='button']") (basics.py:206)
[2022-08-26 16:45:45] [    INFO] 查找元素：('id', 'tab-account') (basics.py:106)
[2022-08-26 16:45:45] [    INFO] 点击元素：('id', 'tab-account') (basics.py:206)
[2022-08-26 16:45:46] [    INFO] 查找元素：('xpath', "//*[@id='pane-account']/form/div[1]/div/div[1]/input") (basics.py:106)
[2022-08-26 16:45:46] [    INFO] 输入文本：18645960 (basics.py:137)
[2022-08-26 16:45:48] [    INFO] 查找元素：('xpath', "//*[@id='pane-account']/form/div[2]/div/div[1]/input") (basics.py:106)
[2022-08-26 16:45:48] [    INFO] 输入文本：xLily6x (basics.py:137)
[2022-08-26 16:45:49] [    INFO] 查找元素：('xpath', "//span[text()='我已阅读并接受']/../label/span/span") (basics.py:106)
[2022-08-26 16:45:49] [    INFO] 获取状态：False (basics.py:330)
[2022-08-26 16:45:49] [    INFO] 查找元素：('xpath', "//span[text()='我已阅读并接受']/../label/span/span") (basics.py:106)
[2022-08-26 16:45:49] [    INFO] 点击元素：('xpath', "//span[text()='我已阅读并接受']/../label/span/span") (basics.py:206)
[2022-08-26 16:45:50] [    INFO] 查找元素：('xpath', "//*[@id='pane-account']/form/button") (basics.py:106)
[2022-08-26 16:45:50] [    INFO] 点击元素：('xpath', "//*[@id='pane-account']/form/button") (basics.py:206)
[2022-08-26 16:45:56] [   ERROR] 正在截图... (basics.py:449)
[2022-08-26 16:45:57] [   ERROR] 日志正在附加截图... (basics.py:456)
[2022-08-26 16:45:57] [   ERROR] 日志附加截图成功 (basics.py:460)
[2022-08-26 16:45:57] [    INFO] 断言成功：页面存在该标识首页 | 关键字:首页 (assert_ui.py:167)
[2022-08-26 16:45:57] [    INFO] 前置条件：传音统一登录成功 (conftest.py:25)
[2022-08-26 16:45:59] [    INFO] 查找元素：['xpath', "//span[@class='meta-title' and contains(text(),'BOM协作')]"] (basics.py:106)
[2022-08-26 16:45:59] [    INFO] 选择点击：['xpath', "//span[@class='meta-title' and contains(text(),'BOM协作')]"] (basics.py:203)
[2022-08-26 16:45:59] [    INFO] 点击一级菜单：BOM协作 (BOM.py:31)
[2022-08-26 16:46:01] [    INFO] 查找元素：['xpath', "//div[@class='menu-wrapper nest-menu']//span[contains(text(),'整机BOM协作')]"] (basics.py:106)
[2022-08-26 16:48:41] [    INFO] 【TBM】项目【test】环境- UI自动化开始执行 (conftest.py:17)
[2022-08-26 16:48:41] [    INFO] 前置条件：传音统一登录开始 (conftest.py:21)
[2022-08-26 16:48:47] [    INFO] 打开网页：http://bom-sit.transsion.com/#/process/home-page (basics.py:63)
[2022-08-26 16:48:47] [    INFO] 查找元素：('xpath', "//div[@role='button']") (basics.py:106)
[2022-08-26 16:48:47] [    INFO] 点击元素：('xpath', "//div[@role='button']") (basics.py:206)
[2022-08-26 16:48:52] [    INFO] 查找元素：['xpath', "//*[contains(@id,'dropdown-menu-')]//li[1]"] (basics.py:106)
[2022-08-26 16:48:53] [    INFO] 查找元素：('xpath', "//div[@role='button']") (basics.py:106)
[2022-08-26 16:48:53] [    INFO] 点击元素：('xpath', "//div[@role='button']") (basics.py:206)
[2022-08-26 16:48:53] [    INFO] 查找元素：('id', 'tab-account') (basics.py:106)
[2022-08-26 16:48:53] [    INFO] 点击元素：('id', 'tab-account') (basics.py:206)
[2022-08-26 16:48:54] [    INFO] 查找元素：('xpath', "//*[@id='pane-account']/form/div[1]/div/div[1]/input") (basics.py:106)
[2022-08-26 16:48:54] [    INFO] 输入文本：18645960 (basics.py:137)
[2022-08-26 16:48:56] [    INFO] 查找元素：('xpath', "//*[@id='pane-account']/form/div[2]/div/div[1]/input") (basics.py:106)
[2022-08-26 16:48:56] [    INFO] 输入文本：xLily6x (basics.py:137)
[2022-08-26 16:48:57] [    INFO] 查找元素：('xpath', "//span[text()='我已阅读并接受']/../label/span/span") (basics.py:106)
[2022-08-26 16:48:57] [    INFO] 获取状态：False (basics.py:330)
[2022-08-26 16:48:57] [    INFO] 查找元素：('xpath', "//span[text()='我已阅读并接受']/../label/span/span") (basics.py:106)
[2022-08-26 16:48:57] [    INFO] 点击元素：('xpath', "//span[text()='我已阅读并接受']/../label/span/span") (basics.py:206)
[2022-08-26 16:48:57] [    INFO] 查找元素：('xpath', "//*[@id='pane-account']/form/button") (basics.py:106)
[2022-08-26 16:48:58] [    INFO] 点击元素：('xpath', "//*[@id='pane-account']/form/button") (basics.py:206)
[2022-08-26 16:49:04] [   ERROR] 正在截图... (basics.py:449)
[2022-08-26 16:49:04] [   ERROR] 日志正在附加截图... (basics.py:456)
[2022-08-26 16:49:04] [   ERROR] 日志附加截图成功 (basics.py:460)
[2022-08-26 16:49:04] [    INFO] 断言成功：页面存在该标识首页 | 关键字:首页 (assert_ui.py:167)
[2022-08-26 16:49:04] [    INFO] 前置条件：传音统一登录成功 (conftest.py:25)
[2022-08-26 16:49:06] [    INFO] 查找元素：['xpath', "//span[@class='meta-title' and contains(text(),'BOM协作')]"] (basics.py:106)
[2022-08-26 16:49:06] [    INFO] 选择点击：['xpath', "//span[@class='meta-title' and contains(text(),'BOM协作')]"] (basics.py:203)
[2022-08-26 16:49:06] [    INFO] 点击一级菜单：BOM协作 (BOM.py:31)
[2022-08-26 16:49:08] [    INFO] 查找元素：['xpath', "//div[@class='menu-wrapper nest-menu']//span[contains(text(),'整机BOM协作')]"] (basics.py:106)
[2022-08-26 16:49:08] [    INFO] 选择点击：['xpath', "//div[@class='menu-wrapper nest-menu']//span[contains(text(),'整机BOM协作')]"] (basics.py:203)
[2022-08-26 16:49:08] [    INFO] 点击二级菜单：整机BOM协作 (BOM.py:33)
[2022-08-26 16:49:10] [    INFO] 刷新页面 (basics.py:337)
[2022-08-26 16:49:11] [    INFO] 查找元素：('xpath', "//label[contains(text(),'制作类型')]/..//input") (basics.py:106)
[2022-08-26 16:49:11] [    INFO] 输入文本：衍生BOM (basics.py:154)
[2022-08-26 16:49:27] [    INFO] 【TBM】项目【test】环境- UI自动化开始执行 (conftest.py:17)
[2022-08-26 16:49:27] [    INFO] 前置条件：传音统一登录开始 (conftest.py:21)
[2022-08-26 16:49:33] [    INFO] 打开网页：http://bom-sit.transsion.com/#/process/home-page (basics.py:63)
[2022-08-26 16:49:33] [    INFO] 查找元素：('xpath', "//div[@role='button']") (basics.py:106)
[2022-08-26 16:49:33] [    INFO] 点击元素：('xpath', "//div[@role='button']") (basics.py:206)
[2022-08-26 16:49:37] [    INFO] 查找元素：['xpath', "//*[contains(@id,'dropdown-menu-')]//li[1]"] (basics.py:106)
[2022-08-26 16:49:38] [    INFO] 查找元素：('xpath', "//div[@role='button']") (basics.py:106)
[2022-08-26 16:49:38] [    INFO] 点击元素：('xpath', "//div[@role='button']") (basics.py:206)
[2022-08-26 16:49:39] [    INFO] 查找元素：('id', 'tab-account') (basics.py:106)
[2022-08-26 16:49:39] [    INFO] 点击元素：('id', 'tab-account') (basics.py:206)
[2022-08-26 16:49:40] [    INFO] 查找元素：('xpath', "//*[@id='pane-account']/form/div[1]/div/div[1]/input") (basics.py:106)
[2022-08-26 16:49:40] [    INFO] 输入文本：18645960 (basics.py:137)
[2022-08-26 16:49:42] [    INFO] 查找元素：('xpath', "//*[@id='pane-account']/form/div[2]/div/div[1]/input") (basics.py:106)
[2022-08-26 16:49:42] [    INFO] 输入文本：xLily6x (basics.py:137)
[2022-08-26 16:49:43] [    INFO] 查找元素：('xpath', "//span[text()='我已阅读并接受']/../label/span/span") (basics.py:106)
[2022-08-26 16:49:43] [    INFO] 获取状态：False (basics.py:330)
[2022-08-26 16:49:43] [    INFO] 查找元素：('xpath', "//span[text()='我已阅读并接受']/../label/span/span") (basics.py:106)
[2022-08-26 16:49:43] [    INFO] 点击元素：('xpath', "//span[text()='我已阅读并接受']/../label/span/span") (basics.py:206)
[2022-08-26 16:49:43] [    INFO] 查找元素：('xpath', "//*[@id='pane-account']/form/button") (basics.py:106)
[2022-08-26 16:49:43] [    INFO] 点击元素：('xpath', "//*[@id='pane-account']/form/button") (basics.py:206)
[2022-08-26 16:49:50] [   ERROR] 正在截图... (basics.py:449)
[2022-08-26 16:49:50] [   ERROR] 日志正在附加截图... (basics.py:456)
[2022-08-26 16:49:50] [   ERROR] 日志附加截图成功 (basics.py:460)
[2022-08-26 16:49:50] [    INFO] 断言成功：页面存在该标识首页 | 关键字:首页 (assert_ui.py:167)
[2022-08-26 16:49:50] [    INFO] 前置条件：传音统一登录成功 (conftest.py:25)
[2022-08-26 16:49:52] [    INFO] 查找元素：['xpath', "//span[@class='meta-title' and contains(text(),'BOM协作')]"] (basics.py:106)
[2022-08-26 16:49:52] [    INFO] 选择点击：['xpath', "//span[@class='meta-title' and contains(text(),'BOM协作')]"] (basics.py:203)
[2022-08-26 16:49:52] [    INFO] 点击一级菜单：BOM协作 (BOM.py:31)
[2022-08-26 16:49:54] [    INFO] 查找元素：['xpath', "//div[@class='menu-wrapper nest-menu']//span[contains(text(),'整机BOM协作')]"] (basics.py:106)
[2022-08-26 16:49:54] [    INFO] 选择点击：['xpath', "//div[@class='menu-wrapper nest-menu']//span[contains(text(),'整机BOM协作')]"] (basics.py:203)
[2022-08-26 16:49:54] [    INFO] 点击二级菜单：整机BOM协作 (BOM.py:33)
[2022-08-26 16:49:56] [    INFO] 刷新页面 (basics.py:337)
[2022-08-26 16:49:57] [    INFO] 查找元素：('xpath', "//label[contains(text(),'制作类型')]/..//input") (basics.py:106)
[2022-08-26 16:49:57] [    INFO] 输入文本：衍生BOM (basics.py:154)
[2022-08-26 16:51:49] [    INFO] 【TBM】项目【test】环境- UI自动化开始执行 (conftest.py:17)
[2022-08-26 16:51:49] [    INFO] 前置条件：传音统一登录开始 (conftest.py:21)
[2022-08-26 16:51:54] [    INFO] 打开网页：http://bom-sit.transsion.com/#/process/home-page (basics.py:63)
[2022-08-26 16:51:54] [    INFO] 查找元素：('xpath', "//div[@role='button']") (basics.py:106)
[2022-08-26 16:51:54] [    INFO] 点击元素：('xpath', "//div[@role='button']") (basics.py:206)
[2022-08-26 16:51:59] [    INFO] 查找元素：['xpath', "//*[contains(@id,'dropdown-menu-')]//li[1]"] (basics.py:106)
[2022-08-26 16:52:00] [    INFO] 查找元素：('xpath', "//div[@role='button']") (basics.py:106)
[2022-08-26 16:52:00] [    INFO] 点击元素：('xpath', "//div[@role='button']") (basics.py:206)
[2022-08-26 16:52:00] [    INFO] 查找元素：('id', 'tab-account') (basics.py:106)
[2022-08-26 16:52:00] [    INFO] 点击元素：('id', 'tab-account') (basics.py:206)
[2022-08-26 16:52:01] [    INFO] 查找元素：('xpath', "//*[@id='pane-account']/form/div[1]/div/div[1]/input") (basics.py:106)
[2022-08-26 16:52:01] [    INFO] 输入文本：18645960 (basics.py:137)
[2022-08-26 16:52:03] [    INFO] 查找元素：('xpath', "//*[@id='pane-account']/form/div[2]/div/div[1]/input") (basics.py:106)
[2022-08-26 16:52:03] [    INFO] 输入文本：xLily6x (basics.py:137)
[2022-08-26 16:52:04] [    INFO] 查找元素：('xpath', "//span[text()='我已阅读并接受']/../label/span/span") (basics.py:106)
[2022-08-26 16:52:04] [    INFO] 获取状态：False (basics.py:330)
[2022-08-26 16:52:04] [    INFO] 查找元素：('xpath', "//span[text()='我已阅读并接受']/../label/span/span") (basics.py:106)
[2022-08-26 16:52:04] [    INFO] 点击元素：('xpath', "//span[text()='我已阅读并接受']/../label/span/span") (basics.py:206)
[2022-08-26 16:52:05] [    INFO] 查找元素：('xpath', "//*[@id='pane-account']/form/button") (basics.py:106)
[2022-08-26 16:52:05] [    INFO] 点击元素：('xpath', "//*[@id='pane-account']/form/button") (basics.py:206)
[2022-08-26 16:52:11] [   ERROR] 正在截图... (basics.py:449)
[2022-08-26 16:52:11] [   ERROR] 日志正在附加截图... (basics.py:456)
[2022-08-26 16:52:11] [   ERROR] 日志附加截图成功 (basics.py:460)
[2022-08-26 16:52:11] [    INFO] 断言成功：页面存在该标识首页 | 关键字:首页 (assert_ui.py:167)
[2022-08-26 16:52:11] [    INFO] 前置条件：传音统一登录成功 (conftest.py:25)
[2022-08-26 16:52:14] [    INFO] 查找元素：['xpath', "//span[@class='meta-title' and contains(text(),'BOM协作')]"] (basics.py:106)
[2022-08-26 16:52:14] [    INFO] 选择点击：['xpath', "//span[@class='meta-title' and contains(text(),'BOM协作')]"] (basics.py:203)
[2022-08-26 16:52:14] [    INFO] 点击一级菜单：BOM协作 (BOM.py:31)
[2022-08-26 16:52:16] [    INFO] 查找元素：['xpath', "//div[@class='menu-wrapper nest-menu']//span[contains(text(),'整机BOM协作')]"] (basics.py:106)
[2022-08-26 16:52:16] [    INFO] 选择点击：['xpath', "//div[@class='menu-wrapper nest-menu']//span[contains(text(),'整机BOM协作')]"] (basics.py:203)
[2022-08-26 16:52:16] [    INFO] 点击二级菜单：整机BOM协作 (BOM.py:33)
[2022-08-26 16:52:17] [    INFO] 刷新页面 (basics.py:337)
[2022-08-26 16:52:18] [    INFO] 查找元素：('xpath', "//label[contains(text(),'制作类型')]/..//input") (basics.py:106)
[2022-08-26 16:52:18] [    INFO] 输入文本：衍生BOM (basics.py:154)
[2022-08-26 16:52:19] [    INFO] 查找元素：('xpath', "//span[contains(text(),'重置')]/../..//span[contains(text(),'查询')]") (basics.py:106)
[2022-08-26 16:52:19] [    INFO] 点击元素：('xpath', "//span[contains(text(),'重置')]/../..//span[contains(text(),'查询')]") (basics.py:206)
