[2022-08-12 14:25:03] [    INFO] 【SRM】项目【test】环境- UI自动化开始执行 (conftest.py:17)
[2022-08-12 14:25:03] [    INFO] 前置条件：传音统一登录开始 (conftest.py:22)
[2022-08-12 14:25:04] [    INFO] 打开网页：http://sitsrm.transsion.com/ELSServer_CY/login/login.html (basics.py:64)
[2022-08-12 14:25:05] [    INFO] 查找元素：('xpath', '//input[@id="elsAccount"]') (basics.py:107)
[2022-08-12 14:25:05] [    INFO] 输入文本：860000 (basics.py:138)
[2022-08-12 14:25:05] [    INFO] 查找元素：('xpath', '//input[@id="elsSubAccount"]') (basics.py:107)
[2022-08-12 14:25:05] [    INFO] 输入文本：1001 (basics.py:138)
[2022-08-12 14:25:06] [    INFO] 查找元素：('xpath', '//input[@type="password"]') (basics.py:107)
[2022-08-12 14:25:06] [    INFO] 输入文本：1qaz@WSX (basics.py:138)
[2022-08-12 14:25:06] [    INFO] 查找元素：('xpath', '//input[@id="identifyCode"]') (basics.py:107)
[2022-08-12 14:25:06] [    INFO] 点击元素：('xpath', '//input[@id="identifyCode"]') (basics.py:191)
[2022-08-12 14:25:08] [    INFO] 查找元素：('xpath', '//img[@id="code"]') (basics.py:107)
[2022-08-12 14:25:09] [    INFO] 查找元素：('xpath', '//input[@id="identifyCode"]') (basics.py:107)
[2022-08-12 14:25:10] [    INFO] 输入文本：6518 (basics.py:138)
[2022-08-12 14:25:10] [    INFO] 查找元素：('xpath', '//button[@id="submit_btn"]') (basics.py:107)
[2022-08-12 14:25:10] [    INFO] 点击元素：('xpath', '//button[@id="submit_btn"]') (basics.py:191)
[2022-08-12 14:25:11] [    INFO] 断言成功：URL为预期一致 | URL: http://sitsrm.transsion.com/ELSServer_CY/default.jsp?account=860000_1001 (assert_ui.py:190)
[2022-08-12 14:25:11] [    INFO] 前置条件：传音统一登录成功 (conftest.py:31)
[2022-08-12 14:25:11] [    INFO] 查找元素：('xpath', '//span[@title="审批列表"]') (basics.py:107)
[2022-08-12 14:25:11] [    INFO] 点击元素：('xpath', '//span[@title="审批列表"]') (basics.py:191)
[2022-08-12 14:25:14] [    INFO] 查找元素：('xpath', '//div[@class="winTitle"]/span[text()="审批列表 "]') (basics.py:107)
[2022-08-12 14:25:14] [    INFO] 查找元素：('xpath', '//iframe[@name="iframeApp_auditList"]') (basics.py:107)
[2022-08-12 14:25:14] [    INFO] 查找元素：('xpath', '//input[@name="taskName"]') (basics.py:107)
[2022-08-12 14:25:14] [    INFO] 点击元素：('xpath', '//input[@name="taskName"]') (basics.py:191)
[2022-08-12 14:25:15] [    INFO] 查找元素：('xpath', '//input[@name="taskName"]') (basics.py:107)
[2022-08-12 14:25:15] [    INFO] 输入文本：周本林 (basics.py:138)
[2022-08-12 14:25:15] [    INFO] 查找元素：('xpath', '//button[text()=" 查询"]') (basics.py:107)
[2022-08-12 14:25:15] [    INFO] 点击元素：('xpath', '//button[text()=" 查询"]') (basics.py:191)
[2022-08-12 14:25:16] [    INFO] 查找元素：('xpath', '//input[@name="taskName"]') (basics.py:107)
[2022-08-12 14:25:16] [    INFO] 查找元素：('xpath', '//button[text()=" 查询"]') (basics.py:107)
[2022-08-12 14:25:16] [    INFO] 点击元素：('xpath', '//button[text()=" 查询"]') (basics.py:191)
[2022-08-12 14:25:16] [    INFO] 查找元素：('xpath', '//div[text()="周本林"][@id="pq-body-cell-u0-0-5-right"]') (basics.py:107)
[2022-08-12 14:25:16] [    INFO] 查找元素：('xpath', '//input[@name="subject"]') (basics.py:107)
[2022-08-12 14:25:17] [    INFO] 点击元素：('xpath', '//input[@name="subject"]') (basics.py:191)
[2022-08-12 14:25:18] [    INFO] 查找元素：('xpath', '//input[@name="subject"]') (basics.py:107)
[2022-08-12 14:25:18] [    INFO] 输入文本：20220628000011 (basics.py:138)
[2022-08-12 14:25:18] [    INFO] 查找元素：('xpath', '//button[text()=" 查询"]') (basics.py:107)
[2022-08-12 14:25:18] [    INFO] 点击元素：('xpath', '//button[text()=" 查询"]') (basics.py:191)
[2022-08-12 14:25:18] [    INFO] 查找元素：('xpath', '//input[@name="subject"]') (basics.py:107)
[2022-08-12 14:25:18] [    INFO] 查找元素：('xpath', '//button[text()=" 查询"]') (basics.py:107)
[2022-08-12 14:25:18] [    INFO] 点击元素：('xpath', '//button[text()=" 查询"]') (basics.py:191)
[2022-08-12 14:25:19] [    INFO] 查找元素：('xpath', '//span[text()="供应商审核报告：20220628000011"]') (basics.py:107)
[2022-08-12 14:25:19] [    INFO] 查找元素：('xpath', '//button[text()=" 更多"]') (basics.py:107)
[2022-08-12 14:25:19] [    INFO] 点击元素：('xpath', '//button[text()=" 更多"]') (basics.py:191)
[2022-08-12 14:25:20] [    INFO] 查找元素：('xpath', '//input[@name="promoterName"]') (basics.py:107)
[2022-08-12 14:25:20] [    INFO] 点击元素：('xpath', '//input[@name="promoterName"]') (basics.py:191)
[2022-08-12 14:25:21] [    INFO] 查找元素：('xpath', '//input[@name="promoterName"]') (basics.py:107)
[2022-08-12 14:25:21] [    INFO] 输入文本：管理员 (basics.py:138)
[2022-08-12 14:25:21] [    INFO] 查找元素：('xpath', '//button[text()=" 查询"]') (basics.py:107)
[2022-08-12 14:25:21] [    INFO] 点击元素：('xpath', '//button[text()=" 查询"]') (basics.py:191)
[2022-08-12 14:25:21] [    INFO] 查找元素：('xpath', '//a[text()=" 审批历史"]') (basics.py:107)
[2022-08-12 14:25:21] [    INFO] 点击元素：('xpath', '//a[text()=" 审批历史"]') (basics.py:191)
[2022-08-12 14:25:22] [    INFO] 查找元素：('xpath', '//div[@class="winTitle"]/span[text()="审批历史 "]') (basics.py:107)
[2022-08-12 14:25:47] [    INFO] 【SRM】项目【test】环境- UI自动化开始执行 (conftest.py:17)
[2022-08-12 14:25:47] [    INFO] 前置条件：传音统一登录开始 (conftest.py:22)
[2022-08-12 14:25:48] [    INFO] 打开网页：http://sitsrm.transsion.com/ELSServer_CY/login/login.html (basics.py:64)
[2022-08-12 14:25:48] [    INFO] 查找元素：('xpath', '//input[@id="elsAccount"]') (basics.py:107)
[2022-08-12 14:25:49] [    INFO] 输入文本：860000 (basics.py:138)
[2022-08-12 14:25:49] [    INFO] 查找元素：('xpath', '//input[@id="elsSubAccount"]') (basics.py:107)
[2022-08-12 14:25:49] [    INFO] 输入文本：1001 (basics.py:138)
[2022-08-12 14:25:50] [    INFO] 查找元素：('xpath', '//input[@type="password"]') (basics.py:107)
[2022-08-12 14:25:50] [    INFO] 输入文本：1qaz@WSX (basics.py:138)
[2022-08-12 14:25:50] [    INFO] 查找元素：('xpath', '//input[@id="identifyCode"]') (basics.py:107)
[2022-08-12 14:25:50] [    INFO] 点击元素：('xpath', '//input[@id="identifyCode"]') (basics.py:191)
[2022-08-12 14:25:51] [    INFO] 查找元素：('xpath', '//img[@id="code"]') (basics.py:107)
[2022-08-12 14:25:52] [    INFO] 查找元素：('xpath', '//input[@id="identifyCode"]') (basics.py:107)
[2022-08-12 14:25:53] [    INFO] 输入文本：7384 (basics.py:138)
[2022-08-12 14:25:53] [    INFO] 查找元素：('xpath', '//button[@id="submit_btn"]') (basics.py:107)
[2022-08-12 14:25:53] [    INFO] 点击元素：('xpath', '//button[@id="submit_btn"]') (basics.py:191)
[2022-08-12 14:25:54] [    INFO] 断言成功：URL为预期一致 | URL: http://sitsrm.transsion.com/ELSServer_CY/default.jsp?account=860000_1001 (assert_ui.py:190)
[2022-08-12 14:25:54] [    INFO] 前置条件：传音统一登录成功 (conftest.py:31)
[2022-08-12 14:25:54] [    INFO] 查找元素：('xpath', '//div[@id="supplierPerformanceAppraisal"]') (basics.py:107)
[2022-08-12 14:25:54] [    INFO] 点击元素：('xpath', '//div[@id="supplierPerformanceAppraisal"]') (basics.py:191)
[2022-08-12 14:25:55] [    INFO] 查找元素：('xpath', '//div[@class="winTitle"]/span[text()="供应商绩效考核 "]') (basics.py:107)
[2022-08-12 14:25:55] [    INFO] 查找元素：('xpath', '//iframe[@class="iframeApp"]') (basics.py:107)
[2022-08-12 14:25:55] [    INFO] 查找元素：('xpath', '//a[@data-name="evaluateSupplyCategoryConfigurationManager"]//span') (basics.py:107)
[2022-08-12 14:25:56] [    INFO] 点击元素：('xpath', '//a[@data-name="evaluateSupplyCategoryConfigurationManager"]//span') (basics.py:191)
[2022-08-12 14:25:56] [    INFO] 查找元素：('xpath', '//a[@title=" 评估代码供货品类配置"]/span') (basics.py:107)
[2022-08-12 14:25:56] [    INFO] 查找元素：('xpath', '//iframe[@id="tab-iframe-evaluateSupplyCategoryConfigurationManager"]') (basics.py:107)
[2022-08-12 14:25:56] [    INFO] 查找元素：('xpath', '//li[@id="create"]/a') (basics.py:107)
[2022-08-12 14:25:57] [    INFO] 点击元素：('xpath', '//li[@id="create"]/a') (basics.py:191)
[2022-08-12 14:25:57] [    INFO] 查找元素：('xpath', '//span[text()="新增供货品类配置"]') (basics.py:107)
[2022-08-12 14:25:57] [    INFO] 查找元素：('xpath', '//div[@id="btnAddClose"]') (basics.py:107)
[2022-08-12 14:25:57] [    INFO] 点击元素：('xpath', '//div[@id="btnAddClose"]') (basics.py:191)
[2022-08-12 14:25:58] [    INFO] 查找元素：('xpath', '//li[@id="create"]/a') (basics.py:107)
[2022-08-12 14:25:58] [    INFO] 点击元素：('xpath', '//li[@id="create"]/a') (basics.py:191)
[2022-08-12 14:25:58] [    INFO] 查找元素：('xpath', '//button[@id="btnAddCancel"]') (basics.py:107)
[2022-08-12 14:25:58] [    INFO] 点击元素：('xpath', '//button[@id="btnAddCancel"]') (basics.py:191)
[2022-08-12 14:31:55] [    INFO] 【SRM】项目【test】环境- UI自动化开始执行 (conftest.py:17)
[2022-08-12 14:31:55] [    INFO] 前置条件：传音统一登录开始 (conftest.py:22)
[2022-08-12 14:31:56] [    INFO] 打开网页：http://sitsrm.transsion.com/ELSServer_CY/login/login.html (basics.py:64)
[2022-08-12 14:31:56] [    INFO] 查找元素：('xpath', '//input[@id="elsAccount"]') (basics.py:107)
[2022-08-12 14:31:56] [    INFO] 输入文本：860000 (basics.py:138)
[2022-08-12 14:31:57] [    INFO] 查找元素：('xpath', '//input[@id="elsSubAccount"]') (basics.py:107)
[2022-08-12 14:31:57] [    INFO] 输入文本：1001 (basics.py:138)
[2022-08-12 14:31:57] [    INFO] 查找元素：('xpath', '//input[@type="password"]') (basics.py:107)
[2022-08-12 14:31:58] [    INFO] 输入文本：1qaz@WSX (basics.py:138)
[2022-08-12 14:31:58] [    INFO] 查找元素：('xpath', '//input[@id="identifyCode"]') (basics.py:107)
[2022-08-12 14:31:58] [    INFO] 点击元素：('xpath', '//input[@id="identifyCode"]') (basics.py:191)
[2022-08-12 14:31:59] [    INFO] 查找元素：('xpath', '//img[@id="code"]') (basics.py:107)
[2022-08-12 14:32:00] [    INFO] 查找元素：('xpath', '//input[@id="identifyCode"]') (basics.py:107)
[2022-08-12 14:32:00] [    INFO] 输入文本：6482 (basics.py:138)
[2022-08-12 14:32:00] [    INFO] 查找元素：('xpath', '//button[@id="submit_btn"]') (basics.py:107)
[2022-08-12 14:32:00] [    INFO] 点击元素：('xpath', '//button[@id="submit_btn"]') (basics.py:191)
[2022-08-12 14:32:01] [    INFO] 断言成功：URL为预期一致 | URL: http://sitsrm.transsion.com/ELSServer_CY/default.jsp?account=860000_1001 (assert_ui.py:190)
[2022-08-12 14:32:01] [    INFO] 前置条件：传音统一登录成功 (conftest.py:31)
[2022-08-12 14:32:01] [    INFO] 查找元素：('xpath', '//div[@id="supplierPerformanceAppraisal"]') (basics.py:107)
[2022-08-12 14:32:02] [    INFO] 点击元素：('xpath', '//div[@id="supplierPerformanceAppraisal"]') (basics.py:191)
[2022-08-12 14:32:02] [    INFO] 查找元素：('xpath', '//div[@class="winTitle"]/span[text()="供应商绩效考核 "]') (basics.py:107)
[2022-08-12 14:32:02] [    INFO] 查找元素：('xpath', '//iframe[@class="iframeApp"]') (basics.py:107)
[2022-08-12 14:32:03] [    INFO] 查找元素：('xpath', '//a[@data-name="evaluateSupplyCategoryConfigurationManager"]//span') (basics.py:107)
[2022-08-12 14:32:03] [    INFO] 点击元素：('xpath', '//a[@data-name="evaluateSupplyCategoryConfigurationManager"]//span') (basics.py:191)
[2022-08-12 14:32:04] [    INFO] 查找元素：('xpath', '//a[@title=" 评估代码供货品类配置"]/span') (basics.py:107)
[2022-08-12 14:32:04] [    INFO] 查找元素：('xpath', '//iframe[@id="tab-iframe-evaluateSupplyCategoryConfigurationManager"]') (basics.py:107)
[2022-08-12 14:32:04] [    INFO] 查找元素：('xpath', '//li[@id="create"]/a') (basics.py:107)
[2022-08-12 14:32:04] [    INFO] 点击元素：('xpath', '//li[@id="create"]/a') (basics.py:191)
[2022-08-12 14:32:05] [    INFO] 查找元素：('xpath', '//span[text()="新增供货品类配置"]') (basics.py:107)
[2022-08-12 14:32:05] [    INFO] 查找元素：('xpath', '//div[@id="btnAddClose"]') (basics.py:107)
[2022-08-12 14:32:05] [    INFO] 点击元素：('xpath', '//div[@id="btnAddClose"]') (basics.py:191)
[2022-08-12 14:32:05] [    INFO] 查找元素：('xpath', '//li[@id="create"]/a') (basics.py:107)
[2022-08-12 14:32:05] [    INFO] 点击元素：('xpath', '//li[@id="create"]/a') (basics.py:191)
[2022-08-12 14:32:06] [    INFO] 查找元素：('xpath', '//button[@id="btnAddCancel"]') (basics.py:107)
[2022-08-12 14:32:06] [    INFO] 点击元素：('xpath', '//button[@id="btnAddCancel"]') (basics.py:191)
[2022-08-12 14:32:06] [    INFO] 查找元素：['x', 'p'] (basics.py:118)
[2022-08-12 14:37:26] [    INFO] 【SRM】项目【test】环境- UI自动化开始执行 (conftest.py:17)
[2022-08-12 14:37:26] [    INFO] 前置条件：传音统一登录开始 (conftest.py:22)
[2022-08-12 14:37:27] [    INFO] 打开网页：http://sitsrm.transsion.com/ELSServer_CY/login/login.html (basics.py:64)
[2022-08-12 14:37:27] [    INFO] 查找元素：('xpath', '//input[@id="elsAccount"]') (basics.py:107)
[2022-08-12 14:37:27] [    INFO] 输入文本：860000 (basics.py:138)
[2022-08-12 14:37:28] [    INFO] 查找元素：('xpath', '//input[@id="elsSubAccount"]') (basics.py:107)
[2022-08-12 14:37:28] [    INFO] 输入文本：1001 (basics.py:138)
[2022-08-12 14:37:29] [    INFO] 查找元素：('xpath', '//input[@type="password"]') (basics.py:107)
[2022-08-12 14:37:29] [    INFO] 输入文本：1qaz@WSX (basics.py:138)
[2022-08-12 14:37:29] [    INFO] 查找元素：('xpath', '//input[@id="identifyCode"]') (basics.py:107)
[2022-08-12 14:37:29] [    INFO] 点击元素：('xpath', '//input[@id="identifyCode"]') (basics.py:191)
[2022-08-12 14:37:30] [    INFO] 查找元素：('xpath', '//img[@id="code"]') (basics.py:107)
[2022-08-12 14:37:32] [    INFO] 查找元素：('xpath', '//input[@id="identifyCode"]') (basics.py:107)
[2022-08-12 14:37:32] [    INFO] 输入文本：9389 (basics.py:138)
[2022-08-12 14:37:32] [    INFO] 查找元素：('xpath', '//button[@id="submit_btn"]') (basics.py:107)
[2022-08-12 14:37:32] [    INFO] 点击元素：('xpath', '//button[@id="submit_btn"]') (basics.py:191)
[2022-08-12 14:37:33] [    INFO] 断言成功：URL为预期一致 | URL: http://sitsrm.transsion.com/ELSServer_CY/default.jsp?account=860000_1001 (assert_ui.py:190)
[2022-08-12 14:37:33] [    INFO] 前置条件：传音统一登录成功 (conftest.py:31)
[2022-08-12 14:37:33] [    INFO] 查找元素：('xpath', '//div[@id="supplierPerformanceAppraisal"]') (basics.py:107)
[2022-08-12 14:37:33] [    INFO] 点击元素：('xpath', '//div[@id="supplierPerformanceAppraisal"]') (basics.py:191)
[2022-08-12 14:37:34] [    INFO] 查找元素：('xpath', '//div[@class="winTitle"]/span[text()="供应商绩效考核 "]') (basics.py:107)
[2022-08-12 14:37:34] [    INFO] 查找元素：('xpath', '//iframe[@class="iframeApp"]') (basics.py:107)
[2022-08-12 14:37:34] [    INFO] 查找元素：('xpath', '//a[@data-name="evaluateSupplyCategoryConfigurationManager"]//span') (basics.py:107)
[2022-08-12 14:37:35] [    INFO] 点击元素：('xpath', '//a[@data-name="evaluateSupplyCategoryConfigurationManager"]//span') (basics.py:191)
[2022-08-12 14:37:35] [    INFO] 查找元素：('xpath', '//a[@title=" 评估代码供货品类配置"]/span') (basics.py:107)
[2022-08-12 14:37:36] [    INFO] 查找元素：('xpath', '//iframe[@id="tab-iframe-evaluateSupplyCategoryConfigurationManager"]') (basics.py:107)
[2022-08-12 14:37:36] [    INFO] 查找元素：('xpath', '//li[@id="create"]/a') (basics.py:107)
[2022-08-12 14:37:36] [    INFO] 点击元素：('xpath', '//li[@id="create"]/a') (basics.py:191)
[2022-08-12 14:37:36] [    INFO] 查找元素：('xpath', '//span[text()="新增供货品类配置"]') (basics.py:107)
[2022-08-12 14:37:36] [    INFO] 查找元素：('xpath', '//div[@id="btnAddClose"]') (basics.py:107)
[2022-08-12 14:37:37] [    INFO] 点击元素：('xpath', '//div[@id="btnAddClose"]') (basics.py:191)
[2022-08-12 14:37:37] [    INFO] 查找元素：('xpath', '//li[@id="create"]/a') (basics.py:107)
[2022-08-12 14:37:37] [    INFO] 点击元素：('xpath', '//li[@id="create"]/a') (basics.py:191)
[2022-08-12 14:37:38] [    INFO] 查找元素：('xpath', '//button[@id="btnAddCancel"]') (basics.py:107)
[2022-08-12 14:37:38] [    INFO] 点击元素：('xpath', '//button[@id="btnAddCancel"]') (basics.py:191)
[2022-08-12 14:37:38] [    INFO] 查找元素：['x', 'p'] (basics.py:118)
