[2022-08-29 10:15:27] [    INFO] 【TBM】项目【test】环境- UI自动化开始执行 (conftest.py:17)
[2022-08-29 10:15:27] [    INFO] 前置条件：传音统一登录开始 (conftest.py:21)
[2022-08-29 10:15:29] [    INFO] 打开网页：http://bom-sit.transsion.com/#/process/home-page (basics.py:63)
[2022-08-29 10:15:29] [    INFO] 查找元素：('xpath', "//div[@role='button']") (basics.py:106)
[2022-08-29 10:15:29] [    INFO] 点击元素：('xpath', "//div[@role='button']") (basics.py:206)
[2022-08-29 10:15:34] [    INFO] 查找元素：['xpath', "//*[contains(@id,'dropdown-menu-')]//li[1]"] (basics.py:106)
[2022-08-29 10:15:35] [    INFO] 查找元素：('xpath', "//div[@role='button']") (basics.py:106)
[2022-08-29 10:15:35] [    INFO] 点击元素：('xpath', "//div[@role='button']") (basics.py:206)
[2022-08-29 10:15:35] [    INFO] 查找元素：('id', 'tab-account') (basics.py:106)
[2022-08-29 10:15:35] [    INFO] 点击元素：('id', 'tab-account') (basics.py:206)
[2022-08-29 10:15:36] [    INFO] 查找元素：('xpath', "//*[@id='pane-account']/form/div[1]/div/div[1]/input") (basics.py:106)
[2022-08-29 10:15:37] [    INFO] 输入文本：18645960 (basics.py:137)
[2022-08-29 10:15:38] [    INFO] 查找元素：('xpath', "//*[@id='pane-account']/form/div[2]/div/div[1]/input") (basics.py:106)
[2022-08-29 10:15:38] [    INFO] 输入文本：xLily6x (basics.py:137)
[2022-08-29 10:15:39] [    INFO] 查找元素：('xpath', "//span[text()='我已阅读并接受']/../label/span/span") (basics.py:106)
[2022-08-29 10:15:39] [    INFO] 获取状态：False (basics.py:330)
[2022-08-29 10:15:39] [    INFO] 查找元素：('xpath', "//span[text()='我已阅读并接受']/../label/span/span") (basics.py:106)
[2022-08-29 10:15:39] [    INFO] 点击元素：('xpath', "//span[text()='我已阅读并接受']/../label/span/span") (basics.py:206)
[2022-08-29 10:15:40] [    INFO] 查找元素：('xpath', "//*[@id='pane-account']/form/button") (basics.py:106)
[2022-08-29 10:15:40] [    INFO] 点击元素：('xpath', "//*[@id='pane-account']/form/button") (basics.py:206)
[2022-08-29 10:15:46] [   ERROR] 正在截图... (basics.py:449)
[2022-08-29 10:15:47] [   ERROR] 日志正在附加截图... (basics.py:456)
[2022-08-29 10:15:47] [   ERROR] 日志附加截图成功 (basics.py:460)
[2022-08-29 10:15:47] [    INFO] 断言成功：页面存在该标识首页 | 关键字:首页 (assert_ui.py:167)
[2022-08-29 10:15:47] [    INFO] 前置条件：传音统一登录成功 (conftest.py:25)
[2022-08-29 10:15:49] [    INFO] 查找元素：['xpath', "//span[@class='meta-title' and contains(text(),'BOM协作')]"] (basics.py:106)
[2022-08-29 10:15:49] [    INFO] 选择点击：['xpath', "//span[@class='meta-title' and contains(text(),'BOM协作')]"] (basics.py:203)
[2022-08-29 10:15:49] [    INFO] 点击一级菜单：BOM协作 (test.py:18)
[2022-08-29 10:15:51] [    INFO] 查找元素：['xpath', "//div[@class='menu-wrapper nest-menu']//span[contains(text(),'单机头BOM协作')]"] (basics.py:106)
[2022-08-29 10:15:51] [    INFO] 选择点击：['xpath', "//div[@class='menu-wrapper nest-menu']//span[contains(text(),'单机头BOM协作')]"] (basics.py:203)
[2022-08-29 10:15:51] [    INFO] 点击二级菜单：单机头BOM协作 (test.py:20)
[2022-08-29 10:15:52] [    INFO] 刷新页面 (basics.py:337)
[2022-08-29 10:15:52] [    INFO] 查找元素：('xpath', "//label[contains(text(),'制作类型')]/..//input") (basics.py:106)
[2022-08-29 10:15:52] [    INFO] 点击元素：('xpath', "//label[contains(text(),'制作类型')]/..//input") (basics.py:206)
[2022-08-29 10:15:53] [    INFO] 查找元素：('xpath', "//span[contains(text(),'二级BOM制作')]") (basics.py:106)
[2022-08-29 10:15:53] [    INFO] 点击元素：('xpath', "//span[contains(text(),'二级BOM制作')]") (basics.py:206)
[2022-08-29 10:15:53] [    INFO] 查找元素：('xpath', "//button/span[contains(text(),'查询')]") (basics.py:106)
[2022-08-29 10:15:53] [    INFO] 点击元素：('xpath', "//button/span[contains(text(),'查询')]") (basics.py:206)
