[2022-08-30 16:02:13] [    INFO] 【TBM】项目【test】环境- UI自动化开始执行 (conftest.py:17)
[2022-08-30 16:02:13] [    INFO] 前置条件：传音统一登录开始 (conftest.py:21)
[2022-08-30 16:02:17] [    INFO] 打开网页：http://bom-sit.transsion.com/#/process/home-page (basics.py:63)
[2022-08-30 16:02:17] [    INFO] 查找元素：('xpath', "//div[@role='button']") (basics.py:106)
[2022-08-30 16:02:17] [    INFO] 点击元素：('xpath', "//div[@role='button']") (basics.py:206)
[2022-08-30 16:02:22] [    INFO] 查找元素：['xpath', "//*[contains(@id,'dropdown-menu-')]//li[1]"] (basics.py:106)
[2022-08-30 16:02:23] [    INFO] 查找元素：('xpath', "//div[@role='button']") (basics.py:106)
[2022-08-30 16:02:23] [    INFO] 点击元素：('xpath', "//div[@role='button']") (basics.py:206)
[2022-08-30 16:02:23] [    INFO] 查找元素：('id', 'tab-account') (basics.py:106)
[2022-08-30 16:02:24] [    INFO] 点击元素：('id', 'tab-account') (basics.py:206)
[2022-08-30 16:02:25] [    INFO] 查找元素：('xpath', "//*[@id='pane-account']/form/div[1]/div/div[1]/input") (basics.py:106)
[2022-08-30 16:02:25] [    INFO] 输入文本：18645960 (basics.py:137)
[2022-08-30 16:02:26] [    INFO] 查找元素：('xpath', "//*[@id='pane-account']/form/div[2]/div/div[1]/input") (basics.py:106)
[2022-08-30 16:02:27] [    INFO] 输入文本：xLily6x (basics.py:137)
[2022-08-30 16:02:28] [    INFO] 查找元素：('xpath', "//span[text()='我已阅读并接受']/../label/span/span") (basics.py:106)
[2022-08-30 16:02:28] [    INFO] 获取状态：False (basics.py:330)
[2022-08-30 16:02:28] [    INFO] 查找元素：('xpath', "//span[text()='我已阅读并接受']/../label/span/span") (basics.py:106)
[2022-08-30 16:02:28] [    INFO] 点击元素：('xpath', "//span[text()='我已阅读并接受']/../label/span/span") (basics.py:206)
[2022-08-30 16:02:28] [    INFO] 查找元素：('xpath', "//*[@id='pane-account']/form/button") (basics.py:106)
[2022-08-30 16:02:28] [    INFO] 点击元素：('xpath', "//*[@id='pane-account']/form/button") (basics.py:206)
[2022-08-30 16:02:35] [   ERROR] 正在截图... (basics.py:449)
[2022-08-30 16:02:35] [   ERROR] 日志正在附加截图... (basics.py:456)
[2022-08-30 16:02:35] [   ERROR] 日志附加截图成功 (basics.py:460)
[2022-08-30 16:02:35] [    INFO] 断言成功：页面存在该标识首页 | 关键字:首页 (assert_ui.py:167)
[2022-08-30 16:02:35] [    INFO] 前置条件：传音统一登录成功 (conftest.py:25)
[2022-08-30 16:02:35] [    INFO] 查找元素：['xpath', "//span[@class='meta-title' and contains(text(),'BOM协作')]"] (basics.py:102)
[2022-08-30 16:02:36] [    INFO] 点击元素：('xpath', "//span[@class='meta-title' and contains(text(),'BOM协作')]")BOM协作 (basics.py:565)
[2022-08-30 16:02:36] [    INFO] 点击一级菜单：BOM协作 (BOM1.py:31)
[2022-08-30 16:02:36] [    INFO] 查找元素：['xpath', "//div[@class='menu-wrapper nest-menu']//span[contains(text(),'整机BOM协作')]"] (basics.py:102)
[2022-08-30 16:02:36] [    INFO] 点击元素：('xpath', "//div[@class='menu-wrapper nest-menu']//span[contains(text(),'整机BOM协作')]")整机BOM协作 (basics.py:565)
[2022-08-30 16:02:36] [    INFO] 点击二级菜单：整机BOM协作 (BOM1.py:33)
[2022-08-30 16:02:38] [    INFO] 刷新页面 (basics.py:337)
[2022-08-30 16:02:38] [    INFO] 查找元素：('xpath', "//button//span[contains(text(),'新增')]") (basics.py:106)
[2022-08-30 16:02:38] [    INFO] 点击元素：('xpath', "//button//span[contains(text(),'新增')]")None (basics.py:565)
[2022-08-30 16:02:40] [    INFO] 查找元素：('xpath', "//label[contains(text(),'制作类型')]/..//input") (basics.py:106)
[2022-08-30 16:02:41] [    INFO] 点击元素：('xpath', "//label[contains(text(),'制作类型')]/..//input")None (basics.py:565)
[2022-08-30 16:02:41] [    INFO] 查找元素：('xpath', "//li/span[contains(text(), '生产BOM')]") (basics.py:106)
[2022-08-30 16:02:42] [    INFO] 点击元素：('xpath', "//li/span[contains(text(), '生产BOM')]")None (basics.py:565)
[2022-08-30 16:02:43] [    INFO] 查找元素：('xpath', "//label[contains(text(),'品牌')]/..//input") (basics.py:106)
[2022-08-30 16:02:43] [    INFO] 点击元素：('xpath', "//label[contains(text(),'品牌')]/..//input")None (basics.py:565)
[2022-08-30 16:02:43] [    INFO] 查找元素：('xpath', "//li/span[normalize-space(text())='itel']") (basics.py:106)
[2022-08-30 16:02:44] [    INFO] 点击元素：('xpath', "//li/span[normalize-space(text())='itel']")None (basics.py:565)
[2022-08-30 16:02:45] [    INFO] 查找元素：('xpath', "//label[contains(text(),'机型')]/..//input") (basics.py:106)
[2022-08-30 16:02:46] [    INFO] 点击元素：('xpath', "//label[contains(text(),'机型')]/..//input")None (basics.py:565)
[2022-08-30 16:02:46] [    INFO] 查找元素：('xpath', "//label[contains(text(),'机型')]/..//input") (basics.py:106)
[2022-08-30 16:02:46] [    INFO] 输入文本：C6769 (basics.py:137)
[2022-08-30 16:02:46] [    INFO] 查找元素：('xpath', "//li[normalize-space(text())='(C6769)C6769']") (basics.py:106)
[2022-08-30 16:02:48] [    INFO] 点击元素：('xpath', "//li[normalize-space(text())='(C6769)C6769']")None (basics.py:565)
[2022-08-30 16:02:49] [    INFO] 查找元素：('xpath', "//label[contains(text(),'阶段')]/..//input") (basics.py:106)
[2022-08-30 16:02:49] [    INFO] 点击元素：('xpath', "//label[contains(text(),'阶段')]/..//input")None (basics.py:565)
[2022-08-30 16:02:49] [    INFO] 查找元素：('xpath', "//li/span[normalize-space(text())='量产阶段']") (basics.py:106)
[2022-08-30 16:02:50] [    INFO] 点击元素：('xpath', "//li/span[normalize-space(text())='量产阶段']")None (basics.py:565)
[2022-08-30 16:02:51] [    INFO] 查找元素：('xpath', "//label[contains(text(),'市场')]/..//input") (basics.py:106)
[2022-08-30 16:02:51] [    INFO] 点击元素：('xpath', "//label[contains(text(),'市场')]/..//input")None (basics.py:565)
[2022-08-30 16:02:51] [    INFO] 查找元素：('xpath', "//li/span[normalize-space(text())='孟加拉']") (basics.py:106)
[2022-08-30 16:02:52] [    INFO] 点击元素：('xpath', "//li/span[normalize-space(text())='孟加拉']")None (basics.py:565)
[2022-08-30 16:02:53] [    INFO] 查找元素：('xpath', "//button//span[contains(text(),'新增Bom')]") (basics.py:106)
[2022-08-30 16:02:54] [    INFO] 点击元素：('xpath', "//button//span[contains(text(),'新增Bom')]")None (basics.py:565)
[2022-08-30 16:02:54] [    INFO] 查找元素：('xpath', "//span[@title='产成品']/../../../..//span[contains(text(),'编辑')]") (basics.py:106)
[2022-08-30 16:02:54] [    INFO] 点击元素：('xpath', "//span[@title='产成品']/../../../..//span[contains(text(),'编辑')]")None (basics.py:565)
[2022-08-30 16:02:55] [    INFO] 查找元素：('xpath', "//span[@title='产成品']/../../../../td[2]//input") (basics.py:106)
[2022-08-30 16:02:56] [    INFO] 点击元素：('xpath', "//span[@title='产成品']/../../../../td[2]//input")None (basics.py:565)
[2022-08-30 16:02:56] [    INFO] 查找元素：('xpath', "//li//span[contains(text(),'国内生产BOM')]") (basics.py:106)
[2022-08-30 16:02:57] [    INFO] 点击元素：('xpath', "//li//span[contains(text(),'国内生产BOM')]")None (basics.py:565)
[2022-08-30 16:02:58] [    INFO] 查找元素：('xpath', "//span[@title='产成品']/../../../../td[3]//input") (basics.py:106)
[2022-08-30 16:02:58] [    INFO] 点击元素：('xpath', "//span[@title='产成品']/../../../../td[3]//input")None (basics.py:565)
[2022-08-30 16:02:58] [    INFO] 查找元素：('xpath', "//li/span[normalize-space(text())='量产']") (basics.py:106)
[2022-08-30 16:02:59] [    INFO] 点击元素：('xpath', "//li/span[normalize-space(text())='量产']")None (basics.py:565)
[2022-08-30 16:03:00] [    INFO] 查找元素：('xpath', "//span[@title='产成品']/../../../../td[6]//input") (basics.py:106)
[2022-08-30 16:03:01] [    INFO] 点击元素：('xpath', "//span[@title='产成品']/../../../../td[6]//input")None (basics.py:565)
[2022-08-30 16:03:01] [    INFO] 查找元素：('xpath', "//span[@title='产成品']/../../../../td[6]//input") (basics.py:106)
[2022-08-30 16:03:01] [    INFO] 输入文本：12000001 (basics.py:137)
[2022-08-30 16:03:01] [    INFO] 查找元素：('xpath', "//li[contains(text(),'12000001')]") (basics.py:106)
[2022-08-30 16:03:03] [    INFO] 点击元素：('xpath', "//li[contains(text(),'12000001')]")None (basics.py:565)
[2022-08-30 16:03:04] [    INFO] 查找元素：('xpath', "//span[@title='产成品']/../../../../td[9]//input") (basics.py:106)
[2022-08-30 16:03:04] [    INFO] 点击元素：('xpath', "//span[@title='产成品']/../../../../td[9]//input")None (basics.py:565)
[2022-08-30 16:03:05] [    INFO] 查找元素：('xpath', "//span[@title='产成品']/../../../../td[9]//input") (basics.py:106)
[2022-08-30 16:03:05] [    INFO] 输入文本：1000 (basics.py:137)
[2022-08-30 16:03:05] [    INFO] 查找元素：('xpath', "//span[@title='产成品']/../../../..//span[contains(text(),'确定')]") (basics.py:106)
[2022-08-30 16:03:05] [    INFO] 点击元素：('xpath', "//span[@title='产成品']/../../../..//span[contains(text(),'确定')]")None (basics.py:565)
[2022-08-30 16:03:06] [    INFO] 查找元素：('xpath', "//label[contains(text(),'MPM')]/..//input") (basics.py:106)
[2022-08-30 16:03:07] [    INFO] 点击元素：('xpath', "//label[contains(text(),'MPM')]/..//input")None (basics.py:565)
[2022-08-30 16:03:07] [    INFO] 查找元素：('xpath', "//div[@class='user-find']//input") (basics.py:106)
[2022-08-30 16:03:08] [    INFO] 点击元素：('xpath', "//div[@class='user-find']//input")None (basics.py:565)
[2022-08-30 16:03:08] [    INFO] 查找元素：('xpath', "//div[@class='user-find']//input") (basics.py:106)
[2022-08-30 16:03:08] [    INFO] 输入文本：李小素 (basics.py:137)
[2022-08-30 16:03:08] [    INFO] 查找元素：('xpath', "//div[@class='user-list']/div[3]//div[normalize-space(text())='18645960']") (basics.py:106)
[2022-08-30 16:03:10] [    INFO] 点击元素：('xpath', "//div[@class='user-list']/div[3]//div[normalize-space(text())='18645960']")None (basics.py:565)
[2022-08-30 16:03:10] [    INFO] 查找元素：('xpath', "//div[@class='user-list']/../../../..//button//span[contains(text(),'确 定')]") (basics.py:106)
[2022-08-30 16:03:11] [    INFO] 点击元素：('xpath', "//div[@class='user-list']/../../../..//button//span[contains(text(),'确 定')]")None (basics.py:565)
[2022-08-30 16:03:12] [    INFO] 查找元素：('xpath', "//label[contains(text(),'采购部')]/..//input") (basics.py:106)
[2022-08-30 16:03:12] [    INFO] 点击元素：('xpath', "//label[contains(text(),'采购部')]/..//input")None (basics.py:565)
[2022-08-30 16:03:12] [    INFO] 查找元素：('xpath', "//div[@class='user-find']//input") (basics.py:106)
[2022-08-30 16:03:13] [    INFO] 点击元素：('xpath', "//div[@class='user-find']//input")None (basics.py:565)
[2022-08-30 16:03:13] [    INFO] 查找元素：('xpath', "//div[@class='user-find']//input") (basics.py:106)
[2022-08-30 16:03:13] [    INFO] 输入文本：李小素 (basics.py:137)
[2022-08-30 16:03:13] [    INFO] 查找元素：('xpath', "//div[@class='user-list']/div[3]//div[normalize-space(text())='18645960']") (basics.py:106)
[2022-08-30 16:03:15] [    INFO] 点击元素：('xpath', "//div[@class='user-list']/div[3]//div[normalize-space(text())='18645960']")None (basics.py:565)
[2022-08-30 16:03:15] [    INFO] 查找元素：('xpath', "//div[@class='user-list']/../../../..//button//span[contains(text(),'确 定')]") (basics.py:106)
[2022-08-30 16:03:16] [    INFO] 点击元素：('xpath', "//div[@class='user-list']/../../../..//button//span[contains(text(),'确 定')]")None (basics.py:565)
[2022-08-30 16:03:17] [    INFO] 查找元素：('xpath', "//button//span[contains(text(),'提交')]") (basics.py:106)
[2022-08-30 16:03:17] [    INFO] 点击元素：('xpath', "//button//span[contains(text(),'提交')]")None (basics.py:565)
[2022-08-30 16:03:18] [   ERROR] 正在截图... (basics.py:449)
[2022-08-30 16:03:18] [   ERROR] 日志正在附加截图... (basics.py:456)
[2022-08-30 16:03:18] [   ERROR] 日志附加截图成功 (basics.py:460)
[2022-08-30 16:03:18] [    INFO] 断言成功：页面存在该标识 | 当前页面关键字: 创建流程成功 (assert_ui.py:155)
[2022-08-30 16:03:18] [    INFO] 查找元素：('xpath', "//button//span[contains(text(),'查询')]") (basics.py:106)
[2022-08-30 16:03:20] [    INFO] 点击元素：('xpath', "//button//span[contains(text(),'查询')]")None (basics.py:565)
[2022-08-30 16:03:20] [    INFO] 查找元素：('xpath', "//div[contains(text(),'C6769')]/../..//td[2]") (basics.py:106)
[2022-08-30 16:03:20] [    INFO] 获取文本：ZBOM20220830080317611365 (basics.py:319)
[2022-08-30 16:03:20] [    INFO] 查找元素：['xpath', "//span[@class='meta-title' and contains(text(),'待办列表')]"] (basics.py:102)
[2022-08-30 16:03:21] [    INFO] 点击元素：('xpath', "//span[@class='meta-title' and contains(text(),'待办列表')]")待办列表 (basics.py:565)
[2022-08-30 16:03:21] [    INFO] 点击待办列表：待办列表 (BOM1.py:140)
[2022-08-30 16:03:21] [    INFO] 查找元素：['xpath', "//div[@class='menu-wrapper nest-menu']//span[contains(text(),'我的待办')]"] (basics.py:102)
[2022-08-30 16:03:21] [    INFO] 点击元素：('xpath', "//div[@class='menu-wrapper nest-menu']//span[contains(text(),'我的待办')]")我的待办 (basics.py:565)
[2022-08-30 16:03:21] [    INFO] 点击我的待办：我的待办 (BOM1.py:142)
[2022-08-30 16:03:27] [    INFO] 刷新页面 (basics.py:337)
[2022-08-30 16:03:27] [    INFO] 查找元素：('xpath', '//iframe') (basics.py:106)
[2022-08-30 16:03:27] [    INFO] 查找元素：['xpath', "//div[contains(text(),'ZBOM20220830080317611365') and @class='row-code']/../../../..//span[text()='查看详情']"] (basics.py:102)
[2022-08-30 16:03:29] [    INFO] 点击元素：('xpath', "//div[contains(text(),'variable') and @class='row-code']/../../../..//span[text()='查看详情']")ZBOM20220830080317611365 (basics.py:565)
[2022-08-30 16:03:29] [    INFO] 查找元素：('xpath', '//iframe') (basics.py:106)
[2022-08-30 16:03:31] [    INFO] 查找元素：('xpath', "//span[@title='量产']/../../../td[7]//input") (basics.py:106)
[2022-08-30 16:03:33] [    INFO] 输入文本：1051 (basics.py:154)
[2022-08-30 16:03:33] [    INFO] 查找元素：('xpath', "//li[contains(text(),'1051')]") (basics.py:106)
[2022-08-30 16:03:34] [    INFO] 点击元素：('xpath', "//li[contains(text(),'1051')]")None (basics.py:565)
[2022-08-30 16:03:35] [    INFO] 查找元素：('xpath', "//button//span[text()='一键/']") (basics.py:106)
[2022-08-30 16:03:36] [    INFO] 点击元素：('xpath', "//button//span[text()='一键/']")None (basics.py:565)
[2022-08-30 16:03:37] [    INFO] 查找元素：('xpath', "//span[contains(text(),'检查贴片工厂')]/..//input") (basics.py:106)
[2022-08-30 16:03:38] [    INFO] 点击元素：('xpath', "//span[contains(text(),'检查贴片工厂')]/..//input")None (basics.py:565)
[2022-08-30 16:03:38] [    INFO] 查找元素：('xpath', "//li/span[contains(text(), '贴片工厂正确')]") (basics.py:106)
[2022-08-30 16:03:38] [    INFO] 点击元素：('xpath', "//li/span[contains(text(), '贴片工厂正确')]")None (basics.py:565)
[2022-08-30 16:03:39] [    INFO] 查找元素：('xpath', "//button//span[text()='同 意']") (basics.py:106)
[2022-08-30 16:03:40] [    INFO] 点击元素：('xpath', "//button//span[text()='同 意']")None (basics.py:565)
[2022-08-30 16:03:40] [    INFO] 查找元素：('xpath', "//div[@aria-label='提示']//span[normalize-space(text())='确定']") (basics.py:106)
[2022-08-30 16:03:41] [    INFO] 点击元素：('xpath', "//div[@aria-label='提示']//span[normalize-space(text())='确定']")None (basics.py:565)
[2022-08-30 16:03:47] [   ERROR] 正在截图... (basics.py:449)
[2022-08-30 16:03:47] [   ERROR] Message: no such window: window was already closed
  (Session info: chrome=104.0.5112.102)
Stacktrace:
Backtrace:
	Ordinal0 [0x00D578B3+2193587]
	Ordinal0 [0x00CF0681+1771137]
	Ordinal0 [0x00C041A8+803240]
	Ordinal0 [0x00BED767+710503]
	Ordinal0 [0x00BF1142+725314]
	Ordinal0 [0x00BF55C9+742857]
	Ordinal0 [0x00C05500+808192]
	Ordinal0 [0x00C5D2C2+1168066]
	Ordinal0 [0x00C4D5C6+1103302]
	Ordinal0 [0x00C277E0+948192]
	Ordinal0 [0x00C286E6+952038]
	GetHandleVerifier [0x01000CB2+2738370]
	GetHandleVerifier [0x00FF21B8+2678216]
	GetHandleVerifier [0x00DE17AA+512954]
	GetHandleVerifier [0x00DE0856+509030]
	Ordinal0 [0x00CF743B+1799227]
	Ordinal0 [0x00CFBB68+1817448]
	Ordinal0 [0x00CFBC55+1817685]
	Ordinal0 [0x00D05230+1856048]
	BaseThreadInitThunk [0x75A96739+25]
	RtlGetFullPathName_UEx [0x77AA90AF+1215]
	RtlGetFullPathName_UEx [0x77AA907D+1165]
 (assert_ui.py:157)
[2022-08-30 16:55:29] [    INFO] 【TBM】项目【test】环境- UI自动化开始执行 (conftest.py:17)
[2022-08-30 16:55:29] [    INFO] 前置条件：传音统一登录开始 (conftest.py:21)
[2022-08-30 16:55:32] [    INFO] 打开网页：http://bom-sit.transsion.com/#/process/home-page (basics.py:63)
[2022-08-30 16:55:32] [    INFO] 查找元素：('xpath', "//div[@role='button']") (basics.py:106)
[2022-08-30 16:55:32] [    INFO] 点击元素：('xpath', "//div[@role='button']") (basics.py:206)
[2022-08-30 16:55:36] [    INFO] 查找元素：['xpath', "//*[contains(@id,'dropdown-menu-')]//li[1]"] (basics.py:106)
[2022-08-30 16:55:37] [    INFO] 查找元素：('xpath', "//div[@role='button']") (basics.py:106)
[2022-08-30 16:55:37] [    INFO] 点击元素：('xpath', "//div[@role='button']") (basics.py:206)
[2022-08-30 16:55:38] [    INFO] 查找元素：('id', 'tab-account') (basics.py:106)
[2022-08-30 16:55:38] [    INFO] 点击元素：('id', 'tab-account') (basics.py:206)
[2022-08-30 16:55:39] [    INFO] 查找元素：('xpath', "//*[@id='pane-account']/form/div[1]/div/div[1]/input") (basics.py:106)
[2022-08-30 16:55:39] [    INFO] 输入文本：18645960 (basics.py:137)
[2022-08-30 16:55:41] [    INFO] 查找元素：('xpath', "//*[@id='pane-account']/form/div[2]/div/div[1]/input") (basics.py:106)
[2022-08-30 16:55:41] [    INFO] 输入文本：xLily6x (basics.py:137)
[2022-08-30 16:55:42] [    INFO] 查找元素：('xpath', "//span[text()='我已阅读并接受']/../label/span/span") (basics.py:106)
[2022-08-30 16:55:42] [    INFO] 获取状态：False (basics.py:330)
[2022-08-30 16:55:42] [    INFO] 查找元素：('xpath', "//span[text()='我已阅读并接受']/../label/span/span") (basics.py:106)
[2022-08-30 16:55:42] [    INFO] 点击元素：('xpath', "//span[text()='我已阅读并接受']/../label/span/span") (basics.py:206)
[2022-08-30 16:55:42] [    INFO] 查找元素：('xpath', "//*[@id='pane-account']/form/button") (basics.py:106)
[2022-08-30 16:55:42] [    INFO] 点击元素：('xpath', "//*[@id='pane-account']/form/button") (basics.py:206)
[2022-08-30 16:55:49] [   ERROR] 正在截图... (basics.py:449)
[2022-08-30 16:55:49] [   ERROR] 日志正在附加截图... (basics.py:456)
[2022-08-30 16:55:49] [   ERROR] 日志附加截图成功 (basics.py:460)
[2022-08-30 16:55:49] [    INFO] 断言成功：页面存在该标识首页 | 关键字:首页 (assert_ui.py:167)
[2022-08-30 16:55:49] [    INFO] 前置条件：传音统一登录成功 (conftest.py:25)
[2022-08-30 16:55:49] [    INFO] 查找元素：['xpath', "//span[@class='meta-title' and contains(text(),'BOM协作')]"] (basics.py:102)
[2022-08-30 16:55:50] [    INFO] 点击元素：('xpath', "//span[@class='meta-title' and contains(text(),'BOM协作')]")BOM协作 (basics.py:565)
[2022-08-30 16:55:50] [    INFO] 点击一级菜单：BOM协作 (BOM1.py:31)
[2022-08-30 16:55:50] [    INFO] 查找元素：['xpath', "//div[@class='menu-wrapper nest-menu']//span[contains(text(),'整机BOM协作')]"] (basics.py:102)
[2022-08-30 16:55:51] [    INFO] 点击元素：('xpath', "//div[@class='menu-wrapper nest-menu']//span[contains(text(),'整机BOM协作')]")整机BOM协作 (basics.py:565)
[2022-08-30 16:55:51] [    INFO] 点击二级菜单：整机BOM协作 (BOM1.py:33)
[2022-08-30 16:55:53] [    INFO] 刷新页面 (basics.py:337)
[2022-08-30 16:55:53] [    INFO] 查找元素：('xpath', "//button//span[contains(text(),'新增')]") (basics.py:106)
[2022-08-30 16:55:54] [    INFO] 点击元素：('xpath', "//button//span[contains(text(),'新增')]")None (basics.py:565)
[2022-08-30 16:55:56] [    INFO] 查找元素：('xpath', "//label[contains(text(),'制作类型')]/..//input") (basics.py:106)
[2022-08-30 16:55:57] [    INFO] 点击元素：('xpath', "//label[contains(text(),'制作类型')]/..//input")None (basics.py:565)
[2022-08-30 16:55:57] [    INFO] 查找元素：('xpath', "//li/span[contains(text(), '生产BOM')]") (basics.py:106)
[2022-08-30 16:55:57] [    INFO] 点击元素：('xpath', "//li/span[contains(text(), '生产BOM')]")None (basics.py:565)
[2022-08-30 16:55:58] [    INFO] 查找元素：('xpath', "//label[contains(text(),'品牌')]/..//input") (basics.py:106)
[2022-08-30 16:55:59] [    INFO] 点击元素：('xpath', "//label[contains(text(),'品牌')]/..//input")None (basics.py:565)
[2022-08-30 16:55:59] [    INFO] 查找元素：('xpath', "//li/span[normalize-space(text())='itel']") (basics.py:106)
[2022-08-30 16:55:59] [    INFO] 点击元素：('xpath', "//li/span[normalize-space(text())='itel']")None (basics.py:565)
[2022-08-30 16:56:00] [    INFO] 查找元素：('xpath', "//label[contains(text(),'机型')]/..//input") (basics.py:106)
[2022-08-30 16:56:01] [    INFO] 点击元素：('xpath', "//label[contains(text(),'机型')]/..//input")None (basics.py:565)
[2022-08-30 16:56:01] [    INFO] 查找元素：('xpath', "//label[contains(text(),'机型')]/..//input") (basics.py:106)
[2022-08-30 16:56:02] [    INFO] 输入文本：C6769 (basics.py:137)
[2022-08-30 16:56:02] [    INFO] 查找元素：('xpath', "//li[normalize-space(text())='(C6769)C6769']") (basics.py:106)
[2022-08-30 16:56:03] [    INFO] 点击元素：('xpath', "//li[normalize-space(text())='(C6769)C6769']")None (basics.py:565)
[2022-08-30 16:56:04] [    INFO] 查找元素：('xpath', "//label[contains(text(),'阶段')]/..//input") (basics.py:106)
[2022-08-30 16:56:04] [    INFO] 点击元素：('xpath', "//label[contains(text(),'阶段')]/..//input")None (basics.py:565)
[2022-08-30 16:56:04] [    INFO] 查找元素：('xpath', "//li/span[normalize-space(text())='量产阶段']") (basics.py:106)
[2022-08-30 16:56:05] [    INFO] 点击元素：('xpath', "//li/span[normalize-space(text())='量产阶段']")None (basics.py:565)
[2022-08-30 16:56:06] [    INFO] 查找元素：('xpath', "//label[contains(text(),'市场')]/..//input") (basics.py:106)
[2022-08-30 16:56:07] [    INFO] 点击元素：('xpath', "//label[contains(text(),'市场')]/..//input")None (basics.py:565)
[2022-08-30 16:56:07] [    INFO] 查找元素：('xpath', "//li/span[normalize-space(text())='孟加拉']") (basics.py:106)
[2022-08-30 16:56:07] [    INFO] 点击元素：('xpath', "//li/span[normalize-space(text())='孟加拉']")None (basics.py:565)
[2022-08-30 16:56:08] [    INFO] 查找元素：('xpath', "//button//span[contains(text(),'新增Bom')]") (basics.py:106)
[2022-08-30 16:56:09] [    INFO] 点击元素：('xpath', "//button//span[contains(text(),'新增Bom')]")None (basics.py:565)
[2022-08-30 16:56:09] [    INFO] 查找元素：('xpath', "//span[@title='产成品']/../../../..//span[contains(text(),'编辑')]") (basics.py:106)
[2022-08-30 16:56:09] [    INFO] 点击元素：('xpath', "//span[@title='产成品']/../../../..//span[contains(text(),'编辑')]")None (basics.py:565)
[2022-08-30 16:56:10] [    INFO] 查找元素：('xpath', "//span[@title='产成品']/../../../../td[2]//input") (basics.py:106)
[2022-08-30 16:56:11] [    INFO] 点击元素：('xpath', "//span[@title='产成品']/../../../../td[2]//input")None (basics.py:565)
[2022-08-30 16:56:11] [    INFO] 查找元素：('xpath', "//li//span[contains(text(),'国内生产BOM')]") (basics.py:106)
[2022-08-30 16:56:12] [    INFO] 点击元素：('xpath', "//li//span[contains(text(),'国内生产BOM')]")None (basics.py:565)
[2022-08-30 16:56:13] [    INFO] 查找元素：('xpath', "//span[@title='产成品']/../../../../td[3]//input") (basics.py:106)
[2022-08-30 16:56:13] [    INFO] 点击元素：('xpath', "//span[@title='产成品']/../../../../td[3]//input")None (basics.py:565)
[2022-08-30 16:56:13] [    INFO] 查找元素：('xpath', "//li/span[normalize-space(text())='量产']") (basics.py:106)
[2022-08-30 16:56:14] [    INFO] 点击元素：('xpath', "//li/span[normalize-space(text())='量产']")None (basics.py:565)
[2022-08-30 16:56:15] [    INFO] 查找元素：('xpath', "//span[@title='产成品']/../../../../td[6]//input") (basics.py:106)
[2022-08-30 16:56:15] [    INFO] 点击元素：('xpath', "//span[@title='产成品']/../../../../td[6]//input")None (basics.py:565)
[2022-08-30 16:56:16] [    INFO] 查找元素：('xpath', "//span[@title='产成品']/../../../../td[6]//input") (basics.py:106)
[2022-08-30 16:56:16] [    INFO] 输入文本：12000001 (basics.py:137)
[2022-08-30 16:56:16] [    INFO] 查找元素：('xpath', "//li[contains(text(),'12000001')]") (basics.py:106)
[2022-08-30 16:56:17] [    INFO] 点击元素：('xpath', "//li[contains(text(),'12000001')]")None (basics.py:565)
[2022-08-30 16:56:18] [    INFO] 查找元素：('xpath', "//span[@title='产成品']/../../../../td[9]//input") (basics.py:106)
[2022-08-30 16:56:19] [    INFO] 点击元素：('xpath', "//span[@title='产成品']/../../../../td[9]//input")None (basics.py:565)
[2022-08-30 16:56:19] [    INFO] 查找元素：('xpath', "//span[@title='产成品']/../../../../td[9]//input") (basics.py:106)
[2022-08-30 16:56:19] [    INFO] 输入文本：1000 (basics.py:137)
[2022-08-30 16:56:19] [    INFO] 查找元素：('xpath', "//span[@title='产成品']/../../../..//span[contains(text(),'确定')]") (basics.py:106)
[2022-08-30 16:56:20] [    INFO] 点击元素：('xpath', "//span[@title='产成品']/../../../..//span[contains(text(),'确定')]")None (basics.py:565)
[2022-08-30 16:56:21] [    INFO] 查找元素：('xpath', "//label[contains(text(),'MPM')]/..//input") (basics.py:106)
[2022-08-30 16:56:22] [    INFO] 点击元素：('xpath', "//label[contains(text(),'MPM')]/..//input")None (basics.py:565)
[2022-08-30 16:56:22] [    INFO] 查找元素：('xpath', "//div[@class='user-find']//input") (basics.py:106)
[2022-08-30 16:56:22] [    INFO] 点击元素：('xpath', "//div[@class='user-find']//input")None (basics.py:565)
[2022-08-30 16:56:23] [    INFO] 查找元素：('xpath', "//div[@class='user-find']//input") (basics.py:106)
[2022-08-30 16:56:23] [    INFO] 输入文本：李小素 (basics.py:137)
[2022-08-30 16:56:23] [    INFO] 查找元素：('xpath', "//div[@class='user-list']/div[3]//div[normalize-space(text())='18645960']") (basics.py:106)
[2022-08-30 16:56:24] [    INFO] 点击元素：('xpath', "//div[@class='user-list']/div[3]//div[normalize-space(text())='18645960']")None (basics.py:565)
[2022-08-30 16:56:24] [    INFO] 查找元素：('xpath', "//div[@class='user-list']/../../../..//button//span[contains(text(),'确 定')]") (basics.py:106)
[2022-08-30 16:56:25] [    INFO] 点击元素：('xpath', "//div[@class='user-list']/../../../..//button//span[contains(text(),'确 定')]")None (basics.py:565)
[2022-08-30 16:56:26] [    INFO] 查找元素：('xpath', "//label[contains(text(),'采购部')]/..//input") (basics.py:106)
[2022-08-30 16:56:27] [    INFO] 点击元素：('xpath', "//label[contains(text(),'采购部')]/..//input")None (basics.py:565)
[2022-08-30 16:56:27] [    INFO] 查找元素：('xpath', "//div[@class='user-find']//input") (basics.py:106)
[2022-08-30 16:56:27] [    INFO] 点击元素：('xpath', "//div[@class='user-find']//input")None (basics.py:565)
[2022-08-30 16:56:28] [    INFO] 查找元素：('xpath', "//div[@class='user-find']//input") (basics.py:106)
[2022-08-30 16:56:28] [    INFO] 输入文本：李小素 (basics.py:137)
[2022-08-30 16:56:28] [    INFO] 查找元素：('xpath', "//div[@class='user-list']/div[3]//div[normalize-space(text())='18645960']") (basics.py:106)
[2022-08-30 16:56:29] [    INFO] 点击元素：('xpath', "//div[@class='user-list']/div[3]//div[normalize-space(text())='18645960']")None (basics.py:565)
[2022-08-30 16:56:29] [    INFO] 查找元素：('xpath', "//div[@class='user-list']/../../../..//button//span[contains(text(),'确 定')]") (basics.py:106)
[2022-08-30 16:56:30] [    INFO] 点击元素：('xpath', "//div[@class='user-list']/../../../..//button//span[contains(text(),'确 定')]")None (basics.py:565)
[2022-08-30 16:56:31] [    INFO] 查找元素：('xpath', "//button//span[contains(text(),'提交')]") (basics.py:106)
[2022-08-30 16:56:31] [    INFO] 点击元素：('xpath', "//button//span[contains(text(),'提交')]")None (basics.py:565)
[2022-08-30 16:56:32] [   ERROR] 正在截图... (basics.py:449)
[2022-08-30 16:56:33] [   ERROR] 日志正在附加截图... (basics.py:456)
[2022-08-30 16:56:33] [   ERROR] 日志附加截图成功 (basics.py:460)
[2022-08-30 16:56:33] [    INFO] 断言成功：页面存在该标识 | 当前页面关键字: 创建流程成功 (assert_ui.py:155)
[2022-08-30 16:56:33] [    INFO] 查找元素：('xpath', "//button//span[contains(text(),'查询')]") (basics.py:106)
[2022-08-30 16:56:33] [    INFO] 点击元素：('xpath', "//button//span[contains(text(),'查询')]")None (basics.py:565)
[2022-08-30 16:56:33] [    INFO] 查找元素：('xpath', "//div[contains(text(),'C6769')]/../..//td[2]") (basics.py:106)
[2022-08-30 16:56:33] [    INFO] 获取文本：ZBOM20220830085631771663 (basics.py:319)
[2022-08-30 16:56:33] [    INFO] 查找元素：['xpath', "//span[@class='meta-title' and contains(text(),'待办列表')]"] (basics.py:102)
[2022-08-30 16:56:34] [    INFO] 点击元素：('xpath', "//span[@class='meta-title' and contains(text(),'待办列表')]")待办列表 (basics.py:565)
[2022-08-30 16:56:34] [    INFO] 点击待办列表：待办列表 (BOM1.py:140)
[2022-08-30 16:56:34] [    INFO] 查找元素：['xpath', "//div[@class='menu-wrapper nest-menu']//span[contains(text(),'我的待办')]"] (basics.py:102)
[2022-08-30 16:56:35] [    INFO] 点击元素：('xpath', "//div[@class='menu-wrapper nest-menu']//span[contains(text(),'我的待办')]")我的待办 (basics.py:565)
[2022-08-30 16:56:35] [    INFO] 点击我的待办：我的待办 (BOM1.py:142)
[2022-08-30 16:56:38] [    INFO] 刷新页面 (basics.py:337)
[2022-08-30 16:56:38] [    INFO] 查找元素：('xpath', '//iframe') (basics.py:106)
[2022-08-30 16:56:38] [    INFO] 查找元素：['xpath', "//div[contains(text(),'ZBOM20220830085631771663') and @class='row-code']/../../../..//span[text()='查看详情']"] (basics.py:102)
[2022-08-30 16:56:40] [    INFO] 点击元素：('xpath', "//div[contains(text(),'variable') and @class='row-code']/../../../..//span[text()='查看详情']")ZBOM20220830085631771663 (basics.py:565)
[2022-08-30 16:56:40] [    INFO] 查找元素：('xpath', '//iframe') (basics.py:106)
[2022-08-30 16:56:42] [    INFO] 查找元素：('xpath', "//span[@title='量产']/../../../td[7]//input") (basics.py:106)
[2022-08-30 16:56:43] [    INFO] 输入文本：1051 (basics.py:154)
[2022-08-30 16:56:43] [    INFO] 查找元素：('xpath', "//li[contains(text(),'1051')]") (basics.py:106)
[2022-08-30 16:56:45] [    INFO] 点击元素：('xpath', "//li[contains(text(),'1051')]")None (basics.py:565)
[2022-08-30 16:56:46] [    INFO] 查找元素：('xpath', "//button//span[text()='一键/']") (basics.py:106)
[2022-08-30 16:56:46] [    INFO] 点击元素：('xpath', "//button//span[text()='一键/']")None (basics.py:565)
[2022-08-30 16:56:47] [    INFO] 查找元素：('xpath', "//span[contains(text(),'检查贴片工厂')]/..//input") (basics.py:106)
[2022-08-30 16:56:48] [    INFO] 点击元素：('xpath', "//span[contains(text(),'检查贴片工厂')]/..//input")None (basics.py:565)
[2022-08-30 16:56:48] [    INFO] 查找元素：('xpath', "//li/span[contains(text(), '贴片工厂正确')]") (basics.py:106)
[2022-08-30 16:56:48] [    INFO] 点击元素：('xpath', "//li/span[contains(text(), '贴片工厂正确')]")None (basics.py:565)
[2022-08-30 16:56:49] [    INFO] 查找元素：('xpath', "//button//span[text()='同 意']") (basics.py:106)
[2022-08-30 16:56:50] [    INFO] 点击元素：('xpath', "//button//span[text()='同 意']")None (basics.py:565)
[2022-08-30 16:56:50] [    INFO] 查找元素：('xpath', "//div[@aria-label='提示']//span[normalize-space(text())='确定']") (basics.py:106)
[2022-08-30 16:56:51] [    INFO] 点击元素：('xpath', "//div[@aria-label='提示']//span[normalize-space(text())='确定']")None (basics.py:565)
[2022-08-30 16:56:59] [   ERROR] 正在截图... (basics.py:449)
[2022-08-30 16:56:59] [   ERROR] Message: no such window: window was already closed
  (Session info: chrome=104.0.5112.102)
Stacktrace:
Backtrace:
	Ordinal0 [0x00D578B3+2193587]
	Ordinal0 [0x00CF0681+1771137]
	Ordinal0 [0x00C041A8+803240]
	Ordinal0 [0x00BED767+710503]
	Ordinal0 [0x00BF1142+725314]
	Ordinal0 [0x00BF55C9+742857]
	Ordinal0 [0x00C05500+808192]
	Ordinal0 [0x00C5D2C2+1168066]
	Ordinal0 [0x00C4D5C6+1103302]
	Ordinal0 [0x00C277E0+948192]
	Ordinal0 [0x00C286E6+952038]
	GetHandleVerifier [0x01000CB2+2738370]
	GetHandleVerifier [0x00FF21B8+2678216]
	GetHandleVerifier [0x00DE17AA+512954]
	GetHandleVerifier [0x00DE0856+509030]
	Ordinal0 [0x00CF743B+1799227]
	Ordinal0 [0x00CFBB68+1817448]
	Ordinal0 [0x00CFBC55+1817685]
	Ordinal0 [0x00D05230+1856048]
	BaseThreadInitThunk [0x75A96739+25]
	RtlGetFullPathName_UEx [0x77AA90AF+1215]
	RtlGetFullPathName_UEx [0x77AA907D+1165]
 (assert_ui.py:157)
[2022-08-30 16:58:47] [    INFO] 【TBM】项目【test】环境- UI自动化开始执行 (conftest.py:17)
[2022-08-30 16:58:47] [    INFO] 前置条件：传音统一登录开始 (conftest.py:21)
[2022-08-30 16:58:49] [    INFO] 打开网页：http://bom-sit.transsion.com/#/process/home-page (basics.py:63)
[2022-08-30 16:58:49] [    INFO] 查找元素：('xpath', "//div[@role='button']") (basics.py:106)
[2022-08-30 16:58:49] [    INFO] 点击元素：('xpath', "//div[@role='button']") (basics.py:206)
[2022-08-30 16:58:54] [    INFO] 查找元素：['xpath', "//*[contains(@id,'dropdown-menu-')]//li[1]"] (basics.py:106)
[2022-08-30 16:58:55] [    INFO] 查找元素：('xpath', "//div[@role='button']") (basics.py:106)
[2022-08-30 16:58:55] [    INFO] 点击元素：('xpath', "//div[@role='button']") (basics.py:206)
[2022-08-30 16:58:55] [    INFO] 查找元素：('id', 'tab-account') (basics.py:106)
[2022-08-30 16:58:56] [    INFO] 点击元素：('id', 'tab-account') (basics.py:206)
[2022-08-30 16:58:57] [    INFO] 查找元素：('xpath', "//*[@id='pane-account']/form/div[1]/div/div[1]/input") (basics.py:106)
[2022-08-30 16:58:57] [    INFO] 输入文本：18645960 (basics.py:137)
[2022-08-30 16:58:58] [    INFO] 查找元素：('xpath', "//*[@id='pane-account']/form/div[2]/div/div[1]/input") (basics.py:106)
[2022-08-30 16:58:58] [    INFO] 输入文本：xLily6x (basics.py:137)
[2022-08-30 16:58:59] [    INFO] 查找元素：('xpath', "//span[text()='我已阅读并接受']/../label/span/span") (basics.py:106)
[2022-08-30 16:58:59] [    INFO] 获取状态：False (basics.py:330)
[2022-08-30 16:58:59] [    INFO] 查找元素：('xpath', "//span[text()='我已阅读并接受']/../label/span/span") (basics.py:106)
[2022-08-30 16:58:59] [    INFO] 点击元素：('xpath', "//span[text()='我已阅读并接受']/../label/span/span") (basics.py:206)
[2022-08-30 16:59:00] [    INFO] 查找元素：('xpath', "//*[@id='pane-account']/form/button") (basics.py:106)
[2022-08-30 16:59:00] [    INFO] 点击元素：('xpath', "//*[@id='pane-account']/form/button") (basics.py:206)
[2022-08-30 16:59:06] [   ERROR] 正在截图... (basics.py:449)
[2022-08-30 16:59:07] [   ERROR] 日志正在附加截图... (basics.py:456)
[2022-08-30 16:59:07] [   ERROR] 日志附加截图成功 (basics.py:460)
[2022-08-30 16:59:07] [    INFO] 断言成功：页面存在该标识首页 | 关键字:首页 (assert_ui.py:167)
[2022-08-30 16:59:07] [    INFO] 前置条件：传音统一登录成功 (conftest.py:25)
[2022-08-30 16:59:07] [    INFO] 查找元素：['xpath', "//span[@class='meta-title' and contains(text(),'BOM协作')]"] (basics.py:102)
[2022-08-30 16:59:07] [    INFO] 点击元素：('xpath', "//span[@class='meta-title' and contains(text(),'BOM协作')]")BOM协作 (basics.py:565)
[2022-08-30 16:59:07] [    INFO] 点击一级菜单：BOM协作 (BOM1.py:31)
[2022-08-30 16:59:07] [    INFO] 查找元素：['xpath', "//div[@class='menu-wrapper nest-menu']//span[contains(text(),'整机BOM协作')]"] (basics.py:102)
[2022-08-30 16:59:08] [    INFO] 点击元素：('xpath', "//div[@class='menu-wrapper nest-menu']//span[contains(text(),'整机BOM协作')]")整机BOM协作 (basics.py:565)
[2022-08-30 16:59:08] [    INFO] 点击二级菜单：整机BOM协作 (BOM1.py:33)
[2022-08-30 16:59:09] [    INFO] 刷新页面 (basics.py:337)
[2022-08-30 16:59:09] [    INFO] 查找元素：('xpath', "//button//span[contains(text(),'新增')]") (basics.py:106)
[2022-08-30 16:59:10] [    INFO] 点击元素：('xpath', "//button//span[contains(text(),'新增')]")None (basics.py:565)
[2022-08-30 16:59:12] [    INFO] 查找元素：('xpath', "//label[contains(text(),'制作类型')]/..//input") (basics.py:106)
[2022-08-30 16:59:12] [    INFO] 点击元素：('xpath', "//label[contains(text(),'制作类型')]/..//input")None (basics.py:565)
[2022-08-30 16:59:12] [    INFO] 查找元素：('xpath', "//li/span[contains(text(), '生产BOM')]") (basics.py:106)
[2022-08-30 16:59:13] [    INFO] 点击元素：('xpath', "//li/span[contains(text(), '生产BOM')]")None (basics.py:565)
[2022-08-30 16:59:14] [    INFO] 查找元素：('xpath', "//label[contains(text(),'品牌')]/..//input") (basics.py:106)
[2022-08-30 16:59:15] [    INFO] 点击元素：('xpath', "//label[contains(text(),'品牌')]/..//input")None (basics.py:565)
[2022-08-30 16:59:15] [    INFO] 查找元素：('xpath', "//li/span[normalize-space(text())='itel']") (basics.py:106)
[2022-08-30 16:59:15] [    INFO] 点击元素：('xpath', "//li/span[normalize-space(text())='itel']")None (basics.py:565)
[2022-08-30 16:59:16] [    INFO] 查找元素：('xpath', "//label[contains(text(),'机型')]/..//input") (basics.py:106)
[2022-08-30 16:59:17] [    INFO] 点击元素：('xpath', "//label[contains(text(),'机型')]/..//input")None (basics.py:565)
[2022-08-30 16:59:17] [    INFO] 查找元素：('xpath', "//label[contains(text(),'机型')]/..//input") (basics.py:106)
[2022-08-30 16:59:17] [    INFO] 输入文本：C6769 (basics.py:137)
[2022-08-30 16:59:17] [    INFO] 查找元素：('xpath', "//li[normalize-space(text())='(C6769)C6769']") (basics.py:106)
[2022-08-30 16:59:19] [    INFO] 点击元素：('xpath', "//li[normalize-space(text())='(C6769)C6769']")None (basics.py:565)
[2022-08-30 16:59:20] [    INFO] 查找元素：('xpath', "//label[contains(text(),'阶段')]/..//input") (basics.py:106)
[2022-08-30 16:59:20] [    INFO] 点击元素：('xpath', "//label[contains(text(),'阶段')]/..//input")None (basics.py:565)
[2022-08-30 16:59:20] [    INFO] 查找元素：('xpath', "//li/span[normalize-space(text())='量产阶段']") (basics.py:106)
[2022-08-30 16:59:21] [    INFO] 点击元素：('xpath', "//li/span[normalize-space(text())='量产阶段']")None (basics.py:565)
[2022-08-30 16:59:22] [    INFO] 查找元素：('xpath', "//label[contains(text(),'市场')]/..//input") (basics.py:106)
[2022-08-30 16:59:22] [    INFO] 点击元素：('xpath', "//label[contains(text(),'市场')]/..//input")None (basics.py:565)
[2022-08-30 16:59:22] [    INFO] 查找元素：('xpath', "//li/span[normalize-space(text())='孟加拉']") (basics.py:106)
[2022-08-30 16:59:23] [    INFO] 点击元素：('xpath', "//li/span[normalize-space(text())='孟加拉']")None (basics.py:565)
[2022-08-30 16:59:24] [    INFO] 查找元素：('xpath', "//button//span[contains(text(),'新增Bom')]") (basics.py:106)
[2022-08-30 16:59:25] [    INFO] 点击元素：('xpath', "//button//span[contains(text(),'新增Bom')]")None (basics.py:565)
[2022-08-30 16:59:25] [    INFO] 查找元素：('xpath', "//span[@title='产成品']/../../../..//span[contains(text(),'编辑')]") (basics.py:106)
[2022-08-30 16:59:25] [    INFO] 点击元素：('xpath', "//span[@title='产成品']/../../../..//span[contains(text(),'编辑')]")None (basics.py:565)
[2022-08-30 16:59:26] [    INFO] 查找元素：('xpath', "//span[@title='产成品']/../../../../td[2]//input") (basics.py:106)
[2022-08-30 16:59:27] [    INFO] 点击元素：('xpath', "//span[@title='产成品']/../../../../td[2]//input")None (basics.py:565)
[2022-08-30 16:59:27] [    INFO] 查找元素：('xpath', "//li//span[contains(text(),'国内生产BOM')]") (basics.py:106)
[2022-08-30 16:59:27] [    INFO] 点击元素：('xpath', "//li//span[contains(text(),'国内生产BOM')]")None (basics.py:565)
[2022-08-30 16:59:28] [    INFO] 查找元素：('xpath', "//span[@title='产成品']/../../../../td[3]//input") (basics.py:106)
[2022-08-30 16:59:29] [    INFO] 点击元素：('xpath', "//span[@title='产成品']/../../../../td[3]//input")None (basics.py:565)
[2022-08-30 16:59:29] [    INFO] 查找元素：('xpath', "//li/span[normalize-space(text())='量产']") (basics.py:106)
[2022-08-30 16:59:29] [    INFO] 点击元素：('xpath', "//li/span[normalize-space(text())='量产']")None (basics.py:565)
[2022-08-30 16:59:31] [    INFO] 查找元素：('xpath', "//span[@title='产成品']/../../../../td[6]//input") (basics.py:106)
[2022-08-30 16:59:31] [    INFO] 点击元素：('xpath', "//span[@title='产成品']/../../../../td[6]//input")None (basics.py:565)
[2022-08-30 16:59:32] [    INFO] 查找元素：('xpath', "//span[@title='产成品']/../../../../td[6]//input") (basics.py:106)
[2022-08-30 16:59:32] [    INFO] 输入文本：12000001 (basics.py:137)
[2022-08-30 16:59:32] [    INFO] 查找元素：('xpath', "//li[contains(text(),'12000001')]") (basics.py:106)
[2022-08-30 16:59:33] [    INFO] 点击元素：('xpath', "//li[contains(text(),'12000001')]")None (basics.py:565)
[2022-08-30 16:59:34] [    INFO] 查找元素：('xpath', "//span[@title='产成品']/../../../../td[9]//input") (basics.py:106)
[2022-08-30 16:59:35] [    INFO] 点击元素：('xpath', "//span[@title='产成品']/../../../../td[9]//input")None (basics.py:565)
[2022-08-30 16:59:35] [    INFO] 查找元素：('xpath', "//span[@title='产成品']/../../../../td[9]//input") (basics.py:106)
[2022-08-30 16:59:35] [    INFO] 输入文本：1000 (basics.py:137)
[2022-08-30 16:59:35] [    INFO] 查找元素：('xpath', "//span[@title='产成品']/../../../..//span[contains(text(),'确定')]") (basics.py:106)
[2022-08-30 16:59:36] [    INFO] 点击元素：('xpath', "//span[@title='产成品']/../../../..//span[contains(text(),'确定')]")None (basics.py:565)
[2022-08-30 16:59:37] [    INFO] 查找元素：('xpath', "//label[contains(text(),'MPM')]/..//input") (basics.py:106)
[2022-08-30 16:59:37] [    INFO] 点击元素：('xpath', "//label[contains(text(),'MPM')]/..//input")None (basics.py:565)
[2022-08-30 16:59:37] [    INFO] 查找元素：('xpath', "//div[@class='user-find']//input") (basics.py:106)
[2022-08-30 16:59:38] [    INFO] 点击元素：('xpath', "//div[@class='user-find']//input")None (basics.py:565)
[2022-08-30 16:59:38] [    INFO] 查找元素：('xpath', "//div[@class='user-find']//input") (basics.py:106)
[2022-08-30 16:59:38] [    INFO] 输入文本：李小素 (basics.py:137)
[2022-08-30 16:59:38] [    INFO] 查找元素：('xpath', "//div[@class='user-list']/div[3]//div[normalize-space(text())='18645960']") (basics.py:106)
[2022-08-30 16:59:40] [    INFO] 点击元素：('xpath', "//div[@class='user-list']/div[3]//div[normalize-space(text())='18645960']")None (basics.py:565)
[2022-08-30 16:59:40] [    INFO] 查找元素：('xpath', "//div[@class='user-list']/../../../..//button//span[contains(text(),'确 定')]") (basics.py:106)
[2022-08-30 16:59:41] [    INFO] 点击元素：('xpath', "//div[@class='user-list']/../../../..//button//span[contains(text(),'确 定')]")None (basics.py:565)
[2022-08-30 16:59:42] [    INFO] 查找元素：('xpath', "//label[contains(text(),'采购部')]/..//input") (basics.py:106)
[2022-08-30 16:59:42] [    INFO] 点击元素：('xpath', "//label[contains(text(),'采购部')]/..//input")None (basics.py:565)
[2022-08-30 16:59:42] [    INFO] 查找元素：('xpath', "//div[@class='user-find']//input") (basics.py:106)
[2022-08-30 16:59:43] [    INFO] 点击元素：('xpath', "//div[@class='user-find']//input")None (basics.py:565)
[2022-08-30 16:59:43] [    INFO] 查找元素：('xpath', "//div[@class='user-find']//input") (basics.py:106)
[2022-08-30 16:59:43] [    INFO] 输入文本：李小素 (basics.py:137)
[2022-08-30 16:59:43] [    INFO] 查找元素：('xpath', "//div[@class='user-list']/div[3]//div[normalize-space(text())='18645960']") (basics.py:106)
[2022-08-30 16:59:45] [    INFO] 点击元素：('xpath', "//div[@class='user-list']/div[3]//div[normalize-space(text())='18645960']")None (basics.py:565)
[2022-08-30 16:59:45] [    INFO] 查找元素：('xpath', "//div[@class='user-list']/../../../..//button//span[contains(text(),'确 定')]") (basics.py:106)
[2022-08-30 16:59:46] [    INFO] 点击元素：('xpath', "//div[@class='user-list']/../../../..//button//span[contains(text(),'确 定')]")None (basics.py:565)
[2022-08-30 16:59:47] [    INFO] 查找元素：('xpath', "//button//span[contains(text(),'提交')]") (basics.py:106)
[2022-08-30 16:59:47] [    INFO] 点击元素：('xpath', "//button//span[contains(text(),'提交')]")None (basics.py:565)
[2022-08-30 16:59:48] [   ERROR] 正在截图... (basics.py:449)
[2022-08-30 16:59:48] [   ERROR] 日志正在附加截图... (basics.py:456)
[2022-08-30 16:59:48] [   ERROR] 日志附加截图成功 (basics.py:460)
[2022-08-30 16:59:49] [    INFO] 断言成功：页面存在该标识 | 当前页面关键字: 创建流程成功 (assert_ui.py:155)
[2022-08-30 16:59:49] [    INFO] 查找元素：('xpath', "//button//span[contains(text(),'查询')]") (basics.py:106)
[2022-08-30 16:59:49] [    INFO] 点击元素：('xpath', "//button//span[contains(text(),'查询')]")None (basics.py:565)
[2022-08-30 16:59:49] [    INFO] 查找元素：('xpath', "//div[contains(text(),'C6769')]/../..//td[2]") (basics.py:106)
[2022-08-30 16:59:49] [    INFO] 获取文本：ZBOM20220830085947415184 (basics.py:319)
[2022-08-30 16:59:49] [    INFO] 查找元素：['xpath', "//span[@class='meta-title' and contains(text(),'待办列表')]"] (basics.py:102)
[2022-08-30 16:59:50] [    INFO] 点击元素：('xpath', "//span[@class='meta-title' and contains(text(),'待办列表')]")待办列表 (basics.py:565)
[2022-08-30 16:59:50] [    INFO] 点击待办列表：待办列表 (BOM1.py:140)
[2022-08-30 16:59:50] [    INFO] 查找元素：['xpath', "//div[@class='menu-wrapper nest-menu']//span[contains(text(),'我的待办')]"] (basics.py:102)
[2022-08-30 16:59:50] [    INFO] 点击元素：('xpath', "//div[@class='menu-wrapper nest-menu']//span[contains(text(),'我的待办')]")我的待办 (basics.py:565)
[2022-08-30 16:59:50] [    INFO] 点击我的待办：我的待办 (BOM1.py:142)
[2022-08-30 16:59:53] [    INFO] 刷新页面 (basics.py:337)
[2022-08-30 16:59:53] [    INFO] 查找元素：('xpath', '//iframe') (basics.py:106)
[2022-08-30 16:59:54] [    INFO] 查找元素：['xpath', "//div[contains(text(),'ZBOM20220830085947415184') and @class='row-code']/../../../..//span[text()='查看详情']"] (basics.py:102)
[2022-08-30 16:59:56] [    INFO] 点击元素：('xpath', "//div[contains(text(),'variable') and @class='row-code']/../../../..//span[text()='查看详情']")ZBOM20220830085947415184 (basics.py:565)
[2022-08-30 16:59:56] [    INFO] 查找元素：('xpath', '//iframe') (basics.py:106)
[2022-08-30 16:59:57] [    INFO] 查找元素：('xpath', "//span[@title='量产']/../../../td[7]//input") (basics.py:106)
[2022-08-30 16:59:59] [    INFO] 输入文本：1051 (basics.py:154)
[2022-08-30 16:59:59] [    INFO] 查找元素：('xpath', "//li[contains(text(),'1051')]") (basics.py:106)
[2022-08-30 17:00:00] [    INFO] 点击元素：('xpath', "//li[contains(text(),'1051')]")None (basics.py:565)
[2022-08-30 17:00:01] [    INFO] 查找元素：('xpath', "//button//span[text()='一键/']") (basics.py:106)
[2022-08-30 17:00:02] [    INFO] 点击元素：('xpath', "//button//span[text()='一键/']")None (basics.py:565)
[2022-08-30 17:00:03] [    INFO] 查找元素：('xpath', "//span[contains(text(),'检查贴片工厂')]/..//input") (basics.py:106)
[2022-08-30 17:00:04] [    INFO] 点击元素：('xpath', "//span[contains(text(),'检查贴片工厂')]/..//input")None (basics.py:565)
[2022-08-30 17:00:04] [    INFO] 查找元素：('xpath', "//li/span[contains(text(), '贴片工厂正确')]") (basics.py:106)
[2022-08-30 17:00:04] [    INFO] 点击元素：('xpath', "//li/span[contains(text(), '贴片工厂正确')]")None (basics.py:565)
[2022-08-30 17:00:05] [    INFO] 查找元素：('xpath', "//button//span[text()='同 意']") (basics.py:106)
[2022-08-30 17:00:06] [    INFO] 点击元素：('xpath', "//button//span[text()='同 意']")None (basics.py:565)
[2022-08-30 17:00:06] [    INFO] 查找元素：('xpath', "//div[@aria-label='提示']//span[normalize-space(text())='确定']") (basics.py:106)
[2022-08-30 17:00:06] [    INFO] 点击元素：('xpath', "//div[@aria-label='提示']//span[normalize-space(text())='确定']")None (basics.py:565)
[2022-08-30 17:00:14] [   ERROR] 正在截图... (basics.py:449)
[2022-08-30 17:00:14] [   ERROR] Message: no such window: window was already closed
  (Session info: chrome=104.0.5112.102)
Stacktrace:
Backtrace:
	Ordinal0 [0x00D578B3+2193587]
	Ordinal0 [0x00CF0681+1771137]
	Ordinal0 [0x00C041A8+803240]
	Ordinal0 [0x00BED767+710503]
	Ordinal0 [0x00BF1142+725314]
	Ordinal0 [0x00BF55C9+742857]
	Ordinal0 [0x00C05500+808192]
	Ordinal0 [0x00C5D2C2+1168066]
	Ordinal0 [0x00C4D5C6+1103302]
	Ordinal0 [0x00C277E0+948192]
	Ordinal0 [0x00C286E6+952038]
	GetHandleVerifier [0x01000CB2+2738370]
	GetHandleVerifier [0x00FF21B8+2678216]
	GetHandleVerifier [0x00DE17AA+512954]
	GetHandleVerifier [0x00DE0856+509030]
	Ordinal0 [0x00CF743B+1799227]
	Ordinal0 [0x00CFBB68+1817448]
	Ordinal0 [0x00CFBC55+1817685]
	Ordinal0 [0x00D05230+1856048]
	BaseThreadInitThunk [0x75A96739+25]
	RtlGetFullPathName_UEx [0x77AA90AF+1215]
	RtlGetFullPathName_UEx [0x77AA907D+1165]
 (assert_ui.py:157)
