[2022-08-03 15:14:42] [    INFO] 【SRM】项目【test】环境- UI自动化开始执行 (conftest.py:17)
[2022-08-03 15:14:42] [    INFO] 前置条件：传音统一登录开始 (conftest.py:24)
[2022-08-03 15:14:43] [    INFO] 打开网页：http://sitsrm.transsion.com/ELSServer_CY/login/login.html (basics.py:64)
[2022-08-03 15:14:43] [    INFO] 查找元素：('xpath', '//input[@id="elsSubAccount"]') (basics.py:107)
[2022-08-03 15:14:44] [    INFO] 输入文本：1001 (basics.py:138)
[2022-08-03 15:14:44] [    INFO] 查找元素：('xpath', '//input[@id="elsAccount"]') (basics.py:107)
[2022-08-03 15:14:44] [    INFO] 输入文本：860000 (basics.py:138)
[2022-08-03 15:14:45] [    INFO] 查找元素：('xpath', '//input[@type="password"]') (basics.py:107)
[2022-08-03 15:14:45] [    INFO] 输入文本：1qaz@WSX (basics.py:138)
[2022-08-03 15:14:45] [    INFO] 查找元素：('xpath', '//input[@id="identifyCode"]') (basics.py:107)
[2022-08-03 15:14:45] [    INFO] 点击元素：('xpath', '//input[@id="identifyCode"]') (basics.py:191)
[2022-08-03 15:14:46] [    INFO] 查找元素：('xpath', '//img[@id="code"]') (basics.py:107)
[2022-08-03 15:14:48] [    INFO] 查找元素：('xpath', '//input[@id="identifyCode"]') (basics.py:107)
[2022-08-03 15:14:48] [    INFO] 输入文本：9899 (basics.py:138)
[2022-08-03 15:14:48] [    INFO] 查找元素：('xpath', '//button[@id="submit_btn"]') (basics.py:107)
[2022-08-03 15:14:48] [    INFO] 点击元素：('xpath', '//button[@id="submit_btn"]') (basics.py:191)
[2022-08-03 15:14:49] [    INFO] 断言成功：URL为预期一致 | URL: http://sitsrm.transsion.com/ELSServer_CY/default.jsp?account=860000_1001 (assert_ui.py:190)
[2022-08-03 15:14:49] [    INFO] 前置条件：传音统一登录成功 (conftest.py:33)
[2022-08-03 15:14:50] [    INFO] 查找元素：('xpath', '//input[@id="elsAccount"]') (basics.py:107)
[2022-08-03 15:14:50] [    INFO] 输入文本：860000 (basics.py:138)
[2022-08-03 15:14:50] [    INFO] 查找元素：('xpath', '//input[@id="elsSubAccount"]') (basics.py:107)
[2022-08-03 15:14:50] [    INFO] 输入文本：1001 (basics.py:138)
[2022-08-03 15:14:51] [    INFO] 查找元素：('xpath', '//input[@type="password"]') (basics.py:107)
[2022-08-03 15:14:51] [    INFO] 输入文本：1qaz@WSX (basics.py:138)
[2022-08-03 15:14:51] [    INFO] 查找元素：('xpath', '//input[@id="identifyCode"]') (basics.py:107)
[2022-08-03 15:14:51] [    INFO] 点击元素：('xpath', '//input[@id="identifyCode"]') (basics.py:191)
[2022-08-03 15:14:52] [    INFO] 查找元素：('xpath', '//img[@id="code"]') (basics.py:107)
[2022-08-03 15:14:53] [    INFO] 查找元素：('xpath', '//input[@id="identifyCode"]') (basics.py:107)
[2022-08-03 15:14:53] [    INFO] 输入文本：1844 (basics.py:138)
[2022-08-03 15:14:53] [    INFO] 查找元素：('xpath', '//button[@id="submit_btn"]') (basics.py:107)
[2022-08-03 15:14:53] [    INFO] 点击元素：('xpath', '//button[@id="submit_btn"]') (basics.py:191)
[2022-08-03 15:14:54] [    INFO] 查找元素：('xpath', '//span[@title="审批列表"]') (basics.py:107)
[2022-08-03 15:14:54] [    INFO] 点击元素：('xpath', '//span[@title="审批列表"]') (basics.py:191)
[2022-08-03 15:14:57] [    INFO] 查找元素：('xpath', '//iframe[@name="iframeApp_auditList"]') (basics.py:107)
[2022-08-03 15:14:57] [    INFO] 查找元素：('xpath', '//input[@name="taskName"]') (basics.py:107)
[2022-08-03 15:14:57] [    INFO] 点击元素：('xpath', '//input[@name="taskName"]') (basics.py:191)
[2022-08-03 15:14:58] [    INFO] 查找元素：('xpath', '//input[@name="taskName"]') (basics.py:107)
[2022-08-03 15:14:58] [    INFO] 输入文本：周本林 (basics.py:138)
[2022-08-03 15:14:58] [    INFO] 查找元素：('xpath', '//button[text()=" 查询"]') (basics.py:107)
[2022-08-03 15:14:58] [    INFO] 点击元素：('xpath', '//button[text()=" 查询"]') (basics.py:191)
[2022-08-03 15:16:30] [    INFO] 【SRM】项目【test】环境- UI自动化开始执行 (conftest.py:17)
[2022-08-03 15:16:30] [    INFO] 前置条件：传音统一登录开始 (conftest.py:24)
[2022-08-03 15:16:31] [    INFO] 打开网页：http://sitsrm.transsion.com/ELSServer_CY/login/login.html (basics.py:64)
[2022-08-03 15:16:31] [    INFO] 查找元素：('xpath', '//input[@id="elsSubAccount"]') (basics.py:107)
[2022-08-03 15:16:32] [    INFO] 输入文本：1001 (basics.py:138)
[2022-08-03 15:16:32] [    INFO] 查找元素：('xpath', '//input[@id="elsAccount"]') (basics.py:107)
[2022-08-03 15:16:32] [    INFO] 输入文本：860000 (basics.py:138)
[2022-08-03 15:16:33] [    INFO] 查找元素：('xpath', '//input[@type="password"]') (basics.py:107)
[2022-08-03 15:16:33] [    INFO] 输入文本：1qaz@WSX (basics.py:138)
[2022-08-03 15:16:33] [    INFO] 查找元素：('xpath', '//input[@id="identifyCode"]') (basics.py:107)
[2022-08-03 15:16:33] [    INFO] 点击元素：('xpath', '//input[@id="identifyCode"]') (basics.py:191)
[2022-08-03 15:16:34] [    INFO] 查找元素：('xpath', '//img[@id="code"]') (basics.py:107)
[2022-08-03 15:16:35] [    INFO] 查找元素：('xpath', '//input[@id="identifyCode"]') (basics.py:107)
[2022-08-03 15:16:35] [    INFO] 输入文本：0210 (basics.py:138)
[2022-08-03 15:16:35] [    INFO] 查找元素：('xpath', '//button[@id="submit_btn"]') (basics.py:107)
[2022-08-03 15:16:35] [    INFO] 点击元素：('xpath', '//button[@id="submit_btn"]') (basics.py:191)
[2022-08-03 15:16:36] [    INFO] 断言成功：URL为预期一致 | URL: http://sitsrm.transsion.com/ELSServer_CY/default.jsp?account=860000_1001 (assert_ui.py:190)
[2022-08-03 15:16:36] [    INFO] 前置条件：传音统一登录成功 (conftest.py:33)
[2022-08-03 15:16:36] [    INFO] 查找元素：('xpath', '//input[@id="elsAccount"]') (basics.py:107)
[2022-08-03 15:16:36] [    INFO] 输入文本：860000 (basics.py:138)
[2022-08-03 15:16:37] [    INFO] 查找元素：('xpath', '//input[@id="elsSubAccount"]') (basics.py:107)
[2022-08-03 15:16:37] [    INFO] 输入文本：1001 (basics.py:138)
[2022-08-03 15:16:37] [    INFO] 查找元素：('xpath', '//input[@type="password"]') (basics.py:107)
[2022-08-03 15:16:37] [    INFO] 输入文本：1qaz@WSX (basics.py:138)
[2022-08-03 15:16:37] [    INFO] 查找元素：('xpath', '//input[@id="identifyCode"]') (basics.py:107)
[2022-08-03 15:16:37] [    INFO] 点击元素：('xpath', '//input[@id="identifyCode"]') (basics.py:191)
[2022-08-03 15:16:39] [    INFO] 查找元素：('xpath', '//img[@id="code"]') (basics.py:107)
[2022-08-03 15:16:40] [    INFO] 查找元素：('xpath', '//input[@id="identifyCode"]') (basics.py:107)
[2022-08-03 15:16:40] [    INFO] 输入文本：7046 (basics.py:138)
[2022-08-03 15:16:40] [    INFO] 查找元素：('xpath', '//button[@id="submit_btn"]') (basics.py:107)
[2022-08-03 15:16:40] [    INFO] 点击元素：('xpath', '//button[@id="submit_btn"]') (basics.py:191)
[2022-08-03 15:16:41] [    INFO] 查找元素：('xpath', '//span[@title="审批列表"]') (basics.py:107)
[2022-08-03 15:16:41] [    INFO] 点击元素：('xpath', '//span[@title="审批列表"]') (basics.py:191)
[2022-08-03 15:16:43] [    INFO] 查找元素：('xpath', '//iframe[@name="iframeApp_auditList"]') (basics.py:107)
[2022-08-03 15:16:43] [    INFO] 查找元素：('xpath', '//input[@name="taskName"]') (basics.py:107)
[2022-08-03 15:16:43] [    INFO] 点击元素：('xpath', '//input[@name="taskName"]') (basics.py:191)
[2022-08-03 15:16:44] [    INFO] 查找元素：('xpath', '//input[@name="taskName"]') (basics.py:107)
[2022-08-03 15:16:44] [    INFO] 输入文本：周本林 (basics.py:138)
[2022-08-03 15:16:44] [    INFO] 查找元素：('xpath', '//button[text()=" 查询"]') (basics.py:107)
[2022-08-03 15:16:45] [    INFO] 点击元素：('xpath', '//button[text()=" 查询"]') (basics.py:191)
[2022-08-03 15:20:12] [    INFO] 【SRM】项目【test】环境- UI自动化开始执行 (conftest.py:17)
[2022-08-03 15:20:12] [    INFO] 前置条件：传音统一登录开始 (conftest.py:24)
[2022-08-03 15:20:13] [    INFO] 打开网页：http://sitsrm.transsion.com/ELSServer_CY/login/login.html (basics.py:64)
[2022-08-03 15:20:13] [    INFO] 查找元素：('xpath', '//input[@id="elsSubAccount"]') (basics.py:107)
[2022-08-03 15:20:14] [    INFO] 输入文本：1001 (basics.py:138)
[2022-08-03 15:20:14] [    INFO] 查找元素：('xpath', '//input[@id="elsAccount"]') (basics.py:107)
[2022-08-03 15:20:14] [    INFO] 输入文本：860000 (basics.py:138)
[2022-08-03 15:20:15] [    INFO] 查找元素：('xpath', '//input[@type="password"]') (basics.py:107)
[2022-08-03 15:20:15] [    INFO] 输入文本：1qaz@WSX (basics.py:138)
[2022-08-03 15:20:15] [    INFO] 查找元素：('xpath', '//input[@id="identifyCode"]') (basics.py:107)
[2022-08-03 15:20:15] [    INFO] 点击元素：('xpath', '//input[@id="identifyCode"]') (basics.py:191)
[2022-08-03 15:20:16] [    INFO] 查找元素：('xpath', '//img[@id="code"]') (basics.py:107)
[2022-08-03 15:20:17] [    INFO] 查找元素：('xpath', '//input[@id="identifyCode"]') (basics.py:107)
[2022-08-03 15:20:18] [    INFO] 输入文本：0568 (basics.py:138)
[2022-08-03 15:20:18] [    INFO] 查找元素：('xpath', '//button[@id="submit_btn"]') (basics.py:107)
[2022-08-03 15:20:18] [    INFO] 点击元素：('xpath', '//button[@id="submit_btn"]') (basics.py:191)
[2022-08-03 15:20:18] [    INFO] 断言成功：URL为预期一致 | URL: http://sitsrm.transsion.com/ELSServer_CY/default.jsp?account=860000_1001 (assert_ui.py:190)
[2022-08-03 15:20:19] [    INFO] 查找元素：('xpath', '//input[@id="elsAccount"]') (basics.py:107)
[2022-08-03 15:20:19] [    INFO] 输入文本：860000 (basics.py:138)
[2022-08-03 15:20:20] [    INFO] 查找元素：('xpath', '//input[@id="elsSubAccount"]') (basics.py:107)
[2022-08-03 15:20:20] [    INFO] 输入文本：1001 (basics.py:138)
[2022-08-03 15:20:20] [    INFO] 查找元素：('xpath', '//input[@type="password"]') (basics.py:107)
[2022-08-03 15:20:20] [    INFO] 输入文本：1qaz@WSX (basics.py:138)
[2022-08-03 15:20:20] [    INFO] 查找元素：('xpath', '//input[@id="identifyCode"]') (basics.py:107)
[2022-08-03 15:20:20] [    INFO] 点击元素：('xpath', '//input[@id="identifyCode"]') (basics.py:191)
[2022-08-03 15:20:22] [    INFO] 查找元素：('xpath', '//img[@id="code"]') (basics.py:107)
[2022-08-03 15:20:22] [    INFO] 查找元素：('xpath', '//input[@id="identifyCode"]') (basics.py:107)
[2022-08-03 15:20:22] [    INFO] 输入文本：7749 (basics.py:138)
[2022-08-03 15:20:22] [    INFO] 查找元素：('xpath', '//button[@id="submit_btn"]') (basics.py:107)
[2022-08-03 15:20:22] [    INFO] 点击元素：('xpath', '//button[@id="submit_btn"]') (basics.py:191)
[2022-08-03 15:20:23] [    INFO] 查找元素：('xpath', '//div[@id="supplierPerformanceAppraisal"]') (basics.py:107)
[2022-08-03 15:20:23] [    INFO] 点击元素：('xpath', '//div[@id="supplierPerformanceAppraisal"]') (basics.py:191)
[2022-08-03 15:27:40] [    INFO] 【SRM】项目【test】环境- UI自动化开始执行 (conftest.py:17)
[2022-08-03 15:27:40] [    INFO] 前置条件：传音统一登录开始 (conftest.py:24)
[2022-08-03 15:27:41] [    INFO] 打开网页：http://sitsrm.transsion.com/ELSServer_CY/login/login.html (basics.py:64)
[2022-08-03 15:27:41] [    INFO] 查找元素：('xpath', '//input[@id="elsSubAccount"]') (basics.py:107)
[2022-08-03 15:27:41] [    INFO] 输入文本：1001 (basics.py:138)
[2022-08-03 15:27:42] [    INFO] 查找元素：('xpath', '//input[@id="elsAccount"]') (basics.py:107)
[2022-08-03 15:27:42] [    INFO] 输入文本：860000 (basics.py:138)
[2022-08-03 15:27:42] [    INFO] 查找元素：('xpath', '//input[@type="password"]') (basics.py:107)
[2022-08-03 15:27:42] [    INFO] 输入文本：1qaz@WSX (basics.py:138)
[2022-08-03 15:27:42] [    INFO] 查找元素：('xpath', '//input[@id="identifyCode"]') (basics.py:107)
[2022-08-03 15:27:42] [    INFO] 点击元素：('xpath', '//input[@id="identifyCode"]') (basics.py:191)
[2022-08-03 15:27:44] [    INFO] 查找元素：('xpath', '//img[@id="code"]') (basics.py:107)
[2022-08-03 15:27:45] [    INFO] 查找元素：('xpath', '//input[@id="identifyCode"]') (basics.py:107)
[2022-08-03 15:27:45] [    INFO] 输入文本：9406 (basics.py:138)
[2022-08-03 15:27:45] [    INFO] 查找元素：('xpath', '//button[@id="submit_btn"]') (basics.py:107)
[2022-08-03 15:27:45] [    INFO] 点击元素：('xpath', '//button[@id="submit_btn"]') (basics.py:191)
[2022-08-03 15:27:47] [    INFO] 查找元素：('xpath', '//input[@id="elsAccount"]') (basics.py:107)
[2022-08-03 15:27:47] [    INFO] 输入文本：860000 (basics.py:138)
[2022-08-03 15:27:47] [    INFO] 查找元素：('xpath', '//input[@id="elsSubAccount"]') (basics.py:107)
[2022-08-03 15:27:47] [    INFO] 输入文本：1001 (basics.py:138)
[2022-08-03 15:27:48] [    INFO] 查找元素：('xpath', '//input[@type="password"]') (basics.py:107)
[2022-08-03 15:27:48] [    INFO] 输入文本：1qaz@WSX (basics.py:138)
[2022-08-03 15:27:48] [    INFO] 查找元素：('xpath', '//input[@id="identifyCode"]') (basics.py:107)
[2022-08-03 15:27:48] [    INFO] 点击元素：('xpath', '//input[@id="identifyCode"]') (basics.py:191)
[2022-08-03 15:27:49] [    INFO] 查找元素：('xpath', '//img[@id="code"]') (basics.py:107)
[2022-08-03 15:27:50] [    INFO] 查找元素：('xpath', '//input[@id="identifyCode"]') (basics.py:107)
[2022-08-03 15:27:51] [    INFO] 输入文本：5534 (basics.py:138)
[2022-08-03 15:27:51] [    INFO] 查找元素：('xpath', '//button[@id="submit_btn"]') (basics.py:107)
[2022-08-03 15:27:51] [    INFO] 点击元素：('xpath', '//button[@id="submit_btn"]') (basics.py:191)
[2022-08-03 15:27:51] [    INFO] 查找元素：('xpath', '//div[@id="supplierPerformanceAppraisal"]') (basics.py:107)
[2022-08-03 15:27:51] [    INFO] 点击元素：('xpath', '//div[@id="supplierPerformanceAppraisal"]') (basics.py:191)
[2022-08-03 15:29:40] [    INFO] 【SRM】项目【test】环境- UI自动化开始执行 (conftest.py:17)
[2022-08-03 15:29:40] [    INFO] 前置条件：传音统一登录开始 (conftest.py:24)
[2022-08-03 15:29:42] [    INFO] 打开网页：http://sitsrm.transsion.com/ELSServer_CY/login/login.html (basics.py:64)
[2022-08-03 15:29:43] [    INFO] 查找元素：('xpath', '//input[@id="elsSubAccount"]') (basics.py:107)
[2022-08-03 15:29:43] [    INFO] 输入文本：1001 (basics.py:138)
[2022-08-03 15:29:43] [    INFO] 查找元素：('xpath', '//input[@id="elsAccount"]') (basics.py:107)
[2022-08-03 15:29:43] [    INFO] 输入文本：860000 (basics.py:138)
[2022-08-03 15:29:44] [    INFO] 查找元素：('xpath', '//input[@type="password"]') (basics.py:107)
[2022-08-03 15:29:44] [    INFO] 输入文本：1qaz@WSX (basics.py:138)
[2022-08-03 15:29:44] [    INFO] 查找元素：('xpath', '//input[@id="identifyCode"]') (basics.py:107)
[2022-08-03 15:29:44] [    INFO] 点击元素：('xpath', '//input[@id="identifyCode"]') (basics.py:191)
[2022-08-03 15:29:45] [    INFO] 查找元素：('xpath', '//img[@id="code"]') (basics.py:107)
[2022-08-03 15:29:47] [    INFO] 查找元素：('xpath', '//input[@id="identifyCode"]') (basics.py:107)
[2022-08-03 15:29:47] [    INFO] 输入文本：9098 (basics.py:138)
[2022-08-03 15:29:47] [    INFO] 查找元素：('xpath', '//button[@id="submit_btn"]') (basics.py:107)
[2022-08-03 15:29:47] [    INFO] 点击元素：('xpath', '//button[@id="submit_btn"]') (basics.py:191)
[2022-08-03 15:29:47] [    INFO] 断言成功：URL为预期一致 | URL: http://sitsrm.transsion.com/ELSServer_CY/default.jsp?account=860000_1001 (assert_ui.py:190)
[2022-08-03 15:29:48] [    INFO] 查找元素：('xpath', '//input[@id="elsAccount"]') (basics.py:107)
[2022-08-03 15:29:48] [    INFO] 输入文本：860000 (basics.py:138)
[2022-08-03 15:29:49] [    INFO] 查找元素：('xpath', '//input[@id="elsSubAccount"]') (basics.py:107)
[2022-08-03 15:29:49] [    INFO] 输入文本：1001 (basics.py:138)
[2022-08-03 15:29:49] [    INFO] 查找元素：('xpath', '//input[@type="password"]') (basics.py:107)
[2022-08-03 15:29:49] [    INFO] 输入文本：1qaz@WSX (basics.py:138)
[2022-08-03 15:29:49] [    INFO] 查找元素：('xpath', '//input[@id="identifyCode"]') (basics.py:107)
[2022-08-03 15:29:49] [    INFO] 点击元素：('xpath', '//input[@id="identifyCode"]') (basics.py:191)
[2022-08-03 15:29:51] [    INFO] 查找元素：('xpath', '//img[@id="code"]') (basics.py:107)
[2022-08-03 15:29:52] [    INFO] 查找元素：('xpath', '//input[@id="identifyCode"]') (basics.py:107)
[2022-08-03 15:29:52] [    INFO] 输入文本：1062 (basics.py:138)
[2022-08-03 15:29:52] [    INFO] 查找元素：('xpath', '//button[@id="submit_btn"]') (basics.py:107)
[2022-08-03 15:29:52] [    INFO] 点击元素：('xpath', '//button[@id="submit_btn"]') (basics.py:191)
[2022-08-03 15:29:52] [    INFO] 查找元素：('xpath', '//span[@title="审批列表"]') (basics.py:107)
[2022-08-03 15:29:52] [    INFO] 点击元素：('xpath', '//span[@title="审批列表"]') (basics.py:191)
[2022-08-03 15:29:55] [    INFO] 查找元素：('xpath', '//iframe[@name="iframeApp_auditList"]') (basics.py:107)
[2022-08-03 15:29:55] [    INFO] 查找元素：('xpath', '//input[@name="taskName"]') (basics.py:107)
[2022-08-03 15:29:55] [    INFO] 点击元素：('xpath', '//input[@name="taskName"]') (basics.py:191)
[2022-08-03 15:29:56] [    INFO] 查找元素：('xpath', '//input[@name="taskName"]') (basics.py:107)
[2022-08-03 15:29:56] [    INFO] 输入文本：周本林 (basics.py:138)
[2022-08-03 15:29:56] [    INFO] 查找元素：('xpath', '//button[text()=" 查询"]') (basics.py:107)
[2022-08-03 15:29:56] [    INFO] 点击元素：('xpath', '//button[text()=" 查询"]') (basics.py:191)
[2022-08-03 15:36:55] [    INFO] 【SRM】项目【test】环境- UI自动化开始执行 (conftest.py:17)
[2022-08-03 15:36:55] [    INFO] 前置条件：传音统一登录开始 (conftest.py:24)
[2022-08-03 15:36:57] [    INFO] 打开网页：http://sitsrm.transsion.com/ELSServer_CY/login/login.html (basics.py:64)
[2022-08-03 15:36:57] [    INFO] 查找元素：('xpath', '//input[@id="elsSubAccount"]') (basics.py:107)
[2022-08-03 15:36:57] [    INFO] 输入文本：1001 (basics.py:138)
[2022-08-03 15:36:58] [    INFO] 查找元素：('xpath', '//input[@id="elsAccount"]') (basics.py:107)
[2022-08-03 15:36:58] [    INFO] 输入文本：860000 (basics.py:138)
[2022-08-03 15:36:59] [    INFO] 查找元素：('xpath', '//input[@type="password"]') (basics.py:107)
[2022-08-03 15:36:59] [    INFO] 输入文本：1qaz@WSX (basics.py:138)
[2022-08-03 15:36:59] [    INFO] 查找元素：('xpath', '//input[@id="identifyCode"]') (basics.py:107)
[2022-08-03 15:36:59] [    INFO] 点击元素：('xpath', '//input[@id="identifyCode"]') (basics.py:191)
[2022-08-03 15:37:00] [    INFO] 查找元素：('xpath', '//img[@id="code"]') (basics.py:107)
[2022-08-03 15:37:01] [    INFO] 查找元素：('xpath', '//input[@id="identifyCode"]') (basics.py:107)
[2022-08-03 15:37:01] [    INFO] 输入文本：7788 (basics.py:138)
[2022-08-03 15:37:01] [    INFO] 查找元素：('xpath', '//button[@id="submit_btn"]') (basics.py:107)
[2022-08-03 15:37:01] [    INFO] 点击元素：('xpath', '//button[@id="submit_btn"]') (basics.py:191)
[2022-08-03 15:37:03] [    INFO] 断言成功：URL为预期一致 | URL: http://sitsrm.transsion.com/ELSServer_CY/default.jsp?account=860000_1001 (assert_ui.py:190)
[2022-08-03 15:37:03] [    INFO] 查找元素：('xpath', '//input[@id="elsAccount"]') (basics.py:107)
[2022-08-03 15:37:03] [    INFO] 输入文本：860000 (basics.py:138)
[2022-08-03 15:37:04] [    INFO] 查找元素：('xpath', '//input[@id="elsSubAccount"]') (basics.py:107)
[2022-08-03 15:37:04] [    INFO] 输入文本：1001 (basics.py:138)
[2022-08-03 15:37:04] [    INFO] 查找元素：('xpath', '//input[@type="password"]') (basics.py:107)
[2022-08-03 15:37:04] [    INFO] 输入文本：1qaz@WSX (basics.py:138)
[2022-08-03 15:37:04] [    INFO] 查找元素：('xpath', '//input[@id="identifyCode"]') (basics.py:107)
[2022-08-03 15:37:05] [    INFO] 点击元素：('xpath', '//input[@id="identifyCode"]') (basics.py:191)
[2022-08-03 15:37:06] [    INFO] 查找元素：('xpath', '//img[@id="code"]') (basics.py:107)
[2022-08-03 15:37:07] [    INFO] 查找元素：('xpath', '//input[@id="identifyCode"]') (basics.py:107)
[2022-08-03 15:37:07] [    INFO] 输入文本：7094 (basics.py:138)
[2022-08-03 15:37:07] [    INFO] 查找元素：('xpath', '//button[@id="submit_btn"]') (basics.py:107)
[2022-08-03 15:37:07] [    INFO] 点击元素：('xpath', '//button[@id="submit_btn"]') (basics.py:191)
[2022-08-03 15:37:08] [    INFO] 查找元素：('xpath', '//span[@title="审批列表"]') (basics.py:107)
[2022-08-03 15:37:08] [    INFO] 点击元素：('xpath', '//span[@title="审批列表"]') (basics.py:191)
[2022-08-03 15:37:10] [    INFO] 查找元素：('xpath', '//iframe[@name="iframeApp_auditList"]') (basics.py:107)
[2022-08-03 15:37:10] [    INFO] 查找元素：('xpath', '//input[@name="taskName"]') (basics.py:107)
[2022-08-03 15:37:10] [    INFO] 点击元素：('xpath', '//input[@name="taskName"]') (basics.py:191)
[2022-08-03 15:37:11] [    INFO] 查找元素：('xpath', '//input[@name="taskName"]') (basics.py:107)
[2022-08-03 15:37:11] [    INFO] 输入文本：周本林 (basics.py:138)
[2022-08-03 15:37:11] [    INFO] 查找元素：('xpath', '//button[text()=" 查询"]') (basics.py:107)
[2022-08-03 15:37:11] [    INFO] 点击元素：('xpath', '//button[text()=" 查询"]') (basics.py:191)
[2022-08-03 15:39:43] [    INFO] 【SRM】项目【test】环境- UI自动化开始执行 (conftest.py:17)
[2022-08-03 15:39:43] [    INFO] 前置条件：传音统一登录开始 (conftest.py:24)
[2022-08-03 15:39:44] [    INFO] 打开网页：http://sitsrm.transsion.com/ELSServer_CY/login/login.html (basics.py:64)
[2022-08-03 15:39:44] [    INFO] 查找元素：('xpath', '//input[@id="elsSubAccount"]') (basics.py:107)
[2022-08-03 15:39:44] [    INFO] 输入文本：1001 (basics.py:138)
[2022-08-03 15:39:45] [    INFO] 查找元素：('xpath', '//input[@id="elsAccount"]') (basics.py:107)
[2022-08-03 15:39:45] [    INFO] 输入文本：860000 (basics.py:138)
[2022-08-03 15:39:45] [    INFO] 查找元素：('xpath', '//input[@type="password"]') (basics.py:107)
[2022-08-03 15:39:45] [    INFO] 输入文本：1qaz@WSX (basics.py:138)
[2022-08-03 15:39:45] [    INFO] 查找元素：('xpath', '//input[@id="identifyCode"]') (basics.py:107)
[2022-08-03 15:39:45] [    INFO] 点击元素：('xpath', '//input[@id="identifyCode"]') (basics.py:191)
[2022-08-03 15:39:47] [    INFO] 查找元素：('xpath', '//img[@id="code"]') (basics.py:107)
[2022-08-03 15:39:48] [    INFO] 查找元素：('xpath', '//input[@id="identifyCode"]') (basics.py:107)
[2022-08-03 15:39:48] [    INFO] 输入文本：0945 (basics.py:138)
[2022-08-03 15:39:48] [    INFO] 查找元素：('xpath', '//button[@id="submit_btn"]') (basics.py:107)
[2022-08-03 15:39:48] [    INFO] 点击元素：('xpath', '//button[@id="submit_btn"]') (basics.py:191)
[2022-08-03 15:39:49] [    INFO] 断言成功：URL为预期一致 | URL: http://sitsrm.transsion.com/ELSServer_CY/default.jsp?account=860000_1001 (assert_ui.py:190)
[2022-08-03 15:39:49] [    INFO] 查找元素：('xpath', '//input[@id="elsAccount"]') (basics.py:107)
[2022-08-03 15:39:49] [    INFO] 输入文本：860000 (basics.py:138)
[2022-08-03 15:39:50] [    INFO] 查找元素：('xpath', '//input[@id="elsSubAccount"]') (basics.py:107)
[2022-08-03 15:39:50] [    INFO] 输入文本：1001 (basics.py:138)
[2022-08-03 15:39:51] [    INFO] 查找元素：('xpath', '//input[@type="password"]') (basics.py:107)
[2022-08-03 15:39:51] [    INFO] 输入文本：1qaz@WSX (basics.py:138)
[2022-08-03 15:39:51] [    INFO] 查找元素：('xpath', '//input[@id="identifyCode"]') (basics.py:107)
[2022-08-03 15:39:51] [    INFO] 点击元素：('xpath', '//input[@id="identifyCode"]') (basics.py:191)
[2022-08-03 15:39:52] [    INFO] 查找元素：('xpath', '//img[@id="code"]') (basics.py:107)
[2022-08-03 15:39:53] [    INFO] 查找元素：('xpath', '//input[@id="identifyCode"]') (basics.py:107)
[2022-08-03 15:39:53] [    INFO] 输入文本：8472 (basics.py:138)
[2022-08-03 15:39:53] [    INFO] 查找元素：('xpath', '//button[@id="submit_btn"]') (basics.py:107)
[2022-08-03 15:39:53] [    INFO] 点击元素：('xpath', '//button[@id="submit_btn"]') (basics.py:191)
[2022-08-03 15:39:54] [    INFO] 查找元素：('xpath', '//span[@title="审批列表"]') (basics.py:107)
[2022-08-03 15:39:54] [    INFO] 点击元素：('xpath', '//span[@title="审批列表"]') (basics.py:191)
[2022-08-03 15:39:56] [    INFO] 查找元素：('xpath', '//iframe[@name="iframeApp_auditList"]') (basics.py:107)
[2022-08-03 15:39:57] [    INFO] 查找元素：('xpath', '//input[@name="taskName"]') (basics.py:107)
[2022-08-03 15:39:57] [    INFO] 点击元素：('xpath', '//input[@name="taskName"]') (basics.py:191)
[2022-08-03 15:39:58] [    INFO] 查找元素：('xpath', '//input[@name="taskName"]') (basics.py:107)
[2022-08-03 15:39:58] [    INFO] 输入文本：周本林 (basics.py:138)
[2022-08-03 15:39:58] [    INFO] 查找元素：('xpath', '//button[text()=" 查询"]') (basics.py:107)
[2022-08-03 15:39:58] [    INFO] 点击元素：('xpath', '//button[text()=" 查询"]') (basics.py:191)
[2022-08-03 15:39:58] [    INFO] 查找元素：('xpath', '//div[@id="pq-body-cell-u0-0-2-right"]/span') (basics.py:107)
[2022-08-03 15:39:58] [    INFO] 点击元素：('xpath', '//div[@id="pq-body-cell-u0-0-2-right"]/span') (basics.py:191)
[2022-08-03 15:39:59] [    INFO] 查找元素：('xpath', '//iframe[@name="iframeApp_viewDetail10458406"]') (basics.py:107)
[2022-08-03 15:45:43] [    INFO] 【SRM】项目【test】环境- UI自动化开始执行 (conftest.py:17)
[2022-08-03 15:45:43] [    INFO] 前置条件：传音统一登录开始 (conftest.py:24)
[2022-08-03 15:52:43] [    INFO] 【SRM】项目【test】环境- UI自动化开始执行 (conftest.py:17)
[2022-08-03 15:52:43] [    INFO] 前置条件：传音统一登录开始 (conftest.py:24)
[2022-08-03 15:52:44] [    INFO] 打开网页：http://sitsrm.transsion.com/ELSServer_CY/login/login.html (basics.py:64)
[2022-08-03 15:52:45] [    INFO] 查找元素：('xpath', '//input[@id="elsSubAccount"]') (basics.py:107)
[2022-08-03 15:52:45] [    INFO] 输入文本：1001 (basics.py:138)
[2022-08-03 15:52:45] [    INFO] 查找元素：('xpath', '//input[@id="elsAccount"]') (basics.py:107)
[2022-08-03 15:52:45] [    INFO] 输入文本：860000 (basics.py:138)
[2022-08-03 15:52:46] [    INFO] 查找元素：('xpath', '//input[@type="password"]') (basics.py:107)
[2022-08-03 15:52:46] [    INFO] 输入文本：1qaz@WSX (basics.py:138)
[2022-08-03 15:52:46] [    INFO] 查找元素：('xpath', '//input[@id="identifyCode"]') (basics.py:107)
[2022-08-03 15:52:46] [    INFO] 点击元素：('xpath', '//input[@id="identifyCode"]') (basics.py:191)
[2022-08-03 15:52:48] [    INFO] 查找元素：('xpath', '//img[@id="code"]') (basics.py:107)
[2022-08-03 15:52:49] [    INFO] 查找元素：('xpath', '//input[@id="identifyCode"]') (basics.py:107)
[2022-08-03 15:52:49] [    INFO] 输入文本：062 (basics.py:138)
[2022-08-03 15:52:49] [    INFO] 查找元素：('xpath', '//button[@id="submit_btn"]') (basics.py:107)
[2022-08-03 15:52:49] [    INFO] 点击元素：('xpath', '//button[@id="submit_btn"]') (basics.py:191)
[2022-08-03 15:52:50] [ WARNING] 断言失败：URL为预期不一致 | URL: http://sitsrm.transsion.com/ELSServer_CY/login/login.html (assert_ui.py:189)
[2022-08-03 15:52:50] [   ERROR] None
assert 'http://sitsrm.transsion.com/ELSServer_CY/default.jsp?account=860000_1001' in 'http://sitsrm.transsion.com/ELSServer_CY/login/login.html' (assert_ui.py:192)
[2022-08-03 15:53:02] [    INFO] 【SRM】项目【test】环境- UI自动化开始执行 (conftest.py:17)
[2022-08-03 15:53:02] [    INFO] 前置条件：传音统一登录开始 (conftest.py:24)
[2022-08-03 15:53:03] [    INFO] 打开网页：http://sitsrm.transsion.com/ELSServer_CY/login/login.html (basics.py:64)
[2022-08-03 15:53:04] [    INFO] 查找元素：('xpath', '//input[@id="elsSubAccount"]') (basics.py:107)
[2022-08-03 15:53:04] [    INFO] 输入文本：1001 (basics.py:138)
[2022-08-03 15:53:04] [    INFO] 查找元素：('xpath', '//input[@id="elsAccount"]') (basics.py:107)
[2022-08-03 15:53:04] [    INFO] 输入文本：860000 (basics.py:138)
[2022-08-03 15:53:05] [    INFO] 查找元素：('xpath', '//input[@type="password"]') (basics.py:107)
[2022-08-03 15:53:05] [    INFO] 输入文本：1qaz@WSX (basics.py:138)
[2022-08-03 15:53:05] [    INFO] 查找元素：('xpath', '//input[@id="identifyCode"]') (basics.py:107)
[2022-08-03 15:53:05] [    INFO] 点击元素：('xpath', '//input[@id="identifyCode"]') (basics.py:191)
[2022-08-03 15:53:06] [    INFO] 查找元素：('xpath', '//img[@id="code"]') (basics.py:107)
[2022-08-03 15:53:07] [    INFO] 查找元素：('xpath', '//input[@id="identifyCode"]') (basics.py:107)
[2022-08-03 15:53:07] [    INFO] 输入文本：6224 (basics.py:138)
[2022-08-03 15:53:07] [    INFO] 查找元素：('xpath', '//button[@id="submit_btn"]') (basics.py:107)
[2022-08-03 15:53:07] [    INFO] 点击元素：('xpath', '//button[@id="submit_btn"]') (basics.py:191)
[2022-08-03 15:53:08] [    INFO] 断言成功：URL为预期一致 | URL: http://sitsrm.transsion.com/ELSServer_CY/default.jsp?account=860000_1001 (assert_ui.py:190)
[2022-08-03 15:53:09] [    INFO] 查找元素：('xpath', '//input[@id="elsAccount"]') (basics.py:107)
[2022-08-03 15:53:09] [    INFO] 输入文本：860000 (basics.py:138)
[2022-08-03 15:53:09] [    INFO] 查找元素：('xpath', '//input[@id="elsSubAccount"]') (basics.py:107)
[2022-08-03 15:53:10] [    INFO] 输入文本：1001 (basics.py:138)
[2022-08-03 15:53:10] [    INFO] 查找元素：('xpath', '//input[@type="password"]') (basics.py:107)
[2022-08-03 15:53:10] [    INFO] 输入文本：1qaz@WSX (basics.py:138)
[2022-08-03 15:53:10] [    INFO] 查找元素：('xpath', '//input[@id="identifyCode"]') (basics.py:107)
[2022-08-03 15:53:10] [    INFO] 点击元素：('xpath', '//input[@id="identifyCode"]') (basics.py:191)
[2022-08-03 15:53:12] [    INFO] 查找元素：('xpath', '//img[@id="code"]') (basics.py:107)
[2022-08-03 15:53:12] [    INFO] 查找元素：('xpath', '//input[@id="identifyCode"]') (basics.py:107)
[2022-08-03 15:53:13] [    INFO] 输入文本：0287 (basics.py:138)
[2022-08-03 15:53:13] [    INFO] 查找元素：('xpath', '//button[@id="submit_btn"]') (basics.py:107)
[2022-08-03 15:53:13] [    INFO] 点击元素：('xpath', '//button[@id="submit_btn"]') (basics.py:191)
[2022-08-03 15:53:13] [    INFO] 查找元素：('xpath', '//span[@title="审批列表"]') (basics.py:107)
[2022-08-03 15:53:13] [    INFO] 点击元素：('xpath', '//span[@title="审批列表"]') (basics.py:191)
[2022-08-03 15:53:16] [    INFO] 查找元素：('xpath', '//iframe[@name="iframeApp_auditList"]') (basics.py:107)
[2022-08-03 15:53:16] [    INFO] 查找元素：('xpath', '//input[@name="taskName"]') (basics.py:107)
[2022-08-03 15:53:16] [    INFO] 点击元素：('xpath', '//input[@name="taskName"]') (basics.py:191)
[2022-08-03 15:53:17] [    INFO] 查找元素：('xpath', '//input[@name="taskName"]') (basics.py:107)
[2022-08-03 15:53:17] [    INFO] 输入文本：周本林 (basics.py:138)
[2022-08-03 15:53:17] [    INFO] 查找元素：('xpath', '//button[text()=" 查询"]') (basics.py:107)
[2022-08-03 15:53:17] [    INFO] 点击元素：('xpath', '//button[text()=" 查询"]') (basics.py:191)
[2022-08-03 15:53:18] [    INFO] 查找元素：('xpath', '//div[@id="pq-body-cell-u0-0-2-right"]/span') (basics.py:107)
[2022-08-03 15:53:18] [    INFO] 点击元素：('xpath', '//div[@id="pq-body-cell-u0-0-2-right"]/span') (basics.py:191)
[2022-08-03 15:53:19] [    INFO] 查找元素：('xpath', '//iframe[@name="iframeApp_viewDetail10458406"]') (basics.py:107)
[2022-08-03 15:58:03] [    INFO] 【SRM】项目【test】环境- UI自动化开始执行 (conftest.py:17)
[2022-08-03 15:58:03] [    INFO] 前置条件：传音统一登录开始 (conftest.py:24)
[2022-08-03 15:58:03] [    INFO] 打开网页：http://sitsrm.transsion.com/ELSServer_CY/login/login.html (basics.py:64)
[2022-08-03 15:58:04] [    INFO] 查找元素：('xpath', '//input[@id="elsSubAccount"]') (basics.py:107)
[2022-08-03 15:58:04] [    INFO] 输入文本：1001 (basics.py:138)
[2022-08-03 15:58:05] [    INFO] 查找元素：('xpath', '//input[@id="elsAccount"]') (basics.py:107)
[2022-08-03 15:58:05] [    INFO] 输入文本：860000 (basics.py:138)
[2022-08-03 15:58:05] [    INFO] 查找元素：('xpath', '//input[@type="password"]') (basics.py:107)
[2022-08-03 15:58:05] [    INFO] 输入文本：1qaz@WSX (basics.py:138)
[2022-08-03 15:58:05] [    INFO] 查找元素：('xpath', '//input[@id="identifyCode"]') (basics.py:107)
[2022-08-03 15:58:05] [    INFO] 点击元素：('xpath', '//input[@id="identifyCode"]') (basics.py:191)
[2022-08-03 15:58:07] [    INFO] 查找元素：('xpath', '//img[@id="code"]') (basics.py:107)
[2022-08-03 15:58:08] [    INFO] 查找元素：('xpath', '//input[@id="identifyCode"]') (basics.py:107)
[2022-08-03 15:58:08] [    INFO] 输入文本：7820 (basics.py:138)
[2022-08-03 15:58:08] [    INFO] 查找元素：('xpath', '//button[@id="submit_btn"]') (basics.py:107)
[2022-08-03 15:58:08] [    INFO] 点击元素：('xpath', '//button[@id="submit_btn"]') (basics.py:191)
[2022-08-03 15:58:09] [    INFO] 断言成功：URL为预期一致 | URL: http://sitsrm.transsion.com/ELSServer_CY/default.jsp?account=860000_1001 (assert_ui.py:190)
[2022-08-03 15:58:10] [    INFO] 查找元素：('xpath', '//input[@id="elsAccount"]') (basics.py:107)
[2022-08-03 15:58:10] [    INFO] 输入文本：860000 (basics.py:138)
[2022-08-03 15:58:10] [    INFO] 查找元素：('xpath', '//input[@id="elsSubAccount"]') (basics.py:107)
[2022-08-03 15:58:10] [    INFO] 输入文本：1001 (basics.py:138)
[2022-08-03 15:58:11] [    INFO] 查找元素：('xpath', '//input[@type="password"]') (basics.py:107)
[2022-08-03 15:58:11] [    INFO] 输入文本：1qaz@WSX (basics.py:138)
[2022-08-03 15:58:11] [    INFO] 查找元素：('xpath', '//input[@id="identifyCode"]') (basics.py:107)
[2022-08-03 15:58:11] [    INFO] 点击元素：('xpath', '//input[@id="identifyCode"]') (basics.py:191)
[2022-08-03 15:58:12] [    INFO] 查找元素：('xpath', '//img[@id="code"]') (basics.py:107)
[2022-08-03 15:58:13] [    INFO] 查找元素：('xpath', '//input[@id="identifyCode"]') (basics.py:107)
[2022-08-03 15:58:13] [    INFO] 输入文本：3675 (basics.py:138)
[2022-08-03 15:58:13] [    INFO] 查找元素：('xpath', '//button[@id="submit_btn"]') (basics.py:107)
[2022-08-03 15:58:13] [    INFO] 点击元素：('xpath', '//button[@id="submit_btn"]') (basics.py:191)
[2022-08-03 15:58:14] [    INFO] 查找元素：('xpath', '//span[@title="审批列表"]') (basics.py:107)
[2022-08-03 15:58:14] [    INFO] 点击元素：('xpath', '//span[@title="审批列表"]') (basics.py:191)
[2022-08-03 15:58:17] [    INFO] 查找元素：('xpath', '//iframe[@name="iframeApp_auditList"]') (basics.py:107)
[2022-08-03 15:58:17] [    INFO] 查找元素：('xpath', '//input[@name="taskName"]') (basics.py:107)
[2022-08-03 15:58:17] [    INFO] 点击元素：('xpath', '//input[@name="taskName"]') (basics.py:191)
[2022-08-03 15:58:18] [    INFO] 查找元素：('xpath', '//input[@name="taskName"]') (basics.py:107)
[2022-08-03 15:58:18] [    INFO] 输入文本：周本林 (basics.py:138)
[2022-08-03 15:58:18] [    INFO] 查找元素：('xpath', '//button[text()=" 查询"]') (basics.py:107)
[2022-08-03 15:58:18] [    INFO] 点击元素：('xpath', '//button[text()=" 查询"]') (basics.py:191)
[2022-08-03 15:58:19] [    INFO] 查找元素：('xpath', '//div[@id="pq-body-cell-u0-0-2-right"]/span') (basics.py:107)
[2022-08-03 15:58:19] [    INFO] 点击元素：('xpath', '//div[@id="pq-body-cell-u0-0-2-right"]/span') (basics.py:191)
[2022-08-03 15:58:19] [    INFO] 查找元素：('xpath', '//iframe[@name="iframeApp_viewDetail10458406"]') (basics.py:107)
[2022-08-03 15:58:49] [    INFO] 【SRM】项目【test】环境- UI自动化开始执行 (conftest.py:17)
[2022-08-03 15:58:49] [    INFO] 前置条件：传音统一登录开始 (conftest.py:24)
[2022-08-03 15:58:50] [    INFO] 打开网页：http://sitsrm.transsion.com/ELSServer_CY/login/login.html (basics.py:64)
[2022-08-03 15:58:51] [    INFO] 查找元素：('xpath', '//input[@id="elsSubAccount"]') (basics.py:107)
[2022-08-03 15:58:51] [    INFO] 输入文本：1001 (basics.py:138)
[2022-08-03 15:58:51] [    INFO] 查找元素：('xpath', '//input[@id="elsAccount"]') (basics.py:107)
[2022-08-03 15:58:52] [    INFO] 输入文本：860000 (basics.py:138)
[2022-08-03 15:58:52] [    INFO] 查找元素：('xpath', '//input[@type="password"]') (basics.py:107)
[2022-08-03 15:58:52] [    INFO] 输入文本：1qaz@WSX (basics.py:138)
[2022-08-03 15:58:52] [    INFO] 查找元素：('xpath', '//input[@id="identifyCode"]') (basics.py:107)
[2022-08-03 15:58:52] [    INFO] 点击元素：('xpath', '//input[@id="identifyCode"]') (basics.py:191)
[2022-08-03 15:58:54] [    INFO] 查找元素：('xpath', '//img[@id="code"]') (basics.py:107)
[2022-08-03 15:58:54] [    INFO] 查找元素：('xpath', '//input[@id="identifyCode"]') (basics.py:107)
[2022-08-03 15:58:54] [    INFO] 输入文本：5084 (basics.py:138)
[2022-08-03 15:58:54] [    INFO] 查找元素：('xpath', '//button[@id="submit_btn"]') (basics.py:107)
[2022-08-03 15:58:55] [    INFO] 点击元素：('xpath', '//button[@id="submit_btn"]') (basics.py:191)
[2022-08-03 15:58:56] [    INFO] 断言成功：URL为预期一致 | URL: http://sitsrm.transsion.com/ELSServer_CY/default.jsp?account=860000_1001 (assert_ui.py:190)
[2022-08-03 15:58:56] [    INFO] 查找元素：('xpath', '//input[@id="elsAccount"]') (basics.py:107)
[2022-08-03 15:58:56] [    INFO] 输入文本：860000 (basics.py:138)
[2022-08-03 15:58:57] [    INFO] 查找元素：('xpath', '//input[@id="elsSubAccount"]') (basics.py:107)
[2022-08-03 15:58:57] [    INFO] 输入文本：1001 (basics.py:138)
[2022-08-03 15:58:57] [    INFO] 查找元素：('xpath', '//input[@type="password"]') (basics.py:107)
[2022-08-03 15:58:58] [    INFO] 输入文本：1qaz@WSX (basics.py:138)
[2022-08-03 15:58:58] [    INFO] 查找元素：('xpath', '//input[@id="identifyCode"]') (basics.py:107)
[2022-08-03 15:58:58] [    INFO] 点击元素：('xpath', '//input[@id="identifyCode"]') (basics.py:191)
[2022-08-03 15:58:59] [    INFO] 查找元素：('xpath', '//img[@id="code"]') (basics.py:107)
[2022-08-03 15:59:00] [    INFO] 查找元素：('xpath', '//input[@id="identifyCode"]') (basics.py:107)
[2022-08-03 15:59:00] [    INFO] 输入文本：5386 (basics.py:138)
[2022-08-03 15:59:00] [    INFO] 查找元素：('xpath', '//button[@id="submit_btn"]') (basics.py:107)
[2022-08-03 15:59:00] [    INFO] 点击元素：('xpath', '//button[@id="submit_btn"]') (basics.py:191)
[2022-08-03 15:59:01] [    INFO] 查找元素：('xpath', '//span[@title="审批列表"]') (basics.py:107)
[2022-08-03 15:59:01] [    INFO] 点击元素：('xpath', '//span[@title="审批列表"]') (basics.py:191)
[2022-08-03 15:59:04] [    INFO] 查找元素：('xpath', '//iframe[@name="iframeApp_auditList"]') (basics.py:107)
[2022-08-03 15:59:04] [    INFO] 查找元素：('xpath', '//input[@name="taskName"]') (basics.py:107)
[2022-08-03 15:59:04] [    INFO] 点击元素：('xpath', '//input[@name="taskName"]') (basics.py:191)
[2022-08-03 15:59:05] [    INFO] 查找元素：('xpath', '//input[@name="taskName"]') (basics.py:107)
[2022-08-03 15:59:05] [    INFO] 输入文本：周本林 (basics.py:138)
[2022-08-03 15:59:05] [    INFO] 查找元素：('xpath', '//button[text()=" 查询"]') (basics.py:107)
[2022-08-03 15:59:05] [    INFO] 点击元素：('xpath', '//button[text()=" 查询"]') (basics.py:191)
[2022-08-03 15:59:05] [    INFO] 查找元素：('xpath', '//div[@id="pq-body-cell-u0-0-2-right"]/span') (basics.py:107)
[2022-08-03 15:59:06] [    INFO] 点击元素：('xpath', '//div[@id="pq-body-cell-u0-0-2-right"]/span') (basics.py:191)
[2022-08-03 15:59:06] [    INFO] 查找元素：('xpath', '//iframe[@name="iframeApp_viewDetail10458406"]') (basics.py:107)
