[2022-09-05 15:16:16] [    INFO] 【PDC】项目【test】环境- UI自动化开始执行 (conftest.py:14)
[2022-09-05 15:16:16] [    INFO] 前置条件：传音统一登录开始 (conftest.py:18)
[2022-09-05 15:16:24] [    INFO] 打开网页：http://bom-sit.transsion.com:10000/ (basics.py:63)
[2022-09-05 15:16:24] [    INFO] 查找元素：('xpath', "//div[@role='button']") (basics.py:106)
[2022-09-05 15:16:24] [    INFO] 点击元素：('xpath', "//div[@role='button']") (basics.py:206)
[2022-09-05 15:16:28] [    INFO] 查找元素：['xpath', "//*[contains(@id,'dropdown-menu-')]//li[1]"] (basics.py:106)
[2022-09-05 15:16:29] [    INFO] 查找元素：('xpath', "//div[@role='button']") (basics.py:106)
[2022-09-05 15:16:29] [    INFO] 点击元素：('xpath', "//div[@role='button']") (basics.py:206)
[2022-09-05 15:16:30] [    INFO] 查找元素：('id', 'tab-account') (basics.py:106)
[2022-09-05 15:16:30] [    INFO] 点击元素：('id', 'tab-account') (basics.py:206)
[2022-09-05 15:16:31] [    INFO] 查找元素：('xpath', "//*[@id='pane-account']/form/div[1]/div/div[1]/input") (basics.py:106)
[2022-09-05 15:16:31] [    INFO] 输入文本：18649277 (basics.py:137)
[2022-09-05 15:16:33] [    INFO] 查找元素：('xpath', "//*[@id='pane-account']/form/div[2]/div/div[1]/input") (basics.py:106)
[2022-09-05 15:16:33] [    INFO] 输入文本：xLily6x (basics.py:137)
[2022-09-05 15:16:34] [    INFO] 查找元素：('xpath', "//span[text()='我已阅读并接受']/../label/span/span") (basics.py:106)
[2022-09-05 15:16:34] [    INFO] 获取状态：False (basics.py:330)
[2022-09-05 15:16:34] [    INFO] 查找元素：('xpath', "//span[text()='我已阅读并接受']/../label/span/span") (basics.py:106)
[2022-09-05 15:16:34] [    INFO] 点击元素：('xpath', "//span[text()='我已阅读并接受']/../label/span/span") (basics.py:206)
[2022-09-05 15:16:34] [    INFO] 查找元素：('xpath', "//*[@id='pane-account']/form/button") (basics.py:106)
[2022-09-05 15:16:35] [    INFO] 点击元素：('xpath', "//*[@id='pane-account']/form/button") (basics.py:206)
[2022-09-05 15:16:41] [    INFO] 前置条件：传音统一登录成功 (conftest.py:25)
[2022-09-05 15:16:43] [    INFO] 查找元素：['xpath', "//li//span[text()='产品任命']"] (basics.py:106)
[2022-09-05 15:16:43] [    INFO] 选择点击：['xpath', "//li//span[text()='产品任命']"] (basics.py:203)
[2022-09-05 15:16:43] [    INFO] 点击产品任命：产品任命 (test2.py:31)
[2022-09-05 15:16:45] [    INFO] 查找元素：['xpath', "//li//span[normalize-space(text())='区域产品概述']"] (basics.py:106)
[2022-09-05 15:16:45] [    INFO] 选择点击：['xpath', "//li//span[normalize-space(text())='区域产品概述']"] (basics.py:203)
[2022-09-05 15:16:45] [    INFO] 点击区域产品概述：区域产品概述 (test2.py:33)
[2022-09-05 15:16:47] [    INFO] 刷新页面 (basics.py:337)
[2022-09-05 15:16:47] [    INFO] 查找元素：('xpath', '/html/body/div[1]/div/div[2]/section/div/section/div[1]/div/div/div[4]/div[1]/div[5]/div[2]/table/tbody/tr[3]/td[12]/div/button[2]/span') (basics.py:106)
[2022-09-05 15:16:48] [    INFO] 点击元素：('xpath', '/html/body/div[1]/div/div[2]/section/div/section/div[1]/div/div/div[4]/div[1]/div[5]/div[2]/table/tbody/tr[3]/td[12]/div/button[2]/span') (basics.py:206)
[2022-09-05 15:16:49] [    INFO] 刷新页面 (basics.py:337)
[2022-09-05 15:16:50] [    INFO] 查找元素：('xpath', "//button//span[text()=' +新增 ']") (basics.py:106)
[2022-09-05 15:16:50] [    INFO] 点击元素：('xpath', "//button//span[text()=' +新增 ']") (basics.py:206)
[2022-09-05 15:16:52] [    INFO] 查找元素：('xpath', "//label[contains(text(),'分发角色')]/..//input") (basics.py:106)
[2022-09-05 15:16:52] [    INFO] 点击元素：('xpath', "//label[contains(text(),'分发角色')]/..//input") (basics.py:206)
[2022-09-05 15:16:54] [    INFO] 查找元素：['xpath', "//div[text()=' 测试角色 ']"] (basics.py:106)
[2022-09-05 15:16:54] [    INFO] 选择点击：['xpath', "//div[text()=' 测试角色 ']"] (basics.py:203)
[2022-09-05 15:16:55] [    INFO] 查找元素：('xpath', "//label[contains(text(),'分发人员')]/..//input") (basics.py:106)
[2022-09-05 15:16:56] [    INFO] 点击元素：('xpath', "//label[contains(text(),'分发人员')]/..//input") (basics.py:206)
[2022-09-05 15:16:58] [    INFO] 查找元素：['xpath', "//li//span[contains(text(),'李静苹')]"] (basics.py:106)
[2022-09-05 15:16:58] [    INFO] 选择点击：['xpath', "//li//span[contains(text(),'李静苹')]"] (basics.py:203)
[2022-09-05 15:16:59] [    INFO] 查找元素：('xpath', "//button[@class='el-button el-button--primary el-button--mini']//span[normalize-space(text())='确定']") (basics.py:106)
[2022-09-05 15:16:59] [    INFO] 点击元素：('xpath', "//button[@class='el-button el-button--primary el-button--mini']//span[normalize-space(text())='确定']") (basics.py:206)
[2022-09-05 15:17:01] [    INFO] 查找元素：('xpath', "//button//span[normalize-space(text())='提交分发']") (basics.py:106)
[2022-09-05 15:17:01] [    INFO] 点击元素：('xpath', "//button//span[normalize-space(text())='提交分发']") (basics.py:206)
[2022-09-05 15:17:02] [    INFO] 查找元素：('xpath', "//div[@class='dialog-footer']//button//span[normalize-space(text())='确 定']") (basics.py:106)
[2022-09-05 15:17:02] [    INFO] 点击元素：('xpath', "//div[@class='dialog-footer']//button//span[normalize-space(text())='确 定']") (basics.py:206)
[2022-09-05 15:17:04] [    INFO] 查找元素：('xpath', "//span//button//span[normalize-space(text())='确 定']") (basics.py:106)
[2022-09-05 15:19:23] [    INFO] 【PDC】项目【test】环境- UI自动化开始执行 (conftest.py:14)
[2022-09-05 15:19:23] [    INFO] 前置条件：传音统一登录开始 (conftest.py:18)
[2022-09-05 15:19:30] [    INFO] 打开网页：http://bom-sit.transsion.com:10000/ (basics.py:63)
[2022-09-05 15:19:30] [    INFO] 查找元素：('xpath', "//div[@role='button']") (basics.py:106)
[2022-09-05 15:19:30] [    INFO] 点击元素：('xpath', "//div[@role='button']") (basics.py:206)
[2022-09-05 15:19:34] [    INFO] 查找元素：['xpath', "//*[contains(@id,'dropdown-menu-')]//li[1]"] (basics.py:106)
[2022-09-05 15:19:36] [    INFO] 查找元素：('xpath', "//div[@role='button']") (basics.py:106)
[2022-09-05 15:19:36] [    INFO] 点击元素：('xpath', "//div[@role='button']") (basics.py:206)
[2022-09-05 15:19:36] [    INFO] 查找元素：('id', 'tab-account') (basics.py:106)
[2022-09-05 15:19:36] [    INFO] 点击元素：('id', 'tab-account') (basics.py:206)
[2022-09-05 15:19:37] [    INFO] 查找元素：('xpath', "//*[@id='pane-account']/form/div[1]/div/div[1]/input") (basics.py:106)
[2022-09-05 15:19:37] [    INFO] 输入文本：18649277 (basics.py:137)
[2022-09-05 15:19:39] [    INFO] 查找元素：('xpath', "//*[@id='pane-account']/form/div[2]/div/div[1]/input") (basics.py:106)
[2022-09-05 15:19:39] [    INFO] 输入文本：xLily6x (basics.py:137)
[2022-09-05 15:19:40] [    INFO] 查找元素：('xpath', "//span[text()='我已阅读并接受']/../label/span/span") (basics.py:106)
[2022-09-05 15:19:40] [    INFO] 获取状态：False (basics.py:330)
[2022-09-05 15:19:40] [    INFO] 查找元素：('xpath', "//span[text()='我已阅读并接受']/../label/span/span") (basics.py:106)
[2022-09-05 15:19:40] [    INFO] 点击元素：('xpath', "//span[text()='我已阅读并接受']/../label/span/span") (basics.py:206)
[2022-09-05 15:19:41] [    INFO] 查找元素：('xpath', "//*[@id='pane-account']/form/button") (basics.py:106)
[2022-09-05 15:19:41] [    INFO] 点击元素：('xpath', "//*[@id='pane-account']/form/button") (basics.py:206)
[2022-09-05 15:19:47] [    INFO] 前置条件：传音统一登录成功 (conftest.py:25)
[2022-09-05 15:19:49] [    INFO] 查找元素：['xpath', "//li//span[text()='产品任命']"] (basics.py:106)
[2022-09-05 15:19:49] [    INFO] 选择点击：['xpath', "//li//span[text()='产品任命']"] (basics.py:203)
[2022-09-05 15:19:49] [    INFO] 点击产品任命：产品任命 (test2.py:31)
[2022-09-05 15:19:51] [    INFO] 查找元素：['xpath', "//li//span[normalize-space(text())='区域产品概述']"] (basics.py:106)
[2022-09-05 15:19:51] [    INFO] 选择点击：['xpath', "//li//span[normalize-space(text())='区域产品概述']"] (basics.py:203)
[2022-09-05 15:19:51] [    INFO] 点击区域产品概述：区域产品概述 (test2.py:33)
[2022-09-05 15:19:53] [    INFO] 刷新页面 (basics.py:337)
[2022-09-05 15:19:53] [    INFO] 查找元素：('xpath', '/html/body/div[1]/div/div[2]/section/div/section/div[1]/div/div/div[4]/div[1]/div[5]/div[2]/table/tbody/tr[3]/td[12]/div/button[2]/span') (basics.py:106)
[2022-09-05 15:19:54] [    INFO] 点击元素：('xpath', '/html/body/div[1]/div/div[2]/section/div/section/div[1]/div/div/div[4]/div[1]/div[5]/div[2]/table/tbody/tr[3]/td[12]/div/button[2]/span') (basics.py:206)
[2022-09-05 15:19:55] [    INFO] 刷新页面 (basics.py:337)
[2022-09-05 15:19:56] [    INFO] 查找元素：('xpath', "//button//span[text()=' +新增 ']") (basics.py:106)
[2022-09-05 15:19:56] [    INFO] 点击元素：('xpath', "//button//span[text()=' +新增 ']") (basics.py:206)
[2022-09-05 15:19:58] [    INFO] 查找元素：('xpath', "//label[contains(text(),'分发角色')]/..//input") (basics.py:106)
[2022-09-05 15:19:58] [    INFO] 点击元素：('xpath', "//label[contains(text(),'分发角色')]/..//input") (basics.py:206)
[2022-09-05 15:20:00] [    INFO] 查找元素：['xpath', "//div[text()=' 测试角色 ']"] (basics.py:106)
[2022-09-05 15:20:00] [    INFO] 选择点击：['xpath', "//div[text()=' 测试角色 ']"] (basics.py:203)
[2022-09-05 15:20:01] [    INFO] 查找元素：('xpath', "//label[contains(text(),'分发人员')]/..//input") (basics.py:106)
[2022-09-05 15:20:02] [    INFO] 点击元素：('xpath', "//label[contains(text(),'分发人员')]/..//input") (basics.py:206)
[2022-09-05 15:20:04] [    INFO] 查找元素：['xpath', "//li//span[contains(text(),'李静苹')]"] (basics.py:106)
[2022-09-05 15:20:04] [    INFO] 选择点击：['xpath', "//li//span[contains(text(),'李静苹')]"] (basics.py:203)
[2022-09-05 15:20:05] [    INFO] 查找元素：('xpath', "//button[@class='el-button el-button--primary el-button--mini']//span[normalize-space(text())='确定']") (basics.py:106)
[2022-09-05 15:20:05] [    INFO] 点击元素：('xpath', "//button[@class='el-button el-button--primary el-button--mini']//span[normalize-space(text())='确定']") (basics.py:206)
[2022-09-05 15:20:07] [    INFO] 查找元素：('xpath', "//button//span[normalize-space(text())='提交分发']") (basics.py:106)
[2022-09-05 15:20:07] [    INFO] 点击元素：('xpath', "//button//span[normalize-space(text())='提交分发']") (basics.py:206)
[2022-09-05 15:20:08] [    INFO] 查找元素：('xpath', "//div[@class='dialog-footer']//button//span[normalize-space(text())='确 定']") (basics.py:106)
[2022-09-05 15:20:08] [    INFO] 点击元素：('xpath', "//div[@class='dialog-footer']//button//span[normalize-space(text())='确 定']") (basics.py:206)
[2022-09-05 15:20:10] [    INFO] 查找元素：('xpath', "//span//button//span[normalize-space(text())='确 定']") (basics.py:106)
[2022-09-05 15:49:00] [    INFO] 【PDC】项目【test】环境- UI自动化开始执行 (conftest.py:14)
[2022-09-05 15:49:00] [    INFO] 前置条件：传音统一登录开始 (conftest.py:18)
[2022-09-05 15:49:04] [    INFO] 打开网页：http://bom-sit.transsion.com:10000/ (basics.py:63)
[2022-09-05 15:49:04] [    INFO] 查找元素：('xpath', "//div[@role='button']") (basics.py:106)
[2022-09-05 15:49:04] [    INFO] 点击元素：('xpath', "//div[@role='button']") (basics.py:206)
[2022-09-05 15:49:09] [    INFO] 查找元素：['xpath', "//*[contains(@id,'dropdown-menu-')]//li[1]"] (basics.py:106)
[2022-09-05 15:49:10] [    INFO] 查找元素：('xpath', "//div[@role='button']") (basics.py:106)
[2022-09-05 15:49:10] [    INFO] 点击元素：('xpath', "//div[@role='button']") (basics.py:206)
[2022-09-05 15:49:11] [    INFO] 查找元素：('id', 'tab-account') (basics.py:106)
[2022-09-05 15:49:11] [    INFO] 点击元素：('id', 'tab-account') (basics.py:206)
[2022-09-05 15:49:12] [    INFO] 查找元素：('xpath', "//*[@id='pane-account']/form/div[1]/div/div[1]/input") (basics.py:106)
[2022-09-05 15:49:12] [    INFO] 输入文本：18649277 (basics.py:137)
[2022-09-05 15:49:13] [    INFO] 查找元素：('xpath', "//*[@id='pane-account']/form/div[2]/div/div[1]/input") (basics.py:106)
[2022-09-05 15:49:13] [    INFO] 输入文本：xLily6x (basics.py:137)
[2022-09-05 15:49:14] [    INFO] 查找元素：('xpath', "//span[text()='我已阅读并接受']/../label/span/span") (basics.py:106)
[2022-09-05 15:49:15] [    INFO] 获取状态：False (basics.py:330)
[2022-09-05 15:49:15] [    INFO] 查找元素：('xpath', "//span[text()='我已阅读并接受']/../label/span/span") (basics.py:106)
[2022-09-05 15:49:15] [    INFO] 点击元素：('xpath', "//span[text()='我已阅读并接受']/../label/span/span") (basics.py:206)
[2022-09-05 15:49:15] [    INFO] 查找元素：('xpath', "//*[@id='pane-account']/form/button") (basics.py:106)
[2022-09-05 15:49:15] [    INFO] 点击元素：('xpath', "//*[@id='pane-account']/form/button") (basics.py:206)
[2022-09-05 15:49:22] [    INFO] 前置条件：传音统一登录成功 (conftest.py:25)
[2022-09-05 15:49:22] [    INFO] 查找元素：['xpath', "//li//span[text()='产品任命']"] (basics.py:102)
[2022-09-05 15:49:22] [    INFO] 点击元素：('xpath', "//li//span[text()='产品任命']")产品任命 (basics.py:565)
[2022-09-05 15:49:22] [    INFO] 点击产品任命：产品任命 (ProductAppointment_RegionalProductOverview.py:31)
[2022-09-05 15:49:22] [    INFO] 查找元素：['xpath', "//li//span[normalize-space(text())='区域产品概述']"] (basics.py:102)
[2022-09-05 15:49:23] [    INFO] 点击元素：('xpath', "//li//span[normalize-space(text())='区域产品概述']")区域产品概述 (basics.py:565)
[2022-09-05 15:49:23] [    INFO] 点击区域产品概述：区域产品概述 (ProductAppointment_RegionalProductOverview.py:33)
[2022-09-05 15:49:25] [    INFO] 刷新页面 (basics.py:337)
[2022-09-05 15:49:25] [    INFO] 查找元素：('xpath', '/html/body/div[1]/div/div[2]/section/div/section/div[1]/div/div/div[4]/div[1]/div[5]/div[2]/table/tbody/tr[3]/td[12]/div/button[1]/span') (basics.py:106)
[2022-09-05 15:49:26] [    INFO] 点击元素：('xpath', '/html/body/div[1]/div/div[2]/section/div/section/div[1]/div/div/div[4]/div[1]/div[5]/div[2]/table/tbody/tr[3]/td[12]/div/button[1]/span')None (basics.py:565)
[2022-09-05 15:49:27] [    INFO] 查找元素：('xpath', "//div[contains(text(),'版本记录')]") (basics.py:106)
[2022-09-05 15:49:28] [    INFO] 点击元素：('xpath', "//div[contains(text(),'版本记录')]")None (basics.py:565)
[2022-09-05 15:49:29] [   ERROR] 正在截图... (basics.py:449)
[2022-09-05 15:49:29] [   ERROR] 日志正在附加截图... (basics.py:456)
[2022-09-05 15:49:29] [   ERROR] 日志附加截图成功 (basics.py:460)
[2022-09-05 15:50:00] [   ERROR] Message: 
Stacktrace:
Backtrace:
	Ordinal0 [0x006A78B3+2193587]
	Ordinal0 [0x00640681+1771137]
	Ordinal0 [0x005541A8+803240]
	Ordinal0 [0x005824A0+992416]
	Ordinal0 [0x0058273B+993083]
	Ordinal0 [0x005AF7C2+1177538]
	Ordinal0 [0x0059D7F4+1103860]
	Ordinal0 [0x005ADAE2+1170146]
	Ordinal0 [0x0059D5C6+1103302]
	Ordinal0 [0x005777E0+948192]
	Ordinal0 [0x005786E6+952038]
	GetHandleVerifier [0x00950CB2+2738370]
	GetHandleVerifier [0x009421B8+2678216]
	GetHandleVerifier [0x007317AA+512954]
	GetHandleVerifier [0x00730856+509030]
	Ordinal0 [0x0064743B+1799227]
	Ordinal0 [0x0064BB68+1817448]
	Ordinal0 [0x0064BC55+1817685]
	Ordinal0 [0x00655230+1856048]
	BaseThreadInitThunk [0x75A96739+25]
	RtlGetFullPathName_UEx [0x77AA90AF+1215]
	RtlGetFullPathName_UEx [0x77AA907D+1165]
 (assert_ui.py:157)
