[2022-08-01 17:34:49] [    INFO] 【SRM】项目【test】环境- UI自动化开始执行 (conftest.py:17)
[2022-08-01 17:34:49] [    INFO] 前置条件：传音统一登录开始 (conftest.py:24)
[2022-08-01 17:34:51] [    INFO] 打开网页：http://sitsrm.transsion.com/ELSServer_CY/login/login.html (basics.py:64)
[2022-08-01 17:34:52] [    INFO] 查找元素：('xpath', '//input[@id="elsSubAccount"]') (basics.py:107)
[2022-08-01 17:34:52] [    INFO] 输入文本：1001 (basics.py:138)
[2022-08-01 17:34:52] [    INFO] 查找元素：('xpath', '//input[@id="elsAccount"]') (basics.py:107)
[2022-08-01 17:34:52] [    INFO] 输入文本：860000 (basics.py:138)
[2022-08-01 17:34:53] [    INFO] 查找元素：('xpath', '//input[@type="password"]') (basics.py:107)
[2022-08-01 17:34:53] [    INFO] 输入文本：1qaz@WSX (basics.py:138)
[2022-08-01 17:34:53] [    INFO] 查找元素：('xpath', '//input[@id="identifyCode"]') (basics.py:107)
[2022-08-01 17:34:53] [    INFO] 点击元素：('xpath', '//input[@id="identifyCode"]') (basics.py:191)
[2022-08-01 17:34:57] [    INFO] 查找元素：('xpath', '//img[@id="code"]') (basics.py:107)
[2022-08-01 17:34:58] [    INFO] 查找元素：('xpath', '//input[@id="identifyCode"]') (basics.py:107)
[2022-08-01 17:34:58] [    INFO] 输入文本：7749 (basics.py:138)
[2022-08-01 17:34:58] [    INFO] 查找元素：('xpath', '//button[@id="submit_btn"]') (basics.py:107)
[2022-08-01 17:34:58] [    INFO] 点击元素：('xpath', '//button[@id="submit_btn"]') (basics.py:191)
[2022-08-01 17:35:00] [ WARNING] 断言失败：URL为预期不一致 | URL: http://sitsrm.transsion.com/ELSServer_CY/default.jsp?account=860000_1001 (assert_ui.py:189)
[2022-08-01 17:35:00] [   ERROR] None
assert 'http://sitsrm.transsion.com/ELSServer_CY/login/login.html' in 'http://sitsrm.transsion.com/ELSServer_CY/default.jsp?account=860000_1001' (assert_ui.py:192)
[2022-08-01 17:37:44] [    INFO] 【SRM】项目【test】环境- UI自动化开始执行 (conftest.py:17)
[2022-08-01 17:37:44] [    INFO] 前置条件：传音统一登录开始 (conftest.py:24)
[2022-08-01 17:37:45] [    INFO] 打开网页：http://sitsrm.transsion.com/ELSServer_CY/login/login.html (basics.py:64)
[2022-08-01 17:37:46] [    INFO] 查找元素：('xpath', '//input[@id="elsSubAccount"]') (basics.py:107)
[2022-08-01 17:37:46] [    INFO] 输入文本：1001 (basics.py:138)
[2022-08-01 17:37:46] [    INFO] 查找元素：('xpath', '//input[@id="elsAccount"]') (basics.py:107)
[2022-08-01 17:37:46] [    INFO] 输入文本：860000 (basics.py:138)
[2022-08-01 17:37:47] [    INFO] 查找元素：('xpath', '//input[@type="password"]') (basics.py:107)
[2022-08-01 17:37:47] [    INFO] 输入文本：1qaz@WSX (basics.py:138)
[2022-08-01 17:37:47] [    INFO] 查找元素：('xpath', '//input[@id="identifyCode"]') (basics.py:107)
[2022-08-01 17:37:47] [    INFO] 点击元素：('xpath', '//input[@id="identifyCode"]') (basics.py:191)
[2022-08-01 17:37:51] [    INFO] 查找元素：('xpath', '//img[@id="code"]') (basics.py:107)
[2022-08-01 17:37:52] [    INFO] 查找元素：('xpath', '//input[@id="identifyCode"]') (basics.py:107)
[2022-08-01 17:37:52] [    INFO] 输入文本：5782 (basics.py:138)
[2022-08-01 17:37:52] [    INFO] 查找元素：('xpath', '//button[@id="submit_btn"]') (basics.py:107)
[2022-08-01 17:37:53] [    INFO] 点击元素：('xpath', '//button[@id="submit_btn"]') (basics.py:191)
[2022-08-01 17:37:54] [    INFO] 断言成功：URL为预期一致 | URL: http://sitsrm.transsion.com/ELSServer_CY/default.jsp?account=860000_1001 (assert_ui.py:190)
[2022-08-01 17:37:54] [    INFO] 前置条件：传音统一登录成功 (conftest.py:33)
[2022-08-01 17:37:54] [    INFO] 查找元素：('xpath', '//span[@title="审批列表"]') (basics.py:107)
[2022-08-01 17:37:54] [    INFO] 点击元素：('xpath', '//span[@title="审批列表"]') (basics.py:191)
[2022-08-01 17:37:57] [    INFO] 查找元素：('xpath', '//iframe[@name="iframeApp_auditList"]') (basics.py:107)
[2022-08-01 17:37:57] [    INFO] 查找元素：('xpath', '//input[@name="taskName"]') (basics.py:107)
[2022-08-01 17:37:57] [    INFO] 点击元素：('xpath', '//input[@name="taskName"]') (basics.py:191)
[2022-08-01 17:37:58] [    INFO] 查找元素：('xpath', '//input[@name="taskName"]') (basics.py:107)
[2022-08-01 17:37:58] [    INFO] 输入文本：周本林 (basics.py:138)
[2022-08-01 17:37:58] [    INFO] 查找元素：('xpath', '//button[text()=" 查询"]') (basics.py:107)
[2022-08-01 17:37:58] [    INFO] 点击元素：('xpath', '//button[text()=" 查询"]') (basics.py:191)
[2022-08-01 17:39:41] [    INFO] 【SRM】项目【test】环境- UI自动化开始执行 (conftest.py:17)
[2022-08-01 17:39:41] [    INFO] 前置条件：传音统一登录开始 (conftest.py:24)
[2022-08-01 17:39:43] [    INFO] 打开网页：http://sitsrm.transsion.com/ELSServer_CY/login/login.html (basics.py:64)
[2022-08-01 17:39:43] [    INFO] 查找元素：('xpath', '//input[@id="elsSubAccount"]') (basics.py:107)
[2022-08-01 17:39:43] [    INFO] 输入文本：1001 (basics.py:138)
[2022-08-01 17:39:44] [    INFO] 查找元素：('xpath', '//input[@id="elsAccount"]') (basics.py:107)
[2022-08-01 17:39:44] [    INFO] 输入文本：860000 (basics.py:138)
[2022-08-01 17:39:44] [    INFO] 查找元素：('xpath', '//input[@type="password"]') (basics.py:107)
[2022-08-01 17:39:44] [    INFO] 输入文本：1qaz@WSX (basics.py:138)
[2022-08-01 17:39:44] [    INFO] 查找元素：('xpath', '//input[@id="identifyCode"]') (basics.py:107)
[2022-08-01 17:39:44] [    INFO] 点击元素：('xpath', '//input[@id="identifyCode"]') (basics.py:191)
[2022-08-01 17:39:46] [    INFO] 查找元素：('xpath', '//img[@id="code"]') (basics.py:107)
[2022-08-01 17:39:47] [    INFO] 查找元素：('xpath', '//input[@id="identifyCode"]') (basics.py:107)
[2022-08-01 17:39:47] [    INFO] 输入文本：7444 (basics.py:138)
[2022-08-01 17:39:47] [    INFO] 查找元素：('xpath', '//button[@id="submit_btn"]') (basics.py:107)
[2022-08-01 17:39:47] [    INFO] 点击元素：('xpath', '//button[@id="submit_btn"]') (basics.py:191)
[2022-08-01 17:39:50] [    INFO] 断言成功：URL为预期一致 | URL: http://sitsrm.transsion.com/ELSServer_CY/default.jsp?account=860000_1001 (assert_ui.py:190)
[2022-08-01 17:39:50] [    INFO] 前置条件：传音统一登录成功 (conftest.py:33)
[2022-08-01 17:39:50] [    INFO] 查找元素：('xpath', '//span[@title="审批列表"]') (basics.py:107)
[2022-08-01 17:39:50] [    INFO] 点击元素：('xpath', '//span[@title="审批列表"]') (basics.py:191)
[2022-08-01 17:39:53] [    INFO] 查找元素：('xpath', '//iframe[@name="iframeApp_auditList"]') (basics.py:107)
[2022-08-01 17:39:53] [    INFO] 查找元素：('xpath', '//input[@name="taskName"]') (basics.py:107)
[2022-08-01 17:39:53] [    INFO] 点击元素：('xpath', '//input[@name="taskName"]') (basics.py:191)
[2022-08-01 17:39:54] [    INFO] 查找元素：('xpath', '//input[@name="taskName"]') (basics.py:107)
[2022-08-01 17:39:54] [    INFO] 输入文本：周本林 (basics.py:138)
[2022-08-01 17:39:54] [    INFO] 查找元素：('xpath', '//button[text()=" 查询"]') (basics.py:107)
[2022-08-01 17:39:54] [    INFO] 点击元素：('xpath', '//button[text()=" 查询"]') (basics.py:191)
[2022-08-01 17:41:34] [    INFO] 【SRM】项目【test】环境- UI自动化开始执行 (conftest.py:17)
[2022-08-01 17:41:34] [    INFO] 前置条件：传音统一登录开始 (conftest.py:24)
[2022-08-01 17:41:36] [    INFO] 打开网页：http://sitsrm.transsion.com/ELSServer_CY/login/login.html (basics.py:64)
[2022-08-01 17:41:36] [    INFO] 查找元素：('xpath', '//input[@id="elsSubAccount"]') (basics.py:107)
[2022-08-01 17:41:36] [    INFO] 输入文本：1001 (basics.py:138)
[2022-08-01 17:41:37] [    INFO] 查找元素：('xpath', '//input[@id="elsAccount"]') (basics.py:107)
[2022-08-01 17:41:37] [    INFO] 输入文本：860000 (basics.py:138)
[2022-08-01 17:41:38] [    INFO] 查找元素：('xpath', '//input[@type="password"]') (basics.py:107)
[2022-08-01 17:41:38] [    INFO] 输入文本：1qaz@WSX (basics.py:138)
[2022-08-01 17:41:38] [    INFO] 查找元素：('xpath', '//input[@id="identifyCode"]') (basics.py:107)
[2022-08-01 17:41:38] [    INFO] 点击元素：('xpath', '//input[@id="identifyCode"]') (basics.py:191)
[2022-08-01 17:41:39] [    INFO] 查找元素：('xpath', '//img[@id="code"]') (basics.py:107)
[2022-08-01 17:41:40] [    INFO] 查找元素：('xpath', '//input[@id="identifyCode"]') (basics.py:107)
[2022-08-01 17:41:40] [    INFO] 输入文本：3057 (basics.py:138)
[2022-08-01 17:41:40] [    INFO] 查找元素：('xpath', '//button[@id="submit_btn"]') (basics.py:107)
[2022-08-01 17:41:40] [    INFO] 点击元素：('xpath', '//button[@id="submit_btn"]') (basics.py:191)
[2022-08-01 17:41:41] [    INFO] 断言成功：URL为预期一致 | URL: http://sitsrm.transsion.com/ELSServer_CY/default.jsp?account=860000_1001 (assert_ui.py:190)
[2022-08-01 17:41:41] [    INFO] 前置条件：传音统一登录成功 (conftest.py:33)
[2022-08-01 17:41:41] [    INFO] 查找元素：('xpath', '//span[@title="审批列表"]') (basics.py:107)
[2022-08-01 17:41:41] [    INFO] 点击元素：('xpath', '//span[@title="审批列表"]') (basics.py:191)
[2022-08-01 17:41:44] [    INFO] 查找元素：('xpath', '//iframe[@name="iframeApp_auditList"]') (basics.py:107)
[2022-08-01 17:41:44] [    INFO] 查找元素：('xpath', '//input[@name="taskName"]') (basics.py:107)
[2022-08-01 17:41:44] [    INFO] 点击元素：('xpath', '//input[@name="taskName"]') (basics.py:191)
[2022-08-01 17:41:45] [    INFO] 查找元素：('xpath', '//input[@name="taskName"]') (basics.py:107)
[2022-08-01 17:41:45] [    INFO] 输入文本：周本林 (basics.py:138)
[2022-08-01 17:41:45] [    INFO] 查找元素：('xpath', '//button[text()=" 查询"]') (basics.py:107)
[2022-08-01 17:41:45] [    INFO] 点击元素：('xpath', '//button[text()=" 查询"]') (basics.py:191)
[2022-08-01 17:43:32] [    INFO] 【SRM】项目【test】环境- UI自动化开始执行 (conftest.py:17)
[2022-08-01 17:43:32] [    INFO] 前置条件：传音统一登录开始 (conftest.py:24)
[2022-08-01 17:43:33] [    INFO] 打开网页：http://sitsrm.transsion.com/ELSServer_CY/login/login.html (basics.py:64)
[2022-08-01 17:43:34] [    INFO] 查找元素：('xpath', '//input[@id="elsSubAccount"]') (basics.py:107)
[2022-08-01 17:43:34] [    INFO] 输入文本：1001 (basics.py:138)
[2022-08-01 17:43:34] [    INFO] 查找元素：('xpath', '//input[@id="elsAccount"]') (basics.py:107)
[2022-08-01 17:43:34] [    INFO] 输入文本：860000 (basics.py:138)
[2022-08-01 17:43:35] [    INFO] 查找元素：('xpath', '//input[@type="password"]') (basics.py:107)
[2022-08-01 17:43:35] [    INFO] 输入文本：1qaz@WSX (basics.py:138)
[2022-08-01 17:43:35] [    INFO] 查找元素：('xpath', '//input[@id="identifyCode"]') (basics.py:107)
[2022-08-01 17:43:35] [    INFO] 点击元素：('xpath', '//input[@id="identifyCode"]') (basics.py:191)
[2022-08-01 17:43:36] [    INFO] 查找元素：('xpath', '//img[@id="code"]') (basics.py:107)
[2022-08-01 17:43:38] [    INFO] 查找元素：('xpath', '//input[@id="identifyCode"]') (basics.py:107)
[2022-08-01 17:43:38] [    INFO] 输入文本：0510 (basics.py:138)
[2022-08-01 17:43:38] [    INFO] 查找元素：('xpath', '//button[@id="submit_btn"]') (basics.py:107)
[2022-08-01 17:43:38] [    INFO] 点击元素：('xpath', '//button[@id="submit_btn"]') (basics.py:191)
[2022-08-01 17:43:39] [    INFO] 断言成功：URL为预期一致 | URL: http://sitsrm.transsion.com/ELSServer_CY/default.jsp?account=860000_1001 (assert_ui.py:190)
[2022-08-01 17:43:39] [    INFO] 前置条件：传音统一登录成功 (conftest.py:33)
[2022-08-01 17:43:40] [    INFO] 查找元素：('xpath', '//input[@id="elsAccount"]') (basics.py:107)
[2022-08-01 17:43:40] [    INFO] 输入文本：860000 (basics.py:138)
[2022-08-01 17:43:40] [    INFO] 查找元素：('xpath', '//input[@id="elsSubAccount"]') (basics.py:107)
[2022-08-01 17:43:40] [    INFO] 输入文本：1001 (basics.py:138)
[2022-08-01 17:43:41] [    INFO] 查找元素：('xpath', '//input[@type="password"]') (basics.py:107)
[2022-08-01 17:43:41] [    INFO] 输入文本：1qaz@WSX (basics.py:138)
[2022-08-01 17:43:41] [    INFO] 查找元素：('xpath', '//input[@id="identifyCode"]') (basics.py:107)
[2022-08-01 17:43:41] [    INFO] 点击元素：('xpath', '//input[@id="identifyCode"]') (basics.py:191)
[2022-08-01 17:43:43] [    INFO] 查找元素：('xpath', '//img[@id="code"]') (basics.py:107)
[2022-08-01 17:43:44] [    INFO] 查找元素：('xpath', '//input[@id="identifyCode"]') (basics.py:107)
[2022-08-01 17:43:44] [    INFO] 输入文本：7410 (basics.py:138)
[2022-08-01 17:43:44] [    INFO] 查找元素：('xpath', '//button[@id="submit_btn"]') (basics.py:107)
[2022-08-01 17:43:44] [    INFO] 点击元素：('xpath', '//button[@id="submit_btn"]') (basics.py:191)
[2022-08-01 17:43:44] [    INFO] 查找元素：('xpath', '//span[@title="审批列表"]') (basics.py:107)
[2022-08-01 17:43:45] [    INFO] 点击元素：('xpath', '//span[@title="审批列表"]') (basics.py:191)
[2022-08-01 17:43:47] [    INFO] 查找元素：('xpath', '//iframe[@name="iframeApp_auditList"]') (basics.py:107)
[2022-08-01 17:43:47] [    INFO] 查找元素：('xpath', '//input[@name="taskName"]') (basics.py:107)
[2022-08-01 17:43:47] [    INFO] 点击元素：('xpath', '//input[@name="taskName"]') (basics.py:191)
[2022-08-01 17:43:48] [    INFO] 查找元素：('xpath', '//input[@name="taskName"]') (basics.py:107)
[2022-08-01 17:43:48] [    INFO] 输入文本：周本林 (basics.py:138)
[2022-08-01 17:43:49] [    INFO] 查找元素：('xpath', '//button[text()=" 查询"]') (basics.py:107)
[2022-08-01 17:43:49] [    INFO] 点击元素：('xpath', '//button[text()=" 查询"]') (basics.py:191)
