[2022-08-09 14:01:10] [    INFO] 【SRM】项目【test】环境- UI自动化开始执行 (conftest.py:17)
[2022-08-09 14:01:10] [    INFO] 前置条件：传音统一登录开始 (conftest.py:22)
[2022-08-09 14:01:11] [    INFO] 打开网页：http://sitsrm.transsion.com/ELSServer_CY/login/login.html (basics.py:64)
[2022-08-09 14:01:11] [    INFO] 查找元素：('xpath', '//input[@id="elsAccount"]') (basics.py:107)
[2022-08-09 14:01:11] [    INFO] 输入文本：860000 (basics.py:138)
[2022-08-09 14:01:12] [    INFO] 查找元素：('xpath', '//input[@id="elsSubAccount"]') (basics.py:107)
[2022-08-09 14:01:12] [    INFO] 输入文本：1001 (basics.py:138)
[2022-08-09 14:01:12] [    INFO] 查找元素：('xpath', '//input[@type="password"]') (basics.py:107)
[2022-08-09 14:01:12] [    INFO] 输入文本：1qaz@WSX (basics.py:138)
[2022-08-09 14:01:12] [    INFO] 查找元素：('xpath', '//input[@id="identifyCode"]') (basics.py:107)
[2022-08-09 14:01:13] [    INFO] 点击元素：('xpath', '//input[@id="identifyCode"]') (basics.py:191)
[2022-08-09 14:01:14] [    INFO] 查找元素：('xpath', '//img[@id="code"]') (basics.py:107)
[2022-08-09 14:01:16] [    INFO] 查找元素：('xpath', '//input[@id="identifyCode"]') (basics.py:107)
[2022-08-09 14:01:16] [    INFO] 输入文本：1426 (basics.py:138)
[2022-08-09 14:01:16] [    INFO] 查找元素：('xpath', '//button[@id="submit_btn"]') (basics.py:107)
[2022-08-09 14:01:16] [    INFO] 点击元素：('xpath', '//button[@id="submit_btn"]') (basics.py:191)
[2022-08-09 14:01:17] [    INFO] 断言成功：URL为预期一致 | URL: http://sitsrm.transsion.com/ELSServer_CY/default.jsp?account=860000_1001 (assert_ui.py:190)
[2022-08-09 14:01:17] [    INFO] 前置条件：传音统一登录成功 (conftest.py:31)
[2022-08-09 14:01:17] [    INFO] 查找元素：('xpath', '//span[@title="审批列表"]') (basics.py:107)
[2022-08-09 14:01:17] [    INFO] 点击元素：('xpath', '//span[@title="审批列表"]') (basics.py:191)
[2022-08-09 14:01:20] [    INFO] 查找元素：('xpath', '//iframe[@name="iframeApp_auditList"]') (basics.py:107)
[2022-08-09 14:01:20] [    INFO] 查找元素：('xpath', '//input[@name="taskName"]') (basics.py:107)
[2022-08-09 14:01:20] [    INFO] 点击元素：('xpath', '//input[@name="taskName"]') (basics.py:191)
[2022-08-09 14:01:21] [    INFO] 查找元素：('xpath', '//input[@name="taskName"]') (basics.py:107)
[2022-08-09 14:01:21] [    INFO] 输入文本：周本林 (basics.py:138)
[2022-08-09 14:01:21] [    INFO] 查找元素：('xpath', '//button[text()=" 查询"]') (basics.py:107)
[2022-08-09 14:01:21] [    INFO] 点击元素：('xpath', '//button[text()=" 查询"]') (basics.py:191)
[2022-08-09 14:01:22] [    INFO] 查找元素：('xpath', '//input[@name="taskName"]') (basics.py:107)
[2022-08-09 14:01:22] [    INFO] 查找元素：('xpath', '//button[text()=" 查询"]') (basics.py:107)
[2022-08-09 14:01:22] [    INFO] 点击元素：('xpath', '//button[text()=" 查询"]') (basics.py:191)
[2022-08-09 14:01:22] [    INFO] 查找元素：('xpath', '//div[text()="周本林"][@id="pq-body-cell-u0-0-5-right"]') (basics.py:107)
[2022-08-09 14:01:22] [    INFO] 查找元素：('xpath', '//input[@name="subject"]') (basics.py:107)
[2022-08-09 14:01:22] [    INFO] 点击元素：('xpath', '//input[@name="subject"]') (basics.py:191)
[2022-08-09 14:01:23] [    INFO] 查找元素：('xpath', '//input[@name="subject"]') (basics.py:107)
[2022-08-09 14:01:23] [    INFO] 输入文本：20220628000011 (basics.py:138)
[2022-08-09 14:01:23] [    INFO] 查找元素：('xpath', '//button[text()=" 查询"]') (basics.py:107)
[2022-08-09 14:01:23] [    INFO] 点击元素：('xpath', '//button[text()=" 查询"]') (basics.py:191)
[2022-08-09 14:01:24] [    INFO] 查找元素：('xpath', '//input[@name="subject"]') (basics.py:107)
[2022-08-09 14:01:24] [    INFO] 查找元素：('xpath', '//button[text()=" 查询"]') (basics.py:107)
[2022-08-09 14:01:24] [    INFO] 点击元素：('xpath', '//button[text()=" 查询"]') (basics.py:191)
[2022-08-09 14:01:24] [    INFO] 查找元素：('xpath', '//span[text()="供应商审核报告：20220628000011"]') (basics.py:107)
[2022-08-09 14:01:24] [    INFO] 查找元素：('xpath', '//button[text()=" 更多"]') (basics.py:107)
[2022-08-09 14:01:25] [    INFO] 点击元素：('xpath', '//button[text()=" 更多"]') (basics.py:191)
[2022-08-09 14:01:25] [    INFO] 查找元素：('xpath', '//input[@name="promoterName"]') (basics.py:107)
[2022-08-09 14:01:25] [    INFO] 点击元素：('xpath', '//input[@name="promoterName"]') (basics.py:191)
[2022-08-09 14:01:26] [    INFO] 查找元素：('xpath', '//input[@name="promoterName"]') (basics.py:107)
[2022-08-09 14:01:26] [    INFO] 输入文本：管理员 (basics.py:138)
[2022-08-09 14:01:26] [    INFO] 查找元素：('xpath', '//button[text()=" 查询"]') (basics.py:107)
[2022-08-09 14:01:26] [    INFO] 点击元素：('xpath', '//button[text()=" 查询"]') (basics.py:191)
[2022-08-09 14:01:27] [    INFO] 查找元素：('xpath', '//a[text()=" 审批历史"]') (basics.py:107)
[2022-08-09 14:01:27] [    INFO] 点击元素：('xpath', '//a[text()=" 审批历史"]') (basics.py:191)
[2022-08-09 14:01:27] [    INFO] 查找元素：('xpath', '//div[@class="winTitle"]/span[text()="审批历史 "]') (basics.py:107)
[2022-08-09 14:16:14] [    INFO] 【SRM】项目【test】环境- UI自动化开始执行 (conftest.py:17)
[2022-08-09 14:16:14] [    INFO] 前置条件：传音统一登录开始 (conftest.py:22)
[2022-08-09 14:16:15] [    INFO] 打开网页：http://sitsrm.transsion.com/ELSServer_CY/login/login.html (basics.py:64)
[2022-08-09 14:16:15] [    INFO] 查找元素：('xpath', '//input[@id="elsAccount"]') (basics.py:107)
[2022-08-09 14:16:16] [    INFO] 输入文本：860000 (basics.py:138)
[2022-08-09 14:16:16] [    INFO] 查找元素：('xpath', '//input[@id="elsSubAccount"]') (basics.py:107)
[2022-08-09 14:16:16] [    INFO] 输入文本：1001 (basics.py:138)
[2022-08-09 14:16:17] [    INFO] 查找元素：('xpath', '//input[@type="password"]') (basics.py:107)
[2022-08-09 14:16:17] [    INFO] 输入文本：1qaz@WSX (basics.py:138)
[2022-08-09 14:16:17] [    INFO] 查找元素：('xpath', '//input[@id="identifyCode"]') (basics.py:107)
[2022-08-09 14:16:17] [    INFO] 点击元素：('xpath', '//input[@id="identifyCode"]') (basics.py:191)
[2022-08-09 14:16:18] [    INFO] 查找元素：('xpath', '//img[@id="code"]') (basics.py:107)
[2022-08-09 14:16:19] [    INFO] 查找元素：('xpath', '//input[@id="identifyCode"]') (basics.py:107)
[2022-08-09 14:16:19] [    INFO] 输入文本：6550 (basics.py:138)
[2022-08-09 14:16:19] [    INFO] 查找元素：('xpath', '//button[@id="submit_btn"]') (basics.py:107)
[2022-08-09 14:16:19] [    INFO] 点击元素：('xpath', '//button[@id="submit_btn"]') (basics.py:191)
[2022-08-09 14:16:20] [    INFO] 断言成功：URL为预期一致 | URL: http://sitsrm.transsion.com/ELSServer_CY/default.jsp?account=860000_1001 (assert_ui.py:190)
[2022-08-09 14:16:20] [    INFO] 前置条件：传音统一登录成功 (conftest.py:31)
[2022-08-09 14:16:20] [    INFO] 查找元素：('xpath', '//span[@title="审批列表"]') (basics.py:107)
[2022-08-09 14:16:21] [    INFO] 点击元素：('xpath', '//span[@title="审批列表"]') (basics.py:191)
[2022-08-09 14:16:23] [    INFO] 查找元素：('xpath', '//iframe[@name="iframeApp_auditList"]') (basics.py:107)
[2022-08-09 14:16:23] [    INFO] 查找元素：('xpath', '//input[@name="taskName"]') (basics.py:107)
[2022-08-09 14:16:23] [    INFO] 点击元素：('xpath', '//input[@name="taskName"]') (basics.py:191)
[2022-08-09 14:16:24] [    INFO] 查找元素：('xpath', '//input[@name="taskName"]') (basics.py:107)
[2022-08-09 14:16:25] [    INFO] 输入文本：周本林 (basics.py:138)
[2022-08-09 14:16:25] [    INFO] 查找元素：('xpath', '//button[text()=" 查询"]') (basics.py:107)
[2022-08-09 14:16:25] [    INFO] 点击元素：('xpath', '//button[text()=" 查询"]') (basics.py:191)
[2022-08-09 14:16:25] [    INFO] 查找元素：('xpath', '//input[@name="taskName"]') (basics.py:107)
[2022-08-09 14:16:25] [    INFO] 查找元素：('xpath', '//button[text()=" 查询"]') (basics.py:107)
[2022-08-09 14:16:25] [    INFO] 点击元素：('xpath', '//button[text()=" 查询"]') (basics.py:191)
[2022-08-09 14:16:26] [    INFO] 查找元素：('xpath', '//div[text()="周本林"][@id="pq-body-cell-u0-0-5-right"]') (basics.py:107)
[2022-08-09 14:16:26] [    INFO] 查找元素：('xpath', '//input[@name="subject"]') (basics.py:107)
[2022-08-09 14:16:26] [    INFO] 点击元素：('xpath', '//input[@name="subject"]') (basics.py:191)
[2022-08-09 14:16:27] [    INFO] 查找元素：('xpath', '//input[@name="subject"]') (basics.py:107)
[2022-08-09 14:16:27] [    INFO] 输入文本：20220628000011 (basics.py:138)
[2022-08-09 14:16:27] [    INFO] 查找元素：('xpath', '//button[text()=" 查询"]') (basics.py:107)
[2022-08-09 14:16:27] [    INFO] 点击元素：('xpath', '//button[text()=" 查询"]') (basics.py:191)
[2022-08-09 14:16:27] [    INFO] 查找元素：('xpath', '//input[@name="subject"]') (basics.py:107)
[2022-08-09 14:16:27] [    INFO] 查找元素：('xpath', '//button[text()=" 查询"]') (basics.py:107)
[2022-08-09 14:16:27] [    INFO] 点击元素：('xpath', '//button[text()=" 查询"]') (basics.py:191)
[2022-08-09 14:16:28] [    INFO] 查找元素：('xpath', '//span[text()="供应商审核报告：20220628000011"]') (basics.py:107)
[2022-08-09 14:16:28] [    INFO] 查找元素：('xpath', '//button[text()=" 更多"]') (basics.py:107)
[2022-08-09 14:16:28] [    INFO] 点击元素：('xpath', '//button[text()=" 更多"]') (basics.py:191)
[2022-08-09 14:16:29] [    INFO] 查找元素：('xpath', '//input[@name="promoterName"]') (basics.py:107)
[2022-08-09 14:16:29] [    INFO] 点击元素：('xpath', '//input[@name="promoterName"]') (basics.py:191)
[2022-08-09 14:16:30] [    INFO] 查找元素：('xpath', '//input[@name="promoterName"]') (basics.py:107)
[2022-08-09 14:16:30] [    INFO] 输入文本：管理员 (basics.py:138)
[2022-08-09 14:16:30] [    INFO] 查找元素：('xpath', '//button[text()=" 查询"]') (basics.py:107)
[2022-08-09 14:16:30] [    INFO] 点击元素：('xpath', '//button[text()=" 查询"]') (basics.py:191)
[2022-08-09 14:16:30] [    INFO] 查找元素：('xpath', '//a[text()=" 审批历史"]') (basics.py:107)
[2022-08-09 14:16:30] [    INFO] 点击元素：('xpath', '//a[text()=" 审批历史"]') (basics.py:191)
[2022-08-09 14:16:31] [    INFO] 查找元素：('xpath', '//div[@class="winTitle"]/span[text()="审批历史 "]') (basics.py:107)
[2022-08-09 14:27:17] [    INFO] 【SRM】项目【test】环境- UI自动化开始执行 (conftest.py:17)
[2022-08-09 14:27:17] [    INFO] 前置条件：传音统一登录开始 (conftest.py:22)
[2022-08-09 14:27:18] [    INFO] 打开网页：http://sitsrm.transsion.com/ELSServer_CY/login/login.html (basics.py:64)
[2022-08-09 14:27:19] [    INFO] 查找元素：('xpath', '//input[@id="elsAccount"]') (basics.py:107)
[2022-08-09 14:27:19] [    INFO] 输入文本：860000 (basics.py:138)
[2022-08-09 14:27:19] [    INFO] 查找元素：('xpath', '//input[@id="elsSubAccount"]') (basics.py:107)
[2022-08-09 14:27:19] [    INFO] 输入文本：1001 (basics.py:138)
[2022-08-09 14:27:20] [    INFO] 查找元素：('xpath', '//input[@type="password"]') (basics.py:107)
[2022-08-09 14:27:20] [    INFO] 输入文本：1qaz@WSX (basics.py:138)
[2022-08-09 14:27:20] [    INFO] 查找元素：('xpath', '//input[@id="identifyCode"]') (basics.py:107)
[2022-08-09 14:27:20] [    INFO] 点击元素：('xpath', '//input[@id="identifyCode"]') (basics.py:191)
[2022-08-09 14:27:21] [    INFO] 查找元素：('xpath', '//img[@id="code"]') (basics.py:107)
[2022-08-09 14:27:23] [    INFO] 查找元素：('xpath', '//input[@id="identifyCode"]') (basics.py:107)
[2022-08-09 14:27:23] [    INFO] 输入文本：3920 (basics.py:138)
[2022-08-09 14:27:23] [    INFO] 查找元素：('xpath', '//button[@id="submit_btn"]') (basics.py:107)
[2022-08-09 14:27:23] [    INFO] 点击元素：('xpath', '//button[@id="submit_btn"]') (basics.py:191)
[2022-08-09 14:27:24] [    INFO] 断言成功：URL为预期一致 | URL: http://sitsrm.transsion.com/ELSServer_CY/default.jsp?account=860000_1001 (assert_ui.py:190)
[2022-08-09 14:27:24] [    INFO] 前置条件：传音统一登录成功 (conftest.py:31)
[2022-08-09 14:27:24] [    INFO] 查找元素：('xpath', '//span[@title="审批列表"]') (basics.py:107)
[2022-08-09 14:27:24] [    INFO] 点击元素：('xpath', '//span[@title="审批列表"]') (basics.py:191)
[2022-08-09 14:27:27] [    INFO] 查找元素：('xpath', '//iframe[@name="iframeApp_auditList"]') (basics.py:107)
[2022-08-09 14:27:27] [    INFO] 查找元素：('xpath', '//input[@name="taskName"]') (basics.py:107)
[2022-08-09 14:27:27] [    INFO] 点击元素：('xpath', '//input[@name="taskName"]') (basics.py:191)
[2022-08-09 14:27:28] [    INFO] 查找元素：('xpath', '//input[@name="taskName"]') (basics.py:107)
[2022-08-09 14:27:28] [    INFO] 输入文本：周本林 (basics.py:138)
[2022-08-09 14:27:28] [    INFO] 查找元素：('xpath', '//button[text()=" 查询"]') (basics.py:107)
[2022-08-09 14:27:28] [    INFO] 点击元素：('xpath', '//button[text()=" 查询"]') (basics.py:191)
[2022-08-09 14:27:29] [    INFO] 查找元素：('xpath', '//input[@name="taskName"]') (basics.py:107)
[2022-08-09 14:27:29] [    INFO] 查找元素：('xpath', '//button[text()=" 查询"]') (basics.py:107)
[2022-08-09 14:27:29] [    INFO] 点击元素：('xpath', '//button[text()=" 查询"]') (basics.py:191)
[2022-08-09 14:27:29] [    INFO] 查找元素：('xpath', '//div[text()="周本林"][@id="pq-body-cell-u0-0-5-right"]') (basics.py:107)
[2022-08-09 14:27:29] [    INFO] 查找元素：('xpath', '//input[@name="subject"]') (basics.py:107)
[2022-08-09 14:27:29] [    INFO] 点击元素：('xpath', '//input[@name="subject"]') (basics.py:191)
[2022-08-09 14:27:30] [    INFO] 查找元素：('xpath', '//input[@name="subject"]') (basics.py:107)
[2022-08-09 14:27:30] [    INFO] 输入文本：20220628000011 (basics.py:138)
[2022-08-09 14:27:30] [    INFO] 查找元素：('xpath', '//button[text()=" 查询"]') (basics.py:107)
[2022-08-09 14:27:30] [    INFO] 点击元素：('xpath', '//button[text()=" 查询"]') (basics.py:191)
[2022-08-09 14:27:31] [    INFO] 查找元素：('xpath', '//input[@name="subject"]') (basics.py:107)
[2022-08-09 14:27:31] [    INFO] 查找元素：('xpath', '//button[text()=" 查询"]') (basics.py:107)
[2022-08-09 14:27:31] [    INFO] 点击元素：('xpath', '//button[text()=" 查询"]') (basics.py:191)
[2022-08-09 14:27:31] [    INFO] 查找元素：('xpath', '//span[text()="供应商审核报告：20220628000011"]') (basics.py:107)
[2022-08-09 14:27:31] [    INFO] 查找元素：('xpath', '//button[text()=" 更多"]') (basics.py:107)
[2022-08-09 14:27:31] [    INFO] 点击元素：('xpath', '//button[text()=" 更多"]') (basics.py:191)
[2022-08-09 14:27:32] [    INFO] 查找元素：('xpath', '//input[@name="promoterName"]') (basics.py:107)
[2022-08-09 14:27:32] [    INFO] 点击元素：('xpath', '//input[@name="promoterName"]') (basics.py:191)
[2022-08-09 14:27:33] [    INFO] 查找元素：('xpath', '//input[@name="promoterName"]') (basics.py:107)
[2022-08-09 14:27:33] [    INFO] 输入文本：管理员 (basics.py:138)
[2022-08-09 14:27:33] [    INFO] 查找元素：('xpath', '//button[text()=" 查询"]') (basics.py:107)
[2022-08-09 14:27:33] [    INFO] 点击元素：('xpath', '//button[text()=" 查询"]') (basics.py:191)
[2022-08-09 14:27:34] [    INFO] 查找元素：('xpath', '//a[text()=" 审批历史"]') (basics.py:107)
[2022-08-09 14:27:34] [    INFO] 点击元素：('xpath', '//a[text()=" 审批历史"]') (basics.py:191)
[2022-08-09 14:27:34] [    INFO] 查找元素：('xpath', '//div[@class="winTitle"]/span[text()="审批历史 "]') (basics.py:107)
[2022-08-09 14:44:10] [    INFO] 【SRM】项目【test】环境- UI自动化开始执行 (conftest.py:17)
[2022-08-09 14:44:10] [    INFO] 前置条件：传音统一登录开始 (conftest.py:22)
[2022-08-09 14:44:11] [    INFO] 打开网页：http://sitsrm.transsion.com/ELSServer_CY/login/login.html (basics.py:64)
[2022-08-09 14:44:11] [    INFO] 查找元素：('xpath', '//input[@id="elsAccount"]') (basics.py:107)
[2022-08-09 14:44:11] [    INFO] 输入文本：860000 (basics.py:138)
[2022-08-09 14:44:12] [    INFO] 查找元素：('xpath', '//input[@id="elsSubAccount"]') (basics.py:107)
[2022-08-09 14:44:12] [    INFO] 输入文本：1001 (basics.py:138)
[2022-08-09 14:44:12] [    INFO] 查找元素：('xpath', '//input[@type="password"]') (basics.py:107)
[2022-08-09 14:44:12] [    INFO] 输入文本：1qaz@WSX (basics.py:138)
[2022-08-09 14:44:12] [    INFO] 查找元素：('xpath', '//input[@id="identifyCode"]') (basics.py:107)
[2022-08-09 14:44:12] [    INFO] 点击元素：('xpath', '//input[@id="identifyCode"]') (basics.py:191)
[2022-08-09 14:44:14] [    INFO] 查找元素：('xpath', '//img[@id="code"]') (basics.py:107)
[2022-08-09 14:44:15] [    INFO] 查找元素：('xpath', '//input[@id="identifyCode"]') (basics.py:107)
[2022-08-09 14:44:15] [    INFO] 输入文本：7314 (basics.py:138)
[2022-08-09 14:44:15] [    INFO] 查找元素：('xpath', '//button[@id="submit_btn"]') (basics.py:107)
[2022-08-09 14:44:15] [    INFO] 点击元素：('xpath', '//button[@id="submit_btn"]') (basics.py:191)
[2022-08-09 14:44:16] [ WARNING] 断言失败：URL为预期不一致 | URL: http://sitsrm.transsion.com/ELSServer_CY/login/login.html (assert_ui.py:189)
[2022-08-09 14:44:16] [   ERROR] None
assert 'http://sitsrm.transsion.com/ELSServer_CY/default.jsp?account=860000_1001' in 'http://sitsrm.transsion.com/ELSServer_CY/login/login.html' (assert_ui.py:192)
[2022-08-09 14:44:29] [    INFO] 【SRM】项目【test】环境- UI自动化开始执行 (conftest.py:17)
[2022-08-09 14:44:29] [    INFO] 前置条件：传音统一登录开始 (conftest.py:22)
[2022-08-09 14:44:30] [    INFO] 打开网页：http://sitsrm.transsion.com/ELSServer_CY/login/login.html (basics.py:64)
[2022-08-09 14:44:30] [    INFO] 查找元素：('xpath', '//input[@id="elsAccount"]') (basics.py:107)
[2022-08-09 14:44:31] [    INFO] 输入文本：860000 (basics.py:138)
[2022-08-09 14:44:31] [    INFO] 查找元素：('xpath', '//input[@id="elsSubAccount"]') (basics.py:107)
[2022-08-09 14:44:31] [    INFO] 输入文本：1001 (basics.py:138)
[2022-08-09 14:44:32] [    INFO] 查找元素：('xpath', '//input[@type="password"]') (basics.py:107)
[2022-08-09 14:44:32] [    INFO] 输入文本：1qaz@WSX (basics.py:138)
[2022-08-09 14:44:32] [    INFO] 查找元素：('xpath', '//input[@id="identifyCode"]') (basics.py:107)
[2022-08-09 14:44:32] [    INFO] 点击元素：('xpath', '//input[@id="identifyCode"]') (basics.py:191)
[2022-08-09 14:44:33] [    INFO] 查找元素：('xpath', '//img[@id="code"]') (basics.py:107)
[2022-08-09 14:44:34] [    INFO] 查找元素：('xpath', '//input[@id="identifyCode"]') (basics.py:107)
[2022-08-09 14:44:34] [    INFO] 输入文本：3174 (basics.py:138)
[2022-08-09 14:44:34] [    INFO] 查找元素：('xpath', '//button[@id="submit_btn"]') (basics.py:107)
[2022-08-09 14:44:34] [    INFO] 点击元素：('xpath', '//button[@id="submit_btn"]') (basics.py:191)
[2022-08-09 14:44:35] [ WARNING] 断言失败：URL为预期不一致 | URL: http://sitsrm.transsion.com/ELSServer_CY/login/login.html (assert_ui.py:189)
[2022-08-09 14:44:35] [   ERROR] None
assert 'http://sitsrm.transsion.com/ELSServer_CY/default.jsp?account=860000_1001' in 'http://sitsrm.transsion.com/ELSServer_CY/login/login.html' (assert_ui.py:192)
[2022-08-09 14:44:49] [    INFO] 【SRM】项目【test】环境- UI自动化开始执行 (conftest.py:17)
[2022-08-09 14:44:49] [    INFO] 前置条件：传音统一登录开始 (conftest.py:22)
[2022-08-09 14:44:50] [    INFO] 打开网页：http://sitsrm.transsion.com/ELSServer_CY/login/login.html (basics.py:64)
[2022-08-09 14:44:50] [    INFO] 查找元素：('xpath', '//input[@id="elsAccount"]') (basics.py:107)
[2022-08-09 14:44:51] [    INFO] 输入文本：860000 (basics.py:138)
[2022-08-09 14:44:51] [    INFO] 查找元素：('xpath', '//input[@id="elsSubAccount"]') (basics.py:107)
[2022-08-09 14:44:51] [    INFO] 输入文本：1001 (basics.py:138)
[2022-08-09 14:44:52] [    INFO] 查找元素：('xpath', '//input[@type="password"]') (basics.py:107)
[2022-08-09 14:44:52] [    INFO] 输入文本：1qaz@WSX (basics.py:138)
[2022-08-09 14:44:52] [    INFO] 查找元素：('xpath', '//input[@id="identifyCode"]') (basics.py:107)
[2022-08-09 14:44:52] [    INFO] 点击元素：('xpath', '//input[@id="identifyCode"]') (basics.py:191)
[2022-08-09 14:44:53] [    INFO] 查找元素：('xpath', '//img[@id="code"]') (basics.py:107)
[2022-08-09 14:44:54] [    INFO] 查找元素：('xpath', '//input[@id="identifyCode"]') (basics.py:107)
[2022-08-09 14:44:54] [    INFO] 输入文本：3506 (basics.py:138)
[2022-08-09 14:44:54] [    INFO] 查找元素：('xpath', '//button[@id="submit_btn"]') (basics.py:107)
[2022-08-09 14:44:54] [    INFO] 点击元素：('xpath', '//button[@id="submit_btn"]') (basics.py:191)
[2022-08-09 14:44:56] [    INFO] 断言成功：URL为预期一致 | URL: http://sitsrm.transsion.com/ELSServer_CY/default.jsp?account=860000_1001 (assert_ui.py:190)
[2022-08-09 14:44:56] [    INFO] 前置条件：传音统一登录成功 (conftest.py:31)
[2022-08-09 14:44:56] [    INFO] 查找元素：('xpath', '//iframe[@name="iframeApp_auditList"]') (basics.py:107)
[2022-08-09 14:45:18] [    INFO] 查找元素：('xpath', '//input[@name="subject"]') (basics.py:107)
[2022-08-09 14:45:39] [    INFO] 查找元素：('xpath', '//button[text()=" 更多"]') (basics.py:107)
[2022-08-09 14:46:01] [    INFO] 查找元素：('xpath', '//a[text()=" 审批历史"]') (basics.py:107)
[2022-08-09 14:46:21] [    INFO] 【SRM】项目【test】环境- UI自动化开始执行 (conftest.py:17)
[2022-08-09 14:46:21] [    INFO] 前置条件：传音统一登录开始 (conftest.py:22)
[2022-08-09 14:46:22] [    INFO] 打开网页：http://sitsrm.transsion.com/ELSServer_CY/login/login.html (basics.py:64)
[2022-08-09 14:46:23] [    INFO] 查找元素：('xpath', '//input[@id="elsAccount"]') (basics.py:107)
[2022-08-09 14:46:23] [    INFO] 输入文本：860000 (basics.py:138)
[2022-08-09 14:46:23] [    INFO] 查找元素：('xpath', '//input[@id="elsSubAccount"]') (basics.py:107)
[2022-08-09 14:46:23] [    INFO] 输入文本：1001 (basics.py:138)
[2022-08-09 14:46:24] [    INFO] 查找元素：('xpath', '//input[@type="password"]') (basics.py:107)
[2022-08-09 14:46:24] [    INFO] 输入文本：1qaz@WSX (basics.py:138)
[2022-08-09 14:46:24] [    INFO] 查找元素：('xpath', '//input[@id="identifyCode"]') (basics.py:107)
[2022-08-09 14:46:24] [    INFO] 点击元素：('xpath', '//input[@id="identifyCode"]') (basics.py:191)
[2022-08-09 14:46:25] [    INFO] 查找元素：('xpath', '//img[@id="code"]') (basics.py:107)
[2022-08-09 14:46:26] [    INFO] 查找元素：('xpath', '//input[@id="identifyCode"]') (basics.py:107)
[2022-08-09 14:46:27] [    INFO] 输入文本：9910 (basics.py:138)
[2022-08-09 14:46:27] [    INFO] 查找元素：('xpath', '//button[@id="submit_btn"]') (basics.py:107)
[2022-08-09 14:46:27] [    INFO] 点击元素：('xpath', '//button[@id="submit_btn"]') (basics.py:191)
[2022-08-09 14:46:28] [    INFO] 断言成功：URL为预期一致 | URL: http://sitsrm.transsion.com/ELSServer_CY/default.jsp?account=860000_1001 (assert_ui.py:190)
[2022-08-09 14:46:28] [    INFO] 前置条件：传音统一登录成功 (conftest.py:31)
[2022-08-09 14:46:28] [    INFO] 查找元素：('xpath', '//iframe[@name="iframeApp_auditList"]') (basics.py:107)
[2022-08-09 14:46:49] [    INFO] 查找元素：('xpath', '//input[@name="subject"]') (basics.py:107)
[2022-08-09 14:48:50] [    INFO] 【SRM】项目【test】环境- UI自动化开始执行 (conftest.py:17)
[2022-08-09 14:48:50] [    INFO] 前置条件：传音统一登录开始 (conftest.py:22)
[2022-08-09 14:48:51] [    INFO] 打开网页：http://sitsrm.transsion.com/ELSServer_CY/login/login.html (basics.py:64)
[2022-08-09 14:48:51] [    INFO] 查找元素：('xpath', '//input[@id="elsAccount"]') (basics.py:107)
[2022-08-09 14:48:51] [    INFO] 输入文本：860000 (basics.py:138)
[2022-08-09 14:48:52] [    INFO] 查找元素：('xpath', '//input[@id="elsSubAccount"]') (basics.py:107)
[2022-08-09 14:48:52] [    INFO] 输入文本：1001 (basics.py:138)
[2022-08-09 14:48:52] [    INFO] 查找元素：('xpath', '//input[@type="password"]') (basics.py:107)
[2022-08-09 14:48:52] [    INFO] 输入文本：1qaz@WSX (basics.py:138)
[2022-08-09 14:48:52] [    INFO] 查找元素：('xpath', '//input[@id="identifyCode"]') (basics.py:107)
[2022-08-09 14:48:53] [    INFO] 点击元素：('xpath', '//input[@id="identifyCode"]') (basics.py:191)
[2022-08-09 14:48:54] [    INFO] 查找元素：('xpath', '//img[@id="code"]') (basics.py:107)
[2022-08-09 14:48:55] [    INFO] 查找元素：('xpath', '//input[@id="identifyCode"]') (basics.py:107)
[2022-08-09 14:48:55] [    INFO] 输入文本：8758 (basics.py:138)
[2022-08-09 14:48:55] [    INFO] 查找元素：('xpath', '//button[@id="submit_btn"]') (basics.py:107)
[2022-08-09 14:48:55] [    INFO] 点击元素：('xpath', '//button[@id="submit_btn"]') (basics.py:191)
[2022-08-09 14:48:56] [    INFO] 断言成功：URL为预期一致 | URL: http://sitsrm.transsion.com/ELSServer_CY/default.jsp?account=860000_1001 (assert_ui.py:190)
[2022-08-09 14:48:56] [    INFO] 前置条件：传音统一登录成功 (conftest.py:31)
[2022-08-09 14:48:56] [    INFO] 查找元素：('xpath', '//span[@title="审批列表"]') (basics.py:107)
[2022-08-09 14:48:56] [    INFO] 点击元素：('xpath', '//span[@title="审批列表"]') (basics.py:191)
[2022-08-09 14:48:59] [    INFO] 查找元素：('xpath', '//iframe[@name="iframeApp_auditList"]') (basics.py:107)
[2022-08-09 14:48:59] [    INFO] 查找元素：('xpath', '//input[@name="taskName"]') (basics.py:107)
[2022-08-09 14:48:59] [    INFO] 点击元素：('xpath', '//input[@name="taskName"]') (basics.py:191)
[2022-08-09 14:49:00] [    INFO] 查找元素：('xpath', '//input[@name="taskName"]') (basics.py:107)
[2022-08-09 14:49:00] [    INFO] 输入文本：周本林 (basics.py:138)
[2022-08-09 14:49:00] [    INFO] 查找元素：('xpath', '//button[text()=" 查询"]') (basics.py:107)
[2022-08-09 14:49:00] [    INFO] 点击元素：('xpath', '//button[text()=" 查询"]') (basics.py:191)
[2022-08-09 14:49:00] [    INFO] 查找元素：('xpath', '//input[@name="taskName"]') (basics.py:107)
[2022-08-09 14:49:00] [    INFO] 查找元素：('xpath', '//button[text()=" 查询"]') (basics.py:107)
[2022-08-09 14:49:00] [    INFO] 点击元素：('xpath', '//button[text()=" 查询"]') (basics.py:191)
[2022-08-09 14:49:01] [    INFO] 查找元素：('xpath', '//div[text()="周本林"][@id="pq-body-cell-u0-0-5-right"]') (basics.py:107)
[2022-08-09 14:49:01] [    INFO] 查找元素：('xpath', '//input[@name="subject"]') (basics.py:107)
[2022-08-09 14:49:01] [    INFO] 点击元素：('xpath', '//input[@name="subject"]') (basics.py:191)
[2022-08-09 14:49:02] [    INFO] 查找元素：('xpath', '//input[@name="subject"]') (basics.py:107)
[2022-08-09 14:49:02] [    INFO] 输入文本：20220628000011 (basics.py:138)
[2022-08-09 14:49:02] [    INFO] 查找元素：('xpath', '//button[text()=" 查询"]') (basics.py:107)
[2022-08-09 14:49:02] [    INFO] 点击元素：('xpath', '//button[text()=" 查询"]') (basics.py:191)
[2022-08-09 14:49:03] [    INFO] 查找元素：('xpath', '//input[@name="subject"]') (basics.py:107)
[2022-08-09 14:49:03] [    INFO] 查找元素：('xpath', '//button[text()=" 查询"]') (basics.py:107)
[2022-08-09 14:49:03] [    INFO] 点击元素：('xpath', '//button[text()=" 查询"]') (basics.py:191)
[2022-08-09 14:49:03] [    INFO] 查找元素：('xpath', '//span[text()="供应商审核报告：20220628000011"]') (basics.py:107)
[2022-08-09 14:49:03] [    INFO] 查找元素：('xpath', '//button[text()=" 更多"]') (basics.py:107)
[2022-08-09 14:49:03] [    INFO] 点击元素：('xpath', '//button[text()=" 更多"]') (basics.py:191)
[2022-08-09 14:49:04] [    INFO] 查找元素：('xpath', '//input[@name="promoterName"]') (basics.py:107)
[2022-08-09 14:49:04] [    INFO] 点击元素：('xpath', '//input[@name="promoterName"]') (basics.py:191)
[2022-08-09 14:49:05] [    INFO] 查找元素：('xpath', '//input[@name="promoterName"]') (basics.py:107)
[2022-08-09 14:49:05] [    INFO] 输入文本：管理员 (basics.py:138)
[2022-08-09 14:49:05] [    INFO] 查找元素：('xpath', '//button[text()=" 查询"]') (basics.py:107)
[2022-08-09 14:49:05] [    INFO] 点击元素：('xpath', '//button[text()=" 查询"]') (basics.py:191)
[2022-08-09 14:49:06] [    INFO] 查找元素：('xpath', '//a[text()=" 审批历史"]') (basics.py:107)
[2022-08-09 14:49:06] [    INFO] 点击元素：('xpath', '//a[text()=" 审批历史"]') (basics.py:191)
[2022-08-09 14:53:48] [    INFO] 【SRM】项目【test】环境- UI自动化开始执行 (conftest.py:17)
[2022-08-09 14:53:48] [    INFO] 前置条件：传音统一登录开始 (conftest.py:22)
[2022-08-09 14:53:49] [    INFO] 打开网页：http://sitsrm.transsion.com/ELSServer_CY/login/login.html (basics.py:64)
[2022-08-09 14:53:49] [    INFO] 查找元素：('xpath', '//input[@id="elsAccount"]') (basics.py:107)
[2022-08-09 14:53:49] [    INFO] 输入文本：860000 (basics.py:138)
[2022-08-09 14:53:50] [    INFO] 查找元素：('xpath', '//input[@id="elsSubAccount"]') (basics.py:107)
[2022-08-09 14:53:50] [    INFO] 输入文本：1001 (basics.py:138)
[2022-08-09 14:53:51] [    INFO] 查找元素：('xpath', '//input[@type="password"]') (basics.py:107)
[2022-08-09 14:53:51] [    INFO] 输入文本：1qaz@WSX (basics.py:138)
[2022-08-09 14:53:51] [    INFO] 查找元素：('xpath', '//input[@id="identifyCode"]') (basics.py:107)
[2022-08-09 14:53:51] [    INFO] 点击元素：('xpath', '//input[@id="identifyCode"]') (basics.py:191)
[2022-08-09 14:53:52] [    INFO] 查找元素：('xpath', '//img[@id="code"]') (basics.py:107)
[2022-08-09 14:53:53] [    INFO] 查找元素：('xpath', '//input[@id="identifyCode"]') (basics.py:107)
[2022-08-09 14:53:53] [    INFO] 输入文本：2528 (basics.py:138)
[2022-08-09 14:53:53] [    INFO] 查找元素：('xpath', '//button[@id="submit_btn"]') (basics.py:107)
[2022-08-09 14:53:53] [    INFO] 点击元素：('xpath', '//button[@id="submit_btn"]') (basics.py:191)
[2022-08-09 14:53:54] [    INFO] 断言成功：URL为预期一致 | URL: http://sitsrm.transsion.com/ELSServer_CY/default.jsp?account=860000_1001 (assert_ui.py:190)
[2022-08-09 14:53:54] [    INFO] 前置条件：传音统一登录成功 (conftest.py:31)
[2022-08-09 14:53:54] [    INFO] 查找元素：('xpath', '//span[@title="审批列表"]') (basics.py:107)
[2022-08-09 14:53:54] [    INFO] 点击元素：('xpath', '//span[@title="审批列表"]') (basics.py:191)
[2022-08-09 14:53:57] [    INFO] 查找元素：('xpath', '//div[@class="winTitle"]/span[text()="审批列表 "]') (basics.py:107)
[2022-08-09 14:53:57] [    INFO] 查找元素：('xpath', '//iframe[@name="iframeApp_auditList"]') (basics.py:107)
[2022-08-09 14:53:57] [    INFO] 查找元素：('xpath', '//input[@name="taskName"]') (basics.py:107)
[2022-08-09 14:53:57] [    INFO] 点击元素：('xpath', '//input[@name="taskName"]') (basics.py:191)
[2022-08-09 14:53:58] [    INFO] 查找元素：('xpath', '//input[@name="taskName"]') (basics.py:107)
[2022-08-09 14:53:58] [    INFO] 输入文本：周本林 (basics.py:138)
[2022-08-09 14:53:58] [    INFO] 查找元素：('xpath', '//button[text()=" 查询"]') (basics.py:107)
[2022-08-09 14:53:58] [    INFO] 点击元素：('xpath', '//button[text()=" 查询"]') (basics.py:191)
[2022-08-09 14:53:59] [    INFO] 查找元素：('xpath', '//input[@name="taskName"]') (basics.py:107)
[2022-08-09 14:53:59] [    INFO] 查找元素：('xpath', '//button[text()=" 查询"]') (basics.py:107)
[2022-08-09 14:53:59] [    INFO] 点击元素：('xpath', '//button[text()=" 查询"]') (basics.py:191)
[2022-08-09 14:53:59] [    INFO] 查找元素：('xpath', '//div[text()="周本林"][@id="pq-body-cell-u0-0-5-right"]') (basics.py:107)
[2022-08-09 14:53:59] [    INFO] 查找元素：('xpath', '//input[@name="subject"]') (basics.py:107)
[2022-08-09 14:53:59] [    INFO] 点击元素：('xpath', '//input[@name="subject"]') (basics.py:191)
[2022-08-09 14:54:00] [    INFO] 查找元素：('xpath', '//input[@name="subject"]') (basics.py:107)
[2022-08-09 14:54:00] [    INFO] 输入文本：20220628000011 (basics.py:138)
[2022-08-09 14:54:00] [    INFO] 查找元素：('xpath', '//button[text()=" 查询"]') (basics.py:107)
[2022-08-09 14:54:00] [    INFO] 点击元素：('xpath', '//button[text()=" 查询"]') (basics.py:191)
[2022-08-09 14:54:01] [    INFO] 查找元素：('xpath', '//input[@name="subject"]') (basics.py:107)
[2022-08-09 14:54:01] [    INFO] 查找元素：('xpath', '//button[text()=" 查询"]') (basics.py:107)
[2022-08-09 14:54:01] [    INFO] 点击元素：('xpath', '//button[text()=" 查询"]') (basics.py:191)
[2022-08-09 14:54:01] [    INFO] 查找元素：('xpath', '//span[text()="供应商审核报告：20220628000011"]') (basics.py:107)
[2022-08-09 14:54:01] [    INFO] 查找元素：('xpath', '//button[text()=" 更多"]') (basics.py:107)
[2022-08-09 14:54:02] [    INFO] 点击元素：('xpath', '//button[text()=" 更多"]') (basics.py:191)
[2022-08-09 14:54:02] [    INFO] 查找元素：('xpath', '//input[@name="promoterName"]') (basics.py:107)
[2022-08-09 14:54:02] [    INFO] 点击元素：('xpath', '//input[@name="promoterName"]') (basics.py:191)
[2022-08-09 14:54:03] [    INFO] 查找元素：('xpath', '//input[@name="promoterName"]') (basics.py:107)
[2022-08-09 14:54:03] [    INFO] 输入文本：管理员 (basics.py:138)
[2022-08-09 14:54:03] [    INFO] 查找元素：('xpath', '//button[text()=" 查询"]') (basics.py:107)
[2022-08-09 14:54:03] [    INFO] 点击元素：('xpath', '//button[text()=" 查询"]') (basics.py:191)
[2022-08-09 14:54:04] [    INFO] 查找元素：('xpath', '//a[text()=" 审批历史"]') (basics.py:107)
[2022-08-09 14:54:04] [    INFO] 点击元素：('xpath', '//a[text()=" 审批历史"]') (basics.py:191)
[2022-08-09 14:57:40] [    INFO] 【SRM】项目【test】环境- UI自动化开始执行 (conftest.py:17)
[2022-08-09 14:57:40] [    INFO] 前置条件：传音统一登录开始 (conftest.py:22)
[2022-08-09 14:57:41] [    INFO] 打开网页：http://sitsrm.transsion.com/ELSServer_CY/login/login.html (basics.py:64)
[2022-08-09 14:57:41] [    INFO] 查找元素：('xpath', '//input[@id="elsAccount"]') (basics.py:107)
[2022-08-09 14:57:41] [    INFO] 输入文本：860000 (basics.py:138)
[2022-08-09 14:57:42] [    INFO] 查找元素：('xpath', '//input[@id="elsSubAccount"]') (basics.py:107)
[2022-08-09 14:57:42] [    INFO] 输入文本：1001 (basics.py:138)
[2022-08-09 14:57:42] [    INFO] 查找元素：('xpath', '//input[@type="password"]') (basics.py:107)
[2022-08-09 14:57:43] [    INFO] 输入文本：1qaz@WSX (basics.py:138)
[2022-08-09 14:57:43] [    INFO] 查找元素：('xpath', '//input[@id="identifyCode"]') (basics.py:107)
[2022-08-09 14:57:43] [    INFO] 点击元素：('xpath', '//input[@id="identifyCode"]') (basics.py:191)
[2022-08-09 14:57:44] [    INFO] 查找元素：('xpath', '//img[@id="code"]') (basics.py:107)
[2022-08-09 14:57:45] [    INFO] 查找元素：('xpath', '//input[@id="identifyCode"]') (basics.py:107)
[2022-08-09 14:57:45] [    INFO] 输入文本：2511 (basics.py:138)
[2022-08-09 14:57:45] [    INFO] 查找元素：('xpath', '//button[@id="submit_btn"]') (basics.py:107)
[2022-08-09 14:57:45] [    INFO] 点击元素：('xpath', '//button[@id="submit_btn"]') (basics.py:191)
[2022-08-09 14:57:48] [    INFO] 断言成功：URL为预期一致 | URL: http://sitsrm.transsion.com/ELSServer_CY/default.jsp?account=860000_1001 (assert_ui.py:190)
[2022-08-09 14:57:48] [    INFO] 前置条件：传音统一登录成功 (conftest.py:31)
[2022-08-09 14:57:48] [    INFO] 查找元素：('xpath', '//span[@title="审批列表"]') (basics.py:107)
[2022-08-09 14:57:49] [    INFO] 点击元素：('xpath', '//span[@title="审批列表"]') (basics.py:191)
[2022-08-09 14:57:51] [    INFO] 查找元素：('xpath', '//div[@class="winTitle"]/span[text()="审批列表 "]') (basics.py:107)
[2022-08-09 14:57:52] [    INFO] 查找元素：('xpath', '//iframe[@name="iframeApp_auditList"]') (basics.py:107)
[2022-08-09 14:57:52] [    INFO] 查找元素：('xpath', '//input[@name="taskName"]') (basics.py:107)
[2022-08-09 14:57:52] [    INFO] 点击元素：('xpath', '//input[@name="taskName"]') (basics.py:191)
[2022-08-09 14:57:53] [    INFO] 查找元素：('xpath', '//input[@name="taskName"]') (basics.py:107)
[2022-08-09 14:57:53] [    INFO] 输入文本：周本林 (basics.py:138)
[2022-08-09 14:57:53] [    INFO] 查找元素：('xpath', '//button[text()=" 查询"]') (basics.py:107)
[2022-08-09 14:57:54] [    INFO] 点击元素：('xpath', '//button[text()=" 查询"]') (basics.py:191)
[2022-08-09 14:57:54] [    INFO] 查找元素：('xpath', '//input[@name="taskName"]') (basics.py:107)
[2022-08-09 14:57:54] [    INFO] 查找元素：('xpath', '//button[text()=" 查询"]') (basics.py:107)
[2022-08-09 14:57:54] [    INFO] 点击元素：('xpath', '//button[text()=" 查询"]') (basics.py:191)
[2022-08-09 14:57:55] [    INFO] 查找元素：('xpath', '//div[text()="周本林"][@id="pq-body-cell-u0-0-5-right"]') (basics.py:107)
[2022-08-09 14:57:55] [    INFO] 查找元素：('xpath', '//input[@name="subject"]') (basics.py:107)
[2022-08-09 14:57:55] [    INFO] 点击元素：('xpath', '//input[@name="subject"]') (basics.py:191)
[2022-08-09 14:57:56] [    INFO] 查找元素：('xpath', '//input[@name="subject"]') (basics.py:107)
[2022-08-09 14:57:56] [    INFO] 输入文本：20220628000011 (basics.py:138)
[2022-08-09 14:57:56] [    INFO] 查找元素：('xpath', '//button[text()=" 查询"]') (basics.py:107)
[2022-08-09 14:57:56] [    INFO] 点击元素：('xpath', '//button[text()=" 查询"]') (basics.py:191)
[2022-08-09 14:57:57] [    INFO] 查找元素：('xpath', '//input[@name="subject"]') (basics.py:107)
[2022-08-09 14:57:57] [    INFO] 查找元素：('xpath', '//button[text()=" 查询"]') (basics.py:107)
[2022-08-09 14:57:57] [    INFO] 点击元素：('xpath', '//button[text()=" 查询"]') (basics.py:191)
[2022-08-09 14:57:57] [    INFO] 查找元素：('xpath', '//span[text()="供应商审核报告：20220628000011"]') (basics.py:107)
[2022-08-09 14:57:57] [    INFO] 查找元素：('xpath', '//button[text()=" 更多"]') (basics.py:107)
[2022-08-09 14:57:57] [    INFO] 点击元素：('xpath', '//button[text()=" 更多"]') (basics.py:191)
[2022-08-09 14:57:58] [    INFO] 查找元素：('xpath', '//input[@name="promoterName"]') (basics.py:107)
[2022-08-09 14:57:58] [    INFO] 点击元素：('xpath', '//input[@name="promoterName"]') (basics.py:191)
[2022-08-09 14:57:59] [    INFO] 查找元素：('xpath', '//input[@name="promoterName"]') (basics.py:107)
[2022-08-09 14:57:59] [    INFO] 输入文本：管理员 (basics.py:138)
[2022-08-09 14:57:59] [    INFO] 查找元素：('xpath', '//button[text()=" 查询"]') (basics.py:107)
[2022-08-09 14:57:59] [    INFO] 点击元素：('xpath', '//button[text()=" 查询"]') (basics.py:191)
[2022-08-09 14:58:00] [    INFO] 查找元素：('xpath', '//a[text()=" 审批历史"]') (basics.py:107)
[2022-08-09 14:58:00] [    INFO] 点击元素：('xpath', '//a[text()=" 审批历史"]') (basics.py:191)
