[2022-09-07 14:17:57] [    INFO] 【TBM】项目【test】环境- UI自动化开始执行 (conftest.py:17)
[2022-09-07 14:17:57] [    INFO] 前置条件：传音统一登录开始 (conftest.py:21)
[2022-09-07 14:17:58] [    INFO] 打开网页：http://bom-sit.transsion.com/#/process/home-page (basics.py:65)
[2022-09-07 14:17:58] [    INFO] 查找元素：('xpath', "//div[@role='button']") (basics.py:108)
[2022-09-07 14:17:58] [    INFO] 点击元素：('xpath', "//div[@role='button']") (basics.py:214)
[2022-09-07 14:18:03] [    INFO] 查找元素：['xpath', "//*[contains(@id,'dropdown-menu-')]//li[1]"] (basics.py:108)
[2022-09-07 14:18:04] [    INFO] 查找元素：('xpath', "//div[@role='button']") (basics.py:108)
[2022-09-07 14:18:04] [    INFO] 点击元素：('xpath', "//div[@role='button']") (basics.py:214)
[2022-09-07 14:18:05] [    INFO] 查找元素：('id', 'tab-account') (basics.py:108)
[2022-09-07 14:18:05] [    INFO] 点击元素：('id', 'tab-account') (basics.py:214)
[2022-09-07 14:18:06] [    INFO] 查找元素：('xpath', "//*[@id='pane-account']/form/div[1]/div/div[1]/input") (basics.py:108)
[2022-09-07 14:18:06] [    INFO] 输入文本：18645960 (basics.py:145)
[2022-09-07 14:18:08] [    INFO] 查找元素：('xpath', "//*[@id='pane-account']/form/div[2]/div/div[1]/input") (basics.py:108)
[2022-09-07 14:18:08] [    INFO] 输入文本：xLily6x (basics.py:145)
[2022-09-07 14:18:09] [    INFO] 查找元素：('xpath', "//span[text()='我已阅读并接受']/../label/span/span") (basics.py:108)
[2022-09-07 14:18:09] [    INFO] 获取状态：False (basics.py:338)
[2022-09-07 14:18:09] [    INFO] 查找元素：('xpath', "//span[text()='我已阅读并接受']/../label/span/span") (basics.py:108)
[2022-09-07 14:18:09] [    INFO] 点击元素：('xpath', "//span[text()='我已阅读并接受']/../label/span/span") (basics.py:214)
[2022-09-07 14:18:09] [    INFO] 查找元素：('xpath', "//*[@id='pane-account']/form/button") (basics.py:108)
[2022-09-07 14:18:09] [    INFO] 点击元素：('xpath', "//*[@id='pane-account']/form/button") (basics.py:214)
