[2022-09-05 10:49:08] [    INFO] 【PDC】项目【test】环境- UI自动化开始执行 (conftest.py:14)
[2022-09-05 10:49:08] [    INFO] 前置条件：传音统一登录开始 (conftest.py:18)
[2022-09-05 10:49:17] [    INFO] 打开网页：http://bom-sit.transsion.com:10000/ (basics.py:63)
[2022-09-05 10:49:17] [    INFO] 查找元素：('xpath', "//div[@role='button']") (basics.py:106)
[2022-09-05 10:49:17] [    INFO] 点击元素：('xpath', "//div[@role='button']") (basics.py:206)
[2022-09-05 10:49:22] [    INFO] 查找元素：['xpath', "//*[contains(@id,'dropdown-menu-')]//li[1]"] (basics.py:106)
[2022-09-05 10:49:23] [    INFO] 查找元素：('xpath', "//div[@role='button']") (basics.py:106)
[2022-09-05 10:49:23] [    INFO] 点击元素：('xpath', "//div[@role='button']") (basics.py:206)
[2022-09-05 10:49:23] [    INFO] 查找元素：('id', 'tab-account') (basics.py:106)
[2022-09-05 10:49:24] [    INFO] 点击元素：('id', 'tab-account') (basics.py:206)
[2022-09-05 10:49:25] [    INFO] 查找元素：('xpath', "//*[@id='pane-account']/form/div[1]/div/div[1]/input") (basics.py:106)
[2022-09-05 10:49:25] [    INFO] 输入文本：18649277 (basics.py:137)
[2022-09-05 10:49:26] [    INFO] 查找元素：('xpath', "//*[@id='pane-account']/form/div[2]/div/div[1]/input") (basics.py:106)
[2022-09-05 10:49:26] [    INFO] 输入文本：xLily6x (basics.py:137)
[2022-09-05 10:49:28] [    INFO] 查找元素：('xpath', "//span[text()='我已阅读并接受']/../label/span/span") (basics.py:106)
[2022-09-05 10:49:28] [    INFO] 获取状态：False (basics.py:330)
[2022-09-05 10:49:28] [    INFO] 查找元素：('xpath', "//span[text()='我已阅读并接受']/../label/span/span") (basics.py:106)
[2022-09-05 10:49:28] [    INFO] 点击元素：('xpath', "//span[text()='我已阅读并接受']/../label/span/span") (basics.py:206)
[2022-09-05 10:49:28] [    INFO] 查找元素：('xpath', "//*[@id='pane-account']/form/button") (basics.py:106)
[2022-09-05 10:49:28] [    INFO] 点击元素：('xpath', "//*[@id='pane-account']/form/button") (basics.py:206)
[2022-09-05 10:49:35] [    INFO] 前置条件：传音统一登录成功 (conftest.py:25)
[2022-09-05 10:49:35] [    INFO] 查找元素：['xpath', "//li//span[text()='产品任命']"] (basics.py:102)
[2022-09-05 10:49:36] [    INFO] 点击元素：('xpath', "//li//span[text()='产品任命']")产品任命 (basics.py:565)
[2022-09-05 10:49:36] [    INFO] 点击产品任命：产品任命 (test2.py:31)
[2022-09-05 10:49:36] [    INFO] 查找元素：['xpath', "//li//span[normalize-space(text())='区域产品概述']"] (basics.py:102)
[2022-09-05 10:49:37] [    INFO] 点击元素：('xpath', "//li//span[normalize-space(text())='区域产品概述']")区域产品概述 (basics.py:565)
[2022-09-05 10:49:37] [    INFO] 点击区域产品概述：区域产品概述 (test2.py:33)
[2022-09-05 10:49:38] [    INFO] 刷新页面 (basics.py:337)
[2022-09-05 10:49:38] [    INFO] 查找元素：('xpath', "//div[contains(text(),'版本已固化')]/../../../td[@class='el-table_1_column_3   is-hidden el-table__cell']//span[contains(text(),' 分发 ')]") (basics.py:106)
[2022-09-05 10:50:09] [    INFO] 点击元素：('xpath', "//div[contains(text(),'版本已固化')]/../../../td[@class='el-table_1_column_3   is-hidden el-table__cell']//span[contains(text(),' 分发 ')]")None (basics.py:565)
[2022-09-05 10:50:10] [    INFO] 查找元素：('xpath', "//button//span[text()=' +新增 ']") (basics.py:106)
[2022-09-05 10:50:11] [    INFO] 点击元素：('xpath', "//button//span[text()=' +新增 ']")None (basics.py:565)
[2022-09-05 10:50:12] [    INFO] 查找元素：('xpath', "//label[contains(text(),'分发角色')]/..//input") (basics.py:106)
[2022-09-05 10:50:13] [    INFO] 点击元素：('xpath', "//label[contains(text(),'分发角色')]/..//input")None (basics.py:565)
[2022-09-05 10:50:13] [    INFO] 查找元素：['xpath', "//div//span[text()='测试角色']"] (basics.py:102)
[2022-09-05 10:50:43] [    INFO] 查找元素：['xpath', "//div//span[text()='测试角色']"] (basics.py:102)
