[2022-08-05 16:00:18] [    INFO] 【SRM】项目【test】环境- UI自动化开始执行 (conftest.py:17)
[2022-08-05 16:00:18] [    INFO] 前置条件：传音统一登录开始 (conftest.py:22)
[2022-08-05 16:00:19] [    INFO] 打开网页：http://sitsrm.transsion.com/ELSServer_CY/login/login.html (basics.py:64)
[2022-08-05 16:00:19] [    INFO] 查找元素：('xpath', '//input[@id="elsAccount"]') (basics.py:107)
[2022-08-05 16:00:19] [    INFO] 输入文本：860000 (basics.py:138)
[2022-08-05 16:00:20] [    INFO] 查找元素：('xpath', '//input[@id="elsSubAccount"]') (basics.py:107)
[2022-08-05 16:00:20] [    INFO] 输入文本：1001 (basics.py:138)
[2022-08-05 16:00:21] [    INFO] 查找元素：('xpath', '//input[@type="password"]') (basics.py:107)
[2022-08-05 16:00:21] [    INFO] 输入文本：1qaz@WSX (basics.py:138)
[2022-08-05 16:00:21] [    INFO] 查找元素：('xpath', '//input[@id="identifyCode"]') (basics.py:107)
[2022-08-05 16:00:21] [    INFO] 点击元素：('xpath', '//input[@id="identifyCode"]') (basics.py:191)
[2022-08-05 16:00:22] [    INFO] 查找元素：('xpath', '//img[@id="code"]') (basics.py:107)
[2022-08-05 16:00:23] [    INFO] 查找元素：('xpath', '//input[@id="identifyCode"]') (basics.py:107)
[2022-08-05 16:00:23] [    INFO] 输入文本：426 (basics.py:138)
[2022-08-05 16:00:23] [    INFO] 查找元素：('xpath', '//button[@id="submit_btn"]') (basics.py:107)
[2022-08-05 16:00:23] [    INFO] 点击元素：('xpath', '//button[@id="submit_btn"]') (basics.py:191)
[2022-08-05 16:00:24] [ WARNING] 断言失败：URL为预期不一致 | URL: http://sitsrm.transsion.com/ELSServer_CY/login/login.html (assert_ui.py:189)
[2022-08-05 16:00:24] [   ERROR] None
assert 'http://sitsrm.transsion.com/ELSServer_CY/default.jsp?account=860000_1001' in 'http://sitsrm.transsion.com/ELSServer_CY/login/login.html' (assert_ui.py:192)
[2022-08-05 16:00:33] [    INFO] 【SRM】项目【test】环境- UI自动化开始执行 (conftest.py:17)
[2022-08-05 16:00:33] [    INFO] 前置条件：传音统一登录开始 (conftest.py:22)
[2022-08-05 16:00:34] [    INFO] 打开网页：http://sitsrm.transsion.com/ELSServer_CY/login/login.html (basics.py:64)
[2022-08-05 16:00:34] [    INFO] 查找元素：('xpath', '//input[@id="elsAccount"]') (basics.py:107)
[2022-08-05 16:00:34] [    INFO] 输入文本：860000 (basics.py:138)
[2022-08-05 16:00:35] [    INFO] 查找元素：('xpath', '//input[@id="elsSubAccount"]') (basics.py:107)
[2022-08-05 16:00:35] [    INFO] 输入文本：1001 (basics.py:138)
[2022-08-05 16:00:36] [    INFO] 查找元素：('xpath', '//input[@type="password"]') (basics.py:107)
[2022-08-05 16:00:36] [    INFO] 输入文本：1qaz@WSX (basics.py:138)
[2022-08-05 16:00:36] [    INFO] 查找元素：('xpath', '//input[@id="identifyCode"]') (basics.py:107)
[2022-08-05 16:00:36] [    INFO] 点击元素：('xpath', '//input[@id="identifyCode"]') (basics.py:191)
[2022-08-05 16:00:37] [    INFO] 查找元素：('xpath', '//img[@id="code"]') (basics.py:107)
[2022-08-05 16:00:38] [    INFO] 查找元素：('xpath', '//input[@id="identifyCode"]') (basics.py:107)
[2022-08-05 16:00:38] [    INFO] 输入文本：7376 (basics.py:138)
[2022-08-05 16:00:38] [    INFO] 查找元素：('xpath', '//button[@id="submit_btn"]') (basics.py:107)
[2022-08-05 16:00:38] [    INFO] 点击元素：('xpath', '//button[@id="submit_btn"]') (basics.py:191)
[2022-08-05 16:00:38] [    INFO] 断言成功：URL为预期一致 | URL: http://sitsrm.transsion.com/ELSServer_CY/default.jsp?account=860000_1001 (assert_ui.py:190)
[2022-08-05 16:00:38] [    INFO] 前置条件：传音统一登录成功 (conftest.py:31)
[2022-08-05 16:00:38] [    INFO] 查找元素：('xpath', '//span[@title="审批列表"]') (basics.py:107)
[2022-08-05 16:00:39] [    INFO] 点击元素：('xpath', '//span[@title="审批列表"]') (basics.py:191)
[2022-08-05 16:00:41] [    INFO] 查找元素：('xpath', '//iframe[@name="iframeApp_auditList"]') (basics.py:107)
[2022-08-05 16:00:41] [    INFO] 查找元素：('xpath', '//input[@name="taskName"]') (basics.py:107)
[2022-08-05 16:00:41] [    INFO] 点击元素：('xpath', '//input[@name="taskName"]') (basics.py:191)
[2022-08-05 16:00:42] [    INFO] 查找元素：('xpath', '//input[@name="taskName"]') (basics.py:107)
[2022-08-05 16:00:43] [    INFO] 输入文本：周本林 (basics.py:138)
[2022-08-05 16:00:43] [    INFO] 查找元素：('xpath', '//button[text()=" 查询"]') (basics.py:107)
[2022-08-05 16:00:43] [    INFO] 点击元素：('xpath', '//button[text()=" 查询"]') (basics.py:191)
[2022-08-05 16:06:59] [    INFO] 【SRM】项目【test】环境- UI自动化开始执行 (conftest.py:17)
[2022-08-05 16:06:59] [    INFO] 前置条件：传音统一登录开始 (conftest.py:22)
[2022-08-05 16:06:59] [    INFO] 打开网页：http://sitsrm.transsion.com/ELSServer_CY/login/login.html (basics.py:64)
[2022-08-05 16:07:00] [    INFO] 查找元素：('xpath', '//input[@id="elsAccount"]') (basics.py:107)
[2022-08-05 16:07:00] [    INFO] 输入文本：860000 (basics.py:138)
[2022-08-05 16:07:00] [    INFO] 查找元素：('xpath', '//input[@id="elsSubAccount"]') (basics.py:107)
[2022-08-05 16:07:00] [    INFO] 输入文本：1001 (basics.py:138)
[2022-08-05 16:07:01] [    INFO] 查找元素：('xpath', '//input[@type="password"]') (basics.py:107)
[2022-08-05 16:07:01] [    INFO] 输入文本：1qaz@WSX (basics.py:138)
[2022-08-05 16:07:01] [    INFO] 查找元素：('xpath', '//input[@id="identifyCode"]') (basics.py:107)
[2022-08-05 16:07:01] [    INFO] 点击元素：('xpath', '//input[@id="identifyCode"]') (basics.py:191)
[2022-08-05 16:07:02] [    INFO] 查找元素：('xpath', '//img[@id="code"]') (basics.py:107)
[2022-08-05 16:07:04] [    INFO] 查找元素：('xpath', '//input[@id="identifyCode"]') (basics.py:107)
[2022-08-05 16:07:04] [    INFO] 输入文本：3685 (basics.py:138)
[2022-08-05 16:07:04] [    INFO] 查找元素：('xpath', '//button[@id="submit_btn"]') (basics.py:107)
[2022-08-05 16:07:04] [    INFO] 点击元素：('xpath', '//button[@id="submit_btn"]') (basics.py:191)
[2022-08-05 16:07:04] [    INFO] 断言成功：URL为预期一致 | URL: http://sitsrm.transsion.com/ELSServer_CY/default.jsp?account=860000_1001 (assert_ui.py:190)
[2022-08-05 16:07:04] [    INFO] 前置条件：传音统一登录成功 (conftest.py:31)
[2022-08-05 16:07:04] [    INFO] 查找元素：('xpath', '//span[@title="审批列表"]') (basics.py:107)
[2022-08-05 16:07:05] [    INFO] 点击元素：('xpath', '//span[@title="审批列表"]') (basics.py:191)
[2022-08-05 16:07:07] [    INFO] 查找元素：('xpath', '//iframe[@name="iframeApp_auditList"]') (basics.py:107)
[2022-08-05 16:07:07] [    INFO] 查找元素：('xpath', '//input[@name="taskName"]') (basics.py:107)
[2022-08-05 16:07:07] [    INFO] 点击元素：('xpath', '//input[@name="taskName"]') (basics.py:191)
[2022-08-05 16:07:08] [    INFO] 查找元素：('xpath', '//input[@name="taskName"]') (basics.py:107)
[2022-08-05 16:07:08] [    INFO] 输入文本：周本林 (basics.py:138)
[2022-08-05 16:07:08] [    INFO] 查找元素：('xpath', '//button[text()=" 查询"]') (basics.py:107)
[2022-08-05 16:07:08] [    INFO] 点击元素：('xpath', '//button[text()=" 查询"]') (basics.py:191)
[2022-08-05 16:07:09] [    INFO] 查找元素：('xpath', '//input[@name="taskName"]') (basics.py:107)
[2022-08-05 16:16:43] [    INFO] 【SRM】项目【test】环境- UI自动化开始执行 (conftest.py:17)
[2022-08-05 16:16:43] [    INFO] 前置条件：传音统一登录开始 (conftest.py:22)
[2022-08-05 16:16:44] [    INFO] 打开网页：http://sitsrm.transsion.com/ELSServer_CY/login/login.html (basics.py:64)
[2022-08-05 16:16:44] [    INFO] 查找元素：('xpath', '//input[@id="elsAccount"]') (basics.py:107)
[2022-08-05 16:16:44] [    INFO] 输入文本：860000 (basics.py:138)
[2022-08-05 16:16:45] [    INFO] 查找元素：('xpath', '//input[@id="elsSubAccount"]') (basics.py:107)
[2022-08-05 16:16:45] [    INFO] 输入文本：1001 (basics.py:138)
[2022-08-05 16:16:45] [    INFO] 查找元素：('xpath', '//input[@type="password"]') (basics.py:107)
[2022-08-05 16:16:45] [    INFO] 输入文本：1qaz@WSX (basics.py:138)
[2022-08-05 16:16:45] [    INFO] 查找元素：('xpath', '//input[@id="identifyCode"]') (basics.py:107)
[2022-08-05 16:16:45] [    INFO] 点击元素：('xpath', '//input[@id="identifyCode"]') (basics.py:191)
[2022-08-05 16:16:47] [    INFO] 查找元素：('xpath', '//img[@id="code"]') (basics.py:107)
[2022-08-05 16:16:48] [    INFO] 查找元素：('xpath', '//input[@id="identifyCode"]') (basics.py:107)
[2022-08-05 16:16:48] [    INFO] 输入文本：9796 (basics.py:138)
[2022-08-05 16:16:48] [    INFO] 查找元素：('xpath', '//button[@id="submit_btn"]') (basics.py:107)
[2022-08-05 16:16:48] [    INFO] 点击元素：('xpath', '//button[@id="submit_btn"]') (basics.py:191)
[2022-08-05 16:16:49] [    INFO] 断言成功：URL为预期一致 | URL: http://sitsrm.transsion.com/ELSServer_CY/default.jsp?account=860000_1001 (assert_ui.py:190)
[2022-08-05 16:16:49] [    INFO] 前置条件：传音统一登录成功 (conftest.py:31)
[2022-08-05 16:16:49] [    INFO] 查找元素：('xpath', '//span[@title="审批列表"]') (basics.py:107)
[2022-08-05 16:16:49] [    INFO] 点击元素：('xpath', '//span[@title="审批列表"]') (basics.py:191)
[2022-08-05 16:16:52] [    INFO] 查找元素：('xpath', '//iframe[@name="iframeApp_auditList"]') (basics.py:107)
[2022-08-05 16:16:52] [    INFO] 查找元素：('xpath', '//input[@name="taskName"]') (basics.py:107)
[2022-08-05 16:16:52] [    INFO] 点击元素：('xpath', '//input[@name="taskName"]') (basics.py:191)
[2022-08-05 16:16:53] [    INFO] 查找元素：('xpath', '//input[@name="taskName"]') (basics.py:107)
[2022-08-05 16:16:53] [    INFO] 输入文本：周本林 (basics.py:138)
[2022-08-05 16:16:53] [    INFO] 查找元素：('xpath', '//button[text()=" 查询"]') (basics.py:107)
[2022-08-05 16:16:53] [    INFO] 点击元素：('xpath', '//button[text()=" 查询"]') (basics.py:191)
[2022-08-05 16:16:53] [    INFO] 查找元素：('xpath', '//input[@name="taskName"]') (basics.py:107)
[2022-08-05 16:16:53] [    INFO] 查找元素：('xpath', '//input[@name="subject"]') (basics.py:107)
[2022-08-05 16:16:54] [    INFO] 点击元素：('xpath', '//input[@name="subject"]') (basics.py:191)
[2022-08-05 16:16:55] [    INFO] 查找元素：('xpath', '//input[@name="subject"]') (basics.py:107)
[2022-08-05 16:16:55] [    INFO] 输入文本：20220628000011 (basics.py:138)
[2022-08-05 16:16:55] [    INFO] 查找元素：('xpath', '//button[text()=" 查询"]') (basics.py:107)
[2022-08-05 16:16:55] [    INFO] 点击元素：('xpath', '//button[text()=" 查询"]') (basics.py:191)
[2022-08-05 16:16:55] [    INFO] 查找元素：('xpath', '//input[@name="subject"]') (basics.py:107)
[2022-08-05 16:16:55] [    INFO] 查找元素：('xpath', '//button[text()=" 更多"]') (basics.py:107)
[2022-08-05 16:16:55] [    INFO] 点击元素：('xpath', '//button[text()=" 更多"]') (basics.py:191)
[2022-08-05 16:16:56] [    INFO] 查找元素：('xpath', '//input[@name="promoterName"]') (basics.py:107)
[2022-08-05 16:16:56] [    INFO] 点击元素：('xpath', '//input[@name="promoterName"]') (basics.py:191)
[2022-08-05 16:16:57] [    INFO] 查找元素：('xpath', '//input[@name="promoterName"]') (basics.py:107)
[2022-08-05 16:16:57] [    INFO] 输入文本：管理员 (basics.py:138)
[2022-08-05 16:17:42] [    INFO] 【SRM】项目【test】环境- UI自动化开始执行 (conftest.py:17)
[2022-08-05 16:17:42] [    INFO] 前置条件：传音统一登录开始 (conftest.py:22)
[2022-08-05 16:17:43] [    INFO] 打开网页：http://sitsrm.transsion.com/ELSServer_CY/login/login.html (basics.py:64)
[2022-08-05 16:17:43] [    INFO] 查找元素：('xpath', '//input[@id="elsAccount"]') (basics.py:107)
[2022-08-05 16:17:43] [    INFO] 输入文本：860000 (basics.py:138)
[2022-08-05 16:17:44] [    INFO] 查找元素：('xpath', '//input[@id="elsSubAccount"]') (basics.py:107)
[2022-08-05 16:17:44] [    INFO] 输入文本：1001 (basics.py:138)
[2022-08-05 16:17:44] [    INFO] 查找元素：('xpath', '//input[@type="password"]') (basics.py:107)
[2022-08-05 16:17:44] [    INFO] 输入文本：1qaz@WSX (basics.py:138)
[2022-08-05 16:17:44] [    INFO] 查找元素：('xpath', '//input[@id="identifyCode"]') (basics.py:107)
[2022-08-05 16:17:44] [    INFO] 点击元素：('xpath', '//input[@id="identifyCode"]') (basics.py:191)
[2022-08-05 16:17:46] [    INFO] 查找元素：('xpath', '//img[@id="code"]') (basics.py:107)
[2022-08-05 16:17:47] [    INFO] 查找元素：('xpath', '//input[@id="identifyCode"]') (basics.py:107)
[2022-08-05 16:17:47] [    INFO] 输入文本：8263 (basics.py:138)
[2022-08-05 16:17:47] [    INFO] 查找元素：('xpath', '//button[@id="submit_btn"]') (basics.py:107)
[2022-08-05 16:17:47] [    INFO] 点击元素：('xpath', '//button[@id="submit_btn"]') (basics.py:191)
[2022-08-05 16:17:48] [    INFO] 断言成功：URL为预期一致 | URL: http://sitsrm.transsion.com/ELSServer_CY/default.jsp?account=860000_1001 (assert_ui.py:190)
[2022-08-05 16:17:48] [    INFO] 前置条件：传音统一登录成功 (conftest.py:31)
[2022-08-05 16:17:48] [    INFO] 查找元素：('xpath', '//span[@title="审批列表"]') (basics.py:107)
[2022-08-05 16:17:48] [    INFO] 点击元素：('xpath', '//span[@title="审批列表"]') (basics.py:191)
[2022-08-05 16:17:51] [    INFO] 查找元素：('xpath', '//iframe[@name="iframeApp_auditList"]') (basics.py:107)
[2022-08-05 16:17:51] [    INFO] 查找元素：('xpath', '//input[@name="taskName"]') (basics.py:107)
[2022-08-05 16:17:51] [    INFO] 点击元素：('xpath', '//input[@name="taskName"]') (basics.py:191)
[2022-08-05 16:17:52] [    INFO] 查找元素：('xpath', '//input[@name="taskName"]') (basics.py:107)
[2022-08-05 16:17:52] [    INFO] 输入文本：周本林 (basics.py:138)
[2022-08-05 16:17:52] [    INFO] 查找元素：('xpath', '//button[text()=" 查询"]') (basics.py:107)
[2022-08-05 16:17:52] [    INFO] 点击元素：('xpath', '//button[text()=" 查询"]') (basics.py:191)
[2022-08-05 16:17:52] [    INFO] 查找元素：('xpath', '//input[@name="taskName"]') (basics.py:107)
[2022-08-05 16:17:52] [    INFO] 查找元素：('xpath', '//input[@name="subject"]') (basics.py:107)
[2022-08-05 16:17:52] [    INFO] 点击元素：('xpath', '//input[@name="subject"]') (basics.py:191)
[2022-08-05 16:17:53] [    INFO] 查找元素：('xpath', '//input[@name="subject"]') (basics.py:107)
[2022-08-05 16:17:54] [    INFO] 输入文本：20220628000011 (basics.py:138)
[2022-08-05 16:17:54] [    INFO] 查找元素：('xpath', '//button[text()=" 查询"]') (basics.py:107)
[2022-08-05 16:17:54] [    INFO] 点击元素：('xpath', '//button[text()=" 查询"]') (basics.py:191)
[2022-08-05 16:17:54] [    INFO] 查找元素：('xpath', '//input[@name="subject"]') (basics.py:107)
[2022-08-05 16:17:54] [    INFO] 查找元素：('xpath', '//button[text()=" 更多"]') (basics.py:107)
[2022-08-05 16:17:54] [    INFO] 点击元素：('xpath', '//button[text()=" 更多"]') (basics.py:191)
[2022-08-05 16:17:55] [    INFO] 查找元素：('xpath', '//input[@name="promoterName"]') (basics.py:107)
[2022-08-05 16:17:55] [    INFO] 点击元素：('xpath', '//input[@name="promoterName"]') (basics.py:191)
[2022-08-05 16:17:56] [    INFO] 查找元素：('xpath', '//input[@name="promoterName"]') (basics.py:107)
[2022-08-05 16:17:56] [    INFO] 输入文本：管理员 (basics.py:138)
[2022-08-05 16:17:56] [    INFO] 查找元素：('xpath', '//button[text()=" 查询"]') (basics.py:107)
[2022-08-05 16:17:56] [    INFO] 点击元素：('xpath', '//button[text()=" 查询"]') (basics.py:191)
[2022-08-05 16:18:38] [    INFO] 【SRM】项目【test】环境- UI自动化开始执行 (conftest.py:17)
[2022-08-05 16:18:38] [    INFO] 前置条件：传音统一登录开始 (conftest.py:22)
[2022-08-05 16:18:39] [    INFO] 打开网页：http://sitsrm.transsion.com/ELSServer_CY/login/login.html (basics.py:64)
[2022-08-05 16:18:39] [    INFO] 查找元素：('xpath', '//input[@id="elsAccount"]') (basics.py:107)
[2022-08-05 16:18:39] [    INFO] 输入文本：860000 (basics.py:138)
[2022-08-05 16:18:40] [    INFO] 查找元素：('xpath', '//input[@id="elsSubAccount"]') (basics.py:107)
[2022-08-05 16:18:40] [    INFO] 输入文本：1001 (basics.py:138)
[2022-08-05 16:18:40] [    INFO] 查找元素：('xpath', '//input[@type="password"]') (basics.py:107)
[2022-08-05 16:18:40] [    INFO] 输入文本：1qaz@WSX (basics.py:138)
[2022-08-05 16:18:40] [    INFO] 查找元素：('xpath', '//input[@id="identifyCode"]') (basics.py:107)
[2022-08-05 16:18:40] [    INFO] 点击元素：('xpath', '//input[@id="identifyCode"]') (basics.py:191)
[2022-08-05 16:18:42] [    INFO] 查找元素：('xpath', '//img[@id="code"]') (basics.py:107)
[2022-08-05 16:18:43] [    INFO] 查找元素：('xpath', '//input[@id="identifyCode"]') (basics.py:107)
[2022-08-05 16:18:43] [    INFO] 输入文本：6221 (basics.py:138)
[2022-08-05 16:18:43] [    INFO] 查找元素：('xpath', '//button[@id="submit_btn"]') (basics.py:107)
[2022-08-05 16:18:43] [    INFO] 点击元素：('xpath', '//button[@id="submit_btn"]') (basics.py:191)
[2022-08-05 16:18:44] [    INFO] 断言成功：URL为预期一致 | URL: http://sitsrm.transsion.com/ELSServer_CY/default.jsp?account=860000_1001 (assert_ui.py:190)
[2022-08-05 16:18:44] [    INFO] 前置条件：传音统一登录成功 (conftest.py:31)
[2022-08-05 16:18:44] [    INFO] 查找元素：('xpath', '//span[@title="审批列表"]') (basics.py:107)
[2022-08-05 16:18:44] [    INFO] 点击元素：('xpath', '//span[@title="审批列表"]') (basics.py:191)
[2022-08-05 16:18:45] [    INFO] 查找元素：('xpath', '//iframe[@name="iframeApp_auditList"]') (basics.py:107)
[2022-08-05 16:18:45] [    INFO] 查找元素：('xpath', '//input[@name="taskName"]') (basics.py:107)
[2022-08-05 16:18:45] [    INFO] 点击元素：('xpath', '//input[@name="taskName"]') (basics.py:191)
[2022-08-05 16:18:46] [    INFO] 查找元素：('xpath', '//input[@name="taskName"]') (basics.py:107)
[2022-08-05 16:18:46] [    INFO] 输入文本：周本林 (basics.py:138)
[2022-08-05 16:18:46] [    INFO] 查找元素：('xpath', '//button[text()=" 查询"]') (basics.py:107)
[2022-08-05 16:18:46] [    INFO] 点击元素：('xpath', '//button[text()=" 查询"]') (basics.py:191)
[2022-08-05 16:18:47] [    INFO] 查找元素：('xpath', '//input[@name="taskName"]') (basics.py:107)
[2022-08-05 16:18:47] [    INFO] 查找元素：('xpath', '//input[@name="subject"]') (basics.py:107)
[2022-08-05 16:18:47] [    INFO] 点击元素：('xpath', '//input[@name="subject"]') (basics.py:191)
[2022-08-05 16:18:48] [    INFO] 查找元素：('xpath', '//input[@name="subject"]') (basics.py:107)
[2022-08-05 16:18:48] [    INFO] 输入文本：20220628000011 (basics.py:138)
[2022-08-05 16:18:48] [    INFO] 查找元素：('xpath', '//button[text()=" 查询"]') (basics.py:107)
[2022-08-05 16:18:48] [    INFO] 点击元素：('xpath', '//button[text()=" 查询"]') (basics.py:191)
[2022-08-05 16:18:49] [    INFO] 查找元素：('xpath', '//input[@name="subject"]') (basics.py:107)
[2022-08-05 16:18:49] [    INFO] 查找元素：('xpath', '//button[text()=" 更多"]') (basics.py:107)
[2022-08-05 16:18:49] [    INFO] 点击元素：('xpath', '//button[text()=" 更多"]') (basics.py:191)
[2022-08-05 16:18:49] [    INFO] 查找元素：('xpath', '//input[@name="promoterName"]') (basics.py:107)
[2022-08-05 16:18:49] [    INFO] 点击元素：('xpath', '//input[@name="promoterName"]') (basics.py:191)
[2022-08-05 16:18:50] [    INFO] 查找元素：('xpath', '//input[@name="promoterName"]') (basics.py:107)
[2022-08-05 16:18:50] [    INFO] 输入文本：管理员 (basics.py:138)
[2022-08-05 16:18:50] [    INFO] 查找元素：('xpath', '//button[text()=" 查询"]') (basics.py:107)
[2022-08-05 16:18:50] [    INFO] 点击元素：('xpath', '//button[text()=" 查询"]') (basics.py:191)
[2022-08-05 16:35:07] [    INFO] 【SRM】项目【test】环境- UI自动化开始执行 (conftest.py:17)
[2022-08-05 16:35:07] [    INFO] 前置条件：传音统一登录开始 (conftest.py:22)
[2022-08-05 16:35:08] [    INFO] 打开网页：http://sitsrm.transsion.com/ELSServer_CY/login/login.html (basics.py:64)
[2022-08-05 16:35:08] [    INFO] 查找元素：('xpath', '//input[@id="elsAccount"]') (basics.py:107)
[2022-08-05 16:35:08] [    INFO] 输入文本：860000 (basics.py:138)
[2022-08-05 16:35:09] [    INFO] 查找元素：('xpath', '//input[@id="elsSubAccount"]') (basics.py:107)
[2022-08-05 16:35:09] [    INFO] 输入文本：1001 (basics.py:138)
[2022-08-05 16:35:09] [    INFO] 查找元素：('xpath', '//input[@type="password"]') (basics.py:107)
[2022-08-05 16:35:09] [    INFO] 输入文本：1qaz@WSX (basics.py:138)
[2022-08-05 16:35:09] [    INFO] 查找元素：('xpath', '//input[@id="identifyCode"]') (basics.py:107)
[2022-08-05 16:35:10] [    INFO] 点击元素：('xpath', '//input[@id="identifyCode"]') (basics.py:191)
[2022-08-05 16:35:11] [    INFO] 查找元素：('xpath', '//img[@id="code"]') (basics.py:107)
[2022-08-05 16:35:12] [    INFO] 查找元素：('xpath', '//input[@id="identifyCode"]') (basics.py:107)
[2022-08-05 16:35:12] [    INFO] 输入文本：0874 (basics.py:138)
[2022-08-05 16:35:12] [    INFO] 查找元素：('xpath', '//button[@id="submit_btn"]') (basics.py:107)
[2022-08-05 16:35:12] [    INFO] 点击元素：('xpath', '//button[@id="submit_btn"]') (basics.py:191)
[2022-08-05 16:35:13] [    INFO] 断言成功：URL为预期一致 | URL: http://sitsrm.transsion.com/ELSServer_CY/default.jsp?account=860000_1001 (assert_ui.py:190)
[2022-08-05 16:35:13] [    INFO] 前置条件：传音统一登录成功 (conftest.py:31)
[2022-08-05 16:35:13] [    INFO] 查找元素：('xpath', '//span[@title="审批列表"]') (basics.py:107)
[2022-08-05 16:35:13] [    INFO] 点击元素：('xpath', '//span[@title="审批列表"]') (basics.py:191)
[2022-08-05 16:35:13] [    INFO] 查找元素：('xpath', '//iframe[@name="iframeApp_auditList"]') (basics.py:107)
[2022-08-05 16:35:14] [    INFO] 查找元素：('xpath', '//input[@name="taskName"]') (basics.py:107)
[2022-08-05 16:35:14] [    INFO] 点击元素：('xpath', '//input[@name="taskName"]') (basics.py:191)
[2022-08-05 16:35:15] [    INFO] 查找元素：('xpath', '//input[@name="taskName"]') (basics.py:107)
[2022-08-05 16:35:15] [    INFO] 输入文本：周本林 (basics.py:138)
[2022-08-05 16:35:15] [    INFO] 查找元素：('xpath', '//button[text()=" 查询"]') (basics.py:107)
[2022-08-05 16:35:15] [    INFO] 点击元素：('xpath', '//button[text()=" 查询"]') (basics.py:191)
[2022-08-05 16:35:16] [    INFO] 查找元素：('xpath', '//input[@name="taskName"]') (basics.py:107)
[2022-08-05 16:35:16] [    INFO] 查找元素：('xpath', '//input[@name="subject"]') (basics.py:107)
[2022-08-05 16:35:16] [    INFO] 点击元素：('xpath', '//input[@name="subject"]') (basics.py:191)
[2022-08-05 16:35:17] [    INFO] 查找元素：('xpath', '//input[@name="subject"]') (basics.py:107)
[2022-08-05 16:35:17] [    INFO] 输入文本：20220628000011 (basics.py:138)
[2022-08-05 16:35:17] [    INFO] 查找元素：('xpath', '//button[text()=" 查询"]') (basics.py:107)
[2022-08-05 16:35:17] [    INFO] 点击元素：('xpath', '//button[text()=" 查询"]') (basics.py:191)
[2022-08-05 16:35:18] [    INFO] 查找元素：('xpath', '//input[@name="subject"]') (basics.py:107)
[2022-08-05 16:35:18] [    INFO] 查找元素：('xpath', '//button[text()=" 更多"]') (basics.py:107)
[2022-08-05 16:35:18] [    INFO] 点击元素：('xpath', '//button[text()=" 更多"]') (basics.py:191)
[2022-08-05 16:35:18] [    INFO] 查找元素：('xpath', '//input[@name="promoterName"]') (basics.py:107)
[2022-08-05 16:35:18] [    INFO] 点击元素：('xpath', '//input[@name="promoterName"]') (basics.py:191)
[2022-08-05 16:35:19] [    INFO] 查找元素：('xpath', '//input[@name="promoterName"]') (basics.py:107)
[2022-08-05 16:35:19] [    INFO] 输入文本：管理员 (basics.py:138)
[2022-08-05 16:35:19] [    INFO] 查找元素：('xpath', '//button[text()=" 查询"]') (basics.py:107)
[2022-08-05 16:35:19] [    INFO] 点击元素：('xpath', '//button[text()=" 查询"]') (basics.py:191)
[2022-08-05 16:35:20] [    INFO] 查找元素：('xpath', '//div[@id="pq-body-cell-u0-0-2-right"]/span') (basics.py:107)
[2022-08-05 16:35:20] [    INFO] 点击元素：('xpath', '//div[@id="pq-body-cell-u0-0-2-right"]/span') (basics.py:191)
[2022-08-05 16:35:21] [    INFO] 查找元素：('xpath', '//iframe[@class="iframeApp"]') (basics.py:107)
[2022-08-05 16:46:44] [    INFO] 【SRM】项目【test】环境- UI自动化开始执行 (conftest.py:17)
[2022-08-05 16:46:44] [    INFO] 前置条件：传音统一登录开始 (conftest.py:22)
[2022-08-05 16:46:45] [    INFO] 打开网页：http://sitsrm.transsion.com/ELSServer_CY/login/login.html (basics.py:64)
[2022-08-05 16:46:45] [    INFO] 查找元素：('xpath', '//input[@id="elsAccount"]') (basics.py:107)
[2022-08-05 16:46:46] [    INFO] 输入文本：860000 (basics.py:138)
[2022-08-05 16:46:46] [    INFO] 查找元素：('xpath', '//input[@id="elsSubAccount"]') (basics.py:107)
[2022-08-05 16:46:46] [    INFO] 输入文本：1001 (basics.py:138)
[2022-08-05 16:46:47] [    INFO] 查找元素：('xpath', '//input[@type="password"]') (basics.py:107)
[2022-08-05 16:46:47] [    INFO] 输入文本：1qaz@WSX (basics.py:138)
[2022-08-05 16:46:47] [    INFO] 查找元素：('xpath', '//input[@id="identifyCode"]') (basics.py:107)
[2022-08-05 16:46:47] [    INFO] 点击元素：('xpath', '//input[@id="identifyCode"]') (basics.py:191)
[2022-08-05 16:46:48] [    INFO] 查找元素：('xpath', '//img[@id="code"]') (basics.py:107)
[2022-08-05 16:46:49] [    INFO] 查找元素：('xpath', '//input[@id="identifyCode"]') (basics.py:107)
[2022-08-05 16:46:49] [    INFO] 输入文本：9746 (basics.py:138)
[2022-08-05 16:46:49] [    INFO] 查找元素：('xpath', '//button[@id="submit_btn"]') (basics.py:107)
[2022-08-05 16:46:49] [    INFO] 点击元素：('xpath', '//button[@id="submit_btn"]') (basics.py:191)
[2022-08-05 16:46:50] [    INFO] 断言成功：URL为预期一致 | URL: http://sitsrm.transsion.com/ELSServer_CY/default.jsp?account=860000_1001 (assert_ui.py:190)
[2022-08-05 16:46:50] [    INFO] 前置条件：传音统一登录成功 (conftest.py:31)
[2022-08-05 16:46:50] [    INFO] 查找元素：('xpath', '//span[@title="审批列表"]') (basics.py:107)
[2022-08-05 16:46:51] [    INFO] 点击元素：('xpath', '//span[@title="审批列表"]') (basics.py:191)
[2022-08-05 16:46:51] [    INFO] 查找元素：('xpath', '//iframe[@name="iframeApp_auditList"]') (basics.py:107)
[2022-08-05 16:46:52] [    INFO] 查找元素：('xpath', '//input[@name="taskName"]') (basics.py:107)
[2022-08-05 16:46:52] [    INFO] 点击元素：('xpath', '//input[@name="taskName"]') (basics.py:191)
[2022-08-05 16:46:53] [    INFO] 查找元素：('xpath', '//input[@name="taskName"]') (basics.py:107)
[2022-08-05 16:46:53] [    INFO] 输入文本：周本林 (basics.py:138)
[2022-08-05 16:46:53] [    INFO] 查找元素：('xpath', '//button[text()=" 查询"]') (basics.py:107)
[2022-08-05 16:46:53] [    INFO] 点击元素：('xpath', '//button[text()=" 查询"]') (basics.py:191)
[2022-08-05 16:46:53] [    INFO] 查找元素：('xpath', '//input[@name="taskName"]') (basics.py:107)
[2022-08-05 16:46:53] [    INFO] 查找元素：('xpath', '//input[@name="subject"]') (basics.py:107)
[2022-08-05 16:46:53] [    INFO] 点击元素：('xpath', '//input[@name="subject"]') (basics.py:191)
[2022-08-05 16:46:54] [    INFO] 查找元素：('xpath', '//input[@name="subject"]') (basics.py:107)
[2022-08-05 16:46:54] [    INFO] 输入文本：20220628000011 (basics.py:138)
[2022-08-05 16:46:54] [    INFO] 查找元素：('xpath', '//button[text()=" 查询"]') (basics.py:107)
[2022-08-05 16:46:55] [    INFO] 点击元素：('xpath', '//button[text()=" 查询"]') (basics.py:191)
[2022-08-05 16:46:55] [    INFO] 查找元素：('xpath', '//input[@name="subject"]') (basics.py:107)
[2022-08-05 16:46:55] [    INFO] 查找元素：('xpath', '//button[text()=" 更多"]') (basics.py:107)
[2022-08-05 16:46:55] [    INFO] 点击元素：('xpath', '//button[text()=" 更多"]') (basics.py:191)
[2022-08-05 16:46:56] [    INFO] 查找元素：('xpath', '//input[@name="promoterName"]') (basics.py:107)
[2022-08-05 16:46:56] [    INFO] 点击元素：('xpath', '//input[@name="promoterName"]') (basics.py:191)
[2022-08-05 16:46:57] [    INFO] 查找元素：('xpath', '//input[@name="promoterName"]') (basics.py:107)
[2022-08-05 16:46:57] [    INFO] 输入文本：管理员 (basics.py:138)
[2022-08-05 16:46:57] [    INFO] 查找元素：('xpath', '//button[text()=" 查询"]') (basics.py:107)
[2022-08-05 16:46:57] [    INFO] 点击元素：('xpath', '//button[text()=" 查询"]') (basics.py:191)
[2022-08-05 16:46:57] [    INFO] 查找元素：('xpath', '//div[@id="pq-body-cell-u0-0-2-right"]/span') (basics.py:107)
[2022-08-05 16:46:57] [    INFO] 点击元素：('xpath', '//div[@id="pq-body-cell-u0-0-2-right"]/span') (basics.py:191)
[2022-08-05 16:46:58] [    INFO] 查找元素：('xpath', '//div[3]//iframe[@class="iframeApp"]') (basics.py:107)
[2022-08-05 16:49:36] [    INFO] 【SRM】项目【test】环境- UI自动化开始执行 (conftest.py:17)
[2022-08-05 16:49:36] [    INFO] 前置条件：传音统一登录开始 (conftest.py:22)
[2022-08-05 16:49:38] [    INFO] 打开网页：http://sitsrm.transsion.com/ELSServer_CY/login/login.html (basics.py:64)
[2022-08-05 16:49:38] [    INFO] 查找元素：('xpath', '//input[@id="elsAccount"]') (basics.py:107)
[2022-08-05 16:49:39] [    INFO] 输入文本：860000 (basics.py:138)
[2022-08-05 16:49:39] [    INFO] 查找元素：('xpath', '//input[@id="elsSubAccount"]') (basics.py:107)
[2022-08-05 16:49:39] [    INFO] 输入文本：1001 (basics.py:138)
[2022-08-05 16:49:40] [    INFO] 查找元素：('xpath', '//input[@type="password"]') (basics.py:107)
[2022-08-05 16:49:40] [    INFO] 输入文本：1qaz@WSX (basics.py:138)
[2022-08-05 16:49:40] [    INFO] 查找元素：('xpath', '//input[@id="identifyCode"]') (basics.py:107)
[2022-08-05 16:49:40] [    INFO] 点击元素：('xpath', '//input[@id="identifyCode"]') (basics.py:191)
[2022-08-05 16:49:41] [    INFO] 查找元素：('xpath', '//img[@id="code"]') (basics.py:107)
[2022-08-05 16:49:42] [    INFO] 查找元素：('xpath', '//input[@id="identifyCode"]') (basics.py:107)
[2022-08-05 16:49:43] [    INFO] 输入文本：7672 (basics.py:138)
[2022-08-05 16:49:43] [    INFO] 查找元素：('xpath', '//button[@id="submit_btn"]') (basics.py:107)
[2022-08-05 16:49:43] [    INFO] 点击元素：('xpath', '//button[@id="submit_btn"]') (basics.py:191)
[2022-08-05 16:49:44] [    INFO] 断言成功：URL为预期一致 | URL: http://sitsrm.transsion.com/ELSServer_CY/default.jsp?account=860000_1001 (assert_ui.py:190)
[2022-08-05 16:49:44] [    INFO] 前置条件：传音统一登录成功 (conftest.py:31)
[2022-08-05 16:49:44] [    INFO] 查找元素：('xpath', '//span[@title="审批列表"]') (basics.py:107)
[2022-08-05 16:49:44] [    INFO] 点击元素：('xpath', '//span[@title="审批列表"]') (basics.py:191)
[2022-08-05 16:49:45] [    INFO] 查找元素：('xpath', '//iframe[@name="iframeApp_auditList"]') (basics.py:107)
[2022-08-05 16:49:46] [    INFO] 查找元素：('xpath', '//input[@name="taskName"]') (basics.py:107)
[2022-08-05 16:49:46] [    INFO] 点击元素：('xpath', '//input[@name="taskName"]') (basics.py:191)
[2022-08-05 16:49:47] [    INFO] 查找元素：('xpath', '//input[@name="taskName"]') (basics.py:107)
[2022-08-05 16:49:47] [    INFO] 输入文本：周本林 (basics.py:138)
[2022-08-05 16:49:47] [    INFO] 查找元素：('xpath', '//button[text()=" 查询"]') (basics.py:107)
[2022-08-05 16:49:47] [    INFO] 点击元素：('xpath', '//button[text()=" 查询"]') (basics.py:191)
[2022-08-05 16:49:47] [    INFO] 查找元素：('xpath', '//input[@name="taskName"]') (basics.py:107)
[2022-08-05 16:49:47] [    INFO] 查找元素：('xpath', '//input[@name="subject"]') (basics.py:107)
[2022-08-05 16:49:47] [    INFO] 点击元素：('xpath', '//input[@name="subject"]') (basics.py:191)
[2022-08-05 16:49:48] [    INFO] 查找元素：('xpath', '//input[@name="subject"]') (basics.py:107)
[2022-08-05 16:49:48] [    INFO] 输入文本：20220628000011 (basics.py:138)
[2022-08-05 16:49:48] [    INFO] 查找元素：('xpath', '//button[text()=" 查询"]') (basics.py:107)
[2022-08-05 16:49:48] [    INFO] 点击元素：('xpath', '//button[text()=" 查询"]') (basics.py:191)
[2022-08-05 16:49:49] [    INFO] 查找元素：('xpath', '//input[@name="subject"]') (basics.py:107)
[2022-08-05 16:49:49] [    INFO] 查找元素：('xpath', '//button[text()=" 更多"]') (basics.py:107)
[2022-08-05 16:49:49] [    INFO] 点击元素：('xpath', '//button[text()=" 更多"]') (basics.py:191)
[2022-08-05 16:49:50] [    INFO] 查找元素：('xpath', '//input[@name="promoterName"]') (basics.py:107)
[2022-08-05 16:49:50] [    INFO] 点击元素：('xpath', '//input[@name="promoterName"]') (basics.py:191)
[2022-08-05 16:49:51] [    INFO] 查找元素：('xpath', '//input[@name="promoterName"]') (basics.py:107)
[2022-08-05 16:49:51] [    INFO] 输入文本：管理员 (basics.py:138)
[2022-08-05 16:49:51] [    INFO] 查找元素：('xpath', '//button[text()=" 查询"]') (basics.py:107)
[2022-08-05 16:49:51] [    INFO] 点击元素：('xpath', '//button[text()=" 查询"]') (basics.py:191)
[2022-08-05 16:49:51] [    INFO] 查找元素：('xpath', '//div[@id="pq-body-cell-u0-0-2-right"]/span') (basics.py:107)
[2022-08-05 16:49:51] [    INFO] 点击元素：('xpath', '//div[@id="pq-body-cell-u0-0-2-right"]/span') (basics.py:191)
[2022-08-05 16:49:52] [    INFO] 查找元素：('xpath', '//div[3]//iframe[@class="iframeApp"]') (basics.py:107)
[2022-08-05 16:52:31] [    INFO] 【SRM】项目【test】环境- UI自动化开始执行 (conftest.py:17)
[2022-08-05 16:52:31] [    INFO] 前置条件：传音统一登录开始 (conftest.py:22)
[2022-08-05 16:52:32] [    INFO] 打开网页：http://sitsrm.transsion.com/ELSServer_CY/login/login.html (basics.py:64)
[2022-08-05 16:52:32] [    INFO] 查找元素：('xpath', '//input[@id="elsAccount"]') (basics.py:107)
[2022-08-05 16:52:32] [    INFO] 输入文本：860000 (basics.py:138)
[2022-08-05 16:52:33] [    INFO] 查找元素：('xpath', '//input[@id="elsSubAccount"]') (basics.py:107)
[2022-08-05 16:52:33] [    INFO] 输入文本：1001 (basics.py:138)
[2022-08-05 16:52:33] [    INFO] 查找元素：('xpath', '//input[@type="password"]') (basics.py:107)
[2022-08-05 16:52:34] [    INFO] 输入文本：1qaz@WSX (basics.py:138)
[2022-08-05 16:52:34] [    INFO] 查找元素：('xpath', '//input[@id="identifyCode"]') (basics.py:107)
[2022-08-05 16:52:34] [    INFO] 点击元素：('xpath', '//input[@id="identifyCode"]') (basics.py:191)
[2022-08-05 16:52:35] [    INFO] 查找元素：('xpath', '//img[@id="code"]') (basics.py:107)
[2022-08-05 16:52:36] [    INFO] 查找元素：('xpath', '//input[@id="identifyCode"]') (basics.py:107)
[2022-08-05 16:52:36] [    INFO] 输入文本：5313 (basics.py:138)
[2022-08-05 16:52:36] [    INFO] 查找元素：('xpath', '//button[@id="submit_btn"]') (basics.py:107)
[2022-08-05 16:52:36] [    INFO] 点击元素：('xpath', '//button[@id="submit_btn"]') (basics.py:191)
[2022-08-05 16:52:37] [    INFO] 断言成功：URL为预期一致 | URL: http://sitsrm.transsion.com/ELSServer_CY/default.jsp?account=860000_1001 (assert_ui.py:190)
[2022-08-05 16:52:37] [    INFO] 前置条件：传音统一登录成功 (conftest.py:31)
[2022-08-05 16:52:37] [    INFO] 查找元素：('xpath', '//span[@title="审批列表"]') (basics.py:107)
[2022-08-05 16:52:38] [    INFO] 点击元素：('xpath', '//span[@title="审批列表"]') (basics.py:191)
[2022-08-05 16:52:38] [    INFO] 查找元素：('xpath', '//iframe[@name="iframeApp_auditList"]') (basics.py:107)
[2022-08-05 16:52:39] [    INFO] 查找元素：('xpath', '//input[@name="taskName"]') (basics.py:107)
[2022-08-05 16:52:39] [    INFO] 点击元素：('xpath', '//input[@name="taskName"]') (basics.py:191)
[2022-08-05 16:52:40] [    INFO] 查找元素：('xpath', '//input[@name="taskName"]') (basics.py:107)
[2022-08-05 16:52:40] [    INFO] 输入文本：周本林 (basics.py:138)
[2022-08-05 16:52:40] [    INFO] 查找元素：('xpath', '//button[text()=" 查询"]') (basics.py:107)
[2022-08-05 16:52:40] [    INFO] 点击元素：('xpath', '//button[text()=" 查询"]') (basics.py:191)
[2022-08-05 16:52:40] [    INFO] 查找元素：('xpath', '//input[@name="taskName"]') (basics.py:107)
[2022-08-05 16:52:40] [    INFO] 查找元素：('xpath', '//input[@name="subject"]') (basics.py:107)
[2022-08-05 16:52:40] [    INFO] 点击元素：('xpath', '//input[@name="subject"]') (basics.py:191)
[2022-08-05 16:52:41] [    INFO] 查找元素：('xpath', '//input[@name="subject"]') (basics.py:107)
[2022-08-05 16:52:42] [    INFO] 输入文本：20220628000011 (basics.py:138)
[2022-08-05 16:52:42] [    INFO] 查找元素：('xpath', '//button[text()=" 查询"]') (basics.py:107)
[2022-08-05 16:52:42] [    INFO] 点击元素：('xpath', '//button[text()=" 查询"]') (basics.py:191)
[2022-08-05 16:52:42] [    INFO] 查找元素：('xpath', '//input[@name="subject"]') (basics.py:107)
[2022-08-05 16:52:42] [    INFO] 查找元素：('xpath', '//button[text()=" 更多"]') (basics.py:107)
[2022-08-05 16:52:42] [    INFO] 点击元素：('xpath', '//button[text()=" 更多"]') (basics.py:191)
[2022-08-05 16:52:43] [    INFO] 查找元素：('xpath', '//input[@name="promoterName"]') (basics.py:107)
[2022-08-05 16:52:43] [    INFO] 点击元素：('xpath', '//input[@name="promoterName"]') (basics.py:191)
[2022-08-05 16:52:44] [    INFO] 查找元素：('xpath', '//input[@name="promoterName"]') (basics.py:107)
[2022-08-05 16:52:44] [    INFO] 输入文本：管理员 (basics.py:138)
[2022-08-05 16:52:44] [    INFO] 查找元素：('xpath', '//button[text()=" 查询"]') (basics.py:107)
[2022-08-05 16:52:44] [    INFO] 点击元素：('xpath', '//button[text()=" 查询"]') (basics.py:191)
[2022-08-05 16:52:44] [    INFO] 查找元素：('xpath', '//a[text()=" 审批历史"]') (basics.py:107)
[2022-08-05 16:52:45] [    INFO] 点击元素：('xpath', '//a[text()=" 审批历史"]') (basics.py:191)
[2022-08-05 16:53:06] [    INFO] 【SRM】项目【test】环境- UI自动化开始执行 (conftest.py:17)
[2022-08-05 16:53:06] [    INFO] 前置条件：传音统一登录开始 (conftest.py:22)
[2022-08-05 16:53:07] [    INFO] 打开网页：http://sitsrm.transsion.com/ELSServer_CY/login/login.html (basics.py:64)
[2022-08-05 16:53:07] [    INFO] 查找元素：('xpath', '//input[@id="elsAccount"]') (basics.py:107)
[2022-08-05 16:53:07] [    INFO] 输入文本：860000 (basics.py:138)
[2022-08-05 16:53:08] [    INFO] 查找元素：('xpath', '//input[@id="elsSubAccount"]') (basics.py:107)
[2022-08-05 16:53:08] [    INFO] 输入文本：1001 (basics.py:138)
[2022-08-05 16:53:08] [    INFO] 查找元素：('xpath', '//input[@type="password"]') (basics.py:107)
[2022-08-05 16:53:08] [    INFO] 输入文本：1qaz@WSX (basics.py:138)
[2022-08-05 16:53:08] [    INFO] 查找元素：('xpath', '//input[@id="identifyCode"]') (basics.py:107)
[2022-08-05 16:53:09] [    INFO] 点击元素：('xpath', '//input[@id="identifyCode"]') (basics.py:191)
[2022-08-05 16:53:10] [    INFO] 查找元素：('xpath', '//img[@id="code"]') (basics.py:107)
[2022-08-05 16:53:11] [    INFO] 查找元素：('xpath', '//input[@id="identifyCode"]') (basics.py:107)
[2022-08-05 16:53:11] [    INFO] 输入文本：0437 (basics.py:138)
[2022-08-05 16:53:11] [    INFO] 查找元素：('xpath', '//button[@id="submit_btn"]') (basics.py:107)
[2022-08-05 16:53:11] [    INFO] 点击元素：('xpath', '//button[@id="submit_btn"]') (basics.py:191)
[2022-08-05 16:53:11] [ WARNING] 断言失败：URL为预期不一致 | URL: http://sitsrm.transsion.com/ELSServer_CY/login/login.html (assert_ui.py:189)
[2022-08-05 16:53:11] [   ERROR] None
assert 'http://sitsrm.transsion.com/ELSServer_CY/default.jsp?account=860000_1001' in 'http://sitsrm.transsion.com/ELSServer_CY/login/login.html' (assert_ui.py:192)
[2022-08-05 16:53:21] [    INFO] 【SRM】项目【test】环境- UI自动化开始执行 (conftest.py:17)
[2022-08-05 16:53:21] [    INFO] 前置条件：传音统一登录开始 (conftest.py:22)
[2022-08-05 16:53:22] [    INFO] 打开网页：http://sitsrm.transsion.com/ELSServer_CY/login/login.html (basics.py:64)
[2022-08-05 16:53:22] [    INFO] 查找元素：('xpath', '//input[@id="elsAccount"]') (basics.py:107)
[2022-08-05 16:53:22] [    INFO] 输入文本：860000 (basics.py:138)
[2022-08-05 16:53:23] [    INFO] 查找元素：('xpath', '//input[@id="elsSubAccount"]') (basics.py:107)
[2022-08-05 16:53:23] [    INFO] 输入文本：1001 (basics.py:138)
[2022-08-05 16:53:24] [    INFO] 查找元素：('xpath', '//input[@type="password"]') (basics.py:107)
[2022-08-05 16:53:24] [    INFO] 输入文本：1qaz@WSX (basics.py:138)
[2022-08-05 16:53:24] [    INFO] 查找元素：('xpath', '//input[@id="identifyCode"]') (basics.py:107)
[2022-08-05 16:53:24] [    INFO] 点击元素：('xpath', '//input[@id="identifyCode"]') (basics.py:191)
[2022-08-05 16:53:25] [    INFO] 查找元素：('xpath', '//img[@id="code"]') (basics.py:107)
[2022-08-05 16:53:26] [    INFO] 查找元素：('xpath', '//input[@id="identifyCode"]') (basics.py:107)
[2022-08-05 16:53:26] [    INFO] 输入文本：3621 (basics.py:138)
[2022-08-05 16:53:26] [    INFO] 查找元素：('xpath', '//button[@id="submit_btn"]') (basics.py:107)
[2022-08-05 16:53:26] [    INFO] 点击元素：('xpath', '//button[@id="submit_btn"]') (basics.py:191)
[2022-08-05 16:53:27] [    INFO] 断言成功：URL为预期一致 | URL: http://sitsrm.transsion.com/ELSServer_CY/default.jsp?account=860000_1001 (assert_ui.py:190)
[2022-08-05 16:53:27] [    INFO] 前置条件：传音统一登录成功 (conftest.py:31)
[2022-08-05 16:53:27] [    INFO] 查找元素：('xpath', '//span[@title="审批列表"]') (basics.py:107)
[2022-08-05 16:53:27] [    INFO] 点击元素：('xpath', '//span[@title="审批列表"]') (basics.py:191)
[2022-08-05 16:53:30] [    INFO] 查找元素：('xpath', '//iframe[@name="iframeApp_auditList"]') (basics.py:107)
[2022-08-05 16:53:30] [    INFO] 查找元素：('xpath', '//input[@name="taskName"]') (basics.py:107)
[2022-08-05 16:53:30] [    INFO] 点击元素：('xpath', '//input[@name="taskName"]') (basics.py:191)
[2022-08-05 16:53:31] [    INFO] 查找元素：('xpath', '//input[@name="taskName"]') (basics.py:107)
[2022-08-05 16:53:31] [    INFO] 输入文本：周本林 (basics.py:138)
[2022-08-05 16:53:31] [    INFO] 查找元素：('xpath', '//button[text()=" 查询"]') (basics.py:107)
[2022-08-05 16:53:31] [    INFO] 点击元素：('xpath', '//button[text()=" 查询"]') (basics.py:191)
[2022-08-05 16:53:31] [    INFO] 查找元素：('xpath', '//input[@name="taskName"]') (basics.py:107)
[2022-08-05 16:53:31] [    INFO] 查找元素：('xpath', '//input[@name="subject"]') (basics.py:107)
[2022-08-05 16:53:31] [    INFO] 点击元素：('xpath', '//input[@name="subject"]') (basics.py:191)
[2022-08-05 16:53:33] [    INFO] 查找元素：('xpath', '//input[@name="subject"]') (basics.py:107)
[2022-08-05 16:53:33] [    INFO] 输入文本：20220628000011 (basics.py:138)
[2022-08-05 16:53:33] [    INFO] 查找元素：('xpath', '//button[text()=" 查询"]') (basics.py:107)
[2022-08-05 16:53:33] [    INFO] 点击元素：('xpath', '//button[text()=" 查询"]') (basics.py:191)
[2022-08-05 16:53:33] [    INFO] 查找元素：('xpath', '//input[@name="subject"]') (basics.py:107)
[2022-08-05 16:53:33] [    INFO] 查找元素：('xpath', '//button[text()=" 更多"]') (basics.py:107)
[2022-08-05 16:53:33] [    INFO] 点击元素：('xpath', '//button[text()=" 更多"]') (basics.py:191)
[2022-08-05 16:53:34] [    INFO] 查找元素：('xpath', '//input[@name="promoterName"]') (basics.py:107)
[2022-08-05 16:53:34] [    INFO] 点击元素：('xpath', '//input[@name="promoterName"]') (basics.py:191)
[2022-08-05 16:53:35] [    INFO] 查找元素：('xpath', '//input[@name="promoterName"]') (basics.py:107)
[2022-08-05 16:53:35] [    INFO] 输入文本：管理员 (basics.py:138)
[2022-08-05 16:53:35] [    INFO] 查找元素：('xpath', '//button[text()=" 查询"]') (basics.py:107)
[2022-08-05 16:53:35] [    INFO] 点击元素：('xpath', '//button[text()=" 查询"]') (basics.py:191)
[2022-08-05 16:53:35] [    INFO] 查找元素：('xpath', '//a[text()=" 审批历史"]') (basics.py:107)
[2022-08-05 16:53:36] [    INFO] 点击元素：('xpath', '//a[text()=" 审批历史"]') (basics.py:191)
[2022-08-05 16:56:36] [    INFO] 【SRM】项目【test】环境- UI自动化开始执行 (conftest.py:17)
[2022-08-05 16:56:36] [    INFO] 前置条件：传音统一登录开始 (conftest.py:22)
[2022-08-05 16:56:36] [    INFO] 打开网页：http://sitsrm.transsion.com/ELSServer_CY/login/login.html (basics.py:64)
[2022-08-05 16:56:37] [    INFO] 查找元素：('xpath', '//input[@id="elsAccount"]') (basics.py:107)
[2022-08-05 16:56:37] [    INFO] 输入文本：860000 (basics.py:138)
[2022-08-05 16:56:37] [    INFO] 查找元素：('xpath', '//input[@id="elsSubAccount"]') (basics.py:107)
[2022-08-05 16:56:38] [    INFO] 输入文本：1001 (basics.py:138)
[2022-08-05 16:56:38] [    INFO] 查找元素：('xpath', '//input[@type="password"]') (basics.py:107)
[2022-08-05 16:56:38] [    INFO] 输入文本：1qaz@WSX (basics.py:138)
[2022-08-05 16:56:38] [    INFO] 查找元素：('xpath', '//input[@id="identifyCode"]') (basics.py:107)
[2022-08-05 16:56:38] [    INFO] 点击元素：('xpath', '//input[@id="identifyCode"]') (basics.py:191)
[2022-08-05 16:56:39] [    INFO] 查找元素：('xpath', '//img[@id="code"]') (basics.py:107)
[2022-08-05 16:56:40] [    INFO] 查找元素：('xpath', '//input[@id="identifyCode"]') (basics.py:107)
[2022-08-05 16:56:40] [    INFO] 输入文本：6783 (basics.py:138)
[2022-08-05 16:56:40] [    INFO] 查找元素：('xpath', '//button[@id="submit_btn"]') (basics.py:107)
[2022-08-05 16:56:40] [    INFO] 点击元素：('xpath', '//button[@id="submit_btn"]') (basics.py:191)
[2022-08-05 16:56:41] [    INFO] 断言成功：URL为预期一致 | URL: http://sitsrm.transsion.com/ELSServer_CY/default.jsp?account=860000_1001 (assert_ui.py:190)
[2022-08-05 16:56:41] [    INFO] 前置条件：传音统一登录成功 (conftest.py:31)
[2022-08-05 16:56:41] [    INFO] 查找元素：('xpath', '//iframe[@name="iframeApp_auditList"]') (basics.py:107)
[2022-08-05 16:57:03] [    INFO] 查找元素：('xpath', '//input[@name="subject"]') (basics.py:107)
[2022-08-05 16:57:24] [    INFO] 查找元素：('xpath', '//button[text()=" 更多"]') (basics.py:107)
[2022-08-05 16:57:46] [    INFO] 查找元素：('xpath', '//a[text()=" 审批历史"]') (basics.py:107)
[2022-08-05 16:58:13] [    INFO] 【SRM】项目【test】环境- UI自动化开始执行 (conftest.py:17)
[2022-08-05 16:58:13] [    INFO] 前置条件：传音统一登录开始 (conftest.py:22)
[2022-08-05 16:58:14] [    INFO] 打开网页：http://sitsrm.transsion.com/ELSServer_CY/login/login.html (basics.py:64)
[2022-08-05 16:58:15] [    INFO] 查找元素：('xpath', '//input[@id="elsAccount"]') (basics.py:107)
[2022-08-05 16:58:15] [    INFO] 输入文本：860000 (basics.py:138)
[2022-08-05 16:58:15] [    INFO] 查找元素：('xpath', '//input[@id="elsSubAccount"]') (basics.py:107)
[2022-08-05 16:58:15] [    INFO] 输入文本：1001 (basics.py:138)
[2022-08-05 16:58:16] [    INFO] 查找元素：('xpath', '//input[@type="password"]') (basics.py:107)
[2022-08-05 16:58:16] [    INFO] 输入文本：1qaz@WSX (basics.py:138)
[2022-08-05 16:58:16] [    INFO] 查找元素：('xpath', '//input[@id="identifyCode"]') (basics.py:107)
[2022-08-05 16:58:16] [    INFO] 点击元素：('xpath', '//input[@id="identifyCode"]') (basics.py:191)
[2022-08-05 16:58:17] [    INFO] 查找元素：('xpath', '//img[@id="code"]') (basics.py:107)
[2022-08-05 16:58:18] [    INFO] 查找元素：('xpath', '//input[@id="identifyCode"]') (basics.py:107)
[2022-08-05 16:58:18] [    INFO] 输入文本：1445 (basics.py:138)
[2022-08-05 16:58:18] [    INFO] 查找元素：('xpath', '//button[@id="submit_btn"]') (basics.py:107)
[2022-08-05 16:58:18] [    INFO] 点击元素：('xpath', '//button[@id="submit_btn"]') (basics.py:191)
[2022-08-05 16:58:19] [    INFO] 断言成功：URL为预期一致 | URL: http://sitsrm.transsion.com/ELSServer_CY/default.jsp?account=860000_1001 (assert_ui.py:190)
[2022-08-05 16:58:19] [    INFO] 前置条件：传音统一登录成功 (conftest.py:31)
[2022-08-05 16:58:19] [    INFO] 查找元素：('xpath', '//span[@title="审批列表"]') (basics.py:107)
[2022-08-05 16:58:19] [    INFO] 点击元素：('xpath', '//span[@title="审批列表"]') (basics.py:191)
[2022-08-05 16:58:22] [    INFO] 查找元素：('xpath', '//iframe[@name="iframeApp_auditList"]') (basics.py:107)
[2022-08-05 16:58:22] [    INFO] 查找元素：('xpath', '//input[@name="taskName"]') (basics.py:107)
[2022-08-05 16:58:22] [    INFO] 点击元素：('xpath', '//input[@name="taskName"]') (basics.py:191)
[2022-08-05 16:58:23] [    INFO] 查找元素：('xpath', '//input[@name="taskName"]') (basics.py:107)
[2022-08-05 16:58:23] [    INFO] 输入文本：周本林 (basics.py:138)
[2022-08-05 16:58:23] [    INFO] 查找元素：('xpath', '//button[text()=" 查询"]') (basics.py:107)
[2022-08-05 16:58:23] [    INFO] 点击元素：('xpath', '//button[text()=" 查询"]') (basics.py:191)
[2022-08-05 16:58:24] [    INFO] 查找元素：('xpath', '//input[@name="taskName"]') (basics.py:107)
[2022-08-05 16:58:24] [    INFO] 查找元素：('xpath', '//input[@name="subject"]') (basics.py:107)
[2022-08-05 16:58:24] [    INFO] 点击元素：('xpath', '//input[@name="subject"]') (basics.py:191)
[2022-08-05 16:58:25] [    INFO] 查找元素：('xpath', '//input[@name="subject"]') (basics.py:107)
[2022-08-05 16:58:25] [    INFO] 输入文本：20220628000011 (basics.py:138)
[2022-08-05 16:58:25] [    INFO] 查找元素：('xpath', '//button[text()=" 查询"]') (basics.py:107)
[2022-08-05 16:58:25] [    INFO] 点击元素：('xpath', '//button[text()=" 查询"]') (basics.py:191)
[2022-08-05 16:58:25] [    INFO] 查找元素：('xpath', '//input[@name="subject"]') (basics.py:107)
[2022-08-05 16:58:25] [    INFO] 查找元素：('xpath', '//button[text()=" 更多"]') (basics.py:107)
[2022-08-05 16:58:25] [    INFO] 点击元素：('xpath', '//button[text()=" 更多"]') (basics.py:191)
[2022-08-05 16:58:26] [    INFO] 查找元素：('xpath', '//input[@name="promoterName"]') (basics.py:107)
[2022-08-05 16:58:26] [    INFO] 点击元素：('xpath', '//input[@name="promoterName"]') (basics.py:191)
[2022-08-05 16:58:27] [    INFO] 查找元素：('xpath', '//input[@name="promoterName"]') (basics.py:107)
[2022-08-05 16:58:27] [    INFO] 输入文本：管理员 (basics.py:138)
[2022-08-05 16:58:27] [    INFO] 查找元素：('xpath', '//button[text()=" 查询"]') (basics.py:107)
[2022-08-05 16:58:27] [    INFO] 点击元素：('xpath', '//button[text()=" 查询"]') (basics.py:191)
[2022-08-05 16:58:28] [    INFO] 查找元素：('xpath', '//a[text()=" 审批历史"]') (basics.py:107)
[2022-08-05 16:58:28] [    INFO] 点击元素：('xpath', '//a[text()=" 审批历史"]') (basics.py:191)
