[2022-08-04 15:34:54] [    INFO] 【SRM】项目【test】环境- UI自动化开始执行 (conftest.py:17)
[2022-08-04 15:34:54] [    INFO] 前置条件：传音统一登录开始 (conftest.py:24)
[2022-08-04 15:34:55] [    INFO] 打开网页：http://sitsrm.transsion.com/ELSServer_CY/login/login.html (basics.py:64)
[2022-08-04 15:34:55] [    INFO] 查找元素：('xpath', '//input[@id="elsSubAccount"]') (basics.py:107)
[2022-08-04 15:34:56] [    INFO] 输入文本：1001 (basics.py:138)
[2022-08-04 15:34:56] [    INFO] 查找元素：('xpath', '//input[@id="elsAccount"]') (basics.py:107)
[2022-08-04 15:34:56] [    INFO] 输入文本：860000 (basics.py:138)
[2022-08-04 15:34:57] [    INFO] 查找元素：('xpath', '//input[@type="password"]') (basics.py:107)
[2022-08-04 15:34:57] [    INFO] 输入文本：1qaz@WSX (basics.py:138)
[2022-08-04 15:34:57] [    INFO] 查找元素：('xpath', '//input[@id="identifyCode"]') (basics.py:107)
[2022-08-04 15:34:57] [    INFO] 点击元素：('xpath', '//input[@id="identifyCode"]') (basics.py:191)
[2022-08-04 15:34:58] [    INFO] 查找元素：('xpath', '//img[@id="code"]') (basics.py:107)
[2022-08-04 15:35:00] [    INFO] 查找元素：('xpath', '//input[@id="identifyCode"]') (basics.py:107)
[2022-08-04 15:35:00] [    INFO] 输入文本：9203 (basics.py:138)
[2022-08-04 15:35:00] [    INFO] 查找元素：('xpath', '//button[@id="submit_btn"]') (basics.py:107)
[2022-08-04 15:35:00] [    INFO] 点击元素：('xpath', '//button[@id="submit_btn"]') (basics.py:191)
[2022-08-04 15:35:01] [    INFO] 断言成功：URL为预期一致 | URL: http://sitsrm.transsion.com/ELSServer_CY/default.jsp?account=860000_1001 (assert_ui.py:190)
[2022-08-04 15:35:01] [    INFO] 查找元素：('xpath', '//span[@title="审批列表"]') (basics.py:107)
[2022-08-04 15:35:01] [    INFO] 点击元素：('xpath', '//span[@title="审批列表"]') (basics.py:191)
[2022-08-04 15:35:04] [    INFO] 查找元素：('xpath', '//iframe[@name="iframeApp_auditList"]') (basics.py:107)
[2022-08-04 15:35:04] [    INFO] 查找元素：('xpath', '//input[@name="taskName"]') (basics.py:107)
[2022-08-04 15:35:04] [    INFO] 点击元素：('xpath', '//input[@name="taskName"]') (basics.py:191)
[2022-08-04 15:35:05] [    INFO] 查找元素：('xpath', '//input[@name="taskName"]') (basics.py:107)
[2022-08-04 15:35:05] [    INFO] 输入文本：周本林 (basics.py:138)
[2022-08-04 15:35:05] [    INFO] 查找元素：('xpath', '//button[text()=" 查询"]') (basics.py:107)
[2022-08-04 15:35:05] [    INFO] 点击元素：('xpath', '//button[text()=" 查询"]') (basics.py:191)
[2022-08-04 15:35:06] [    INFO] 查找元素：('xpath', '//input[@name="taskName"]') (basics.py:107)
[2022-08-04 15:35:06] [    INFO] 查找元素：('xpath', '//input[@name="subject"]') (basics.py:107)
[2022-08-04 15:35:06] [    INFO] 输入文本：BGD1657704927030 (basics.py:138)
[2022-08-04 15:41:58] [    INFO] 【SRM】项目【test】环境- UI自动化开始执行 (conftest.py:17)
[2022-08-04 15:41:58] [    INFO] 前置条件：传音统一登录开始 (conftest.py:24)
[2022-08-04 15:41:59] [    INFO] 打开网页：http://sitsrm.transsion.com/ELSServer_CY/login/login.html (basics.py:64)
[2022-08-04 15:42:00] [    INFO] 查找元素：('xpath', '//input[@id="elsSubAccount"]') (basics.py:107)
[2022-08-04 15:42:00] [    INFO] 输入文本：1001 (basics.py:138)
[2022-08-04 15:42:00] [    INFO] 查找元素：('xpath', '//input[@id="elsAccount"]') (basics.py:107)
[2022-08-04 15:42:00] [    INFO] 输入文本：860000 (basics.py:138)
[2022-08-04 15:42:01] [    INFO] 查找元素：('xpath', '//input[@type="password"]') (basics.py:107)
[2022-08-04 15:42:01] [    INFO] 输入文本：1qaz@WSX (basics.py:138)
[2022-08-04 15:42:01] [    INFO] 查找元素：('xpath', '//input[@id="identifyCode"]') (basics.py:107)
[2022-08-04 15:42:01] [    INFO] 点击元素：('xpath', '//input[@id="identifyCode"]') (basics.py:191)
[2022-08-04 15:42:02] [    INFO] 查找元素：('xpath', '//img[@id="code"]') (basics.py:107)
[2022-08-04 15:42:03] [    INFO] 查找元素：('xpath', '//input[@id="identifyCode"]') (basics.py:107)
[2022-08-04 15:42:04] [    INFO] 输入文本：2921 (basics.py:138)
[2022-08-04 15:42:04] [    INFO] 查找元素：('xpath', '//button[@id="submit_btn"]') (basics.py:107)
[2022-08-04 15:42:04] [    INFO] 点击元素：('xpath', '//button[@id="submit_btn"]') (basics.py:191)
[2022-08-04 15:42:05] [    INFO] 断言成功：URL为预期一致 | URL: http://sitsrm.transsion.com/ELSServer_CY/default.jsp?account=860000_1001 (assert_ui.py:190)
[2022-08-04 15:42:05] [    INFO] 查找元素：('xpath', '//span[@title="审批列表"]') (basics.py:107)
[2022-08-04 15:42:05] [    INFO] 点击元素：('xpath', '//span[@title="审批列表"]') (basics.py:191)
[2022-08-04 15:42:07] [    INFO] 查找元素：('xpath', '//iframe[@name="iframeApp_auditList"]') (basics.py:107)
[2022-08-04 15:42:07] [    INFO] 查找元素：('xpath', '//input[@name="taskName"]') (basics.py:107)
[2022-08-04 15:42:08] [    INFO] 点击元素：('xpath', '//input[@name="taskName"]') (basics.py:191)
[2022-08-04 15:42:09] [    INFO] 查找元素：('xpath', '//input[@name="taskName"]') (basics.py:107)
[2022-08-04 15:42:09] [    INFO] 输入文本：周本林 (basics.py:138)
[2022-08-04 15:42:09] [    INFO] 查找元素：('xpath', '//button[text()=" 查询"]') (basics.py:107)
[2022-08-04 15:42:09] [    INFO] 点击元素：('xpath', '//button[text()=" 查询"]') (basics.py:191)
[2022-08-04 15:42:09] [    INFO] 查找元素：('xpath', '//input[@name="taskName"]') (basics.py:107)
[2022-08-04 15:42:10] [    INFO] 查找元素：('xpath', '//input[@name="subject"]') (basics.py:107)
[2022-08-04 15:42:10] [    INFO] 输入文本：BGD1657704927030 (basics.py:138)
[2022-08-04 15:42:10] [    INFO] 查找元素：('xpath', '//button[text()=" 查询"]') (basics.py:107)
[2022-08-04 15:42:10] [    INFO] 点击元素：('xpath', '//button[text()=" 查询"]') (basics.py:191)
[2022-08-04 15:42:10] [    INFO] 查找元素：('xpath', '//input[@name="subject"]') (basics.py:107)
[2022-08-04 15:46:46] [    INFO] 【SRM】项目【test】环境- UI自动化开始执行 (conftest.py:17)
[2022-08-04 15:46:46] [    INFO] 前置条件：传音统一登录开始 (conftest.py:24)
[2022-08-04 15:46:47] [    INFO] 打开网页：http://sitsrm.transsion.com/ELSServer_CY/login/login.html (basics.py:64)
[2022-08-04 15:46:47] [    INFO] 查找元素：('xpath', '//input[@id="elsSubAccount"]') (basics.py:107)
[2022-08-04 15:46:47] [    INFO] 输入文本：1001 (basics.py:138)
[2022-08-04 15:46:48] [    INFO] 查找元素：('xpath', '//input[@id="elsAccount"]') (basics.py:107)
[2022-08-04 15:46:48] [    INFO] 输入文本：860000 (basics.py:138)
[2022-08-04 15:46:49] [    INFO] 查找元素：('xpath', '//input[@type="password"]') (basics.py:107)
[2022-08-04 15:46:49] [    INFO] 输入文本：1qaz@WSX (basics.py:138)
[2022-08-04 15:46:49] [    INFO] 查找元素：('xpath', '//input[@id="identifyCode"]') (basics.py:107)
[2022-08-04 15:46:49] [    INFO] 点击元素：('xpath', '//input[@id="identifyCode"]') (basics.py:191)
[2022-08-04 15:46:50] [    INFO] 查找元素：('xpath', '//img[@id="code"]') (basics.py:107)
[2022-08-04 15:46:51] [    INFO] 查找元素：('xpath', '//input[@id="identifyCode"]') (basics.py:107)
[2022-08-04 15:46:51] [    INFO] 输入文本：3121 (basics.py:138)
[2022-08-04 15:46:51] [    INFO] 查找元素：('xpath', '//button[@id="submit_btn"]') (basics.py:107)
[2022-08-04 15:46:51] [    INFO] 点击元素：('xpath', '//button[@id="submit_btn"]') (basics.py:191)
[2022-08-04 15:46:52] [    INFO] 断言成功：URL为预期一致 | URL: http://sitsrm.transsion.com/ELSServer_CY/default.jsp?account=860000_1001 (assert_ui.py:190)
[2022-08-04 15:46:52] [    INFO] 查找元素：('xpath', '//span[@title="审批列表"]') (basics.py:107)
[2022-08-04 15:46:53] [    INFO] 点击元素：('xpath', '//span[@title="审批列表"]') (basics.py:191)
[2022-08-04 15:46:55] [    INFO] 查找元素：('xpath', '//iframe[@name="iframeApp_auditList"]') (basics.py:107)
[2022-08-04 15:46:55] [    INFO] 查找元素：('xpath', '//input[@name="taskName"]') (basics.py:107)
[2022-08-04 15:46:55] [    INFO] 点击元素：('xpath', '//input[@name="taskName"]') (basics.py:191)
[2022-08-04 15:46:56] [    INFO] 查找元素：('xpath', '//input[@name="taskName"]') (basics.py:107)
[2022-08-04 15:46:56] [    INFO] 输入文本：周本林 (basics.py:138)
[2022-08-04 15:46:56] [    INFO] 查找元素：('xpath', '//button[text()=" 查询"]') (basics.py:107)
[2022-08-04 15:46:56] [    INFO] 点击元素：('xpath', '//button[text()=" 查询"]') (basics.py:191)
[2022-08-04 15:46:57] [    INFO] 查找元素：('xpath', '//input[@name="taskName"]') (basics.py:107)
[2022-08-04 15:46:57] [    INFO] 查找元素：('xpath', '//input[@name="subject"]') (basics.py:107)
[2022-08-04 15:46:57] [    INFO] 输入文本：AVL20220611001 (basics.py:138)
[2022-08-04 15:46:57] [    INFO] 查找元素：('xpath', '//button[text()=" 查询"]') (basics.py:107)
[2022-08-04 15:46:58] [    INFO] 点击元素：('xpath', '//button[text()=" 查询"]') (basics.py:191)
[2022-08-04 15:46:58] [    INFO] 查找元素：('xpath', '//input[@name="subject"]') (basics.py:107)
[2022-08-04 15:46:58] [    INFO] 查找元素：('xpath', '//button[text()=" 更多"]') (basics.py:107)
[2022-08-04 15:46:58] [    INFO] 点击元素：('xpath', '//button[text()=" 更多"]') (basics.py:191)
[2022-08-04 15:49:32] [    INFO] 【SRM】项目【test】环境- UI自动化开始执行 (conftest.py:17)
[2022-08-04 15:49:32] [    INFO] 前置条件：传音统一登录开始 (conftest.py:24)
[2022-08-04 15:49:33] [    INFO] 打开网页：http://sitsrm.transsion.com/ELSServer_CY/login/login.html (basics.py:64)
[2022-08-04 15:49:33] [    INFO] 查找元素：('xpath', '//input[@id="elsSubAccount"]') (basics.py:107)
[2022-08-04 15:49:33] [    INFO] 输入文本：1001 (basics.py:138)
[2022-08-04 15:49:34] [    INFO] 查找元素：('xpath', '//input[@id="elsAccount"]') (basics.py:107)
[2022-08-04 15:49:34] [    INFO] 输入文本：860000 (basics.py:138)
[2022-08-04 15:49:34] [    INFO] 查找元素：('xpath', '//input[@type="password"]') (basics.py:107)
[2022-08-04 15:49:34] [    INFO] 输入文本：1qaz@WSX (basics.py:138)
[2022-08-04 15:49:34] [    INFO] 查找元素：('xpath', '//input[@id="identifyCode"]') (basics.py:107)
[2022-08-04 15:49:34] [    INFO] 点击元素：('xpath', '//input[@id="identifyCode"]') (basics.py:191)
[2022-08-04 15:49:36] [    INFO] 查找元素：('xpath', '//img[@id="code"]') (basics.py:107)
[2022-08-04 15:49:37] [    INFO] 查找元素：('xpath', '//input[@id="identifyCode"]') (basics.py:107)
[2022-08-04 15:49:37] [    INFO] 输入文本：6005 (basics.py:138)
[2022-08-04 15:49:37] [    INFO] 查找元素：('xpath', '//button[@id="submit_btn"]') (basics.py:107)
[2022-08-04 15:49:37] [    INFO] 点击元素：('xpath', '//button[@id="submit_btn"]') (basics.py:191)
[2022-08-04 15:49:38] [    INFO] 断言成功：URL为预期一致 | URL: http://sitsrm.transsion.com/ELSServer_CY/default.jsp?account=860000_1001 (assert_ui.py:190)
[2022-08-04 15:49:38] [    INFO] 查找元素：('xpath', '//span[@title="审批列表"]') (basics.py:107)
[2022-08-04 15:49:38] [    INFO] 点击元素：('xpath', '//span[@title="审批列表"]') (basics.py:191)
[2022-08-04 15:49:41] [    INFO] 查找元素：('xpath', '//iframe[@name="iframeApp_auditList"]') (basics.py:107)
[2022-08-04 15:49:41] [    INFO] 查找元素：('xpath', '//input[@name="taskName"]') (basics.py:107)
[2022-08-04 15:49:41] [    INFO] 点击元素：('xpath', '//input[@name="taskName"]') (basics.py:191)
[2022-08-04 15:49:42] [    INFO] 查找元素：('xpath', '//input[@name="taskName"]') (basics.py:107)
[2022-08-04 15:49:42] [    INFO] 输入文本：周本林 (basics.py:138)
[2022-08-04 15:49:42] [    INFO] 查找元素：('xpath', '//button[text()=" 查询"]') (basics.py:107)
[2022-08-04 15:49:42] [    INFO] 点击元素：('xpath', '//button[text()=" 查询"]') (basics.py:191)
[2022-08-04 15:49:42] [    INFO] 查找元素：('xpath', '//input[@name="taskName"]') (basics.py:107)
[2022-08-04 15:49:43] [    INFO] 查找元素：('xpath', '//input[@name="subject"]') (basics.py:107)
[2022-08-04 15:49:43] [    INFO] 输入文本：AVL20220611001 (basics.py:138)
[2022-08-04 15:49:43] [    INFO] 查找元素：('xpath', '//button[text()=" 查询"]') (basics.py:107)
[2022-08-04 15:49:43] [    INFO] 点击元素：('xpath', '//button[text()=" 查询"]') (basics.py:191)
[2022-08-04 15:49:44] [    INFO] 查找元素：('xpath', '//input[@name="subject"]') (basics.py:107)
[2022-08-04 15:49:44] [    INFO] 查找元素：('xpath', '//button[text()=" 更多"]') (basics.py:107)
[2022-08-04 15:49:44] [    INFO] 点击元素：('xpath', '//button[text()=" 更多"]') (basics.py:191)
[2022-08-04 15:49:45] [    INFO] 查找元素：('xpath', '//input[@name="promoterName"]') (basics.py:107)
[2022-08-04 15:49:45] [    INFO] 输入文本：管理员 (basics.py:138)
[2022-08-04 15:50:21] [    INFO] 【SRM】项目【test】环境- UI自动化开始执行 (conftest.py:17)
[2022-08-04 15:50:21] [    INFO] 前置条件：传音统一登录开始 (conftest.py:24)
[2022-08-04 15:50:22] [    INFO] 打开网页：http://sitsrm.transsion.com/ELSServer_CY/login/login.html (basics.py:64)
[2022-08-04 15:50:22] [    INFO] 查找元素：('xpath', '//input[@id="elsSubAccount"]') (basics.py:107)
[2022-08-04 15:50:22] [    INFO] 输入文本：1001 (basics.py:138)
[2022-08-04 15:50:23] [    INFO] 查找元素：('xpath', '//input[@id="elsAccount"]') (basics.py:107)
[2022-08-04 15:50:23] [    INFO] 输入文本：860000 (basics.py:138)
[2022-08-04 15:50:23] [    INFO] 查找元素：('xpath', '//input[@type="password"]') (basics.py:107)
[2022-08-04 15:50:23] [    INFO] 输入文本：1qaz@WSX (basics.py:138)
[2022-08-04 15:50:23] [    INFO] 查找元素：('xpath', '//input[@id="identifyCode"]') (basics.py:107)
[2022-08-04 15:50:24] [    INFO] 点击元素：('xpath', '//input[@id="identifyCode"]') (basics.py:191)
[2022-08-04 15:50:25] [    INFO] 查找元素：('xpath', '//img[@id="code"]') (basics.py:107)
[2022-08-04 15:50:26] [    INFO] 查找元素：('xpath', '//input[@id="identifyCode"]') (basics.py:107)
[2022-08-04 15:50:26] [    INFO] 输入文本：8291 (basics.py:138)
[2022-08-04 15:50:26] [    INFO] 查找元素：('xpath', '//button[@id="submit_btn"]') (basics.py:107)
[2022-08-04 15:50:26] [    INFO] 点击元素：('xpath', '//button[@id="submit_btn"]') (basics.py:191)
[2022-08-04 15:50:26] [    INFO] 断言成功：URL为预期一致 | URL: http://sitsrm.transsion.com/ELSServer_CY/default.jsp?account=860000_1001 (assert_ui.py:190)
[2022-08-04 15:50:26] [    INFO] 查找元素：('xpath', '//span[@title="审批列表"]') (basics.py:107)
[2022-08-04 15:50:27] [    INFO] 点击元素：('xpath', '//span[@title="审批列表"]') (basics.py:191)
[2022-08-04 15:50:29] [    INFO] 查找元素：('xpath', '//iframe[@name="iframeApp_auditList"]') (basics.py:107)
[2022-08-04 15:50:29] [    INFO] 查找元素：('xpath', '//input[@name="taskName"]') (basics.py:107)
[2022-08-04 15:50:29] [    INFO] 点击元素：('xpath', '//input[@name="taskName"]') (basics.py:191)
[2022-08-04 15:50:30] [    INFO] 查找元素：('xpath', '//input[@name="taskName"]') (basics.py:107)
[2022-08-04 15:50:30] [    INFO] 输入文本：周本林 (basics.py:138)
[2022-08-04 15:50:30] [    INFO] 查找元素：('xpath', '//button[text()=" 查询"]') (basics.py:107)
[2022-08-04 15:50:31] [    INFO] 点击元素：('xpath', '//button[text()=" 查询"]') (basics.py:191)
[2022-08-04 15:50:31] [    INFO] 查找元素：('xpath', '//input[@name="taskName"]') (basics.py:107)
[2022-08-04 15:50:32] [    INFO] 查找元素：('xpath', '//input[@name="subject"]') (basics.py:107)
[2022-08-04 15:50:32] [    INFO] 输入文本：AVL20220611001 (basics.py:138)
[2022-08-04 15:50:32] [    INFO] 查找元素：('xpath', '//button[text()=" 查询"]') (basics.py:107)
[2022-08-04 15:50:32] [    INFO] 点击元素：('xpath', '//button[text()=" 查询"]') (basics.py:191)
[2022-08-04 15:50:32] [    INFO] 查找元素：('xpath', '//input[@name="subject"]') (basics.py:107)
[2022-08-04 15:50:32] [    INFO] 查找元素：('xpath', '//button[text()=" 更多"]') (basics.py:107)
[2022-08-04 15:50:32] [    INFO] 点击元素：('xpath', '//button[text()=" 更多"]') (basics.py:191)
[2022-08-04 15:50:33] [    INFO] 查找元素：('xpath', '//input[@name="promoterName"]') (basics.py:107)
[2022-08-04 15:50:33] [    INFO] 输入文本：管理员 (basics.py:138)
[2022-08-04 15:50:33] [    INFO] 查找元素：('xpath', '//button[text()=" 查询"]') (basics.py:107)
[2022-08-04 15:50:34] [    INFO] 点击元素：('xpath', '//button[text()=" 查询"]') (basics.py:191)
[2022-08-04 15:54:48] [    INFO] 【SRM】项目【test】环境- UI自动化开始执行 (conftest.py:17)
[2022-08-04 15:54:48] [    INFO] 前置条件：传音统一登录开始 (conftest.py:24)
[2022-08-04 15:54:49] [    INFO] 打开网页：http://sitsrm.transsion.com/ELSServer_CY/login/login.html (basics.py:64)
[2022-08-04 15:54:49] [    INFO] 查找元素：('xpath', '//input[@id="elsSubAccount"]') (basics.py:107)
[2022-08-04 15:54:49] [    INFO] 输入文本：1001 (basics.py:138)
[2022-08-04 15:54:50] [    INFO] 查找元素：('xpath', '//input[@id="elsAccount"]') (basics.py:107)
[2022-08-04 15:54:50] [    INFO] 输入文本：860000 (basics.py:138)
[2022-08-04 15:54:50] [    INFO] 查找元素：('xpath', '//input[@type="password"]') (basics.py:107)
[2022-08-04 15:54:50] [    INFO] 输入文本：1qaz@WSX (basics.py:138)
[2022-08-04 15:54:50] [    INFO] 查找元素：('xpath', '//input[@id="identifyCode"]') (basics.py:107)
[2022-08-04 15:54:51] [    INFO] 点击元素：('xpath', '//input[@id="identifyCode"]') (basics.py:191)
[2022-08-04 15:54:52] [    INFO] 查找元素：('xpath', '//img[@id="code"]') (basics.py:107)
[2022-08-04 15:54:53] [    INFO] 查找元素：('xpath', '//input[@id="identifyCode"]') (basics.py:107)
[2022-08-04 15:54:53] [    INFO] 输入文本：1285 (basics.py:138)
[2022-08-04 15:54:53] [    INFO] 查找元素：('xpath', '//button[@id="submit_btn"]') (basics.py:107)
[2022-08-04 15:54:53] [    INFO] 点击元素：('xpath', '//button[@id="submit_btn"]') (basics.py:191)
[2022-08-04 15:54:54] [    INFO] 断言成功：URL为预期一致 | URL: http://sitsrm.transsion.com/ELSServer_CY/default.jsp?account=860000_1001 (assert_ui.py:190)
[2022-08-04 15:54:54] [    INFO] 查找元素：('xpath', '//span[@title="审批列表"]') (basics.py:107)
[2022-08-04 15:54:54] [    INFO] 点击元素：('xpath', '//span[@title="审批列表"]') (basics.py:191)
[2022-08-04 15:54:56] [    INFO] 查找元素：('xpath', '//iframe[@name="iframeApp_auditList"]') (basics.py:107)
[2022-08-04 15:54:56] [    INFO] 查找元素：('xpath', '//input[@name="taskName"]') (basics.py:107)
[2022-08-04 15:54:56] [    INFO] 点击元素：('xpath', '//input[@name="taskName"]') (basics.py:191)
[2022-08-04 15:54:57] [    INFO] 查找元素：('xpath', '//input[@name="taskName"]') (basics.py:107)
[2022-08-04 15:54:58] [    INFO] 输入文本：周本林 (basics.py:138)
[2022-08-04 15:54:58] [    INFO] 查找元素：('xpath', '//button[text()=" 查询"]') (basics.py:107)
[2022-08-04 15:54:58] [    INFO] 点击元素：('xpath', '//button[text()=" 查询"]') (basics.py:191)
[2022-08-04 15:54:58] [    INFO] 查找元素：('xpath', '//input[@name="taskName"]') (basics.py:107)
[2022-08-04 15:54:59] [    INFO] 查找元素：('xpath', '//input[@name="subject"]') (basics.py:107)
[2022-08-04 15:54:59] [    INFO] 输入文本：AVL20220611001 (basics.py:138)
[2022-08-04 15:54:59] [    INFO] 查找元素：('xpath', '//button[text()=" 查询"]') (basics.py:107)
[2022-08-04 15:54:59] [    INFO] 点击元素：('xpath', '//button[text()=" 查询"]') (basics.py:191)
[2022-08-04 15:54:59] [    INFO] 查找元素：('xpath', '//input[@name="subject"]') (basics.py:107)
[2022-08-04 15:54:59] [    INFO] 查找元素：('xpath', '//button[text()=" 更多"]') (basics.py:107)
[2022-08-04 15:54:59] [    INFO] 点击元素：('xpath', '//button[text()=" 更多"]') (basics.py:191)
[2022-08-04 15:55:00] [    INFO] 查找元素：('xpath', '//input[@name="promoterName"]') (basics.py:107)
[2022-08-04 15:55:00] [    INFO] 输入文本：管理员 (basics.py:138)
[2022-08-04 15:55:00] [    INFO] 查找元素：('xpath', '//button[text()=" 查询"]') (basics.py:107)
[2022-08-04 15:55:01] [    INFO] 点击元素：('xpath', '//button[text()=" 查询"]') (basics.py:191)
[2022-08-04 15:55:01] [    INFO] 查找元素：('xpath', '//a[text()=" 审批历史"]') (basics.py:107)
[2022-08-04 15:55:01] [    INFO] 点击元素：('xpath', '//a[text()=" 审批历史"]') (basics.py:191)
