[2022-09-01 15:10:29] [    INFO] 【PDC】项目【test】环境- UI自动化开始执行 (conftest.py:14)
[2022-09-01 15:10:29] [    INFO] 前置条件：传音统一登录开始 (conftest.py:18)
[2022-09-01 15:11:30] [    INFO] 【PDC】项目【test】环境- UI自动化开始执行 (conftest.py:14)
[2022-09-01 15:11:30] [    INFO] 前置条件：传音统一登录开始 (conftest.py:18)
[2022-09-01 15:13:47] [    INFO] 【PDC】项目【test】环境- UI自动化开始执行 (conftest.py:14)
[2022-09-01 15:13:47] [    INFO] 前置条件：传音统一登录开始 (conftest.py:18)
[2022-09-01 15:13:48] [    INFO] 打开网页：http://10.248.39.163:10101/#/c-login (basics.py:63)
[2022-09-01 15:13:48] [    INFO] 查找元素：('xpath', "//div[@role='button']") (basics.py:106)
[2022-09-01 15:13:48] [    INFO] 点击元素：('xpath', "//div[@role='button']") (basics.py:206)
[2022-09-01 15:13:52] [    INFO] 查找元素：['xpath', "//*[contains(@id,'dropdown-menu-')]//li[1]"] (basics.py:106)
[2022-09-01 15:13:53] [    INFO] 查找元素：('xpath', "//div[@role='button']") (basics.py:106)
[2022-09-01 15:13:53] [    INFO] 点击元素：('xpath', "//div[@role='button']") (basics.py:206)
[2022-09-01 15:13:54] [    INFO] 查找元素：('id', 'tab-account') (basics.py:106)
[2022-09-01 15:13:54] [    INFO] 点击元素：('id', 'tab-account') (basics.py:206)
[2022-09-01 15:13:55] [    INFO] 查找元素：('xpath', "//*[@id='pane-account']/form/div[1]/div/div[1]/input") (basics.py:106)
[2022-09-01 15:13:55] [    INFO] 输入文本：18649277 (basics.py:137)
[2022-09-01 15:13:57] [    INFO] 查找元素：('xpath', "//*[@id='pane-account']/form/div[2]/div/div[1]/input") (basics.py:106)
[2022-09-01 15:13:57] [    INFO] 输入文本：xLily6x (basics.py:137)
[2022-09-01 15:13:58] [    INFO] 查找元素：('xpath', "//span[text()='我已阅读并接受']/../label/span/span") (basics.py:106)
[2022-09-01 15:13:58] [    INFO] 获取状态：False (basics.py:330)
[2022-09-01 15:13:58] [    INFO] 查找元素：('xpath', "//span[text()='我已阅读并接受']/../label/span/span") (basics.py:106)
[2022-09-01 15:13:58] [    INFO] 点击元素：('xpath', "//span[text()='我已阅读并接受']/../label/span/span") (basics.py:206)
[2022-09-01 15:13:58] [    INFO] 查找元素：('xpath', "//*[@id='pane-account']/form/button") (basics.py:106)
[2022-09-01 15:13:59] [    INFO] 点击元素：('xpath', "//*[@id='pane-account']/form/button") (basics.py:206)
[2022-09-01 15:14:05] [ WARNING] 断言失败：URL为预期不一致 | URL: http://10.248.39.163:10101/#/c-login (assert_ui.py:187)
[2022-09-01 15:14:05] [   ERROR] None
assert 'http://10.248.39.163:10101/#/c-login/dashboard' in 'http://10.248.39.163:10101/#/c-login' (assert_ui.py:190)
[2022-09-01 15:14:23] [    INFO] 【PDC】项目【test】环境- UI自动化开始执行 (conftest.py:14)
[2022-09-01 15:14:23] [    INFO] 前置条件：传音统一登录开始 (conftest.py:18)
[2022-09-01 15:14:30] [    INFO] 打开网页：http://bom-sit.transsion.com:10000/ (basics.py:63)
[2022-09-01 15:14:30] [    INFO] 查找元素：('xpath', "//div[@role='button']") (basics.py:106)
[2022-09-01 15:14:30] [    INFO] 点击元素：('xpath', "//div[@role='button']") (basics.py:206)
[2022-09-01 15:14:34] [    INFO] 查找元素：['xpath', "//*[contains(@id,'dropdown-menu-')]//li[1]"] (basics.py:106)
[2022-09-01 15:14:35] [    INFO] 查找元素：('xpath', "//div[@role='button']") (basics.py:106)
[2022-09-01 15:14:36] [    INFO] 点击元素：('xpath', "//div[@role='button']") (basics.py:206)
[2022-09-01 15:14:36] [    INFO] 查找元素：('id', 'tab-account') (basics.py:106)
[2022-09-01 15:14:36] [    INFO] 点击元素：('id', 'tab-account') (basics.py:206)
[2022-09-01 15:14:37] [    INFO] 查找元素：('xpath', "//*[@id='pane-account']/form/div[1]/div/div[1]/input") (basics.py:106)
[2022-09-01 15:14:37] [    INFO] 输入文本：18649277 (basics.py:137)
[2022-09-01 15:14:39] [    INFO] 查找元素：('xpath', "//*[@id='pane-account']/form/div[2]/div/div[1]/input") (basics.py:106)
[2022-09-01 15:14:39] [    INFO] 输入文本：xLily6x (basics.py:137)
[2022-09-01 15:14:40] [    INFO] 查找元素：('xpath', "//span[text()='我已阅读并接受']/../label/span/span") (basics.py:106)
[2022-09-01 15:14:40] [    INFO] 获取状态：False (basics.py:330)
[2022-09-01 15:14:40] [    INFO] 查找元素：('xpath', "//span[text()='我已阅读并接受']/../label/span/span") (basics.py:106)
[2022-09-01 15:14:40] [    INFO] 点击元素：('xpath', "//span[text()='我已阅读并接受']/../label/span/span") (basics.py:206)
[2022-09-01 15:14:41] [    INFO] 查找元素：('xpath', "//*[@id='pane-account']/form/button") (basics.py:106)
[2022-09-01 15:14:41] [    INFO] 点击元素：('xpath', "//*[@id='pane-account']/form/button") (basics.py:206)
[2022-09-01 15:14:47] [ WARNING] 断言失败：URL为预期不一致 | URL: http://bom-sit.transsion.com:10000/#/process/holdon?token%3Dr_YWRkOWMzNDMtZmIzOS00NmY2LWIxODYtNDMxNWFmOGU1M2Ew%26rtoken%3Du_MjY2MWl1NWFjb244MWJuMnFlaDleODA2NjExODEwMDE2MTc0NTkzMzAyNzI4%26employeeNo%3D18649277%26lang%3Dzh (assert_ui.py:187)
[2022-09-01 15:14:47] [   ERROR] None
assert 'http://bom-sit.transsion.com:10000//dashboard' in 'http://bom-sit.transsion.com:10000/#/process/holdon?token%3Dr_YWRkOWMzNDMtZmIzOS00NmY2LWIxODYtNDMxNWFmOGU1M2Ew%26rtoken%3Du_MjY2MWl1NWFjb244MWJuMnFlaDleODA2NjExODEwMDE2MTc0NTkzMzAyNzI4%26employeeNo%3D18649277%26lang%3Dzh' (assert_ui.py:190)
[2022-09-01 15:40:15] [    INFO] 【PDC】项目【test】环境- UI自动化开始执行 (conftest.py:14)
[2022-09-01 15:40:15] [    INFO] 前置条件：传音统一登录开始 (conftest.py:18)
[2022-09-01 15:40:21] [    INFO] 打开网页：http://bom-sit.transsion.com:10000/ (basics.py:63)
[2022-09-01 15:40:21] [    INFO] 查找元素：('xpath', "//div[@role='button']") (basics.py:106)
[2022-09-01 15:40:21] [    INFO] 点击元素：('xpath', "//div[@role='button']") (basics.py:206)
[2022-09-01 15:40:26] [    INFO] 查找元素：['xpath', "//*[contains(@id,'dropdown-menu-')]//li[1]"] (basics.py:106)
[2022-09-01 15:40:27] [    INFO] 查找元素：('xpath', "//div[@role='button']") (basics.py:106)
[2022-09-01 15:40:27] [    INFO] 点击元素：('xpath', "//div[@role='button']") (basics.py:206)
[2022-09-01 15:40:28] [    INFO] 查找元素：('id', 'tab-account') (basics.py:106)
[2022-09-01 15:40:28] [    INFO] 点击元素：('id', 'tab-account') (basics.py:206)
[2022-09-01 15:40:29] [    INFO] 查找元素：('xpath', "//*[@id='pane-account']/form/div[1]/div/div[1]/input") (basics.py:106)
[2022-09-01 15:40:29] [    INFO] 输入文本：18649277 (basics.py:137)
[2022-09-01 15:40:30] [    INFO] 查找元素：('xpath', "//*[@id='pane-account']/form/div[2]/div/div[1]/input") (basics.py:106)
[2022-09-01 15:40:31] [    INFO] 输入文本：xLily6x (basics.py:137)
[2022-09-01 15:40:32] [    INFO] 查找元素：('xpath', "//span[text()='我已阅读并接受']/../label/span/span") (basics.py:106)
[2022-09-01 15:40:32] [    INFO] 获取状态：False (basics.py:330)
[2022-09-01 15:40:32] [    INFO] 查找元素：('xpath', "//span[text()='我已阅读并接受']/../label/span/span") (basics.py:106)
[2022-09-01 15:40:32] [    INFO] 点击元素：('xpath', "//span[text()='我已阅读并接受']/../label/span/span") (basics.py:206)
[2022-09-01 15:40:32] [    INFO] 查找元素：('xpath', "//*[@id='pane-account']/form/button") (basics.py:106)
[2022-09-01 15:40:32] [    INFO] 点击元素：('xpath', "//*[@id='pane-account']/form/button") (basics.py:206)
[2022-09-01 15:40:39] [ WARNING] 断言失败：URL为预期不一致 | URL: http://10.248.39.163:10101/#/c-login?lang=zh&source=PDC&type=simple&redirect=http%3A%2F%2Fbom-sit.transsion.com%3A10000%2F%23%2F (assert_ui.py:187)
[2022-09-01 15:40:39] [   ERROR] None
assert 'http://bom-sit.transsion.com:10000//dashboard' in 'http://10.248.39.163:10101/#/c-login?lang=zh&source=PDC&type=simple&redirect=http%3A%2F%2Fbom-sit.transsion.com%3A10000%2F%23%2F' (assert_ui.py:190)
[2022-09-01 15:41:12] [    INFO] 【PDC】项目【test】环境- UI自动化开始执行 (conftest.py:14)
[2022-09-01 15:41:12] [    INFO] 前置条件：传音统一登录开始 (conftest.py:18)
[2022-09-01 15:41:19] [    INFO] 打开网页：http://bom-sit.transsion.com:10000/ (basics.py:63)
[2022-09-01 15:41:19] [    INFO] 查找元素：('xpath', "//div[@role='button']") (basics.py:106)
[2022-09-01 15:41:19] [    INFO] 点击元素：('xpath', "//div[@role='button']") (basics.py:206)
[2022-09-01 15:41:23] [    INFO] 查找元素：['xpath', "//*[contains(@id,'dropdown-menu-')]//li[1]"] (basics.py:106)
[2022-09-01 15:41:24] [    INFO] 查找元素：('xpath', "//div[@role='button']") (basics.py:106)
[2022-09-01 15:41:25] [    INFO] 点击元素：('xpath', "//div[@role='button']") (basics.py:206)
[2022-09-01 15:41:25] [    INFO] 查找元素：('id', 'tab-account') (basics.py:106)
[2022-09-01 15:41:25] [    INFO] 点击元素：('id', 'tab-account') (basics.py:206)
[2022-09-01 15:41:26] [    INFO] 查找元素：('xpath', "//*[@id='pane-account']/form/div[1]/div/div[1]/input") (basics.py:106)
[2022-09-01 15:41:26] [    INFO] 输入文本：18649277 (basics.py:137)
[2022-09-01 15:41:28] [    INFO] 查找元素：('xpath', "//*[@id='pane-account']/form/div[2]/div/div[1]/input") (basics.py:106)
[2022-09-01 15:41:28] [    INFO] 输入文本：xLily6x (basics.py:137)
[2022-09-01 15:41:29] [    INFO] 查找元素：('xpath', "//span[text()='我已阅读并接受']/../label/span/span") (basics.py:106)
[2022-09-01 15:41:29] [    INFO] 获取状态：False (basics.py:330)
[2022-09-01 15:41:29] [    INFO] 查找元素：('xpath', "//span[text()='我已阅读并接受']/../label/span/span") (basics.py:106)
[2022-09-01 15:41:29] [    INFO] 点击元素：('xpath', "//span[text()='我已阅读并接受']/../label/span/span") (basics.py:206)
[2022-09-01 15:41:30] [    INFO] 查找元素：('xpath', "//*[@id='pane-account']/form/button") (basics.py:106)
[2022-09-01 15:41:30] [    INFO] 点击元素：('xpath', "//*[@id='pane-account']/form/button") (basics.py:206)
[2022-09-01 15:41:36] [ WARNING] 断言失败：URL为预期不一致 | URL: http://bom-sit.transsion.com:10000/#/process/holdon?token%3Dr_ODQxNGRhNzEtOGY1ZC00MjE5LWIxN2MtMzMwOTQ4ZWQ0YmYx%26rtoken%3Du_MjY2MWl1NWFjb244MWJuMnFlaDleODA2NjExODEwMDE2MTc0NTkzMzAyNzI4%26employeeNo%3D18649277%26lang%3Dzh (assert_ui.py:187)
[2022-09-01 15:41:36] [   ERROR] None
assert 'http://bom-sit.transsion.com:10000//dashboard' in 'http://bom-sit.transsion.com:10000/#/process/holdon?token%3Dr_ODQxNGRhNzEtOGY1ZC00MjE5LWIxN2MtMzMwOTQ4ZWQ0YmYx%26rtoken%3Du_MjY2MWl1NWFjb244MWJuMnFlaDleODA2NjExODEwMDE2MTc0NTkzMzAyNzI4%26employeeNo%3D18649277%26lang%3Dzh' (assert_ui.py:190)
[2022-09-01 15:44:03] [    INFO] 【PDC】项目【test】环境- UI自动化开始执行 (conftest.py:14)
[2022-09-01 15:44:03] [    INFO] 前置条件：传音统一登录开始 (conftest.py:18)
[2022-09-01 15:44:07] [    INFO] 打开网页：http://bom-sit.transsion.com:10000/ (basics.py:63)
[2022-09-01 15:44:07] [    INFO] 查找元素：('xpath', "//div[@role='button']") (basics.py:106)
[2022-09-01 15:44:07] [    INFO] 点击元素：('xpath', "//div[@role='button']") (basics.py:206)
[2022-09-01 15:44:12] [    INFO] 查找元素：['xpath', "//*[contains(@id,'dropdown-menu-')]//li[1]"] (basics.py:106)
[2022-09-01 15:44:13] [    INFO] 查找元素：('xpath', "//div[@role='button']") (basics.py:106)
[2022-09-01 15:44:13] [    INFO] 点击元素：('xpath', "//div[@role='button']") (basics.py:206)
[2022-09-01 15:44:14] [    INFO] 查找元素：('id', 'tab-account') (basics.py:106)
[2022-09-01 15:44:14] [    INFO] 点击元素：('id', 'tab-account') (basics.py:206)
[2022-09-01 15:44:15] [    INFO] 查找元素：('xpath', "//*[@id='pane-account']/form/div[1]/div/div[1]/input") (basics.py:106)
[2022-09-01 15:44:15] [    INFO] 输入文本：18649277 (basics.py:137)
[2022-09-01 15:44:16] [    INFO] 查找元素：('xpath', "//*[@id='pane-account']/form/div[2]/div/div[1]/input") (basics.py:106)
[2022-09-01 15:44:17] [    INFO] 输入文本：xLily6x (basics.py:137)
[2022-09-01 15:44:18] [    INFO] 查找元素：('xpath', "//span[text()='我已阅读并接受']/../label/span/span") (basics.py:106)
[2022-09-01 15:44:18] [    INFO] 获取状态：False (basics.py:330)
[2022-09-01 15:44:18] [    INFO] 查找元素：('xpath', "//span[text()='我已阅读并接受']/../label/span/span") (basics.py:106)
[2022-09-01 15:44:18] [    INFO] 点击元素：('xpath', "//span[text()='我已阅读并接受']/../label/span/span") (basics.py:206)
[2022-09-01 15:44:18] [    INFO] 查找元素：('xpath', "//*[@id='pane-account']/form/button") (basics.py:106)
[2022-09-01 15:44:18] [    INFO] 点击元素：('xpath', "//*[@id='pane-account']/form/button") (basics.py:206)
[2022-09-01 15:44:25] [ WARNING] 断言失败：URL为预期不一致 | URL: http://bom-sit.transsion.com:10000/#/process/holdon?token%3Dr_ZDY0NzIyYWQtM2ZiMi00ZWQ3LWEzOTctMzM5NTg5ZGFjNmU0%26rtoken%3Du_MjY2MWl1NWFjb244MWJuMnFlaDleODA2NjExODEwMDE2MTc0NTkzMzAyNzI4%26employeeNo%3D18649277%26lang%3Dzh (assert_ui.py:187)
[2022-09-01 15:44:25] [   ERROR] None
assert 'http://bom-sit.transsion.com:10000//dashboard' in 'http://bom-sit.transsion.com:10000/#/process/holdon?token%3Dr_ZDY0NzIyYWQtM2ZiMi00ZWQ3LWEzOTctMzM5NTg5ZGFjNmU0%26rtoken%3Du_MjY2MWl1NWFjb244MWJuMnFlaDleODA2NjExODEwMDE2MTc0NTkzMzAyNzI4%26employeeNo%3D18649277%26lang%3Dzh' (assert_ui.py:190)
