[2022-07-26 11:40:52] [    INFO] 【SRM】项目【test】环境- UI自动化开始执行 (conftest.py:14)
[2022-07-26 11:42:16] [    INFO] 【SRM】项目【test】环境- UI自动化开始执行 (conftest.py:14)
[2022-07-26 11:42:18] [    INFO] 查找元素：('xpath', '//input[@id="elsAccount"]') (basics.py:107)
[2022-07-26 11:42:18] [    INFO] 输入文本：860000 (basics.py:138)
[2022-07-26 11:42:18] [    INFO] 查找元素：('xpath', '//input[@id="elsSubAccount"]') (basics.py:107)
[2022-07-26 11:42:18] [    INFO] 输入文本：1001 (basics.py:138)
[2022-07-26 11:42:19] [    INFO] 查找元素：('xpath', '//input[@type="password"]') (basics.py:107)
[2022-07-26 11:42:19] [    INFO] 输入文本：1qaz@WSX (basics.py:138)
[2022-07-26 11:42:22] [    INFO] 查找元素：('xpath', '//input[@id="identifyCode"]') (basics.py:107)
[2022-07-26 11:42:24] [    INFO] 查找元素：('xpath', '//input[@id="identifyCode"]') (basics.py:107)
[2022-07-26 11:42:24] [    INFO] 输入文本：请输入验证码4792 (basics.py:138)
[2022-07-26 11:42:24] [    INFO] 查找元素：('xpath', '//button[@id="submit_btn"]') (basics.py:107)
[2022-07-26 11:42:24] [    INFO] 点击元素：('xpath', '//button[@id="submit_btn"]') (basics.py:191)
[2022-07-26 11:42:44] [    INFO] 【SRM】项目【test】环境- UI自动化开始执行 (conftest.py:14)
[2022-07-26 11:42:47] [    INFO] 查找元素：('xpath', '//input[@id="elsAccount"]') (basics.py:107)
[2022-07-26 11:42:47] [    INFO] 输入文本：860000 (basics.py:138)
[2022-07-26 11:42:48] [    INFO] 查找元素：('xpath', '//input[@id="elsSubAccount"]') (basics.py:107)
[2022-07-26 11:42:48] [    INFO] 输入文本：1001 (basics.py:138)
[2022-07-26 11:42:48] [    INFO] 查找元素：('xpath', '//input[@type="password"]') (basics.py:107)
[2022-07-26 11:42:48] [    INFO] 输入文本：1qaz@WSX (basics.py:138)
[2022-07-26 11:42:52] [    INFO] 查找元素：('xpath', '//input[@id="identifyCode"]') (basics.py:107)
[2022-07-26 11:42:53] [    INFO] 查找元素：('xpath', '//input[@id="identifyCode"]') (basics.py:107)
[2022-07-26 11:42:53] [    INFO] 输入文本：请输入验证码6674 (basics.py:138)
[2022-07-26 11:42:53] [    INFO] 查找元素：('xpath', '//button[@id="submit_btn"]') (basics.py:107)
[2022-07-26 11:42:53] [    INFO] 点击元素：('xpath', '//button[@id="submit_btn"]') (basics.py:191)
