[2022-08-30 13:39:45] [    INFO] 【TBM】项目【test】环境- UI自动化开始执行 (conftest.py:17)
[2022-08-30 13:39:45] [    INFO] 前置条件：传音统一登录开始 (conftest.py:21)
[2022-08-30 13:39:51] [    INFO] 打开网页：http://bom-sit.transsion.com/#/process/home-page (basics.py:63)
[2022-08-30 13:39:51] [    INFO] 查找元素：('xpath', "//div[@role='button']") (basics.py:106)
[2022-08-30 13:39:51] [    INFO] 点击元素：('xpath', "//div[@role='button']") (basics.py:206)
[2022-08-30 13:39:56] [    INFO] 查找元素：['xpath', "//*[contains(@id,'dropdown-menu-')]//li[1]"] (basics.py:106)
[2022-08-30 13:39:57] [    INFO] 查找元素：('xpath', "//div[@role='button']") (basics.py:106)
[2022-08-30 13:39:57] [    INFO] 点击元素：('xpath', "//div[@role='button']") (basics.py:206)
[2022-08-30 13:39:57] [    INFO] 查找元素：('id', 'tab-account') (basics.py:106)
[2022-08-30 13:39:58] [    INFO] 点击元素：('id', 'tab-account') (basics.py:206)
[2022-08-30 13:39:59] [    INFO] 查找元素：('xpath', "//*[@id='pane-account']/form/div[1]/div/div[1]/input") (basics.py:106)
[2022-08-30 13:39:59] [    INFO] 输入文本：18645960 (basics.py:137)
[2022-08-30 13:40:00] [    INFO] 查找元素：('xpath', "//*[@id='pane-account']/form/div[2]/div/div[1]/input") (basics.py:106)
[2022-08-30 13:40:00] [    INFO] 输入文本：xLily6x (basics.py:137)
[2022-08-30 13:40:01] [    INFO] 查找元素：('xpath', "//span[text()='我已阅读并接受']/../label/span/span") (basics.py:106)
[2022-08-30 13:40:01] [    INFO] 获取状态：False (basics.py:330)
[2022-08-30 13:40:01] [    INFO] 查找元素：('xpath', "//span[text()='我已阅读并接受']/../label/span/span") (basics.py:106)
[2022-08-30 13:40:02] [    INFO] 点击元素：('xpath', "//span[text()='我已阅读并接受']/../label/span/span") (basics.py:206)
[2022-08-30 13:40:02] [    INFO] 查找元素：('xpath', "//*[@id='pane-account']/form/button") (basics.py:106)
[2022-08-30 13:40:02] [    INFO] 点击元素：('xpath', "//*[@id='pane-account']/form/button") (basics.py:206)
[2022-08-30 13:40:09] [   ERROR] 正在截图... (basics.py:449)
[2022-08-30 13:40:09] [   ERROR] 日志正在附加截图... (basics.py:456)
[2022-08-30 13:40:09] [   ERROR] 日志附加截图成功 (basics.py:460)
[2022-08-30 13:40:09] [    INFO] 断言成功：页面存在该标识首页 | 关键字:首页 (assert_ui.py:167)
[2022-08-30 13:40:09] [    INFO] 前置条件：传音统一登录成功 (conftest.py:25)
[2022-08-30 13:40:09] [    INFO] 查找元素：['xpath', "//span[@class='meta-title' and contains(text(),'BOM协作')]"] (basics.py:102)
[2022-08-30 13:40:10] [    INFO] 点击元素：('xpath', "//span[@class='meta-title' and contains(text(),'BOM协作')]")BOM协作 (basics.py:565)
[2022-08-30 13:40:10] [    INFO] 点击一级菜单：BOM协作 (BOM.py:18)
[2022-08-30 13:40:10] [    INFO] 查找元素：['xpath', "//div[@class='menu-wrapper nest-menu']//span[contains(text(),'整机BOM协作')]"] (basics.py:102)
[2022-08-30 13:40:10] [    INFO] 点击元素：('xpath', "//div[@class='menu-wrapper nest-menu']//span[contains(text(),'整机BOM协作')]")整机BOM协作 (basics.py:565)
[2022-08-30 13:40:10] [    INFO] 点击二级菜单：整机BOM协作 (BOM.py:20)
[2022-08-30 13:40:12] [    INFO] 刷新页面 (basics.py:337)
[2022-08-30 13:40:12] [    INFO] 查找元素：('xpath', "//button//span[contains(text(),'新增')]") (basics.py:106)
[2022-08-30 13:40:12] [    INFO] 点击元素：('xpath', "//button//span[contains(text(),'新增')]")None (basics.py:565)
[2022-08-30 13:40:14] [    INFO] 查找元素：('xpath', "//label[contains(text(),'制作类型')]/..//input") (basics.py:106)
[2022-08-30 13:40:15] [    INFO] 点击元素：('xpath', "//label[contains(text(),'制作类型')]/..//input")None (basics.py:565)
[2022-08-30 13:40:15] [    INFO] 查找元素：('xpath', "//li/span[contains(text(), '生产BOM')]") (basics.py:106)
[2022-08-30 13:40:15] [    INFO] 点击元素：('xpath', "//li/span[contains(text(), '生产BOM')]")None (basics.py:565)
[2022-08-30 13:40:16] [    INFO] 查找元素：('xpath', "//label[contains(text(),'品牌')]/..//input") (basics.py:106)
[2022-08-30 13:40:17] [    INFO] 点击元素：('xpath', "//label[contains(text(),'品牌')]/..//input")None (basics.py:565)
[2022-08-30 13:40:17] [    INFO] 查找元素：('xpath', "//li/span[normalize-space(text())='itel']") (basics.py:106)
[2022-08-30 13:40:18] [    INFO] 点击元素：('xpath', "//li/span[normalize-space(text())='itel']")None (basics.py:565)
[2022-08-30 13:40:19] [    INFO] 查找元素：('xpath', "//label[contains(text(),'机型')]/..//input") (basics.py:106)
[2022-08-30 13:40:19] [    INFO] 点击元素：('xpath', "//label[contains(text(),'机型')]/..//input")None (basics.py:565)
[2022-08-30 13:40:20] [    INFO] 查找元素：('xpath', "//label[contains(text(),'机型')]/..//input") (basics.py:106)
[2022-08-30 13:40:20] [    INFO] 输入文本：C6769 (basics.py:137)
[2022-08-30 13:40:20] [    INFO] 查找元素：('xpath', "//li[normalize-space(text())='(C6769)C6769']") (basics.py:106)
[2022-08-30 13:40:21] [    INFO] 点击元素：('xpath', "//li[normalize-space(text())='(C6769)C6769']")None (basics.py:565)
[2022-08-30 13:40:22] [    INFO] 查找元素：('xpath', "//label[contains(text(),'阶段')]/..//input") (basics.py:106)
[2022-08-30 13:40:23] [    INFO] 点击元素：('xpath', "//label[contains(text(),'阶段')]/..//input")None (basics.py:565)
[2022-08-30 13:40:23] [    INFO] 查找元素：('xpath', "//li/span[normalize-space(text())='量产阶段']") (basics.py:106)
[2022-08-30 13:40:24] [    INFO] 点击元素：('xpath', "//li/span[normalize-space(text())='量产阶段']")None (basics.py:565)
[2022-08-30 13:40:25] [    INFO] 查找元素：('xpath', "//label[contains(text(),'市场')]/..//input") (basics.py:106)
[2022-08-30 13:40:25] [    INFO] 点击元素：('xpath', "//label[contains(text(),'市场')]/..//input")None (basics.py:565)
[2022-08-30 13:40:25] [    INFO] 查找元素：('xpath', "//li/span[normalize-space(text())='孟加拉']") (basics.py:106)
[2022-08-30 13:40:26] [    INFO] 点击元素：('xpath', "//li/span[normalize-space(text())='孟加拉']")None (basics.py:565)
[2022-08-30 13:40:27] [    INFO] 查找元素：('xpath', "//button//span[contains(text(),'新增Bom')]") (basics.py:106)
[2022-08-30 13:40:28] [    INFO] 点击元素：('xpath', "//button//span[contains(text(),'新增Bom')]")None (basics.py:565)
[2022-08-30 13:40:28] [    INFO] 查找元素：('xpath', "//span[@title='产成品']/../../../..//span[contains(text(),'编辑')]") (basics.py:106)
[2022-08-30 13:40:28] [    INFO] 点击元素：('xpath', "//span[@title='产成品']/../../../..//span[contains(text(),'编辑')]")None (basics.py:565)
[2022-08-30 13:40:29] [    INFO] 查找元素：('xpath', "//span[@title='产成品']/../../../../td[2]//input") (basics.py:106)
[2022-08-30 13:40:30] [    INFO] 点击元素：('xpath', "//span[@title='产成品']/../../../../td[2]//input")None (basics.py:565)
[2022-08-30 13:40:30] [    INFO] 查找元素：('xpath', "//li//span[contains(text(),'国内生产BOM')]") (basics.py:106)
[2022-08-30 13:40:31] [    INFO] 点击元素：('xpath', "//li//span[contains(text(),'国内生产BOM')]")None (basics.py:565)
[2022-08-30 13:40:32] [    INFO] 查找元素：('xpath', "//span[@title='产成品']/../../../../td[3]//input") (basics.py:106)
[2022-08-30 13:40:32] [    INFO] 点击元素：('xpath', "//span[@title='产成品']/../../../../td[3]//input")None (basics.py:565)
[2022-08-30 13:40:32] [    INFO] 查找元素：('xpath', "//li/span[normalize-space(text())='量产']") (basics.py:106)
[2022-08-30 13:40:33] [    INFO] 点击元素：('xpath', "//li/span[normalize-space(text())='量产']")None (basics.py:565)
[2022-08-30 13:40:34] [    INFO] 查找元素：('xpath', "//span[@title='产成品']/../../../../td[6]//input") (basics.py:106)
[2022-08-30 13:40:34] [    INFO] 点击元素：('xpath', "//span[@title='产成品']/../../../../td[6]//input")None (basics.py:565)
[2022-08-30 13:40:35] [    INFO] 查找元素：('xpath', "//span[@title='产成品']/../../../../td[6]//input") (basics.py:106)
[2022-08-30 13:40:35] [    INFO] 输入文本：12000001 (basics.py:137)
[2022-08-30 13:40:35] [    INFO] 查找元素：('xpath', "//li[contains(text(),'12000001')]") (basics.py:106)
[2022-08-30 13:40:36] [    INFO] 点击元素：('xpath', "//li[contains(text(),'12000001')]")None (basics.py:565)
[2022-08-30 13:40:37] [    INFO] 查找元素：('xpath', "//span[@title='产成品']/../../../../td[9]//input") (basics.py:106)
[2022-08-30 13:40:38] [    INFO] 点击元素：('xpath', "//span[@title='产成品']/../../../../td[9]//input")None (basics.py:565)
[2022-08-30 13:40:39] [    INFO] 查找元素：('xpath', "//span[@title='产成品']/../../../../td[9]//input") (basics.py:106)
[2022-08-30 13:40:39] [    INFO] 输入文本：1000 (basics.py:137)
[2022-08-30 13:40:39] [    INFO] 查找元素：('xpath', "//span[@title='产成品']/../../../..//span[contains(text(),'确定')]") (basics.py:106)
[2022-08-30 13:40:39] [    INFO] 点击元素：('xpath', "//span[@title='产成品']/../../../..//span[contains(text(),'确定')]")None (basics.py:565)
[2022-08-30 13:40:40] [    INFO] 查找元素：('xpath', "//label[contains(text(),'MPM')]/..//input") (basics.py:106)
[2022-08-30 13:40:41] [    INFO] 点击元素：('xpath', "//label[contains(text(),'MPM')]/..//input")None (basics.py:565)
[2022-08-30 13:40:41] [    INFO] 查找元素：('xpath', "//div[@class='user-find']//input") (basics.py:106)
[2022-08-30 13:40:42] [    INFO] 点击元素：('xpath', "//div[@class='user-find']//input")None (basics.py:565)
[2022-08-30 13:40:42] [    INFO] 查找元素：('xpath', "//div[@class='user-find']//input") (basics.py:106)
[2022-08-30 13:40:42] [    INFO] 输入文本：李小素 (basics.py:137)
[2022-08-30 13:40:42] [    INFO] 查找元素：('xpath', "//div[@class='user-list']/div[3]//div[normalize-space(text())='18645960']") (basics.py:106)
[2022-08-30 13:40:44] [    INFO] 点击元素：('xpath', "//div[@class='user-list']/div[3]//div[normalize-space(text())='18645960']")None (basics.py:565)
[2022-08-30 13:40:44] [    INFO] 查找元素：('xpath', "//div[@class='user-list']/../../../..//button//span[contains(text(),'确 定')]") (basics.py:106)
[2022-08-30 13:40:44] [    INFO] 点击元素：('xpath', "//div[@class='user-list']/../../../..//button//span[contains(text(),'确 定')]")None (basics.py:565)
[2022-08-30 13:40:45] [    INFO] 查找元素：('xpath', "//label[contains(text(),'采购部')]/..//input") (basics.py:106)
[2022-08-30 13:40:46] [    INFO] 点击元素：('xpath', "//label[contains(text(),'采购部')]/..//input")None (basics.py:565)
[2022-08-30 13:40:46] [    INFO] 查找元素：('xpath', "//div[@class='user-find']//input") (basics.py:106)
[2022-08-30 13:40:47] [    INFO] 点击元素：('xpath', "//div[@class='user-find']//input")None (basics.py:565)
[2022-08-30 13:40:47] [    INFO] 查找元素：('xpath', "//div[@class='user-find']//input") (basics.py:106)
[2022-08-30 13:40:47] [    INFO] 输入文本：李小素 (basics.py:137)
[2022-08-30 13:40:47] [    INFO] 查找元素：('xpath', "//div[@class='user-list']/div[3]//div[normalize-space(text())='18645960']") (basics.py:106)
[2022-08-30 13:40:49] [    INFO] 点击元素：('xpath', "//div[@class='user-list']/div[3]//div[normalize-space(text())='18645960']")None (basics.py:565)
[2022-08-30 13:40:49] [    INFO] 查找元素：('xpath', "//div[@class='user-list']/../../../..//button//span[contains(text(),'确 定')]") (basics.py:106)
[2022-08-30 13:40:50] [    INFO] 点击元素：('xpath', "//div[@class='user-list']/../../../..//button//span[contains(text(),'确 定')]")None (basics.py:565)
[2022-08-30 13:40:51] [    INFO] 查找元素：('xpath', "//button//span[contains(text(),'提交')]") (basics.py:106)
[2022-08-30 13:40:51] [    INFO] 点击元素：('xpath', "//button//span[contains(text(),'提交')]")None (basics.py:565)
[2022-08-30 13:40:52] [   ERROR] 正在截图... (basics.py:449)
[2022-08-30 13:40:52] [   ERROR] 日志正在附加截图... (basics.py:456)
[2022-08-30 13:40:52] [   ERROR] 日志附加截图成功 (basics.py:460)
[2022-08-30 13:40:52] [    INFO] 断言成功：页面存在该标识 | 当前页面关键字: 创建流程成功 (assert_ui.py:155)
[2022-08-30 13:40:52] [    INFO] 查找元素：('xpath', "//button//span[contains(text(),'查询')]") (basics.py:106)
[2022-08-30 13:40:54] [    INFO] 点击元素：('xpath', "//button//span[contains(text(),'查询')]")None (basics.py:565)
[2022-08-30 13:40:54] [    INFO] 查找元素：('xpath', "//div[contains(text(),'C6769')]/../..//td[2]") (basics.py:106)
[2022-08-30 13:40:54] [    INFO] 获取文本：ZBOM20220830054051584522 (basics.py:319)
[2022-08-30 13:40:54] [    INFO] 查找元素：['xpath', "//span[@class='meta-title' and contains(text(),'待办列表')]"] (basics.py:102)
[2022-08-30 13:40:55] [    INFO] 点击元素：('xpath', "//span[@class='meta-title' and contains(text(),'待办列表')]")待办列表 (basics.py:565)
[2022-08-30 13:40:55] [    INFO] 点击待办列表：待办列表 (BOM.py:127)
[2022-08-30 13:40:55] [    INFO] 查找元素：['xpath', "//div[@class='menu-wrapper nest-menu']//span[contains(text(),'我申请的')]"] (basics.py:102)
[2022-08-30 13:40:55] [    INFO] 点击元素：('xpath', "//div[@class='menu-wrapper nest-menu']//span[contains(text(),'我申请的')]")我申请的 (basics.py:565)
[2022-08-30 13:40:55] [    INFO] 点击我申请的：我申请的 (BOM.py:129)
[2022-08-30 13:41:00] [    INFO] 刷新页面 (basics.py:337)
[2022-08-30 13:41:00] [    INFO] 查找元素：('xpath', '//iframe') (basics.py:106)
[2022-08-30 13:41:00] [    INFO] 查找元素：['xpath', "//div[contains(text(),'ZBOM20220830054051584522') and @class='row-code']/../../../..//span[text()='查看详情']"] (basics.py:102)
[2022-08-30 13:41:03] [    INFO] 点击元素：('xpath', "//div[contains(text(),'variable') and @class='row-code']/../../../..//span[text()='查看详情']")ZBOM20220830054051584522 (basics.py:565)
[2022-08-30 13:41:04] [    INFO] 查找元素：('xpath', "//button//span[text()='撤回']") (basics.py:106)
[2022-08-30 13:41:04] [    INFO] 点击元素：('xpath', "//button//span[text()='撤回']")None (basics.py:565)
[2022-08-30 13:41:04] [    INFO] 查找元素：('xpath', "//div[@aria-label='提示']//span[normalize-space(text())='确定']") (basics.py:106)
[2022-08-30 13:41:05] [    INFO] 点击元素：('xpath', "//div[@aria-label='提示']//span[normalize-space(text())='确定']")None (basics.py:565)
[2022-08-30 13:41:06] [    INFO] 查找元素：['xpath', "//span[@class='meta-title' and contains(text(),'BOM协作')]"] (basics.py:102)
[2022-08-30 13:41:07] [    INFO] 点击元素：('xpath', "//span[@class='meta-title' and contains(text(),'BOM协作')]")BOM协作 (basics.py:565)
[2022-08-30 13:41:07] [    INFO] 点击一级菜单：BOM协作 (BOM.py:18)
[2022-08-30 13:41:07] [    INFO] 查找元素：['xpath', "//div[@class='menu-wrapper nest-menu']//span[contains(text(),'整机BOM协作')]"] (basics.py:102)
[2022-08-30 13:41:07] [    INFO] 点击元素：('xpath', "//div[@class='menu-wrapper nest-menu']//span[contains(text(),'整机BOM协作')]")整机BOM协作 (basics.py:565)
[2022-08-30 13:41:07] [    INFO] 点击二级菜单：整机BOM协作 (BOM.py:20)
[2022-08-30 13:41:09] [    INFO] 刷新页面 (basics.py:337)
[2022-08-30 13:41:09] [    INFO] 查找元素：('xpath', "//button//span[contains(text(),'查询')]") (basics.py:106)
[2022-08-30 13:41:09] [    INFO] 点击元素：('xpath', "//button//span[contains(text(),'查询')]")None (basics.py:565)
[2022-08-30 13:41:09] [    INFO] 查找元素：['xpath', "//div[text()='ZBOM20220830054051584522']/../..//button[not(contains(@style,'display: none;'))]//span[text()='删除']"] (basics.py:102)
[2022-08-30 13:41:10] [    INFO] 点击元素：('xpath', "//div[text()='variable']/../..//button[not(contains(@style,'display: none;'))]//span[text()='删除']")ZBOM20220830054051584522 (basics.py:565)
[2022-08-30 13:41:10] [    INFO] 查找元素：('xpath', "//div[@aria-label='提示']//span[normalize-space(text())='确定']") (basics.py:106)
[2022-08-30 13:41:11] [    INFO] 点击元素：('xpath', "//div[@aria-label='提示']//span[normalize-space(text())='确定']")None (basics.py:565)
[2022-08-30 13:41:11] [   ERROR] 正在截图... (basics.py:449)
[2022-08-30 13:41:11] [   ERROR] 日志正在附加截图... (basics.py:456)
[2022-08-30 13:41:11] [   ERROR] 日志附加截图成功 (basics.py:460)
[2022-08-30 13:41:11] [    INFO] 断言成功：页面存在该标识 | 当前页面关键字: 删除成功 (assert_ui.py:155)
