[2022-08-12 09:54:42] [    INFO] 【DRP】项目【test】环境- UI自动化开始执行 (conftest.py:14)
[2022-08-12 09:54:42] [    INFO] 前置条件：传音统一登录开始 (conftest.py:18)
[2022-08-12 09:54:46] [    INFO] 打开网页：http://10.250.112.166:9000/# (basics.py:64)
[2022-08-12 09:54:46] [    INFO] 查找元素：('xpath', "//div[@role='button']") (basics.py:107)
[2022-08-12 09:54:46] [    INFO] 点击元素：('xpath', "//div[@role='button']") (basics.py:191)
[2022-08-12 09:54:50] [    INFO] 查找元素：['xpath', "//*[contains(@id,'dropdown-menu-')]//li[1]"] (basics.py:107)
[2022-08-12 09:54:51] [    INFO] 查找元素：('xpath', "//div[@role='button']") (basics.py:107)
[2022-08-12 09:54:51] [    INFO] 点击元素：('xpath', "//div[@role='button']") (basics.py:191)
[2022-08-12 09:54:52] [    INFO] 查找元素：('id', 'tab-account') (basics.py:107)
[2022-08-12 09:54:52] [    INFO] 点击元素：('id', 'tab-account') (basics.py:191)
[2022-08-12 09:54:53] [    INFO] 查找元素：('xpath', "//*[@id='pane-account']/form/div[1]/div/div[1]/input") (basics.py:107)
[2022-08-12 09:54:53] [    INFO] 输入文本：18649572 (basics.py:138)
[2022-08-12 09:54:54] [    INFO] 查找元素：('xpath', "//*[@id='pane-account']/form/div[2]/div/div[1]/input") (basics.py:107)
[2022-08-12 09:54:54] [    INFO] 输入文本：xLily6x (basics.py:138)
[2022-08-12 09:54:55] [    INFO] 查找元素：('xpath', "//*[@id='pane-account']/form/div[4]/label/span/span") (basics.py:107)
[2022-08-12 09:54:55] [    INFO] 获取状态：False (basics.py:313)
[2022-08-12 09:54:55] [    INFO] 查找元素：('xpath', "//*[@id='pane-account']/form/div[4]/label/span/span") (basics.py:107)
[2022-08-12 09:54:55] [    INFO] 点击元素：('xpath', "//*[@id='pane-account']/form/div[4]/label/span/span") (basics.py:191)
[2022-08-12 09:54:56] [    INFO] 查找元素：('xpath', "//*[@id='pane-account']/form/button") (basics.py:107)
[2022-08-12 09:54:56] [    INFO] 点击元素：('xpath', "//*[@id='pane-account']/form/button") (basics.py:191)
[2022-08-12 09:55:03] [    INFO] 断言成功：URL为预期一致 | URL: http://10.250.112.166:9000/#/dashboard (assert_ui.py:190)
[2022-08-12 09:55:03] [    INFO] 断言成功: 该内容存在数据列表中 | word:隆江 (assert_ui.py:294)
[2022-08-12 09:55:03] [    INFO] 前置条件：传音统一登录成功 (conftest.py:25)
[2022-08-12 09:55:03] [    INFO] 模块前置条件：前往“DRP数据管理-机型库”页面 (DRPDataMgmt_ModelDatabase.py:10)
[2022-08-12 09:55:03] [    INFO] 查找元素：('xpath', '//*[@id="app"]/div/div[1]/div[2]/div[1]/div/ul/div[9]/li/div/span') (basics.py:107)
[2022-08-12 09:55:03] [    INFO] 点击元素：('xpath', '//*[@id="app"]/div/div[1]/div[2]/div[1]/div/ul/div[9]/li/div/span') (basics.py:191)
[2022-08-12 09:55:03] [    INFO] 查找元素：('xpath', "//li[@role='menuitem']//span[contains(text(),'机型库')]") (basics.py:107)
[2022-08-12 09:55:03] [    INFO] 点击元素：('xpath', "//li[@role='menuitem']//span[contains(text(),'机型库')]") (basics.py:191)
[2022-08-12 09:55:06] [    INFO] 断言成功：URL为预期一致 | URL: http://10.250.112.166:9000/#/dataManage/modelLibrary (assert_ui.py:190)
[2022-08-12 09:55:08] [    INFO] 查找元素：['xpath', "//div[@class='wrapper-tabs']//span[contains(text(),'产品信息')]"] (basics.py:107)
[2022-08-12 09:55:08] [    INFO] 选择点击：['xpath', "//div[@class='wrapper-tabs']//span[contains(text(),'产品信息')]"] (basics.py:188)
[2022-08-12 09:55:08] [    INFO] 前往菜单产品信息 (DRPDataMgmt_ModelDatabase.py:20)
[2022-08-12 09:55:08] [    INFO] 查找元素：('xpath', "//div[@class='left-btn']//button[1]") (basics.py:107)
[2022-08-12 09:55:08] [    INFO] 获取文本：新 增 (basics.py:302)
[2022-08-12 09:55:08] [    INFO] 查找元素：('xpath', "//div[@class='btn-tool-info']//button[@type='button']//span[contains(text(),'新 增')]") (basics.py:107)
[2022-08-12 09:55:08] [    INFO] 点击元素：('xpath', "//div[@class='btn-tool-info']//button[@type='button']//span[contains(text(),'新 增')]") (basics.py:191)
[2022-08-12 09:55:09] [    INFO] 打开新增弹窗 (DRPDataMgmt_ModelDatabase.py:31)
[2022-08-12 09:55:09] [    INFO] 查找元素：('xpath', "//div[@class='el-form-item is-required el-form-item--medium']//label[contains(text(),'来源')]/following-sibling::div//input[@placeholder='请选择']") (basics.py:107)
[2022-08-12 09:55:09] [    INFO] 点击元素：('xpath', "//div[@class='el-form-item is-required el-form-item--medium']//label[contains(text(),'来源')]/following-sibling::div//input[@placeholder='请选择']") (basics.py:191)
[2022-08-12 09:55:11] [    INFO] 查找元素：['xpath', "//div[@x-placement='bottom-start']//li[1]"] (basics.py:107)
[2022-08-12 09:55:11] [    INFO] 选择点击：['xpath', "//div[@x-placement='bottom-start']//li[1]"] (basics.py:188)
[2022-08-12 09:55:11] [    INFO] 新增机型来源：数仓 (DRPDataMgmt_ModelDatabase.py:82)
[2022-08-12 09:55:11] [    INFO] 查找元素：('xpath', "//div[@class='el-form-item is-required el-form-item--medium']//label[contains(text(),'供应类型')]/following-sibling::div//input[@placeholder='请选择']") (basics.py:107)
[2022-08-12 09:55:12] [    INFO] 点击元素：('xpath', "//div[@class='el-form-item is-required el-form-item--medium']//label[contains(text(),'供应类型')]/following-sibling::div//input[@placeholder='请选择']") (basics.py:191)
[2022-08-12 09:55:14] [    INFO] 查找元素：['xpath', "//div[@x-placement='bottom-start']//li[1]"] (basics.py:107)
[2022-08-12 09:55:14] [    INFO] 选择点击：['xpath', "//div[@x-placement='bottom-start']//li[1]"] (basics.py:188)
[2022-08-12 09:55:14] [    INFO] 供应商类型：自研 (DRPDataMgmt_ModelDatabase.py:94)
[2022-08-12 09:55:14] [    INFO] 查找元素：('xpath', "//div[@class='el-form-item is-required el-form-item--medium']//label[contains(text(),'品牌')]/following-sibling::div//input[@placeholder='请选择']") (basics.py:107)
[2022-08-12 09:55:14] [    INFO] 点击元素：('xpath', "//div[@class='el-form-item is-required el-form-item--medium']//label[contains(text(),'品牌')]/following-sibling::div//input[@placeholder='请选择']") (basics.py:191)
[2022-08-12 09:55:17] [    INFO] 查找元素：['xpath', "//div[@x-placement='bottom-start']//li[2]"] (basics.py:107)
[2022-08-12 09:55:17] [    INFO] 选择点击：['xpath', "//div[@x-placement='bottom-start']//li[2]"] (basics.py:188)
[2022-08-12 09:55:17] [    INFO] 品牌：itel (DRPDataMgmt_ModelDatabase.py:107)
[2022-08-12 09:55:17] [    INFO] 查找元素：('xpath', "//div[@class='el-form-item is-required el-form-item--medium']//label[contains(text(),'大类粗')]/following-sibling::div//input[@placeholder='请选择']") (basics.py:107)
[2022-08-12 09:55:17] [    INFO] 点击元素：('xpath', "//div[@class='el-form-item is-required el-form-item--medium']//label[contains(text(),'大类粗')]/following-sibling::div//input[@placeholder='请选择']") (basics.py:191)
[2022-08-12 09:55:17] [    INFO] 查找元素：('xpath', "//div[@class='el-form-item is-required el-form-item--medium']//label[contains(text(),'大类粗')]/following-sibling::div//input[@placeholder='请选择']") (basics.py:107)
[2022-08-12 09:55:17] [    INFO] 点击元素：('xpath', "//div[@class='el-form-item is-required el-form-item--medium']//label[contains(text(),'大类粗')]/following-sibling::div//input[@placeholder='请选择']") (basics.py:191)
[2022-08-12 09:55:18] [    INFO] 大类粗：None (DRPDataMgmt_ModelDatabase.py:118)
[2022-08-12 09:55:18] [    INFO] 查找元素：('xpath', "//div[@class='el-form-item is-required el-form-item--medium']//label[contains(text(),'系列')]/following-sibling::div//input[@placeholder='请选择']") (basics.py:107)
[2022-08-12 09:55:18] [    INFO] 点击元素：('xpath', "//div[@class='el-form-item is-required el-form-item--medium']//label[contains(text(),'系列')]/following-sibling::div//input[@placeholder='请选择']") (basics.py:191)
[2022-08-12 09:55:21] [    INFO] 查找元素：['xpath', "//div[@x-placement='bottom-start']//li//span[text()='A']"] (basics.py:107)
[2022-08-12 09:55:21] [    INFO] 选择点击：['xpath', "//div[@x-placement='bottom-start']//li//span[text()='A']"] (basics.py:188)
[2022-08-12 09:55:21] [    INFO] 系列：A (DRPDataMgmt_ModelDatabase.py:137)
[2022-08-12 09:55:21] [    INFO] 查找元素：('xpath', "//label[contains(text(),'项目名')]/following-sibling::div//input[@placeholder='请选择']") (basics.py:107)
[2022-08-12 09:55:21] [    INFO] 点击元素：('xpath', "//label[contains(text(),'项目名')]/following-sibling::div//input[@placeholder='请选择']") (basics.py:191)
[2022-08-12 09:55:23] [    INFO] 查找元素：['xpath', "//div[@x-placement='bottom-start']//li//span[text()='S11']"] (basics.py:107)
[2022-08-12 09:55:24] [    INFO] 选择点击：['xpath', "//div[@x-placement='bottom-start']//li//span[text()='S11']"] (basics.py:188)
[2022-08-12 09:55:24] [    INFO] 来源=数仓，项目名为下拉选项，选择项目：S11 (DRPDataMgmt_ModelDatabase.py:148)
[2022-08-12 09:55:24] [    INFO] 查找元素：('xpath', "//label[contains(text(),'内存版本')]/following-sibling::div//input[@placeholder='请输入']") (basics.py:107)
[2022-08-12 09:55:24] [    INFO] 输入文本：64+4 (basics.py:155)
[2022-08-12 09:55:24] [    INFO] 内存版本：64+4 (DRPDataMgmt_ModelDatabase.py:153)
[2022-08-12 09:55:24] [    INFO] 查找元素：('xpath', "//div[@class='el-form-item is-required el-form-item--medium']//label[contains(text(),'网络制式')]/following-sibling::div//input[@placeholder='请选择']") (basics.py:107)
[2022-08-12 09:55:25] [    INFO] 点击元素：('xpath', "//div[@class='el-form-item is-required el-form-item--medium']//label[contains(text(),'网络制式')]/following-sibling::div//input[@placeholder='请选择']") (basics.py:191)
[2022-08-12 09:55:27] [    INFO] 查找元素：['xpath', "//div[@x-placement='bottom-start']//li[4]"] (basics.py:107)
[2022-08-12 09:55:27] [    INFO] 选择点击：['xpath', "//div[@x-placement='bottom-start']//li[4]"] (basics.py:188)
[2022-08-12 09:55:27] [    INFO] 网络制式：5G (DRPDataMgmt_ModelDatabase.py:168)
[2022-08-12 09:55:28] [    INFO] 查找元素：('xpath', "//label[contains(text(),'市场名')]/following-sibling::div//input[@placeholder='请输入']") (basics.py:107)
[2022-08-12 09:55:28] [    INFO] 输入文本：India (basics.py:155)
[2022-08-12 09:55:28] [    INFO] 市场名：India (DRPDataMgmt_ModelDatabase.py:173)
[2022-08-12 09:55:29] [    INFO] 查找元素：('xpath', "//button[@type='button']//span[contains(text(),'选择')]") (basics.py:107)
[2022-08-12 09:55:29] [    INFO] 点击元素：('xpath', "//button[@type='button']//span[contains(text(),'选择')]") (basics.py:191)
[2022-08-12 09:55:30] [    INFO] 打开颜色弹窗 (DRPDataMgmt_ModelDatabase.py:179)
[2022-08-12 09:55:32] [    INFO] 查找元素：('xpath', "//input[@placeholder='请输入颜色编码或颜色名称']") (basics.py:107)
[2022-08-12 09:55:32] [    INFO] 输入文本：半透黑 (basics.py:155)
[2022-08-12 09:55:34] [    INFO] 查找元素：['xpath', "//div[@class='color-table']//div[2]/table/tbody/tr[1]/td[4]/div/button/span"] (basics.py:103)
[2022-08-12 09:55:34] [    INFO] 颜色：半透黑 (DRPDataMgmt_ModelDatabase.py:190)
[2022-08-12 09:55:34] [    INFO] 查找元素：('xpath', "//div[contains(@class,'wrapper-info')]//div//div[contains(@class,'el-dialog__wrapper')]//div[contains(@aria-label,'选择机型颜色')]//div[contains(@class,'el-dialog__footer')]//span[contains(@class,'dialog-footer')]//div//span[contains(text(),'保存')]") (basics.py:107)
[2022-08-12 09:55:34] [    INFO] 点击元素：('xpath', "//div[contains(@class,'wrapper-info')]//div//div[contains(@class,'el-dialog__wrapper')]//div[contains(@aria-label,'选择机型颜色')]//div[contains(@class,'el-dialog__footer')]//span[contains(@class,'dialog-footer')]//div//span[contains(text(),'保存')]") (basics.py:191)
[2022-08-12 09:55:34] [    INFO] 点击颜色保存按钮 (DRPDataMgmt_ModelDatabase.py:195)
[2022-08-12 09:55:34] [    INFO] 查找元素：('xpath', "//div[@class='el-form-item is-required el-form-item--medium']//label[contains(text(),'状态')]/following-sibling::div//input[@placeholder='请选择']") (basics.py:107)
[2022-08-12 09:55:34] [    INFO] 点击元素：('xpath', "//div[@class='el-form-item is-required el-form-item--medium']//label[contains(text(),'状态')]/following-sibling::div//input[@placeholder='请选择']") (basics.py:191)
[2022-08-12 09:55:37] [    INFO] 查找元素：['xpath', "//div[@x-placement='bottom-start']//li[2]"] (basics.py:107)
[2022-08-12 09:55:37] [    INFO] 选择点击：['xpath', "//div[@x-placement='bottom-start']//li[2]"] (basics.py:188)
[2022-08-12 09:55:37] [    INFO] 状态：MP (DRPDataMgmt_ModelDatabase.py:210)
[2022-08-12 09:55:37] [    INFO] 查找元素：('xpath', "//div[@class='tr-form-row el-row']//span[contains(text(),'确定')]") (basics.py:107)
[2022-08-12 09:55:37] [    INFO] 点击元素：('xpath', "//div[@class='tr-form-row el-row']//span[contains(text(),'确定')]") (basics.py:191)
[2022-08-12 09:55:38] [    INFO] 查找元素：('xpath', "//div[contains(text(),'不能为空')]") (basics.py:107)
[2022-08-12 09:55:38] [    INFO] 获取文本：不能为空 (basics.py:302)
