[2022-08-24 22:06:54] [    INFO] 今天的日期: 2022-08-24  (RepairMgt_WoReportMgt_WoNonSerializedReport.py:16)
[2022-08-24 22:06:54] [    INFO] 本月的第一天是:2022-08-01 (RepairMgt_WoReportMgt_WoNonSerializedReport.py:18)
[2022-08-24 22:06:59] [    INFO] 【CRM】项目【test】环境- UI自动化开始执行 (conftest.py:14)
[2022-08-24 22:06:59] [    INFO] 前置条件：传音统一登录开始 (conftest.py:18)
[2022-08-24 22:07:16] [    INFO] 打开网页：http://10.250.112.57/#/dashboard (basics.py:63)
[2022-08-24 22:07:16] [    INFO] 查找元素：('xpath', "//div[@role='button']") (basics.py:106)
[2022-08-24 22:07:16] [    INFO] 点击元素：('xpath', "//div[@role='button']") (basics.py:206)
[2022-08-24 22:07:21] [    INFO] 查找元素：['xpath', "//*[contains(@id,'dropdown-menu-')]//li[2]"] (basics.py:106)
[2022-08-24 22:07:22] [    INFO] 查找元素：('xpath', "//div[@role='button']") (basics.py:106)
[2022-08-24 22:07:22] [    INFO] 点击元素：('xpath', "//div[@role='button']") (basics.py:206)
[2022-08-24 22:07:23] [    INFO] 查找元素：('id', 'tab-account') (basics.py:106)
[2022-08-24 22:07:23] [    INFO] 点击元素：('id', 'tab-account') (basics.py:206)
[2022-08-24 22:07:24] [    INFO] 查找元素：('xpath', "//*[@id='pane-account']/form/div[1]/div/div[1]/input") (basics.py:106)
[2022-08-24 22:07:24] [    INFO] 输入文本：18645342 (basics.py:137)
[2022-08-24 22:07:26] [    INFO] 查找元素：('xpath', "//*[@id='pane-account']/form/div[2]/div/div[1]/input") (basics.py:106)
[2022-08-24 22:07:26] [    INFO] 输入文本：xLily6x (basics.py:137)
[2022-08-24 22:07:27] [    INFO] 查找元素：('xpath', "//span[text()='I have read and accept']/../label/span/span") (basics.py:106)
[2022-08-24 22:07:27] [    INFO] 获取状态：False (basics.py:330)
[2022-08-24 22:07:27] [    INFO] 查找元素：('xpath', "//span[text()='I have read and accept']/../label/span/span") (basics.py:106)
[2022-08-24 22:07:27] [    INFO] 点击元素：('xpath', "//span[text()='I have read and accept']/../label/span/span") (basics.py:206)
[2022-08-24 22:07:28] [    INFO] 查找元素：('xpath', "//*[@id='pane-account']/form/button") (basics.py:106)
[2022-08-24 22:07:28] [    INFO] 点击元素：('xpath', "//*[@id='pane-account']/form/button") (basics.py:206)
[2022-08-24 22:07:34] [    INFO] 断言成功：URL为预期一致 | URL: http://10.250.112.57/#/dashboard (assert_ui.py:188)
[2022-08-24 22:07:34] [    INFO] 前置条件：传音统一登录成功 (conftest.py:24)
[2022-08-24 22:07:34] [    INFO] 前置条件:进入非序列化工单报表页 (RepairMgt_WoReportMgt_WoNonSerializedReport.py:17)
[2022-08-24 22:07:34] [    INFO] 查找元素：('xpath', "//span[contains(text(),'Repair Mgt')]") (basics.py:106)
[2022-08-24 22:07:34] [    INFO] 点击元素：('xpath', "//span[contains(text(),'Repair Mgt')]") (basics.py:206)
[2022-08-24 22:07:35] [    INFO] 查找元素：('xpath', "//span[contains(text(),'WO Report Mgt')]") (basics.py:106)
[2022-08-24 22:07:35] [    INFO] 点击元素：('xpath', "//span[contains(text(),'WO Report Mgt')]") (basics.py:206)
[2022-08-24 22:07:36] [    INFO] 查找元素：('xpath', "//div[@class='nest-menu']//span[contains(text(),'WO NonSerialized Report')]") (basics.py:106)
[2022-08-24 22:07:36] [    INFO] 点击元素：('xpath', "//div[@class='nest-menu']//span[contains(text(),'WO NonSerialized Report')]") (basics.py:206)
[2022-08-24 22:07:39] [    INFO] 断言成功：URL为预期一致 | URL: http://10.250.112.57/#/maintenanceMgt/workOrderReportMgt/woNoSerializedReport (assert_ui.py:188)
[2022-08-24 22:07:39] [    INFO] 刷新页面 (basics.py:337)
[2022-08-24 22:07:40] [    INFO] 查找元素：('xpath', "//div[@class='el-col el-col-12'][4]//input[contains(@placeholder,'Start')]") (basics.py:106)
[2022-08-24 22:07:41] [    INFO] 点击元素：('xpath', "//div[@class='el-col el-col-12'][4]//input[contains(@placeholder,'Start')]") (basics.py:206)
[2022-08-24 22:07:41] [    INFO] 查找元素：('xpath', "//div[@class='el-col el-col-12'][4]//input[contains(@placeholder,'Start')]") (basics.py:106)
[2022-08-24 22:07:41] [    INFO] 查找元素：('xpath', "//div[@class='el-col el-col-12'][4]//span[contains(@class,'suffix-inner')]/i[contains(@class,'circle-close')]") (basics.py:106)
[2022-08-24 22:07:42] [    INFO] 点击元素：('xpath', "//div[@class='el-col el-col-12'][4]//span[contains(@class,'suffix-inner')]/i[contains(@class,'circle-close')]") (basics.py:206)
[2022-08-24 22:07:42] [    INFO] 查找元素：('xpath', "//button[@type='button']//span[contains(text(),'Search')]") (basics.py:106)
[2022-08-24 22:07:43] [    INFO] 点击元素：('xpath', "//button[@type='button']//span[contains(text(),'Search')]") (basics.py:206)
[2022-08-24 22:07:43] [    INFO] 数据库查询到的非序列化工单报表数据为:79 (RepairMgt_WoReportMgt_WoNonSerializedReport.py:52)
[2022-08-24 22:07:44] [    INFO] 查找元素：('xpath', "//div[@class='formPage']//span[@class='el-pagination__total']") (basics.py:106)
[2022-08-24 22:07:44] [    INFO] 获取元素属性：textContent，属性值为：Total 79 (basics.py:523)
[2022-08-24 22:07:44] [    INFO] 非序列化工单报表查询页查到的数量:79 (RepairMgt_WoReportMgt_WoNonSerializedReport.py:56)
[2022-08-24 22:07:44] [    INFO] 断言成功: 两值相等 | a:79 b:79 (assert_ui.py:22)
[2022-08-24 22:07:44] [    INFO] 刷新页面 (basics.py:337)
[2022-08-24 22:07:45] [    INFO] 查找元素：('xpath', "//div[@class='el-col el-col-12'][4]//input[contains(@placeholder,'Start')]") (basics.py:106)
[2022-08-24 22:07:46] [    INFO] 点击元素：('xpath', "//div[@class='el-col el-col-12'][4]//input[contains(@placeholder,'Start')]") (basics.py:206)
[2022-08-24 22:07:46] [    INFO] 查找元素：('xpath', "//div[@class='el-col el-col-12'][4]//input[contains(@placeholder,'Start')]") (basics.py:106)
[2022-08-24 22:07:47] [    INFO] 查找元素：('xpath', "//div[@class='el-col el-col-12'][4]//span[contains(@class,'suffix-inner')]/i[contains(@class,'circle-close')]") (basics.py:106)
[2022-08-24 22:07:47] [    INFO] 点击元素：('xpath', "//div[@class='el-col el-col-12'][4]//span[contains(@class,'suffix-inner')]/i[contains(@class,'circle-close')]") (basics.py:206)
[2022-08-24 22:07:47] [    INFO] 查找元素：('xpath', "//div[@class='el-col el-col-12'][4]//input[contains(@placeholder,'Start')]") (basics.py:106)
[2022-08-24 22:07:47] [    INFO] 点击元素：('xpath', "//div[@class='el-col el-col-12'][4]//input[contains(@placeholder,'Start')]") (basics.py:206)
[2022-08-24 22:07:48] [    INFO] 查找元素：('xpath', "//div[@class='el-col el-col-12'][4]//input[contains(@placeholder,'Start')]") (basics.py:106)
[2022-08-24 22:07:49] [    INFO] 输入文本：2022-08-01 (basics.py:137)
[2022-08-24 22:07:49] [    INFO] 查找元素：('xpath', "//div[@class='el-col el-col-12'][1]//input[@type='text']") (basics.py:106)
[2022-08-24 22:07:49] [    INFO] 点击元素：('xpath', "//div[@class='el-col el-col-12'][1]//input[@type='text']") (basics.py:206)
[2022-08-24 22:07:49] [    INFO] 查找元素：['xpath', "//div[contains(@class,'el-popper')]//div[@class='el-scrollbar']//span[contains(text(),'SL-Sierra Leone')]"] (basics.py:102)
[2022-08-24 22:07:51] [    INFO] 查找元素：('xpath', "//div[contains(@class,'el-popper')]//div[@class='el-scrollbar']//span[contains(text(),'SL-Sierra Leone')]") (basics.py:106)
[2022-08-24 22:07:51] [    INFO] 点击元素：('xpath', "//div[contains(@class,'el-popper')]//div[@class='el-scrollbar']//span[contains(text(),'SL-Sierra Leone')]") (basics.py:206)
[2022-08-24 22:07:52] [    INFO] 查找元素：('xpath', "//button[@type='button']//span[contains(text(),'Search')]") (basics.py:106)
[2022-08-24 22:07:52] [    INFO] 点击元素：('xpath', "//button[@type='button']//span[contains(text(),'Search')]") (basics.py:206)
[2022-08-24 22:07:52] [    INFO] 数据库查询到的非序列化工单报表数据为:2 (RepairMgt_WoReportMgt_WoNonSerializedReport.py:52)
[2022-08-24 22:07:53] [    INFO] 查找元素：('xpath', "//div[@class='formPage']//span[@class='el-pagination__total']") (basics.py:106)
[2022-08-24 22:07:53] [    INFO] 获取元素属性：textContent，属性值为：Total 2 (basics.py:523)
[2022-08-24 22:07:53] [    INFO] 非序列化工单报表查询页查到的数量:2 (RepairMgt_WoReportMgt_WoNonSerializedReport.py:56)
[2022-08-24 22:07:53] [    INFO] 断言成功: 两值相等 | a:2 b:2 (assert_ui.py:22)
[2022-08-24 22:12:48] [    INFO] 今天的日期: 2022-08-24  (RepairMgt_WOSerializedMgt_WOSerializedList.py:117)
[2022-08-24 22:12:48] [    INFO] 本月的第一天是:2022-08-01 (RepairMgt_WOSerializedMgt_WOSerializedList.py:119)
[2022-08-24 22:12:52] [    INFO] 【CRM】项目【test】环境- UI自动化开始执行 (conftest.py:14)
[2022-08-24 22:12:52] [    INFO] 前置条件：传音统一登录开始 (conftest.py:18)
[2022-08-24 22:13:30] [    INFO] 打开网页：http://10.250.112.57/#/dashboard (basics.py:63)
[2022-08-24 22:13:30] [    INFO] 查找元素：('xpath', "//div[@role='button']") (basics.py:106)
[2022-08-24 22:13:30] [    INFO] 点击元素：('xpath', "//div[@role='button']") (basics.py:206)
[2022-08-24 22:13:35] [    INFO] 查找元素：['xpath', "//*[contains(@id,'dropdown-menu-')]//li[2]"] (basics.py:106)
[2022-08-24 22:13:36] [    INFO] 查找元素：('xpath', "//div[@role='button']") (basics.py:106)
[2022-08-24 22:13:36] [    INFO] 点击元素：('xpath', "//div[@role='button']") (basics.py:206)
[2022-08-24 22:13:36] [    INFO] 查找元素：('id', 'tab-account') (basics.py:106)
[2022-08-24 22:13:36] [    INFO] 点击元素：('id', 'tab-account') (basics.py:206)
[2022-08-24 22:13:37] [    INFO] 查找元素：('xpath', "//*[@id='pane-account']/form/div[1]/div/div[1]/input") (basics.py:106)
[2022-08-24 22:13:38] [    INFO] 输入文本：18645342 (basics.py:137)
[2022-08-24 22:13:39] [    INFO] 查找元素：('xpath', "//*[@id='pane-account']/form/div[2]/div/div[1]/input") (basics.py:106)
[2022-08-24 22:13:40] [    INFO] 输入文本：xLily6x (basics.py:137)
[2022-08-24 22:13:41] [    INFO] 查找元素：('xpath', "//span[text()='I have read and accept']/../label/span/span") (basics.py:106)
[2022-08-24 22:13:41] [    INFO] 获取状态：False (basics.py:330)
[2022-08-24 22:13:41] [    INFO] 查找元素：('xpath', "//span[text()='I have read and accept']/../label/span/span") (basics.py:106)
[2022-08-24 22:13:41] [    INFO] 点击元素：('xpath', "//span[text()='I have read and accept']/../label/span/span") (basics.py:206)
[2022-08-24 22:13:41] [    INFO] 查找元素：('xpath', "//*[@id='pane-account']/form/button") (basics.py:106)
[2022-08-24 22:13:41] [    INFO] 点击元素：('xpath', "//*[@id='pane-account']/form/button") (basics.py:206)
[2022-08-24 22:13:48] [    INFO] 断言成功：URL为预期一致 | URL: http://10.250.112.57/#/dashboard (assert_ui.py:188)
[2022-08-24 22:13:48] [    INFO] 前置条件：传音统一登录成功 (conftest.py:24)
[2022-08-24 22:13:48] [    INFO] 查找元素：('xpath', "//span[contains(text(),'WMS')]") (basics.py:106)
[2022-08-24 22:13:48] [    INFO] 点击元素：('xpath', "//span[contains(text(),'WMS')]") (basics.py:206)
[2022-08-24 22:13:49] [    INFO] 查找元素：('xpath', "//span[contains(text(),'Stock In/Out Mgt')]") (basics.py:106)
[2022-08-24 22:13:49] [    INFO] 点击元素：('xpath', "//span[contains(text(),'Stock In/Out Mgt')]") (basics.py:206)
[2022-08-24 22:13:49] [    INFO] 查找元素：('xpath', "//div[@class='nest-menu']//span[contains(text(),'Initialize Inventory')]") (basics.py:106)
[2022-08-24 22:13:50] [    INFO] 点击元素：('xpath', "//div[@class='nest-menu']//span[contains(text(),'Initialize Inventory')]") (basics.py:206)
[2022-08-24 22:13:52] [    INFO] 断言成功：URL为预期一致 | URL: http://10.250.112.57/#/wms/stockInOutMgt/initializeInventory (assert_ui.py:188)
[2022-08-24 22:13:52] [    INFO] 前置条件:添加物料库存 (RepairMgt_WOSerializedMgt_WOSerializedList.py:21)
[2022-08-24 22:13:52] [    INFO] 查找元素：('xpath', "//div[@class='formPage']//button[@type='button']/span[contains(text(),'Add')]") (basics.py:106)
[2022-08-24 22:13:53] [    INFO] 点击元素：('xpath', "//div[@class='formPage']//button[@type='button']/span[contains(text(),'Add')]") (basics.py:206)
[2022-08-24 22:13:53] [    INFO] 查找元素：('xpath', "//div[@class='el-row'][2]//div[@class='el-col el-col-12'][1]//input[@class='el-input__inner']") (basics.py:106)
[2022-08-24 22:13:53] [    INFO] 点击元素：('xpath', "//div[@class='el-row'][2]//div[@class='el-col el-col-12'][1]//input[@class='el-input__inner']") (basics.py:206)
[2022-08-24 22:13:54] [    INFO] 查找元素：('xpath', "//div[@class='el-row'][2]//div[@class='el-col el-col-12'][1]//input[@class='el-input__inner']") (basics.py:106)
[2022-08-24 22:13:55] [    INFO] 输入文本：API_母仓 (basics.py:137)
[2022-08-24 22:13:55] [    INFO] 查找元素：['xpath', "//div[contains(@class,'el-popper')]//div[@class='el-scrollbar']//span[contains(text(),'API_母仓')]"] (basics.py:102)
[2022-08-24 22:13:56] [    INFO] 查找元素：('xpath', "//div[contains(@class,'el-popper')]//div[@class='el-scrollbar']//span[contains(text(),'API_母仓')]") (basics.py:106)
[2022-08-24 22:13:56] [    INFO] 点击元素：('xpath', "//div[contains(@class,'el-popper')]//div[@class='el-scrollbar']//span[contains(text(),'API_母仓')]") (basics.py:206)
[2022-08-24 22:13:57] [    INFO] 查找元素：('xpath', "//div[@class='codeListStyle'][2]//i[contains(@class,'circle-plus')]") (basics.py:106)
[2022-08-24 22:13:57] [    INFO] 点击元素：('xpath', "//div[@class='codeListStyle'][2]//i[contains(@class,'circle-plus')]") (basics.py:206)
[2022-08-24 22:13:57] [    INFO] 查找元素：('xpath', "//div[contains(@class,'is-scrolling-none')]//td[3]//input[@class='el-input__inner']") (basics.py:106)
[2022-08-24 22:13:58] [    INFO] 点击元素：('xpath', "//div[contains(@class,'is-scrolling-none')]//td[3]//input[@class='el-input__inner']") (basics.py:206)
[2022-08-24 22:13:59] [    INFO] 查找元素：('xpath', "//div[contains(@class,'is-scrolling-none')]//td[3]//input[@class='el-input__inner']") (basics.py:106)
[2022-08-24 22:13:59] [    INFO] 输入文本：10015788 (basics.py:137)
[2022-08-24 22:13:59] [    INFO] 查找元素：['xpath', "//div[contains(@class,'el-popper')]//div[@class='el-scrollbar']//span[contains(text(),'10015788')]"] (basics.py:102)
[2022-08-24 22:14:01] [    INFO] 查找元素：('xpath', "//div[contains(@class,'el-popper')]//div[@class='el-scrollbar']//span[contains(text(),'10015788')]") (basics.py:106)
[2022-08-24 22:14:01] [    INFO] 点击元素：('xpath', "//div[contains(@class,'el-popper')]//div[@class='el-scrollbar']//span[contains(text(),'10015788')]") (basics.py:206)
[2022-08-24 22:14:02] [    INFO] 查找元素：('xpath', "//div[contains(@class,'is-scrolling-none')]//td[5]//input[@class='el-input__inner']") (basics.py:106)
[2022-08-24 22:14:02] [    INFO] 点击元素：('xpath', "//div[contains(@class,'is-scrolling-none')]//td[5]//input[@class='el-input__inner']") (basics.py:206)
[2022-08-24 22:14:03] [    INFO] 查找元素：('xpath', "//div[contains(@class,'is-scrolling-none')]//td[5]//input[@class='el-input__inner']") (basics.py:106)
[2022-08-24 22:14:03] [    INFO] 输入文本：Defective (basics.py:137)
[2022-08-24 22:14:03] [    INFO] 查找元素：['xpath', "//div[contains(@class,'el-popper')]//div[@class='el-scrollbar']//span[contains(text(),'Defective')]"] (basics.py:102)
[2022-08-24 22:14:05] [    INFO] 查找元素：('xpath', "//div[contains(@class,'el-popper')]//div[@class='el-scrollbar']//span[contains(text(),'Defective')]") (basics.py:106)
[2022-08-24 22:14:05] [    INFO] 点击元素：('xpath', "//div[contains(@class,'el-popper')]//div[@class='el-scrollbar']//span[contains(text(),'Defective')]") (basics.py:206)
[2022-08-24 22:14:05] [    INFO] 查找元素：('xpath', "//div[contains(@class,'is-scrolling-none')]//td[6]//input[@class='el-input__inner']") (basics.py:106)
[2022-08-24 22:14:05] [    INFO] 点击元素：('xpath', "//div[contains(@class,'is-scrolling-none')]//td[6]//input[@class='el-input__inner']") (basics.py:206)
[2022-08-24 22:14:07] [    INFO] 查找元素：('xpath', "//div[contains(@class,'is-scrolling-none')]//td[6]//input[@class='el-input__inner']") (basics.py:106)
[2022-08-24 22:14:07] [    INFO] 输入文本：WS202223758700151 (basics.py:137)
[2022-08-24 22:14:07] [    INFO] 查找元素：('xpath', "//div[contains(@class,'is-scrolling-none')]//td[9]//input[@class='el-input__inner']") (basics.py:106)
[2022-08-24 22:14:07] [    INFO] 点击元素：('xpath', "//div[contains(@class,'is-scrolling-none')]//td[9]//input[@class='el-input__inner']") (basics.py:206)
[2022-08-24 22:14:08] [    INFO] 查找元素：['xpath', "//div[contains(@class,'el-popper')]//div[@class='el-scrollbar']//span[contains(text(),'Phone')]"] (basics.py:102)
[2022-08-24 22:14:09] [    INFO] 查找元素：('xpath', "//div[contains(@class,'el-popper')]//div[@class='el-scrollbar']//span[contains(text(),'Phone')]") (basics.py:106)
[2022-08-24 22:14:09] [    INFO] 点击元素：('xpath', "//div[contains(@class,'el-popper')]//div[@class='el-scrollbar']//span[contains(text(),'Phone')]") (basics.py:206)
[2022-08-24 22:14:10] [    INFO] 查找元素：('xpath', "//div[contains(@class,'is-scrolling-none')]//td[10]//input[@class='el-input__inner']") (basics.py:106)
[2022-08-24 22:14:10] [    INFO] 点击元素：('xpath', "//div[contains(@class,'is-scrolling-none')]//td[10]//input[@class='el-input__inner']") (basics.py:206)
[2022-08-24 22:14:11] [    INFO] 查找元素：('xpath', "//div[contains(@class,'is-scrolling-none')]//td[10]//input[@class='el-input__inner']") (basics.py:106)
[2022-08-24 22:14:11] [    INFO] 输入文本：Defective_1 (basics.py:137)
[2022-08-24 22:14:11] [    INFO] 查找元素：['xpath', "//div[contains(@class,'el-popper')]//div[@class='el-scrollbar']//span[contains(text(),'Defective_1')]"] (basics.py:102)
[2022-08-24 22:14:12] [    INFO] 查找元素：('xpath', "//div[contains(@class,'el-popper')]//div[@class='el-scrollbar']//span[contains(text(),'Defective_1')]") (basics.py:106)
[2022-08-24 22:14:12] [    INFO] 点击元素：('xpath', "//div[contains(@class,'el-popper')]//div[@class='el-scrollbar']//span[contains(text(),'Defective_1')]") (basics.py:206)
[2022-08-24 22:14:13] [    INFO] 查找元素：('xpath', "//div[@class='buttonView']//span[contains(text(),'Save')]") (basics.py:106)
[2022-08-24 22:14:13] [    INFO] 点击元素：('xpath', "//div[@class='buttonView']//span[contains(text(),'Save')]") (basics.py:206)
[2022-08-24 22:14:15] [    INFO] 查找元素：['xpath', "//div[contains(@class,'scrollbar__wrap')]//div[contains(@class,'scrollbar__view')]//span[normalize-space(text())='Initialize Inventory']"] (basics.py:102)
[2022-08-24 22:14:15] [    INFO] 查找元素：('xpath', '//tr[1]/td[2]//button[2]') (basics.py:106)
[2022-08-24 22:14:16] [    INFO] 点击元素：('xpath', '//tr[1]/td[2]//button[2]') (basics.py:206)
[2022-08-24 22:14:16] [    INFO] 查找元素：('xpath', "//button[contains(@class,'el-button--primary')]//span[contains(text(),'Yes')]") (basics.py:106)
[2022-08-24 22:14:16] [    INFO] 点击元素：('xpath', "//button[contains(@class,'el-button--primary')]//span[contains(text(),'Yes')]") (basics.py:206)
[2022-08-24 22:14:17] [    INFO] 查找元素：('xpath', "//span[contains(text(),'Search')]") (basics.py:106)
[2022-08-24 22:14:17] [    INFO] 点击元素：('xpath', "//span[contains(text(),'Search')]") (basics.py:206)
[2022-08-24 22:14:17] [    INFO] 查找元素：['xpath', "//div[contains(@class,'scrollbar__wrap')]//div[contains(@class,'scrollbar__view')]//span[normalize-space(text())='Initialize Inventory']//span[@class='el-icon-close']"] (basics.py:102)
[2022-08-24 22:14:18] [    INFO] 前置条件:进入序列化工单列表页 (RepairMgt_WOSerializedMgt_WOSerializedList.py:29)
[2022-08-24 22:14:18] [    INFO] 查找元素：('xpath', "//span[contains(text(),'Repair Mgt')]") (basics.py:106)
[2022-08-24 22:14:18] [    INFO] 点击元素：('xpath', "//span[contains(text(),'Repair Mgt')]") (basics.py:206)
[2022-08-24 22:14:18] [    INFO] 查找元素：('xpath', "//span[contains(text(),'WO Serialized Mgt')]") (basics.py:106)
[2022-08-24 22:14:19] [    INFO] 点击元素：('xpath', "//span[contains(text(),'WO Serialized Mgt')]") (basics.py:206)
[2022-08-24 22:14:19] [    INFO] 查找元素：('xpath', "//div[@class='nest-menu']//span[contains(text(),'WO Serialized List')]") (basics.py:106)
[2022-08-24 22:14:19] [    INFO] 点击元素：('xpath', "//div[@class='nest-menu']//span[contains(text(),'WO Serialized List')]") (basics.py:206)
[2022-08-24 22:14:22] [    INFO] 断言成功：URL为预期一致 | URL: http://10.250.112.57/#/maintenanceMgt/workorderSerializedMgt/workorderSerializedList (assert_ui.py:188)
[2022-08-24 22:14:22] [    INFO] 刷新页面 (basics.py:337)
[2022-08-24 22:14:22] [    INFO] 查找元素：('xpath', "//div[@class='formPage']//button[@type='button']/span[contains(text(),'Add')]") (basics.py:106)
[2022-08-24 22:14:24] [    INFO] 点击元素：('xpath', "//div[@class='formPage']//button[@type='button']/span[contains(text(),'Add')]") (basics.py:206)
[2022-08-24 22:14:25] [    INFO] 查找元素：('xpath', "//div[@class='el-row'][2]//div[contains(@class,'col-12')][2]//input[@class='el-input__inner']") (basics.py:106)
[2022-08-24 22:14:25] [    INFO] 点击元素：('xpath', "//div[@class='el-row'][2]//div[contains(@class,'col-12')][2]//input[@class='el-input__inner']") (basics.py:206)
[2022-08-24 22:14:26] [    INFO] 查找元素：('xpath', "//div[@class='el-row'][2]//div[contains(@class,'col-12')][2]//input[@class='el-input__inner']") (basics.py:106)
[2022-08-24 22:14:26] [    INFO] 输入文本：API_母仓 (basics.py:137)
[2022-08-24 22:14:26] [    INFO] 查找元素：['xpath', "//div[contains(@class,'el-popper')]//div[@class='el-scrollbar']//span[contains(text(),'API_母仓')]"] (basics.py:102)
[2022-08-24 22:14:28] [    INFO] 查找元素：('xpath', "//div[contains(@class,'el-popper')]//div[@class='el-scrollbar']//span[contains(text(),'API_母仓')]") (basics.py:106)
[2022-08-24 22:14:28] [    INFO] 点击元素：('xpath', "//div[contains(@class,'el-popper')]//div[@class='el-scrollbar']//span[contains(text(),'API_母仓')]") (basics.py:206)
[2022-08-24 22:14:28] [    INFO] 查找元素：('xpath', "//div[@class='el-row'][3]//div[@class='el-col el-col-12'][1]//input[@class='el-input__inner']") (basics.py:106)
[2022-08-24 22:14:28] [    INFO] 点击元素：('xpath', "//div[@class='el-row'][3]//div[@class='el-col el-col-12'][1]//input[@class='el-input__inner']") (basics.py:206)
[2022-08-24 22:14:29] [    INFO] 查找元素：('xpath', "//div[@class='el-row'][3]//div[@class='el-col el-col-12'][1]//input[@class='el-input__inner']") (basics.py:106)
[2022-08-24 22:14:30] [    INFO] 输入文本：WS202223758700151 (basics.py:137)
[2022-08-24 22:14:30] [    INFO] 查找元素：('xpath', "//div[@class='el-row'][3]//div[contains(@class,'col-12')][2]//input[@class='el-input__inner']") (basics.py:106)
[2022-08-24 22:14:30] [    INFO] 点击元素：('xpath', "//div[@class='el-row'][3]//div[contains(@class,'col-12')][2]//input[@class='el-input__inner']") (basics.py:206)
[2022-08-24 22:14:31] [    INFO] 查找元素：('xpath', "//div[@class='buttonClass']//span[contains(text(),'Save')]") (basics.py:106)
[2022-08-24 22:14:31] [    INFO] 点击元素：('xpath', "//div[@class='buttonClass']//span[contains(text(),'Save')]") (basics.py:206)
[2022-08-24 22:14:31] [    INFO] 查找元素：['xpath', "//div[contains(@class,'scrollbar__wrap')]//div[contains(@class,'scrollbar__view')]//span[normalize-space(text())='WO Serialized List']"] (basics.py:102)
[2022-08-24 22:14:33] [    INFO] 查找元素：('xpath', "//span[contains(text(),'Search')]") (basics.py:106)
[2022-08-24 22:14:33] [    INFO] 点击元素：('xpath', "//span[contains(text(),'Search')]") (basics.py:206)
[2022-08-24 22:14:34] [   ERROR] 正在截图... (basics.py:449)
[2022-08-24 22:14:34] [   ERROR] 日志正在附加截图... (basics.py:456)
[2022-08-24 22:14:34] [   ERROR] 日志附加截图成功 (basics.py:460)
[2022-08-24 22:14:34] [    INFO] 断言成功：页面存在该标识 | 当前页面关键字: WS202223758700151 (assert_ui.py:155)
[2022-08-24 22:14:34] [    INFO] 刷新页面 (basics.py:337)
[2022-08-24 22:14:34] [    INFO] 查找元素：('xpath', "//div[@class='formPage']//button[@type='button']/span[contains(text(),'Add')]") (basics.py:106)
[2022-08-24 22:14:36] [    INFO] 点击元素：('xpath', "//div[@class='formPage']//button[@type='button']/span[contains(text(),'Add')]") (basics.py:206)
[2022-08-24 22:14:37] [    INFO] 查找元素：('xpath', "//div[@class='el-row'][2]//div[contains(@class,'col-12')][2]//input[@class='el-input__inner']") (basics.py:106)
[2022-08-24 22:14:38] [    INFO] 点击元素：('xpath', "//div[@class='el-row'][2]//div[contains(@class,'col-12')][2]//input[@class='el-input__inner']") (basics.py:206)
[2022-08-24 22:14:39] [    INFO] 查找元素：('xpath', "//div[@class='el-row'][2]//div[contains(@class,'col-12')][2]//input[@class='el-input__inner']") (basics.py:106)
[2022-08-24 22:14:39] [    INFO] 输入文本：API_母仓 (basics.py:137)
[2022-08-24 22:14:39] [    INFO] 查找元素：['xpath', "//div[contains(@class,'el-popper')]//div[@class='el-scrollbar']//span[contains(text(),'API_母仓')]"] (basics.py:102)
[2022-08-24 22:14:40] [    INFO] 查找元素：('xpath', "//div[contains(@class,'el-popper')]//div[@class='el-scrollbar']//span[contains(text(),'API_母仓')]") (basics.py:106)
[2022-08-24 22:14:40] [    INFO] 点击元素：('xpath', "//div[contains(@class,'el-popper')]//div[@class='el-scrollbar']//span[contains(text(),'API_母仓')]") (basics.py:206)
[2022-08-24 22:14:41] [    INFO] 查找元素：('xpath', "//div[@class='el-row'][3]//div[@class='el-col el-col-12'][1]//input[@class='el-input__inner']") (basics.py:106)
[2022-08-24 22:14:41] [    INFO] 点击元素：('xpath', "//div[@class='el-row'][3]//div[@class='el-col el-col-12'][1]//input[@class='el-input__inner']") (basics.py:206)
[2022-08-24 22:14:42] [    INFO] 查找元素：('xpath', "//div[@class='el-row'][3]//div[@class='el-col el-col-12'][1]//input[@class='el-input__inner']") (basics.py:106)
[2022-08-24 22:14:43] [    INFO] 输入文本：WS202255807080714 (basics.py:137)
[2022-08-24 22:14:43] [    INFO] 查找元素：('xpath', "//div[@class='el-row'][3]//div[contains(@class,'col-12')][2]//input[@class='el-input__inner']") (basics.py:106)
[2022-08-24 22:14:43] [    INFO] 点击元素：('xpath', "//div[@class='el-row'][3]//div[contains(@class,'col-12')][2]//input[@class='el-input__inner']") (basics.py:206)
[2022-08-24 22:14:43] [    INFO] 查找元素：('xpath', "//div[@class='buttonClass']//span[contains(text(),'Save')]") (basics.py:106)
[2022-08-24 22:14:43] [    INFO] 点击元素：('xpath', "//div[@class='buttonClass']//span[contains(text(),'Save')]") (basics.py:206)
[2022-08-24 22:14:44] [    INFO] 查找元素：['xpath', "//div[contains(@class,'scrollbar__wrap')]//div[contains(@class,'scrollbar__view')]//span[normalize-space(text())='WO Serialized List']"] (basics.py:102)
[2022-08-24 22:14:46] [    INFO] 查找元素：('xpath', "//span[contains(text(),'Search')]") (basics.py:106)
[2022-08-24 22:14:46] [    INFO] 点击元素：('xpath', "//span[contains(text(),'Search')]") (basics.py:206)
[2022-08-24 22:14:46] [   ERROR] 正在截图... (basics.py:449)
[2022-08-24 22:14:47] [   ERROR] 日志正在附加截图... (basics.py:456)
[2022-08-24 22:14:47] [   ERROR] 日志附加截图成功 (basics.py:460)
[2022-08-24 22:14:47] [    INFO] 断言成功：页面存在该标识 | 当前页面关键字: IMEI/SN Does not exist or does not belong to the current location！ (assert_ui.py:155)
[2022-08-24 22:14:47] [    INFO] 刷新页面 (basics.py:337)
[2022-08-24 22:14:48] [    INFO] 查找元素：('xpath', "//div[contains(@class,'el-col-12')][3]//input[@class='el-input__inner']") (basics.py:106)
[2022-08-24 22:14:48] [    INFO] 点击元素：('xpath', "//div[contains(@class,'el-col-12')][3]//input[@class='el-input__inner']") (basics.py:206)
[2022-08-24 22:14:49] [    INFO] 查找元素：('xpath', "//div[contains(@class,'el-col-12')][3]//input[@class='el-input__inner']") (basics.py:106)
[2022-08-24 22:14:49] [    INFO] 查找元素：('xpath', "//div[contains(@class,'el-col-12')][3]//div[contains(@class,'el-date-editor')]//span[contains(@class,'suffix-inner')]/i[contains(@class,'close')]") (basics.py:106)
[2022-08-24 22:14:49] [    INFO] 点击元素：('xpath', "//div[contains(@class,'el-col-12')][3]//div[contains(@class,'el-date-editor')]//span[contains(@class,'suffix-inner')]/i[contains(@class,'close')]") (basics.py:206)
[2022-08-24 22:14:50] [    INFO] 查找元素：('xpath', "//span[contains(text(),'Search')]") (basics.py:106)
[2022-08-24 22:14:50] [    INFO] 点击元素：('xpath', "//span[contains(text(),'Search')]") (basics.py:206)
[2022-08-24 22:14:51] [    INFO] 数据库查询到的序列化工单数据为:33332 (RepairMgt_WOSerializedMgt_WOSerializedList.py:163)
[2022-08-24 22:14:51] [    INFO] 查找元素：('xpath', "//div[@class='formPage']//span[@class='el-pagination__total']") (basics.py:106)
[2022-08-24 22:14:51] [    INFO] 获取元素属性：textContent，属性值为：Total 33332 (basics.py:523)
[2022-08-24 22:14:51] [    INFO] 序列化工单查询页查到的数量:33332 (RepairMgt_WOSerializedMgt_WOSerializedList.py:167)
[2022-08-24 22:14:51] [    INFO] 断言成功: 两值相等 | a:33332 b:33332 (assert_ui.py:22)
[2022-08-24 22:14:53] [    INFO] 刷新页面 (basics.py:337)
[2022-08-24 22:14:54] [    INFO] 查找元素：('xpath', "//div[contains(@class,'el-col-12')][3]//input[@class='el-input__inner']") (basics.py:106)
[2022-08-24 22:14:54] [    INFO] 点击元素：('xpath', "//div[contains(@class,'el-col-12')][3]//input[@class='el-input__inner']") (basics.py:206)
[2022-08-24 22:14:54] [    INFO] 查找元素：('xpath', "//div[contains(@class,'el-col-12')][3]//input[@class='el-input__inner']") (basics.py:106)
[2022-08-24 22:14:54] [    INFO] 查找元素：('xpath', "//div[contains(@class,'el-col-12')][3]//div[contains(@class,'el-date-editor')]//span[contains(@class,'suffix-inner')]/i[contains(@class,'close')]") (basics.py:106)
[2022-08-24 22:14:55] [    INFO] 点击元素：('xpath', "//div[contains(@class,'el-col-12')][3]//div[contains(@class,'el-date-editor')]//span[contains(@class,'suffix-inner')]/i[contains(@class,'close')]") (basics.py:206)
[2022-08-24 22:14:55] [    INFO] 查找元素：('xpath', "//div[contains(@class,'el-col-12')][3]//input[@class='el-input__inner']") (basics.py:106)
[2022-08-24 22:14:55] [    INFO] 点击元素：('xpath', "//div[contains(@class,'el-col-12')][3]//input[@class='el-input__inner']") (basics.py:206)
[2022-08-24 22:14:56] [    INFO] 查找元素：('xpath', "//div[contains(@class,'el-col-12')][3]//input[@class='el-input__inner']") (basics.py:106)
[2022-08-24 22:14:57] [    INFO] 输入文本：2022-08-01 (basics.py:137)
[2022-08-24 22:14:57] [    INFO] 查找元素：('xpath', "//div[contains(@class,'el-col-12')][2]//input[@class='el-input__inner']") (basics.py:106)
[2022-08-24 22:14:57] [    INFO] 点击元素：('xpath', "//div[contains(@class,'el-col-12')][2]//input[@class='el-input__inner']") (basics.py:206)
[2022-08-24 22:14:57] [    INFO] 查找元素：('xpath', "//div[@class='el-scrollbar']//li[normalize-space(text())='Created']") (basics.py:106)
[2022-08-24 22:14:57] [    INFO] 查找元素：('xpath', "//div[@class='el-scrollbar']//li[normalize-space(text())='Created']") (basics.py:106)
[2022-08-24 22:14:58] [    INFO] 点击元素：('xpath', "//div[@class='el-scrollbar']//li[normalize-space(text())='Created']") (basics.py:206)
[2022-08-24 22:14:58] [    INFO] 查找元素：('xpath', "//span[contains(text(),'Search')]") (basics.py:106)
[2022-08-24 22:14:58] [    INFO] 点击元素：('xpath', "//span[contains(text(),'Search')]") (basics.py:206)
[2022-08-24 22:14:59] [    INFO] 数据库查询到的序列化工单数据为:23 (RepairMgt_WOSerializedMgt_WOSerializedList.py:163)
[2022-08-24 22:15:00] [    INFO] 查找元素：('xpath', "//div[@class='formPage']//span[@class='el-pagination__total']") (basics.py:106)
[2022-08-24 22:15:00] [    INFO] 获取元素属性：textContent，属性值为：Total 23 (basics.py:523)
[2022-08-24 22:15:00] [    INFO] 序列化工单查询页查到的数量:23 (RepairMgt_WOSerializedMgt_WOSerializedList.py:167)
[2022-08-24 22:15:00] [    INFO] 断言成功: 两值相等 | a:23 b:23 (assert_ui.py:22)
