[2022-08-31 18:07:17] [    INFO] 【TBM】项目【test】环境- UI自动化开始执行 (conftest.py:17)
[2022-08-31 18:07:17] [    INFO] 前置条件：传音统一登录开始 (conftest.py:21)
[2022-08-31 18:07:20] [    INFO] 打开网页：http://bom-sit.transsion.com/#/process/home-page (basics.py:63)
[2022-08-31 18:07:20] [    INFO] 查找元素：('xpath', "//div[@role='button']") (basics.py:106)
[2022-08-31 18:07:20] [    INFO] 点击元素：('xpath', "//div[@role='button']") (basics.py:206)
[2022-08-31 18:07:24] [    INFO] 查找元素：['xpath', "//*[contains(@id,'dropdown-menu-')]//li[1]"] (basics.py:106)
[2022-08-31 18:07:26] [    INFO] 查找元素：('xpath', "//div[@role='button']") (basics.py:106)
[2022-08-31 18:07:26] [    INFO] 点击元素：('xpath', "//div[@role='button']") (basics.py:206)
[2022-08-31 18:07:26] [    INFO] 查找元素：('id', 'tab-account') (basics.py:106)
[2022-08-31 18:07:26] [    INFO] 点击元素：('id', 'tab-account') (basics.py:206)
[2022-08-31 18:07:27] [    INFO] 查找元素：('xpath', "//*[@id='pane-account']/form/div[1]/div/div[1]/input") (basics.py:106)
[2022-08-31 18:07:27] [    INFO] 输入文本：18645960 (basics.py:137)
[2022-08-31 18:07:29] [    INFO] 查找元素：('xpath', "//*[@id='pane-account']/form/div[2]/div/div[1]/input") (basics.py:106)
[2022-08-31 18:07:29] [    INFO] 输入文本：xLily6x (basics.py:137)
[2022-08-31 18:07:30] [    INFO] 查找元素：('xpath', "//span[text()='我已阅读并接受']/../label/span/span") (basics.py:106)
[2022-08-31 18:07:30] [    INFO] 获取状态：False (basics.py:330)
[2022-08-31 18:07:30] [    INFO] 查找元素：('xpath', "//span[text()='我已阅读并接受']/../label/span/span") (basics.py:106)
[2022-08-31 18:07:30] [    INFO] 点击元素：('xpath', "//span[text()='我已阅读并接受']/../label/span/span") (basics.py:206)
[2022-08-31 18:07:30] [    INFO] 查找元素：('xpath', "//*[@id='pane-account']/form/button") (basics.py:106)
[2022-08-31 18:07:31] [    INFO] 点击元素：('xpath', "//*[@id='pane-account']/form/button") (basics.py:206)
[2022-08-31 18:07:37] [   ERROR] 正在截图... (basics.py:449)
[2022-08-31 18:07:37] [   ERROR] 日志正在附加截图... (basics.py:456)
[2022-08-31 18:07:37] [   ERROR] 日志附加截图成功 (basics.py:460)
[2022-08-31 18:07:37] [    INFO] 断言成功：页面存在该标识首页 | 关键字:首页 (assert_ui.py:167)
[2022-08-31 18:07:37] [    INFO] 前置条件：传音统一登录成功 (conftest.py:25)
[2022-08-31 18:07:37] [    INFO] 查找元素：['xpath', "//span[@class='meta-title' and contains(text(),'BOM协作')]"] (basics.py:102)
[2022-08-31 18:07:38] [    INFO] 点击元素：('xpath', "//span[@class='meta-title' and contains(text(),'BOM协作')]")BOM协作 (basics.py:565)
[2022-08-31 18:07:38] [    INFO] 点击一级菜单：BOM协作 (BOM2.py:31)
[2022-08-31 18:07:38] [    INFO] 查找元素：['xpath', "//div[@class='menu-wrapper nest-menu']//span[contains(text(),'整机BOM协作')]"] (basics.py:102)
[2022-08-31 18:07:38] [    INFO] 点击元素：('xpath', "//div[@class='menu-wrapper nest-menu']//span[contains(text(),'整机BOM协作')]")整机BOM协作 (basics.py:565)
[2022-08-31 18:07:38] [    INFO] 点击二级菜单：整机BOM协作 (BOM2.py:33)
[2022-08-31 18:07:40] [    INFO] 刷新页面 (basics.py:337)
[2022-08-31 18:07:40] [    INFO] 查找元素：('xpath', "//button//span[contains(text(),'新增')]") (basics.py:106)
[2022-08-31 18:07:40] [    INFO] 点击元素：('xpath', "//button//span[contains(text(),'新增')]")None (basics.py:565)
[2022-08-31 18:08:21] [    INFO] 【TBM】项目【test】环境- UI自动化开始执行 (conftest.py:17)
[2022-08-31 18:08:21] [    INFO] 前置条件：传音统一登录开始 (conftest.py:21)
[2022-08-31 18:08:24] [    INFO] 打开网页：http://bom-sit.transsion.com/#/process/home-page (basics.py:63)
[2022-08-31 18:08:24] [    INFO] 查找元素：('xpath', "//div[@role='button']") (basics.py:106)
[2022-08-31 18:08:24] [    INFO] 点击元素：('xpath', "//div[@role='button']") (basics.py:206)
[2022-08-31 18:08:28] [    INFO] 查找元素：['xpath', "//*[contains(@id,'dropdown-menu-')]//li[1]"] (basics.py:106)
[2022-08-31 18:08:29] [    INFO] 查找元素：('xpath', "//div[@role='button']") (basics.py:106)
[2022-08-31 18:08:29] [    INFO] 点击元素：('xpath', "//div[@role='button']") (basics.py:206)
[2022-08-31 18:08:30] [    INFO] 查找元素：('id', 'tab-account') (basics.py:106)
[2022-08-31 18:08:30] [    INFO] 点击元素：('id', 'tab-account') (basics.py:206)
[2022-08-31 18:08:31] [    INFO] 查找元素：('xpath', "//*[@id='pane-account']/form/div[1]/div/div[1]/input") (basics.py:106)
[2022-08-31 18:08:31] [    INFO] 输入文本：18645960 (basics.py:137)
[2022-08-31 18:08:33] [    INFO] 查找元素：('xpath', "//*[@id='pane-account']/form/div[2]/div/div[1]/input") (basics.py:106)
[2022-08-31 18:08:54] [    INFO] 【TBM】项目【test】环境- UI自动化开始执行 (conftest.py:17)
[2022-08-31 18:08:54] [    INFO] 前置条件：传音统一登录开始 (conftest.py:21)
[2022-08-31 18:08:57] [    INFO] 打开网页：http://bom-sit.transsion.com/#/process/home-page (basics.py:63)
[2022-08-31 18:08:57] [    INFO] 查找元素：('xpath', "//div[@role='button']") (basics.py:106)
[2022-08-31 18:08:57] [    INFO] 点击元素：('xpath', "//div[@role='button']") (basics.py:206)
[2022-08-31 18:09:01] [    INFO] 查找元素：['xpath', "//*[contains(@id,'dropdown-menu-')]//li[1]"] (basics.py:106)
[2022-08-31 18:09:02] [    INFO] 查找元素：('xpath', "//div[@role='button']") (basics.py:106)
[2022-08-31 18:09:02] [    INFO] 点击元素：('xpath', "//div[@role='button']") (basics.py:206)
[2022-08-31 18:09:03] [    INFO] 查找元素：('id', 'tab-account') (basics.py:106)
[2022-08-31 18:09:03] [    INFO] 点击元素：('id', 'tab-account') (basics.py:206)
[2022-08-31 18:09:04] [    INFO] 查找元素：('xpath', "//*[@id='pane-account']/form/div[1]/div/div[1]/input") (basics.py:106)
[2022-08-31 18:09:04] [    INFO] 输入文本：18645960 (basics.py:137)
[2022-08-31 18:09:06] [    INFO] 查找元素：('xpath', "//*[@id='pane-account']/form/div[2]/div/div[1]/input") (basics.py:106)
[2022-08-31 18:09:06] [    INFO] 输入文本：xLily6x (basics.py:137)
[2022-08-31 18:09:07] [    INFO] 查找元素：('xpath', "//span[text()='我已阅读并接受']/../label/span/span") (basics.py:106)
[2022-08-31 18:09:07] [    INFO] 获取状态：False (basics.py:330)
[2022-08-31 18:09:07] [    INFO] 查找元素：('xpath', "//span[text()='我已阅读并接受']/../label/span/span") (basics.py:106)
[2022-08-31 18:09:07] [    INFO] 点击元素：('xpath', "//span[text()='我已阅读并接受']/../label/span/span") (basics.py:206)
[2022-08-31 18:09:07] [    INFO] 查找元素：('xpath', "//*[@id='pane-account']/form/button") (basics.py:106)
[2022-08-31 18:09:07] [    INFO] 点击元素：('xpath', "//*[@id='pane-account']/form/button") (basics.py:206)
[2022-08-31 18:09:14] [   ERROR] 正在截图... (basics.py:449)
[2022-08-31 18:09:14] [   ERROR] 日志正在附加截图... (basics.py:456)
[2022-08-31 18:09:14] [   ERROR] 日志附加截图成功 (basics.py:460)
[2022-08-31 18:09:14] [    INFO] 断言成功：页面存在该标识首页 | 关键字:首页 (assert_ui.py:167)
[2022-08-31 18:09:14] [    INFO] 前置条件：传音统一登录成功 (conftest.py:25)
[2022-08-31 18:09:14] [    INFO] 查找元素：['xpath', "//span[@class='meta-title' and contains(text(),'BOM协作')]"] (basics.py:102)
[2022-08-31 18:09:15] [    INFO] 点击元素：('xpath', "//span[@class='meta-title' and contains(text(),'BOM协作')]")BOM协作 (basics.py:565)
[2022-08-31 18:09:15] [    INFO] 点击一级菜单：BOM协作 (BOM2.py:31)
[2022-08-31 18:09:15] [    INFO] 查找元素：['xpath', "//div[@class='menu-wrapper nest-menu']//span[contains(text(),'整机BOM协作')]"] (basics.py:102)
[2022-08-31 18:09:15] [    INFO] 点击元素：('xpath', "//div[@class='menu-wrapper nest-menu']//span[contains(text(),'整机BOM协作')]")整机BOM协作 (basics.py:565)
[2022-08-31 18:09:15] [    INFO] 点击二级菜单：整机BOM协作 (BOM2.py:33)
[2022-08-31 18:09:17] [    INFO] 刷新页面 (basics.py:337)
[2022-08-31 18:09:17] [    INFO] 查找元素：('xpath', "//button//span[contains(text(),'新增')]") (basics.py:106)
[2022-08-31 18:09:18] [    INFO] 点击元素：('xpath', "//button//span[contains(text(),'新增')]")None (basics.py:565)
[2022-08-31 18:09:45] [    INFO] 【TBM】项目【test】环境- UI自动化开始执行 (conftest.py:17)
[2022-08-31 18:09:45] [    INFO] 前置条件：传音统一登录开始 (conftest.py:21)
[2022-08-31 18:09:48] [    INFO] 打开网页：http://bom-sit.transsion.com/#/process/home-page (basics.py:63)
[2022-08-31 18:09:48] [    INFO] 查找元素：('xpath', "//div[@role='button']") (basics.py:106)
[2022-08-31 18:09:48] [    INFO] 点击元素：('xpath', "//div[@role='button']") (basics.py:206)
[2022-08-31 18:09:52] [    INFO] 查找元素：['xpath', "//*[contains(@id,'dropdown-menu-')]//li[1]"] (basics.py:106)
[2022-08-31 18:09:54] [    INFO] 查找元素：('xpath', "//div[@role='button']") (basics.py:106)
[2022-08-31 18:09:54] [    INFO] 点击元素：('xpath', "//div[@role='button']") (basics.py:206)
[2022-08-31 18:09:54] [    INFO] 查找元素：('id', 'tab-account') (basics.py:106)
[2022-08-31 18:09:54] [    INFO] 点击元素：('id', 'tab-account') (basics.py:206)
[2022-08-31 18:09:55] [    INFO] 查找元素：('xpath', "//*[@id='pane-account']/form/div[1]/div/div[1]/input") (basics.py:106)
[2022-08-31 18:09:55] [    INFO] 输入文本：18645960 (basics.py:137)
[2022-08-31 18:09:57] [    INFO] 查找元素：('xpath', "//*[@id='pane-account']/form/div[2]/div/div[1]/input") (basics.py:106)
[2022-08-31 18:09:57] [    INFO] 输入文本：xLily6x (basics.py:137)
[2022-08-31 18:09:58] [    INFO] 查找元素：('xpath', "//span[text()='我已阅读并接受']/../label/span/span") (basics.py:106)
[2022-08-31 18:09:58] [    INFO] 获取状态：False (basics.py:330)
[2022-08-31 18:09:58] [    INFO] 查找元素：('xpath', "//span[text()='我已阅读并接受']/../label/span/span") (basics.py:106)
[2022-08-31 18:09:58] [    INFO] 点击元素：('xpath', "//span[text()='我已阅读并接受']/../label/span/span") (basics.py:206)
[2022-08-31 18:09:58] [    INFO] 查找元素：('xpath', "//*[@id='pane-account']/form/button") (basics.py:106)
[2022-08-31 18:09:58] [    INFO] 点击元素：('xpath', "//*[@id='pane-account']/form/button") (basics.py:206)
[2022-08-31 18:10:05] [   ERROR] 正在截图... (basics.py:449)
[2022-08-31 18:10:05] [   ERROR] 日志正在附加截图... (basics.py:456)
[2022-08-31 18:10:05] [   ERROR] 日志附加截图成功 (basics.py:460)
[2022-08-31 18:10:05] [    INFO] 断言成功：页面存在该标识首页 | 关键字:首页 (assert_ui.py:167)
[2022-08-31 18:10:05] [    INFO] 前置条件：传音统一登录成功 (conftest.py:25)
[2022-08-31 18:10:05] [    INFO] 查找元素：['xpath', "//span[@class='meta-title' and contains(text(),'BOM协作')]"] (basics.py:102)
[2022-08-31 18:10:06] [    INFO] 点击元素：('xpath', "//span[@class='meta-title' and contains(text(),'BOM协作')]")BOM协作 (basics.py:565)
[2022-08-31 18:10:06] [    INFO] 点击一级菜单：BOM协作 (BOM2.py:31)
[2022-08-31 18:10:06] [    INFO] 查找元素：['xpath', "//div[@class='menu-wrapper nest-menu']//span[contains(text(),'整机BOM协作')]"] (basics.py:102)
[2022-08-31 18:10:06] [    INFO] 点击元素：('xpath', "//div[@class='menu-wrapper nest-menu']//span[contains(text(),'整机BOM协作')]")整机BOM协作 (basics.py:565)
[2022-08-31 18:10:06] [    INFO] 点击二级菜单：整机BOM协作 (BOM2.py:33)
[2022-08-31 18:10:08] [    INFO] 刷新页面 (basics.py:337)
[2022-08-31 18:10:08] [    INFO] 查找元素：('xpath', "//button//span[contains(text(),'新增')]") (basics.py:106)
[2022-08-31 18:10:08] [    INFO] 点击元素：('xpath', "//button//span[contains(text(),'新增')]")None (basics.py:565)
[2022-08-31 18:10:53] [    INFO] 【TBM】项目【test】环境- UI自动化开始执行 (conftest.py:17)
[2022-08-31 18:10:53] [    INFO] 前置条件：传音统一登录开始 (conftest.py:21)
[2022-08-31 18:10:56] [    INFO] 打开网页：http://bom-sit.transsion.com/#/process/home-page (basics.py:63)
[2022-08-31 18:10:56] [    INFO] 查找元素：('xpath', "//div[@role='button']") (basics.py:106)
[2022-08-31 18:10:56] [    INFO] 点击元素：('xpath', "//div[@role='button']") (basics.py:206)
[2022-08-31 18:11:01] [    INFO] 查找元素：['xpath', "//*[contains(@id,'dropdown-menu-')]//li[1]"] (basics.py:106)
[2022-08-31 18:11:02] [    INFO] 查找元素：('xpath', "//div[@role='button']") (basics.py:106)
[2022-08-31 18:11:02] [    INFO] 点击元素：('xpath', "//div[@role='button']") (basics.py:206)
[2022-08-31 18:11:02] [    INFO] 查找元素：('id', 'tab-account') (basics.py:106)
[2022-08-31 18:11:02] [    INFO] 点击元素：('id', 'tab-account') (basics.py:206)
[2022-08-31 18:11:03] [    INFO] 查找元素：('xpath', "//*[@id='pane-account']/form/div[1]/div/div[1]/input") (basics.py:106)
[2022-08-31 18:11:03] [    INFO] 输入文本：18645960 (basics.py:137)
[2022-08-31 18:11:05] [    INFO] 查找元素：('xpath', "//*[@id='pane-account']/form/div[2]/div/div[1]/input") (basics.py:106)
[2022-08-31 18:11:05] [    INFO] 输入文本：xLily6x (basics.py:137)
[2022-08-31 18:11:06] [    INFO] 查找元素：('xpath', "//span[text()='我已阅读并接受']/../label/span/span") (basics.py:106)
[2022-08-31 18:11:06] [    INFO] 获取状态：False (basics.py:330)
[2022-08-31 18:11:06] [    INFO] 查找元素：('xpath', "//span[text()='我已阅读并接受']/../label/span/span") (basics.py:106)
[2022-08-31 18:11:06] [    INFO] 点击元素：('xpath', "//span[text()='我已阅读并接受']/../label/span/span") (basics.py:206)
[2022-08-31 18:11:07] [    INFO] 查找元素：('xpath', "//*[@id='pane-account']/form/button") (basics.py:106)
[2022-08-31 18:11:07] [    INFO] 点击元素：('xpath', "//*[@id='pane-account']/form/button") (basics.py:206)
[2022-08-31 18:11:13] [   ERROR] 正在截图... (basics.py:449)
[2022-08-31 18:11:13] [   ERROR] 日志正在附加截图... (basics.py:456)
[2022-08-31 18:11:13] [   ERROR] 日志附加截图成功 (basics.py:460)
[2022-08-31 18:11:13] [    INFO] 断言成功：页面存在该标识首页 | 关键字:首页 (assert_ui.py:167)
[2022-08-31 18:11:13] [    INFO] 前置条件：传音统一登录成功 (conftest.py:25)
[2022-08-31 18:11:13] [    INFO] 查找元素：['xpath', "//span[@class='meta-title' and contains(text(),'BOM协作')]"] (basics.py:102)
[2022-08-31 18:11:14] [    INFO] 点击元素：('xpath', "//span[@class='meta-title' and contains(text(),'BOM协作')]")BOM协作 (basics.py:565)
[2022-08-31 18:11:14] [    INFO] 点击一级菜单：BOM协作 (BOM2.py:31)
[2022-08-31 18:11:14] [    INFO] 查找元素：['xpath', "//div[@class='menu-wrapper nest-menu']//span[contains(text(),'整机BOM协作')]"] (basics.py:102)
[2022-08-31 18:11:14] [    INFO] 点击元素：('xpath', "//div[@class='menu-wrapper nest-menu']//span[contains(text(),'整机BOM协作')]")整机BOM协作 (basics.py:565)
[2022-08-31 18:11:14] [    INFO] 点击二级菜单：整机BOM协作 (BOM2.py:33)
[2022-08-31 18:11:16] [    INFO] 刷新页面 (basics.py:337)
[2022-08-31 18:11:16] [    INFO] 查找元素：('xpath', "//button//span[contains(text(),'新增')]") (basics.py:106)
[2022-08-31 18:11:16] [    INFO] 点击元素：('xpath', "//button//span[contains(text(),'新增')]")None (basics.py:565)
[2022-08-31 18:13:02] [    INFO] 【TBM】项目【test】环境- UI自动化开始执行 (conftest.py:17)
[2022-08-31 18:13:02] [    INFO] 前置条件：传音统一登录开始 (conftest.py:21)
[2022-08-31 18:13:06] [    INFO] 打开网页：http://bom-sit.transsion.com/#/process/home-page (basics.py:63)
[2022-08-31 18:13:06] [    INFO] 查找元素：('xpath', "//div[@role='button']") (basics.py:106)
[2022-08-31 18:13:06] [    INFO] 点击元素：('xpath', "//div[@role='button']") (basics.py:206)
[2022-08-31 18:13:10] [    INFO] 查找元素：['xpath', "//*[contains(@id,'dropdown-menu-')]//li[1]"] (basics.py:106)
[2022-08-31 18:13:11] [    INFO] 查找元素：('xpath', "//div[@role='button']") (basics.py:106)
[2022-08-31 18:13:11] [    INFO] 点击元素：('xpath', "//div[@role='button']") (basics.py:206)
[2022-08-31 18:13:12] [    INFO] 查找元素：('id', 'tab-account') (basics.py:106)
[2022-08-31 18:13:12] [    INFO] 点击元素：('id', 'tab-account') (basics.py:206)
[2022-08-31 18:13:13] [    INFO] 查找元素：('xpath', "//*[@id='pane-account']/form/div[1]/div/div[1]/input") (basics.py:106)
[2022-08-31 18:13:13] [    INFO] 输入文本：18645960 (basics.py:137)
[2022-08-31 18:13:15] [    INFO] 查找元素：('xpath', "//*[@id='pane-account']/form/div[2]/div/div[1]/input") (basics.py:106)
[2022-08-31 18:13:15] [    INFO] 输入文本：xLily6x (basics.py:137)
[2022-08-31 18:13:16] [    INFO] 查找元素：('xpath', "//span[text()='我已阅读并接受']/../label/span/span") (basics.py:106)
[2022-08-31 18:13:16] [    INFO] 获取状态：False (basics.py:330)
[2022-08-31 18:13:16] [    INFO] 查找元素：('xpath', "//span[text()='我已阅读并接受']/../label/span/span") (basics.py:106)
[2022-08-31 18:13:16] [    INFO] 点击元素：('xpath', "//span[text()='我已阅读并接受']/../label/span/span") (basics.py:206)
[2022-08-31 18:13:16] [    INFO] 查找元素：('xpath', "//*[@id='pane-account']/form/button") (basics.py:106)
[2022-08-31 18:13:16] [    INFO] 点击元素：('xpath', "//*[@id='pane-account']/form/button") (basics.py:206)
[2022-08-31 18:13:23] [   ERROR] 正在截图... (basics.py:449)
[2022-08-31 18:13:23] [   ERROR] 日志正在附加截图... (basics.py:456)
[2022-08-31 18:13:23] [   ERROR] 日志附加截图成功 (basics.py:460)
[2022-08-31 18:13:23] [    INFO] 断言成功：页面存在该标识首页 | 关键字:首页 (assert_ui.py:167)
[2022-08-31 18:13:23] [    INFO] 前置条件：传音统一登录成功 (conftest.py:25)
[2022-08-31 18:13:23] [    INFO] 查找元素：['xpath', "//span[@class='meta-title' and contains(text(),'BOM协作')]"] (basics.py:102)
[2022-08-31 18:13:24] [    INFO] 点击元素：('xpath', "//span[@class='meta-title' and contains(text(),'BOM协作')]")BOM协作 (basics.py:565)
[2022-08-31 18:13:24] [    INFO] 点击一级菜单：BOM协作 (BOM2.py:31)
[2022-08-31 18:13:24] [    INFO] 查找元素：['xpath', "//div[@class='menu-wrapper nest-menu']//span[contains(text(),'整机BOM协作')]"] (basics.py:102)
[2022-08-31 18:13:24] [    INFO] 点击元素：('xpath', "//div[@class='menu-wrapper nest-menu']//span[contains(text(),'整机BOM协作')]")整机BOM协作 (basics.py:565)
[2022-08-31 18:13:24] [    INFO] 点击二级菜单：整机BOM协作 (BOM2.py:33)
[2022-08-31 18:13:26] [    INFO] 刷新页面 (basics.py:337)
[2022-08-31 18:13:26] [    INFO] 查找元素：('xpath', "//button//span[contains(text(),'新增')]") (basics.py:106)
[2022-08-31 18:13:26] [    INFO] 点击元素：('xpath', "//button//span[contains(text(),'新增')]")None (basics.py:565)
