[2022-08-08 11:01:34] [    INFO] 【DRP】项目【test】环境- UI自动化开始执行 (conftest.py:14)
[2022-08-08 11:01:34] [    INFO] 前置条件：传音统一登录开始 (conftest.py:18)
[2022-08-08 11:01:36] [    INFO] 打开网页：http://10.250.112.166:9000/# (basics.py:64)
[2022-08-08 11:01:36] [    INFO] 查找元素：('xpath', "//div[@role='button']") (basics.py:107)
[2022-08-08 11:01:36] [    INFO] 点击元素：('xpath', "//div[@role='button']") (basics.py:191)
[2022-08-08 11:01:41] [    INFO] 查找元素：['xpath', "//*[contains(@id,'dropdown-menu-')]//li[1]"] (basics.py:107)
[2022-08-08 11:01:41] [    INFO] 选择点击：['xpath', "//*[contains(@id,'dropdown-menu-')]//li[1]"] (basics.py:188)
[2022-08-08 11:01:41] [    INFO] 查找元素：('id', 'tab-account') (basics.py:107)
[2022-08-08 11:01:41] [    INFO] 点击元素：('id', 'tab-account') (basics.py:191)
[2022-08-08 11:01:42] [    INFO] 查找元素：('xpath', "//*[@id='pane-account']/form/div[1]/div/div[1]/input") (basics.py:107)
[2022-08-08 11:01:43] [    INFO] 输入文本：18649572 (basics.py:138)
[2022-08-08 11:01:44] [    INFO] 查找元素：('xpath', "//*[@id='pane-account']/form/div[2]/div/div[1]/input") (basics.py:107)
[2022-08-08 11:01:45] [    INFO] 输入文本：xLily6x (basics.py:138)
[2022-08-08 11:01:46] [    INFO] 查找元素：('xpath', "//*[@id='pane-account']/form/div[4]/label/span/span") (basics.py:107)
[2022-08-08 11:01:46] [    INFO] 获取状态：False (basics.py:307)
[2022-08-08 11:01:46] [    INFO] 查找元素：('xpath', "//*[@id='pane-account']/form/div[4]/label/span/span") (basics.py:107)
[2022-08-08 11:01:46] [    INFO] 点击元素：('xpath', "//*[@id='pane-account']/form/div[4]/label/span/span") (basics.py:191)
[2022-08-08 11:01:46] [    INFO] 查找元素：('xpath', "//*[@id='pane-account']/form/button") (basics.py:107)
[2022-08-08 11:01:47] [    INFO] 点击元素：('xpath', "//*[@id='pane-account']/form/button") (basics.py:191)
[2022-08-08 11:01:53] [    INFO] 断言成功：URL为预期一致 | URL: http://10.250.112.166:9000/#/dashboard (assert_ui.py:190)
[2022-08-08 11:01:54] [    INFO] 断言成功: 该内容存在数据列表中 | word:隆江 (assert_ui.py:294)
[2022-08-08 11:01:54] [    INFO] 前置条件：传音统一登录成功 (conftest.py:25)
[2022-08-08 11:01:54] [    INFO] 模块前置条件：前往“DRP数据管理-机型库”页面 (DRPDataMgmt_ModelDatabase.py:10)
[2022-08-08 11:01:54] [    INFO] 查找元素：('xpath', '//*[@id="app"]/div/div[1]/div[2]/div[1]/div/ul/div[9]/li/div/span') (basics.py:107)
[2022-08-08 11:01:54] [    INFO] 点击元素：('xpath', '//*[@id="app"]/div/div[1]/div[2]/div[1]/div/ul/div[9]/li/div/span') (basics.py:191)
[2022-08-08 11:01:55] [    INFO] 查找元素：('xpath', "//li[@role='menuitem']//span[contains(text(),'机型库')]") (basics.py:107)
[2022-08-08 11:01:55] [    INFO] 点击元素：('xpath', "//li[@role='menuitem']//span[contains(text(),'机型库')]") (basics.py:191)
[2022-08-08 11:01:57] [    INFO] 断言成功：URL为预期一致 | URL: http://10.250.112.166:9000/#/dataManage/modelLibrary (assert_ui.py:190)
[2022-08-08 11:01:59] [    INFO] 查找元素：['xpath', "//div[@class='wrapper-tabs']//span[contains(text(),'产品信息')]"] (basics.py:107)
[2022-08-08 11:02:00] [    INFO] 选择点击：['xpath', "//div[@class='wrapper-tabs']//span[contains(text(),'产品信息')]"] (basics.py:188)
[2022-08-08 11:02:00] [    INFO] 前往菜单产品信息 (DRPDataMgmt_ModelDatabase.py:19)
[2022-08-08 11:02:00] [    INFO] 查找元素：('xpath', "//div[@class='left-btn']//button[1]") (basics.py:107)
[2022-08-08 11:02:00] [    INFO] 获取文本：新 增 (basics.py:296)
[2022-08-08 11:02:00] [    INFO] 查找元素：('xpath', "//div[@class='btn-tool-info']//button[@type='button']//span[contains(text(),'筛选')]") (basics.py:107)
[2022-08-08 11:02:00] [    INFO] 点击元素：('xpath', "//div[@class='btn-tool-info']//button[@type='button']//span[contains(text(),'筛选')]") (basics.py:191)
[2022-08-08 11:02:01] [    INFO] 打开筛选框 (DRPDataMgmt_ModelDatabase.py:47)
[2022-08-08 11:02:01] [    INFO] 查找元素：('xpath', "//label[@for='brandCode']/following-sibling::div//input[@placeholder='请选择']") (basics.py:107)
[2022-08-08 11:02:01] [    INFO] 点击元素：('xpath', "//label[@for='brandCode']/following-sibling::div//input[@placeholder='请选择']") (basics.py:191)
[2022-08-08 11:02:03] [    INFO] 查找元素：['xpath', "//div[@x-placement='bottom-start']//li[2]"] (basics.py:107)
[2022-08-08 11:02:03] [    INFO] 选择点击：['xpath', "//div[@x-placement='bottom-start']//li[2]"] (basics.py:188)
[2022-08-08 11:02:03] [    INFO] 筛选品牌：itel (DRPDataMgmt_ModelDatabase.py:310)
[2022-08-08 11:02:03] [    INFO] 查找元素：('xpath', "//label[@for='seriesSenior']/following-sibling::div//input[@placeholder='请选择']") (basics.py:107)
[2022-08-08 11:02:04] [    INFO] 点击元素：('xpath', "//label[@for='seriesSenior']/following-sibling::div//input[@placeholder='请选择']") (basics.py:191)
[2022-08-08 11:02:06] [    INFO] 查找元素：['xpath', "//div[@x-placement='bottom-start']//li[2]"] (basics.py:107)
[2022-08-08 11:02:06] [    INFO] 选择点击：['xpath', "//div[@x-placement='bottom-start']//li[2]"] (basics.py:188)
[2022-08-08 11:02:06] [    INFO] 筛选大类粗：智能机 (DRPDataMgmt_ModelDatabase.py:321)
[2022-08-08 11:02:07] [    INFO] 查找元素：('xpath', "//label[@for='modelName']/following-sibling::div//input[@placeholder='请输入关键字']") (basics.py:107)
[2022-08-08 11:02:07] [    INFO] 输入文本：S11 64+4 (basics.py:155)
[2022-08-08 11:02:10] [    INFO] 查找元素：['xpath', "//li[@class='el-select-dropdown__item']//span[text()='S11 64+4']"] (basics.py:107)
[2022-08-08 11:02:10] [    INFO] 选择点击：['xpath', "//li[@class='el-select-dropdown__item']//span[text()='S11 64+4']"] (basics.py:188)
[2022-08-08 11:02:10] [    INFO] 筛选机型：S11 64+4 (DRPDataMgmt_ModelDatabase.py:349)
[2022-08-08 11:02:11] [    INFO] 查找元素：('xpath', "//label[@for='marketName']/following-sibling::div//input[@placeholder='请输入关键字']") (basics.py:107)
[2022-08-08 11:02:11] [    INFO] 输入文本：India (basics.py:155)
[2022-08-08 11:02:13] [    INFO] 查找元素：['xpath', "//li[@class='el-select-dropdown__item']//span[text()='India']"] (basics.py:107)
[2022-08-08 11:02:13] [    INFO] 选择点击：['xpath', "//li[@class='el-select-dropdown__item']//span[text()='India']"] (basics.py:188)
[2022-08-08 11:02:13] [    INFO] 筛选市场名：India (DRPDataMgmt_ModelDatabase.py:355)
[2022-08-08 11:02:14] [    INFO] 查找元素：('xpath', "//label[@for='projectSeries']/following-sibling::div//input[@placeholder='请输入关键字']") (basics.py:107)
[2022-08-08 11:02:14] [    INFO] 输入文本：A (basics.py:155)
[2022-08-08 11:02:16] [    INFO] 查找元素：['xpath', "//li[@class='el-select-dropdown__item']//span[text()='A']"] (basics.py:107)
[2022-08-08 11:02:16] [    INFO] 选择点击：['xpath', "//li[@class='el-select-dropdown__item']//span[text()='A']"] (basics.py:188)
[2022-08-08 11:02:16] [    INFO] 筛选系列：A (DRPDataMgmt_ModelDatabase.py:361)
[2022-08-08 11:02:17] [    INFO] 查找元素：('xpath', "//label[@for='modelCode']/following-sibling::div//input[@placeholder='请输入关键字']") (basics.py:107)
[2022-08-08 11:02:17] [    INFO] 输入文本：S11 (basics.py:155)
[2022-08-08 11:02:19] [    INFO] 查找元素：['xpath', "//li[@class='el-select-dropdown__item']//span[text()='S11']"] (basics.py:107)
[2022-08-08 11:02:19] [    INFO] 选择点击：['xpath', "//li[@class='el-select-dropdown__item']//span[text()='S11']"] (basics.py:188)
[2022-08-08 11:02:19] [    INFO] 筛选项目名：S11 (DRPDataMgmt_ModelDatabase.py:367)
[2022-08-08 11:02:19] [    INFO] 查找元素：('xpath', "//label[@for='fstatus']/following-sibling::div//input[@placeholder='请选择']") (basics.py:107)
[2022-08-08 11:02:20] [    INFO] 点击元素：('xpath', "//label[@for='fstatus']/following-sibling::div//input[@placeholder='请选择']") (basics.py:191)
[2022-08-08 11:02:22] [    INFO] 查找元素：['xpath', "//div[@x-placement='bottom-start']//li[2]"] (basics.py:107)
[2022-08-08 11:02:22] [    INFO] 选择点击：['xpath', "//div[@x-placement='bottom-start']//li[2]"] (basics.py:188)
[2022-08-08 11:02:22] [    INFO] 筛选状态：MP (DRPDataMgmt_ModelDatabase.py:383)
[2022-08-08 11:02:22] [    INFO] 查找元素：('xpath', "//label[@for='origin']/following-sibling::div//input[@placeholder='请选择']") (basics.py:107)
[2022-08-08 11:02:23] [    INFO] 点击元素：('xpath', "//label[@for='origin']/following-sibling::div//input[@placeholder='请选择']") (basics.py:191)
[2022-08-08 11:02:25] [    INFO] 查找元素：['xpath', "//div[@x-placement='bottom-start']//li[1]"] (basics.py:107)
[2022-08-08 11:02:25] [    INFO] 选择点击：['xpath', "//div[@x-placement='bottom-start']//li[1]"] (basics.py:188)
[2022-08-08 11:02:25] [    INFO] 筛选来源：数仓 (DRPDataMgmt_ModelDatabase.py:394)
[2022-08-08 11:02:25] [    INFO] 查找元素：('xpath', "//div[@class='el-form-item el-form-item--medium']//label[@for='supplyType']/following-sibling::div//input[@placeholder='请选择']") (basics.py:107)
[2022-08-08 11:02:26] [    INFO] 点击元素：('xpath', "//div[@class='el-form-item el-form-item--medium']//label[@for='supplyType']/following-sibling::div//input[@placeholder='请选择']") (basics.py:191)
[2022-08-08 11:02:28] [    INFO] 查找元素：['xpath', "//div[@x-placement='bottom-start']//li[1]"] (basics.py:107)
[2022-08-08 11:02:28] [    INFO] 选择点击：['xpath', "//div[@x-placement='bottom-start']//li[1]"] (basics.py:188)
[2022-08-08 11:02:28] [    INFO] 筛选供应类型：自研 (DRPDataMgmt_ModelDatabase.py:405)
[2022-08-08 11:02:28] [    INFO] 查找元素：('xpath', "//div[@class='screen-btns']//button//span[contains(text(),'查  询')]") (basics.py:107)
[2022-08-08 11:02:29] [    INFO] 点击元素：('xpath', "//div[@class='screen-btns']//button//span[contains(text(),'查  询')]") (basics.py:191)
[2022-08-08 11:02:29] [    INFO] 筛选查询 (DRPDataMgmt_ModelDatabase.py:410)
[2022-08-08 11:02:29] [    INFO] 查找元素：['xpath', "//div[2]//div[3]//table[@class='el-table__body']//tbody//tr//td[22]"] (basics.py:107)
[2022-08-08 11:02:30] [    INFO] 滚动条至：['xpath', "//div[2]//div[3]//table[@class='el-table__body']//tbody//tr//td[22]"] (basics.py:173)
[2022-08-08 11:02:30] [    INFO] 查找元素：['xpath', "//div[2]//div[3]//table[@class='el-table__body']//tbody//tr//td[22]"] (basics.py:118)
[2022-08-08 11:02:30] [    INFO] 获取表格搜索结果的所有信息文本['隆江'] (DRPDataMgmt_ModelDatabase.py:432)
[2022-08-08 11:02:30] [    INFO] 断言成功，选项值包含：('隆江',) (DRPDataMgmt_ModelDatabase.py:445)
[2022-08-08 11:02:30] [    INFO] 列表操作，前置条件过滤完成 (DRPDataMgmt_ModelDatabase.py:354)
[2022-08-08 11:02:30] [    INFO] 查找元素：['xpath', "//div[2]//div[3]//table[@class='el-table__body']//tbody//tr//td[22]"] (basics.py:118)
[2022-08-08 11:02:30] [    INFO] 查找元素：['xpath', "//div[2]//div[3]//table[@class='el-table__body']//tbody//tr[1]//td[24]//span[contains(text(),'编辑')]"] (basics.py:103)
[2022-08-08 11:30:09] [    INFO] 【DRP】项目【test】环境- UI自动化开始执行 (conftest.py:14)
[2022-08-08 11:30:09] [    INFO] 前置条件：传音统一登录开始 (conftest.py:18)
[2022-08-08 11:30:11] [    INFO] 打开网页：http://10.250.112.166:9000/# (basics.py:64)
[2022-08-08 11:30:11] [    INFO] 查找元素：('xpath', "//div[@role='button']") (basics.py:107)
[2022-08-08 11:30:11] [    INFO] 点击元素：('xpath', "//div[@role='button']") (basics.py:191)
[2022-08-08 11:30:16] [    INFO] 查找元素：['xpath', "//*[contains(@id,'dropdown-menu-')]//li[1]"] (basics.py:107)
[2022-08-08 11:30:17] [    INFO] 选择点击：['xpath', "//*[contains(@id,'dropdown-menu-')]//li[1]"] (basics.py:188)
[2022-08-08 11:30:17] [    INFO] 查找元素：('id', 'tab-account') (basics.py:107)
[2022-08-08 11:30:17] [    INFO] 点击元素：('id', 'tab-account') (basics.py:191)
[2022-08-08 11:30:18] [    INFO] 查找元素：('xpath', "//*[@id='pane-account']/form/div[1]/div/div[1]/input") (basics.py:107)
[2022-08-08 11:30:18] [    INFO] 输入文本：18649572 (basics.py:138)
[2022-08-08 11:30:20] [    INFO] 查找元素：('xpath', "//*[@id='pane-account']/form/div[2]/div/div[1]/input") (basics.py:107)
[2022-08-08 11:30:20] [    INFO] 输入文本：xLily6x (basics.py:138)
[2022-08-08 11:30:21] [    INFO] 查找元素：('xpath', "//*[@id='pane-account']/form/div[4]/label/span/span") (basics.py:107)
[2022-08-08 11:30:21] [    INFO] 获取状态：False (basics.py:307)
[2022-08-08 11:30:21] [    INFO] 查找元素：('xpath', "//*[@id='pane-account']/form/div[4]/label/span/span") (basics.py:107)
[2022-08-08 11:30:21] [    INFO] 点击元素：('xpath', "//*[@id='pane-account']/form/div[4]/label/span/span") (basics.py:191)
[2022-08-08 11:30:22] [    INFO] 查找元素：('xpath', "//*[@id='pane-account']/form/button") (basics.py:107)
[2022-08-08 11:30:22] [    INFO] 点击元素：('xpath', "//*[@id='pane-account']/form/button") (basics.py:191)
[2022-08-08 11:30:29] [    INFO] 断言成功：URL为预期一致 | URL: http://10.250.112.166:9000/#/dashboard (assert_ui.py:190)
[2022-08-08 11:30:29] [    INFO] 断言成功: 该内容存在数据列表中 | word:隆江 (assert_ui.py:294)
[2022-08-08 11:30:29] [    INFO] 前置条件：传音统一登录成功 (conftest.py:25)
[2022-08-08 11:30:29] [    INFO] 模块前置条件：前往“DRP数据管理-机型库”页面 (DRPDataMgmt_ModelDatabase.py:10)
[2022-08-08 11:30:29] [    INFO] 查找元素：('xpath', '//*[@id="app"]/div/div[1]/div[2]/div[1]/div/ul/div[9]/li/div/span') (basics.py:107)
[2022-08-08 11:30:29] [    INFO] 点击元素：('xpath', '//*[@id="app"]/div/div[1]/div[2]/div[1]/div/ul/div[9]/li/div/span') (basics.py:191)
[2022-08-08 11:30:30] [    INFO] 查找元素：('xpath', "//li[@role='menuitem']//span[contains(text(),'机型库')]") (basics.py:107)
[2022-08-08 11:30:30] [    INFO] 点击元素：('xpath', "//li[@role='menuitem']//span[contains(text(),'机型库')]") (basics.py:191)
[2022-08-08 11:30:32] [    INFO] 断言成功：URL为预期一致 | URL: http://10.250.112.166:9000/#/dataManage/modelLibrary (assert_ui.py:190)
[2022-08-08 11:30:34] [    INFO] 查找元素：['xpath', "//div[@class='wrapper-tabs']//span[contains(text(),'产品信息')]"] (basics.py:107)
[2022-08-08 11:30:35] [    INFO] 选择点击：['xpath', "//div[@class='wrapper-tabs']//span[contains(text(),'产品信息')]"] (basics.py:188)
[2022-08-08 11:30:35] [    INFO] 前往菜单产品信息 (DRPDataMgmt_ModelDatabase.py:19)
[2022-08-08 11:30:35] [    INFO] 查找元素：('xpath', "//div[@class='left-btn']//button[1]") (basics.py:107)
[2022-08-08 11:30:35] [    INFO] 获取文本：新 增 (basics.py:296)
[2022-08-08 11:30:35] [    INFO] 查找元素：('xpath', "//div[@class='btn-tool-info']//button[@type='button']//span[contains(text(),'筛选')]") (basics.py:107)
[2022-08-08 11:30:35] [    INFO] 点击元素：('xpath', "//div[@class='btn-tool-info']//button[@type='button']//span[contains(text(),'筛选')]") (basics.py:191)
[2022-08-08 11:30:35] [    INFO] 打开筛选框 (DRPDataMgmt_ModelDatabase.py:47)
[2022-08-08 11:30:35] [    INFO] 查找元素：('xpath', "//label[@for='brandCode']/following-sibling::div//input[@placeholder='请选择']") (basics.py:107)
[2022-08-08 11:30:36] [    INFO] 点击元素：('xpath', "//label[@for='brandCode']/following-sibling::div//input[@placeholder='请选择']") (basics.py:191)
[2022-08-08 11:30:38] [    INFO] 查找元素：['xpath', "//div[@x-placement='bottom-start']//li[2]"] (basics.py:107)
[2022-08-08 11:30:38] [    INFO] 选择点击：['xpath', "//div[@x-placement='bottom-start']//li[2]"] (basics.py:188)
[2022-08-08 11:30:38] [    INFO] 筛选品牌：itel (DRPDataMgmt_ModelDatabase.py:310)
[2022-08-08 11:30:38] [    INFO] 查找元素：('xpath', "//label[@for='seriesSenior']/following-sibling::div//input[@placeholder='请选择']") (basics.py:107)
[2022-08-08 11:30:39] [    INFO] 点击元素：('xpath', "//label[@for='seriesSenior']/following-sibling::div//input[@placeholder='请选择']") (basics.py:191)
[2022-08-08 11:30:41] [    INFO] 查找元素：['xpath', "//div[@x-placement='bottom-start']//li[2]"] (basics.py:107)
[2022-08-08 11:30:41] [    INFO] 选择点击：['xpath', "//div[@x-placement='bottom-start']//li[2]"] (basics.py:188)
[2022-08-08 11:30:41] [    INFO] 筛选大类粗：智能机 (DRPDataMgmt_ModelDatabase.py:321)
[2022-08-08 11:30:42] [    INFO] 查找元素：('xpath', "//label[@for='modelName']/following-sibling::div//input[@placeholder='请输入关键字']") (basics.py:107)
[2022-08-08 11:30:42] [    INFO] 输入文本：S11 64+4 (basics.py:155)
[2022-08-08 11:30:45] [    INFO] 查找元素：['xpath', "//li[@class='el-select-dropdown__item']//span[text()='S11 64+4']"] (basics.py:107)
[2022-08-08 11:30:45] [    INFO] 选择点击：['xpath', "//li[@class='el-select-dropdown__item']//span[text()='S11 64+4']"] (basics.py:188)
[2022-08-08 11:30:45] [    INFO] 筛选机型：S11 64+4 (DRPDataMgmt_ModelDatabase.py:349)
[2022-08-08 11:30:46] [    INFO] 查找元素：('xpath', "//label[@for='marketName']/following-sibling::div//input[@placeholder='请输入关键字']") (basics.py:107)
[2022-08-08 11:30:46] [    INFO] 输入文本：India (basics.py:155)
[2022-08-08 11:30:48] [    INFO] 查找元素：['xpath', "//li[@class='el-select-dropdown__item']//span[text()='India']"] (basics.py:107)
[2022-08-08 11:30:48] [    INFO] 选择点击：['xpath', "//li[@class='el-select-dropdown__item']//span[text()='India']"] (basics.py:188)
[2022-08-08 11:30:48] [    INFO] 筛选市场名：India (DRPDataMgmt_ModelDatabase.py:355)
[2022-08-08 11:30:49] [    INFO] 查找元素：('xpath', "//label[@for='projectSeries']/following-sibling::div//input[@placeholder='请输入关键字']") (basics.py:107)
[2022-08-08 11:30:49] [    INFO] 输入文本：A (basics.py:155)
[2022-08-08 11:30:51] [    INFO] 查找元素：['xpath', "//li[@class='el-select-dropdown__item']//span[text()='A']"] (basics.py:107)
[2022-08-08 11:30:51] [    INFO] 选择点击：['xpath', "//li[@class='el-select-dropdown__item']//span[text()='A']"] (basics.py:188)
[2022-08-08 11:30:51] [    INFO] 筛选系列：A (DRPDataMgmt_ModelDatabase.py:361)
[2022-08-08 11:30:52] [    INFO] 查找元素：('xpath', "//label[@for='modelCode']/following-sibling::div//input[@placeholder='请输入关键字']") (basics.py:107)
[2022-08-08 11:30:52] [    INFO] 输入文本：S11 (basics.py:155)
[2022-08-08 11:30:54] [    INFO] 查找元素：['xpath', "//li[@class='el-select-dropdown__item']//span[text()='S11']"] (basics.py:107)
[2022-08-08 11:30:54] [    INFO] 选择点击：['xpath', "//li[@class='el-select-dropdown__item']//span[text()='S11']"] (basics.py:188)
[2022-08-08 11:30:54] [    INFO] 筛选项目名：S11 (DRPDataMgmt_ModelDatabase.py:367)
[2022-08-08 11:30:54] [    INFO] 查找元素：('xpath', "//label[@for='fstatus']/following-sibling::div//input[@placeholder='请选择']") (basics.py:107)
[2022-08-08 11:30:55] [    INFO] 点击元素：('xpath', "//label[@for='fstatus']/following-sibling::div//input[@placeholder='请选择']") (basics.py:191)
[2022-08-08 11:30:57] [    INFO] 查找元素：['xpath', "//div[@x-placement='bottom-start']//li[2]"] (basics.py:107)
[2022-08-08 11:30:57] [    INFO] 选择点击：['xpath', "//div[@x-placement='bottom-start']//li[2]"] (basics.py:188)
[2022-08-08 11:30:57] [    INFO] 筛选状态：MP (DRPDataMgmt_ModelDatabase.py:383)
[2022-08-08 11:30:57] [    INFO] 查找元素：('xpath', "//label[@for='origin']/following-sibling::div//input[@placeholder='请选择']") (basics.py:107)
[2022-08-08 11:30:58] [    INFO] 点击元素：('xpath', "//label[@for='origin']/following-sibling::div//input[@placeholder='请选择']") (basics.py:191)
[2022-08-08 11:31:00] [    INFO] 查找元素：['xpath', "//div[@x-placement='bottom-start']//li[1]"] (basics.py:107)
[2022-08-08 11:31:00] [    INFO] 选择点击：['xpath', "//div[@x-placement='bottom-start']//li[1]"] (basics.py:188)
[2022-08-08 11:31:00] [    INFO] 筛选来源：数仓 (DRPDataMgmt_ModelDatabase.py:394)
[2022-08-08 11:31:00] [    INFO] 查找元素：('xpath', "//div[@class='el-form-item el-form-item--medium']//label[@for='supplyType']/following-sibling::div//input[@placeholder='请选择']") (basics.py:107)
[2022-08-08 11:31:01] [    INFO] 点击元素：('xpath', "//div[@class='el-form-item el-form-item--medium']//label[@for='supplyType']/following-sibling::div//input[@placeholder='请选择']") (basics.py:191)
[2022-08-08 11:31:03] [    INFO] 查找元素：['xpath', "//div[@x-placement='bottom-start']//li[1]"] (basics.py:107)
[2022-08-08 11:31:03] [    INFO] 选择点击：['xpath', "//div[@x-placement='bottom-start']//li[1]"] (basics.py:188)
[2022-08-08 11:31:03] [    INFO] 筛选供应类型：自研 (DRPDataMgmt_ModelDatabase.py:405)
[2022-08-08 11:31:03] [    INFO] 查找元素：('xpath', "//div[@class='screen-btns']//button//span[contains(text(),'查  询')]") (basics.py:107)
[2022-08-08 11:31:04] [    INFO] 点击元素：('xpath', "//div[@class='screen-btns']//button//span[contains(text(),'查  询')]") (basics.py:191)
[2022-08-08 11:31:04] [    INFO] 筛选查询 (DRPDataMgmt_ModelDatabase.py:410)
[2022-08-08 11:31:04] [    INFO] 查找元素：['xpath', "//div[2]//div[3]//table[@class='el-table__body']//tbody//tr//td[22]"] (basics.py:107)
[2022-08-08 11:31:04] [    INFO] 滚动条至：['xpath', "//div[2]//div[3]//table[@class='el-table__body']//tbody//tr//td[22]"] (basics.py:173)
[2022-08-08 11:31:04] [    INFO] 查找元素：['xpath', "//div[2]//div[3]//table[@class='el-table__body']//tbody//tr//td[22]"] (basics.py:118)
[2022-08-08 11:31:05] [    INFO] 获取表格搜索结果的所有信息文本['隆江'] (DRPDataMgmt_ModelDatabase.py:432)
[2022-08-08 11:31:05] [    INFO] 断言成功，选项值包含：('隆江',) (DRPDataMgmt_ModelDatabase.py:445)
[2022-08-08 11:31:05] [    INFO] 列表操作，前置条件过滤完成 (DRPDataMgmt_ModelDatabase.py:354)
[2022-08-08 11:31:05] [    INFO] 查找元素：['xpath', "//div[2]//div[3]//table[@class='el-table__body']//tbody//tr//td[22]"] (basics.py:118)
[2022-08-08 11:31:05] [    INFO] 查找元素：['xpath', '/html[1]/body[1]/div[2]/div[1]/div[2]/div[2]/section[1]/div[1]/div[2]/div[2]/div[4]/div[2]/table[1]/tbody[1]/tr[1]/td[24]/div[1]/div[1]/button[1]/span[1]'] (basics.py:103)
[2022-08-08 11:37:04] [    INFO] 【DRP】项目【test】环境- UI自动化开始执行 (conftest.py:14)
[2022-08-08 11:37:04] [    INFO] 前置条件：传音统一登录开始 (conftest.py:18)
[2022-08-08 11:37:06] [    INFO] 打开网页：http://10.250.112.166:9000/# (basics.py:64)
[2022-08-08 11:37:06] [    INFO] 查找元素：('xpath', "//div[@role='button']") (basics.py:107)
[2022-08-08 11:37:06] [    INFO] 点击元素：('xpath', "//div[@role='button']") (basics.py:191)
[2022-08-08 11:37:11] [    INFO] 查找元素：['xpath', "//*[contains(@id,'dropdown-menu-')]//li[1]"] (basics.py:107)
[2022-08-08 11:37:12] [    INFO] 选择点击：['xpath', "//*[contains(@id,'dropdown-menu-')]//li[1]"] (basics.py:188)
[2022-08-08 11:37:12] [    INFO] 查找元素：('id', 'tab-account') (basics.py:107)
[2022-08-08 11:37:12] [    INFO] 点击元素：('id', 'tab-account') (basics.py:191)
[2022-08-08 11:37:13] [    INFO] 查找元素：('xpath', "//*[@id='pane-account']/form/div[1]/div/div[1]/input") (basics.py:107)
[2022-08-08 11:37:14] [    INFO] 输入文本：18649572 (basics.py:138)
[2022-08-08 11:37:15] [    INFO] 查找元素：('xpath', "//*[@id='pane-account']/form/div[2]/div/div[1]/input") (basics.py:107)
[2022-08-08 11:37:16] [    INFO] 输入文本：xLily6x (basics.py:138)
[2022-08-08 11:37:17] [    INFO] 查找元素：('xpath', "//*[@id='pane-account']/form/div[4]/label/span/span") (basics.py:107)
[2022-08-08 11:37:17] [    INFO] 获取状态：False (basics.py:307)
[2022-08-08 11:37:17] [    INFO] 查找元素：('xpath', "//*[@id='pane-account']/form/div[4]/label/span/span") (basics.py:107)
[2022-08-08 11:37:17] [    INFO] 点击元素：('xpath', "//*[@id='pane-account']/form/div[4]/label/span/span") (basics.py:191)
[2022-08-08 11:37:18] [    INFO] 查找元素：('xpath', "//*[@id='pane-account']/form/button") (basics.py:107)
[2022-08-08 11:37:18] [    INFO] 点击元素：('xpath', "//*[@id='pane-account']/form/button") (basics.py:191)
[2022-08-08 11:37:25] [    INFO] 断言成功：URL为预期一致 | URL: http://10.250.112.166:9000/#/dashboard (assert_ui.py:190)
[2022-08-08 11:37:25] [    INFO] 断言成功: 该内容存在数据列表中 | word:隆江 (assert_ui.py:294)
[2022-08-08 11:37:25] [    INFO] 前置条件：传音统一登录成功 (conftest.py:25)
[2022-08-08 11:37:25] [    INFO] 模块前置条件：前往“DRP数据管理-机型库”页面 (DRPDataMgmt_ModelDatabase.py:10)
[2022-08-08 11:37:25] [    INFO] 查找元素：('xpath', '//*[@id="app"]/div/div[1]/div[2]/div[1]/div/ul/div[9]/li/div/span') (basics.py:107)
[2022-08-08 11:37:25] [    INFO] 点击元素：('xpath', '//*[@id="app"]/div/div[1]/div[2]/div[1]/div/ul/div[9]/li/div/span') (basics.py:191)
[2022-08-08 11:37:26] [    INFO] 查找元素：('xpath', "//li[@role='menuitem']//span[contains(text(),'机型库')]") (basics.py:107)
[2022-08-08 11:37:26] [    INFO] 点击元素：('xpath', "//li[@role='menuitem']//span[contains(text(),'机型库')]") (basics.py:191)
[2022-08-08 11:37:29] [    INFO] 断言成功：URL为预期一致 | URL: http://10.250.112.166:9000/#/dataManage/modelLibrary (assert_ui.py:190)
[2022-08-08 11:37:31] [    INFO] 查找元素：['xpath', "//div[@class='wrapper-tabs']//span[contains(text(),'产品信息')]"] (basics.py:107)
[2022-08-08 11:37:31] [    INFO] 选择点击：['xpath', "//div[@class='wrapper-tabs']//span[contains(text(),'产品信息')]"] (basics.py:188)
[2022-08-08 11:37:31] [    INFO] 前往菜单产品信息 (DRPDataMgmt_ModelDatabase.py:19)
[2022-08-08 11:37:31] [    INFO] 查找元素：('xpath', "//div[@class='left-btn']//button[1]") (basics.py:107)
[2022-08-08 11:37:31] [    INFO] 获取文本：新 增 (basics.py:296)
[2022-08-08 11:37:31] [    INFO] 查找元素：('xpath', "//div[@class='btn-tool-info']//button[@type='button']//span[contains(text(),'筛选')]") (basics.py:107)
[2022-08-08 11:37:32] [    INFO] 点击元素：('xpath', "//div[@class='btn-tool-info']//button[@type='button']//span[contains(text(),'筛选')]") (basics.py:191)
[2022-08-08 11:37:32] [    INFO] 打开筛选框 (DRPDataMgmt_ModelDatabase.py:47)
[2022-08-08 11:37:32] [    INFO] 查找元素：('xpath', "//label[@for='brandCode']/following-sibling::div//input[@placeholder='请选择']") (basics.py:107)
[2022-08-08 11:37:35] [    INFO] 点击元素：('xpath', "//label[@for='brandCode']/following-sibling::div//input[@placeholder='请选择']") (basics.py:191)
[2022-08-08 11:37:37] [    INFO] 查找元素：['xpath', "//div[@x-placement='bottom-start']//li[2]"] (basics.py:107)
[2022-08-08 11:37:38] [    INFO] 选择点击：['xpath', "//div[@x-placement='bottom-start']//li[2]"] (basics.py:188)
[2022-08-08 11:37:38] [    INFO] 筛选品牌：itel (DRPDataMgmt_ModelDatabase.py:310)
[2022-08-08 11:37:38] [    INFO] 查找元素：('xpath', "//label[@for='seriesSenior']/following-sibling::div//input[@placeholder='请选择']") (basics.py:107)
[2022-08-08 11:37:38] [    INFO] 点击元素：('xpath', "//label[@for='seriesSenior']/following-sibling::div//input[@placeholder='请选择']") (basics.py:191)
[2022-08-08 11:37:41] [    INFO] 查找元素：['xpath', "//div[@x-placement='bottom-start']//li[2]"] (basics.py:107)
[2022-08-08 11:37:41] [    INFO] 选择点击：['xpath', "//div[@x-placement='bottom-start']//li[2]"] (basics.py:188)
[2022-08-08 11:37:41] [    INFO] 筛选大类粗：智能机 (DRPDataMgmt_ModelDatabase.py:321)
[2022-08-08 11:37:41] [    INFO] 查找元素：('xpath', "//label[@for='modelName']/following-sibling::div//input[@placeholder='请输入关键字']") (basics.py:107)
[2022-08-08 11:37:43] [    INFO] 输入文本：S11 64+4 (basics.py:155)
[2022-08-08 11:37:45] [    INFO] 查找元素：['xpath', "//li[@class='el-select-dropdown__item']//span[text()='S11 64+4']"] (basics.py:107)
[2022-08-08 11:37:46] [    INFO] 选择点击：['xpath', "//li[@class='el-select-dropdown__item']//span[text()='S11 64+4']"] (basics.py:188)
[2022-08-08 11:37:46] [    INFO] 筛选机型：S11 64+4 (DRPDataMgmt_ModelDatabase.py:349)
[2022-08-08 11:37:46] [    INFO] 查找元素：('xpath', "//label[@for='marketName']/following-sibling::div//input[@placeholder='请输入关键字']") (basics.py:107)
[2022-08-08 11:37:47] [    INFO] 输入文本：India (basics.py:155)
[2022-08-08 11:37:49] [    INFO] 查找元素：['xpath', "//li[@class='el-select-dropdown__item']//span[text()='India']"] (basics.py:107)
[2022-08-08 11:37:49] [    INFO] 选择点击：['xpath', "//li[@class='el-select-dropdown__item']//span[text()='India']"] (basics.py:188)
[2022-08-08 11:37:49] [    INFO] 筛选市场名：India (DRPDataMgmt_ModelDatabase.py:355)
[2022-08-08 11:37:50] [    INFO] 查找元素：('xpath', "//label[@for='projectSeries']/following-sibling::div//input[@placeholder='请输入关键字']") (basics.py:107)
[2022-08-08 11:37:50] [    INFO] 输入文本：A (basics.py:155)
[2022-08-08 11:37:52] [    INFO] 查找元素：['xpath', "//li[@class='el-select-dropdown__item']//span[text()='A']"] (basics.py:107)
[2022-08-08 11:37:52] [    INFO] 选择点击：['xpath', "//li[@class='el-select-dropdown__item']//span[text()='A']"] (basics.py:188)
[2022-08-08 11:37:52] [    INFO] 筛选系列：A (DRPDataMgmt_ModelDatabase.py:361)
[2022-08-08 11:37:53] [    INFO] 查找元素：('xpath', "//label[@for='modelCode']/following-sibling::div//input[@placeholder='请输入关键字']") (basics.py:107)
[2022-08-08 11:37:53] [    INFO] 输入文本：S11 (basics.py:155)
[2022-08-08 11:37:55] [    INFO] 查找元素：['xpath', "//li[@class='el-select-dropdown__item']//span[text()='S11']"] (basics.py:107)
[2022-08-08 11:37:55] [    INFO] 选择点击：['xpath', "//li[@class='el-select-dropdown__item']//span[text()='S11']"] (basics.py:188)
[2022-08-08 11:37:55] [    INFO] 筛选项目名：S11 (DRPDataMgmt_ModelDatabase.py:367)
[2022-08-08 11:37:55] [    INFO] 查找元素：('xpath', "//label[@for='fstatus']/following-sibling::div//input[@placeholder='请选择']") (basics.py:107)
[2022-08-08 11:37:56] [    INFO] 点击元素：('xpath', "//label[@for='fstatus']/following-sibling::div//input[@placeholder='请选择']") (basics.py:191)
[2022-08-08 11:37:58] [    INFO] 查找元素：['xpath', "//div[@x-placement='bottom-start']//li[2]"] (basics.py:107)
[2022-08-08 11:37:58] [    INFO] 选择点击：['xpath', "//div[@x-placement='bottom-start']//li[2]"] (basics.py:188)
[2022-08-08 11:37:58] [    INFO] 筛选状态：MP (DRPDataMgmt_ModelDatabase.py:383)
[2022-08-08 11:37:58] [    INFO] 查找元素：('xpath', "//label[@for='origin']/following-sibling::div//input[@placeholder='请选择']") (basics.py:107)
[2022-08-08 11:37:59] [    INFO] 点击元素：('xpath', "//label[@for='origin']/following-sibling::div//input[@placeholder='请选择']") (basics.py:191)
[2022-08-08 11:38:01] [    INFO] 查找元素：['xpath', "//div[@x-placement='bottom-start']//li[1]"] (basics.py:107)
[2022-08-08 11:38:02] [    INFO] 选择点击：['xpath', "//div[@x-placement='bottom-start']//li[1]"] (basics.py:188)
[2022-08-08 11:38:02] [    INFO] 筛选来源：数仓 (DRPDataMgmt_ModelDatabase.py:394)
[2022-08-08 11:38:02] [    INFO] 查找元素：('xpath', "//div[@class='el-form-item el-form-item--medium']//label[@for='supplyType']/following-sibling::div//input[@placeholder='请选择']") (basics.py:107)
[2022-08-08 11:38:02] [    INFO] 点击元素：('xpath', "//div[@class='el-form-item el-form-item--medium']//label[@for='supplyType']/following-sibling::div//input[@placeholder='请选择']") (basics.py:191)
[2022-08-08 11:38:04] [    INFO] 查找元素：['xpath', "//div[@x-placement='bottom-start']//li[1]"] (basics.py:107)
[2022-08-08 11:38:04] [    INFO] 选择点击：['xpath', "//div[@x-placement='bottom-start']//li[1]"] (basics.py:188)
[2022-08-08 11:38:05] [    INFO] 筛选供应类型：自研 (DRPDataMgmt_ModelDatabase.py:405)
[2022-08-08 11:38:05] [    INFO] 查找元素：('xpath', "//div[@class='screen-btns']//button//span[contains(text(),'查  询')]") (basics.py:107)
[2022-08-08 11:38:05] [    INFO] 点击元素：('xpath', "//div[@class='screen-btns']//button//span[contains(text(),'查  询')]") (basics.py:191)
[2022-08-08 11:38:05] [    INFO] 筛选查询 (DRPDataMgmt_ModelDatabase.py:410)
[2022-08-08 11:38:05] [    INFO] 查找元素：['xpath', "//div[2]//div[3]//table[@class='el-table__body']//tbody//tr//td[22]"] (basics.py:107)
[2022-08-08 11:38:06] [    INFO] 滚动条至：['xpath', "//div[2]//div[3]//table[@class='el-table__body']//tbody//tr//td[22]"] (basics.py:173)
[2022-08-08 11:38:06] [    INFO] 查找元素：['xpath', "//div[2]//div[3]//table[@class='el-table__body']//tbody//tr//td[22]"] (basics.py:118)
[2022-08-08 11:38:06] [    INFO] 获取表格搜索结果的所有信息文本['隆江'] (DRPDataMgmt_ModelDatabase.py:432)
[2022-08-08 11:38:06] [    INFO] 断言成功，选项值包含：('隆江',) (DRPDataMgmt_ModelDatabase.py:445)
[2022-08-08 11:38:06] [    INFO] 列表操作，前置条件过滤完成 (DRPDataMgmt_ModelDatabase.py:354)
[2022-08-08 11:38:06] [    INFO] 查找元素：['xpath', "//div[2]//div[3]//table[@class='el-table__body']//tbody//tr//td[22]"] (basics.py:118)
[2022-08-08 11:38:06] [    INFO] 查找元素：['xpath', "//div[2]//div[3]//table[@class='el-table__body']//tbody//tr[1]//td[24]//span[contains(text(),'编辑')]"] (basics.py:103)
[2022-08-08 11:42:04] [    INFO] 【DRP】项目【test】环境- UI自动化开始执行 (conftest.py:14)
[2022-08-08 11:42:04] [    INFO] 前置条件：传音统一登录开始 (conftest.py:18)
[2022-08-08 11:42:08] [    INFO] 打开网页：http://10.250.112.166:9000/# (basics.py:64)
[2022-08-08 11:42:08] [    INFO] 查找元素：('xpath', "//div[@role='button']") (basics.py:107)
[2022-08-08 11:42:08] [    INFO] 点击元素：('xpath', "//div[@role='button']") (basics.py:191)
[2022-08-08 11:42:12] [    INFO] 查找元素：['xpath', "//*[contains(@id,'dropdown-menu-')]//li[1]"] (basics.py:107)
[2022-08-08 11:42:14] [    INFO] 查找元素：('xpath', "//div[@role='button']") (basics.py:107)
[2022-08-08 11:42:14] [    INFO] 点击元素：('xpath', "//div[@role='button']") (basics.py:191)
[2022-08-08 11:42:14] [    INFO] 查找元素：('id', 'tab-account') (basics.py:107)
[2022-08-08 11:42:14] [    INFO] 点击元素：('id', 'tab-account') (basics.py:191)
[2022-08-08 11:42:15] [    INFO] 查找元素：('xpath', "//*[@id='pane-account']/form/div[1]/div/div[1]/input") (basics.py:107)
[2022-08-08 11:42:15] [    INFO] 输入文本：18649572 (basics.py:138)
[2022-08-08 11:42:17] [    INFO] 查找元素：('xpath', "//*[@id='pane-account']/form/div[2]/div/div[1]/input") (basics.py:107)
[2022-08-08 11:42:17] [    INFO] 输入文本：xLily6x (basics.py:138)
[2022-08-08 11:42:18] [    INFO] 查找元素：('xpath', "//*[@id='pane-account']/form/div[4]/label/span/span") (basics.py:107)
[2022-08-08 11:42:18] [    INFO] 获取状态：False (basics.py:307)
[2022-08-08 11:42:18] [    INFO] 查找元素：('xpath', "//*[@id='pane-account']/form/div[4]/label/span/span") (basics.py:107)
[2022-08-08 11:42:18] [    INFO] 点击元素：('xpath', "//*[@id='pane-account']/form/div[4]/label/span/span") (basics.py:191)
[2022-08-08 11:42:19] [    INFO] 查找元素：('xpath', "//*[@id='pane-account']/form/button") (basics.py:107)
[2022-08-08 11:42:19] [    INFO] 点击元素：('xpath', "//*[@id='pane-account']/form/button") (basics.py:191)
[2022-08-08 11:42:25] [    INFO] 断言成功：URL为预期一致 | URL: http://10.250.112.166:9000/#/dashboard (assert_ui.py:190)
[2022-08-08 11:42:26] [    INFO] 断言成功: 该内容存在数据列表中 | word:隆江 (assert_ui.py:294)
[2022-08-08 11:42:26] [    INFO] 前置条件：传音统一登录成功 (conftest.py:25)
[2022-08-08 11:42:26] [    INFO] 模块前置条件：前往“DRP数据管理-机型库”页面 (DRPDataMgmt_ModelDatabase.py:10)
[2022-08-08 11:42:26] [    INFO] 查找元素：('xpath', '//*[@id="app"]/div/div[1]/div[2]/div[1]/div/ul/div[9]/li/div/span') (basics.py:107)
[2022-08-08 11:42:26] [    INFO] 点击元素：('xpath', '//*[@id="app"]/div/div[1]/div[2]/div[1]/div/ul/div[9]/li/div/span') (basics.py:191)
[2022-08-08 11:42:26] [    INFO] 查找元素：('xpath', "//li[@role='menuitem']//span[contains(text(),'机型库')]") (basics.py:107)
[2022-08-08 11:42:26] [    INFO] 点击元素：('xpath', "//li[@role='menuitem']//span[contains(text(),'机型库')]") (basics.py:191)
[2022-08-08 11:42:29] [    INFO] 断言成功：URL为预期一致 | URL: http://10.250.112.166:9000/#/dataManage/modelLibrary (assert_ui.py:190)
[2022-08-08 11:42:31] [    INFO] 查找元素：['xpath', "//div[@class='wrapper-tabs']//span[contains(text(),'产品信息')]"] (basics.py:107)
[2022-08-08 11:42:57] [    INFO] 【DRP】项目【test】环境- UI自动化开始执行 (conftest.py:14)
[2022-08-08 11:42:57] [    INFO] 前置条件：传音统一登录开始 (conftest.py:18)
[2022-08-08 11:43:01] [    INFO] 打开网页：http://10.250.112.166:9000/# (basics.py:64)
[2022-08-08 11:43:01] [    INFO] 查找元素：('xpath', "//div[@role='button']") (basics.py:107)
[2022-08-08 11:43:01] [    INFO] 点击元素：('xpath', "//div[@role='button']") (basics.py:191)
[2022-08-08 11:43:06] [    INFO] 查找元素：['xpath', "//*[contains(@id,'dropdown-menu-')]//li[1]"] (basics.py:107)
[2022-08-08 11:43:07] [    INFO] 查找元素：('xpath', "//div[@role='button']") (basics.py:107)
[2022-08-08 11:43:07] [    INFO] 点击元素：('xpath', "//div[@role='button']") (basics.py:191)
[2022-08-08 11:43:07] [    INFO] 查找元素：('id', 'tab-account') (basics.py:107)
[2022-08-08 11:43:08] [    INFO] 点击元素：('id', 'tab-account') (basics.py:191)
[2022-08-08 11:43:09] [    INFO] 查找元素：('xpath', "//*[@id='pane-account']/form/div[1]/div/div[1]/input") (basics.py:107)
[2022-08-08 11:43:09] [    INFO] 输入文本：18649572 (basics.py:138)
[2022-08-08 11:43:10] [    INFO] 查找元素：('xpath', "//*[@id='pane-account']/form/div[2]/div/div[1]/input") (basics.py:107)
[2022-08-08 11:43:10] [    INFO] 输入文本：xLily6x (basics.py:138)
[2022-08-08 11:43:11] [    INFO] 查找元素：('xpath', "//*[@id='pane-account']/form/div[4]/label/span/span") (basics.py:107)
[2022-08-08 11:43:11] [    INFO] 获取状态：False (basics.py:307)
[2022-08-08 11:43:11] [    INFO] 查找元素：('xpath', "//*[@id='pane-account']/form/div[4]/label/span/span") (basics.py:107)
[2022-08-08 11:43:11] [    INFO] 点击元素：('xpath', "//*[@id='pane-account']/form/div[4]/label/span/span") (basics.py:191)
[2022-08-08 11:43:12] [    INFO] 查找元素：('xpath', "//*[@id='pane-account']/form/button") (basics.py:107)
[2022-08-08 11:43:12] [    INFO] 点击元素：('xpath', "//*[@id='pane-account']/form/button") (basics.py:191)
[2022-08-08 11:43:19] [    INFO] 断言成功：URL为预期一致 | URL: http://10.250.112.166:9000/#/dashboard (assert_ui.py:190)
[2022-08-08 11:43:19] [    INFO] 断言成功: 该内容存在数据列表中 | word:隆江 (assert_ui.py:294)
[2022-08-08 11:43:19] [    INFO] 前置条件：传音统一登录成功 (conftest.py:25)
[2022-08-08 11:43:19] [    INFO] 模块前置条件：前往“DRP数据管理-机型库”页面 (DRPDataMgmt_ModelDatabase.py:10)
[2022-08-08 11:43:19] [    INFO] 查找元素：('xpath', '//*[@id="app"]/div/div[1]/div[2]/div[1]/div/ul/div[9]/li/div/span') (basics.py:107)
[2022-08-08 11:43:19] [    INFO] 点击元素：('xpath', '//*[@id="app"]/div/div[1]/div[2]/div[1]/div/ul/div[9]/li/div/span') (basics.py:191)
[2022-08-08 11:43:20] [    INFO] 查找元素：('xpath', "//li[@role='menuitem']//span[contains(text(),'机型库')]") (basics.py:107)
[2022-08-08 11:43:20] [    INFO] 点击元素：('xpath', "//li[@role='menuitem']//span[contains(text(),'机型库')]") (basics.py:191)
[2022-08-08 11:43:22] [    INFO] 断言成功：URL为预期一致 | URL: http://10.250.112.166:9000/#/dataManage/modelLibrary (assert_ui.py:190)
[2022-08-08 11:43:24] [    INFO] 查找元素：['xpath', "//div[@class='wrapper-tabs']//span[contains(text(),'产品信息')]"] (basics.py:107)
[2022-08-08 11:43:24] [    INFO] 选择点击：['xpath', "//div[@class='wrapper-tabs']//span[contains(text(),'产品信息')]"] (basics.py:188)
[2022-08-08 11:43:24] [    INFO] 前往菜单产品信息 (DRPDataMgmt_ModelDatabase.py:19)
[2022-08-08 11:43:24] [    INFO] 查找元素：('xpath', "//div[@class='left-btn']//button[1]") (basics.py:107)
[2022-08-08 11:43:24] [    INFO] 获取文本：新 增 (basics.py:296)
[2022-08-08 11:43:24] [    INFO] 查找元素：('xpath', "//div[@class='btn-tool-info']//button[@type='button']//span[contains(text(),'筛选')]") (basics.py:107)
[2022-08-08 11:43:24] [    INFO] 点击元素：('xpath', "//div[@class='btn-tool-info']//button[@type='button']//span[contains(text(),'筛选')]") (basics.py:191)
[2022-08-08 11:43:25] [    INFO] 打开筛选框 (DRPDataMgmt_ModelDatabase.py:47)
[2022-08-08 11:43:25] [    INFO] 查找元素：('xpath', "//label[@for='brandCode']/following-sibling::div//input[@placeholder='请选择']") (basics.py:107)
[2022-08-08 11:43:25] [    INFO] 点击元素：('xpath', "//label[@for='brandCode']/following-sibling::div//input[@placeholder='请选择']") (basics.py:191)
[2022-08-08 11:43:28] [    INFO] 查找元素：['xpath', "//div[@x-placement='bottom-start']//li[2]"] (basics.py:107)
[2022-08-08 11:43:28] [    INFO] 选择点击：['xpath', "//div[@x-placement='bottom-start']//li[2]"] (basics.py:188)
[2022-08-08 11:43:28] [    INFO] 筛选品牌：itel (DRPDataMgmt_ModelDatabase.py:310)
[2022-08-08 11:43:28] [    INFO] 查找元素：('xpath', "//label[@for='seriesSenior']/following-sibling::div//input[@placeholder='请选择']") (basics.py:107)
[2022-08-08 11:43:28] [    INFO] 点击元素：('xpath', "//label[@for='seriesSenior']/following-sibling::div//input[@placeholder='请选择']") (basics.py:191)
[2022-08-08 11:43:30] [    INFO] 查找元素：['xpath', "//div[@x-placement='bottom-start']//li[2]"] (basics.py:107)
[2022-08-08 11:43:30] [    INFO] 选择点击：['xpath', "//div[@x-placement='bottom-start']//li[2]"] (basics.py:188)
[2022-08-08 11:43:30] [    INFO] 筛选大类粗：智能机 (DRPDataMgmt_ModelDatabase.py:321)
[2022-08-08 11:43:31] [    INFO] 查找元素：('xpath', "//label[@for='modelName']/following-sibling::div//input[@placeholder='请输入关键字']") (basics.py:107)
[2022-08-08 11:43:31] [    INFO] 输入文本：S11 64+4 (basics.py:155)
[2022-08-08 11:43:34] [    INFO] 查找元素：['xpath', "//li[@class='el-select-dropdown__item']//span[text()='S11 64+4']"] (basics.py:107)
[2022-08-08 11:43:34] [    INFO] 选择点击：['xpath', "//li[@class='el-select-dropdown__item']//span[text()='S11 64+4']"] (basics.py:188)
[2022-08-08 11:43:34] [    INFO] 筛选机型：S11 64+4 (DRPDataMgmt_ModelDatabase.py:349)
[2022-08-08 11:43:34] [    INFO] 查找元素：('xpath', "//label[@for='marketName']/following-sibling::div//input[@placeholder='请输入关键字']") (basics.py:107)
[2022-08-08 11:43:34] [    INFO] 输入文本：India (basics.py:155)
[2022-08-08 11:43:36] [    INFO] 查找元素：['xpath', "//li[@class='el-select-dropdown__item']//span[text()='India']"] (basics.py:107)
[2022-08-08 11:43:36] [    INFO] 选择点击：['xpath', "//li[@class='el-select-dropdown__item']//span[text()='India']"] (basics.py:188)
[2022-08-08 11:43:36] [    INFO] 筛选市场名：India (DRPDataMgmt_ModelDatabase.py:355)
[2022-08-08 11:43:37] [    INFO] 查找元素：('xpath', "//label[@for='projectSeries']/following-sibling::div//input[@placeholder='请输入关键字']") (basics.py:107)
[2022-08-08 11:43:37] [    INFO] 输入文本：A (basics.py:155)
[2022-08-08 11:43:39] [    INFO] 查找元素：['xpath', "//li[@class='el-select-dropdown__item']//span[text()='A']"] (basics.py:107)
[2022-08-08 11:43:39] [    INFO] 选择点击：['xpath', "//li[@class='el-select-dropdown__item']//span[text()='A']"] (basics.py:188)
[2022-08-08 11:43:39] [    INFO] 筛选系列：A (DRPDataMgmt_ModelDatabase.py:361)
[2022-08-08 11:43:40] [    INFO] 查找元素：('xpath', "//label[@for='modelCode']/following-sibling::div//input[@placeholder='请输入关键字']") (basics.py:107)
[2022-08-08 11:43:40] [    INFO] 输入文本：S11 (basics.py:155)
[2022-08-08 11:43:42] [    INFO] 查找元素：['xpath', "//li[@class='el-select-dropdown__item']//span[text()='S11']"] (basics.py:107)
[2022-08-08 11:43:42] [    INFO] 选择点击：['xpath', "//li[@class='el-select-dropdown__item']//span[text()='S11']"] (basics.py:188)
[2022-08-08 11:43:42] [    INFO] 筛选项目名：S11 (DRPDataMgmt_ModelDatabase.py:367)
[2022-08-08 11:43:42] [    INFO] 查找元素：('xpath', "//label[@for='fstatus']/following-sibling::div//input[@placeholder='请选择']") (basics.py:107)
[2022-08-08 11:43:42] [    INFO] 点击元素：('xpath', "//label[@for='fstatus']/following-sibling::div//input[@placeholder='请选择']") (basics.py:191)
[2022-08-08 11:43:44] [    INFO] 查找元素：['xpath', "//div[@x-placement='bottom-start']//li[2]"] (basics.py:107)
[2022-08-08 11:45:46] [    INFO] 【DRP】项目【test】环境- UI自动化开始执行 (conftest.py:14)
[2022-08-08 11:45:46] [    INFO] 前置条件：传音统一登录开始 (conftest.py:18)
[2022-08-08 11:45:50] [    INFO] 打开网页：http://10.250.112.166:9000/# (basics.py:64)
[2022-08-08 11:45:50] [    INFO] 查找元素：('xpath', "//div[@role='button']") (basics.py:107)
[2022-08-08 11:45:50] [    INFO] 点击元素：('xpath', "//div[@role='button']") (basics.py:191)
[2022-08-08 11:45:55] [    INFO] 查找元素：['xpath', "//*[contains(@id,'dropdown-menu-')]//li[1]"] (basics.py:107)
[2022-08-08 11:45:56] [    INFO] 查找元素：('xpath', "//div[@role='button']") (basics.py:107)
[2022-08-08 11:45:56] [    INFO] 点击元素：('xpath', "//div[@role='button']") (basics.py:191)
[2022-08-08 11:45:56] [    INFO] 查找元素：('id', 'tab-account') (basics.py:107)
[2022-08-08 11:45:56] [    INFO] 点击元素：('id', 'tab-account') (basics.py:191)
[2022-08-08 11:45:57] [    INFO] 查找元素：('xpath', "//*[@id='pane-account']/form/div[1]/div/div[1]/input") (basics.py:107)
[2022-08-08 11:45:57] [    INFO] 输入文本：18649572 (basics.py:138)
[2022-08-08 11:45:59] [    INFO] 查找元素：('xpath', "//*[@id='pane-account']/form/div[2]/div/div[1]/input") (basics.py:107)
[2022-08-08 11:45:59] [    INFO] 输入文本：xLily6x (basics.py:138)
[2022-08-08 11:46:00] [    INFO] 查找元素：('xpath', "//*[@id='pane-account']/form/div[4]/label/span/span") (basics.py:107)
[2022-08-08 11:46:00] [    INFO] 获取状态：False (basics.py:307)
[2022-08-08 11:46:00] [    INFO] 查找元素：('xpath', "//*[@id='pane-account']/form/div[4]/label/span/span") (basics.py:107)
[2022-08-08 11:46:00] [    INFO] 点击元素：('xpath', "//*[@id='pane-account']/form/div[4]/label/span/span") (basics.py:191)
[2022-08-08 11:46:00] [    INFO] 查找元素：('xpath', "//*[@id='pane-account']/form/button") (basics.py:107)
[2022-08-08 11:46:01] [    INFO] 点击元素：('xpath', "//*[@id='pane-account']/form/button") (basics.py:191)
[2022-08-08 11:46:07] [    INFO] 断言成功：URL为预期一致 | URL: http://10.250.112.166:9000/#/dashboard (assert_ui.py:190)
[2022-08-08 11:46:07] [    INFO] 断言成功: 该内容存在数据列表中 | word:隆江 (assert_ui.py:294)
[2022-08-08 11:46:07] [    INFO] 前置条件：传音统一登录成功 (conftest.py:25)
[2022-08-08 11:46:07] [    INFO] 模块前置条件：前往“DRP数据管理-机型库”页面 (DRPDataMgmt_ModelDatabase.py:10)
[2022-08-08 11:46:07] [    INFO] 查找元素：('xpath', '//*[@id="app"]/div/div[1]/div[2]/div[1]/div/ul/div[9]/li/div/span') (basics.py:107)
[2022-08-08 11:46:07] [    INFO] 点击元素：('xpath', '//*[@id="app"]/div/div[1]/div[2]/div[1]/div/ul/div[9]/li/div/span') (basics.py:191)
[2022-08-08 11:46:08] [    INFO] 查找元素：('xpath', "//li[@role='menuitem']//span[contains(text(),'机型库')]") (basics.py:107)
[2022-08-08 11:46:08] [    INFO] 点击元素：('xpath', "//li[@role='menuitem']//span[contains(text(),'机型库')]") (basics.py:191)
[2022-08-08 11:46:10] [    INFO] 断言成功：URL为预期一致 | URL: http://10.250.112.166:9000/#/dataManage/modelLibrary (assert_ui.py:190)
[2022-08-08 11:46:12] [    INFO] 查找元素：['xpath', "//div[@class='wrapper-tabs']//span[contains(text(),'产品信息')]"] (basics.py:107)
[2022-08-08 11:46:13] [    INFO] 选择点击：['xpath', "//div[@class='wrapper-tabs']//span[contains(text(),'产品信息')]"] (basics.py:188)
[2022-08-08 11:46:13] [    INFO] 前往菜单产品信息 (DRPDataMgmt_ModelDatabase.py:19)
[2022-08-08 11:46:13] [    INFO] 查找元素：('xpath', "//div[@class='left-btn']//button[1]") (basics.py:107)
[2022-08-08 11:46:13] [    INFO] 获取文本：新 增 (basics.py:296)
[2022-08-08 11:46:13] [    INFO] 查找元素：('xpath', "//div[@class='btn-tool-info']//button[@type='button']//span[contains(text(),'筛选')]") (basics.py:107)
[2022-08-08 11:46:13] [    INFO] 点击元素：('xpath', "//div[@class='btn-tool-info']//button[@type='button']//span[contains(text(),'筛选')]") (basics.py:191)
[2022-08-08 11:46:13] [    INFO] 打开筛选框 (DRPDataMgmt_ModelDatabase.py:47)
[2022-08-08 11:46:13] [    INFO] 查找元素：('xpath', "//label[@for='brandCode']/following-sibling::div//input[@placeholder='请选择']") (basics.py:107)
[2022-08-08 11:46:13] [    INFO] 点击元素：('xpath', "//label[@for='brandCode']/following-sibling::div//input[@placeholder='请选择']") (basics.py:191)
[2022-08-08 11:46:16] [    INFO] 查找元素：['xpath', "//div[@x-placement='bottom-start']//li[2]"] (basics.py:107)
[2022-08-08 11:46:16] [    INFO] 选择点击：['xpath', "//div[@x-placement='bottom-start']//li[2]"] (basics.py:188)
[2022-08-08 11:46:16] [    INFO] 筛选品牌：itel (DRPDataMgmt_ModelDatabase.py:310)
[2022-08-08 11:46:16] [    INFO] 查找元素：('xpath', "//label[@for='seriesSenior']/following-sibling::div//input[@placeholder='请选择']") (basics.py:107)
[2022-08-08 11:46:16] [    INFO] 点击元素：('xpath', "//label[@for='seriesSenior']/following-sibling::div//input[@placeholder='请选择']") (basics.py:191)
[2022-08-08 11:46:18] [    INFO] 查找元素：['xpath', "//div[@x-placement='bottom-start']//li[2]"] (basics.py:107)
[2022-08-08 11:46:18] [    INFO] 选择点击：['xpath', "//div[@x-placement='bottom-start']//li[2]"] (basics.py:188)
[2022-08-08 11:46:18] [    INFO] 筛选大类粗：智能机 (DRPDataMgmt_ModelDatabase.py:321)
[2022-08-08 11:46:19] [    INFO] 查找元素：('xpath', "//label[@for='modelName']/following-sibling::div//input[@placeholder='请输入关键字']") (basics.py:107)
[2022-08-08 11:46:19] [    INFO] 输入文本：S11 64+4 (basics.py:155)
[2022-08-08 11:46:22] [    INFO] 查找元素：['xpath', "//li[@class='el-select-dropdown__item']//span[text()='S11 64+4']"] (basics.py:107)
[2022-08-08 11:46:22] [    INFO] 选择点击：['xpath', "//li[@class='el-select-dropdown__item']//span[text()='S11 64+4']"] (basics.py:188)
[2022-08-08 11:46:22] [    INFO] 筛选机型：S11 64+4 (DRPDataMgmt_ModelDatabase.py:349)
[2022-08-08 11:46:22] [    INFO] 查找元素：('xpath', "//label[@for='marketName']/following-sibling::div//input[@placeholder='请输入关键字']") (basics.py:107)
[2022-08-08 11:46:22] [    INFO] 输入文本：India (basics.py:155)
[2022-08-08 11:46:24] [    INFO] 查找元素：['xpath', "//li[@class='el-select-dropdown__item']//span[text()='India']"] (basics.py:107)
[2022-08-08 11:46:24] [    INFO] 选择点击：['xpath', "//li[@class='el-select-dropdown__item']//span[text()='India']"] (basics.py:188)
[2022-08-08 11:46:24] [    INFO] 筛选市场名：India (DRPDataMgmt_ModelDatabase.py:355)
[2022-08-08 11:46:25] [    INFO] 查找元素：('xpath', "//label[@for='projectSeries']/following-sibling::div//input[@placeholder='请输入关键字']") (basics.py:107)
[2022-08-08 11:46:25] [    INFO] 输入文本：A (basics.py:155)
[2022-08-08 11:46:27] [    INFO] 查找元素：['xpath', "//li[@class='el-select-dropdown__item']//span[text()='A']"] (basics.py:107)
[2022-08-08 11:46:27] [    INFO] 选择点击：['xpath', "//li[@class='el-select-dropdown__item']//span[text()='A']"] (basics.py:188)
[2022-08-08 11:46:27] [    INFO] 筛选系列：A (DRPDataMgmt_ModelDatabase.py:361)
[2022-08-08 11:46:28] [    INFO] 查找元素：('xpath', "//label[@for='modelCode']/following-sibling::div//input[@placeholder='请输入关键字']") (basics.py:107)
[2022-08-08 11:46:28] [    INFO] 输入文本：S11 (basics.py:155)
[2022-08-08 11:46:30] [    INFO] 查找元素：['xpath', "//li[@class='el-select-dropdown__item']//span[text()='S11']"] (basics.py:107)
[2022-08-08 11:46:30] [    INFO] 选择点击：['xpath', "//li[@class='el-select-dropdown__item']//span[text()='S11']"] (basics.py:188)
[2022-08-08 11:46:30] [    INFO] 筛选项目名：S11 (DRPDataMgmt_ModelDatabase.py:367)
[2022-08-08 11:46:30] [    INFO] 查找元素：('xpath', "//label[@for='fstatus']/following-sibling::div//input[@placeholder='请选择']") (basics.py:107)
[2022-08-08 11:46:30] [    INFO] 点击元素：('xpath', "//label[@for='fstatus']/following-sibling::div//input[@placeholder='请选择']") (basics.py:191)
[2022-08-08 11:46:32] [    INFO] 查找元素：['xpath', "//div[@x-placement='bottom-start']//li[2]"] (basics.py:107)
[2022-08-08 11:46:32] [    INFO] 选择点击：['xpath', "//div[@x-placement='bottom-start']//li[2]"] (basics.py:188)
[2022-08-08 11:46:32] [    INFO] 筛选状态：MP (DRPDataMgmt_ModelDatabase.py:383)
[2022-08-08 11:46:32] [    INFO] 查找元素：('xpath', "//label[@for='origin']/following-sibling::div//input[@placeholder='请选择']") (basics.py:107)
[2022-08-08 11:46:33] [    INFO] 点击元素：('xpath', "//label[@for='origin']/following-sibling::div//input[@placeholder='请选择']") (basics.py:191)
[2022-08-08 11:46:35] [    INFO] 查找元素：['xpath', "//div[@x-placement='bottom-start']//li[1]"] (basics.py:107)
[2022-08-08 11:46:35] [    INFO] 选择点击：['xpath', "//div[@x-placement='bottom-start']//li[1]"] (basics.py:188)
[2022-08-08 11:46:35] [    INFO] 筛选来源：数仓 (DRPDataMgmt_ModelDatabase.py:394)
[2022-08-08 11:46:35] [    INFO] 查找元素：('xpath', "//div[@class='el-form-item el-form-item--medium']//label[@for='supplyType']/following-sibling::div//input[@placeholder='请选择']") (basics.py:107)
[2022-08-08 11:46:35] [    INFO] 点击元素：('xpath', "//div[@class='el-form-item el-form-item--medium']//label[@for='supplyType']/following-sibling::div//input[@placeholder='请选择']") (basics.py:191)
[2022-08-08 11:46:38] [    INFO] 查找元素：['xpath', "//div[@x-placement='bottom-start']//li[1]"] (basics.py:107)
[2022-08-08 11:46:38] [    INFO] 选择点击：['xpath', "//div[@x-placement='bottom-start']//li[1]"] (basics.py:188)
[2022-08-08 11:46:38] [    INFO] 筛选供应类型：自研 (DRPDataMgmt_ModelDatabase.py:405)
[2022-08-08 11:46:38] [    INFO] 查找元素：('xpath', "//div[@class='screen-btns']//button//span[contains(text(),'查  询')]") (basics.py:107)
[2022-08-08 11:46:38] [    INFO] 点击元素：('xpath', "//div[@class='screen-btns']//button//span[contains(text(),'查  询')]") (basics.py:191)
[2022-08-08 11:46:39] [    INFO] 筛选查询 (DRPDataMgmt_ModelDatabase.py:410)
[2022-08-08 11:46:39] [    INFO] 查找元素：['xpath', "//div[2]//div[3]//table[@class='el-table__body']//tbody//tr//td[22]"] (basics.py:107)
[2022-08-08 11:46:39] [    INFO] 滚动条至：['xpath', "//div[2]//div[3]//table[@class='el-table__body']//tbody//tr//td[22]"] (basics.py:173)
[2022-08-08 11:46:39] [    INFO] 查找元素：['xpath', "//div[2]//div[3]//table[@class='el-table__body']//tbody//tr//td[22]"] (basics.py:118)
[2022-08-08 11:46:39] [    INFO] 获取表格搜索结果的所有信息文本['隆江'] (DRPDataMgmt_ModelDatabase.py:432)
[2022-08-08 11:46:39] [    INFO] 断言成功，选项值包含：('隆江',) (DRPDataMgmt_ModelDatabase.py:445)
[2022-08-08 11:46:39] [    INFO] 列表操作，前置条件过滤完成 (DRPDataMgmt_ModelDatabase.py:354)
[2022-08-08 11:46:39] [    INFO] 查找元素：['xpath', "//div[2]//div[3]//table[@class='el-table__body']//tbody//tr//td[22]"] (basics.py:118)
[2022-08-08 11:46:39] [    INFO] 查找元素：['xpath', "//div[2]//div[3]//table[@class='el-table__body']//tbody//tr[1]//td[24]//button[1]"] (basics.py:103)
