[2022-08-11 13:33:29] [    INFO] 【SRM】项目【test】环境- UI自动化开始执行 (conftest.py:17)
[2022-08-11 13:33:29] [    INFO] 前置条件：传音统一登录开始 (conftest.py:22)
[2022-08-11 13:33:30] [    INFO] 打开网页：http://sitsrm.transsion.com/ELSServer_CY/login/login.html (basics.py:64)
[2022-08-11 13:33:31] [    INFO] 查找元素：('xpath', '//input[@id="elsAccount"]') (basics.py:107)
[2022-08-11 13:33:31] [    INFO] 输入文本：860000 (basics.py:138)
[2022-08-11 13:33:31] [    INFO] 查找元素：('xpath', '//input[@id="elsSubAccount"]') (basics.py:107)
[2022-08-11 13:33:31] [    INFO] 输入文本：1001 (basics.py:138)
[2022-08-11 13:33:32] [    INFO] 查找元素：('xpath', '//input[@type="password"]') (basics.py:107)
[2022-08-11 13:33:32] [    INFO] 输入文本：1qaz@WSX (basics.py:138)
[2022-08-11 13:33:32] [    INFO] 查找元素：('xpath', '//input[@id="identifyCode"]') (basics.py:107)
[2022-08-11 13:33:32] [    INFO] 点击元素：('xpath', '//input[@id="identifyCode"]') (basics.py:191)
[2022-08-11 13:33:33] [    INFO] 查找元素：('xpath', '//img[@id="code"]') (basics.py:107)
[2022-08-11 13:33:34] [    INFO] 查找元素：('xpath', '//input[@id="identifyCode"]') (basics.py:107)
[2022-08-11 13:33:34] [    INFO] 输入文本：6753 (basics.py:138)
[2022-08-11 13:33:34] [    INFO] 查找元素：('xpath', '//button[@id="submit_btn"]') (basics.py:107)
[2022-08-11 13:33:34] [    INFO] 点击元素：('xpath', '//button[@id="submit_btn"]') (basics.py:191)
[2022-08-11 13:33:35] [    INFO] 断言成功：URL为预期一致 | URL: http://sitsrm.transsion.com/ELSServer_CY/default.jsp?account=860000_1001 (assert_ui.py:190)
[2022-08-11 13:33:35] [    INFO] 前置条件：传音统一登录成功 (conftest.py:31)
[2022-08-11 13:33:35] [    INFO] 查找元素：('xpath', '//div[@id="supplierPerformanceAppraisal"]') (basics.py:107)
[2022-08-11 13:33:36] [    INFO] 点击元素：('xpath', '//div[@id="supplierPerformanceAppraisal"]') (basics.py:191)
[2022-08-11 13:33:36] [    INFO] 查找元素：('xpath', '//div[@class="winTitle"]/span[text()="供应商绩效考核 "]') (basics.py:107)
[2022-08-11 13:33:36] [    INFO] 查找元素：('xpath', '//iframe[@class="iframeApp"]') (basics.py:107)
[2022-08-11 13:33:37] [    INFO] 查找元素：('xpath', '//a[@data-name="evaluateSupplyCategoryConfigurationManager"]//span') (basics.py:107)
[2022-08-11 13:33:37] [    INFO] 点击元素：('xpath', '//a[@data-name="evaluateSupplyCategoryConfigurationManager"]//span') (basics.py:191)
[2022-08-11 13:33:38] [    INFO] 查找元素：('xpath', '//a[@title=" 评估代码供货品类配置"]/span') (basics.py:107)
[2022-08-11 13:33:38] [    INFO] 查找元素：('xpath', '//iframe[@id="tab-iframe-evaluateSupplyCategoryConfigurationManager"]') (basics.py:107)
[2022-08-11 13:33:38] [    INFO] 查找元素：('xpath', '//li[@id="create"]/a') (basics.py:107)
[2022-08-11 13:33:38] [    INFO] 点击元素：('xpath', '//li[@id="create"]/a') (basics.py:191)
[2022-08-11 13:33:39] [    INFO] 查找元素：('xpath', '//iframe[@id="tab-iframe-evaluateSupplyCategoryConfigurationManager"]') (basics.py:107)
[2022-08-11 13:34:00] [    INFO] 查找元素：('xpath', '//iframe[@id="tab-iframe-evaluateSupplyCategoryConfigurationManager"]') (basics.py:107)
[2022-08-11 13:37:28] [    INFO] 【SRM】项目【test】环境- UI自动化开始执行 (conftest.py:17)
[2022-08-11 13:37:28] [    INFO] 前置条件：传音统一登录开始 (conftest.py:22)
[2022-08-11 13:37:29] [    INFO] 打开网页：http://sitsrm.transsion.com/ELSServer_CY/login/login.html (basics.py:64)
[2022-08-11 13:37:30] [    INFO] 查找元素：('xpath', '//input[@id="elsAccount"]') (basics.py:107)
[2022-08-11 13:37:30] [    INFO] 输入文本：860000 (basics.py:138)
[2022-08-11 13:37:30] [    INFO] 查找元素：('xpath', '//input[@id="elsSubAccount"]') (basics.py:107)
[2022-08-11 13:37:30] [    INFO] 输入文本：1001 (basics.py:138)
[2022-08-11 13:37:31] [    INFO] 查找元素：('xpath', '//input[@type="password"]') (basics.py:107)
[2022-08-11 13:37:31] [    INFO] 输入文本：1qaz@WSX (basics.py:138)
[2022-08-11 13:37:31] [    INFO] 查找元素：('xpath', '//input[@id="identifyCode"]') (basics.py:107)
[2022-08-11 13:37:31] [    INFO] 点击元素：('xpath', '//input[@id="identifyCode"]') (basics.py:191)
[2022-08-11 13:37:32] [    INFO] 查找元素：('xpath', '//img[@id="code"]') (basics.py:107)
[2022-08-11 13:37:33] [    INFO] 查找元素：('xpath', '//input[@id="identifyCode"]') (basics.py:107)
[2022-08-11 13:37:33] [    INFO] 输入文本：5389 (basics.py:138)
[2022-08-11 13:37:33] [    INFO] 查找元素：('xpath', '//button[@id="submit_btn"]') (basics.py:107)
[2022-08-11 13:37:34] [    INFO] 点击元素：('xpath', '//button[@id="submit_btn"]') (basics.py:191)
[2022-08-11 13:37:34] [    INFO] 断言成功：URL为预期一致 | URL: http://sitsrm.transsion.com/ELSServer_CY/default.jsp?account=860000_1001 (assert_ui.py:190)
[2022-08-11 13:37:34] [    INFO] 前置条件：传音统一登录成功 (conftest.py:31)
[2022-08-11 13:37:34] [    INFO] 查找元素：('xpath', '//div[@id="supplierPerformanceAppraisal"]') (basics.py:107)
[2022-08-11 13:37:35] [    INFO] 点击元素：('xpath', '//div[@id="supplierPerformanceAppraisal"]') (basics.py:191)
[2022-08-11 13:37:35] [    INFO] 查找元素：('xpath', '//div[@class="winTitle"]/span[text()="供应商绩效考核 "]') (basics.py:107)
[2022-08-11 13:37:35] [    INFO] 查找元素：('xpath', '//iframe[@class="iframeApp"]') (basics.py:107)
[2022-08-11 13:37:36] [    INFO] 查找元素：('xpath', '//a[@data-name="evaluateSupplyCategoryConfigurationManager"]//span') (basics.py:107)
[2022-08-11 13:37:36] [    INFO] 点击元素：('xpath', '//a[@data-name="evaluateSupplyCategoryConfigurationManager"]//span') (basics.py:191)
[2022-08-11 13:37:37] [    INFO] 查找元素：('xpath', '//a[@title=" 评估代码供货品类配置"]/span') (basics.py:107)
[2022-08-11 13:37:37] [    INFO] 查找元素：('xpath', '//iframe[@id="tab-iframe-evaluateSupplyCategoryConfigurationManager"]') (basics.py:107)
[2022-08-11 13:37:37] [    INFO] 查找元素：('xpath', '//li[@id="create"]/a') (basics.py:107)
[2022-08-11 13:37:37] [    INFO] 点击元素：('xpath', '//li[@id="create"]/a') (basics.py:191)
[2022-08-11 13:37:38] [    INFO] 查找元素：('xpath', '//iframe[@id="tab-iframe-evaluateSupplyCategoryConfigurationManager"]') (basics.py:107)
[2022-08-11 13:37:59] [    INFO] 查找元素：('xpath', '//iframe[@id="tab-iframe-evaluateSupplyCategoryConfigurationManager"]') (basics.py:107)
[2022-08-11 13:54:19] [    INFO] 【SRM】项目【test】环境- UI自动化开始执行 (conftest.py:17)
[2022-08-11 13:54:19] [    INFO] 前置条件：传音统一登录开始 (conftest.py:22)
[2022-08-11 13:54:20] [    INFO] 打开网页：http://sitsrm.transsion.com/ELSServer_CY/login/login.html (basics.py:64)
[2022-08-11 13:54:20] [    INFO] 查找元素：('xpath', '//input[@id="elsAccount"]') (basics.py:107)
[2022-08-11 13:54:20] [    INFO] 输入文本：860000 (basics.py:138)
[2022-08-11 13:54:21] [    INFO] 查找元素：('xpath', '//input[@id="elsSubAccount"]') (basics.py:107)
[2022-08-11 13:54:21] [    INFO] 输入文本：1001 (basics.py:138)
[2022-08-11 13:54:21] [    INFO] 查找元素：('xpath', '//input[@type="password"]') (basics.py:107)
[2022-08-11 13:54:22] [    INFO] 输入文本：1qaz@WSX (basics.py:138)
[2022-08-11 13:54:22] [    INFO] 查找元素：('xpath', '//input[@id="identifyCode"]') (basics.py:107)
[2022-08-11 13:54:22] [    INFO] 点击元素：('xpath', '//input[@id="identifyCode"]') (basics.py:191)
[2022-08-11 13:54:23] [    INFO] 查找元素：('xpath', '//img[@id="code"]') (basics.py:107)
[2022-08-11 13:54:24] [    INFO] 查找元素：('xpath', '//input[@id="identifyCode"]') (basics.py:107)
[2022-08-11 13:54:24] [    INFO] 输入文本：8886 (basics.py:138)
[2022-08-11 13:54:24] [    INFO] 查找元素：('xpath', '//button[@id="submit_btn"]') (basics.py:107)
[2022-08-11 13:54:24] [    INFO] 点击元素：('xpath', '//button[@id="submit_btn"]') (basics.py:191)
[2022-08-11 13:54:25] [    INFO] 断言成功：URL为预期一致 | URL: http://sitsrm.transsion.com/ELSServer_CY/default.jsp?account=860000_1001 (assert_ui.py:190)
[2022-08-11 13:54:25] [    INFO] 前置条件：传音统一登录成功 (conftest.py:31)
[2022-08-11 13:54:25] [    INFO] 查找元素：('xpath', '//div[@id="supplierPerformanceAppraisal"]') (basics.py:107)
[2022-08-11 13:54:26] [    INFO] 点击元素：('xpath', '//div[@id="supplierPerformanceAppraisal"]') (basics.py:191)
[2022-08-11 13:54:26] [    INFO] 查找元素：('xpath', '//div[@class="winTitle"]/span[text()="供应商绩效考核 "]') (basics.py:107)
[2022-08-11 13:54:26] [    INFO] 查找元素：('xpath', '//iframe[@class="iframeApp"]') (basics.py:107)
[2022-08-11 13:54:26] [    INFO] 查找元素：('xpath', '//a[@data-name="evaluateSupplyCategoryConfigurationManager"]//span') (basics.py:107)
[2022-08-11 13:54:27] [    INFO] 点击元素：('xpath', '//a[@data-name="evaluateSupplyCategoryConfigurationManager"]//span') (basics.py:191)
[2022-08-11 13:54:27] [    INFO] 查找元素：('xpath', '//a[@title=" 评估代码供货品类配置"]/span') (basics.py:107)
[2022-08-11 13:54:27] [    INFO] 查找元素：('xpath', '//iframe[@id="tab-iframe-evaluateSupplyCategoryConfigurationManager"]') (basics.py:107)
[2022-08-11 13:54:27] [    INFO] 查找元素：('xpath', '//li[@id="create"]/a') (basics.py:107)
[2022-08-11 13:54:28] [    INFO] 点击元素：('xpath', '//li[@id="create"]/a') (basics.py:191)
[2022-08-11 13:54:28] [    INFO] 查找元素：('xpath', '//div[@id="btnAddClose"]') (basics.py:107)
[2022-08-11 13:54:28] [    INFO] 点击元素：('xpath', '//div[@id="btnAddClose"]') (basics.py:191)
[2022-08-11 13:54:29] [    INFO] 查找元素：('xpath', '//iframe[@id="tab-iframe-evaluateSupplyCategoryConfigurationManager"]') (basics.py:107)
[2022-08-11 13:56:04] [    INFO] 【SRM】项目【test】环境- UI自动化开始执行 (conftest.py:17)
[2022-08-11 13:56:04] [    INFO] 前置条件：传音统一登录开始 (conftest.py:22)
[2022-08-11 13:56:04] [    INFO] 打开网页：http://sitsrm.transsion.com/ELSServer_CY/login/login.html (basics.py:64)
[2022-08-11 13:56:05] [    INFO] 查找元素：('xpath', '//input[@id="elsAccount"]') (basics.py:107)
[2022-08-11 13:56:05] [    INFO] 输入文本：860000 (basics.py:138)
[2022-08-11 13:56:05] [    INFO] 查找元素：('xpath', '//input[@id="elsSubAccount"]') (basics.py:107)
[2022-08-11 13:56:06] [    INFO] 输入文本：1001 (basics.py:138)
[2022-08-11 13:56:06] [    INFO] 查找元素：('xpath', '//input[@type="password"]') (basics.py:107)
[2022-08-11 13:56:06] [    INFO] 输入文本：1qaz@WSX (basics.py:138)
[2022-08-11 13:56:06] [    INFO] 查找元素：('xpath', '//input[@id="identifyCode"]') (basics.py:107)
[2022-08-11 13:56:06] [    INFO] 点击元素：('xpath', '//input[@id="identifyCode"]') (basics.py:191)
[2022-08-11 13:56:07] [    INFO] 查找元素：('xpath', '//img[@id="code"]') (basics.py:107)
[2022-08-11 13:56:09] [    INFO] 查找元素：('xpath', '//input[@id="identifyCode"]') (basics.py:107)
[2022-08-11 13:56:09] [    INFO] 输入文本：8018 (basics.py:138)
[2022-08-11 13:56:09] [    INFO] 查找元素：('xpath', '//button[@id="submit_btn"]') (basics.py:107)
[2022-08-11 13:56:09] [    INFO] 点击元素：('xpath', '//button[@id="submit_btn"]') (basics.py:191)
[2022-08-11 13:56:10] [    INFO] 断言成功：URL为预期一致 | URL: http://sitsrm.transsion.com/ELSServer_CY/default.jsp?account=860000_1001 (assert_ui.py:190)
[2022-08-11 13:56:10] [    INFO] 前置条件：传音统一登录成功 (conftest.py:31)
[2022-08-11 13:56:10] [    INFO] 查找元素：('xpath', '//div[@id="supplierPerformanceAppraisal"]') (basics.py:107)
[2022-08-11 13:56:10] [    INFO] 点击元素：('xpath', '//div[@id="supplierPerformanceAppraisal"]') (basics.py:191)
[2022-08-11 13:56:11] [    INFO] 查找元素：('xpath', '//div[@class="winTitle"]/span[text()="供应商绩效考核 "]') (basics.py:107)
[2022-08-11 13:56:11] [    INFO] 查找元素：('xpath', '//iframe[@class="iframeApp"]') (basics.py:107)
[2022-08-11 13:56:12] [    INFO] 查找元素：('xpath', '//a[@data-name="evaluateSupplyCategoryConfigurationManager"]//span') (basics.py:107)
[2022-08-11 13:56:12] [    INFO] 点击元素：('xpath', '//a[@data-name="evaluateSupplyCategoryConfigurationManager"]//span') (basics.py:191)
[2022-08-11 13:56:12] [    INFO] 查找元素：('xpath', '//a[@title=" 评估代码供货品类配置"]/span') (basics.py:107)
[2022-08-11 13:56:13] [    INFO] 查找元素：('xpath', '//iframe[@id="tab-iframe-evaluateSupplyCategoryConfigurationManager"]') (basics.py:107)
[2022-08-11 13:56:13] [    INFO] 查找元素：('xpath', '//li[@id="create"]/a') (basics.py:107)
[2022-08-11 13:56:13] [    INFO] 点击元素：('xpath', '//li[@id="create"]/a') (basics.py:191)
[2022-08-11 13:56:13] [    INFO] 查找元素：('xpath', '//div[@id="btnAddClose"]') (basics.py:107)
[2022-08-11 13:56:14] [    INFO] 点击元素：('xpath', '//div[@id="btnAddClose"]') (basics.py:191)
[2022-08-11 13:56:14] [    INFO] 查找元素：('xpath', '//li[@id="create"]/a') (basics.py:107)
[2022-08-11 13:56:14] [    INFO] 点击元素：('xpath', '//li[@id="create"]/a') (basics.py:191)
[2022-08-11 13:56:15] [    INFO] 查找元素：('xpath', '//button[@id="btnAddCancel"]') (basics.py:107)
[2022-08-11 13:56:15] [    INFO] 点击元素：('xpath', '//button[@id="btnAddCancel"]') (basics.py:191)
