[2022-08-10 14:13:22] [    INFO] 【DRP】项目【test】环境- UI自动化开始执行 (conftest.py:14)
[2022-08-10 14:13:22] [    INFO] 前置条件：传音统一登录开始 (conftest.py:18)
[2022-08-10 14:13:25] [    INFO] 打开网页：http://10.250.112.166:9000/# (basics.py:64)
[2022-08-10 14:13:25] [    INFO] 查找元素：('xpath', "//div[@role='button']") (basics.py:107)
[2022-08-10 14:13:25] [    INFO] 点击元素：('xpath', "//div[@role='button']") (basics.py:191)
[2022-08-10 14:13:30] [    INFO] 查找元素：['xpath', "//*[contains(@id,'dropdown-menu-')]//li[1]"] (basics.py:107)
[2022-08-10 14:13:31] [    INFO] 查找元素：('xpath', "//div[@role='button']") (basics.py:107)
[2022-08-10 14:13:31] [    INFO] 点击元素：('xpath', "//div[@role='button']") (basics.py:191)
[2022-08-10 14:13:31] [    INFO] 查找元素：('id', 'tab-account') (basics.py:107)
[2022-08-10 14:13:32] [    INFO] 点击元素：('id', 'tab-account') (basics.py:191)
[2022-08-10 14:13:33] [    INFO] 查找元素：('xpath', "//*[@id='pane-account']/form/div[1]/div/div[1]/input") (basics.py:107)
[2022-08-10 14:13:33] [    INFO] 输入文本：18649572 (basics.py:138)
[2022-08-10 14:13:34] [    INFO] 查找元素：('xpath', "//*[@id='pane-account']/form/div[2]/div/div[1]/input") (basics.py:107)
[2022-08-10 14:13:34] [    INFO] 输入文本：xLily6x (basics.py:138)
[2022-08-10 14:13:35] [    INFO] 查找元素：('xpath', "//*[@id='pane-account']/form/div[4]/label/span/span") (basics.py:107)
[2022-08-10 14:13:35] [    INFO] 获取状态：False (basics.py:313)
[2022-08-10 14:13:35] [    INFO] 查找元素：('xpath', "//*[@id='pane-account']/form/div[4]/label/span/span") (basics.py:107)
[2022-08-10 14:13:35] [    INFO] 点击元素：('xpath', "//*[@id='pane-account']/form/div[4]/label/span/span") (basics.py:191)
[2022-08-10 14:13:36] [    INFO] 查找元素：('xpath', "//*[@id='pane-account']/form/button") (basics.py:107)
[2022-08-10 14:13:36] [    INFO] 点击元素：('xpath', "//*[@id='pane-account']/form/button") (basics.py:191)
[2022-08-10 14:13:42] [    INFO] 断言成功：URL为预期一致 | URL: http://10.250.112.166:9000/#/dashboard (assert_ui.py:190)
[2022-08-10 14:13:43] [    INFO] 断言成功: 该内容存在数据列表中 | word:隆江 (assert_ui.py:294)
[2022-08-10 14:13:43] [    INFO] 前置条件：传音统一登录成功 (conftest.py:25)
[2022-08-10 14:13:43] [    INFO] 模块前置条件：前往“DRP数据管理-机型库”页面 (DRPDataMgmt_ModelDatabase.py:10)
[2022-08-10 14:13:43] [    INFO] 查找元素：('xpath', '//*[@id="app"]/div/div[1]/div[2]/div[1]/div/ul/div[9]/li/div/span') (basics.py:107)
[2022-08-10 14:13:43] [    INFO] 点击元素：('xpath', '//*[@id="app"]/div/div[1]/div[2]/div[1]/div/ul/div[9]/li/div/span') (basics.py:191)
[2022-08-10 14:13:43] [    INFO] 查找元素：('xpath', "//li[@role='menuitem']//span[contains(text(),'机型库')]") (basics.py:107)
[2022-08-10 14:13:43] [    INFO] 点击元素：('xpath', "//li[@role='menuitem']//span[contains(text(),'机型库')]") (basics.py:191)
[2022-08-10 14:13:46] [    INFO] 断言成功：URL为预期一致 | URL: http://10.250.112.166:9000/#/dataManage/modelLibrary (assert_ui.py:190)
[2022-08-10 14:13:48] [    INFO] 查找元素：['xpath', "//div[@class='wrapper-tabs']//span[contains(text(),'产品信息')]"] (basics.py:107)
[2022-08-10 14:13:48] [    INFO] 选择点击：['xpath', "//div[@class='wrapper-tabs']//span[contains(text(),'产品信息')]"] (basics.py:188)
[2022-08-10 14:13:49] [    INFO] 前往菜单产品信息 (DRPDataMgmt_ModelDatabase.py:20)
[2022-08-10 14:13:49] [    INFO] 查找元素：('xpath', "//div[@class='left-btn']//button[1]") (basics.py:107)
[2022-08-10 14:13:49] [    INFO] 获取文本：新 增 (basics.py:302)
[2022-08-10 14:13:49] [    INFO] 查找元素：('xpath', "//div[@class='btn-tool-info']//button[@type='button']//span[contains(text(),'新 增')]") (basics.py:107)
[2022-08-10 14:13:49] [    INFO] 查找元素：['x', 'p'] (basics.py:103)
[2022-08-10 14:17:22] [    INFO] 【DRP】项目【test】环境- UI自动化开始执行 (conftest.py:14)
[2022-08-10 14:17:22] [    INFO] 前置条件：传音统一登录开始 (conftest.py:18)
[2022-08-10 14:17:25] [    INFO] 打开网页：http://10.250.112.166:9000/# (basics.py:64)
[2022-08-10 14:17:25] [    INFO] 查找元素：('xpath', "//div[@role='button']") (basics.py:107)
[2022-08-10 14:17:25] [    INFO] 点击元素：('xpath', "//div[@role='button']") (basics.py:191)
[2022-08-10 14:17:30] [    INFO] 查找元素：['xpath', "//*[contains(@id,'dropdown-menu-')]//li[1]"] (basics.py:107)
[2022-08-10 14:17:31] [    INFO] 查找元素：('xpath', "//div[@role='button']") (basics.py:107)
[2022-08-10 14:17:31] [    INFO] 点击元素：('xpath', "//div[@role='button']") (basics.py:191)
[2022-08-10 14:17:32] [    INFO] 查找元素：('id', 'tab-account') (basics.py:107)
[2022-08-10 14:17:32] [    INFO] 点击元素：('id', 'tab-account') (basics.py:191)
[2022-08-10 14:17:33] [    INFO] 查找元素：('xpath', "//*[@id='pane-account']/form/div[1]/div/div[1]/input") (basics.py:107)
[2022-08-10 14:17:33] [    INFO] 输入文本：18649572 (basics.py:138)
[2022-08-10 14:17:34] [    INFO] 查找元素：('xpath', "//*[@id='pane-account']/form/div[2]/div/div[1]/input") (basics.py:107)
[2022-08-10 14:17:34] [    INFO] 输入文本：xLily6x (basics.py:138)
[2022-08-10 14:17:35] [    INFO] 查找元素：('xpath', "//*[@id='pane-account']/form/div[4]/label/span/span") (basics.py:107)
[2022-08-10 14:17:35] [    INFO] 获取状态：False (basics.py:313)
[2022-08-10 14:17:35] [    INFO] 查找元素：('xpath', "//*[@id='pane-account']/form/div[4]/label/span/span") (basics.py:107)
[2022-08-10 14:17:35] [    INFO] 点击元素：('xpath', "//*[@id='pane-account']/form/div[4]/label/span/span") (basics.py:191)
[2022-08-10 14:17:36] [    INFO] 查找元素：('xpath', "//*[@id='pane-account']/form/button") (basics.py:107)
[2022-08-10 14:17:36] [    INFO] 点击元素：('xpath', "//*[@id='pane-account']/form/button") (basics.py:191)
[2022-08-10 14:17:42] [    INFO] 断言成功：URL为预期一致 | URL: http://10.250.112.166:9000/#/dashboard (assert_ui.py:190)
[2022-08-10 14:17:43] [    INFO] 断言成功: 该内容存在数据列表中 | word:隆江 (assert_ui.py:294)
[2022-08-10 14:17:43] [    INFO] 前置条件：传音统一登录成功 (conftest.py:25)
[2022-08-10 14:17:43] [    INFO] 模块前置条件：前往“DRP数据管理-机型库”页面 (DRPDataMgmt_ModelDatabase.py:10)
[2022-08-10 14:17:43] [    INFO] 查找元素：('xpath', '//*[@id="app"]/div/div[1]/div[2]/div[1]/div/ul/div[9]/li/div/span') (basics.py:107)
[2022-08-10 14:17:43] [    INFO] 点击元素：('xpath', '//*[@id="app"]/div/div[1]/div[2]/div[1]/div/ul/div[9]/li/div/span') (basics.py:191)
[2022-08-10 14:17:43] [    INFO] 查找元素：('xpath', "//li[@role='menuitem']//span[contains(text(),'机型库')]") (basics.py:107)
[2022-08-10 14:17:43] [    INFO] 点击元素：('xpath', "//li[@role='menuitem']//span[contains(text(),'机型库')]") (basics.py:191)
[2022-08-10 14:17:46] [    INFO] 断言成功：URL为预期一致 | URL: http://10.250.112.166:9000/#/dataManage/modelLibrary (assert_ui.py:190)
[2022-08-10 14:17:48] [    INFO] 查找元素：['xpath', "//div[@class='wrapper-tabs']//span[contains(text(),'产品信息')]"] (basics.py:107)
[2022-08-10 14:17:48] [    INFO] 选择点击：['xpath', "//div[@class='wrapper-tabs']//span[contains(text(),'产品信息')]"] (basics.py:188)
[2022-08-10 14:17:48] [    INFO] 前往菜单产品信息 (DRPDataMgmt_ModelDatabase.py:20)
[2022-08-10 14:17:48] [    INFO] 查找元素：('xpath', "//div[@class='left-btn']//button[1]") (basics.py:107)
[2022-08-10 14:17:48] [    INFO] 获取文本：新 增 (basics.py:302)
[2022-08-10 14:20:08] [    INFO] 【DRP】项目【test】环境- UI自动化开始执行 (conftest.py:14)
[2022-08-10 14:20:08] [    INFO] 前置条件：传音统一登录开始 (conftest.py:18)
[2022-08-10 14:20:12] [    INFO] 打开网页：http://10.250.112.166:9000/# (basics.py:64)
[2022-08-10 14:20:12] [    INFO] 查找元素：('xpath', "//div[@role='button']") (basics.py:107)
[2022-08-10 14:20:12] [    INFO] 点击元素：('xpath', "//div[@role='button']") (basics.py:191)
[2022-08-10 14:20:16] [    INFO] 查找元素：['xpath', "//*[contains(@id,'dropdown-menu-')]//li[1]"] (basics.py:107)
[2022-08-10 14:20:17] [    INFO] 查找元素：('xpath', "//div[@role='button']") (basics.py:107)
[2022-08-10 14:20:17] [    INFO] 点击元素：('xpath', "//div[@role='button']") (basics.py:191)
[2022-08-10 14:20:18] [    INFO] 查找元素：('id', 'tab-account') (basics.py:107)
[2022-08-10 14:20:18] [    INFO] 点击元素：('id', 'tab-account') (basics.py:191)
[2022-08-10 14:20:19] [    INFO] 查找元素：('xpath', "//*[@id='pane-account']/form/div[1]/div/div[1]/input") (basics.py:107)
[2022-08-10 14:20:19] [    INFO] 输入文本：18649572 (basics.py:138)
[2022-08-10 14:20:20] [    INFO] 查找元素：('xpath', "//*[@id='pane-account']/form/div[2]/div/div[1]/input") (basics.py:107)
[2022-08-10 14:20:21] [    INFO] 输入文本：xLily6x (basics.py:138)
[2022-08-10 14:20:22] [    INFO] 查找元素：('xpath', "//*[@id='pane-account']/form/div[4]/label/span/span") (basics.py:107)
[2022-08-10 14:20:22] [    INFO] 获取状态：False (basics.py:313)
[2022-08-10 14:20:22] [    INFO] 查找元素：('xpath', "//*[@id='pane-account']/form/div[4]/label/span/span") (basics.py:107)
[2022-08-10 14:20:22] [    INFO] 点击元素：('xpath', "//*[@id='pane-account']/form/div[4]/label/span/span") (basics.py:191)
[2022-08-10 14:20:22] [    INFO] 查找元素：('xpath', "//*[@id='pane-account']/form/button") (basics.py:107)
[2022-08-10 14:20:22] [    INFO] 点击元素：('xpath', "//*[@id='pane-account']/form/button") (basics.py:191)
[2022-08-10 14:20:29] [    INFO] 断言成功：URL为预期一致 | URL: http://10.250.112.166:9000/#/dashboard (assert_ui.py:190)
[2022-08-10 14:20:29] [    INFO] 断言成功: 该内容存在数据列表中 | word:隆江 (assert_ui.py:294)
[2022-08-10 14:20:29] [    INFO] 前置条件：传音统一登录成功 (conftest.py:25)
[2022-08-10 14:20:29] [    INFO] 模块前置条件：前往“DRP数据管理-机型库”页面 (DRPDataMgmt_ModelDatabase.py:10)
[2022-08-10 14:20:29] [    INFO] 查找元素：('xpath', '//*[@id="app"]/div/div[1]/div[2]/div[1]/div/ul/div[9]/li/div/span') (basics.py:107)
[2022-08-10 14:20:29] [    INFO] 点击元素：('xpath', '//*[@id="app"]/div/div[1]/div[2]/div[1]/div/ul/div[9]/li/div/span') (basics.py:191)
[2022-08-10 14:20:30] [    INFO] 查找元素：('xpath', "//li[@role='menuitem']//span[contains(text(),'机型库')]") (basics.py:107)
[2022-08-10 14:20:30] [    INFO] 点击元素：('xpath', "//li[@role='menuitem']//span[contains(text(),'机型库')]") (basics.py:191)
[2022-08-10 14:20:32] [    INFO] 断言成功：URL为预期一致 | URL: http://10.250.112.166:9000/#/dataManage/modelLibrary (assert_ui.py:190)
[2022-08-10 14:20:34] [    INFO] 查找元素：['xpath', "//div[@class='wrapper-tabs']//span[contains(text(),'产品信息')]"] (basics.py:107)
[2022-08-10 14:20:34] [    INFO] 选择点击：['xpath', "//div[@class='wrapper-tabs']//span[contains(text(),'产品信息')]"] (basics.py:188)
[2022-08-10 14:20:34] [    INFO] 前往菜单产品信息 (DRPDataMgmt_ModelDatabase.py:20)
[2022-08-10 14:20:34] [    INFO] 查找元素：('xpath', "//div[@class='left-btn']//button[1]") (basics.py:107)
[2022-08-10 14:20:34] [    INFO] 获取文本：新 增 (basics.py:302)
[2022-08-10 14:20:34] [    INFO] 查找元素：('xpath', "//div[@class='btn-tool-info']//button[@type='button']//span[contains(text(),'新 增')]") (basics.py:107)
[2022-08-10 14:20:34] [    INFO] 点击元素：('xpath', "//div[@class='btn-tool-info']//button[@type='button']//span[contains(text(),'新 增')]") (basics.py:191)
[2022-08-10 14:20:35] [    INFO] 打开新增弹窗 (DRPDataMgmt_ModelDatabase.py:31)
[2022-08-10 14:20:35] [    INFO] 查找元素：('xpath', "//div[@class='el-form-item is-required el-form-item--medium']//label[contains(text(),'来源')]/following-sibling::div//input[@placeholder='请选择']") (basics.py:107)
[2022-08-10 14:20:35] [    INFO] 点击元素：('xpath', "//div[@class='el-form-item is-required el-form-item--medium']//label[contains(text(),'来源')]/following-sibling::div//input[@placeholder='请选择']") (basics.py:191)
[2022-08-10 14:20:38] [    INFO] 查找元素：['xpath', "//div[@x-placement='bottom-start']//li[1]"] (basics.py:107)
[2022-08-10 14:20:38] [    INFO] 选择点击：['xpath', "//div[@x-placement='bottom-start']//li[1]"] (basics.py:188)
[2022-08-10 14:20:38] [    INFO] 新增机型来源：数仓 (DRPDataMgmt_ModelDatabase.py:81)
[2022-08-10 14:20:38] [    INFO] 查找元素：('xpath', "//div[@class='el-form-item is-required el-form-item--medium']//label[contains(text(),'供应类型')]/following-sibling::div//input[@placeholder='请选择']") (basics.py:107)
[2022-08-10 14:20:38] [    INFO] 点击元素：('xpath', "//div[@class='el-form-item is-required el-form-item--medium']//label[contains(text(),'供应类型')]/following-sibling::div//input[@placeholder='请选择']") (basics.py:191)
[2022-08-10 14:20:40] [    INFO] 查找元素：['xpath', "//div[@x-placement='bottom-start']//li[1]"] (basics.py:107)
[2022-08-10 14:20:40] [    INFO] 选择点击：['xpath', "//div[@x-placement='bottom-start']//li[1]"] (basics.py:188)
[2022-08-10 14:20:40] [    INFO] 供应商类型：自研 (DRPDataMgmt_ModelDatabase.py:93)
[2022-08-10 14:20:40] [    INFO] 查找元素：('xpath', "//div[@class='el-form-item is-required el-form-item--medium']//label[contains(text(),'品牌')]/following-sibling::div//input[@placeholder='请选择']") (basics.py:107)
[2022-08-10 14:20:40] [    INFO] 点击元素：('xpath', "//div[@class='el-form-item is-required el-form-item--medium']//label[contains(text(),'品牌')]/following-sibling::div//input[@placeholder='请选择']") (basics.py:191)
[2022-08-10 14:20:43] [    INFO] 查找元素：['xpath', "//div[@x-placement='bottom-start']//li[2]"] (basics.py:107)
[2022-08-10 14:20:43] [    INFO] 选择点击：['xpath', "//div[@x-placement='bottom-start']//li[2]"] (basics.py:188)
[2022-08-10 14:20:43] [    INFO] 品牌：itel (DRPDataMgmt_ModelDatabase.py:106)
[2022-08-10 14:20:43] [    INFO] 查找元素：('xpath', "//div[@class='el-form-item is-required el-form-item--medium']//label[contains(text(),'大类粗')]/following-sibling::div//input[@placeholder='请选择']") (basics.py:107)
[2022-08-10 14:20:43] [    INFO] 点击元素：('xpath', "//div[@class='el-form-item is-required el-form-item--medium']//label[contains(text(),'大类粗')]/following-sibling::div//input[@placeholder='请选择']") (basics.py:191)
[2022-08-10 14:20:45] [    INFO] 查找元素：['xpath', "//div[@x-placement='bottom-start']//li[2]"] (basics.py:107)
[2022-08-10 14:21:12] [    INFO] 【DRP】项目【test】环境- UI自动化开始执行 (conftest.py:14)
[2022-08-10 14:21:12] [    INFO] 前置条件：传音统一登录开始 (conftest.py:18)
[2022-08-10 14:21:16] [    INFO] 打开网页：http://10.250.112.166:9000/# (basics.py:64)
[2022-08-10 14:21:16] [    INFO] 查找元素：('xpath', "//div[@role='button']") (basics.py:107)
[2022-08-10 14:21:16] [    INFO] 点击元素：('xpath', "//div[@role='button']") (basics.py:191)
[2022-08-10 14:21:20] [    INFO] 查找元素：['xpath', "//*[contains(@id,'dropdown-menu-')]//li[1]"] (basics.py:107)
[2022-08-10 14:21:21] [    INFO] 查找元素：('xpath', "//div[@role='button']") (basics.py:107)
[2022-08-10 14:21:21] [    INFO] 点击元素：('xpath', "//div[@role='button']") (basics.py:191)
[2022-08-10 14:21:22] [    INFO] 查找元素：('id', 'tab-account') (basics.py:107)
[2022-08-10 14:21:22] [    INFO] 点击元素：('id', 'tab-account') (basics.py:191)
[2022-08-10 14:21:23] [    INFO] 查找元素：('xpath', "//*[@id='pane-account']/form/div[1]/div/div[1]/input") (basics.py:107)
[2022-08-10 14:21:23] [    INFO] 输入文本：18649572 (basics.py:138)
[2022-08-10 14:21:24] [    INFO] 查找元素：('xpath', "//*[@id='pane-account']/form/div[2]/div/div[1]/input") (basics.py:107)
[2022-08-10 14:21:25] [    INFO] 输入文本：xLily6x (basics.py:138)
[2022-08-10 14:21:26] [    INFO] 查找元素：('xpath', "//*[@id='pane-account']/form/div[4]/label/span/span") (basics.py:107)
[2022-08-10 14:21:26] [    INFO] 获取状态：False (basics.py:313)
[2022-08-10 14:21:26] [    INFO] 查找元素：('xpath', "//*[@id='pane-account']/form/div[4]/label/span/span") (basics.py:107)
[2022-08-10 14:21:26] [    INFO] 点击元素：('xpath', "//*[@id='pane-account']/form/div[4]/label/span/span") (basics.py:191)
[2022-08-10 14:21:26] [    INFO] 查找元素：('xpath', "//*[@id='pane-account']/form/button") (basics.py:107)
[2022-08-10 14:21:26] [    INFO] 点击元素：('xpath', "//*[@id='pane-account']/form/button") (basics.py:191)
[2022-08-10 14:21:33] [    INFO] 断言成功：URL为预期一致 | URL: http://10.250.112.166:9000/#/dashboard (assert_ui.py:190)
[2022-08-10 14:21:33] [    INFO] 断言成功: 该内容存在数据列表中 | word:隆江 (assert_ui.py:294)
[2022-08-10 14:21:33] [    INFO] 前置条件：传音统一登录成功 (conftest.py:25)
[2022-08-10 14:21:33] [    INFO] 模块前置条件：前往“DRP数据管理-机型库”页面 (DRPDataMgmt_ModelDatabase.py:10)
[2022-08-10 14:21:33] [    INFO] 查找元素：('xpath', '//*[@id="app"]/div/div[1]/div[2]/div[1]/div/ul/div[9]/li/div/span') (basics.py:107)
[2022-08-10 14:21:33] [    INFO] 点击元素：('xpath', '//*[@id="app"]/div/div[1]/div[2]/div[1]/div/ul/div[9]/li/div/span') (basics.py:191)
[2022-08-10 14:21:33] [    INFO] 查找元素：('xpath', "//li[@role='menuitem']//span[contains(text(),'机型库')]") (basics.py:107)
[2022-08-10 14:21:34] [    INFO] 点击元素：('xpath', "//li[@role='menuitem']//span[contains(text(),'机型库')]") (basics.py:191)
[2022-08-10 14:21:36] [    INFO] 断言成功：URL为预期一致 | URL: http://10.250.112.166:9000/#/dataManage/modelLibrary (assert_ui.py:190)
[2022-08-10 14:21:38] [    INFO] 查找元素：['xpath', "//div[@class='wrapper-tabs']//span[contains(text(),'产品信息')]"] (basics.py:107)
[2022-08-10 14:21:38] [    INFO] 选择点击：['xpath', "//div[@class='wrapper-tabs']//span[contains(text(),'产品信息')]"] (basics.py:188)
[2022-08-10 14:21:38] [    INFO] 前往菜单产品信息 (DRPDataMgmt_ModelDatabase.py:20)
[2022-08-10 14:21:38] [    INFO] 查找元素：('xpath', "//div[@class='left-btn']//button[1]") (basics.py:107)
[2022-08-10 14:21:38] [    INFO] 获取文本：新 增 (basics.py:302)
[2022-08-10 14:21:38] [    INFO] 查找元素：('xpath', "//div[@class='btn-tool-info']//button[@type='button']//span[contains(text(),'新 增')]") (basics.py:107)
[2022-08-10 14:21:38] [    INFO] 点击元素：('xpath', "//div[@class='btn-tool-info']//button[@type='button']//span[contains(text(),'新 增')]") (basics.py:191)
[2022-08-10 14:21:39] [    INFO] 打开新增弹窗 (DRPDataMgmt_ModelDatabase.py:31)
[2022-08-10 14:21:39] [    INFO] 查找元素：('xpath', "//div[@class='el-form-item is-required el-form-item--medium']//label[contains(text(),'来源')]/following-sibling::div//input[@placeholder='请选择']") (basics.py:107)
[2022-08-10 14:21:39] [    INFO] 点击元素：('xpath', "//div[@class='el-form-item is-required el-form-item--medium']//label[contains(text(),'来源')]/following-sibling::div//input[@placeholder='请选择']") (basics.py:191)
[2022-08-10 14:21:41] [    INFO] 查找元素：['xpath', "//div[@x-placement='bottom-start']//li[1]"] (basics.py:107)
[2022-08-10 14:21:42] [    INFO] 选择点击：['xpath', "//div[@x-placement='bottom-start']//li[1]"] (basics.py:188)
[2022-08-10 14:21:42] [    INFO] 新增机型来源：数仓 (DRPDataMgmt_ModelDatabase.py:81)
[2022-08-10 14:21:42] [    INFO] 查找元素：('xpath', "//div[@class='el-form-item is-required el-form-item--medium']//label[contains(text(),'供应类型')]/following-sibling::div//input[@placeholder='请选择']") (basics.py:107)
[2022-08-10 14:21:42] [    INFO] 点击元素：('xpath', "//div[@class='el-form-item is-required el-form-item--medium']//label[contains(text(),'供应类型')]/following-sibling::div//input[@placeholder='请选择']") (basics.py:191)
[2022-08-10 14:21:44] [    INFO] 查找元素：['xpath', "//div[@x-placement='bottom-start']//li[1]"] (basics.py:107)
[2022-08-10 14:21:44] [    INFO] 选择点击：['xpath', "//div[@x-placement='bottom-start']//li[1]"] (basics.py:188)
[2022-08-10 14:21:44] [    INFO] 供应商类型：自研 (DRPDataMgmt_ModelDatabase.py:93)
[2022-08-10 14:21:44] [    INFO] 查找元素：('xpath', "//div[@class='el-form-item is-required el-form-item--medium']//label[contains(text(),'品牌')]/following-sibling::div//input[@placeholder='请选择']") (basics.py:107)
[2022-08-10 14:21:44] [    INFO] 点击元素：('xpath', "//div[@class='el-form-item is-required el-form-item--medium']//label[contains(text(),'品牌')]/following-sibling::div//input[@placeholder='请选择']") (basics.py:191)
[2022-08-10 14:21:47] [    INFO] 查找元素：['xpath', "//div[@x-placement='bottom-start']//li[2]"] (basics.py:107)
[2022-08-10 14:21:47] [    INFO] 选择点击：['xpath', "//div[@x-placement='bottom-start']//li[2]"] (basics.py:188)
[2022-08-10 14:21:47] [    INFO] 品牌：itel (DRPDataMgmt_ModelDatabase.py:106)
[2022-08-10 14:21:47] [    INFO] 查找元素：('xpath', "//div[@class='el-form-item is-required el-form-item--medium']//label[contains(text(),'大类粗')]/following-sibling::div//input[@placeholder='请选择']") (basics.py:107)
[2022-08-10 14:21:47] [    INFO] 点击元素：('xpath', "//div[@class='el-form-item is-required el-form-item--medium']//label[contains(text(),'大类粗')]/following-sibling::div//input[@placeholder='请选择']") (basics.py:191)
[2022-08-10 14:21:50] [    INFO] 查找元素：['xpath', "//div[@x-placement='bottom-start']//li[2]"] (basics.py:107)
[2022-08-10 14:21:50] [    INFO] 选择点击：['xpath', "//div[@x-placement='bottom-start']//li[2]"] (basics.py:188)
[2022-08-10 14:21:50] [    INFO] 大类粗：智能机 (DRPDataMgmt_ModelDatabase.py:117)
[2022-08-10 14:21:50] [    INFO] 查找元素：('xpath', "//div[@class='el-form-item is-required el-form-item--medium']//label[contains(text(),'系列')]/following-sibling::div//input[@placeholder='请选择']") (basics.py:107)
[2022-08-10 14:21:50] [    INFO] 点击元素：('xpath', "//div[@class='el-form-item is-required el-form-item--medium']//label[contains(text(),'系列')]/following-sibling::div//input[@placeholder='请选择']") (basics.py:191)
[2022-08-10 14:21:52] [    INFO] 查找元素：['xpath', "//div[@x-placement='bottom-start']//li//span[text()='A']"] (basics.py:107)
[2022-08-10 14:21:52] [    INFO] 选择点击：['xpath', "//div[@x-placement='bottom-start']//li//span[text()='A']"] (basics.py:188)
[2022-08-10 14:21:52] [    INFO] 系列：A (DRPDataMgmt_ModelDatabase.py:136)
[2022-08-10 14:21:52] [    INFO] 查找元素：('xpath', "//label[contains(text(),'项目名')]/following-sibling::div//input[@placeholder='请选择']") (basics.py:107)
[2022-08-10 14:21:53] [    INFO] 点击元素：('xpath', "//label[contains(text(),'项目名')]/following-sibling::div//input[@placeholder='请选择']") (basics.py:191)
[2022-08-10 14:21:55] [    INFO] 查找元素：['xpath', "//div[@x-placement='bottom-start']//li//span[text()='S11']"] (basics.py:107)
[2022-08-10 14:21:55] [    INFO] 选择点击：['xpath', "//div[@x-placement='bottom-start']//li//span[text()='S11']"] (basics.py:188)
[2022-08-10 14:21:55] [    INFO] 来源=数仓，项目名为下拉选项，选择项目：S11 (DRPDataMgmt_ModelDatabase.py:147)
[2022-08-10 14:21:56] [    INFO] 查找元素：('xpath', "//label[contains(text(),'内存版本')]/following-sibling::div//input[@placeholder='请输入']") (basics.py:107)
[2022-08-10 14:21:56] [    INFO] 输入文本：64+4 (basics.py:155)
[2022-08-10 14:21:56] [    INFO] 内存版本：64+4 (DRPDataMgmt_ModelDatabase.py:152)
[2022-08-10 14:21:56] [    INFO] 查找元素：('xpath', "//div[@class='el-form-item is-required el-form-item--medium']//label[contains(text(),'网络制式')]/following-sibling::div//input[@placeholder='请选择']") (basics.py:107)
[2022-08-10 14:21:56] [    INFO] 点击元素：('xpath', "//div[@class='el-form-item is-required el-form-item--medium']//label[contains(text(),'网络制式')]/following-sibling::div//input[@placeholder='请选择']") (basics.py:191)
[2022-08-10 14:21:59] [    INFO] 查找元素：['xpath', "//div[@x-placement='bottom-start']//li[4]"] (basics.py:107)
[2022-08-10 14:21:59] [    INFO] 选择点击：['xpath', "//div[@x-placement='bottom-start']//li[4]"] (basics.py:188)
[2022-08-10 14:21:59] [    INFO] 网络制式：5G (DRPDataMgmt_ModelDatabase.py:167)
[2022-08-10 14:21:59] [    INFO] 查找元素：('xpath', "//label[contains(text(),'市场名')]/following-sibling::div//input[@placeholder='请输入']") (basics.py:107)
[2022-08-10 14:21:59] [    INFO] 输入文本：India (basics.py:155)
[2022-08-10 14:21:59] [    INFO] 市场名：India (DRPDataMgmt_ModelDatabase.py:172)
[2022-08-10 14:22:00] [    INFO] 查找元素：('xpath', "//button[@type='button']//span[contains(text(),'选择')]") (basics.py:107)
[2022-08-10 14:22:01] [    INFO] 点击元素：('xpath', "//button[@type='button']//span[contains(text(),'选择')]") (basics.py:191)
[2022-08-10 14:22:01] [    INFO] 打开颜色弹窗 (DRPDataMgmt_ModelDatabase.py:178)
[2022-08-10 14:22:04] [    INFO] 查找元素：('xpath', "//input[@placeholder='请输入颜色编码或颜色名称']") (basics.py:107)
[2022-08-10 14:22:04] [    INFO] 输入文本：半透黑 (basics.py:155)
[2022-08-10 14:22:05] [    INFO] 查找元素：['xpath', "//div[@class='color-table']//div[2]/table/tbody/tr[1]/td[4]/div/button/span"] (basics.py:103)
[2022-08-10 14:22:05] [    INFO] 颜色：半透黑 (DRPDataMgmt_ModelDatabase.py:189)
[2022-08-10 14:22:05] [    INFO] 查找元素：('xpath', "//div[contains(@class,'wrapper-info')]//div//div[contains(@class,'el-dialog__wrapper')]//div[contains(@aria-label,'选择机型颜色')]//div[contains(@class,'el-dialog__footer')]//span[contains(@class,'dialog-footer')]//div//span[contains(text(),'保存')]") (basics.py:107)
[2022-08-10 14:22:05] [    INFO] 点击元素：('xpath', "//div[contains(@class,'wrapper-info')]//div//div[contains(@class,'el-dialog__wrapper')]//div[contains(@aria-label,'选择机型颜色')]//div[contains(@class,'el-dialog__footer')]//span[contains(@class,'dialog-footer')]//div//span[contains(text(),'保存')]") (basics.py:191)
[2022-08-10 14:22:06] [    INFO] 点击颜色保存按钮 (DRPDataMgmt_ModelDatabase.py:194)
[2022-08-10 14:22:06] [    INFO] 查找元素：('xpath', "//div[@class='el-form-item is-required el-form-item--medium']//label[contains(text(),'状态')]/following-sibling::div//input[@placeholder='请选择']") (basics.py:107)
[2022-08-10 14:22:06] [    INFO] 点击元素：('xpath', "//div[@class='el-form-item is-required el-form-item--medium']//label[contains(text(),'状态')]/following-sibling::div//input[@placeholder='请选择']") (basics.py:191)
[2022-08-10 14:22:08] [    INFO] 查找元素：['xpath', "//div[@x-placement='bottom-start']//li[2]"] (basics.py:107)
[2022-08-10 14:22:08] [    INFO] 选择点击：['xpath', "//div[@x-placement='bottom-start']//li[2]"] (basics.py:188)
[2022-08-10 14:22:08] [    INFO] 状态：MP (DRPDataMgmt_ModelDatabase.py:209)
[2022-08-10 14:22:08] [    INFO] 查找元素：('xpath', "//div[@class='tr-form-row el-row']//span[contains(text(),'确定')]") (basics.py:107)
[2022-08-10 14:22:08] [    INFO] 点击元素：('xpath', "//div[@class='tr-form-row el-row']//span[contains(text(),'确定')]") (basics.py:191)
[2022-08-10 14:22:09] [    INFO] 新增保存成功 (DRPDataMgmt_ModelDatabase.py:253)
[2022-08-10 14:22:09] [    INFO] 查找元素：('xpath', "//p[@class='el-message__content']") (basics.py:107)
[2022-08-10 14:22:09] [    INFO] 获取文本：此机型已存在 (basics.py:302)
[2022-08-10 14:22:09] [ WARNING] 断言失败: 两值不等 | a:此机型已存在 b:新增成功! (assert_ui.py:23)
[2022-08-10 14:22:09] [   ERROR] None (assert_ui.py:26)
[2022-08-10 14:25:19] [    INFO] 【DRP】项目【test】环境- UI自动化开始执行 (conftest.py:14)
[2022-08-10 14:25:19] [    INFO] 前置条件：传音统一登录开始 (conftest.py:18)
[2022-08-10 14:25:22] [    INFO] 打开网页：http://10.250.112.166:9000/# (basics.py:64)
[2022-08-10 14:25:22] [    INFO] 查找元素：('xpath', "//div[@role='button']") (basics.py:107)
[2022-08-10 14:25:22] [    INFO] 点击元素：('xpath', "//div[@role='button']") (basics.py:191)
[2022-08-10 14:25:27] [    INFO] 查找元素：['xpath', "//*[contains(@id,'dropdown-menu-')]//li[1]"] (basics.py:107)
[2022-08-10 14:25:28] [    INFO] 查找元素：('xpath', "//div[@role='button']") (basics.py:107)
[2022-08-10 14:25:28] [    INFO] 点击元素：('xpath', "//div[@role='button']") (basics.py:191)
[2022-08-10 14:25:28] [    INFO] 查找元素：('id', 'tab-account') (basics.py:107)
[2022-08-10 14:25:28] [    INFO] 点击元素：('id', 'tab-account') (basics.py:191)
[2022-08-10 14:25:29] [    INFO] 查找元素：('xpath', "//*[@id='pane-account']/form/div[1]/div/div[1]/input") (basics.py:107)
[2022-08-10 14:25:30] [    INFO] 输入文本：18649572 (basics.py:138)
[2022-08-10 14:25:31] [    INFO] 查找元素：('xpath', "//*[@id='pane-account']/form/div[2]/div/div[1]/input") (basics.py:107)
[2022-08-10 14:25:31] [    INFO] 输入文本：xLily6x (basics.py:138)
[2022-08-10 14:25:32] [    INFO] 查找元素：('xpath', "//*[@id='pane-account']/form/div[4]/label/span/span") (basics.py:107)
[2022-08-10 14:25:32] [    INFO] 获取状态：False (basics.py:313)
[2022-08-10 14:25:32] [    INFO] 查找元素：('xpath', "//*[@id='pane-account']/form/div[4]/label/span/span") (basics.py:107)
[2022-08-10 14:25:32] [    INFO] 点击元素：('xpath', "//*[@id='pane-account']/form/div[4]/label/span/span") (basics.py:191)
[2022-08-10 14:25:33] [    INFO] 查找元素：('xpath', "//*[@id='pane-account']/form/button") (basics.py:107)
[2022-08-10 14:25:33] [    INFO] 点击元素：('xpath', "//*[@id='pane-account']/form/button") (basics.py:191)
[2022-08-10 14:25:39] [    INFO] 断言成功：URL为预期一致 | URL: http://10.250.112.166:9000/#/dashboard (assert_ui.py:190)
[2022-08-10 14:25:40] [    INFO] 断言成功: 该内容存在数据列表中 | word:隆江 (assert_ui.py:294)
[2022-08-10 14:25:40] [    INFO] 前置条件：传音统一登录成功 (conftest.py:25)
[2022-08-10 14:25:40] [    INFO] 模块前置条件：前往“DRP数据管理-机型库”页面 (DRPDataMgmt_ModelDatabase.py:10)
[2022-08-10 14:25:40] [    INFO] 查找元素：('xpath', '//*[@id="app"]/div/div[1]/div[2]/div[1]/div/ul/div[9]/li/div/span') (basics.py:107)
[2022-08-10 14:25:40] [    INFO] 点击元素：('xpath', '//*[@id="app"]/div/div[1]/div[2]/div[1]/div/ul/div[9]/li/div/span') (basics.py:191)
[2022-08-10 14:25:40] [    INFO] 查找元素：('xpath', "//li[@role='menuitem']//span[contains(text(),'机型库')]") (basics.py:107)
[2022-08-10 14:25:40] [    INFO] 点击元素：('xpath', "//li[@role='menuitem']//span[contains(text(),'机型库')]") (basics.py:191)
[2022-08-10 14:25:43] [    INFO] 断言成功：URL为预期一致 | URL: http://10.250.112.166:9000/#/dataManage/modelLibrary (assert_ui.py:190)
[2022-08-10 14:25:45] [    INFO] 查找元素：['xpath', "//div[@class='wrapper-tabs']//span[contains(text(),'产品信息')]"] (basics.py:107)
[2022-08-10 14:25:45] [    INFO] 选择点击：['xpath', "//div[@class='wrapper-tabs']//span[contains(text(),'产品信息')]"] (basics.py:188)
[2022-08-10 14:25:45] [    INFO] 前往菜单产品信息 (DRPDataMgmt_ModelDatabase.py:20)
[2022-08-10 14:25:45] [    INFO] 查找元素：('xpath', "//div[@class='left-btn']//button[1]") (basics.py:107)
[2022-08-10 14:25:45] [    INFO] 获取文本：新 增 (basics.py:302)
[2022-08-10 14:25:45] [    INFO] 查找元素：('xpath', "//div[@class='btn-tool-info']//button[@type='button']//span[contains(text(),'新 增')]") (basics.py:107)
[2022-08-10 14:25:45] [    INFO] 点击元素：('xpath', "//div[@class='btn-tool-info']//button[@type='button']//span[contains(text(),'新 增')]") (basics.py:191)
[2022-08-10 14:25:46] [    INFO] 打开新增弹窗 (DRPDataMgmt_ModelDatabase.py:31)
[2022-08-10 14:25:46] [    INFO] 查找元素：('xpath', "//div[@class='el-form-item is-required el-form-item--medium']//label[contains(text(),'来源')]/following-sibling::div//input[@placeholder='请选择']") (basics.py:107)
[2022-08-10 14:25:46] [    INFO] 点击元素：('xpath', "//div[@class='el-form-item is-required el-form-item--medium']//label[contains(text(),'来源')]/following-sibling::div//input[@placeholder='请选择']") (basics.py:191)
[2022-08-10 14:25:49] [    INFO] 查找元素：['xpath', "//div[@x-placement='bottom-start']//li[1]"] (basics.py:107)
[2022-08-10 14:25:49] [    INFO] 选择点击：['xpath', "//div[@x-placement='bottom-start']//li[1]"] (basics.py:188)
[2022-08-10 14:25:49] [    INFO] 新增机型来源：数仓 (DRPDataMgmt_ModelDatabase.py:81)
[2022-08-10 14:25:49] [    INFO] 查找元素：('xpath', "//div[@class='el-form-item is-required el-form-item--medium']//label[contains(text(),'供应类型')]/following-sibling::div//input[@placeholder='请选择']") (basics.py:107)
[2022-08-10 14:25:49] [    INFO] 点击元素：('xpath', "//div[@class='el-form-item is-required el-form-item--medium']//label[contains(text(),'供应类型')]/following-sibling::div//input[@placeholder='请选择']") (basics.py:191)
[2022-08-10 14:25:52] [    INFO] 查找元素：['xpath', "//div[@x-placement='bottom-start']//li[1]"] (basics.py:107)
[2022-08-10 14:25:52] [    INFO] 选择点击：['xpath', "//div[@x-placement='bottom-start']//li[1]"] (basics.py:188)
[2022-08-10 14:25:52] [    INFO] 供应商类型：自研 (DRPDataMgmt_ModelDatabase.py:93)
[2022-08-10 14:25:52] [    INFO] 查找元素：('xpath', "//div[@class='el-form-item is-required el-form-item--medium']//label[contains(text(),'品牌')]/following-sibling::div//input[@placeholder='请选择']") (basics.py:107)
[2022-08-10 14:25:52] [    INFO] 点击元素：('xpath', "//div[@class='el-form-item is-required el-form-item--medium']//label[contains(text(),'品牌')]/following-sibling::div//input[@placeholder='请选择']") (basics.py:191)
[2022-08-10 14:25:54] [    INFO] 查找元素：['xpath', "//div[@x-placement='bottom-start']//li[2]"] (basics.py:107)
[2022-08-10 14:25:54] [    INFO] 选择点击：['xpath', "//div[@x-placement='bottom-start']//li[2]"] (basics.py:188)
[2022-08-10 14:25:54] [    INFO] 品牌：itel (DRPDataMgmt_ModelDatabase.py:106)
[2022-08-10 14:25:54] [    INFO] 查找元素：('xpath', "//div[@class='el-form-item is-required el-form-item--medium']//label[contains(text(),'大类粗')]/following-sibling::div//input[@placeholder='请选择']") (basics.py:107)
[2022-08-10 14:25:54] [    INFO] 点击元素：('xpath', "//div[@class='el-form-item is-required el-form-item--medium']//label[contains(text(),'大类粗')]/following-sibling::div//input[@placeholder='请选择']") (basics.py:191)
[2022-08-10 14:25:57] [    INFO] 查找元素：['xpath', "//div[@x-placement='bottom-start']//li[2]"] (basics.py:107)
[2022-08-10 14:25:57] [    INFO] 选择点击：['xpath', "//div[@x-placement='bottom-start']//li[2]"] (basics.py:188)
[2022-08-10 14:25:57] [    INFO] 大类粗：智能机 (DRPDataMgmt_ModelDatabase.py:117)
[2022-08-10 14:25:57] [    INFO] 查找元素：('xpath', "//div[@class='el-form-item is-required el-form-item--medium']//label[contains(text(),'系列')]/following-sibling::div//input[@placeholder='请选择']") (basics.py:107)
[2022-08-10 14:25:57] [    INFO] 点击元素：('xpath', "//div[@class='el-form-item is-required el-form-item--medium']//label[contains(text(),'系列')]/following-sibling::div//input[@placeholder='请选择']") (basics.py:191)
[2022-08-10 14:26:00] [    INFO] 查找元素：['xpath', "//div[@x-placement='bottom-start']//li//span[text()='A']"] (basics.py:107)
[2022-08-10 14:26:00] [    INFO] 选择点击：['xpath', "//div[@x-placement='bottom-start']//li//span[text()='A']"] (basics.py:188)
[2022-08-10 14:26:00] [    INFO] 系列：A (DRPDataMgmt_ModelDatabase.py:136)
[2022-08-10 14:26:00] [    INFO] 查找元素：('xpath', "//label[contains(text(),'项目名')]/following-sibling::div//input[@placeholder='请选择']") (basics.py:107)
[2022-08-10 14:26:00] [    INFO] 点击元素：('xpath', "//label[contains(text(),'项目名')]/following-sibling::div//input[@placeholder='请选择']") (basics.py:191)
[2022-08-10 14:26:03] [    INFO] 查找元素：['xpath', "//div[@x-placement='bottom-start']//li//span[text()='S11']"] (basics.py:107)
[2022-08-10 14:26:03] [    INFO] 选择点击：['xpath', "//div[@x-placement='bottom-start']//li//span[text()='S11']"] (basics.py:188)
[2022-08-10 14:26:03] [    INFO] 来源=数仓，项目名为下拉选项，选择项目：S11 (DRPDataMgmt_ModelDatabase.py:147)
[2022-08-10 14:26:03] [    INFO] 查找元素：('xpath', "//label[contains(text(),'内存版本')]/following-sibling::div//input[@placeholder='请输入']") (basics.py:107)
[2022-08-10 14:26:04] [    INFO] 输入文本：64+4 (basics.py:155)
[2022-08-10 14:26:04] [    INFO] 内存版本：64+4 (DRPDataMgmt_ModelDatabase.py:152)
[2022-08-10 14:26:04] [    INFO] 查找元素：('xpath', "//div[@class='el-form-item is-required el-form-item--medium']//label[contains(text(),'网络制式')]/following-sibling::div//input[@placeholder='请选择']") (basics.py:107)
[2022-08-10 14:26:04] [    INFO] 点击元素：('xpath', "//div[@class='el-form-item is-required el-form-item--medium']//label[contains(text(),'网络制式')]/following-sibling::div//input[@placeholder='请选择']") (basics.py:191)
[2022-08-10 14:26:06] [    INFO] 查找元素：['xpath', "//div[@x-placement='bottom-start']//li[4]"] (basics.py:107)
[2022-08-10 14:26:06] [    INFO] 选择点击：['xpath', "//div[@x-placement='bottom-start']//li[4]"] (basics.py:188)
[2022-08-10 14:26:06] [    INFO] 网络制式：5G (DRPDataMgmt_ModelDatabase.py:167)
[2022-08-10 14:26:07] [    INFO] 查找元素：('xpath', "//label[contains(text(),'市场名')]/following-sibling::div//input[@placeholder='请输入']") (basics.py:107)
[2022-08-10 14:26:07] [    INFO] 输入文本：India (basics.py:155)
[2022-08-10 14:26:07] [    INFO] 市场名：India (DRPDataMgmt_ModelDatabase.py:172)
[2022-08-10 14:26:08] [    INFO] 查找元素：('xpath', "//button[@type='button']//span[contains(text(),'选择')]") (basics.py:107)
[2022-08-10 14:26:08] [    INFO] 点击元素：('xpath', "//button[@type='button']//span[contains(text(),'选择')]") (basics.py:191)
[2022-08-10 14:26:09] [    INFO] 打开颜色弹窗 (DRPDataMgmt_ModelDatabase.py:178)
[2022-08-10 14:26:11] [    INFO] 查找元素：('xpath', "//input[@placeholder='请输入颜色编码或颜色名称']") (basics.py:107)
[2022-08-10 14:26:12] [    INFO] 输入文本：半透黑 (basics.py:155)
[2022-08-10 14:26:13] [    INFO] 查找元素：['xpath', "//div[@class='color-table']//div[2]/table/tbody/tr[1]/td[4]/div/button/span"] (basics.py:103)
[2022-08-10 14:26:13] [    INFO] 颜色：半透黑 (DRPDataMgmt_ModelDatabase.py:189)
[2022-08-10 14:26:13] [    INFO] 查找元素：('xpath', "//div[contains(@class,'wrapper-info')]//div//div[contains(@class,'el-dialog__wrapper')]//div[contains(@aria-label,'选择机型颜色')]//div[contains(@class,'el-dialog__footer')]//span[contains(@class,'dialog-footer')]//div//span[contains(text(),'保存')]") (basics.py:107)
[2022-08-10 14:26:13] [    INFO] 点击元素：('xpath', "//div[contains(@class,'wrapper-info')]//div//div[contains(@class,'el-dialog__wrapper')]//div[contains(@aria-label,'选择机型颜色')]//div[contains(@class,'el-dialog__footer')]//span[contains(@class,'dialog-footer')]//div//span[contains(text(),'保存')]") (basics.py:191)
[2022-08-10 14:26:13] [    INFO] 点击颜色保存按钮 (DRPDataMgmt_ModelDatabase.py:194)
[2022-08-10 14:26:13] [    INFO] 查找元素：('xpath', "//div[@class='el-form-item is-required el-form-item--medium']//label[contains(text(),'状态')]/following-sibling::div//input[@placeholder='请选择']") (basics.py:107)
[2022-08-10 14:26:14] [    INFO] 点击元素：('xpath', "//div[@class='el-form-item is-required el-form-item--medium']//label[contains(text(),'状态')]/following-sibling::div//input[@placeholder='请选择']") (basics.py:191)
[2022-08-10 14:26:16] [    INFO] 查找元素：['xpath', "//div[@x-placement='bottom-start']//li[2]"] (basics.py:107)
[2022-08-10 14:26:16] [    INFO] 选择点击：['xpath', "//div[@x-placement='bottom-start']//li[2]"] (basics.py:188)
[2022-08-10 14:26:16] [    INFO] 状态：MP (DRPDataMgmt_ModelDatabase.py:209)
[2022-08-10 14:26:16] [    INFO] 查找元素：('xpath', "//div[@class='tr-form-row el-row']//span[contains(text(),'确定')]") (basics.py:107)
[2022-08-10 14:26:16] [    INFO] 点击元素：('xpath', "//div[@class='tr-form-row el-row']//span[contains(text(),'确定')]") (basics.py:191)
[2022-08-10 14:26:17] [    INFO] 新增保存成功 (DRPDataMgmt_ModelDatabase.py:253)
[2022-08-10 14:26:17] [    INFO] 查找元素：('xpath', "//p[@class='el-message__content']") (basics.py:107)
[2022-08-10 14:26:17] [    INFO] 获取文本：新增成功! (basics.py:302)
[2022-08-10 14:26:17] [    INFO] 断言成功: 两值相等 | a:新增成功! b:新增成功! (assert_ui.py:24)
[2022-08-10 14:26:17] [    INFO] 查找元素：('xpath', "//div[@class='btn-tool-info']//button[@type='button']//span[contains(text(),'筛选')]") (basics.py:107)
[2022-08-10 14:26:18] [    INFO] 点击元素：('xpath', "//div[@class='btn-tool-info']//button[@type='button']//span[contains(text(),'筛选')]") (basics.py:191)
[2022-08-10 14:26:18] [    INFO] 打开筛选框 (DRPDataMgmt_ModelDatabase.py:51)
[2022-08-10 14:26:18] [    INFO] 查找元素：('xpath', "//label[@for='brandCode']/following-sibling::div//input[@placeholder='请选择']") (basics.py:107)
[2022-08-10 14:35:14] [    INFO] 【DRP】项目【test】环境- UI自动化开始执行 (conftest.py:14)
[2022-08-10 14:35:14] [    INFO] 前置条件：传音统一登录开始 (conftest.py:18)
[2022-08-10 14:35:17] [    INFO] 打开网页：http://10.250.112.166:9000/# (basics.py:64)
[2022-08-10 14:35:17] [    INFO] 查找元素：('xpath', "//div[@role='button']") (basics.py:107)
[2022-08-10 14:35:17] [    INFO] 点击元素：('xpath', "//div[@role='button']") (basics.py:191)
[2022-08-10 14:35:22] [    INFO] 查找元素：['xpath', "//*[contains(@id,'dropdown-menu-')]//li[1]"] (basics.py:107)
[2022-08-10 14:35:23] [    INFO] 查找元素：('xpath', "//div[@role='button']") (basics.py:107)
[2022-08-10 14:35:23] [    INFO] 点击元素：('xpath', "//div[@role='button']") (basics.py:191)
[2022-08-10 14:35:23] [    INFO] 查找元素：('id', 'tab-account') (basics.py:107)
[2022-08-10 14:35:23] [    INFO] 点击元素：('id', 'tab-account') (basics.py:191)
[2022-08-10 14:35:24] [    INFO] 查找元素：('xpath', "//*[@id='pane-account']/form/div[1]/div/div[1]/input") (basics.py:107)
[2022-08-10 14:35:24] [    INFO] 输入文本：18649572 (basics.py:138)
[2022-08-10 14:35:26] [    INFO] 查找元素：('xpath', "//*[@id='pane-account']/form/div[2]/div/div[1]/input") (basics.py:107)
[2022-08-10 14:35:26] [    INFO] 输入文本：xLily6x (basics.py:138)
[2022-08-10 14:35:27] [    INFO] 查找元素：('xpath', "//*[@id='pane-account']/form/div[4]/label/span/span") (basics.py:107)
[2022-08-10 14:35:27] [    INFO] 获取状态：False (basics.py:313)
[2022-08-10 14:35:27] [    INFO] 查找元素：('xpath', "//*[@id='pane-account']/form/div[4]/label/span/span") (basics.py:107)
[2022-08-10 14:35:27] [    INFO] 点击元素：('xpath', "//*[@id='pane-account']/form/div[4]/label/span/span") (basics.py:191)
[2022-08-10 14:35:28] [    INFO] 查找元素：('xpath', "//*[@id='pane-account']/form/button") (basics.py:107)
[2022-08-10 14:35:28] [    INFO] 点击元素：('xpath', "//*[@id='pane-account']/form/button") (basics.py:191)
[2022-08-10 14:35:34] [    INFO] 断言成功：URL为预期一致 | URL: http://10.250.112.166:9000/#/dashboard (assert_ui.py:190)
[2022-08-10 14:35:35] [    INFO] 断言成功: 该内容存在数据列表中 | word:隆江 (assert_ui.py:294)
[2022-08-10 14:35:35] [    INFO] 前置条件：传音统一登录成功 (conftest.py:25)
[2022-08-10 14:35:35] [    INFO] 模块前置条件：前往“DRP数据管理-机型库”页面 (DRPDataMgmt_ModelDatabase.py:10)
[2022-08-10 14:35:35] [    INFO] 查找元素：('xpath', '//*[@id="app"]/div/div[1]/div[2]/div[1]/div/ul/div[9]/li/div/span') (basics.py:107)
[2022-08-10 14:35:35] [    INFO] 点击元素：('xpath', '//*[@id="app"]/div/div[1]/div[2]/div[1]/div/ul/div[9]/li/div/span') (basics.py:191)
[2022-08-10 14:35:35] [    INFO] 查找元素：('xpath', "//li[@role='menuitem']//span[contains(text(),'机型库')]") (basics.py:107)
[2022-08-10 14:35:35] [    INFO] 点击元素：('xpath', "//li[@role='menuitem']//span[contains(text(),'机型库')]") (basics.py:191)
[2022-08-10 14:35:38] [    INFO] 断言成功：URL为预期一致 | URL: http://10.250.112.166:9000/#/dataManage/modelLibrary (assert_ui.py:190)
[2022-08-10 14:35:40] [    INFO] 查找元素：['xpath', "//div[@class='wrapper-tabs']//span[contains(text(),'产品信息')]"] (basics.py:107)
[2022-08-10 14:35:40] [    INFO] 选择点击：['xpath', "//div[@class='wrapper-tabs']//span[contains(text(),'产品信息')]"] (basics.py:188)
[2022-08-10 14:35:40] [    INFO] 前往菜单产品信息 (DRPDataMgmt_ModelDatabase.py:20)
[2022-08-10 14:35:40] [    INFO] 查找元素：('xpath', "//div[@class='left-btn']//button[1]") (basics.py:107)
[2022-08-10 14:35:40] [    INFO] 获取文本：新 增 (basics.py:302)
[2022-08-10 14:35:40] [    INFO] 查找元素：('xpath', "//div[@class='btn-tool-info']//button[@type='button']//span[contains(text(),'筛选')]") (basics.py:107)
[2022-08-10 14:35:40] [    INFO] 点击元素：('xpath', "//div[@class='btn-tool-info']//button[@type='button']//span[contains(text(),'筛选')]") (basics.py:191)
[2022-08-10 14:35:40] [    INFO] 打开筛选框 (DRPDataMgmt_ModelDatabase.py:51)
[2022-08-10 14:35:40] [    INFO] 查找元素：('xpath', "//label[@for='brandCode']/following-sibling::div//input[@placeholder='请选择']") (basics.py:107)
[2022-08-10 14:35:40] [    INFO] 点击元素：('xpath', "//label[@for='brandCode']/following-sibling::div//input[@placeholder='请选择']") (basics.py:191)
[2022-08-10 14:35:43] [    INFO] 查找元素：['xpath', "//div[@x-placement='bottom-start']//li[2]"] (basics.py:107)
[2022-08-10 14:35:43] [    INFO] 选择点击：['xpath', "//div[@x-placement='bottom-start']//li[2]"] (basics.py:188)
[2022-08-10 14:35:43] [    INFO] 筛选品牌：itel (DRPDataMgmt_ModelDatabase.py:298)
[2022-08-10 14:35:43] [    INFO] 查找元素：('xpath', "//label[@for='seriesSenior']/following-sibling::div//input[@placeholder='请选择']") (basics.py:107)
[2022-08-10 14:35:43] [    INFO] 点击元素：('xpath', "//label[@for='seriesSenior']/following-sibling::div//input[@placeholder='请选择']") (basics.py:191)
[2022-08-10 14:35:46] [    INFO] 查找元素：['xpath', "//div[@x-placement='bottom-start']//li[2]"] (basics.py:107)
[2022-08-10 14:35:46] [    INFO] 选择点击：['xpath', "//div[@x-placement='bottom-start']//li[2]"] (basics.py:188)
[2022-08-10 14:35:46] [    INFO] 筛选大类粗：智能机 (DRPDataMgmt_ModelDatabase.py:309)
[2022-08-10 14:35:46] [    INFO] 查找元素：('xpath', "//label[@for='modelName']/following-sibling::div//input[@placeholder='请输入关键字']") (basics.py:107)
[2022-08-10 14:35:46] [    INFO] 输入文本：S11 64+4 (basics.py:155)
[2022-08-10 14:35:49] [    INFO] 查找元素：['xpath', "//li[@class='el-select-dropdown__item']//span[text()='S11 64+4']"] (basics.py:107)
[2022-08-10 14:35:49] [    INFO] 选择点击：['xpath', "//li[@class='el-select-dropdown__item']//span[text()='S11 64+4']"] (basics.py:188)
[2022-08-10 14:35:49] [    INFO] 筛选机型：S11 64+4 (DRPDataMgmt_ModelDatabase.py:337)
[2022-08-10 14:35:50] [    INFO] 查找元素：('xpath', "//label[@for='marketName']/following-sibling::div//input[@placeholder='请输入关键字']") (basics.py:107)
[2022-08-10 14:35:50] [    INFO] 输入文本：India (basics.py:155)
[2022-08-10 14:35:52] [    INFO] 查找元素：['xpath', "//li[@class='el-select-dropdown__item']//span[text()='India']"] (basics.py:107)
[2022-08-10 14:35:52] [    INFO] 选择点击：['xpath', "//li[@class='el-select-dropdown__item']//span[text()='India']"] (basics.py:188)
[2022-08-10 14:35:52] [    INFO] 筛选市场名：India (DRPDataMgmt_ModelDatabase.py:343)
[2022-08-10 14:35:52] [    INFO] 查找元素：('xpath', "//label[@for='projectSeries']/following-sibling::div//input[@placeholder='请输入关键字']") (basics.py:107)
[2022-08-10 14:35:52] [    INFO] 输入文本：A (basics.py:155)
[2022-08-10 14:35:54] [    INFO] 查找元素：['xpath', "//li[@class='el-select-dropdown__item']//span[text()='A']"] (basics.py:107)
[2022-08-10 14:35:54] [    INFO] 选择点击：['xpath', "//li[@class='el-select-dropdown__item']//span[text()='A']"] (basics.py:188)
[2022-08-10 14:35:54] [    INFO] 筛选系列：A (DRPDataMgmt_ModelDatabase.py:349)
[2022-08-10 14:35:55] [    INFO] 查找元素：('xpath', "//label[@for='modelCode']/following-sibling::div//input[@placeholder='请输入关键字']") (basics.py:107)
[2022-08-10 14:35:55] [    INFO] 输入文本：S11 (basics.py:155)
[2022-08-10 14:35:57] [    INFO] 查找元素：['xpath', "//li[@class='el-select-dropdown__item']//span[text()='S11']"] (basics.py:107)
[2022-08-10 14:35:57] [    INFO] 选择点击：['xpath', "//li[@class='el-select-dropdown__item']//span[text()='S11']"] (basics.py:188)
[2022-08-10 14:35:57] [    INFO] 筛选项目名：S11 (DRPDataMgmt_ModelDatabase.py:355)
[2022-08-10 14:35:57] [    INFO] 查找元素：('xpath', "//label[@for='fstatus']/following-sibling::div//input[@placeholder='请选择']") (basics.py:107)
[2022-08-10 14:35:57] [    INFO] 点击元素：('xpath', "//label[@for='fstatus']/following-sibling::div//input[@placeholder='请选择']") (basics.py:191)
[2022-08-10 14:36:00] [    INFO] 查找元素：['xpath', "//div[@x-placement='bottom-start']//li[2]"] (basics.py:107)
[2022-08-10 14:36:00] [    INFO] 选择点击：['xpath', "//div[@x-placement='bottom-start']//li[2]"] (basics.py:188)
[2022-08-10 14:36:00] [    INFO] 筛选状态：MP (DRPDataMgmt_ModelDatabase.py:370)
[2022-08-10 14:36:00] [    INFO] 查找元素：('xpath', "//label[@for='origin']/following-sibling::div//input[@placeholder='请选择']") (basics.py:107)
[2022-08-10 14:36:00] [    INFO] 点击元素：('xpath', "//label[@for='origin']/following-sibling::div//input[@placeholder='请选择']") (basics.py:191)
[2022-08-10 14:36:03] [    INFO] 查找元素：['xpath', "//div[@x-placement='bottom-start']//li[1]"] (basics.py:107)
[2022-08-10 14:36:03] [    INFO] 选择点击：['xpath', "//div[@x-placement='bottom-start']//li[1]"] (basics.py:188)
[2022-08-10 14:36:03] [    INFO] 筛选来源：数仓 (DRPDataMgmt_ModelDatabase.py:381)
[2022-08-10 14:36:03] [    INFO] 查找元素：('xpath', "//div[@class='el-form-item el-form-item--medium']//label[@for='supplyType']/following-sibling::div//input[@placeholder='请选择']") (basics.py:107)
[2022-08-10 14:36:03] [    INFO] 点击元素：('xpath', "//div[@class='el-form-item el-form-item--medium']//label[@for='supplyType']/following-sibling::div//input[@placeholder='请选择']") (basics.py:191)
[2022-08-10 14:36:05] [    INFO] 查找元素：['xpath', "//div[@x-placement='bottom-start']//li[1]"] (basics.py:107)
[2022-08-10 14:36:05] [    INFO] 选择点击：['xpath', "//div[@x-placement='bottom-start']//li[1]"] (basics.py:188)
[2022-08-10 14:36:05] [    INFO] 筛选供应类型：自研 (DRPDataMgmt_ModelDatabase.py:392)
[2022-08-10 14:36:05] [    INFO] 查找元素：('xpath', "//div[@class='screen-btns']//button//span[contains(text(),'查  询')]") (basics.py:107)
[2022-08-10 14:36:06] [    INFO] 点击元素：('xpath', "//div[@class='screen-btns']//button//span[contains(text(),'查  询')]") (basics.py:191)
[2022-08-10 14:36:06] [    INFO] 筛选查询成功 (DRPDataMgmt_ModelDatabase.py:397)
[2022-08-10 14:36:06] [    INFO] 查找元素：['xpath', "//div[2]//div[3]//table[@class='el-table__body']//tbody//tr//td[22]"] (basics.py:107)
[2022-08-10 14:36:06] [    INFO] 滚动条至：['xpath', "//div[2]//div[3]//table[@class='el-table__body']//tbody//tr//td[22]"] (basics.py:173)
[2022-08-10 14:36:06] [    INFO] 查找元素：['xpath', "//div[2]//div[3]//table[@class='el-table__body']//tbody//tr//td[22]"] (basics.py:118)
[2022-08-10 14:36:06] [    INFO] 获取表格搜索结果的所有信息文本['隆江'] (DRPDataMgmt_ModelDatabase.py:423)
[2022-08-10 14:36:06] [    INFO] 断言成功，选项值包含：('隆江',) (DRPDataMgmt_ModelDatabase.py:436)
[2022-08-10 14:36:06] [    INFO] 列表操作，前置条件过滤完成 (DRPDataMgmt_ModelDatabase.py:413)
[2022-08-10 14:36:06] [    INFO] 查找元素：['xpath', "//div[2]//div[3]//table[@class='el-table__body']//tbody//tr//td[22]"] (basics.py:118)
[2022-08-10 14:36:06] [    INFO] 点击指定行删除按钮成功 (DRPDataMgmt_ModelDatabase.py:493)
[2022-08-10 14:36:06] [    INFO] 查找元素：('xpath', "//p[@class='el-message__content']") (basics.py:107)
[2022-08-10 14:36:07] [    INFO] 获取文本： (basics.py:302)
[2022-08-10 14:36:07] [ WARNING] 断言失败: 两值不等 | a: b:删除成功! (assert_ui.py:23)
[2022-08-10 14:36:07] [   ERROR] None (assert_ui.py:26)
[2022-08-10 14:45:44] [    INFO] 【DRP】项目【test】环境- UI自动化开始执行 (conftest.py:14)
[2022-08-10 14:45:44] [    INFO] 前置条件：传音统一登录开始 (conftest.py:18)
[2022-08-10 14:45:48] [    INFO] 打开网页：http://10.250.112.166:9000/# (basics.py:64)
[2022-08-10 14:45:48] [    INFO] 查找元素：('xpath', "//div[@role='button']") (basics.py:107)
[2022-08-10 14:45:48] [    INFO] 点击元素：('xpath', "//div[@role='button']") (basics.py:191)
[2022-08-10 14:45:52] [    INFO] 查找元素：['xpath', "//*[contains(@id,'dropdown-menu-')]//li[1]"] (basics.py:107)
[2022-08-10 14:45:53] [    INFO] 查找元素：('xpath', "//div[@role='button']") (basics.py:107)
[2022-08-10 14:45:53] [    INFO] 点击元素：('xpath', "//div[@role='button']") (basics.py:191)
[2022-08-10 14:45:54] [    INFO] 查找元素：('id', 'tab-account') (basics.py:107)
[2022-08-10 14:45:54] [    INFO] 点击元素：('id', 'tab-account') (basics.py:191)
[2022-08-10 14:45:55] [    INFO] 查找元素：('xpath', "//*[@id='pane-account']/form/div[1]/div/div[1]/input") (basics.py:107)
[2022-08-10 14:45:55] [    INFO] 输入文本：18649572 (basics.py:138)
[2022-08-10 14:45:56] [    INFO] 查找元素：('xpath', "//*[@id='pane-account']/form/div[2]/div/div[1]/input") (basics.py:107)
[2022-08-10 14:45:57] [    INFO] 输入文本：xLily6x (basics.py:138)
[2022-08-10 14:45:58] [    INFO] 查找元素：('xpath', "//*[@id='pane-account']/form/div[4]/label/span/span") (basics.py:107)
[2022-08-10 14:45:58] [    INFO] 获取状态：False (basics.py:313)
[2022-08-10 14:45:58] [    INFO] 查找元素：('xpath', "//*[@id='pane-account']/form/div[4]/label/span/span") (basics.py:107)
[2022-08-10 14:45:58] [    INFO] 点击元素：('xpath', "//*[@id='pane-account']/form/div[4]/label/span/span") (basics.py:191)
[2022-08-10 14:45:58] [    INFO] 查找元素：('xpath', "//*[@id='pane-account']/form/button") (basics.py:107)
[2022-08-10 14:45:58] [    INFO] 点击元素：('xpath', "//*[@id='pane-account']/form/button") (basics.py:191)
[2022-08-10 14:46:05] [    INFO] 断言成功：URL为预期一致 | URL: http://10.250.112.166:9000/#/dashboard (assert_ui.py:190)
[2022-08-10 14:46:05] [    INFO] 断言成功: 该内容存在数据列表中 | word:隆江 (assert_ui.py:294)
[2022-08-10 14:46:05] [    INFO] 前置条件：传音统一登录成功 (conftest.py:25)
[2022-08-10 14:46:05] [    INFO] 模块前置条件：前往“DRP数据管理-机型库”页面 (DRPDataMgmt_ModelDatabase.py:10)
[2022-08-10 14:46:05] [    INFO] 查找元素：('xpath', '//*[@id="app"]/div/div[1]/div[2]/div[1]/div/ul/div[9]/li/div/span') (basics.py:107)
[2022-08-10 14:46:05] [    INFO] 点击元素：('xpath', '//*[@id="app"]/div/div[1]/div[2]/div[1]/div/ul/div[9]/li/div/span') (basics.py:191)
[2022-08-10 14:46:05] [    INFO] 查找元素：('xpath', "//li[@role='menuitem']//span[contains(text(),'机型库')]") (basics.py:107)
[2022-08-10 14:46:06] [    INFO] 点击元素：('xpath', "//li[@role='menuitem']//span[contains(text(),'机型库')]") (basics.py:191)
[2022-08-10 14:46:08] [    INFO] 断言成功：URL为预期一致 | URL: http://10.250.112.166:9000/#/dataManage/modelLibrary (assert_ui.py:190)
[2022-08-10 14:46:10] [    INFO] 查找元素：['xpath', "//div[@class='wrapper-tabs']//span[contains(text(),'产品信息')]"] (basics.py:107)
[2022-08-10 14:46:10] [    INFO] 选择点击：['xpath', "//div[@class='wrapper-tabs']//span[contains(text(),'产品信息')]"] (basics.py:188)
[2022-08-10 14:46:10] [    INFO] 前往菜单产品信息 (DRPDataMgmt_ModelDatabase.py:20)
[2022-08-10 14:46:10] [    INFO] 查找元素：('xpath', "//div[@class='left-btn']//button[1]") (basics.py:107)
[2022-08-10 14:46:10] [    INFO] 获取文本：新 增 (basics.py:302)
[2022-08-10 14:46:10] [    INFO] 查找元素：('xpath', "//div[@class='btn-tool-info']//button[@type='button']//span[contains(text(),'新 增')]") (basics.py:107)
[2022-08-10 14:46:11] [    INFO] 点击元素：('xpath', "//div[@class='btn-tool-info']//button[@type='button']//span[contains(text(),'新 增')]") (basics.py:191)
[2022-08-10 14:46:11] [    INFO] 打开新增弹窗 (DRPDataMgmt_ModelDatabase.py:31)
[2022-08-10 14:46:11] [    INFO] 查找元素：('xpath', "//div[@class='el-form-item is-required el-form-item--medium']//label[contains(text(),'来源')]/following-sibling::div//input[@placeholder='请选择']") (basics.py:107)
[2022-08-10 14:46:11] [    INFO] 点击元素：('xpath', "//div[@class='el-form-item is-required el-form-item--medium']//label[contains(text(),'来源')]/following-sibling::div//input[@placeholder='请选择']") (basics.py:191)
[2022-08-10 14:46:14] [    INFO] 查找元素：['xpath', "//div[@x-placement='bottom-start']//li[1]"] (basics.py:107)
[2022-08-10 14:46:14] [    INFO] 选择点击：['xpath', "//div[@x-placement='bottom-start']//li[1]"] (basics.py:188)
[2022-08-10 14:46:14] [    INFO] 新增机型来源：数仓 (DRPDataMgmt_ModelDatabase.py:81)
[2022-08-10 14:46:14] [    INFO] 查找元素：('xpath', "//div[@class='el-form-item is-required el-form-item--medium']//label[contains(text(),'供应类型')]/following-sibling::div//input[@placeholder='请选择']") (basics.py:107)
[2022-08-10 14:46:14] [    INFO] 点击元素：('xpath', "//div[@class='el-form-item is-required el-form-item--medium']//label[contains(text(),'供应类型')]/following-sibling::div//input[@placeholder='请选择']") (basics.py:191)
[2022-08-10 14:46:16] [    INFO] 查找元素：['xpath', "//div[@x-placement='bottom-start']//li[1]"] (basics.py:107)
[2022-08-10 14:46:16] [    INFO] 选择点击：['xpath', "//div[@x-placement='bottom-start']//li[1]"] (basics.py:188)
[2022-08-10 14:46:16] [    INFO] 供应商类型：自研 (DRPDataMgmt_ModelDatabase.py:93)
[2022-08-10 14:46:16] [    INFO] 查找元素：('xpath', "//div[@class='el-form-item is-required el-form-item--medium']//label[contains(text(),'品牌')]/following-sibling::div//input[@placeholder='请选择']") (basics.py:107)
[2022-08-10 14:46:16] [    INFO] 点击元素：('xpath', "//div[@class='el-form-item is-required el-form-item--medium']//label[contains(text(),'品牌')]/following-sibling::div//input[@placeholder='请选择']") (basics.py:191)
[2022-08-10 14:46:19] [    INFO] 查找元素：['xpath', "//div[@x-placement='bottom-start']//li[2]"] (basics.py:107)
[2022-08-10 14:46:19] [    INFO] 选择点击：['xpath', "//div[@x-placement='bottom-start']//li[2]"] (basics.py:188)
[2022-08-10 14:46:19] [    INFO] 品牌：itel (DRPDataMgmt_ModelDatabase.py:106)
[2022-08-10 14:46:19] [    INFO] 查找元素：('xpath', "//div[@class='el-form-item is-required el-form-item--medium']//label[contains(text(),'大类粗')]/following-sibling::div//input[@placeholder='请选择']") (basics.py:107)
[2022-08-10 14:46:19] [    INFO] 点击元素：('xpath', "//div[@class='el-form-item is-required el-form-item--medium']//label[contains(text(),'大类粗')]/following-sibling::div//input[@placeholder='请选择']") (basics.py:191)
[2022-08-10 14:46:22] [    INFO] 查找元素：['xpath', "//div[@x-placement='bottom-start']//li[2]"] (basics.py:107)
[2022-08-10 14:46:22] [    INFO] 选择点击：['xpath', "//div[@x-placement='bottom-start']//li[2]"] (basics.py:188)
[2022-08-10 14:46:22] [    INFO] 大类粗：智能机 (DRPDataMgmt_ModelDatabase.py:117)
[2022-08-10 14:46:22] [    INFO] 查找元素：('xpath', "//div[@class='el-form-item is-required el-form-item--medium']//label[contains(text(),'系列')]/following-sibling::div//input[@placeholder='请选择']") (basics.py:107)
[2022-08-10 14:46:22] [    INFO] 点击元素：('xpath', "//div[@class='el-form-item is-required el-form-item--medium']//label[contains(text(),'系列')]/following-sibling::div//input[@placeholder='请选择']") (basics.py:191)
[2022-08-10 14:46:24] [    INFO] 查找元素：['xpath', "//div[@x-placement='bottom-start']//li//span[text()='A']"] (basics.py:107)
[2022-08-10 14:46:24] [    INFO] 选择点击：['xpath', "//div[@x-placement='bottom-start']//li//span[text()='A']"] (basics.py:188)
[2022-08-10 14:46:24] [    INFO] 系列：A (DRPDataMgmt_ModelDatabase.py:136)
[2022-08-10 14:46:24] [    INFO] 查找元素：('xpath', "//label[contains(text(),'项目名')]/following-sibling::div//input[@placeholder='请选择']") (basics.py:107)
[2022-08-10 14:46:25] [    INFO] 点击元素：('xpath', "//label[contains(text(),'项目名')]/following-sibling::div//input[@placeholder='请选择']") (basics.py:191)
[2022-08-10 14:46:27] [    INFO] 查找元素：['xpath', "//div[@x-placement='bottom-start']//li//span[text()='S11']"] (basics.py:107)
[2022-08-10 14:46:27] [    INFO] 选择点击：['xpath', "//div[@x-placement='bottom-start']//li//span[text()='S11']"] (basics.py:188)
[2022-08-10 14:46:27] [    INFO] 来源=数仓，项目名为下拉选项，选择项目：S11 (DRPDataMgmt_ModelDatabase.py:147)
[2022-08-10 14:46:28] [    INFO] 查找元素：('xpath', "//label[contains(text(),'内存版本')]/following-sibling::div//input[@placeholder='请输入']") (basics.py:107)
[2022-08-10 14:46:28] [    INFO] 输入文本：64+4 (basics.py:155)
[2022-08-10 14:46:28] [    INFO] 内存版本：64+4 (DRPDataMgmt_ModelDatabase.py:152)
[2022-08-10 14:46:28] [    INFO] 查找元素：('xpath', "//div[@class='el-form-item is-required el-form-item--medium']//label[contains(text(),'网络制式')]/following-sibling::div//input[@placeholder='请选择']") (basics.py:107)
[2022-08-10 14:46:28] [    INFO] 点击元素：('xpath', "//div[@class='el-form-item is-required el-form-item--medium']//label[contains(text(),'网络制式')]/following-sibling::div//input[@placeholder='请选择']") (basics.py:191)
[2022-08-10 14:46:31] [    INFO] 查找元素：['xpath', "//div[@x-placement='bottom-start']//li[4]"] (basics.py:107)
[2022-08-10 14:46:31] [    INFO] 选择点击：['xpath', "//div[@x-placement='bottom-start']//li[4]"] (basics.py:188)
[2022-08-10 14:46:31] [    INFO] 网络制式：5G (DRPDataMgmt_ModelDatabase.py:167)
[2022-08-10 14:46:31] [    INFO] 查找元素：('xpath', "//label[contains(text(),'市场名')]/following-sibling::div//input[@placeholder='请输入']") (basics.py:107)
[2022-08-10 14:46:31] [    INFO] 输入文本：India (basics.py:155)
[2022-08-10 14:46:31] [    INFO] 市场名：India (DRPDataMgmt_ModelDatabase.py:172)
[2022-08-10 14:46:32] [    INFO] 查找元素：('xpath', "//button[@type='button']//span[contains(text(),'选择')]") (basics.py:107)
[2022-08-10 14:46:33] [    INFO] 点击元素：('xpath', "//button[@type='button']//span[contains(text(),'选择')]") (basics.py:191)
[2022-08-10 14:46:33] [    INFO] 打开颜色弹窗 (DRPDataMgmt_ModelDatabase.py:178)
[2022-08-10 14:46:36] [    INFO] 查找元素：('xpath', "//input[@placeholder='请输入颜色编码或颜色名称']") (basics.py:107)
[2022-08-10 14:46:36] [    INFO] 输入文本：半透黑 (basics.py:155)
[2022-08-10 14:46:37] [    INFO] 查找元素：['xpath', "//div[@class='color-table']//div[2]/table/tbody/tr[1]/td[4]/div/button/span"] (basics.py:103)
[2022-08-10 14:46:37] [    INFO] 颜色：半透黑 (DRPDataMgmt_ModelDatabase.py:189)
[2022-08-10 14:46:37] [    INFO] 查找元素：('xpath', "//div[contains(@class,'wrapper-info')]//div//div[contains(@class,'el-dialog__wrapper')]//div[contains(@aria-label,'选择机型颜色')]//div[contains(@class,'el-dialog__footer')]//span[contains(@class,'dialog-footer')]//div//span[contains(text(),'保存')]") (basics.py:107)
[2022-08-10 14:46:37] [    INFO] 点击元素：('xpath', "//div[contains(@class,'wrapper-info')]//div//div[contains(@class,'el-dialog__wrapper')]//div[contains(@aria-label,'选择机型颜色')]//div[contains(@class,'el-dialog__footer')]//span[contains(@class,'dialog-footer')]//div//span[contains(text(),'保存')]") (basics.py:191)
[2022-08-10 14:46:38] [    INFO] 点击颜色保存按钮 (DRPDataMgmt_ModelDatabase.py:194)
[2022-08-10 14:46:38] [    INFO] 查找元素：('xpath', "//div[@class='el-form-item is-required el-form-item--medium']//label[contains(text(),'状态')]/following-sibling::div//input[@placeholder='请选择']") (basics.py:107)
[2022-08-10 14:46:38] [    INFO] 点击元素：('xpath', "//div[@class='el-form-item is-required el-form-item--medium']//label[contains(text(),'状态')]/following-sibling::div//input[@placeholder='请选择']") (basics.py:191)
[2022-08-10 14:46:40] [    INFO] 查找元素：['xpath', "//div[@x-placement='bottom-start']//li[2]"] (basics.py:107)
[2022-08-10 14:46:40] [    INFO] 选择点击：['xpath', "//div[@x-placement='bottom-start']//li[2]"] (basics.py:188)
[2022-08-10 14:46:40] [    INFO] 状态：MP (DRPDataMgmt_ModelDatabase.py:209)
[2022-08-10 14:46:40] [    INFO] 查找元素：('xpath', "//div[@class='tr-form-row el-row']//span[contains(text(),'确定')]") (basics.py:107)
[2022-08-10 14:46:40] [    INFO] 点击元素：('xpath', "//div[@class='tr-form-row el-row']//span[contains(text(),'确定')]") (basics.py:191)
[2022-08-10 14:46:41] [    INFO] 新增保存成功 (DRPDataMgmt_ModelDatabase.py:253)
[2022-08-10 14:46:43] [    INFO] 查找元素：('xpath', "//p[@class='el-message__content']") (basics.py:107)
[2022-08-10 14:46:43] [    INFO] 获取文本：新增成功! (basics.py:302)
[2022-08-10 14:46:43] [    INFO] 断言成功: 两值相等 | a:新增成功! b:新增成功! (assert_ui.py:24)
[2022-08-10 14:46:43] [    INFO] 查找元素：('xpath', "//div[@class='btn-tool-info']//button[@type='button']//span[contains(text(),'筛选')]") (basics.py:107)
[2022-08-10 14:46:43] [    INFO] 点击元素：('xpath', "//div[@class='btn-tool-info']//button[@type='button']//span[contains(text(),'筛选')]") (basics.py:191)
[2022-08-10 14:46:44] [    INFO] 打开筛选框 (DRPDataMgmt_ModelDatabase.py:51)
[2022-08-10 14:46:44] [    INFO] 查找元素：('xpath', "//label[@for='brandCode']/following-sibling::div//input[@placeholder='请选择']") (basics.py:107)
[2022-08-10 14:49:26] [    INFO] 【DRP】项目【test】环境- UI自动化开始执行 (conftest.py:14)
[2022-08-10 14:49:26] [    INFO] 前置条件：传音统一登录开始 (conftest.py:18)
[2022-08-10 14:49:29] [    INFO] 打开网页：http://10.250.112.166:9000/# (basics.py:64)
[2022-08-10 14:49:29] [    INFO] 查找元素：('xpath', "//div[@role='button']") (basics.py:107)
[2022-08-10 14:49:29] [    INFO] 点击元素：('xpath', "//div[@role='button']") (basics.py:191)
[2022-08-10 14:49:34] [    INFO] 查找元素：['xpath', "//*[contains(@id,'dropdown-menu-')]//li[1]"] (basics.py:107)
[2022-08-10 14:49:35] [    INFO] 查找元素：('xpath', "//div[@role='button']") (basics.py:107)
[2022-08-10 14:49:35] [    INFO] 点击元素：('xpath', "//div[@role='button']") (basics.py:191)
[2022-08-10 14:49:35] [    INFO] 查找元素：('id', 'tab-account') (basics.py:107)
[2022-08-10 14:49:35] [    INFO] 点击元素：('id', 'tab-account') (basics.py:191)
[2022-08-10 14:49:36] [    INFO] 查找元素：('xpath', "//*[@id='pane-account']/form/div[1]/div/div[1]/input") (basics.py:107)
[2022-08-10 14:49:37] [    INFO] 输入文本：18649572 (basics.py:138)
[2022-08-10 14:49:38] [    INFO] 查找元素：('xpath', "//*[@id='pane-account']/form/div[2]/div/div[1]/input") (basics.py:107)
[2022-08-10 14:49:38] [    INFO] 输入文本：xLily6x (basics.py:138)
[2022-08-10 14:49:39] [    INFO] 查找元素：('xpath', "//*[@id='pane-account']/form/div[4]/label/span/span") (basics.py:107)
[2022-08-10 14:49:39] [    INFO] 获取状态：False (basics.py:313)
[2022-08-10 14:49:39] [    INFO] 查找元素：('xpath', "//*[@id='pane-account']/form/div[4]/label/span/span") (basics.py:107)
[2022-08-10 14:49:39] [    INFO] 点击元素：('xpath', "//*[@id='pane-account']/form/div[4]/label/span/span") (basics.py:191)
[2022-08-10 14:49:40] [    INFO] 查找元素：('xpath', "//*[@id='pane-account']/form/button") (basics.py:107)
[2022-08-10 14:49:40] [    INFO] 点击元素：('xpath', "//*[@id='pane-account']/form/button") (basics.py:191)
[2022-08-10 14:49:46] [    INFO] 断言成功：URL为预期一致 | URL: http://10.250.112.166:9000/#/dashboard (assert_ui.py:190)
[2022-08-10 14:49:47] [    INFO] 断言成功: 该内容存在数据列表中 | word:隆江 (assert_ui.py:294)
[2022-08-10 14:49:47] [    INFO] 前置条件：传音统一登录成功 (conftest.py:25)
[2022-08-10 14:49:47] [    INFO] 模块前置条件：前往“DRP数据管理-机型库”页面 (DRPDataMgmt_ModelDatabase.py:10)
[2022-08-10 14:49:47] [    INFO] 查找元素：('xpath', '//*[@id="app"]/div/div[1]/div[2]/div[1]/div/ul/div[9]/li/div/span') (basics.py:107)
[2022-08-10 14:49:47] [    INFO] 点击元素：('xpath', '//*[@id="app"]/div/div[1]/div[2]/div[1]/div/ul/div[9]/li/div/span') (basics.py:191)
[2022-08-10 14:49:47] [    INFO] 查找元素：('xpath', "//li[@role='menuitem']//span[contains(text(),'机型库')]") (basics.py:107)
[2022-08-10 14:49:47] [    INFO] 点击元素：('xpath', "//li[@role='menuitem']//span[contains(text(),'机型库')]") (basics.py:191)
[2022-08-10 14:49:50] [    INFO] 断言成功：URL为预期一致 | URL: http://10.250.112.166:9000/#/dataManage/modelLibrary (assert_ui.py:190)
[2022-08-10 14:49:52] [    INFO] 查找元素：['xpath', "//div[@class='wrapper-tabs']//span[contains(text(),'产品信息')]"] (basics.py:107)
[2022-08-10 14:49:52] [    INFO] 选择点击：['xpath', "//div[@class='wrapper-tabs']//span[contains(text(),'产品信息')]"] (basics.py:188)
[2022-08-10 14:49:52] [    INFO] 前往菜单产品信息 (DRPDataMgmt_ModelDatabase.py:20)
[2022-08-10 14:49:52] [    INFO] 查找元素：('xpath', "//div[@class='left-btn']//button[1]") (basics.py:107)
[2022-08-10 14:49:52] [    INFO] 获取文本：新 增 (basics.py:302)
[2022-08-10 14:49:52] [    INFO] 查找元素：('xpath', "//div[@class='btn-tool-info']//button[@type='button']//span[contains(text(),'新 增')]") (basics.py:107)
[2022-08-10 14:49:52] [    INFO] 点击元素：('xpath', "//div[@class='btn-tool-info']//button[@type='button']//span[contains(text(),'新 增')]") (basics.py:191)
[2022-08-10 14:49:53] [    INFO] 打开新增弹窗 (DRPDataMgmt_ModelDatabase.py:31)
[2022-08-10 14:49:53] [    INFO] 查找元素：('xpath', "//div[@class='el-form-item is-required el-form-item--medium']//label[contains(text(),'来源')]/following-sibling::div//input[@placeholder='请选择']") (basics.py:107)
[2022-08-10 14:49:53] [    INFO] 点击元素：('xpath', "//div[@class='el-form-item is-required el-form-item--medium']//label[contains(text(),'来源')]/following-sibling::div//input[@placeholder='请选择']") (basics.py:191)
[2022-08-10 14:49:55] [    INFO] 查找元素：['xpath', "//div[@x-placement='bottom-start']//li[1]"] (basics.py:107)
[2022-08-10 14:49:55] [    INFO] 选择点击：['xpath', "//div[@x-placement='bottom-start']//li[1]"] (basics.py:188)
[2022-08-10 14:49:55] [    INFO] 新增机型来源：数仓 (DRPDataMgmt_ModelDatabase.py:82)
[2022-08-10 14:49:55] [    INFO] 查找元素：('xpath', "//div[@class='el-form-item is-required el-form-item--medium']//label[contains(text(),'供应类型')]/following-sibling::div//input[@placeholder='请选择']") (basics.py:107)
[2022-08-10 14:49:55] [    INFO] 点击元素：('xpath', "//div[@class='el-form-item is-required el-form-item--medium']//label[contains(text(),'供应类型')]/following-sibling::div//input[@placeholder='请选择']") (basics.py:191)
[2022-08-10 14:49:58] [    INFO] 查找元素：['xpath', "//div[@x-placement='bottom-start']//li[1]"] (basics.py:107)
[2022-08-10 14:49:58] [    INFO] 选择点击：['xpath', "//div[@x-placement='bottom-start']//li[1]"] (basics.py:188)
[2022-08-10 14:49:58] [    INFO] 供应商类型：自研 (DRPDataMgmt_ModelDatabase.py:94)
[2022-08-10 14:49:58] [    INFO] 查找元素：('xpath', "//div[@class='el-form-item is-required el-form-item--medium']//label[contains(text(),'品牌')]/following-sibling::div//input[@placeholder='请选择']") (basics.py:107)
[2022-08-10 14:49:58] [    INFO] 点击元素：('xpath', "//div[@class='el-form-item is-required el-form-item--medium']//label[contains(text(),'品牌')]/following-sibling::div//input[@placeholder='请选择']") (basics.py:191)
[2022-08-10 14:50:00] [    INFO] 查找元素：['xpath', "//div[@x-placement='bottom-start']//li[2]"] (basics.py:107)
[2022-08-10 14:50:01] [    INFO] 选择点击：['xpath', "//div[@x-placement='bottom-start']//li[2]"] (basics.py:188)
[2022-08-10 14:50:01] [    INFO] 品牌：itel (DRPDataMgmt_ModelDatabase.py:107)
[2022-08-10 14:50:01] [    INFO] 查找元素：('xpath', "//div[@class='el-form-item is-required el-form-item--medium']//label[contains(text(),'大类粗')]/following-sibling::div//input[@placeholder='请选择']") (basics.py:107)
[2022-08-10 14:50:01] [    INFO] 点击元素：('xpath', "//div[@class='el-form-item is-required el-form-item--medium']//label[contains(text(),'大类粗')]/following-sibling::div//input[@placeholder='请选择']") (basics.py:191)
[2022-08-10 14:50:03] [    INFO] 查找元素：['xpath', "//div[@x-placement='bottom-start']//li[2]"] (basics.py:107)
[2022-08-10 14:50:03] [    INFO] 选择点击：['xpath', "//div[@x-placement='bottom-start']//li[2]"] (basics.py:188)
[2022-08-10 14:50:03] [    INFO] 大类粗：智能机 (DRPDataMgmt_ModelDatabase.py:118)
[2022-08-10 14:50:03] [    INFO] 查找元素：('xpath', "//div[@class='el-form-item is-required el-form-item--medium']//label[contains(text(),'系列')]/following-sibling::div//input[@placeholder='请选择']") (basics.py:107)
[2022-08-10 14:50:03] [    INFO] 点击元素：('xpath', "//div[@class='el-form-item is-required el-form-item--medium']//label[contains(text(),'系列')]/following-sibling::div//input[@placeholder='请选择']") (basics.py:191)
[2022-08-10 14:50:06] [    INFO] 查找元素：['xpath', "//div[@x-placement='bottom-start']//li//span[text()='A']"] (basics.py:107)
[2022-08-10 14:50:06] [    INFO] 选择点击：['xpath', "//div[@x-placement='bottom-start']//li//span[text()='A']"] (basics.py:188)
[2022-08-10 14:50:06] [    INFO] 系列：A (DRPDataMgmt_ModelDatabase.py:137)
[2022-08-10 14:50:06] [    INFO] 查找元素：('xpath', "//label[contains(text(),'项目名')]/following-sibling::div//input[@placeholder='请选择']") (basics.py:107)
[2022-08-10 14:50:06] [    INFO] 点击元素：('xpath', "//label[contains(text(),'项目名')]/following-sibling::div//input[@placeholder='请选择']") (basics.py:191)
[2022-08-10 14:50:09] [    INFO] 查找元素：['xpath', "//div[@x-placement='bottom-start']//li//span[text()='S11']"] (basics.py:107)
[2022-08-10 14:50:09] [    INFO] 选择点击：['xpath', "//div[@x-placement='bottom-start']//li//span[text()='S11']"] (basics.py:188)
[2022-08-10 14:50:09] [    INFO] 来源=数仓，项目名为下拉选项，选择项目：S11 (DRPDataMgmt_ModelDatabase.py:148)
[2022-08-10 14:50:09] [    INFO] 查找元素：('xpath', "//label[contains(text(),'内存版本')]/following-sibling::div//input[@placeholder='请输入']") (basics.py:107)
[2022-08-10 14:50:10] [    INFO] 输入文本：64+4 (basics.py:155)
[2022-08-10 14:50:10] [    INFO] 内存版本：64+4 (DRPDataMgmt_ModelDatabase.py:153)
[2022-08-10 14:50:10] [    INFO] 查找元素：('xpath', "//div[@class='el-form-item is-required el-form-item--medium']//label[contains(text(),'网络制式')]/following-sibling::div//input[@placeholder='请选择']") (basics.py:107)
[2022-08-10 14:50:10] [    INFO] 点击元素：('xpath', "//div[@class='el-form-item is-required el-form-item--medium']//label[contains(text(),'网络制式')]/following-sibling::div//input[@placeholder='请选择']") (basics.py:191)
[2022-08-10 14:50:12] [    INFO] 查找元素：['xpath', "//div[@x-placement='bottom-start']//li[4]"] (basics.py:107)
[2022-08-10 14:50:12] [    INFO] 选择点击：['xpath', "//div[@x-placement='bottom-start']//li[4]"] (basics.py:188)
[2022-08-10 14:50:12] [    INFO] 网络制式：5G (DRPDataMgmt_ModelDatabase.py:168)
[2022-08-10 14:50:13] [    INFO] 查找元素：('xpath', "//label[contains(text(),'市场名')]/following-sibling::div//input[@placeholder='请输入']") (basics.py:107)
[2022-08-10 14:50:13] [    INFO] 输入文本：India (basics.py:155)
[2022-08-10 14:50:13] [    INFO] 市场名：India (DRPDataMgmt_ModelDatabase.py:173)
[2022-08-10 14:50:14] [    INFO] 查找元素：('xpath', "//button[@type='button']//span[contains(text(),'选择')]") (basics.py:107)
[2022-08-10 14:50:14] [    INFO] 点击元素：('xpath', "//button[@type='button']//span[contains(text(),'选择')]") (basics.py:191)
[2022-08-10 14:50:15] [    INFO] 打开颜色弹窗 (DRPDataMgmt_ModelDatabase.py:179)
[2022-08-10 14:50:17] [    INFO] 查找元素：('xpath', "//input[@placeholder='请输入颜色编码或颜色名称']") (basics.py:107)
[2022-08-10 14:50:18] [    INFO] 输入文本：半透黑 (basics.py:155)
[2022-08-10 14:50:19] [    INFO] 查找元素：['xpath', "//div[@class='color-table']//div[2]/table/tbody/tr[1]/td[4]/div/button/span"] (basics.py:103)
[2022-08-10 14:50:19] [    INFO] 颜色：半透黑 (DRPDataMgmt_ModelDatabase.py:190)
[2022-08-10 14:50:19] [    INFO] 查找元素：('xpath', "//div[contains(@class,'wrapper-info')]//div//div[contains(@class,'el-dialog__wrapper')]//div[contains(@aria-label,'选择机型颜色')]//div[contains(@class,'el-dialog__footer')]//span[contains(@class,'dialog-footer')]//div//span[contains(text(),'保存')]") (basics.py:107)
[2022-08-10 14:50:19] [    INFO] 点击元素：('xpath', "//div[contains(@class,'wrapper-info')]//div//div[contains(@class,'el-dialog__wrapper')]//div[contains(@aria-label,'选择机型颜色')]//div[contains(@class,'el-dialog__footer')]//span[contains(@class,'dialog-footer')]//div//span[contains(text(),'保存')]") (basics.py:191)
[2022-08-10 14:50:20] [    INFO] 点击颜色保存按钮 (DRPDataMgmt_ModelDatabase.py:195)
[2022-08-10 14:50:20] [    INFO] 查找元素：('xpath', "//div[@class='el-form-item is-required el-form-item--medium']//label[contains(text(),'状态')]/following-sibling::div//input[@placeholder='请选择']") (basics.py:107)
[2022-08-10 14:50:20] [    INFO] 点击元素：('xpath', "//div[@class='el-form-item is-required el-form-item--medium']//label[contains(text(),'状态')]/following-sibling::div//input[@placeholder='请选择']") (basics.py:191)
[2022-08-10 14:50:22] [    INFO] 查找元素：['xpath', "//div[@x-placement='bottom-start']//li[2]"] (basics.py:107)
[2022-08-10 14:50:22] [    INFO] 选择点击：['xpath', "//div[@x-placement='bottom-start']//li[2]"] (basics.py:188)
[2022-08-10 14:50:22] [    INFO] 状态：MP (DRPDataMgmt_ModelDatabase.py:210)
[2022-08-10 14:50:22] [    INFO] 查找元素：('xpath', "//div[@class='tr-form-row el-row']//span[contains(text(),'确定')]") (basics.py:107)
[2022-08-10 14:50:22] [    INFO] 点击元素：('xpath', "//div[@class='tr-form-row el-row']//span[contains(text(),'确定')]") (basics.py:191)
[2022-08-10 14:50:23] [    INFO] 新增保存成功 (DRPDataMgmt_ModelDatabase.py:254)
[2022-08-10 14:50:23] [    INFO] 查找元素：('xpath', "//p[@class='el-message__content']") (basics.py:107)
[2022-08-10 14:50:23] [    INFO] 获取文本：新增成功! (basics.py:302)
[2022-08-10 14:50:23] [    INFO] 断言成功: 两值相等 | a:新增成功! b:新增成功! (assert_ui.py:24)
[2022-08-10 14:50:23] [    INFO] 查找元素：('xpath', "//div[@class='btn-tool-info']//button[@type='button']//span[contains(text(),'筛选')]") (basics.py:107)
[2022-08-10 14:50:24] [    INFO] 点击元素：('xpath', "//div[@class='btn-tool-info']//button[@type='button']//span[contains(text(),'筛选')]") (basics.py:191)
[2022-08-10 14:50:24] [    INFO] 打开筛选框 (DRPDataMgmt_ModelDatabase.py:51)
[2022-08-10 14:50:25] [    INFO] 查找元素：('xpath', "//label[@for='brandCode']/following-sibling::div//input[@placeholder='请选择']") (basics.py:107)
