[2022-08-08 15:09:28] [    INFO] 【DRP】项目【test】环境- UI自动化开始执行 (conftest.py:14)
[2022-08-08 15:09:28] [    INFO] 前置条件：传音统一登录开始 (conftest.py:18)
[2022-08-08 15:09:31] [    INFO] 打开网页：http://10.250.112.166:9000/# (basics.py:64)
[2022-08-08 15:09:31] [    INFO] 查找元素：('xpath', "//div[@role='button']") (basics.py:107)
[2022-08-08 15:09:31] [    INFO] 点击元素：('xpath', "//div[@role='button']") (basics.py:191)
[2022-08-08 15:09:36] [    INFO] 查找元素：['xpath', "//*[contains(@id,'dropdown-menu-')]//li[1]"] (basics.py:107)
[2022-08-08 15:09:37] [    INFO] 查找元素：('xpath', "//div[@role='button']") (basics.py:107)
[2022-08-08 15:09:37] [    INFO] 点击元素：('xpath', "//div[@role='button']") (basics.py:191)
[2022-08-08 15:09:37] [    INFO] 查找元素：('id', 'tab-account') (basics.py:107)
[2022-08-08 15:09:37] [    INFO] 点击元素：('id', 'tab-account') (basics.py:191)
[2022-08-08 15:09:38] [    INFO] 查找元素：('xpath', "//*[@id='pane-account']/form/div[1]/div/div[1]/input") (basics.py:107)
[2022-08-08 15:09:38] [    INFO] 输入文本：18649572 (basics.py:138)
[2022-08-08 15:09:40] [    INFO] 查找元素：('xpath', "//*[@id='pane-account']/form/div[2]/div/div[1]/input") (basics.py:107)
[2022-08-08 15:09:40] [    INFO] 输入文本：xLily6x (basics.py:138)
[2022-08-08 15:09:41] [    INFO] 查找元素：('xpath', "//*[@id='pane-account']/form/div[4]/label/span/span") (basics.py:107)
[2022-08-08 15:09:41] [    INFO] 获取状态：False (basics.py:311)
[2022-08-08 15:09:41] [    INFO] 查找元素：('xpath', "//*[@id='pane-account']/form/div[4]/label/span/span") (basics.py:107)
[2022-08-08 15:09:41] [    INFO] 点击元素：('xpath', "//*[@id='pane-account']/form/div[4]/label/span/span") (basics.py:191)
[2022-08-08 15:09:42] [    INFO] 查找元素：('xpath', "//*[@id='pane-account']/form/button") (basics.py:107)
[2022-08-08 15:09:42] [    INFO] 点击元素：('xpath', "//*[@id='pane-account']/form/button") (basics.py:191)
[2022-08-08 15:09:48] [    INFO] 断言成功：URL为预期一致 | URL: http://10.250.112.166:9000/#/dashboard (assert_ui.py:190)
[2022-08-08 15:09:48] [    INFO] 断言成功: 该内容存在数据列表中 | word:隆江 (assert_ui.py:294)
[2022-08-08 15:09:48] [    INFO] 前置条件：传音统一登录成功 (conftest.py:25)
[2022-08-08 15:09:48] [    INFO] 模块前置条件：前往“DRP数据管理-机型库”页面 (DRPDataMgmt_ModelDatabase.py:10)
[2022-08-08 15:09:48] [    INFO] 查找元素：('xpath', '//*[@id="app"]/div/div[1]/div[2]/div[1]/div/ul/div[9]/li/div/span') (basics.py:107)
[2022-08-08 15:09:48] [    INFO] 点击元素：('xpath', '//*[@id="app"]/div/div[1]/div[2]/div[1]/div/ul/div[9]/li/div/span') (basics.py:191)
[2022-08-08 15:09:49] [    INFO] 查找元素：('xpath', "//li[@role='menuitem']//span[contains(text(),'机型库')]") (basics.py:107)
[2022-08-08 15:09:49] [    INFO] 点击元素：('xpath', "//li[@role='menuitem']//span[contains(text(),'机型库')]") (basics.py:191)
[2022-08-08 15:09:52] [    INFO] 断言成功：URL为预期一致 | URL: http://10.250.112.166:9000/#/dataManage/modelLibrary (assert_ui.py:190)
[2022-08-08 15:09:54] [    INFO] 查找元素：['xpath', "//div[@class='wrapper-tabs']//span[contains(text(),'产品信息')]"] (basics.py:107)
[2022-08-08 15:09:54] [    INFO] 选择点击：['xpath', "//div[@class='wrapper-tabs']//span[contains(text(),'产品信息')]"] (basics.py:188)
[2022-08-08 15:09:54] [    INFO] 前往菜单产品信息 (DRPDataMgmt_ModelDatabase.py:19)
[2022-08-08 15:09:54] [    INFO] 查找元素：('xpath', "//div[@class='left-btn']//button[1]") (basics.py:107)
[2022-08-08 15:09:54] [    INFO] 获取文本：新 增 (basics.py:300)
[2022-08-08 15:09:54] [    INFO] 查找元素：('xpath', "//div[@class='btn-tool-info']//button[@type='button']//span[contains(text(),'筛选')]") (basics.py:107)
[2022-08-08 15:09:54] [    INFO] 点击元素：('xpath', "//div[@class='btn-tool-info']//button[@type='button']//span[contains(text(),'筛选')]") (basics.py:191)
[2022-08-08 15:09:54] [    INFO] 打开筛选框 (DRPDataMgmt_ModelDatabase.py:47)
[2022-08-08 15:09:54] [    INFO] 查找元素：('xpath', "//label[@for='brandCode']/following-sibling::div//input[@placeholder='请选择']") (basics.py:107)
[2022-08-08 15:09:54] [    INFO] 点击元素：('xpath', "//label[@for='brandCode']/following-sibling::div//input[@placeholder='请选择']") (basics.py:191)
[2022-08-08 15:09:57] [    INFO] 查找元素：['xpath', "//div[@x-placement='bottom-start']//li[2]"] (basics.py:107)
[2022-08-08 15:09:57] [    INFO] 选择点击：['xpath', "//div[@x-placement='bottom-start']//li[2]"] (basics.py:188)
[2022-08-08 15:09:57] [    INFO] 筛选品牌：itel (DRPDataMgmt_ModelDatabase.py:310)
[2022-08-08 15:09:57] [    INFO] 查找元素：('xpath', "//label[@for='seriesSenior']/following-sibling::div//input[@placeholder='请选择']") (basics.py:107)
[2022-08-08 15:09:57] [    INFO] 点击元素：('xpath', "//label[@for='seriesSenior']/following-sibling::div//input[@placeholder='请选择']") (basics.py:191)
[2022-08-08 15:09:59] [    INFO] 查找元素：['xpath', "//div[@x-placement='bottom-start']//li[2]"] (basics.py:107)
[2022-08-08 15:10:00] [    INFO] 选择点击：['xpath', "//div[@x-placement='bottom-start']//li[2]"] (basics.py:188)
[2022-08-08 15:10:00] [    INFO] 筛选大类粗：智能机 (DRPDataMgmt_ModelDatabase.py:321)
[2022-08-08 15:10:00] [    INFO] 查找元素：('xpath', "//label[@for='modelName']/following-sibling::div//input[@placeholder='请输入关键字']") (basics.py:107)
[2022-08-08 15:10:00] [    INFO] 输入文本：S11 64+4 (basics.py:155)
[2022-08-08 15:10:03] [    INFO] 查找元素：['xpath', "//li[@class='el-select-dropdown__item']//span[text()='S11 64+4']"] (basics.py:107)
[2022-08-08 15:10:03] [    INFO] 选择点击：['xpath', "//li[@class='el-select-dropdown__item']//span[text()='S11 64+4']"] (basics.py:188)
[2022-08-08 15:10:03] [    INFO] 筛选机型：S11 64+4 (DRPDataMgmt_ModelDatabase.py:349)
[2022-08-08 15:10:03] [    INFO] 查找元素：('xpath', "//label[@for='marketName']/following-sibling::div//input[@placeholder='请输入关键字']") (basics.py:107)
[2022-08-08 15:10:03] [    INFO] 输入文本：India (basics.py:155)
[2022-08-08 15:10:05] [    INFO] 查找元素：['xpath', "//li[@class='el-select-dropdown__item']//span[text()='India']"] (basics.py:107)
[2022-08-08 15:10:06] [    INFO] 选择点击：['xpath', "//li[@class='el-select-dropdown__item']//span[text()='India']"] (basics.py:188)
[2022-08-08 15:10:06] [    INFO] 筛选市场名：India (DRPDataMgmt_ModelDatabase.py:355)
[2022-08-08 15:10:06] [    INFO] 查找元素：('xpath', "//label[@for='projectSeries']/following-sibling::div//input[@placeholder='请输入关键字']") (basics.py:107)
[2022-08-08 15:10:06] [    INFO] 输入文本：A (basics.py:155)
[2022-08-08 15:10:08] [    INFO] 查找元素：['xpath', "//li[@class='el-select-dropdown__item']//span[text()='A']"] (basics.py:107)
[2022-08-08 15:10:08] [    INFO] 选择点击：['xpath', "//li[@class='el-select-dropdown__item']//span[text()='A']"] (basics.py:188)
[2022-08-08 15:10:08] [    INFO] 筛选系列：A (DRPDataMgmt_ModelDatabase.py:361)
[2022-08-08 15:10:09] [    INFO] 查找元素：('xpath', "//label[@for='modelCode']/following-sibling::div//input[@placeholder='请输入关键字']") (basics.py:107)
[2022-08-08 15:10:09] [    INFO] 输入文本：S11 (basics.py:155)
[2022-08-08 15:10:11] [    INFO] 查找元素：['xpath', "//li[@class='el-select-dropdown__item']//span[text()='S11']"] (basics.py:107)
[2022-08-08 15:10:11] [    INFO] 选择点击：['xpath', "//li[@class='el-select-dropdown__item']//span[text()='S11']"] (basics.py:188)
[2022-08-08 15:10:11] [    INFO] 筛选项目名：S11 (DRPDataMgmt_ModelDatabase.py:367)
[2022-08-08 15:10:11] [    INFO] 查找元素：('xpath', "//label[@for='fstatus']/following-sibling::div//input[@placeholder='请选择']") (basics.py:107)
[2022-08-08 15:10:11] [    INFO] 点击元素：('xpath', "//label[@for='fstatus']/following-sibling::div//input[@placeholder='请选择']") (basics.py:191)
[2022-08-08 15:10:13] [    INFO] 查找元素：['xpath', "//div[@x-placement='bottom-start']//li[2]"] (basics.py:107)
[2022-08-08 15:10:14] [    INFO] 选择点击：['xpath', "//div[@x-placement='bottom-start']//li[2]"] (basics.py:188)
[2022-08-08 15:10:14] [    INFO] 筛选状态：MP (DRPDataMgmt_ModelDatabase.py:383)
[2022-08-08 15:10:14] [    INFO] 查找元素：('xpath', "//label[@for='origin']/following-sibling::div//input[@placeholder='请选择']") (basics.py:107)
[2022-08-08 15:10:14] [    INFO] 点击元素：('xpath', "//label[@for='origin']/following-sibling::div//input[@placeholder='请选择']") (basics.py:191)
[2022-08-08 15:10:16] [    INFO] 查找元素：['xpath', "//div[@x-placement='bottom-start']//li[1]"] (basics.py:107)
[2022-08-08 15:10:16] [    INFO] 选择点击：['xpath', "//div[@x-placement='bottom-start']//li[1]"] (basics.py:188)
[2022-08-08 15:10:16] [    INFO] 筛选来源：数仓 (DRPDataMgmt_ModelDatabase.py:394)
[2022-08-08 15:10:16] [    INFO] 查找元素：('xpath', "//div[@class='el-form-item el-form-item--medium']//label[@for='supplyType']/following-sibling::div//input[@placeholder='请选择']") (basics.py:107)
[2022-08-08 15:10:16] [    INFO] 点击元素：('xpath', "//div[@class='el-form-item el-form-item--medium']//label[@for='supplyType']/following-sibling::div//input[@placeholder='请选择']") (basics.py:191)
[2022-08-08 15:10:19] [    INFO] 查找元素：['xpath', "//div[@x-placement='bottom-start']//li[1]"] (basics.py:107)
[2022-08-08 15:10:19] [    INFO] 选择点击：['xpath', "//div[@x-placement='bottom-start']//li[1]"] (basics.py:188)
[2022-08-08 15:10:19] [    INFO] 筛选供应类型：自研 (DRPDataMgmt_ModelDatabase.py:405)
[2022-08-08 15:10:19] [    INFO] 查找元素：('xpath', "//div[@class='screen-btns']//button//span[contains(text(),'查  询')]") (basics.py:107)
[2022-08-08 15:10:19] [    INFO] 点击元素：('xpath', "//div[@class='screen-btns']//button//span[contains(text(),'查  询')]") (basics.py:191)
[2022-08-08 15:10:20] [    INFO] 筛选查询 (DRPDataMgmt_ModelDatabase.py:410)
[2022-08-08 15:10:20] [    INFO] 查找元素：['xpath', "//div[2]//div[3]//table[@class='el-table__body']//tbody//tr//td[22]"] (basics.py:107)
[2022-08-08 15:10:20] [    INFO] 滚动条至：['xpath', "//div[2]//div[3]//table[@class='el-table__body']//tbody//tr//td[22]"] (basics.py:173)
[2022-08-08 15:10:20] [    INFO] 查找元素：['xpath', "//div[2]//div[3]//table[@class='el-table__body']//tbody//tr//td[22]"] (basics.py:118)
[2022-08-08 15:10:20] [    INFO] 获取表格搜索结果的所有信息文本['隆江'] (DRPDataMgmt_ModelDatabase.py:432)
[2022-08-08 15:10:20] [    INFO] 断言成功，选项值包含：('隆江',) (DRPDataMgmt_ModelDatabase.py:445)
[2022-08-08 15:10:20] [    INFO] 列表操作，前置条件过滤完成 (DRPDataMgmt_ModelDatabase.py:354)
[2022-08-08 15:10:20] [    INFO] 查找元素：['xpath', "//div[2]//div[3]//table[@class='el-table__body']//tbody//tr//td[22]"] (basics.py:118)
[2022-08-08 15:10:20] [    INFO] 查找元素：['xpath', "//div[2]//div[3]//table[@class='el-table__body']//tbody//tr[1]//td[24]//button[1]"] (basics.py:103)
[2022-08-08 15:11:04] [    INFO] 【DRP】项目【test】环境- UI自动化开始执行 (conftest.py:14)
[2022-08-08 15:11:04] [    INFO] 前置条件：传音统一登录开始 (conftest.py:18)
[2022-08-08 15:11:08] [    INFO] 打开网页：http://10.250.112.166:9000/# (basics.py:64)
[2022-08-08 15:11:08] [    INFO] 查找元素：('xpath', "//div[@role='button']") (basics.py:107)
[2022-08-08 15:11:08] [    INFO] 点击元素：('xpath', "//div[@role='button']") (basics.py:191)
[2022-08-08 15:11:12] [    INFO] 查找元素：['xpath', "//*[contains(@id,'dropdown-menu-')]//li[1]"] (basics.py:107)
[2022-08-08 15:11:13] [    INFO] 查找元素：('xpath', "//div[@role='button']") (basics.py:107)
[2022-08-08 15:11:13] [    INFO] 点击元素：('xpath', "//div[@role='button']") (basics.py:191)
[2022-08-08 15:11:14] [    INFO] 查找元素：('id', 'tab-account') (basics.py:107)
[2022-08-08 15:11:14] [    INFO] 点击元素：('id', 'tab-account') (basics.py:191)
[2022-08-08 15:11:15] [    INFO] 查找元素：('xpath', "//*[@id='pane-account']/form/div[1]/div/div[1]/input") (basics.py:107)
[2022-08-08 15:11:15] [    INFO] 输入文本：18649572 (basics.py:138)
[2022-08-08 15:11:16] [    INFO] 查找元素：('xpath', "//*[@id='pane-account']/form/div[2]/div/div[1]/input") (basics.py:107)
[2022-08-08 15:11:16] [    INFO] 输入文本：xLily6x (basics.py:138)
[2022-08-08 15:11:17] [    INFO] 查找元素：('xpath', "//*[@id='pane-account']/form/div[4]/label/span/span") (basics.py:107)
[2022-08-08 15:11:17] [    INFO] 获取状态：False (basics.py:311)
[2022-08-08 15:11:17] [    INFO] 查找元素：('xpath', "//*[@id='pane-account']/form/div[4]/label/span/span") (basics.py:107)
[2022-08-08 15:11:17] [    INFO] 点击元素：('xpath', "//*[@id='pane-account']/form/div[4]/label/span/span") (basics.py:191)
[2022-08-08 15:11:18] [    INFO] 查找元素：('xpath', "//*[@id='pane-account']/form/button") (basics.py:107)
[2022-08-08 15:11:18] [    INFO] 点击元素：('xpath', "//*[@id='pane-account']/form/button") (basics.py:191)
[2022-08-08 15:11:24] [    INFO] 断言成功：URL为预期一致 | URL: http://10.250.112.166:9000/#/dashboard (assert_ui.py:190)
[2022-08-08 15:11:25] [    INFO] 断言成功: 该内容存在数据列表中 | word:隆江 (assert_ui.py:294)
[2022-08-08 15:11:25] [    INFO] 前置条件：传音统一登录成功 (conftest.py:25)
[2022-08-08 15:11:25] [    INFO] 模块前置条件：前往“DRP数据管理-机型库”页面 (DRPDataMgmt_ModelDatabase.py:10)
[2022-08-08 15:11:25] [    INFO] 查找元素：('xpath', '//*[@id="app"]/div/div[1]/div[2]/div[1]/div/ul/div[9]/li/div/span') (basics.py:107)
[2022-08-08 15:11:25] [    INFO] 点击元素：('xpath', '//*[@id="app"]/div/div[1]/div[2]/div[1]/div/ul/div[9]/li/div/span') (basics.py:191)
[2022-08-08 15:11:25] [    INFO] 查找元素：('xpath', "//li[@role='menuitem']//span[contains(text(),'机型库')]") (basics.py:107)
[2022-08-08 15:11:25] [    INFO] 点击元素：('xpath', "//li[@role='menuitem']//span[contains(text(),'机型库')]") (basics.py:191)
[2022-08-08 15:11:28] [    INFO] 断言成功：URL为预期一致 | URL: http://10.250.112.166:9000/#/dataManage/modelLibrary (assert_ui.py:190)
[2022-08-08 15:11:30] [    INFO] 查找元素：['xpath', "//div[@class='wrapper-tabs']//span[contains(text(),'产品信息')]"] (basics.py:107)
[2022-08-08 15:11:30] [    INFO] 选择点击：['xpath', "//div[@class='wrapper-tabs']//span[contains(text(),'产品信息')]"] (basics.py:188)
[2022-08-08 15:11:30] [    INFO] 前往菜单产品信息 (DRPDataMgmt_ModelDatabase.py:19)
[2022-08-08 15:11:30] [    INFO] 查找元素：('xpath', "//div[@class='left-btn']//button[1]") (basics.py:107)
[2022-08-08 15:11:30] [    INFO] 获取文本：新 增 (basics.py:300)
[2022-08-08 15:11:30] [    INFO] 查找元素：('xpath', "//div[@class='btn-tool-info']//button[@type='button']//span[contains(text(),'筛选')]") (basics.py:107)
[2022-08-08 15:11:30] [    INFO] 点击元素：('xpath', "//div[@class='btn-tool-info']//button[@type='button']//span[contains(text(),'筛选')]") (basics.py:191)
[2022-08-08 15:11:31] [    INFO] 打开筛选框 (DRPDataMgmt_ModelDatabase.py:47)
[2022-08-08 15:11:31] [    INFO] 查找元素：('xpath', "//label[@for='brandCode']/following-sibling::div//input[@placeholder='请选择']") (basics.py:107)
[2022-08-08 15:11:31] [    INFO] 点击元素：('xpath', "//label[@for='brandCode']/following-sibling::div//input[@placeholder='请选择']") (basics.py:191)
[2022-08-08 15:11:33] [    INFO] 查找元素：['xpath', "//div[@x-placement='bottom-start']//li[2]"] (basics.py:107)
[2022-08-08 15:11:33] [    INFO] 选择点击：['xpath', "//div[@x-placement='bottom-start']//li[2]"] (basics.py:188)
[2022-08-08 15:11:33] [    INFO] 筛选品牌：itel (DRPDataMgmt_ModelDatabase.py:310)
[2022-08-08 15:11:33] [    INFO] 查找元素：('xpath', "//label[@for='seriesSenior']/following-sibling::div//input[@placeholder='请选择']") (basics.py:107)
[2022-08-08 15:11:33] [    INFO] 点击元素：('xpath', "//label[@for='seriesSenior']/following-sibling::div//input[@placeholder='请选择']") (basics.py:191)
[2022-08-08 15:11:36] [    INFO] 查找元素：['xpath', "//div[@x-placement='bottom-start']//li[2]"] (basics.py:107)
[2022-08-08 15:11:36] [    INFO] 选择点击：['xpath', "//div[@x-placement='bottom-start']//li[2]"] (basics.py:188)
[2022-08-08 15:11:36] [    INFO] 筛选大类粗：智能机 (DRPDataMgmt_ModelDatabase.py:321)
[2022-08-08 15:11:36] [    INFO] 查找元素：('xpath', "//label[@for='modelName']/following-sibling::div//input[@placeholder='请输入关键字']") (basics.py:107)
[2022-08-08 15:11:37] [    INFO] 输入文本：S11 64+4 (basics.py:155)
[2022-08-08 15:11:39] [    INFO] 查找元素：['xpath', "//li[@class='el-select-dropdown__item']//span[text()='S11 64+4']"] (basics.py:107)
[2022-08-08 15:11:39] [    INFO] 选择点击：['xpath', "//li[@class='el-select-dropdown__item']//span[text()='S11 64+4']"] (basics.py:188)
[2022-08-08 15:11:39] [    INFO] 筛选机型：S11 64+4 (DRPDataMgmt_ModelDatabase.py:349)
[2022-08-08 15:11:40] [    INFO] 查找元素：('xpath', "//label[@for='marketName']/following-sibling::div//input[@placeholder='请输入关键字']") (basics.py:107)
[2022-08-08 15:11:40] [    INFO] 输入文本：India (basics.py:155)
[2022-08-08 15:11:42] [    INFO] 查找元素：['xpath', "//li[@class='el-select-dropdown__item']//span[text()='India']"] (basics.py:107)
[2022-08-08 15:11:42] [    INFO] 选择点击：['xpath', "//li[@class='el-select-dropdown__item']//span[text()='India']"] (basics.py:188)
[2022-08-08 15:11:42] [    INFO] 筛选市场名：India (DRPDataMgmt_ModelDatabase.py:355)
[2022-08-08 15:11:42] [    INFO] 查找元素：('xpath', "//label[@for='projectSeries']/following-sibling::div//input[@placeholder='请输入关键字']") (basics.py:107)
[2022-08-08 15:11:42] [    INFO] 输入文本：A (basics.py:155)
[2022-08-08 15:11:44] [    INFO] 查找元素：['xpath', "//li[@class='el-select-dropdown__item']//span[text()='A']"] (basics.py:107)
[2022-08-08 15:11:44] [    INFO] 选择点击：['xpath', "//li[@class='el-select-dropdown__item']//span[text()='A']"] (basics.py:188)
[2022-08-08 15:11:44] [    INFO] 筛选系列：A (DRPDataMgmt_ModelDatabase.py:361)
[2022-08-08 15:11:45] [    INFO] 查找元素：('xpath', "//label[@for='modelCode']/following-sibling::div//input[@placeholder='请输入关键字']") (basics.py:107)
[2022-08-08 15:11:45] [    INFO] 输入文本：S11 (basics.py:155)
[2022-08-08 15:11:47] [    INFO] 查找元素：['xpath', "//li[@class='el-select-dropdown__item']//span[text()='S11']"] (basics.py:107)
[2022-08-08 15:11:47] [    INFO] 选择点击：['xpath', "//li[@class='el-select-dropdown__item']//span[text()='S11']"] (basics.py:188)
[2022-08-08 15:11:47] [    INFO] 筛选项目名：S11 (DRPDataMgmt_ModelDatabase.py:367)
[2022-08-08 15:11:47] [    INFO] 查找元素：('xpath', "//label[@for='fstatus']/following-sibling::div//input[@placeholder='请选择']") (basics.py:107)
[2022-08-08 15:11:47] [    INFO] 点击元素：('xpath', "//label[@for='fstatus']/following-sibling::div//input[@placeholder='请选择']") (basics.py:191)
[2022-08-08 15:11:50] [    INFO] 查找元素：['xpath', "//div[@x-placement='bottom-start']//li[2]"] (basics.py:107)
[2022-08-08 15:11:50] [    INFO] 选择点击：['xpath', "//div[@x-placement='bottom-start']//li[2]"] (basics.py:188)
[2022-08-08 15:11:50] [    INFO] 筛选状态：MP (DRPDataMgmt_ModelDatabase.py:383)
[2022-08-08 15:11:50] [    INFO] 查找元素：('xpath', "//label[@for='origin']/following-sibling::div//input[@placeholder='请选择']") (basics.py:107)
[2022-08-08 15:11:50] [    INFO] 点击元素：('xpath', "//label[@for='origin']/following-sibling::div//input[@placeholder='请选择']") (basics.py:191)
[2022-08-08 15:11:52] [    INFO] 查找元素：['xpath', "//div[@x-placement='bottom-start']//li[1]"] (basics.py:107)
[2022-08-08 15:11:52] [    INFO] 选择点击：['xpath', "//div[@x-placement='bottom-start']//li[1]"] (basics.py:188)
[2022-08-08 15:11:52] [    INFO] 筛选来源：数仓 (DRPDataMgmt_ModelDatabase.py:394)
[2022-08-08 15:11:52] [    INFO] 查找元素：('xpath', "//div[@class='el-form-item el-form-item--medium']//label[@for='supplyType']/following-sibling::div//input[@placeholder='请选择']") (basics.py:107)
[2022-08-08 15:11:53] [    INFO] 点击元素：('xpath', "//div[@class='el-form-item el-form-item--medium']//label[@for='supplyType']/following-sibling::div//input[@placeholder='请选择']") (basics.py:191)
[2022-08-08 15:11:55] [    INFO] 查找元素：['xpath', "//div[@x-placement='bottom-start']//li[1]"] (basics.py:107)
[2022-08-08 15:11:55] [    INFO] 选择点击：['xpath', "//div[@x-placement='bottom-start']//li[1]"] (basics.py:188)
[2022-08-08 15:11:55] [    INFO] 筛选供应类型：自研 (DRPDataMgmt_ModelDatabase.py:405)
[2022-08-08 15:11:55] [    INFO] 查找元素：('xpath', "//div[@class='screen-btns']//button//span[contains(text(),'查  询')]") (basics.py:107)
[2022-08-08 15:11:55] [    INFO] 点击元素：('xpath', "//div[@class='screen-btns']//button//span[contains(text(),'查  询')]") (basics.py:191)
[2022-08-08 15:11:56] [    INFO] 筛选查询 (DRPDataMgmt_ModelDatabase.py:410)
[2022-08-08 15:11:56] [    INFO] 查找元素：['xpath', "//div[2]//div[3]//table[@class='el-table__body']//tbody//tr//td[22]"] (basics.py:107)
[2022-08-08 15:11:56] [    INFO] 滚动条至：['xpath', "//div[2]//div[3]//table[@class='el-table__body']//tbody//tr//td[22]"] (basics.py:173)
[2022-08-08 15:11:56] [    INFO] 查找元素：['xpath', "//div[2]//div[3]//table[@class='el-table__body']//tbody//tr//td[22]"] (basics.py:118)
[2022-08-08 15:11:56] [    INFO] 获取表格搜索结果的所有信息文本['隆江'] (DRPDataMgmt_ModelDatabase.py:432)
[2022-08-08 15:11:56] [    INFO] 断言成功，选项值包含：('隆江',) (DRPDataMgmt_ModelDatabase.py:445)
[2022-08-08 15:11:56] [    INFO] 列表操作，前置条件过滤完成 (DRPDataMgmt_ModelDatabase.py:354)
[2022-08-08 15:11:56] [    INFO] 查找元素：['xpath', "//div[2]//div[3]//table[@class='el-table__body']//tbody//tr//td[22]"] (basics.py:118)
[2022-08-08 15:14:53] [    INFO] 【DRP】项目【test】环境- UI自动化开始执行 (conftest.py:14)
[2022-08-08 15:14:53] [    INFO] 前置条件：传音统一登录开始 (conftest.py:18)
[2022-08-08 15:14:56] [    INFO] 打开网页：http://10.250.112.166:9000/# (basics.py:64)
[2022-08-08 15:14:56] [    INFO] 查找元素：('xpath', "//div[@role='button']") (basics.py:107)
[2022-08-08 15:14:56] [    INFO] 点击元素：('xpath', "//div[@role='button']") (basics.py:191)
[2022-08-08 15:15:01] [    INFO] 查找元素：['xpath', "//*[contains(@id,'dropdown-menu-')]//li[1]"] (basics.py:107)
[2022-08-08 15:15:02] [    INFO] 查找元素：('xpath', "//div[@role='button']") (basics.py:107)
[2022-08-08 15:15:02] [    INFO] 点击元素：('xpath', "//div[@role='button']") (basics.py:191)
[2022-08-08 15:15:02] [    INFO] 查找元素：('id', 'tab-account') (basics.py:107)
[2022-08-08 15:15:02] [    INFO] 点击元素：('id', 'tab-account') (basics.py:191)
[2022-08-08 15:15:03] [    INFO] 查找元素：('xpath', "//*[@id='pane-account']/form/div[1]/div/div[1]/input") (basics.py:107)
[2022-08-08 15:15:03] [    INFO] 输入文本：18649572 (basics.py:138)
[2022-08-08 15:15:05] [    INFO] 查找元素：('xpath', "//*[@id='pane-account']/form/div[2]/div/div[1]/input") (basics.py:107)
[2022-08-08 15:15:05] [    INFO] 输入文本：xLily6x (basics.py:138)
[2022-08-08 15:15:06] [    INFO] 查找元素：('xpath', "//*[@id='pane-account']/form/div[4]/label/span/span") (basics.py:107)
[2022-08-08 15:15:06] [    INFO] 获取状态：False (basics.py:311)
[2022-08-08 15:15:06] [    INFO] 查找元素：('xpath', "//*[@id='pane-account']/form/div[4]/label/span/span") (basics.py:107)
[2022-08-08 15:15:06] [    INFO] 点击元素：('xpath', "//*[@id='pane-account']/form/div[4]/label/span/span") (basics.py:191)
[2022-08-08 15:15:06] [    INFO] 查找元素：('xpath', "//*[@id='pane-account']/form/button") (basics.py:107)
[2022-08-08 15:15:07] [    INFO] 点击元素：('xpath', "//*[@id='pane-account']/form/button") (basics.py:191)
[2022-08-08 15:15:13] [    INFO] 断言成功：URL为预期一致 | URL: http://10.250.112.166:9000/#/dashboard (assert_ui.py:190)
[2022-08-08 15:15:13] [    INFO] 断言成功: 该内容存在数据列表中 | word:隆江 (assert_ui.py:294)
[2022-08-08 15:15:13] [    INFO] 前置条件：传音统一登录成功 (conftest.py:25)
[2022-08-08 15:15:13] [    INFO] 模块前置条件：前往“DRP数据管理-机型库”页面 (DRPDataMgmt_ModelDatabase.py:10)
[2022-08-08 15:15:13] [    INFO] 查找元素：('xpath', '//*[@id="app"]/div/div[1]/div[2]/div[1]/div/ul/div[9]/li/div/span') (basics.py:107)
[2022-08-08 15:15:13] [    INFO] 点击元素：('xpath', '//*[@id="app"]/div/div[1]/div[2]/div[1]/div/ul/div[9]/li/div/span') (basics.py:191)
[2022-08-08 15:15:14] [    INFO] 查找元素：('xpath', "//li[@role='menuitem']//span[contains(text(),'机型库')]") (basics.py:107)
[2022-08-08 15:15:14] [    INFO] 点击元素：('xpath', "//li[@role='menuitem']//span[contains(text(),'机型库')]") (basics.py:191)
[2022-08-08 15:15:16] [    INFO] 断言成功：URL为预期一致 | URL: http://10.250.112.166:9000/#/dataManage/modelLibrary (assert_ui.py:190)
[2022-08-08 15:15:18] [    INFO] 查找元素：['xpath', "//div[@class='wrapper-tabs']//span[contains(text(),'产品信息')]"] (basics.py:107)
[2022-08-08 15:15:18] [    INFO] 选择点击：['xpath', "//div[@class='wrapper-tabs']//span[contains(text(),'产品信息')]"] (basics.py:188)
[2022-08-08 15:15:18] [    INFO] 前往菜单产品信息 (DRPDataMgmt_ModelDatabase.py:19)
[2022-08-08 15:15:18] [    INFO] 查找元素：('xpath', "//div[@class='left-btn']//button[1]") (basics.py:107)
[2022-08-08 15:15:19] [    INFO] 获取文本：新 增 (basics.py:300)
[2022-08-08 15:15:19] [    INFO] 查找元素：('xpath', "//div[@class='btn-tool-info']//button[@type='button']//span[contains(text(),'筛选')]") (basics.py:107)
[2022-08-08 15:15:19] [    INFO] 点击元素：('xpath', "//div[@class='btn-tool-info']//button[@type='button']//span[contains(text(),'筛选')]") (basics.py:191)
[2022-08-08 15:15:19] [    INFO] 打开筛选框 (DRPDataMgmt_ModelDatabase.py:47)
[2022-08-08 15:15:19] [    INFO] 查找元素：('xpath', "//label[@for='brandCode']/following-sibling::div//input[@placeholder='请选择']") (basics.py:107)
[2022-08-08 15:15:19] [    INFO] 点击元素：('xpath', "//label[@for='brandCode']/following-sibling::div//input[@placeholder='请选择']") (basics.py:191)
[2022-08-08 15:15:22] [    INFO] 查找元素：['xpath', "//div[@x-placement='bottom-start']//li[2]"] (basics.py:107)
[2022-08-08 15:15:22] [    INFO] 选择点击：['xpath', "//div[@x-placement='bottom-start']//li[2]"] (basics.py:188)
[2022-08-08 15:15:22] [    INFO] 筛选品牌：itel (DRPDataMgmt_ModelDatabase.py:310)
[2022-08-08 15:15:22] [    INFO] 查找元素：('xpath', "//label[@for='seriesSenior']/following-sibling::div//input[@placeholder='请选择']") (basics.py:107)
[2022-08-08 15:15:22] [    INFO] 点击元素：('xpath', "//label[@for='seriesSenior']/following-sibling::div//input[@placeholder='请选择']") (basics.py:191)
[2022-08-08 15:15:24] [    INFO] 查找元素：['xpath', "//div[@x-placement='bottom-start']//li[2]"] (basics.py:107)
[2022-08-08 15:15:25] [    INFO] 选择点击：['xpath', "//div[@x-placement='bottom-start']//li[2]"] (basics.py:188)
[2022-08-08 15:15:25] [    INFO] 筛选大类粗：智能机 (DRPDataMgmt_ModelDatabase.py:321)
[2022-08-08 15:15:25] [    INFO] 查找元素：('xpath', "//label[@for='modelName']/following-sibling::div//input[@placeholder='请输入关键字']") (basics.py:107)
[2022-08-08 15:15:25] [    INFO] 输入文本：S11 64+4 (basics.py:155)
[2022-08-08 15:15:28] [    INFO] 查找元素：['xpath', "//li[@class='el-select-dropdown__item']//span[text()='S11 64+4']"] (basics.py:107)
[2022-08-08 15:15:28] [    INFO] 选择点击：['xpath', "//li[@class='el-select-dropdown__item']//span[text()='S11 64+4']"] (basics.py:188)
[2022-08-08 15:15:28] [    INFO] 筛选机型：S11 64+4 (DRPDataMgmt_ModelDatabase.py:349)
[2022-08-08 15:15:28] [    INFO] 查找元素：('xpath', "//label[@for='marketName']/following-sibling::div//input[@placeholder='请输入关键字']") (basics.py:107)
[2022-08-08 15:15:28] [    INFO] 输入文本：India (basics.py:155)
[2022-08-08 15:15:30] [    INFO] 查找元素：['xpath', "//li[@class='el-select-dropdown__item']//span[text()='India']"] (basics.py:107)
[2022-08-08 15:15:30] [    INFO] 选择点击：['xpath', "//li[@class='el-select-dropdown__item']//span[text()='India']"] (basics.py:188)
[2022-08-08 15:15:30] [    INFO] 筛选市场名：India (DRPDataMgmt_ModelDatabase.py:355)
[2022-08-08 15:15:31] [    INFO] 查找元素：('xpath', "//label[@for='projectSeries']/following-sibling::div//input[@placeholder='请输入关键字']") (basics.py:107)
[2022-08-08 15:15:31] [    INFO] 输入文本：A (basics.py:155)
[2022-08-08 15:15:33] [    INFO] 查找元素：['xpath', "//li[@class='el-select-dropdown__item']//span[text()='A']"] (basics.py:107)
[2022-08-08 15:15:33] [    INFO] 选择点击：['xpath', "//li[@class='el-select-dropdown__item']//span[text()='A']"] (basics.py:188)
[2022-08-08 15:15:33] [    INFO] 筛选系列：A (DRPDataMgmt_ModelDatabase.py:361)
[2022-08-08 15:15:34] [    INFO] 查找元素：('xpath', "//label[@for='modelCode']/following-sibling::div//input[@placeholder='请输入关键字']") (basics.py:107)
[2022-08-08 15:15:34] [    INFO] 输入文本：S11 (basics.py:155)
[2022-08-08 15:15:36] [    INFO] 查找元素：['xpath', "//li[@class='el-select-dropdown__item']//span[text()='S11']"] (basics.py:107)
[2022-08-08 15:15:36] [    INFO] 选择点击：['xpath', "//li[@class='el-select-dropdown__item']//span[text()='S11']"] (basics.py:188)
[2022-08-08 15:15:36] [    INFO] 筛选项目名：S11 (DRPDataMgmt_ModelDatabase.py:367)
[2022-08-08 15:15:36] [    INFO] 查找元素：('xpath', "//label[@for='fstatus']/following-sibling::div//input[@placeholder='请选择']") (basics.py:107)
[2022-08-08 15:15:36] [    INFO] 点击元素：('xpath', "//label[@for='fstatus']/following-sibling::div//input[@placeholder='请选择']") (basics.py:191)
[2022-08-08 15:15:38] [    INFO] 查找元素：['xpath', "//div[@x-placement='bottom-start']//li[2]"] (basics.py:107)
[2022-08-08 15:15:38] [    INFO] 选择点击：['xpath', "//div[@x-placement='bottom-start']//li[2]"] (basics.py:188)
[2022-08-08 15:15:38] [    INFO] 筛选状态：MP (DRPDataMgmt_ModelDatabase.py:383)
[2022-08-08 15:15:38] [    INFO] 查找元素：('xpath', "//label[@for='origin']/following-sibling::div//input[@placeholder='请选择']") (basics.py:107)
[2022-08-08 15:15:39] [    INFO] 点击元素：('xpath', "//label[@for='origin']/following-sibling::div//input[@placeholder='请选择']") (basics.py:191)
[2022-08-08 15:15:41] [    INFO] 查找元素：['xpath', "//div[@x-placement='bottom-start']//li[1]"] (basics.py:107)
[2022-08-08 15:15:41] [    INFO] 选择点击：['xpath', "//div[@x-placement='bottom-start']//li[1]"] (basics.py:188)
[2022-08-08 15:15:41] [    INFO] 筛选来源：数仓 (DRPDataMgmt_ModelDatabase.py:394)
[2022-08-08 15:15:41] [    INFO] 查找元素：('xpath', "//div[@class='el-form-item el-form-item--medium']//label[@for='supplyType']/following-sibling::div//input[@placeholder='请选择']") (basics.py:107)
[2022-08-08 15:15:41] [    INFO] 点击元素：('xpath', "//div[@class='el-form-item el-form-item--medium']//label[@for='supplyType']/following-sibling::div//input[@placeholder='请选择']") (basics.py:191)
[2022-08-08 15:15:44] [    INFO] 查找元素：['xpath', "//div[@x-placement='bottom-start']//li[1]"] (basics.py:107)
[2022-08-08 15:15:44] [    INFO] 选择点击：['xpath', "//div[@x-placement='bottom-start']//li[1]"] (basics.py:188)
[2022-08-08 15:15:44] [    INFO] 筛选供应类型：自研 (DRPDataMgmt_ModelDatabase.py:405)
[2022-08-08 15:15:44] [    INFO] 查找元素：('xpath', "//div[@class='screen-btns']//button//span[contains(text(),'查  询')]") (basics.py:107)
[2022-08-08 15:15:44] [    INFO] 点击元素：('xpath', "//div[@class='screen-btns']//button//span[contains(text(),'查  询')]") (basics.py:191)
[2022-08-08 15:15:45] [    INFO] 筛选查询 (DRPDataMgmt_ModelDatabase.py:410)
[2022-08-08 15:15:45] [    INFO] 查找元素：['xpath', "//div[2]//div[3]//table[@class='el-table__body']//tbody//tr//td[22]"] (basics.py:107)
[2022-08-08 15:15:45] [    INFO] 滚动条至：['xpath', "//div[2]//div[3]//table[@class='el-table__body']//tbody//tr//td[22]"] (basics.py:173)
[2022-08-08 15:15:45] [    INFO] 查找元素：['xpath', "//div[2]//div[3]//table[@class='el-table__body']//tbody//tr//td[22]"] (basics.py:118)
[2022-08-08 15:15:45] [    INFO] 获取表格搜索结果的所有信息文本['隆江'] (DRPDataMgmt_ModelDatabase.py:432)
[2022-08-08 15:15:45] [    INFO] 断言成功，选项值包含：('隆江',) (DRPDataMgmt_ModelDatabase.py:445)
[2022-08-08 15:15:45] [    INFO] 列表操作，前置条件过滤完成 (DRPDataMgmt_ModelDatabase.py:354)
[2022-08-08 15:15:45] [    INFO] 查找元素：['xpath', "//div[2]//div[3]//table[@class='el-table__body']//tbody//tr//td[22]"] (basics.py:118)
[2022-08-08 15:21:59] [    INFO] 【DRP】项目【test】环境- UI自动化开始执行 (conftest.py:14)
[2022-08-08 15:21:59] [    INFO] 前置条件：传音统一登录开始 (conftest.py:18)
[2022-08-08 15:22:03] [    INFO] 打开网页：http://10.250.112.166:9000/# (basics.py:64)
[2022-08-08 15:22:03] [    INFO] 查找元素：('xpath', "//div[@role='button']") (basics.py:107)
[2022-08-08 15:22:03] [    INFO] 点击元素：('xpath', "//div[@role='button']") (basics.py:191)
[2022-08-08 15:22:07] [    INFO] 查找元素：['xpath', "//*[contains(@id,'dropdown-menu-')]//li[1]"] (basics.py:107)
[2022-08-08 15:22:08] [    INFO] 查找元素：('xpath', "//div[@role='button']") (basics.py:107)
[2022-08-08 15:22:08] [    INFO] 点击元素：('xpath', "//div[@role='button']") (basics.py:191)
[2022-08-08 15:22:09] [    INFO] 查找元素：('id', 'tab-account') (basics.py:107)
[2022-08-08 15:22:09] [    INFO] 点击元素：('id', 'tab-account') (basics.py:191)
[2022-08-08 15:22:10] [    INFO] 查找元素：('xpath', "//*[@id='pane-account']/form/div[1]/div/div[1]/input") (basics.py:107)
[2022-08-08 15:22:10] [    INFO] 输入文本：18649572 (basics.py:138)
[2022-08-08 15:22:11] [    INFO] 查找元素：('xpath', "//*[@id='pane-account']/form/div[2]/div/div[1]/input") (basics.py:107)
[2022-08-08 15:22:11] [    INFO] 输入文本：xLily6x (basics.py:138)
[2022-08-08 15:22:12] [    INFO] 查找元素：('xpath', "//*[@id='pane-account']/form/div[4]/label/span/span") (basics.py:107)
[2022-08-08 15:22:12] [    INFO] 获取状态：False (basics.py:311)
[2022-08-08 15:22:12] [    INFO] 查找元素：('xpath', "//*[@id='pane-account']/form/div[4]/label/span/span") (basics.py:107)
[2022-08-08 15:22:12] [    INFO] 点击元素：('xpath', "//*[@id='pane-account']/form/div[4]/label/span/span") (basics.py:191)
[2022-08-08 15:22:13] [    INFO] 查找元素：('xpath', "//*[@id='pane-account']/form/button") (basics.py:107)
[2022-08-08 15:22:13] [    INFO] 点击元素：('xpath', "//*[@id='pane-account']/form/button") (basics.py:191)
[2022-08-08 15:22:20] [    INFO] 断言成功：URL为预期一致 | URL: http://10.250.112.166:9000/#/dashboard (assert_ui.py:190)
[2022-08-08 15:22:20] [    INFO] 断言成功: 该内容存在数据列表中 | word:隆江 (assert_ui.py:294)
[2022-08-08 15:22:20] [    INFO] 前置条件：传音统一登录成功 (conftest.py:25)
[2022-08-08 15:22:20] [    INFO] 模块前置条件：前往“DRP数据管理-机型库”页面 (DRPDataMgmt_ModelDatabase.py:10)
[2022-08-08 15:22:20] [    INFO] 查找元素：('xpath', '//*[@id="app"]/div/div[1]/div[2]/div[1]/div/ul/div[9]/li/div/span') (basics.py:107)
[2022-08-08 15:22:20] [    INFO] 点击元素：('xpath', '//*[@id="app"]/div/div[1]/div[2]/div[1]/div/ul/div[9]/li/div/span') (basics.py:191)
[2022-08-08 15:22:20] [    INFO] 查找元素：('xpath', "//li[@role='menuitem']//span[contains(text(),'机型库')]") (basics.py:107)
[2022-08-08 15:22:20] [    INFO] 点击元素：('xpath', "//li[@role='menuitem']//span[contains(text(),'机型库')]") (basics.py:191)
[2022-08-08 15:22:23] [    INFO] 断言成功：URL为预期一致 | URL: http://10.250.112.166:9000/#/dataManage/modelLibrary (assert_ui.py:190)
[2022-08-08 15:22:25] [    INFO] 查找元素：['xpath', "//div[@class='wrapper-tabs']//span[contains(text(),'产品信息')]"] (basics.py:107)
[2022-08-08 15:22:25] [    INFO] 选择点击：['xpath', "//div[@class='wrapper-tabs']//span[contains(text(),'产品信息')]"] (basics.py:188)
[2022-08-08 15:22:25] [    INFO] 前往菜单产品信息 (DRPDataMgmt_ModelDatabase.py:19)
[2022-08-08 15:22:25] [    INFO] 查找元素：('xpath', "//div[@class='left-btn']//button[1]") (basics.py:107)
[2022-08-08 15:22:25] [    INFO] 获取文本：新 增 (basics.py:300)
[2022-08-08 15:22:25] [    INFO] 查找元素：('xpath', "//div[@class='btn-tool-info']//button[@type='button']//span[contains(text(),'筛选')]") (basics.py:107)
[2022-08-08 15:22:25] [    INFO] 点击元素：('xpath', "//div[@class='btn-tool-info']//button[@type='button']//span[contains(text(),'筛选')]") (basics.py:191)
[2022-08-08 15:22:26] [    INFO] 打开筛选框 (DRPDataMgmt_ModelDatabase.py:47)
[2022-08-08 15:22:26] [    INFO] 查找元素：('xpath', "//label[@for='brandCode']/following-sibling::div//input[@placeholder='请选择']") (basics.py:107)
[2022-08-08 15:22:26] [    INFO] 点击元素：('xpath', "//label[@for='brandCode']/following-sibling::div//input[@placeholder='请选择']") (basics.py:191)
[2022-08-08 15:22:28] [    INFO] 查找元素：['xpath', "//div[@x-placement='bottom-start']//li[2]"] (basics.py:107)
[2022-08-08 15:22:28] [    INFO] 选择点击：['xpath', "//div[@x-placement='bottom-start']//li[2]"] (basics.py:188)
[2022-08-08 15:22:28] [    INFO] 筛选品牌：itel (DRPDataMgmt_ModelDatabase.py:310)
[2022-08-08 15:22:28] [    INFO] 查找元素：('xpath', "//label[@for='seriesSenior']/following-sibling::div//input[@placeholder='请选择']") (basics.py:107)
[2022-08-08 15:22:28] [    INFO] 点击元素：('xpath', "//label[@for='seriesSenior']/following-sibling::div//input[@placeholder='请选择']") (basics.py:191)
[2022-08-08 15:22:31] [    INFO] 查找元素：['xpath', "//div[@x-placement='bottom-start']//li[2]"] (basics.py:107)
[2022-08-08 15:22:31] [    INFO] 选择点击：['xpath', "//div[@x-placement='bottom-start']//li[2]"] (basics.py:188)
[2022-08-08 15:22:31] [    INFO] 筛选大类粗：智能机 (DRPDataMgmt_ModelDatabase.py:321)
[2022-08-08 15:22:32] [    INFO] 查找元素：('xpath', "//label[@for='modelName']/following-sibling::div//input[@placeholder='请输入关键字']") (basics.py:107)
[2022-08-08 15:22:32] [    INFO] 输入文本：S11 64+4 (basics.py:155)
[2022-08-08 15:22:34] [    INFO] 查找元素：['xpath', "//li[@class='el-select-dropdown__item']//span[text()='S11 64+4']"] (basics.py:107)
[2022-08-08 15:22:34] [    INFO] 选择点击：['xpath', "//li[@class='el-select-dropdown__item']//span[text()='S11 64+4']"] (basics.py:188)
[2022-08-08 15:22:34] [    INFO] 筛选机型：S11 64+4 (DRPDataMgmt_ModelDatabase.py:349)
[2022-08-08 15:22:35] [    INFO] 查找元素：('xpath', "//label[@for='marketName']/following-sibling::div//input[@placeholder='请输入关键字']") (basics.py:107)
[2022-08-08 15:22:35] [    INFO] 输入文本：India (basics.py:155)
[2022-08-08 15:22:37] [    INFO] 查找元素：['xpath', "//li[@class='el-select-dropdown__item']//span[text()='India']"] (basics.py:107)
[2022-08-08 15:22:37] [    INFO] 选择点击：['xpath', "//li[@class='el-select-dropdown__item']//span[text()='India']"] (basics.py:188)
[2022-08-08 15:22:37] [    INFO] 筛选市场名：India (DRPDataMgmt_ModelDatabase.py:355)
[2022-08-08 15:22:37] [    INFO] 查找元素：('xpath', "//label[@for='projectSeries']/following-sibling::div//input[@placeholder='请输入关键字']") (basics.py:107)
[2022-08-08 15:22:38] [    INFO] 输入文本：A (basics.py:155)
[2022-08-08 15:22:40] [    INFO] 查找元素：['xpath', "//li[@class='el-select-dropdown__item']//span[text()='A']"] (basics.py:107)
[2022-08-08 15:22:40] [    INFO] 选择点击：['xpath', "//li[@class='el-select-dropdown__item']//span[text()='A']"] (basics.py:188)
[2022-08-08 15:22:40] [    INFO] 筛选系列：A (DRPDataMgmt_ModelDatabase.py:361)
[2022-08-08 15:22:40] [    INFO] 查找元素：('xpath', "//label[@for='modelCode']/following-sibling::div//input[@placeholder='请输入关键字']") (basics.py:107)
[2022-08-08 15:22:40] [    INFO] 输入文本：S11 (basics.py:155)
[2022-08-08 15:22:42] [    INFO] 查找元素：['xpath', "//li[@class='el-select-dropdown__item']//span[text()='S11']"] (basics.py:107)
[2022-08-08 15:22:42] [    INFO] 选择点击：['xpath', "//li[@class='el-select-dropdown__item']//span[text()='S11']"] (basics.py:188)
[2022-08-08 15:22:42] [    INFO] 筛选项目名：S11 (DRPDataMgmt_ModelDatabase.py:367)
[2022-08-08 15:22:42] [    INFO] 查找元素：('xpath', "//label[@for='fstatus']/following-sibling::div//input[@placeholder='请选择']") (basics.py:107)
[2022-08-08 15:22:42] [    INFO] 点击元素：('xpath', "//label[@for='fstatus']/following-sibling::div//input[@placeholder='请选择']") (basics.py:191)
[2022-08-08 15:22:45] [    INFO] 查找元素：['xpath', "//div[@x-placement='bottom-start']//li[2]"] (basics.py:107)
[2022-08-08 15:22:45] [    INFO] 选择点击：['xpath', "//div[@x-placement='bottom-start']//li[2]"] (basics.py:188)
[2022-08-08 15:22:45] [    INFO] 筛选状态：MP (DRPDataMgmt_ModelDatabase.py:383)
[2022-08-08 15:22:45] [    INFO] 查找元素：('xpath', "//label[@for='origin']/following-sibling::div//input[@placeholder='请选择']") (basics.py:107)
[2022-08-08 15:22:45] [    INFO] 点击元素：('xpath', "//label[@for='origin']/following-sibling::div//input[@placeholder='请选择']") (basics.py:191)
[2022-08-08 15:22:48] [    INFO] 查找元素：['xpath', "//div[@x-placement='bottom-start']//li[1]"] (basics.py:107)
[2022-08-08 15:22:48] [    INFO] 选择点击：['xpath', "//div[@x-placement='bottom-start']//li[1]"] (basics.py:188)
[2022-08-08 15:22:48] [    INFO] 筛选来源：数仓 (DRPDataMgmt_ModelDatabase.py:394)
[2022-08-08 15:22:48] [    INFO] 查找元素：('xpath', "//div[@class='el-form-item el-form-item--medium']//label[@for='supplyType']/following-sibling::div//input[@placeholder='请选择']") (basics.py:107)
[2022-08-08 15:22:48] [    INFO] 点击元素：('xpath', "//div[@class='el-form-item el-form-item--medium']//label[@for='supplyType']/following-sibling::div//input[@placeholder='请选择']") (basics.py:191)
[2022-08-08 15:22:50] [    INFO] 查找元素：['xpath', "//div[@x-placement='bottom-start']//li[1]"] (basics.py:107)
[2022-08-08 15:22:50] [    INFO] 选择点击：['xpath', "//div[@x-placement='bottom-start']//li[1]"] (basics.py:188)
[2022-08-08 15:22:50] [    INFO] 筛选供应类型：自研 (DRPDataMgmt_ModelDatabase.py:405)
[2022-08-08 15:22:50] [    INFO] 查找元素：('xpath', "//div[@class='screen-btns']//button//span[contains(text(),'查  询')]") (basics.py:107)
[2022-08-08 15:22:51] [    INFO] 点击元素：('xpath', "//div[@class='screen-btns']//button//span[contains(text(),'查  询')]") (basics.py:191)
[2022-08-08 15:22:51] [    INFO] 筛选查询 (DRPDataMgmt_ModelDatabase.py:410)
[2022-08-08 15:22:51] [    INFO] 查找元素：['xpath', "//div[2]//div[3]//table[@class='el-table__body']//tbody//tr//td[22]"] (basics.py:107)
[2022-08-08 15:22:51] [    INFO] 滚动条至：['xpath', "//div[2]//div[3]//table[@class='el-table__body']//tbody//tr//td[22]"] (basics.py:173)
[2022-08-08 15:22:51] [    INFO] 查找元素：['xpath', "//div[2]//div[3]//table[@class='el-table__body']//tbody//tr//td[22]"] (basics.py:118)
[2022-08-08 15:22:51] [    INFO] 获取表格搜索结果的所有信息文本['隆江'] (DRPDataMgmt_ModelDatabase.py:432)
[2022-08-08 15:22:51] [    INFO] 断言成功，选项值包含：('隆江',) (DRPDataMgmt_ModelDatabase.py:445)
[2022-08-08 15:22:51] [    INFO] 列表操作，前置条件过滤完成 (DRPDataMgmt_ModelDatabase.py:354)
[2022-08-08 15:22:51] [    INFO] 查找元素：['xpath', "//div[2]//div[3]//table[@class='el-table__body']//tbody//tr//td[22]"] (basics.py:118)
[2022-08-08 15:35:09] [    INFO] 【DRP】项目【test】环境- UI自动化开始执行 (conftest.py:14)
[2022-08-08 15:35:09] [    INFO] 前置条件：传音统一登录开始 (conftest.py:18)
[2022-08-08 15:35:12] [    INFO] 打开网页：http://10.250.112.166:9000/# (basics.py:64)
[2022-08-08 15:35:12] [    INFO] 查找元素：('xpath', "//div[@role='button']") (basics.py:107)
[2022-08-08 15:35:13] [    INFO] 点击元素：('xpath', "//div[@role='button']") (basics.py:191)
[2022-08-08 15:35:17] [    INFO] 查找元素：['xpath', "//*[contains(@id,'dropdown-menu-')]//li[1]"] (basics.py:107)
[2022-08-08 15:35:18] [    INFO] 查找元素：('xpath', "//div[@role='button']") (basics.py:107)
[2022-08-08 15:35:18] [    INFO] 点击元素：('xpath', "//div[@role='button']") (basics.py:191)
[2022-08-08 15:35:19] [    INFO] 查找元素：('id', 'tab-account') (basics.py:107)
[2022-08-08 15:35:19] [    INFO] 点击元素：('id', 'tab-account') (basics.py:191)
[2022-08-08 15:35:20] [    INFO] 查找元素：('xpath', "//*[@id='pane-account']/form/div[1]/div/div[1]/input") (basics.py:107)
[2022-08-08 15:35:20] [    INFO] 输入文本：18649572 (basics.py:138)
[2022-08-08 15:35:21] [    INFO] 查找元素：('xpath', "//*[@id='pane-account']/form/div[2]/div/div[1]/input") (basics.py:107)
[2022-08-08 15:35:21] [    INFO] 输入文本：xLily6x (basics.py:138)
[2022-08-08 15:35:22] [    INFO] 查找元素：('xpath', "//*[@id='pane-account']/form/div[4]/label/span/span") (basics.py:107)
[2022-08-08 15:35:22] [    INFO] 获取状态：False (basics.py:311)
[2022-08-08 15:35:22] [    INFO] 查找元素：('xpath', "//*[@id='pane-account']/form/div[4]/label/span/span") (basics.py:107)
[2022-08-08 15:35:22] [    INFO] 点击元素：('xpath', "//*[@id='pane-account']/form/div[4]/label/span/span") (basics.py:191)
[2022-08-08 15:35:23] [    INFO] 查找元素：('xpath', "//*[@id='pane-account']/form/button") (basics.py:107)
[2022-08-08 15:35:23] [    INFO] 点击元素：('xpath', "//*[@id='pane-account']/form/button") (basics.py:191)
[2022-08-08 15:35:30] [    INFO] 断言成功：URL为预期一致 | URL: http://10.250.112.166:9000/#/dashboard (assert_ui.py:190)
[2022-08-08 15:35:30] [    INFO] 断言成功: 该内容存在数据列表中 | word:隆江 (assert_ui.py:294)
[2022-08-08 15:35:30] [    INFO] 前置条件：传音统一登录成功 (conftest.py:25)
[2022-08-08 15:35:30] [    INFO] 模块前置条件：前往“DRP数据管理-机型库”页面 (DRPDataMgmt_ModelDatabase.py:10)
[2022-08-08 15:35:30] [    INFO] 查找元素：('xpath', '//*[@id="app"]/div/div[1]/div[2]/div[1]/div/ul/div[9]/li/div/span') (basics.py:107)
[2022-08-08 15:35:30] [    INFO] 点击元素：('xpath', '//*[@id="app"]/div/div[1]/div[2]/div[1]/div/ul/div[9]/li/div/span') (basics.py:191)
[2022-08-08 15:35:30] [    INFO] 查找元素：('xpath', "//li[@role='menuitem']//span[contains(text(),'机型库')]") (basics.py:107)
[2022-08-08 15:35:30] [    INFO] 点击元素：('xpath', "//li[@role='menuitem']//span[contains(text(),'机型库')]") (basics.py:191)
[2022-08-08 15:35:33] [    INFO] 断言成功：URL为预期一致 | URL: http://10.250.112.166:9000/#/dataManage/modelLibrary (assert_ui.py:190)
[2022-08-08 15:35:35] [    INFO] 查找元素：['xpath', "//div[@class='wrapper-tabs']//span[contains(text(),'产品信息')]"] (basics.py:107)
[2022-08-08 15:35:35] [    INFO] 选择点击：['xpath', "//div[@class='wrapper-tabs']//span[contains(text(),'产品信息')]"] (basics.py:188)
[2022-08-08 15:35:35] [    INFO] 前往菜单产品信息 (DRPDataMgmt_ModelDatabase.py:19)
[2022-08-08 15:35:35] [    INFO] 查找元素：('xpath', "//div[@class='left-btn']//button[1]") (basics.py:107)
[2022-08-08 15:35:35] [    INFO] 获取文本：新 增 (basics.py:300)
[2022-08-08 15:35:35] [    INFO] 查找元素：('xpath', "//div[@class='btn-tool-info']//button[@type='button']//span[contains(text(),'筛选')]") (basics.py:107)
[2022-08-08 15:35:35] [    INFO] 点击元素：('xpath', "//div[@class='btn-tool-info']//button[@type='button']//span[contains(text(),'筛选')]") (basics.py:191)
[2022-08-08 15:35:36] [    INFO] 打开筛选框 (DRPDataMgmt_ModelDatabase.py:47)
[2022-08-08 15:35:36] [    INFO] 查找元素：('xpath', "//label[@for='brandCode']/following-sibling::div//input[@placeholder='请选择']") (basics.py:107)
[2022-08-08 15:35:36] [    INFO] 点击元素：('xpath', "//label[@for='brandCode']/following-sibling::div//input[@placeholder='请选择']") (basics.py:191)
[2022-08-08 15:35:38] [    INFO] 查找元素：['xpath', "//div[@x-placement='bottom-start']//li[2]"] (basics.py:107)
[2022-08-08 15:35:38] [    INFO] 选择点击：['xpath', "//div[@x-placement='bottom-start']//li[2]"] (basics.py:188)
[2022-08-08 15:35:38] [    INFO] 筛选品牌：itel (DRPDataMgmt_ModelDatabase.py:310)
[2022-08-08 15:35:38] [    INFO] 查找元素：('xpath', "//label[@for='seriesSenior']/following-sibling::div//input[@placeholder='请选择']") (basics.py:107)
[2022-08-08 15:35:38] [    INFO] 点击元素：('xpath', "//label[@for='seriesSenior']/following-sibling::div//input[@placeholder='请选择']") (basics.py:191)
[2022-08-08 15:35:41] [    INFO] 查找元素：['xpath', "//div[@x-placement='bottom-start']//li[2]"] (basics.py:107)
[2022-08-08 15:35:41] [    INFO] 选择点击：['xpath', "//div[@x-placement='bottom-start']//li[2]"] (basics.py:188)
[2022-08-08 15:35:41] [    INFO] 筛选大类粗：智能机 (DRPDataMgmt_ModelDatabase.py:321)
[2022-08-08 15:35:41] [    INFO] 查找元素：('xpath', "//label[@for='modelName']/following-sibling::div//input[@placeholder='请输入关键字']") (basics.py:107)
[2022-08-08 15:35:42] [    INFO] 输入文本：S11 64+4 (basics.py:155)
[2022-08-08 15:35:44] [    INFO] 查找元素：['xpath', "//li[@class='el-select-dropdown__item']//span[text()='S11 64+4']"] (basics.py:107)
[2022-08-08 15:35:44] [    INFO] 选择点击：['xpath', "//li[@class='el-select-dropdown__item']//span[text()='S11 64+4']"] (basics.py:188)
[2022-08-08 15:35:44] [    INFO] 筛选机型：S11 64+4 (DRPDataMgmt_ModelDatabase.py:349)
[2022-08-08 15:35:45] [    INFO] 查找元素：('xpath', "//label[@for='marketName']/following-sibling::div//input[@placeholder='请输入关键字']") (basics.py:107)
[2022-08-08 15:35:45] [    INFO] 输入文本：India (basics.py:155)
[2022-08-08 15:35:47] [    INFO] 查找元素：['xpath', "//li[@class='el-select-dropdown__item']//span[text()='India']"] (basics.py:107)
[2022-08-08 15:35:47] [    INFO] 选择点击：['xpath', "//li[@class='el-select-dropdown__item']//span[text()='India']"] (basics.py:188)
[2022-08-08 15:35:47] [    INFO] 筛选市场名：India (DRPDataMgmt_ModelDatabase.py:355)
[2022-08-08 15:35:47] [    INFO] 查找元素：('xpath', "//label[@for='projectSeries']/following-sibling::div//input[@placeholder='请输入关键字']") (basics.py:107)
[2022-08-08 15:35:48] [    INFO] 输入文本：A (basics.py:155)
[2022-08-08 15:35:50] [    INFO] 查找元素：['xpath', "//li[@class='el-select-dropdown__item']//span[text()='A']"] (basics.py:107)
[2022-08-08 15:35:50] [    INFO] 选择点击：['xpath', "//li[@class='el-select-dropdown__item']//span[text()='A']"] (basics.py:188)
[2022-08-08 15:35:50] [    INFO] 筛选系列：A (DRPDataMgmt_ModelDatabase.py:361)
[2022-08-08 15:35:50] [    INFO] 查找元素：('xpath', "//label[@for='modelCode']/following-sibling::div//input[@placeholder='请输入关键字']") (basics.py:107)
[2022-08-08 15:35:50] [    INFO] 输入文本：S11 (basics.py:155)
[2022-08-08 15:35:52] [    INFO] 查找元素：['xpath', "//li[@class='el-select-dropdown__item']//span[text()='S11']"] (basics.py:107)
[2022-08-08 15:35:52] [    INFO] 选择点击：['xpath', "//li[@class='el-select-dropdown__item']//span[text()='S11']"] (basics.py:188)
[2022-08-08 15:35:52] [    INFO] 筛选项目名：S11 (DRPDataMgmt_ModelDatabase.py:367)
[2022-08-08 15:35:52] [    INFO] 查找元素：('xpath', "//label[@for='fstatus']/following-sibling::div//input[@placeholder='请选择']") (basics.py:107)
[2022-08-08 15:35:52] [    INFO] 点击元素：('xpath', "//label[@for='fstatus']/following-sibling::div//input[@placeholder='请选择']") (basics.py:191)
[2022-08-08 15:35:55] [    INFO] 查找元素：['xpath', "//div[@x-placement='bottom-start']//li[2]"] (basics.py:107)
[2022-08-08 15:35:55] [    INFO] 选择点击：['xpath', "//div[@x-placement='bottom-start']//li[2]"] (basics.py:188)
[2022-08-08 15:35:55] [    INFO] 筛选状态：MP (DRPDataMgmt_ModelDatabase.py:383)
[2022-08-08 15:35:55] [    INFO] 查找元素：('xpath', "//label[@for='origin']/following-sibling::div//input[@placeholder='请选择']") (basics.py:107)
[2022-08-08 15:35:55] [    INFO] 点击元素：('xpath', "//label[@for='origin']/following-sibling::div//input[@placeholder='请选择']") (basics.py:191)
[2022-08-08 15:35:58] [    INFO] 查找元素：['xpath', "//div[@x-placement='bottom-start']//li[1]"] (basics.py:107)
[2022-08-08 15:35:58] [    INFO] 选择点击：['xpath', "//div[@x-placement='bottom-start']//li[1]"] (basics.py:188)
[2022-08-08 15:35:58] [    INFO] 筛选来源：数仓 (DRPDataMgmt_ModelDatabase.py:394)
[2022-08-08 15:35:58] [    INFO] 查找元素：('xpath', "//div[@class='el-form-item el-form-item--medium']//label[@for='supplyType']/following-sibling::div//input[@placeholder='请选择']") (basics.py:107)
[2022-08-08 15:35:58] [    INFO] 点击元素：('xpath', "//div[@class='el-form-item el-form-item--medium']//label[@for='supplyType']/following-sibling::div//input[@placeholder='请选择']") (basics.py:191)
[2022-08-08 15:36:00] [    INFO] 查找元素：['xpath', "//div[@x-placement='bottom-start']//li[1]"] (basics.py:107)
[2022-08-08 15:36:00] [    INFO] 选择点击：['xpath', "//div[@x-placement='bottom-start']//li[1]"] (basics.py:188)
[2022-08-08 15:36:00] [    INFO] 筛选供应类型：自研 (DRPDataMgmt_ModelDatabase.py:405)
[2022-08-08 15:36:00] [    INFO] 查找元素：('xpath', "//div[@class='screen-btns']//button//span[contains(text(),'查  询')]") (basics.py:107)
[2022-08-08 15:36:01] [    INFO] 点击元素：('xpath', "//div[@class='screen-btns']//button//span[contains(text(),'查  询')]") (basics.py:191)
[2022-08-08 15:36:01] [    INFO] 筛选查询 (DRPDataMgmt_ModelDatabase.py:410)
[2022-08-08 15:36:01] [    INFO] 查找元素：['xpath', "//div[2]//div[3]//table[@class='el-table__body']//tbody//tr//td[22]"] (basics.py:107)
[2022-08-08 15:36:01] [    INFO] 滚动条至：['xpath', "//div[2]//div[3]//table[@class='el-table__body']//tbody//tr//td[22]"] (basics.py:173)
[2022-08-08 15:36:01] [    INFO] 查找元素：['xpath', "//div[2]//div[3]//table[@class='el-table__body']//tbody//tr//td[22]"] (basics.py:118)
[2022-08-08 15:36:01] [    INFO] 获取表格搜索结果的所有信息文本['隆江'] (DRPDataMgmt_ModelDatabase.py:432)
[2022-08-08 15:36:01] [    INFO] 断言成功，选项值包含：('隆江',) (DRPDataMgmt_ModelDatabase.py:445)
[2022-08-08 15:36:01] [    INFO] 列表操作，前置条件过滤完成 (DRPDataMgmt_ModelDatabase.py:354)
[2022-08-08 15:36:01] [    INFO] 查找元素：['xpath', "//div[2]//div[3]//table[@class='el-table__body']//tbody//tr//td[22]"] (basics.py:118)
[2022-08-08 15:36:01] [    INFO] ['隆江'] (DRPDataMgmt_ModelDatabase.py:457)
[2022-08-08 15:38:27] [    INFO] 【DRP】项目【test】环境- UI自动化开始执行 (conftest.py:14)
[2022-08-08 15:38:27] [    INFO] 前置条件：传音统一登录开始 (conftest.py:18)
[2022-08-08 15:38:31] [    INFO] 打开网页：http://10.250.112.166:9000/# (basics.py:64)
[2022-08-08 15:38:31] [    INFO] 查找元素：('xpath', "//div[@role='button']") (basics.py:107)
[2022-08-08 15:38:31] [    INFO] 点击元素：('xpath', "//div[@role='button']") (basics.py:191)
[2022-08-08 15:38:35] [    INFO] 查找元素：['xpath', "//*[contains(@id,'dropdown-menu-')]//li[1]"] (basics.py:107)
[2022-08-08 15:38:36] [    INFO] 查找元素：('xpath', "//div[@role='button']") (basics.py:107)
[2022-08-08 15:38:36] [    INFO] 点击元素：('xpath', "//div[@role='button']") (basics.py:191)
[2022-08-08 15:38:37] [    INFO] 查找元素：('id', 'tab-account') (basics.py:107)
[2022-08-08 15:38:37] [    INFO] 点击元素：('id', 'tab-account') (basics.py:191)
[2022-08-08 15:38:38] [    INFO] 查找元素：('xpath', "//*[@id='pane-account']/form/div[1]/div/div[1]/input") (basics.py:107)
[2022-08-08 15:38:38] [    INFO] 输入文本：18649572 (basics.py:138)
[2022-08-08 15:38:39] [    INFO] 查找元素：('xpath', "//*[@id='pane-account']/form/div[2]/div/div[1]/input") (basics.py:107)
[2022-08-08 15:38:40] [    INFO] 输入文本：xLily6x (basics.py:138)
[2022-08-08 15:38:41] [    INFO] 查找元素：('xpath', "//*[@id='pane-account']/form/div[4]/label/span/span") (basics.py:107)
[2022-08-08 15:38:41] [    INFO] 获取状态：False (basics.py:311)
[2022-08-08 15:38:41] [    INFO] 查找元素：('xpath', "//*[@id='pane-account']/form/div[4]/label/span/span") (basics.py:107)
[2022-08-08 15:38:41] [    INFO] 点击元素：('xpath', "//*[@id='pane-account']/form/div[4]/label/span/span") (basics.py:191)
[2022-08-08 15:38:41] [    INFO] 查找元素：('xpath', "//*[@id='pane-account']/form/button") (basics.py:107)
[2022-08-08 15:38:41] [    INFO] 点击元素：('xpath', "//*[@id='pane-account']/form/button") (basics.py:191)
[2022-08-08 15:38:48] [    INFO] 断言成功：URL为预期一致 | URL: http://10.250.112.166:9000/#/dashboard (assert_ui.py:190)
[2022-08-08 15:38:48] [    INFO] 断言成功: 该内容存在数据列表中 | word:隆江 (assert_ui.py:294)
[2022-08-08 15:38:48] [    INFO] 前置条件：传音统一登录成功 (conftest.py:25)
[2022-08-08 15:38:48] [    INFO] 模块前置条件：前往“DRP数据管理-机型库”页面 (DRPDataMgmt_ModelDatabase.py:10)
[2022-08-08 15:38:48] [    INFO] 查找元素：('xpath', '//*[@id="app"]/div/div[1]/div[2]/div[1]/div/ul/div[9]/li/div/span') (basics.py:107)
[2022-08-08 15:38:48] [    INFO] 点击元素：('xpath', '//*[@id="app"]/div/div[1]/div[2]/div[1]/div/ul/div[9]/li/div/span') (basics.py:191)
[2022-08-08 15:38:49] [    INFO] 查找元素：('xpath', "//li[@role='menuitem']//span[contains(text(),'机型库')]") (basics.py:107)
[2022-08-08 15:38:49] [    INFO] 点击元素：('xpath', "//li[@role='menuitem']//span[contains(text(),'机型库')]") (basics.py:191)
[2022-08-08 15:38:51] [    INFO] 断言成功：URL为预期一致 | URL: http://10.250.112.166:9000/#/dataManage/modelLibrary (assert_ui.py:190)
[2022-08-08 15:38:53] [    INFO] 查找元素：['xpath', "//div[@class='wrapper-tabs']//span[contains(text(),'产品信息')]"] (basics.py:107)
[2022-08-08 15:38:53] [    INFO] 选择点击：['xpath', "//div[@class='wrapper-tabs']//span[contains(text(),'产品信息')]"] (basics.py:188)
[2022-08-08 15:38:53] [    INFO] 前往菜单产品信息 (DRPDataMgmt_ModelDatabase.py:19)
[2022-08-08 15:38:53] [    INFO] 查找元素：('xpath', "//div[@class='left-btn']//button[1]") (basics.py:107)
[2022-08-08 15:38:53] [    INFO] 获取文本：新 增 (basics.py:300)
[2022-08-08 15:38:53] [    INFO] 查找元素：('xpath', "//div[@class='btn-tool-info']//button[@type='button']//span[contains(text(),'筛选')]") (basics.py:107)
[2022-08-08 15:38:53] [    INFO] 点击元素：('xpath', "//div[@class='btn-tool-info']//button[@type='button']//span[contains(text(),'筛选')]") (basics.py:191)
[2022-08-08 15:38:54] [    INFO] 打开筛选框 (DRPDataMgmt_ModelDatabase.py:47)
[2022-08-08 15:38:54] [    INFO] 查找元素：('xpath', "//label[@for='brandCode']/following-sibling::div//input[@placeholder='请选择']") (basics.py:107)
[2022-08-08 15:38:54] [    INFO] 点击元素：('xpath', "//label[@for='brandCode']/following-sibling::div//input[@placeholder='请选择']") (basics.py:191)
[2022-08-08 15:38:57] [    INFO] 查找元素：['xpath', "//div[@x-placement='bottom-start']//li[2]"] (basics.py:107)
[2022-08-08 15:38:57] [    INFO] 选择点击：['xpath', "//div[@x-placement='bottom-start']//li[2]"] (basics.py:188)
[2022-08-08 15:38:57] [    INFO] 筛选品牌：itel (DRPDataMgmt_ModelDatabase.py:310)
[2022-08-08 15:38:57] [    INFO] 查找元素：('xpath', "//label[@for='seriesSenior']/following-sibling::div//input[@placeholder='请选择']") (basics.py:107)
[2022-08-08 15:38:57] [    INFO] 点击元素：('xpath', "//label[@for='seriesSenior']/following-sibling::div//input[@placeholder='请选择']") (basics.py:191)
[2022-08-08 15:38:59] [    INFO] 查找元素：['xpath', "//div[@x-placement='bottom-start']//li[2]"] (basics.py:107)
[2022-08-08 15:38:59] [    INFO] 选择点击：['xpath', "//div[@x-placement='bottom-start']//li[2]"] (basics.py:188)
[2022-08-08 15:38:59] [    INFO] 筛选大类粗：智能机 (DRPDataMgmt_ModelDatabase.py:321)
[2022-08-08 15:39:00] [    INFO] 查找元素：('xpath', "//label[@for='modelName']/following-sibling::div//input[@placeholder='请输入关键字']") (basics.py:107)
[2022-08-08 15:39:00] [    INFO] 输入文本：S11 64+4 (basics.py:155)
[2022-08-08 15:39:04] [    INFO] 查找元素：['xpath', "//li[@class='el-select-dropdown__item']//span[text()='S11 64+4']"] (basics.py:107)
[2022-08-08 15:39:04] [    INFO] 选择点击：['xpath', "//li[@class='el-select-dropdown__item']//span[text()='S11 64+4']"] (basics.py:188)
[2022-08-08 15:39:04] [    INFO] 筛选机型：S11 64+4 (DRPDataMgmt_ModelDatabase.py:349)
[2022-08-08 15:39:04] [    INFO] 查找元素：('xpath', "//label[@for='marketName']/following-sibling::div//input[@placeholder='请输入关键字']") (basics.py:107)
[2022-08-08 15:39:04] [    INFO] 输入文本：India (basics.py:155)
[2022-08-08 15:39:06] [    INFO] 查找元素：['xpath', "//li[@class='el-select-dropdown__item']//span[text()='India']"] (basics.py:107)
[2022-08-08 15:39:06] [    INFO] 选择点击：['xpath', "//li[@class='el-select-dropdown__item']//span[text()='India']"] (basics.py:188)
[2022-08-08 15:39:06] [    INFO] 筛选市场名：India (DRPDataMgmt_ModelDatabase.py:355)
[2022-08-08 15:39:07] [    INFO] 查找元素：('xpath', "//label[@for='projectSeries']/following-sibling::div//input[@placeholder='请输入关键字']") (basics.py:107)
[2022-08-08 15:39:07] [    INFO] 输入文本：A (basics.py:155)
[2022-08-08 15:39:09] [    INFO] 查找元素：['xpath', "//li[@class='el-select-dropdown__item']//span[text()='A']"] (basics.py:107)
[2022-08-08 15:39:09] [    INFO] 选择点击：['xpath', "//li[@class='el-select-dropdown__item']//span[text()='A']"] (basics.py:188)
[2022-08-08 15:39:09] [    INFO] 筛选系列：A (DRPDataMgmt_ModelDatabase.py:361)
[2022-08-08 15:39:10] [    INFO] 查找元素：('xpath', "//label[@for='modelCode']/following-sibling::div//input[@placeholder='请输入关键字']") (basics.py:107)
[2022-08-08 15:39:10] [    INFO] 输入文本：S11 (basics.py:155)
[2022-08-08 15:39:12] [    INFO] 查找元素：['xpath', "//li[@class='el-select-dropdown__item']//span[text()='S11']"] (basics.py:107)
[2022-08-08 15:39:12] [    INFO] 选择点击：['xpath', "//li[@class='el-select-dropdown__item']//span[text()='S11']"] (basics.py:188)
[2022-08-08 15:39:12] [    INFO] 筛选项目名：S11 (DRPDataMgmt_ModelDatabase.py:367)
[2022-08-08 15:39:12] [    INFO] 查找元素：('xpath', "//label[@for='fstatus']/following-sibling::div//input[@placeholder='请选择']") (basics.py:107)
[2022-08-08 15:39:12] [    INFO] 点击元素：('xpath', "//label[@for='fstatus']/following-sibling::div//input[@placeholder='请选择']") (basics.py:191)
[2022-08-08 15:39:14] [    INFO] 查找元素：['xpath', "//div[@x-placement='bottom-start']//li[2]"] (basics.py:107)
[2022-08-08 15:39:14] [    INFO] 选择点击：['xpath', "//div[@x-placement='bottom-start']//li[2]"] (basics.py:188)
[2022-08-08 15:39:14] [    INFO] 筛选状态：MP (DRPDataMgmt_ModelDatabase.py:383)
[2022-08-08 15:39:14] [    INFO] 查找元素：('xpath', "//label[@for='origin']/following-sibling::div//input[@placeholder='请选择']") (basics.py:107)
[2022-08-08 15:39:15] [    INFO] 点击元素：('xpath', "//label[@for='origin']/following-sibling::div//input[@placeholder='请选择']") (basics.py:191)
[2022-08-08 15:39:17] [    INFO] 查找元素：['xpath', "//div[@x-placement='bottom-start']//li[1]"] (basics.py:107)
[2022-08-08 15:39:17] [    INFO] 选择点击：['xpath', "//div[@x-placement='bottom-start']//li[1]"] (basics.py:188)
[2022-08-08 15:39:17] [    INFO] 筛选来源：数仓 (DRPDataMgmt_ModelDatabase.py:394)
[2022-08-08 15:39:17] [    INFO] 查找元素：('xpath', "//div[@class='el-form-item el-form-item--medium']//label[@for='supplyType']/following-sibling::div//input[@placeholder='请选择']") (basics.py:107)
[2022-08-08 15:39:17] [    INFO] 点击元素：('xpath', "//div[@class='el-form-item el-form-item--medium']//label[@for='supplyType']/following-sibling::div//input[@placeholder='请选择']") (basics.py:191)
[2022-08-08 15:39:20] [    INFO] 查找元素：['xpath', "//div[@x-placement='bottom-start']//li[1]"] (basics.py:107)
[2022-08-08 15:39:20] [    INFO] 选择点击：['xpath', "//div[@x-placement='bottom-start']//li[1]"] (basics.py:188)
[2022-08-08 15:39:20] [    INFO] 筛选供应类型：自研 (DRPDataMgmt_ModelDatabase.py:405)
[2022-08-08 15:39:20] [    INFO] 查找元素：('xpath', "//div[@class='screen-btns']//button//span[contains(text(),'查  询')]") (basics.py:107)
[2022-08-08 15:39:20] [    INFO] 点击元素：('xpath', "//div[@class='screen-btns']//button//span[contains(text(),'查  询')]") (basics.py:191)
[2022-08-08 15:39:21] [    INFO] 筛选查询 (DRPDataMgmt_ModelDatabase.py:410)
[2022-08-08 15:39:21] [    INFO] 查找元素：['xpath', "//div[2]//div[3]//table[@class='el-table__body']//tbody//tr//td[22]"] (basics.py:107)
[2022-08-08 15:39:21] [    INFO] 滚动条至：['xpath', "//div[2]//div[3]//table[@class='el-table__body']//tbody//tr//td[22]"] (basics.py:173)
[2022-08-08 15:39:21] [    INFO] 查找元素：['xpath', "//div[2]//div[3]//table[@class='el-table__body']//tbody//tr//td[22]"] (basics.py:118)
[2022-08-08 15:39:21] [   ERROR] 断言失败，选项值不包含：('隆江',) (DRPDataMgmt_ModelDatabase.py:447)
[2022-08-08 15:39:21] [    INFO] 列表操作，前置条件过滤完成 (DRPDataMgmt_ModelDatabase.py:354)
[2022-08-08 15:39:21] [    INFO] 查找元素：['xpath', "//div[2]//div[3]//table[@class='el-table__body']//tbody//tr//td[22]"] (basics.py:118)
[2022-08-08 15:39:21] [    INFO] 1 (DRPDataMgmt_ModelDatabase.py:459)
[2022-08-08 15:41:12] [    INFO] 【DRP】项目【test】环境- UI自动化开始执行 (conftest.py:14)
[2022-08-08 15:41:12] [    INFO] 前置条件：传音统一登录开始 (conftest.py:18)
[2022-08-08 15:41:17] [    INFO] 打开网页：http://10.250.112.166:9000/# (basics.py:64)
[2022-08-08 15:41:17] [    INFO] 查找元素：('xpath', "//div[@role='button']") (basics.py:107)
[2022-08-08 15:41:17] [    INFO] 点击元素：('xpath', "//div[@role='button']") (basics.py:191)
[2022-08-08 15:41:21] [    INFO] 查找元素：['xpath', "//*[contains(@id,'dropdown-menu-')]//li[1]"] (basics.py:107)
[2022-08-08 15:41:22] [    INFO] 查找元素：('xpath', "//div[@role='button']") (basics.py:107)
[2022-08-08 15:41:22] [    INFO] 点击元素：('xpath', "//div[@role='button']") (basics.py:191)
[2022-08-08 15:41:23] [    INFO] 查找元素：('id', 'tab-account') (basics.py:107)
[2022-08-08 15:41:23] [    INFO] 点击元素：('id', 'tab-account') (basics.py:191)
[2022-08-08 15:41:24] [    INFO] 查找元素：('xpath', "//*[@id='pane-account']/form/div[1]/div/div[1]/input") (basics.py:107)
[2022-08-08 15:41:24] [    INFO] 输入文本：18649572 (basics.py:138)
[2022-08-08 15:41:25] [    INFO] 查找元素：('xpath', "//*[@id='pane-account']/form/div[2]/div/div[1]/input") (basics.py:107)
[2022-08-08 15:41:26] [    INFO] 输入文本：xLily6x (basics.py:138)
[2022-08-08 15:41:27] [    INFO] 查找元素：('xpath', "//*[@id='pane-account']/form/div[4]/label/span/span") (basics.py:107)
[2022-08-08 15:41:27] [    INFO] 获取状态：False (basics.py:311)
[2022-08-08 15:41:27] [    INFO] 查找元素：('xpath', "//*[@id='pane-account']/form/div[4]/label/span/span") (basics.py:107)
[2022-08-08 15:41:27] [    INFO] 点击元素：('xpath', "//*[@id='pane-account']/form/div[4]/label/span/span") (basics.py:191)
[2022-08-08 15:41:27] [    INFO] 查找元素：('xpath', "//*[@id='pane-account']/form/button") (basics.py:107)
[2022-08-08 15:41:27] [    INFO] 点击元素：('xpath', "//*[@id='pane-account']/form/button") (basics.py:191)
[2022-08-08 15:41:34] [ WARNING] 断言失败：URL为预期不一致 | URL: http://10.250.112.166:9000/#/ (assert_ui.py:189)
[2022-08-08 15:41:34] [   ERROR] None (assert_ui.py:192)
[2022-08-08 15:41:47] [    INFO] 【DRP】项目【test】环境- UI自动化开始执行 (conftest.py:14)
[2022-08-08 15:41:47] [    INFO] 前置条件：传音统一登录开始 (conftest.py:18)
[2022-08-08 15:41:50] [    INFO] 打开网页：http://10.250.112.166:9000/# (basics.py:64)
[2022-08-08 15:41:50] [    INFO] 查找元素：('xpath', "//div[@role='button']") (basics.py:107)
[2022-08-08 15:43:24] [    INFO] 【DRP】项目【test】环境- UI自动化开始执行 (conftest.py:14)
[2022-08-08 15:43:24] [    INFO] 前置条件：传音统一登录开始 (conftest.py:18)
[2022-08-08 15:43:28] [    INFO] 打开网页：http://10.250.112.166:9000/# (basics.py:64)
[2022-08-08 15:43:28] [    INFO] 查找元素：('xpath', "//div[@role='button']") (basics.py:107)
[2022-08-08 15:43:28] [    INFO] 点击元素：('xpath', "//div[@role='button']") (basics.py:191)
[2022-08-08 15:43:32] [    INFO] 查找元素：['xpath', "//*[contains(@id,'dropdown-menu-')]//li[1]"] (basics.py:107)
[2022-08-08 15:43:33] [    INFO] 查找元素：('xpath', "//div[@role='button']") (basics.py:107)
[2022-08-08 15:43:33] [    INFO] 点击元素：('xpath', "//div[@role='button']") (basics.py:191)
[2022-08-08 15:43:34] [    INFO] 查找元素：('id', 'tab-account') (basics.py:107)
[2022-08-08 15:43:34] [    INFO] 点击元素：('id', 'tab-account') (basics.py:191)
[2022-08-08 15:43:35] [    INFO] 查找元素：('xpath', "//*[@id='pane-account']/form/div[1]/div/div[1]/input") (basics.py:107)
[2022-08-08 15:43:35] [    INFO] 输入文本：18649572 (basics.py:138)
[2022-08-08 15:43:37] [    INFO] 查找元素：('xpath', "//*[@id='pane-account']/form/div[2]/div/div[1]/input") (basics.py:107)
[2022-08-08 15:43:37] [    INFO] 输入文本：xLily6x (basics.py:138)
[2022-08-08 15:43:38] [    INFO] 查找元素：('xpath', "//*[@id='pane-account']/form/div[4]/label/span/span") (basics.py:107)
[2022-08-08 15:43:38] [    INFO] 获取状态：False (basics.py:311)
[2022-08-08 15:43:38] [    INFO] 查找元素：('xpath', "//*[@id='pane-account']/form/div[4]/label/span/span") (basics.py:107)
[2022-08-08 15:43:38] [    INFO] 点击元素：('xpath', "//*[@id='pane-account']/form/div[4]/label/span/span") (basics.py:191)
[2022-08-08 15:43:38] [    INFO] 查找元素：('xpath', "//*[@id='pane-account']/form/button") (basics.py:107)
[2022-08-08 15:43:38] [    INFO] 点击元素：('xpath', "//*[@id='pane-account']/form/button") (basics.py:191)
[2022-08-08 15:43:45] [    INFO] 断言成功：URL为预期一致 | URL: http://10.250.112.166:9000/#/dashboard (assert_ui.py:190)
[2022-08-08 15:43:45] [    INFO] 断言成功: 该内容存在数据列表中 | word:隆江 (assert_ui.py:294)
[2022-08-08 15:43:45] [    INFO] 前置条件：传音统一登录成功 (conftest.py:25)
[2022-08-08 15:43:45] [    INFO] 模块前置条件：前往“DRP数据管理-机型库”页面 (DRPDataMgmt_ModelDatabase.py:10)
[2022-08-08 15:43:45] [    INFO] 查找元素：('xpath', '//*[@id="app"]/div/div[1]/div[2]/div[1]/div/ul/div[9]/li/div/span') (basics.py:107)
[2022-08-08 15:43:45] [    INFO] 点击元素：('xpath', '//*[@id="app"]/div/div[1]/div[2]/div[1]/div/ul/div[9]/li/div/span') (basics.py:191)
[2022-08-08 15:43:46] [    INFO] 查找元素：('xpath', "//li[@role='menuitem']//span[contains(text(),'机型库')]") (basics.py:107)
[2022-08-08 15:43:46] [    INFO] 点击元素：('xpath', "//li[@role='menuitem']//span[contains(text(),'机型库')]") (basics.py:191)
[2022-08-08 15:43:48] [    INFO] 断言成功：URL为预期一致 | URL: http://10.250.112.166:9000/#/dataManage/modelLibrary (assert_ui.py:190)
[2022-08-08 15:43:50] [    INFO] 查找元素：['xpath', "//div[@class='wrapper-tabs']//span[contains(text(),'产品信息')]"] (basics.py:107)
[2022-08-08 15:43:50] [    INFO] 选择点击：['xpath', "//div[@class='wrapper-tabs']//span[contains(text(),'产品信息')]"] (basics.py:188)
[2022-08-08 15:43:50] [    INFO] 前往菜单产品信息 (DRPDataMgmt_ModelDatabase.py:19)
[2022-08-08 15:43:50] [    INFO] 查找元素：('xpath', "//div[@class='left-btn']//button[1]") (basics.py:107)
[2022-08-08 15:43:50] [    INFO] 获取文本：新 增 (basics.py:300)
[2022-08-08 15:43:50] [    INFO] 查找元素：('xpath', "//div[@class='btn-tool-info']//button[@type='button']//span[contains(text(),'筛选')]") (basics.py:107)
[2022-08-08 15:43:50] [    INFO] 点击元素：('xpath', "//div[@class='btn-tool-info']//button[@type='button']//span[contains(text(),'筛选')]") (basics.py:191)
[2022-08-08 15:43:51] [    INFO] 打开筛选框 (DRPDataMgmt_ModelDatabase.py:47)
[2022-08-08 15:43:51] [    INFO] 查找元素：('xpath', "//label[@for='brandCode']/following-sibling::div//input[@placeholder='请选择']") (basics.py:107)
[2022-08-08 15:43:51] [    INFO] 点击元素：('xpath', "//label[@for='brandCode']/following-sibling::div//input[@placeholder='请选择']") (basics.py:191)
[2022-08-08 15:43:53] [    INFO] 查找元素：['xpath', "//div[@x-placement='bottom-start']//li[2]"] (basics.py:107)
[2022-08-08 15:43:53] [    INFO] 选择点击：['xpath', "//div[@x-placement='bottom-start']//li[2]"] (basics.py:188)
[2022-08-08 15:43:53] [    INFO] 筛选品牌：itel (DRPDataMgmt_ModelDatabase.py:310)
[2022-08-08 15:43:53] [    INFO] 查找元素：('xpath', "//label[@for='seriesSenior']/following-sibling::div//input[@placeholder='请选择']") (basics.py:107)
[2022-08-08 15:43:54] [    INFO] 点击元素：('xpath', "//label[@for='seriesSenior']/following-sibling::div//input[@placeholder='请选择']") (basics.py:191)
[2022-08-08 15:43:56] [    INFO] 查找元素：['xpath', "//div[@x-placement='bottom-start']//li[2]"] (basics.py:107)
[2022-08-08 15:43:56] [    INFO] 选择点击：['xpath', "//div[@x-placement='bottom-start']//li[2]"] (basics.py:188)
[2022-08-08 15:43:56] [    INFO] 筛选大类粗：智能机 (DRPDataMgmt_ModelDatabase.py:321)
[2022-08-08 15:43:57] [    INFO] 查找元素：('xpath', "//label[@for='modelName']/following-sibling::div//input[@placeholder='请输入关键字']") (basics.py:107)
[2022-08-08 15:43:57] [    INFO] 输入文本：S11 64+4 (basics.py:155)
[2022-08-08 15:43:59] [    INFO] 查找元素：['xpath', "//li[@class='el-select-dropdown__item']//span[text()='S11 64+4']"] (basics.py:107)
[2022-08-08 15:43:59] [    INFO] 选择点击：['xpath', "//li[@class='el-select-dropdown__item']//span[text()='S11 64+4']"] (basics.py:188)
[2022-08-08 15:43:59] [    INFO] 筛选机型：S11 64+4 (DRPDataMgmt_ModelDatabase.py:349)
[2022-08-08 15:44:00] [    INFO] 查找元素：('xpath', "//label[@for='marketName']/following-sibling::div//input[@placeholder='请输入关键字']") (basics.py:107)
[2022-08-08 15:44:00] [    INFO] 输入文本：India (basics.py:155)
[2022-08-08 15:44:02] [    INFO] 查找元素：['xpath', "//li[@class='el-select-dropdown__item']//span[text()='India']"] (basics.py:107)
[2022-08-08 15:44:02] [    INFO] 选择点击：['xpath', "//li[@class='el-select-dropdown__item']//span[text()='India']"] (basics.py:188)
[2022-08-08 15:44:02] [    INFO] 筛选市场名：India (DRPDataMgmt_ModelDatabase.py:355)
[2022-08-08 15:44:03] [    INFO] 查找元素：('xpath', "//label[@for='projectSeries']/following-sibling::div//input[@placeholder='请输入关键字']") (basics.py:107)
[2022-08-08 15:44:03] [    INFO] 输入文本：A (basics.py:155)
[2022-08-08 15:44:05] [    INFO] 查找元素：['xpath', "//li[@class='el-select-dropdown__item']//span[text()='A']"] (basics.py:107)
[2022-08-08 15:44:05] [    INFO] 选择点击：['xpath', "//li[@class='el-select-dropdown__item']//span[text()='A']"] (basics.py:188)
[2022-08-08 15:44:05] [    INFO] 筛选系列：A (DRPDataMgmt_ModelDatabase.py:361)
[2022-08-08 15:44:05] [    INFO] 查找元素：('xpath', "//label[@for='modelCode']/following-sibling::div//input[@placeholder='请输入关键字']") (basics.py:107)
[2022-08-08 15:44:05] [    INFO] 输入文本：S11 (basics.py:155)
[2022-08-08 15:44:07] [    INFO] 查找元素：['xpath', "//li[@class='el-select-dropdown__item']//span[text()='S11']"] (basics.py:107)
[2022-08-08 15:44:08] [    INFO] 选择点击：['xpath', "//li[@class='el-select-dropdown__item']//span[text()='S11']"] (basics.py:188)
[2022-08-08 15:44:08] [    INFO] 筛选项目名：S11 (DRPDataMgmt_ModelDatabase.py:367)
[2022-08-08 15:44:08] [    INFO] 查找元素：('xpath', "//label[@for='fstatus']/following-sibling::div//input[@placeholder='请选择']") (basics.py:107)
[2022-08-08 15:44:08] [    INFO] 点击元素：('xpath', "//label[@for='fstatus']/following-sibling::div//input[@placeholder='请选择']") (basics.py:191)
[2022-08-08 15:44:10] [    INFO] 查找元素：['xpath', "//div[@x-placement='bottom-start']//li[2]"] (basics.py:107)
[2022-08-08 15:44:10] [    INFO] 选择点击：['xpath', "//div[@x-placement='bottom-start']//li[2]"] (basics.py:188)
[2022-08-08 15:44:10] [    INFO] 筛选状态：MP (DRPDataMgmt_ModelDatabase.py:383)
[2022-08-08 15:44:10] [    INFO] 查找元素：('xpath', "//label[@for='origin']/following-sibling::div//input[@placeholder='请选择']") (basics.py:107)
[2022-08-08 15:44:10] [    INFO] 点击元素：('xpath', "//label[@for='origin']/following-sibling::div//input[@placeholder='请选择']") (basics.py:191)
[2022-08-08 15:44:13] [    INFO] 查找元素：['xpath', "//div[@x-placement='bottom-start']//li[1]"] (basics.py:107)
[2022-08-08 15:44:13] [    INFO] 选择点击：['xpath', "//div[@x-placement='bottom-start']//li[1]"] (basics.py:188)
[2022-08-08 15:44:13] [    INFO] 筛选来源：数仓 (DRPDataMgmt_ModelDatabase.py:394)
[2022-08-08 15:44:13] [    INFO] 查找元素：('xpath', "//div[@class='el-form-item el-form-item--medium']//label[@for='supplyType']/following-sibling::div//input[@placeholder='请选择']") (basics.py:107)
[2022-08-08 15:44:13] [    INFO] 点击元素：('xpath', "//div[@class='el-form-item el-form-item--medium']//label[@for='supplyType']/following-sibling::div//input[@placeholder='请选择']") (basics.py:191)
[2022-08-08 15:44:15] [    INFO] 查找元素：['xpath', "//div[@x-placement='bottom-start']//li[1]"] (basics.py:107)
[2022-08-08 15:44:16] [    INFO] 选择点击：['xpath', "//div[@x-placement='bottom-start']//li[1]"] (basics.py:188)
[2022-08-08 15:44:16] [    INFO] 筛选供应类型：自研 (DRPDataMgmt_ModelDatabase.py:405)
[2022-08-08 15:44:16] [    INFO] 查找元素：('xpath', "//div[@class='screen-btns']//button//span[contains(text(),'查  询')]") (basics.py:107)
[2022-08-08 15:44:16] [    INFO] 点击元素：('xpath', "//div[@class='screen-btns']//button//span[contains(text(),'查  询')]") (basics.py:191)
[2022-08-08 15:44:16] [    INFO] 筛选查询 (DRPDataMgmt_ModelDatabase.py:410)
[2022-08-08 15:44:16] [    INFO] 查找元素：['xpath', "//div[2]//div[3]//table[@class='el-table__body']//tbody//tr//td[22]"] (basics.py:107)
[2022-08-08 15:44:16] [    INFO] 滚动条至：['xpath', "//div[2]//div[3]//table[@class='el-table__body']//tbody//tr//td[22]"] (basics.py:173)
[2022-08-08 15:44:16] [    INFO] 查找元素：['xpath', "//div[2]//div[3]//table[@class='el-table__body']//tbody//tr//td[22]"] (basics.py:118)
[2022-08-08 15:44:16] [    INFO] 获取表格搜索结果的所有信息文本['隆江'] (DRPDataMgmt_ModelDatabase.py:432)
[2022-08-08 15:44:16] [    INFO] 断言成功，选项值包含：('隆江',) (DRPDataMgmt_ModelDatabase.py:445)
[2022-08-08 15:44:16] [    INFO] 列表操作，前置条件过滤完成 (DRPDataMgmt_ModelDatabase.py:354)
[2022-08-08 15:44:16] [    INFO] 查找元素：['xpath', "//div[2]//div[3]//table[@class='el-table__body']//tbody//tr//td[22]"] (basics.py:118)
[2022-08-08 15:44:16] [    INFO] 1 (DRPDataMgmt_ModelDatabase.py:459)
[2022-08-08 15:47:48] [    INFO] 【DRP】项目【test】环境- UI自动化开始执行 (conftest.py:14)
[2022-08-08 15:47:48] [    INFO] 前置条件：传音统一登录开始 (conftest.py:18)
[2022-08-08 15:47:52] [    INFO] 打开网页：http://10.250.112.166:9000/# (basics.py:64)
[2022-08-08 15:47:52] [    INFO] 查找元素：('xpath', "//div[@role='button']") (basics.py:107)
[2022-08-08 15:47:52] [    INFO] 点击元素：('xpath', "//div[@role='button']") (basics.py:191)
[2022-08-08 15:47:56] [    INFO] 查找元素：['xpath', "//*[contains(@id,'dropdown-menu-')]//li[1]"] (basics.py:107)
[2022-08-08 15:47:57] [    INFO] 查找元素：('xpath', "//div[@role='button']") (basics.py:107)
[2022-08-08 15:47:57] [    INFO] 点击元素：('xpath', "//div[@role='button']") (basics.py:191)
[2022-08-08 15:47:58] [    INFO] 查找元素：('id', 'tab-account') (basics.py:107)
[2022-08-08 15:47:58] [    INFO] 点击元素：('id', 'tab-account') (basics.py:191)
[2022-08-08 15:47:59] [    INFO] 查找元素：('xpath', "//*[@id='pane-account']/form/div[1]/div/div[1]/input") (basics.py:107)
[2022-08-08 15:47:59] [    INFO] 输入文本：18649572 (basics.py:138)
[2022-08-08 15:48:00] [    INFO] 查找元素：('xpath', "//*[@id='pane-account']/form/div[2]/div/div[1]/input") (basics.py:107)
[2022-08-08 15:48:01] [    INFO] 输入文本：xLily6x (basics.py:138)
[2022-08-08 15:48:02] [    INFO] 查找元素：('xpath', "//*[@id='pane-account']/form/div[4]/label/span/span") (basics.py:107)
[2022-08-08 15:48:02] [    INFO] 获取状态：False (basics.py:310)
[2022-08-08 15:48:02] [    INFO] 查找元素：('xpath', "//*[@id='pane-account']/form/div[4]/label/span/span") (basics.py:107)
[2022-08-08 15:48:02] [    INFO] 点击元素：('xpath', "//*[@id='pane-account']/form/div[4]/label/span/span") (basics.py:191)
[2022-08-08 15:48:02] [    INFO] 查找元素：('xpath', "//*[@id='pane-account']/form/button") (basics.py:107)
[2022-08-08 15:48:02] [    INFO] 点击元素：('xpath', "//*[@id='pane-account']/form/button") (basics.py:191)
[2022-08-08 15:48:09] [    INFO] 断言成功：URL为预期一致 | URL: http://10.250.112.166:9000/#/dashboard (assert_ui.py:190)
[2022-08-08 15:48:09] [    INFO] 断言成功: 该内容存在数据列表中 | word:隆江 (assert_ui.py:294)
[2022-08-08 15:48:09] [    INFO] 前置条件：传音统一登录成功 (conftest.py:25)
[2022-08-08 15:48:09] [    INFO] 模块前置条件：前往“DRP数据管理-机型库”页面 (DRPDataMgmt_ModelDatabase.py:10)
[2022-08-08 15:48:09] [    INFO] 查找元素：('xpath', '//*[@id="app"]/div/div[1]/div[2]/div[1]/div/ul/div[9]/li/div/span') (basics.py:107)
[2022-08-08 15:48:09] [    INFO] 点击元素：('xpath', '//*[@id="app"]/div/div[1]/div[2]/div[1]/div/ul/div[9]/li/div/span') (basics.py:191)
[2022-08-08 15:48:09] [    INFO] 查找元素：('xpath', "//li[@role='menuitem']//span[contains(text(),'机型库')]") (basics.py:107)
[2022-08-08 15:48:10] [    INFO] 点击元素：('xpath', "//li[@role='menuitem']//span[contains(text(),'机型库')]") (basics.py:191)
[2022-08-08 15:48:12] [    INFO] 断言成功：URL为预期一致 | URL: http://10.250.112.166:9000/#/dataManage/modelLibrary (assert_ui.py:190)
[2022-08-08 15:48:12] [    INFO] 查找元素：['xpath', "//div[2]//div[3]//table[@class='el-table__body']//tbody//tr//td[22]"] (basics.py:118)
[2022-08-08 15:49:07] [    INFO] 【DRP】项目【test】环境- UI自动化开始执行 (conftest.py:14)
[2022-08-08 15:49:07] [    INFO] 前置条件：传音统一登录开始 (conftest.py:18)
[2022-08-08 15:49:11] [    INFO] 打开网页：http://10.250.112.166:9000/# (basics.py:64)
[2022-08-08 15:49:11] [    INFO] 查找元素：('xpath', "//div[@role='button']") (basics.py:107)
[2022-08-08 15:49:11] [    INFO] 点击元素：('xpath', "//div[@role='button']") (basics.py:191)
[2022-08-08 15:49:15] [    INFO] 查找元素：['xpath', "//*[contains(@id,'dropdown-menu-')]//li[1]"] (basics.py:107)
[2022-08-08 15:49:16] [    INFO] 查找元素：('xpath', "//div[@role='button']") (basics.py:107)
[2022-08-08 15:49:16] [    INFO] 点击元素：('xpath', "//div[@role='button']") (basics.py:191)
[2022-08-08 15:49:17] [    INFO] 查找元素：('id', 'tab-account') (basics.py:107)
[2022-08-08 15:49:17] [    INFO] 点击元素：('id', 'tab-account') (basics.py:191)
[2022-08-08 15:49:18] [    INFO] 查找元素：('xpath', "//*[@id='pane-account']/form/div[1]/div/div[1]/input") (basics.py:107)
[2022-08-08 15:49:18] [    INFO] 输入文本：18649572 (basics.py:138)
[2022-08-08 15:49:20] [    INFO] 查找元素：('xpath', "//*[@id='pane-account']/form/div[2]/div/div[1]/input") (basics.py:107)
[2022-08-08 15:49:20] [    INFO] 输入文本：xLily6x (basics.py:138)
[2022-08-08 15:49:21] [    INFO] 查找元素：('xpath', "//*[@id='pane-account']/form/div[4]/label/span/span") (basics.py:107)
[2022-08-08 15:49:21] [    INFO] 获取状态：False (basics.py:310)
[2022-08-08 15:49:21] [    INFO] 查找元素：('xpath', "//*[@id='pane-account']/form/div[4]/label/span/span") (basics.py:107)
[2022-08-08 15:49:21] [    INFO] 点击元素：('xpath', "//*[@id='pane-account']/form/div[4]/label/span/span") (basics.py:191)
[2022-08-08 15:49:21] [    INFO] 查找元素：('xpath', "//*[@id='pane-account']/form/button") (basics.py:107)
[2022-08-08 15:49:21] [    INFO] 点击元素：('xpath', "//*[@id='pane-account']/form/button") (basics.py:191)
[2022-08-08 15:49:28] [    INFO] 断言成功：URL为预期一致 | URL: http://10.250.112.166:9000/#/dashboard (assert_ui.py:190)
[2022-08-08 15:49:28] [    INFO] 断言成功: 该内容存在数据列表中 | word:隆江 (assert_ui.py:294)
[2022-08-08 15:49:28] [    INFO] 前置条件：传音统一登录成功 (conftest.py:25)
[2022-08-08 15:49:28] [    INFO] 模块前置条件：前往“DRP数据管理-机型库”页面 (DRPDataMgmt_ModelDatabase.py:10)
[2022-08-08 15:49:28] [    INFO] 查找元素：('xpath', '//*[@id="app"]/div/div[1]/div[2]/div[1]/div/ul/div[9]/li/div/span') (basics.py:107)
[2022-08-08 15:49:28] [    INFO] 点击元素：('xpath', '//*[@id="app"]/div/div[1]/div[2]/div[1]/div/ul/div[9]/li/div/span') (basics.py:191)
[2022-08-08 15:49:29] [    INFO] 查找元素：('xpath', "//li[@role='menuitem']//span[contains(text(),'机型库')]") (basics.py:107)
[2022-08-08 15:49:29] [    INFO] 点击元素：('xpath', "//li[@role='menuitem']//span[contains(text(),'机型库')]") (basics.py:191)
[2022-08-08 15:49:31] [    INFO] 断言成功：URL为预期一致 | URL: http://10.250.112.166:9000/#/dataManage/modelLibrary (assert_ui.py:190)
[2022-08-08 15:49:31] [    INFO] 查找元素：['xpath', "//div[2]//div[3]//table[@class='el-table__body']//tbody//tr//td[22]"] (basics.py:118)
[2022-08-08 15:49:32] [    INFO] (('xpath', "//div[2]//div[3]//table[@class='el-table__body']//tbody//tr[variable]//td[24]//button[1]"), '1') (DRPDataMgmt_ModelDatabase.py:460)
[2022-08-08 15:50:59] [    INFO] 【DRP】项目【test】环境- UI自动化开始执行 (conftest.py:14)
[2022-08-08 15:50:59] [    INFO] 前置条件：传音统一登录开始 (conftest.py:18)
[2022-08-08 15:51:03] [    INFO] 打开网页：http://10.250.112.166:9000/# (basics.py:64)
[2022-08-08 15:51:03] [    INFO] 查找元素：('xpath', "//div[@role='button']") (basics.py:107)
[2022-08-08 15:51:03] [    INFO] 点击元素：('xpath', "//div[@role='button']") (basics.py:191)
[2022-08-08 15:51:07] [    INFO] 查找元素：['xpath', "//*[contains(@id,'dropdown-menu-')]//li[1]"] (basics.py:107)
[2022-08-08 15:51:08] [    INFO] 查找元素：('xpath', "//div[@role='button']") (basics.py:107)
[2022-08-08 15:51:08] [    INFO] 点击元素：('xpath', "//div[@role='button']") (basics.py:191)
[2022-08-08 15:51:09] [    INFO] 查找元素：('id', 'tab-account') (basics.py:107)
[2022-08-08 15:51:09] [    INFO] 点击元素：('id', 'tab-account') (basics.py:191)
[2022-08-08 15:51:10] [    INFO] 查找元素：('xpath', "//*[@id='pane-account']/form/div[1]/div/div[1]/input") (basics.py:107)
[2022-08-08 15:51:10] [    INFO] 输入文本：18649572 (basics.py:138)
[2022-08-08 15:51:12] [    INFO] 查找元素：('xpath', "//*[@id='pane-account']/form/div[2]/div/div[1]/input") (basics.py:107)
[2022-08-08 15:51:12] [    INFO] 输入文本：xLily6x (basics.py:138)
[2022-08-08 15:51:13] [    INFO] 查找元素：('xpath', "//*[@id='pane-account']/form/div[4]/label/span/span") (basics.py:107)
[2022-08-08 15:51:13] [    INFO] 获取状态：False (basics.py:310)
[2022-08-08 15:51:13] [    INFO] 查找元素：('xpath', "//*[@id='pane-account']/form/div[4]/label/span/span") (basics.py:107)
[2022-08-08 15:51:13] [    INFO] 点击元素：('xpath', "//*[@id='pane-account']/form/div[4]/label/span/span") (basics.py:191)
[2022-08-08 15:51:13] [    INFO] 查找元素：('xpath', "//*[@id='pane-account']/form/button") (basics.py:107)
[2022-08-08 15:51:13] [    INFO] 点击元素：('xpath', "//*[@id='pane-account']/form/button") (basics.py:191)
[2022-08-08 15:51:20] [    INFO] 断言成功：URL为预期一致 | URL: http://10.250.112.166:9000/#/dashboard (assert_ui.py:190)
[2022-08-08 15:51:20] [    INFO] 断言成功: 该内容存在数据列表中 | word:隆江 (assert_ui.py:294)
[2022-08-08 15:51:20] [    INFO] 前置条件：传音统一登录成功 (conftest.py:25)
[2022-08-08 15:51:20] [    INFO] 模块前置条件：前往“DRP数据管理-机型库”页面 (DRPDataMgmt_ModelDatabase.py:10)
[2022-08-08 15:51:20] [    INFO] 查找元素：('xpath', '//*[@id="app"]/div/div[1]/div[2]/div[1]/div/ul/div[9]/li/div/span') (basics.py:107)
[2022-08-08 15:51:20] [    INFO] 点击元素：('xpath', '//*[@id="app"]/div/div[1]/div[2]/div[1]/div/ul/div[9]/li/div/span') (basics.py:191)
[2022-08-08 15:51:21] [    INFO] 查找元素：('xpath', "//li[@role='menuitem']//span[contains(text(),'机型库')]") (basics.py:107)
[2022-08-08 15:51:21] [    INFO] 点击元素：('xpath', "//li[@role='menuitem']//span[contains(text(),'机型库')]") (basics.py:191)
[2022-08-08 15:51:23] [    INFO] 断言成功：URL为预期一致 | URL: http://10.250.112.166:9000/#/dataManage/modelLibrary (assert_ui.py:190)
[2022-08-08 15:51:23] [    INFO] 查找元素：['xpath', "//div[2]//div[3]//table[@class='el-table__body']//tbody//tr//td[22]"] (basics.py:118)
[2022-08-08 15:56:52] [    INFO] 【DRP】项目【test】环境- UI自动化开始执行 (conftest.py:14)
[2022-08-08 15:56:52] [    INFO] 前置条件：传音统一登录开始 (conftest.py:18)
[2022-08-08 15:56:55] [    INFO] 打开网页：http://10.250.112.166:9000/# (basics.py:64)
[2022-08-08 15:56:55] [    INFO] 查找元素：('xpath', "//div[@role='button']") (basics.py:107)
[2022-08-08 15:56:55] [    INFO] 点击元素：('xpath', "//div[@role='button']") (basics.py:191)
[2022-08-08 15:57:00] [    INFO] 查找元素：['xpath', "//*[contains(@id,'dropdown-menu-')]//li[1]"] (basics.py:107)
[2022-08-08 15:57:01] [    INFO] 查找元素：('xpath', "//div[@role='button']") (basics.py:107)
[2022-08-08 15:57:01] [    INFO] 点击元素：('xpath', "//div[@role='button']") (basics.py:191)
[2022-08-08 15:57:01] [    INFO] 查找元素：('id', 'tab-account') (basics.py:107)
[2022-08-08 15:57:01] [    INFO] 点击元素：('id', 'tab-account') (basics.py:191)
[2022-08-08 15:57:02] [    INFO] 查找元素：('xpath', "//*[@id='pane-account']/form/div[1]/div/div[1]/input") (basics.py:107)
[2022-08-08 15:57:02] [    INFO] 输入文本：18649572 (basics.py:138)
[2022-08-08 15:57:04] [    INFO] 查找元素：('xpath', "//*[@id='pane-account']/form/div[2]/div/div[1]/input") (basics.py:107)
[2022-08-08 15:57:04] [    INFO] 输入文本：xLily6x (basics.py:138)
[2022-08-08 15:57:05] [    INFO] 查找元素：('xpath', "//*[@id='pane-account']/form/div[4]/label/span/span") (basics.py:107)
[2022-08-08 15:57:05] [    INFO] 获取状态：False (basics.py:310)
[2022-08-08 15:57:05] [    INFO] 查找元素：('xpath', "//*[@id='pane-account']/form/div[4]/label/span/span") (basics.py:107)
[2022-08-08 15:57:05] [    INFO] 点击元素：('xpath', "//*[@id='pane-account']/form/div[4]/label/span/span") (basics.py:191)
[2022-08-08 15:57:05] [    INFO] 查找元素：('xpath', "//*[@id='pane-account']/form/button") (basics.py:107)
[2022-08-08 15:57:05] [    INFO] 点击元素：('xpath', "//*[@id='pane-account']/form/button") (basics.py:191)
[2022-08-08 15:57:12] [    INFO] 断言成功：URL为预期一致 | URL: http://10.250.112.166:9000/#/dashboard (assert_ui.py:190)
[2022-08-08 15:57:12] [    INFO] 断言成功: 该内容存在数据列表中 | word:隆江 (assert_ui.py:294)
[2022-08-08 15:57:12] [    INFO] 前置条件：传音统一登录成功 (conftest.py:25)
[2022-08-08 15:57:12] [    INFO] 模块前置条件：前往“DRP数据管理-机型库”页面 (DRPDataMgmt_ModelDatabase.py:10)
[2022-08-08 15:57:12] [    INFO] 查找元素：('xpath', '//*[@id="app"]/div/div[1]/div[2]/div[1]/div/ul/div[9]/li/div/span') (basics.py:107)
[2022-08-08 15:57:12] [    INFO] 点击元素：('xpath', '//*[@id="app"]/div/div[1]/div[2]/div[1]/div/ul/div[9]/li/div/span') (basics.py:191)
[2022-08-08 15:57:13] [    INFO] 查找元素：('xpath', "//li[@role='menuitem']//span[contains(text(),'机型库')]") (basics.py:107)
[2022-08-08 15:57:13] [    INFO] 点击元素：('xpath', "//li[@role='menuitem']//span[contains(text(),'机型库')]") (basics.py:191)
[2022-08-08 15:57:15] [    INFO] 断言成功：URL为预期一致 | URL: http://10.250.112.166:9000/#/dataManage/modelLibrary (assert_ui.py:190)
[2022-08-08 15:57:15] [    INFO] 查找元素：['xpath', "//div[2]//div[3]//table[@class='el-table__body']//tbody//tr//td[22]"] (basics.py:118)
[2022-08-08 15:57:39] [    INFO] 【DRP】项目【test】环境- UI自动化开始执行 (conftest.py:14)
[2022-08-08 15:57:39] [    INFO] 前置条件：传音统一登录开始 (conftest.py:18)
[2022-08-08 15:57:42] [    INFO] 打开网页：http://10.250.112.166:9000/# (basics.py:64)
[2022-08-08 15:57:42] [    INFO] 查找元素：('xpath', "//div[@role='button']") (basics.py:107)
[2022-08-08 15:57:42] [    INFO] 点击元素：('xpath', "//div[@role='button']") (basics.py:191)
[2022-08-08 15:57:47] [    INFO] 查找元素：['xpath', "//*[contains(@id,'dropdown-menu-')]//li[1]"] (basics.py:107)
[2022-08-08 15:57:48] [    INFO] 查找元素：('xpath', "//div[@role='button']") (basics.py:107)
[2022-08-08 15:57:48] [    INFO] 点击元素：('xpath', "//div[@role='button']") (basics.py:191)
[2022-08-08 15:57:48] [    INFO] 查找元素：('id', 'tab-account') (basics.py:107)
[2022-08-08 15:57:48] [    INFO] 点击元素：('id', 'tab-account') (basics.py:191)
[2022-08-08 15:57:49] [    INFO] 查找元素：('xpath', "//*[@id='pane-account']/form/div[1]/div/div[1]/input") (basics.py:107)
[2022-08-08 15:57:50] [    INFO] 输入文本：18649572 (basics.py:138)
[2022-08-08 15:57:51] [    INFO] 查找元素：('xpath', "//*[@id='pane-account']/form/div[2]/div/div[1]/input") (basics.py:107)
[2022-08-08 15:57:51] [    INFO] 输入文本：xLily6x (basics.py:138)
[2022-08-08 15:57:52] [    INFO] 查找元素：('xpath', "//*[@id='pane-account']/form/div[4]/label/span/span") (basics.py:107)
[2022-08-08 15:57:52] [    INFO] 获取状态：False (basics.py:310)
[2022-08-08 15:57:52] [    INFO] 查找元素：('xpath', "//*[@id='pane-account']/form/div[4]/label/span/span") (basics.py:107)
[2022-08-08 15:57:52] [    INFO] 点击元素：('xpath', "//*[@id='pane-account']/form/div[4]/label/span/span") (basics.py:191)
[2022-08-08 15:57:53] [    INFO] 查找元素：('xpath', "//*[@id='pane-account']/form/button") (basics.py:107)
[2022-08-08 15:57:53] [    INFO] 点击元素：('xpath', "//*[@id='pane-account']/form/button") (basics.py:191)
[2022-08-08 15:57:59] [    INFO] 断言成功：URL为预期一致 | URL: http://10.250.112.166:9000/#/dashboard (assert_ui.py:190)
[2022-08-08 15:58:00] [    INFO] 断言成功: 该内容存在数据列表中 | word:隆江 (assert_ui.py:294)
[2022-08-08 15:58:00] [    INFO] 前置条件：传音统一登录成功 (conftest.py:25)
[2022-08-08 15:58:00] [    INFO] 模块前置条件：前往“DRP数据管理-机型库”页面 (DRPDataMgmt_ModelDatabase.py:10)
[2022-08-08 15:58:00] [    INFO] 查找元素：('xpath', '//*[@id="app"]/div/div[1]/div[2]/div[1]/div/ul/div[9]/li/div/span') (basics.py:107)
[2022-08-08 15:58:00] [    INFO] 点击元素：('xpath', '//*[@id="app"]/div/div[1]/div[2]/div[1]/div/ul/div[9]/li/div/span') (basics.py:191)
[2022-08-08 15:58:00] [    INFO] 查找元素：('xpath', "//li[@role='menuitem']//span[contains(text(),'机型库')]") (basics.py:107)
[2022-08-08 15:58:00] [    INFO] 点击元素：('xpath', "//li[@role='menuitem']//span[contains(text(),'机型库')]") (basics.py:191)
[2022-08-08 15:58:03] [    INFO] 断言成功：URL为预期一致 | URL: http://10.250.112.166:9000/#/dataManage/modelLibrary (assert_ui.py:190)
[2022-08-08 15:58:03] [    INFO] 查找元素：['xpath', "//div[2]//div[3]//table[@class='el-table__body']//tbody//tr//td[22]"] (basics.py:118)
[2022-08-08 15:59:21] [    INFO] 【DRP】项目【test】环境- UI自动化开始执行 (conftest.py:14)
[2022-08-08 15:59:21] [    INFO] 前置条件：传音统一登录开始 (conftest.py:18)
[2022-08-08 15:59:25] [    INFO] 打开网页：http://10.250.112.166:9000/# (basics.py:64)
[2022-08-08 15:59:25] [    INFO] 查找元素：('xpath', "//div[@role='button']") (basics.py:107)
[2022-08-08 15:59:25] [    INFO] 点击元素：('xpath', "//div[@role='button']") (basics.py:191)
[2022-08-08 15:59:29] [    INFO] 查找元素：['xpath', "//*[contains(@id,'dropdown-menu-')]//li[1]"] (basics.py:107)
[2022-08-08 15:59:30] [    INFO] 查找元素：('xpath', "//div[@role='button']") (basics.py:107)
[2022-08-08 15:59:30] [    INFO] 点击元素：('xpath', "//div[@role='button']") (basics.py:191)
[2022-08-08 15:59:31] [    INFO] 查找元素：('id', 'tab-account') (basics.py:107)
[2022-08-08 15:59:31] [    INFO] 点击元素：('id', 'tab-account') (basics.py:191)
[2022-08-08 15:59:32] [    INFO] 查找元素：('xpath', "//*[@id='pane-account']/form/div[1]/div/div[1]/input") (basics.py:107)
[2022-08-08 15:59:32] [    INFO] 输入文本：18649572 (basics.py:138)
[2022-08-08 15:59:33] [    INFO] 查找元素：('xpath', "//*[@id='pane-account']/form/div[2]/div/div[1]/input") (basics.py:107)
[2022-08-08 15:59:33] [    INFO] 输入文本：xLily6x (basics.py:138)
[2022-08-08 15:59:34] [    INFO] 查找元素：('xpath', "//*[@id='pane-account']/form/div[4]/label/span/span") (basics.py:107)
[2022-08-08 15:59:34] [    INFO] 获取状态：False (basics.py:311)
[2022-08-08 15:59:34] [    INFO] 查找元素：('xpath', "//*[@id='pane-account']/form/div[4]/label/span/span") (basics.py:107)
[2022-08-08 15:59:35] [    INFO] 点击元素：('xpath', "//*[@id='pane-account']/form/div[4]/label/span/span") (basics.py:191)
[2022-08-08 15:59:35] [    INFO] 查找元素：('xpath', "//*[@id='pane-account']/form/button") (basics.py:107)
[2022-08-08 15:59:35] [    INFO] 点击元素：('xpath', "//*[@id='pane-account']/form/button") (basics.py:191)
[2022-08-08 15:59:42] [    INFO] 断言成功：URL为预期一致 | URL: http://10.250.112.166:9000/#/dashboard (assert_ui.py:190)
[2022-08-08 15:59:42] [    INFO] 断言成功: 该内容存在数据列表中 | word:隆江 (assert_ui.py:294)
[2022-08-08 15:59:42] [    INFO] 前置条件：传音统一登录成功 (conftest.py:25)
[2022-08-08 15:59:42] [    INFO] 模块前置条件：前往“DRP数据管理-机型库”页面 (DRPDataMgmt_ModelDatabase.py:10)
[2022-08-08 15:59:42] [    INFO] 查找元素：('xpath', '//*[@id="app"]/div/div[1]/div[2]/div[1]/div/ul/div[9]/li/div/span') (basics.py:107)
[2022-08-08 15:59:42] [    INFO] 点击元素：('xpath', '//*[@id="app"]/div/div[1]/div[2]/div[1]/div/ul/div[9]/li/div/span') (basics.py:191)
[2022-08-08 15:59:42] [    INFO] 查找元素：('xpath', "//li[@role='menuitem']//span[contains(text(),'机型库')]") (basics.py:107)
[2022-08-08 15:59:43] [    INFO] 点击元素：('xpath', "//li[@role='menuitem']//span[contains(text(),'机型库')]") (basics.py:191)
[2022-08-08 15:59:45] [    INFO] 断言成功：URL为预期一致 | URL: http://10.250.112.166:9000/#/dataManage/modelLibrary (assert_ui.py:190)
[2022-08-08 15:59:45] [    INFO] 查找元素：['xpath', "//div[2]//div[3]//table[@class='el-table__body']//tbody//tr//td[22]"] (basics.py:118)
