[2022-07-21 16:34:18] [    INFO] 【TEST1】项目【test】环境- UI自动化开始执行 (conftest.py:14)
[2022-07-21 16:34:18] [    INFO] 前置条件：传音统一登录开始 (conftest.py:18)
[2022-07-21 16:34:20] [    INFO] 打开网页：http://10.250.112.166:9000/# (basics.py:58)
[2022-07-21 16:34:20] [    INFO] 查找元素：('xpath', "//div[@role='button']") (basics.py:73)
[2022-07-21 16:34:20] [    INFO] 点击元素：('xpath', "//div[@role='button']") (basics.py:157)
[2022-07-21 16:34:25] [    INFO] 查找元素：['xpath', "//*[contains(@id,'dropdown-menu-')]//li[1]"] (basics.py:73)
[2022-07-21 16:34:26] [    INFO] 查找元素：('xpath', "//div[@role='button']") (basics.py:73)
[2022-07-21 16:34:26] [    INFO] 点击元素：('xpath', "//div[@role='button']") (basics.py:157)
[2022-07-21 16:34:26] [    INFO] 查找元素：('id', 'tab-account') (basics.py:73)
[2022-07-21 16:34:26] [    INFO] 点击元素：('id', 'tab-account') (basics.py:157)
[2022-07-21 16:34:27] [    INFO] 查找元素：('xpath', "//*[@id='pane-account']/form/div[1]/div/div[1]/input") (basics.py:73)
[2022-07-21 16:34:28] [    INFO] 输入文本：18650617 (basics.py:104)
[2022-07-21 16:34:29] [    INFO] 查找元素：('xpath', "//*[@id='pane-account']/form/div[2]/div/div[1]/input") (basics.py:73)
[2022-07-21 16:34:29] [    INFO] 输入文本：xLily6x (basics.py:104)
[2022-07-21 16:34:30] [    INFO] 查找元素：('xpath', "//*[@id='pane-account']/form/div[4]/label/span/span") (basics.py:73)
[2022-07-21 16:34:30] [    INFO] 获取状态：False (basics.py:273)
[2022-07-21 16:34:30] [    INFO] 查找元素：('xpath', "//*[@id='pane-account']/form/div[4]/label/span/span") (basics.py:73)
[2022-07-21 16:34:30] [    INFO] 点击元素：('xpath', "//*[@id='pane-account']/form/div[4]/label/span/span") (basics.py:157)
[2022-07-21 16:34:31] [    INFO] 查找元素：('xpath', "//*[@id='pane-account']/form/button") (basics.py:73)
[2022-07-21 16:34:31] [    INFO] 点击元素：('xpath', "//*[@id='pane-account']/form/button") (basics.py:157)
[2022-07-21 16:34:35] [    INFO] 断言成功：URL为预期一致 | URL: http://10.250.112.166:9000/#/dashboard (assert_ui.py:190)
[2022-07-21 16:34:36] [    INFO] 断言成功: 该内容存在数据列表中 | word:刘勇 (assert_ui.py:294)
[2022-07-21 16:34:36] [    INFO] 前置条件：传音统一登录成功 (conftest.py:25)
[2022-07-21 16:34:36] [    INFO] 查找元素：('xpath', '//*[@id="app"]/div/div[1]/div[2]/div[1]/div/ul/div[11]/li/div/span') (basics.py:73)
[2022-07-21 16:34:36] [    INFO] 点击元素：('xpath', '//*[@id="app"]/div/div[1]/div[2]/div[1]/div/ul/div[11]/li/div/span') (basics.py:157)
[2022-07-21 16:34:36] [    INFO] 查找元素：('xpath', "//span[contains(text(),'维度管理')]") (basics.py:73)
[2022-07-21 16:34:36] [    INFO] 点击元素：('xpath', "//span[contains(text(),'维度管理')]") (basics.py:157)
[2022-07-21 16:34:42] [    INFO] 断言成功：URL为预期一致 | URL: http://10.250.112.166:9000/#/systemManage/dimensionManage (assert_ui.py:190)
[2022-07-21 16:34:42] [    INFO] 查找元素：('xpath', '//div[text()="角色管理"]') (basics.py:73)
[2022-07-21 16:34:42] [    INFO] 点击元素：('xpath', '//div[text()="角色管理"]') (basics.py:157)
[2022-07-21 16:34:43] [    INFO] 查找元素：('xpath', '//*[@id="app"]/div/div[1]/div[2]/div[1]/div/ul/div[11]/li/div/span') (basics.py:73)
[2022-07-21 16:34:43] [    INFO] 点击元素：('xpath', '//*[@id="app"]/div/div[1]/div[2]/div[1]/div/ul/div[11]/li/div/span') (basics.py:157)
[2022-07-21 16:34:44] [    INFO] 查找元素：('xpath', "//span[contains(text(),'维度管理')]") (basics.py:73)
[2022-07-21 16:34:44] [    INFO] 点击元素：('xpath', "//span[contains(text(),'维度管理')]") (basics.py:157)
[2022-07-21 16:34:50] [    INFO] 断言成功：URL为预期一致 | URL: http://10.250.112.166:9000/#/systemManage/dimensionManage (assert_ui.py:190)
[2022-07-21 16:34:50] [    INFO] 查找元素：('xpath', '//input[@placeholder="请输入"]') (basics.py:73)
[2022-07-21 16:34:50] [    INFO] 点击元素：('xpath', '//input[@placeholder="请输入"]') (basics.py:157)
[2022-07-21 16:37:13] [    INFO] 【TEST1】项目【test】环境- UI自动化开始执行 (conftest.py:14)
[2022-07-21 16:37:13] [    INFO] 前置条件：传音统一登录开始 (conftest.py:18)
[2022-07-21 16:37:15] [    INFO] 打开网页：http://10.250.112.166:9000/# (basics.py:58)
[2022-07-21 16:37:15] [    INFO] 查找元素：('xpath', "//div[@role='button']") (basics.py:73)
[2022-07-21 16:37:15] [    INFO] 点击元素：('xpath', "//div[@role='button']") (basics.py:157)
[2022-07-21 16:37:20] [    INFO] 查找元素：['xpath', "//*[contains(@id,'dropdown-menu-')]//li[1]"] (basics.py:73)
[2022-07-21 16:37:21] [    INFO] 查找元素：('xpath', "//div[@role='button']") (basics.py:73)
[2022-07-21 16:37:21] [    INFO] 点击元素：('xpath', "//div[@role='button']") (basics.py:157)
[2022-07-21 16:37:21] [    INFO] 查找元素：('id', 'tab-account') (basics.py:73)
[2022-07-21 16:37:22] [    INFO] 点击元素：('id', 'tab-account') (basics.py:157)
[2022-07-21 16:37:23] [    INFO] 查找元素：('xpath', "//*[@id='pane-account']/form/div[1]/div/div[1]/input") (basics.py:73)
[2022-07-21 16:37:23] [    INFO] 输入文本：18650617 (basics.py:104)
[2022-07-21 16:37:24] [    INFO] 查找元素：('xpath', "//*[@id='pane-account']/form/div[2]/div/div[1]/input") (basics.py:73)
[2022-07-21 16:37:24] [    INFO] 输入文本：xLily6x (basics.py:104)
[2022-07-21 16:37:25] [    INFO] 查找元素：('xpath', "//*[@id='pane-account']/form/div[4]/label/span/span") (basics.py:73)
[2022-07-21 16:37:25] [    INFO] 获取状态：False (basics.py:273)
[2022-07-21 16:37:25] [    INFO] 查找元素：('xpath', "//*[@id='pane-account']/form/div[4]/label/span/span") (basics.py:73)
[2022-07-21 16:37:25] [    INFO] 点击元素：('xpath', "//*[@id='pane-account']/form/div[4]/label/span/span") (basics.py:157)
[2022-07-21 16:37:26] [    INFO] 查找元素：('xpath', "//*[@id='pane-account']/form/button") (basics.py:73)
[2022-07-21 16:37:26] [    INFO] 点击元素：('xpath', "//*[@id='pane-account']/form/button") (basics.py:157)
[2022-07-21 16:37:31] [    INFO] 断言成功：URL为预期一致 | URL: http://10.250.112.166:9000/#/dashboard (assert_ui.py:190)
[2022-07-21 16:37:31] [    INFO] 断言成功: 该内容存在数据列表中 | word:刘勇 (assert_ui.py:294)
[2022-07-21 16:37:31] [    INFO] 前置条件：传音统一登录成功 (conftest.py:25)
[2022-07-21 16:37:31] [    INFO] 查找元素：('xpath', '//*[@id="app"]/div/div[1]/div[2]/div[1]/div/ul/div[11]/li/div/span') (basics.py:73)
[2022-07-21 16:37:31] [    INFO] 点击元素：('xpath', '//*[@id="app"]/div/div[1]/div[2]/div[1]/div/ul/div[11]/li/div/span') (basics.py:157)
[2022-07-21 16:37:31] [    INFO] 查找元素：('xpath', "//span[contains(text(),'维度管理')]") (basics.py:73)
[2022-07-21 16:37:31] [    INFO] 点击元素：('xpath', "//span[contains(text(),'维度管理')]") (basics.py:157)
[2022-07-21 16:37:37] [    INFO] 断言成功：URL为预期一致 | URL: http://10.250.112.166:9000/#/systemManage/dimensionManage (assert_ui.py:190)
[2022-07-21 16:37:37] [    INFO] 查找元素：('xpath', '//div[text()="角色管理"]') (basics.py:73)
[2022-07-21 16:37:37] [    INFO] 点击元素：('xpath', '//div[text()="角色管理"]') (basics.py:157)
[2022-07-21 16:37:38] [    INFO] 查找元素：('xpath', '//*[@id="app"]/div/div[1]/div[2]/div[1]/div/ul/div[11]/li/div/span') (basics.py:73)
[2022-07-21 16:37:39] [    INFO] 点击元素：('xpath', '//*[@id="app"]/div/div[1]/div[2]/div[1]/div/ul/div[11]/li/div/span') (basics.py:157)
[2022-07-21 16:37:39] [    INFO] 查找元素：('xpath', "//span[contains(text(),'维度管理')]") (basics.py:73)
[2022-07-21 16:37:39] [    INFO] 点击元素：('xpath', "//span[contains(text(),'维度管理')]") (basics.py:157)
[2022-07-21 16:37:45] [    INFO] 断言成功：URL为预期一致 | URL: http://10.250.112.166:9000/#/systemManage/dimensionManage (assert_ui.py:190)
[2022-07-21 16:37:45] [    INFO] 查找元素：('xpath', '//input[@placeholder="请输入"]') (basics.py:73)
[2022-07-21 16:37:45] [    INFO] 点击元素：('xpath', '//input[@placeholder="请输入"]') (basics.py:157)
[2022-07-21 16:37:47] [    INFO] 查找元素：['xpath', '//div[@x-placement="bottom-start"]/div[1]//li[1]'] (basics.py:73)
[2022-07-21 16:37:47] [    INFO] 选择点击：['xpath', '//div[@x-placement="bottom-start"]/div[1]//li[1]'] (basics.py:154)
[2022-07-21 16:37:47] [    INFO] 查找元素：('xpath', '//span[normalize-space(text())="查 询"]') (basics.py:73)
[2022-07-21 16:37:47] [    INFO] 点击元素：('xpath', '//span[normalize-space(text())="查 询"]') (basics.py:157)
[2022-07-21 16:37:48] [    INFO] 查找元素：('xpath', '//span[normalize-space(text())="重 置"]') (basics.py:73)
[2022-07-21 16:37:48] [    INFO] 点击元素：('xpath', '//span[normalize-space(text())="重 置"]') (basics.py:157)
[2022-07-21 16:38:44] [    INFO] 【TEST1】项目【test】环境- UI自动化开始执行 (conftest.py:14)
[2022-07-21 16:38:44] [    INFO] 前置条件：传音统一登录开始 (conftest.py:18)
[2022-07-21 16:38:46] [    INFO] 打开网页：http://10.250.112.166:9000/# (basics.py:58)
[2022-07-21 16:38:46] [    INFO] 查找元素：('xpath', "//div[@role='button']") (basics.py:73)
[2022-07-21 16:38:46] [    INFO] 点击元素：('xpath', "//div[@role='button']") (basics.py:157)
[2022-07-21 16:38:51] [    INFO] 查找元素：['xpath', "//*[contains(@id,'dropdown-menu-')]//li[1]"] (basics.py:73)
[2022-07-21 16:38:52] [    INFO] 查找元素：('xpath', "//div[@role='button']") (basics.py:73)
[2022-07-21 16:38:52] [    INFO] 点击元素：('xpath', "//div[@role='button']") (basics.py:157)
[2022-07-21 16:38:53] [    INFO] 查找元素：('id', 'tab-account') (basics.py:73)
[2022-07-21 16:38:53] [    INFO] 点击元素：('id', 'tab-account') (basics.py:157)
[2022-07-21 16:38:54] [    INFO] 查找元素：('xpath', "//*[@id='pane-account']/form/div[1]/div/div[1]/input") (basics.py:73)
[2022-07-21 16:38:54] [    INFO] 输入文本：18650617 (basics.py:104)
[2022-07-21 16:38:55] [    INFO] 查找元素：('xpath', "//*[@id='pane-account']/form/div[2]/div/div[1]/input") (basics.py:73)
[2022-07-21 16:38:55] [    INFO] 输入文本：xLily6x (basics.py:104)
[2022-07-21 16:38:56] [    INFO] 查找元素：('xpath', "//*[@id='pane-account']/form/div[4]/label/span/span") (basics.py:73)
[2022-07-21 16:38:56] [    INFO] 获取状态：False (basics.py:273)
[2022-07-21 16:38:56] [    INFO] 查找元素：('xpath', "//*[@id='pane-account']/form/div[4]/label/span/span") (basics.py:73)
[2022-07-21 16:38:57] [    INFO] 点击元素：('xpath', "//*[@id='pane-account']/form/div[4]/label/span/span") (basics.py:157)
[2022-07-21 16:38:57] [    INFO] 查找元素：('xpath', "//*[@id='pane-account']/form/button") (basics.py:73)
[2022-07-21 16:38:57] [    INFO] 点击元素：('xpath', "//*[@id='pane-account']/form/button") (basics.py:157)
[2022-07-21 16:39:02] [    INFO] 断言成功：URL为预期一致 | URL: http://10.250.112.166:9000/#/dashboard (assert_ui.py:190)
[2022-07-21 16:39:02] [    INFO] 断言成功: 该内容存在数据列表中 | word:刘勇 (assert_ui.py:294)
[2022-07-21 16:39:02] [    INFO] 前置条件：传音统一登录成功 (conftest.py:25)
[2022-07-21 16:39:02] [    INFO] 查找元素：('xpath', '//*[@id="app"]/div/div[1]/div[2]/div[1]/div/ul/div[11]/li/div/span') (basics.py:73)
[2022-07-21 16:39:02] [    INFO] 点击元素：('xpath', '//*[@id="app"]/div/div[1]/div[2]/div[1]/div/ul/div[11]/li/div/span') (basics.py:157)
[2022-07-21 16:39:02] [    INFO] 查找元素：('xpath', "//span[contains(text(),'维度管理')]") (basics.py:73)
[2022-07-21 16:39:02] [    INFO] 点击元素：('xpath', "//span[contains(text(),'维度管理')]") (basics.py:157)
[2022-07-21 16:39:08] [    INFO] 断言成功：URL为预期一致 | URL: http://10.250.112.166:9000/#/systemManage/dimensionManage (assert_ui.py:190)
[2022-07-21 16:39:08] [    INFO] 查找元素：('xpath', '//div[text()="角色管理"]') (basics.py:73)
[2022-07-21 16:39:08] [    INFO] 点击元素：('xpath', '//div[text()="角色管理"]') (basics.py:157)
[2022-07-21 16:39:10] [    INFO] 查找元素：('xpath', '//*[@id="app"]/div/div[1]/div[2]/div[1]/div/ul/div[11]/li/div/span') (basics.py:73)
[2022-07-21 16:39:10] [    INFO] 点击元素：('xpath', '//*[@id="app"]/div/div[1]/div[2]/div[1]/div/ul/div[11]/li/div/span') (basics.py:157)
[2022-07-21 16:39:10] [    INFO] 查找元素：('xpath', "//span[contains(text(),'维度管理')]") (basics.py:73)
[2022-07-21 16:39:10] [    INFO] 点击元素：('xpath', "//span[contains(text(),'维度管理')]") (basics.py:157)
[2022-07-21 16:39:16] [    INFO] 断言成功：URL为预期一致 | URL: http://10.250.112.166:9000/#/systemManage/dimensionManage (assert_ui.py:190)
[2022-07-21 16:39:16] [    INFO] 查找元素：('xpath', '//input[@placeholder="请输入"]') (basics.py:73)
[2022-07-21 16:39:16] [    INFO] 点击元素：('xpath', '//input[@placeholder="请输入"]') (basics.py:157)
[2022-07-21 16:39:18] [    INFO] 查找元素：['xpath', '//div[@x-placement="bottom-start"]/div[1]//li[1]'] (basics.py:73)
[2022-07-21 16:39:18] [    INFO] 选择点击：['xpath', '//div[@x-placement="bottom-start"]/div[1]//li[1]'] (basics.py:154)
[2022-07-21 16:39:18] [    INFO] 查找元素：('xpath', '//span[normalize-space(text())="查 询"]') (basics.py:73)
[2022-07-21 16:39:18] [    INFO] 点击元素：('xpath', '//span[normalize-space(text())="查 询"]') (basics.py:157)
[2022-07-21 16:39:19] [    INFO] 查找元素：('xpath', '//span[normalize-space(text())="重 置"]') (basics.py:73)
[2022-07-21 16:39:19] [    INFO] 点击元素：('xpath', '//span[normalize-space(text())="重 置"]') (basics.py:157)
