[2022-08-08 18:21:20] [    INFO] 【DRP】项目【test】环境- UI自动化开始执行 (conftest.py:14)
[2022-08-08 18:21:20] [    INFO] 前置条件：传音统一登录开始 (conftest.py:18)
[2022-08-08 18:21:23] [    INFO] 打开网页：http://10.250.112.166:9000/# (basics.py:64)
[2022-08-08 18:21:23] [    INFO] 查找元素：('xpath', "//div[@role='button']") (basics.py:107)
[2022-08-08 18:21:23] [    INFO] 点击元素：('xpath', "//div[@role='button']") (basics.py:191)
[2022-08-08 18:21:28] [    INFO] 查找元素：['xpath', "//*[contains(@id,'dropdown-menu-')]//li[1]"] (basics.py:107)
[2022-08-08 18:21:29] [    INFO] 查找元素：('xpath', "//div[@role='button']") (basics.py:107)
[2022-08-08 18:21:29] [    INFO] 点击元素：('xpath', "//div[@role='button']") (basics.py:191)
[2022-08-08 18:21:29] [    INFO] 查找元素：('id', 'tab-account') (basics.py:107)
[2022-08-08 18:21:29] [    INFO] 点击元素：('id', 'tab-account') (basics.py:191)
[2022-08-08 18:21:30] [    INFO] 查找元素：('xpath', "//*[@id='pane-account']/form/div[1]/div/div[1]/input") (basics.py:107)
[2022-08-08 18:21:30] [    INFO] 输入文本：18649572 (basics.py:138)
[2022-08-08 18:21:32] [    INFO] 查找元素：('xpath', "//*[@id='pane-account']/form/div[2]/div/div[1]/input") (basics.py:107)
[2022-08-08 18:21:32] [    INFO] 输入文本：xLily6x (basics.py:138)
[2022-08-08 18:21:33] [    INFO] 查找元素：('xpath', "//*[@id='pane-account']/form/div[4]/label/span/span") (basics.py:107)
[2022-08-08 18:21:33] [    INFO] 获取状态：False (basics.py:313)
[2022-08-08 18:21:33] [    INFO] 查找元素：('xpath', "//*[@id='pane-account']/form/div[4]/label/span/span") (basics.py:107)
[2022-08-08 18:21:33] [    INFO] 点击元素：('xpath', "//*[@id='pane-account']/form/div[4]/label/span/span") (basics.py:191)
[2022-08-08 18:21:34] [    INFO] 查找元素：('xpath', "//*[@id='pane-account']/form/button") (basics.py:107)
[2022-08-08 18:21:34] [    INFO] 点击元素：('xpath', "//*[@id='pane-account']/form/button") (basics.py:191)
[2022-08-08 18:21:40] [    INFO] 断言成功：URL为预期一致 | URL: http://10.250.112.166:9000/#/dashboard (assert_ui.py:190)
[2022-08-08 18:21:40] [    INFO] 断言成功: 该内容存在数据列表中 | word:隆江 (assert_ui.py:294)
[2022-08-08 18:21:40] [    INFO] 前置条件：传音统一登录成功 (conftest.py:25)
[2022-08-08 18:21:40] [    INFO] 模块前置条件：前往“DRP数据管理-机型库”页面 (DRPDataMgmt_ModelDatabase.py:10)
[2022-08-08 18:21:40] [    INFO] 查找元素：('xpath', '//*[@id="app"]/div/div[1]/div[2]/div[1]/div/ul/div[9]/li/div/span') (basics.py:107)
[2022-08-08 18:21:40] [    INFO] 点击元素：('xpath', '//*[@id="app"]/div/div[1]/div[2]/div[1]/div/ul/div[9]/li/div/span') (basics.py:191)
[2022-08-08 18:21:41] [    INFO] 查找元素：('xpath', "//li[@role='menuitem']//span[contains(text(),'机型库')]") (basics.py:107)
[2022-08-08 18:21:41] [    INFO] 点击元素：('xpath', "//li[@role='menuitem']//span[contains(text(),'机型库')]") (basics.py:191)
[2022-08-08 18:21:44] [    INFO] 断言成功：URL为预期一致 | URL: http://10.250.112.166:9000/#/dataManage/modelLibrary (assert_ui.py:190)
[2022-08-08 18:21:46] [    INFO] 查找元素：['xpath', "//div[@class='wrapper-tabs']//span[contains(text(),'产品信息')]"] (basics.py:107)
[2022-08-08 18:21:46] [    INFO] 选择点击：['xpath', "//div[@class='wrapper-tabs']//span[contains(text(),'产品信息')]"] (basics.py:188)
[2022-08-08 18:21:46] [    INFO] 前往菜单产品信息 (DRPDataMgmt_ModelDatabase.py:20)
[2022-08-08 18:21:46] [    INFO] 查找元素：('xpath', "//div[@class='left-btn']//button[1]") (basics.py:107)
[2022-08-08 18:21:46] [    INFO] 获取文本：新 增 (basics.py:302)
[2022-08-08 18:21:46] [    INFO] 查找元素：('xpath', "//div[@class='btn-tool-info']//button[@type='button']//span[contains(text(),'筛选')]") (basics.py:107)
[2022-08-08 18:21:46] [    INFO] 点击元素：('xpath', "//div[@class='btn-tool-info']//button[@type='button']//span[contains(text(),'筛选')]") (basics.py:191)
[2022-08-08 18:21:46] [    INFO] 打开筛选框 (DRPDataMgmt_ModelDatabase.py:48)
[2022-08-08 18:21:46] [    INFO] 查找元素：('xpath', "//label[@for='brandCode']/following-sibling::div//input[@placeholder='请选择']") (basics.py:107)
[2022-08-08 18:21:46] [    INFO] 点击元素：('xpath', "//label[@for='brandCode']/following-sibling::div//input[@placeholder='请选择']") (basics.py:191)
[2022-08-08 18:21:49] [    INFO] 查找元素：['xpath', "//div[@x-placement='bottom-start']//li[2]"] (basics.py:107)
[2022-08-08 18:21:49] [    INFO] 选择点击：['xpath', "//div[@x-placement='bottom-start']//li[2]"] (basics.py:188)
[2022-08-08 18:21:49] [    INFO] 筛选品牌：itel (DRPDataMgmt_ModelDatabase.py:310)
[2022-08-08 18:21:49] [    INFO] 查找元素：('xpath', "//label[@for='seriesSenior']/following-sibling::div//input[@placeholder='请选择']") (basics.py:107)
[2022-08-08 18:21:49] [    INFO] 点击元素：('xpath', "//label[@for='seriesSenior']/following-sibling::div//input[@placeholder='请选择']") (basics.py:191)
[2022-08-08 18:21:52] [    INFO] 查找元素：['xpath', "//div[@x-placement='bottom-start']//li[2]"] (basics.py:107)
[2022-08-08 18:21:52] [    INFO] 选择点击：['xpath', "//div[@x-placement='bottom-start']//li[2]"] (basics.py:188)
[2022-08-08 18:21:52] [    INFO] 筛选大类粗：智能机 (DRPDataMgmt_ModelDatabase.py:321)
[2022-08-08 18:21:52] [    INFO] 查找元素：('xpath', "//label[@for='modelName']/following-sibling::div//input[@placeholder='请输入关键字']") (basics.py:107)
[2022-08-08 18:21:52] [    INFO] 输入文本：S11 64+4 (basics.py:155)
[2022-08-08 18:21:55] [    INFO] 查找元素：['xpath', "//li[@class='el-select-dropdown__item']//span[text()='S11 64+4']"] (basics.py:107)
[2022-08-08 18:21:55] [    INFO] 选择点击：['xpath', "//li[@class='el-select-dropdown__item']//span[text()='S11 64+4']"] (basics.py:188)
[2022-08-08 18:21:55] [    INFO] 筛选机型：S11 64+4 (DRPDataMgmt_ModelDatabase.py:349)
[2022-08-08 18:21:55] [    INFO] 查找元素：('xpath', "//label[@for='marketName']/following-sibling::div//input[@placeholder='请输入关键字']") (basics.py:107)
[2022-08-08 18:21:55] [    INFO] 输入文本：India (basics.py:155)
[2022-08-08 18:21:57] [    INFO] 查找元素：['xpath', "//li[@class='el-select-dropdown__item']//span[text()='India']"] (basics.py:107)
[2022-08-08 18:21:58] [    INFO] 选择点击：['xpath', "//li[@class='el-select-dropdown__item']//span[text()='India']"] (basics.py:188)
[2022-08-08 18:21:58] [    INFO] 筛选市场名：India (DRPDataMgmt_ModelDatabase.py:355)
[2022-08-08 18:21:58] [    INFO] 查找元素：('xpath', "//label[@for='projectSeries']/following-sibling::div//input[@placeholder='请输入关键字']") (basics.py:107)
[2022-08-08 18:21:58] [    INFO] 输入文本：A (basics.py:155)
[2022-08-08 18:22:00] [    INFO] 查找元素：['xpath', "//li[@class='el-select-dropdown__item']//span[text()='A']"] (basics.py:107)
[2022-08-08 18:22:00] [    INFO] 选择点击：['xpath', "//li[@class='el-select-dropdown__item']//span[text()='A']"] (basics.py:188)
[2022-08-08 18:22:00] [    INFO] 筛选系列：A (DRPDataMgmt_ModelDatabase.py:361)
[2022-08-08 18:22:01] [    INFO] 查找元素：('xpath', "//label[@for='modelCode']/following-sibling::div//input[@placeholder='请输入关键字']") (basics.py:107)
[2022-08-08 18:22:01] [    INFO] 输入文本：S11 (basics.py:155)
[2022-08-08 18:22:03] [    INFO] 查找元素：['xpath', "//li[@class='el-select-dropdown__item']//span[text()='S11']"] (basics.py:107)
[2022-08-08 18:22:03] [    INFO] 选择点击：['xpath', "//li[@class='el-select-dropdown__item']//span[text()='S11']"] (basics.py:188)
[2022-08-08 18:22:03] [    INFO] 筛选项目名：S11 (DRPDataMgmt_ModelDatabase.py:367)
[2022-08-08 18:22:03] [    INFO] 查找元素：('xpath', "//label[@for='fstatus']/following-sibling::div//input[@placeholder='请选择']") (basics.py:107)
[2022-08-08 18:22:03] [    INFO] 点击元素：('xpath', "//label[@for='fstatus']/following-sibling::div//input[@placeholder='请选择']") (basics.py:191)
[2022-08-08 18:22:05] [    INFO] 查找元素：['xpath', "//div[@x-placement='bottom-start']//li[2]"] (basics.py:107)
[2022-08-08 18:22:06] [    INFO] 选择点击：['xpath', "//div[@x-placement='bottom-start']//li[2]"] (basics.py:188)
[2022-08-08 18:22:06] [    INFO] 筛选状态：MP (DRPDataMgmt_ModelDatabase.py:382)
[2022-08-08 18:22:06] [    INFO] 查找元素：('xpath', "//label[@for='origin']/following-sibling::div//input[@placeholder='请选择']") (basics.py:107)
[2022-08-08 18:22:06] [    INFO] 点击元素：('xpath', "//label[@for='origin']/following-sibling::div//input[@placeholder='请选择']") (basics.py:191)
[2022-08-08 18:22:08] [    INFO] 查找元素：['xpath', "//div[@x-placement='bottom-start']//li[1]"] (basics.py:107)
[2022-08-08 18:22:08] [    INFO] 选择点击：['xpath', "//div[@x-placement='bottom-start']//li[1]"] (basics.py:188)
[2022-08-08 18:22:08] [    INFO] 筛选来源：数仓 (DRPDataMgmt_ModelDatabase.py:393)
[2022-08-08 18:22:08] [    INFO] 查找元素：('xpath', "//div[@class='el-form-item el-form-item--medium']//label[@for='supplyType']/following-sibling::div//input[@placeholder='请选择']") (basics.py:107)
[2022-08-08 18:22:08] [    INFO] 点击元素：('xpath', "//div[@class='el-form-item el-form-item--medium']//label[@for='supplyType']/following-sibling::div//input[@placeholder='请选择']") (basics.py:191)
[2022-08-08 18:22:11] [    INFO] 查找元素：['xpath', "//div[@x-placement='bottom-start']//li[1]"] (basics.py:107)
[2022-08-08 18:22:11] [    INFO] 选择点击：['xpath', "//div[@x-placement='bottom-start']//li[1]"] (basics.py:188)
[2022-08-08 18:22:11] [    INFO] 筛选供应类型：自研 (DRPDataMgmt_ModelDatabase.py:404)
[2022-08-08 18:22:11] [    INFO] 查找元素：('xpath', "//div[@class='screen-btns']//button//span[contains(text(),'查  询')]") (basics.py:107)
[2022-08-08 18:22:11] [    INFO] 点击元素：('xpath', "//div[@class='screen-btns']//button//span[contains(text(),'查  询')]") (basics.py:191)
[2022-08-08 18:22:12] [    INFO] 筛选查询 (DRPDataMgmt_ModelDatabase.py:409)
[2022-08-08 18:22:12] [    INFO] 查找元素：['xpath', "//div[2]//div[3]//table[@class='el-table__body']//tbody//tr//td[22]"] (basics.py:107)
[2022-08-08 18:22:12] [    INFO] 滚动条至：['xpath', "//div[2]//div[3]//table[@class='el-table__body']//tbody//tr//td[22]"] (basics.py:173)
[2022-08-08 18:22:12] [    INFO] 查找元素：['xpath', "//div[2]//div[3]//table[@class='el-table__body']//tbody//tr//td[22]"] (basics.py:118)
[2022-08-08 18:22:12] [    INFO] 获取表格搜索结果的所有信息文本['隆江'] (DRPDataMgmt_ModelDatabase.py:431)
[2022-08-08 18:22:12] [    INFO] 断言成功，选项值包含：('隆江',) (DRPDataMgmt_ModelDatabase.py:444)
[2022-08-08 18:22:12] [    INFO] 列表操作，前置条件过滤完成 (DRPDataMgmt_ModelDatabase.py:354)
[2022-08-08 18:22:12] [    INFO] 查找元素：['xpath', "//div[2]//div[3]//table[@class='el-table__body']//tbody//tr//td[22]"] (basics.py:118)
[2022-08-08 18:22:12] [    INFO] 点击指定行编辑按钮成功 (DRPDataMgmt_ModelDatabase.py:459)
[2022-08-08 18:22:14] [    INFO] 查找元素：['xpath', "//div[@x-placement='bottom-start']//li[2]"] (basics.py:107)
[2022-08-08 18:22:14] [    INFO] 选择点击：['xpath', "//div[@x-placement='bottom-start']//li[2]"] (basics.py:188)
[2022-08-08 18:22:14] [    INFO] 编辑成功，修改为外购 (DRPDataMgmt_ModelDatabase.py:473)
[2022-08-08 18:27:52] [    INFO] 【DRP】项目【test】环境- UI自动化开始执行 (conftest.py:14)
[2022-08-08 18:27:52] [    INFO] 前置条件：传音统一登录开始 (conftest.py:18)
[2022-08-08 18:27:56] [    INFO] 打开网页：http://10.250.112.166:9000/# (basics.py:64)
[2022-08-08 18:27:56] [    INFO] 查找元素：('xpath', "//div[@role='button']") (basics.py:107)
[2022-08-08 18:27:56] [    INFO] 点击元素：('xpath', "//div[@role='button']") (basics.py:191)
[2022-08-08 18:28:00] [    INFO] 查找元素：['xpath', "//*[contains(@id,'dropdown-menu-')]//li[1]"] (basics.py:107)
[2022-08-08 18:28:01] [    INFO] 查找元素：('xpath', "//div[@role='button']") (basics.py:107)
[2022-08-08 18:28:01] [    INFO] 点击元素：('xpath', "//div[@role='button']") (basics.py:191)
[2022-08-08 18:28:02] [    INFO] 查找元素：('id', 'tab-account') (basics.py:107)
[2022-08-08 18:28:02] [    INFO] 点击元素：('id', 'tab-account') (basics.py:191)
[2022-08-08 18:28:03] [    INFO] 查找元素：('xpath', "//*[@id='pane-account']/form/div[1]/div/div[1]/input") (basics.py:107)
[2022-08-08 18:28:03] [    INFO] 输入文本：18649572 (basics.py:138)
[2022-08-08 18:28:05] [    INFO] 查找元素：('xpath', "//*[@id='pane-account']/form/div[2]/div/div[1]/input") (basics.py:107)
[2022-08-08 18:28:05] [    INFO] 输入文本：xLily6x (basics.py:138)
[2022-08-08 18:28:06] [    INFO] 查找元素：('xpath', "//*[@id='pane-account']/form/div[4]/label/span/span") (basics.py:107)
[2022-08-08 18:28:06] [    INFO] 获取状态：False (basics.py:313)
[2022-08-08 18:28:06] [    INFO] 查找元素：('xpath', "//*[@id='pane-account']/form/div[4]/label/span/span") (basics.py:107)
[2022-08-08 18:28:06] [    INFO] 点击元素：('xpath', "//*[@id='pane-account']/form/div[4]/label/span/span") (basics.py:191)
[2022-08-08 18:28:06] [    INFO] 查找元素：('xpath', "//*[@id='pane-account']/form/button") (basics.py:107)
[2022-08-08 18:28:06] [    INFO] 点击元素：('xpath', "//*[@id='pane-account']/form/button") (basics.py:191)
[2022-08-08 18:28:13] [    INFO] 断言成功：URL为预期一致 | URL: http://10.250.112.166:9000/#/dashboard (assert_ui.py:190)
[2022-08-08 18:28:13] [    INFO] 断言成功: 该内容存在数据列表中 | word:隆江 (assert_ui.py:294)
[2022-08-08 18:28:13] [    INFO] 前置条件：传音统一登录成功 (conftest.py:25)
[2022-08-08 18:28:13] [    INFO] 模块前置条件：前往“DRP数据管理-机型库”页面 (DRPDataMgmt_ModelDatabase.py:10)
[2022-08-08 18:28:13] [    INFO] 查找元素：('xpath', '//*[@id="app"]/div/div[1]/div[2]/div[1]/div/ul/div[9]/li/div/span') (basics.py:107)
[2022-08-08 18:28:13] [    INFO] 点击元素：('xpath', '//*[@id="app"]/div/div[1]/div[2]/div[1]/div/ul/div[9]/li/div/span') (basics.py:191)
[2022-08-08 18:28:14] [    INFO] 查找元素：('xpath', "//li[@role='menuitem']//span[contains(text(),'机型库')]") (basics.py:107)
[2022-08-08 18:28:14] [    INFO] 点击元素：('xpath', "//li[@role='menuitem']//span[contains(text(),'机型库')]") (basics.py:191)
[2022-08-08 18:28:16] [    INFO] 断言成功：URL为预期一致 | URL: http://10.250.112.166:9000/#/dataManage/modelLibrary (assert_ui.py:190)
[2022-08-08 18:28:18] [    INFO] 查找元素：['xpath', "//div[@class='wrapper-tabs']//span[contains(text(),'产品信息')]"] (basics.py:107)
[2022-08-08 18:28:18] [    INFO] 选择点击：['xpath', "//div[@class='wrapper-tabs']//span[contains(text(),'产品信息')]"] (basics.py:188)
[2022-08-08 18:28:18] [    INFO] 前往菜单产品信息 (DRPDataMgmt_ModelDatabase.py:20)
[2022-08-08 18:28:18] [    INFO] 查找元素：('xpath', "//div[@class='left-btn']//button[1]") (basics.py:107)
[2022-08-08 18:28:18] [    INFO] 获取文本：新 增 (basics.py:302)
[2022-08-08 18:28:18] [    INFO] 查找元素：('xpath', "//div[@class='btn-tool-info']//button[@type='button']//span[contains(text(),'筛选')]") (basics.py:107)
[2022-08-08 18:28:18] [    INFO] 点击元素：('xpath', "//div[@class='btn-tool-info']//button[@type='button']//span[contains(text(),'筛选')]") (basics.py:191)
[2022-08-08 18:28:19] [    INFO] 打开筛选框 (DRPDataMgmt_ModelDatabase.py:48)
[2022-08-08 18:28:19] [    INFO] 查找元素：('xpath', "//label[@for='brandCode']/following-sibling::div//input[@placeholder='请选择']") (basics.py:107)
[2022-08-08 18:28:19] [    INFO] 点击元素：('xpath', "//label[@for='brandCode']/following-sibling::div//input[@placeholder='请选择']") (basics.py:191)
[2022-08-08 18:28:21] [    INFO] 查找元素：['xpath', "//div[@x-placement='bottom-start']//li[2]"] (basics.py:107)
[2022-08-08 18:28:22] [    INFO] 选择点击：['xpath', "//div[@x-placement='bottom-start']//li[2]"] (basics.py:188)
[2022-08-08 18:28:22] [    INFO] 筛选品牌：itel (DRPDataMgmt_ModelDatabase.py:310)
[2022-08-08 18:28:22] [    INFO] 查找元素：('xpath', "//label[@for='seriesSenior']/following-sibling::div//input[@placeholder='请选择']") (basics.py:107)
[2022-08-08 18:28:22] [    INFO] 点击元素：('xpath', "//label[@for='seriesSenior']/following-sibling::div//input[@placeholder='请选择']") (basics.py:191)
[2022-08-08 18:28:24] [    INFO] 查找元素：['xpath', "//div[@x-placement='bottom-start']//li[2]"] (basics.py:107)
[2022-08-08 18:28:24] [    INFO] 选择点击：['xpath', "//div[@x-placement='bottom-start']//li[2]"] (basics.py:188)
[2022-08-08 18:28:24] [    INFO] 筛选大类粗：智能机 (DRPDataMgmt_ModelDatabase.py:321)
[2022-08-08 18:28:25] [    INFO] 查找元素：('xpath', "//label[@for='modelName']/following-sibling::div//input[@placeholder='请输入关键字']") (basics.py:107)
[2022-08-08 18:28:25] [    INFO] 输入文本：S11 64+4 (basics.py:155)
[2022-08-08 18:28:27] [    INFO] 查找元素：['xpath', "//li[@class='el-select-dropdown__item']//span[text()='S11 64+4']"] (basics.py:107)
[2022-08-08 18:28:28] [    INFO] 选择点击：['xpath', "//li[@class='el-select-dropdown__item']//span[text()='S11 64+4']"] (basics.py:188)
[2022-08-08 18:28:28] [    INFO] 筛选机型：S11 64+4 (DRPDataMgmt_ModelDatabase.py:349)
[2022-08-08 18:28:28] [    INFO] 查找元素：('xpath', "//label[@for='marketName']/following-sibling::div//input[@placeholder='请输入关键字']") (basics.py:107)
[2022-08-08 18:28:28] [    INFO] 输入文本：India (basics.py:155)
[2022-08-08 18:28:30] [    INFO] 查找元素：['xpath', "//li[@class='el-select-dropdown__item']//span[text()='India']"] (basics.py:107)
[2022-08-08 18:28:30] [    INFO] 选择点击：['xpath', "//li[@class='el-select-dropdown__item']//span[text()='India']"] (basics.py:188)
[2022-08-08 18:28:30] [    INFO] 筛选市场名：India (DRPDataMgmt_ModelDatabase.py:355)
[2022-08-08 18:28:31] [    INFO] 查找元素：('xpath', "//label[@for='projectSeries']/following-sibling::div//input[@placeholder='请输入关键字']") (basics.py:107)
[2022-08-08 18:28:31] [    INFO] 输入文本：A (basics.py:155)
[2022-08-08 18:28:33] [    INFO] 查找元素：['xpath', "//li[@class='el-select-dropdown__item']//span[text()='A']"] (basics.py:107)
[2022-08-08 18:28:33] [    INFO] 选择点击：['xpath', "//li[@class='el-select-dropdown__item']//span[text()='A']"] (basics.py:188)
[2022-08-08 18:28:33] [    INFO] 筛选系列：A (DRPDataMgmt_ModelDatabase.py:361)
[2022-08-08 18:28:33] [    INFO] 查找元素：('xpath', "//label[@for='modelCode']/following-sibling::div//input[@placeholder='请输入关键字']") (basics.py:107)
[2022-08-08 18:28:34] [    INFO] 输入文本：S11 (basics.py:155)
[2022-08-08 18:28:36] [    INFO] 查找元素：['xpath', "//li[@class='el-select-dropdown__item']//span[text()='S11']"] (basics.py:107)
[2022-08-08 18:28:36] [    INFO] 选择点击：['xpath', "//li[@class='el-select-dropdown__item']//span[text()='S11']"] (basics.py:188)
[2022-08-08 18:28:36] [    INFO] 筛选项目名：S11 (DRPDataMgmt_ModelDatabase.py:367)
[2022-08-08 18:28:36] [    INFO] 查找元素：('xpath', "//label[@for='fstatus']/following-sibling::div//input[@placeholder='请选择']") (basics.py:107)
[2022-08-08 18:28:36] [    INFO] 点击元素：('xpath', "//label[@for='fstatus']/following-sibling::div//input[@placeholder='请选择']") (basics.py:191)
[2022-08-08 18:28:38] [    INFO] 查找元素：['xpath', "//div[@x-placement='bottom-start']//li[2]"] (basics.py:107)
[2022-08-08 18:28:38] [    INFO] 选择点击：['xpath', "//div[@x-placement='bottom-start']//li[2]"] (basics.py:188)
[2022-08-08 18:28:38] [    INFO] 筛选状态：MP (DRPDataMgmt_ModelDatabase.py:382)
[2022-08-08 18:28:38] [    INFO] 查找元素：('xpath', "//label[@for='origin']/following-sibling::div//input[@placeholder='请选择']") (basics.py:107)
[2022-08-08 18:28:38] [    INFO] 点击元素：('xpath', "//label[@for='origin']/following-sibling::div//input[@placeholder='请选择']") (basics.py:191)
[2022-08-08 18:28:41] [    INFO] 查找元素：['xpath', "//div[@x-placement='bottom-start']//li[1]"] (basics.py:107)
[2022-08-08 18:28:41] [    INFO] 选择点击：['xpath', "//div[@x-placement='bottom-start']//li[1]"] (basics.py:188)
[2022-08-08 18:28:41] [    INFO] 筛选来源：数仓 (DRPDataMgmt_ModelDatabase.py:393)
[2022-08-08 18:28:41] [    INFO] 查找元素：('xpath', "//div[@class='el-form-item el-form-item--medium']//label[@for='supplyType']/following-sibling::div//input[@placeholder='请选择']") (basics.py:107)
[2022-08-08 18:28:41] [    INFO] 点击元素：('xpath', "//div[@class='el-form-item el-form-item--medium']//label[@for='supplyType']/following-sibling::div//input[@placeholder='请选择']") (basics.py:191)
[2022-08-08 18:28:44] [    INFO] 查找元素：['xpath', "//div[@x-placement='bottom-start']//li[1]"] (basics.py:107)
[2022-08-08 18:28:44] [    INFO] 选择点击：['xpath', "//div[@x-placement='bottom-start']//li[1]"] (basics.py:188)
[2022-08-08 18:28:44] [    INFO] 筛选供应类型：自研 (DRPDataMgmt_ModelDatabase.py:404)
[2022-08-08 18:28:44] [    INFO] 查找元素：('xpath', "//div[@class='screen-btns']//button//span[contains(text(),'查  询')]") (basics.py:107)
[2022-08-08 18:28:44] [    INFO] 点击元素：('xpath', "//div[@class='screen-btns']//button//span[contains(text(),'查  询')]") (basics.py:191)
[2022-08-08 18:28:44] [    INFO] 筛选查询 (DRPDataMgmt_ModelDatabase.py:409)
[2022-08-08 18:28:44] [    INFO] 查找元素：['xpath', "//div[2]//div[3]//table[@class='el-table__body']//tbody//tr//td[22]"] (basics.py:107)
[2022-08-08 18:28:44] [    INFO] 滚动条至：['xpath', "//div[2]//div[3]//table[@class='el-table__body']//tbody//tr//td[22]"] (basics.py:173)
[2022-08-08 18:28:44] [    INFO] 查找元素：['xpath', "//div[2]//div[3]//table[@class='el-table__body']//tbody//tr//td[22]"] (basics.py:118)
[2022-08-08 18:28:44] [    INFO] 获取表格搜索结果的所有信息文本['隆江'] (DRPDataMgmt_ModelDatabase.py:431)
[2022-08-08 18:28:44] [    INFO] 断言成功，选项值包含：('隆江',) (DRPDataMgmt_ModelDatabase.py:444)
[2022-08-08 18:28:44] [    INFO] 列表操作，前置条件过滤完成 (DRPDataMgmt_ModelDatabase.py:354)
[2022-08-08 18:28:44] [    INFO] 查找元素：['xpath', "//div[2]//div[3]//table[@class='el-table__body']//tbody//tr//td[22]"] (basics.py:118)
[2022-08-08 18:28:45] [    INFO] 点击指定行编辑按钮成功 (DRPDataMgmt_ModelDatabase.py:459)
[2022-08-08 18:28:47] [    INFO] 查找元素：['xpath', "//div[@x-placement='bottom-start']//li[2]"] (basics.py:107)
[2022-08-08 18:28:47] [    INFO] 选择点击：['xpath', "//div[@x-placement='bottom-start']//li[2]"] (basics.py:188)
[2022-08-08 18:28:47] [    INFO] 编辑成功，修改为外购 (DRPDataMgmt_ModelDatabase.py:473)
[2022-08-08 18:28:47] [    INFO] 编辑保存成功 (DRPDataMgmt_ModelDatabase.py:483)
[2022-08-08 18:32:05] [    INFO] 【DRP】项目【test】环境- UI自动化开始执行 (conftest.py:14)
[2022-08-08 18:32:05] [    INFO] 前置条件：传音统一登录开始 (conftest.py:18)
[2022-08-08 18:32:08] [    INFO] 打开网页：http://10.250.112.166:9000/# (basics.py:64)
[2022-08-08 18:32:08] [    INFO] 查找元素：('xpath', "//div[@role='button']") (basics.py:107)
[2022-08-08 18:32:09] [    INFO] 点击元素：('xpath', "//div[@role='button']") (basics.py:191)
[2022-08-08 18:32:13] [    INFO] 查找元素：['xpath', "//*[contains(@id,'dropdown-menu-')]//li[1]"] (basics.py:107)
[2022-08-08 18:32:14] [    INFO] 查找元素：('xpath', "//div[@role='button']") (basics.py:107)
[2022-08-08 18:32:14] [    INFO] 点击元素：('xpath', "//div[@role='button']") (basics.py:191)
[2022-08-08 18:32:15] [    INFO] 查找元素：('id', 'tab-account') (basics.py:107)
[2022-08-08 18:32:15] [    INFO] 点击元素：('id', 'tab-account') (basics.py:191)
[2022-08-08 18:32:16] [    INFO] 查找元素：('xpath', "//*[@id='pane-account']/form/div[1]/div/div[1]/input") (basics.py:107)
[2022-08-08 18:32:16] [    INFO] 输入文本：18649572 (basics.py:138)
[2022-08-08 18:32:17] [    INFO] 查找元素：('xpath', "//*[@id='pane-account']/form/div[2]/div/div[1]/input") (basics.py:107)
[2022-08-08 18:32:17] [    INFO] 输入文本：xLily6x (basics.py:138)
[2022-08-08 18:32:18] [    INFO] 查找元素：('xpath', "//*[@id='pane-account']/form/div[4]/label/span/span") (basics.py:107)
[2022-08-08 18:32:18] [    INFO] 获取状态：False (basics.py:313)
[2022-08-08 18:32:18] [    INFO] 查找元素：('xpath', "//*[@id='pane-account']/form/div[4]/label/span/span") (basics.py:107)
[2022-08-08 18:32:18] [    INFO] 点击元素：('xpath', "//*[@id='pane-account']/form/div[4]/label/span/span") (basics.py:191)
[2022-08-08 18:32:19] [    INFO] 查找元素：('xpath', "//*[@id='pane-account']/form/button") (basics.py:107)
[2022-08-08 18:32:19] [    INFO] 点击元素：('xpath', "//*[@id='pane-account']/form/button") (basics.py:191)
[2022-08-08 18:32:26] [    INFO] 断言成功：URL为预期一致 | URL: http://10.250.112.166:9000/#/dashboard (assert_ui.py:190)
[2022-08-08 18:32:26] [    INFO] 断言成功: 该内容存在数据列表中 | word:隆江 (assert_ui.py:294)
[2022-08-08 18:32:26] [    INFO] 前置条件：传音统一登录成功 (conftest.py:25)
[2022-08-08 18:32:26] [    INFO] 模块前置条件：前往“DRP数据管理-机型库”页面 (DRPDataMgmt_ModelDatabase.py:10)
[2022-08-08 18:32:26] [    INFO] 查找元素：('xpath', '//*[@id="app"]/div/div[1]/div[2]/div[1]/div/ul/div[9]/li/div/span') (basics.py:107)
[2022-08-08 18:32:26] [    INFO] 点击元素：('xpath', '//*[@id="app"]/div/div[1]/div[2]/div[1]/div/ul/div[9]/li/div/span') (basics.py:191)
[2022-08-08 18:32:26] [    INFO] 查找元素：('xpath', "//li[@role='menuitem']//span[contains(text(),'机型库')]") (basics.py:107)
[2022-08-08 18:32:26] [    INFO] 点击元素：('xpath', "//li[@role='menuitem']//span[contains(text(),'机型库')]") (basics.py:191)
[2022-08-08 18:32:29] [    INFO] 断言成功：URL为预期一致 | URL: http://10.250.112.166:9000/#/dataManage/modelLibrary (assert_ui.py:190)
[2022-08-08 18:32:31] [    INFO] 查找元素：['xpath', "//div[@class='wrapper-tabs']//span[contains(text(),'产品信息')]"] (basics.py:107)
[2022-08-08 18:32:31] [    INFO] 选择点击：['xpath', "//div[@class='wrapper-tabs']//span[contains(text(),'产品信息')]"] (basics.py:188)
[2022-08-08 18:32:31] [    INFO] 前往菜单产品信息 (DRPDataMgmt_ModelDatabase.py:20)
[2022-08-08 18:32:31] [    INFO] 查找元素：('xpath', "//div[@class='left-btn']//button[1]") (basics.py:107)
[2022-08-08 18:32:31] [    INFO] 获取文本：新 增 (basics.py:302)
[2022-08-08 18:32:31] [    INFO] 查找元素：('xpath', "//div[@class='btn-tool-info']//button[@type='button']//span[contains(text(),'筛选')]") (basics.py:107)
[2022-08-08 18:32:31] [    INFO] 点击元素：('xpath', "//div[@class='btn-tool-info']//button[@type='button']//span[contains(text(),'筛选')]") (basics.py:191)
[2022-08-08 18:32:32] [    INFO] 打开筛选框 (DRPDataMgmt_ModelDatabase.py:48)
[2022-08-08 18:32:32] [    INFO] 查找元素：('xpath', "//label[@for='brandCode']/following-sibling::div//input[@placeholder='请选择']") (basics.py:107)
[2022-08-08 18:32:32] [    INFO] 点击元素：('xpath', "//label[@for='brandCode']/following-sibling::div//input[@placeholder='请选择']") (basics.py:191)
[2022-08-08 18:32:34] [    INFO] 查找元素：['xpath', "//div[@x-placement='bottom-start']//li[2]"] (basics.py:107)
[2022-08-08 18:32:34] [    INFO] 选择点击：['xpath', "//div[@x-placement='bottom-start']//li[2]"] (basics.py:188)
[2022-08-08 18:32:34] [    INFO] 筛选品牌：itel (DRPDataMgmt_ModelDatabase.py:310)
[2022-08-08 18:32:34] [    INFO] 查找元素：('xpath', "//label[@for='seriesSenior']/following-sibling::div//input[@placeholder='请选择']") (basics.py:107)
[2022-08-08 18:32:34] [    INFO] 点击元素：('xpath', "//label[@for='seriesSenior']/following-sibling::div//input[@placeholder='请选择']") (basics.py:191)
[2022-08-08 18:32:37] [    INFO] 查找元素：['xpath', "//div[@x-placement='bottom-start']//li[2]"] (basics.py:107)
[2022-08-08 18:32:37] [    INFO] 选择点击：['xpath', "//div[@x-placement='bottom-start']//li[2]"] (basics.py:188)
[2022-08-08 18:32:37] [    INFO] 筛选大类粗：智能机 (DRPDataMgmt_ModelDatabase.py:321)
[2022-08-08 18:32:38] [    INFO] 查找元素：('xpath', "//label[@for='modelName']/following-sibling::div//input[@placeholder='请输入关键字']") (basics.py:107)
[2022-08-08 18:32:38] [    INFO] 输入文本：S11 64+4 (basics.py:155)
[2022-08-08 18:32:40] [    INFO] 查找元素：['xpath', "//li[@class='el-select-dropdown__item']//span[text()='S11 64+4']"] (basics.py:107)
[2022-08-08 18:32:40] [    INFO] 选择点击：['xpath', "//li[@class='el-select-dropdown__item']//span[text()='S11 64+4']"] (basics.py:188)
[2022-08-08 18:32:40] [    INFO] 筛选机型：S11 64+4 (DRPDataMgmt_ModelDatabase.py:349)
[2022-08-08 18:32:41] [    INFO] 查找元素：('xpath', "//label[@for='marketName']/following-sibling::div//input[@placeholder='请输入关键字']") (basics.py:107)
[2022-08-08 18:32:41] [    INFO] 输入文本：India (basics.py:155)
[2022-08-08 18:32:43] [    INFO] 查找元素：['xpath', "//li[@class='el-select-dropdown__item']//span[text()='India']"] (basics.py:107)
[2022-08-08 18:32:43] [    INFO] 选择点击：['xpath', "//li[@class='el-select-dropdown__item']//span[text()='India']"] (basics.py:188)
[2022-08-08 18:32:43] [    INFO] 筛选市场名：India (DRPDataMgmt_ModelDatabase.py:355)
[2022-08-08 18:32:44] [    INFO] 查找元素：('xpath', "//label[@for='projectSeries']/following-sibling::div//input[@placeholder='请输入关键字']") (basics.py:107)
[2022-08-08 18:32:44] [    INFO] 输入文本：A (basics.py:155)
[2022-08-08 18:32:46] [    INFO] 查找元素：['xpath', "//li[@class='el-select-dropdown__item']//span[text()='A']"] (basics.py:107)
[2022-08-08 18:32:46] [    INFO] 选择点击：['xpath', "//li[@class='el-select-dropdown__item']//span[text()='A']"] (basics.py:188)
[2022-08-08 18:32:46] [    INFO] 筛选系列：A (DRPDataMgmt_ModelDatabase.py:361)
[2022-08-08 18:32:46] [    INFO] 查找元素：('xpath', "//label[@for='modelCode']/following-sibling::div//input[@placeholder='请输入关键字']") (basics.py:107)
[2022-08-08 18:32:46] [    INFO] 输入文本：S11 (basics.py:155)
[2022-08-08 18:32:48] [    INFO] 查找元素：['xpath', "//li[@class='el-select-dropdown__item']//span[text()='S11']"] (basics.py:107)
[2022-08-08 18:32:48] [    INFO] 选择点击：['xpath', "//li[@class='el-select-dropdown__item']//span[text()='S11']"] (basics.py:188)
[2022-08-08 18:32:48] [    INFO] 筛选项目名：S11 (DRPDataMgmt_ModelDatabase.py:367)
[2022-08-08 18:32:48] [    INFO] 查找元素：('xpath', "//label[@for='fstatus']/following-sibling::div//input[@placeholder='请选择']") (basics.py:107)
[2022-08-08 18:32:48] [    INFO] 点击元素：('xpath', "//label[@for='fstatus']/following-sibling::div//input[@placeholder='请选择']") (basics.py:191)
[2022-08-08 18:32:51] [    INFO] 查找元素：['xpath', "//div[@x-placement='bottom-start']//li[2]"] (basics.py:107)
[2022-08-08 18:32:51] [    INFO] 选择点击：['xpath', "//div[@x-placement='bottom-start']//li[2]"] (basics.py:188)
[2022-08-08 18:32:51] [    INFO] 筛选状态：MP (DRPDataMgmt_ModelDatabase.py:382)
[2022-08-08 18:32:51] [    INFO] 查找元素：('xpath', "//label[@for='origin']/following-sibling::div//input[@placeholder='请选择']") (basics.py:107)
[2022-08-08 18:32:51] [    INFO] 点击元素：('xpath', "//label[@for='origin']/following-sibling::div//input[@placeholder='请选择']") (basics.py:191)
[2022-08-08 18:32:54] [    INFO] 查找元素：['xpath', "//div[@x-placement='bottom-start']//li[1]"] (basics.py:107)
[2022-08-08 18:32:54] [    INFO] 选择点击：['xpath', "//div[@x-placement='bottom-start']//li[1]"] (basics.py:188)
[2022-08-08 18:32:54] [    INFO] 筛选来源：数仓 (DRPDataMgmt_ModelDatabase.py:393)
[2022-08-08 18:32:54] [    INFO] 查找元素：('xpath', "//div[@class='el-form-item el-form-item--medium']//label[@for='supplyType']/following-sibling::div//input[@placeholder='请选择']") (basics.py:107)
[2022-08-08 18:32:54] [    INFO] 点击元素：('xpath', "//div[@class='el-form-item el-form-item--medium']//label[@for='supplyType']/following-sibling::div//input[@placeholder='请选择']") (basics.py:191)
[2022-08-08 18:32:56] [    INFO] 查找元素：['xpath', "//div[@x-placement='bottom-start']//li[1]"] (basics.py:107)
[2022-08-08 18:32:56] [    INFO] 选择点击：['xpath', "//div[@x-placement='bottom-start']//li[1]"] (basics.py:188)
[2022-08-08 18:32:56] [    INFO] 筛选供应类型：自研 (DRPDataMgmt_ModelDatabase.py:404)
[2022-08-08 18:32:56] [    INFO] 查找元素：('xpath', "//div[@class='screen-btns']//button//span[contains(text(),'查  询')]") (basics.py:107)
[2022-08-08 18:32:57] [    INFO] 点击元素：('xpath', "//div[@class='screen-btns']//button//span[contains(text(),'查  询')]") (basics.py:191)
[2022-08-08 18:32:57] [    INFO] 筛选查询 (DRPDataMgmt_ModelDatabase.py:409)
[2022-08-08 18:32:57] [    INFO] 查找元素：['xpath', "//div[2]//div[3]//table[@class='el-table__body']//tbody//tr//td[22]"] (basics.py:107)
