[2022-08-09 16:17:56] [    INFO] 【SRM】项目【test】环境- UI自动化开始执行 (conftest.py:17)
[2022-08-09 16:17:56] [    INFO] 前置条件：传音统一登录开始 (conftest.py:22)
[2022-08-09 16:17:57] [    INFO] 打开网页：http://sitsrm.transsion.com/ELSServer_CY/login/login.html (basics.py:64)
[2022-08-09 16:17:58] [    INFO] 查找元素：('xpath', '//input[@id="elsAccount"]') (basics.py:107)
[2022-08-09 16:17:58] [    INFO] 输入文本：860000 (basics.py:138)
[2022-08-09 16:17:58] [    INFO] 查找元素：('xpath', '//input[@id="elsSubAccount"]') (basics.py:107)
[2022-08-09 16:17:58] [    INFO] 输入文本：1001 (basics.py:138)
[2022-08-09 16:17:59] [    INFO] 查找元素：('xpath', '//input[@type="password"]') (basics.py:107)
[2022-08-09 16:17:59] [    INFO] 输入文本：1qaz@WSX (basics.py:138)
[2022-08-09 16:17:59] [    INFO] 查找元素：('xpath', '//input[@id="identifyCode"]') (basics.py:107)
[2022-08-09 16:17:59] [    INFO] 点击元素：('xpath', '//input[@id="identifyCode"]') (basics.py:191)
[2022-08-09 16:18:00] [    INFO] 查找元素：('xpath', '//img[@id="code"]') (basics.py:107)
[2022-08-09 16:18:01] [    INFO] 查找元素：('xpath', '//input[@id="identifyCode"]') (basics.py:107)
[2022-08-09 16:18:01] [    INFO] 输入文本：0659 (basics.py:138)
[2022-08-09 16:18:01] [    INFO] 查找元素：('xpath', '//button[@id="submit_btn"]') (basics.py:107)
[2022-08-09 16:18:01] [    INFO] 点击元素：('xpath', '//button[@id="submit_btn"]') (basics.py:191)
[2022-08-09 16:18:02] [    INFO] 断言成功：URL为预期一致 | URL: http://sitsrm.transsion.com/ELSServer_CY/default.jsp?account=860000_1001 (assert_ui.py:190)
[2022-08-09 16:18:02] [    INFO] 前置条件：传音统一登录成功 (conftest.py:31)
[2022-08-09 16:18:02] [    INFO] 查找元素：('xpath', '//div[@id="supplierPerformanceAppraisal"]') (basics.py:107)
[2022-08-09 16:18:03] [    INFO] 点击元素：('xpath', '//div[@id="supplierPerformanceAppraisal"]') (basics.py:191)
[2022-08-09 16:18:03] [    INFO] 查找元素：('xpath', '//div[@class="winTitle"]/span[text()="供应商绩效考核 "]') (basics.py:107)
[2022-08-09 16:50:33] [    INFO] 【SRM】项目【test】环境- UI自动化开始执行 (conftest.py:17)
[2022-08-09 16:50:33] [    INFO] 前置条件：传音统一登录开始 (conftest.py:22)
[2022-08-09 16:50:34] [    INFO] 打开网页：http://sitsrm.transsion.com/ELSServer_CY/login/login.html (basics.py:64)
[2022-08-09 16:50:34] [    INFO] 查找元素：('xpath', '//input[@id="elsAccount"]') (basics.py:107)
[2022-08-09 16:50:34] [    INFO] 输入文本：860000 (basics.py:138)
[2022-08-09 16:50:35] [    INFO] 查找元素：('xpath', '//input[@id="elsSubAccount"]') (basics.py:107)
[2022-08-09 16:50:35] [    INFO] 输入文本：1001 (basics.py:138)
[2022-08-09 16:50:35] [    INFO] 查找元素：('xpath', '//input[@type="password"]') (basics.py:107)
[2022-08-09 16:50:36] [    INFO] 输入文本：1qaz@WSX (basics.py:138)
[2022-08-09 16:50:36] [    INFO] 查找元素：('xpath', '//input[@id="identifyCode"]') (basics.py:107)
[2022-08-09 16:50:36] [    INFO] 点击元素：('xpath', '//input[@id="identifyCode"]') (basics.py:191)
[2022-08-09 16:50:37] [    INFO] 查找元素：('xpath', '//img[@id="code"]') (basics.py:107)
[2022-08-09 16:50:38] [    INFO] 查找元素：('xpath', '//input[@id="identifyCode"]') (basics.py:107)
[2022-08-09 16:50:38] [    INFO] 输入文本：8723 (basics.py:138)
[2022-08-09 16:50:38] [    INFO] 查找元素：('xpath', '//button[@id="submit_btn"]') (basics.py:107)
[2022-08-09 16:50:38] [    INFO] 点击元素：('xpath', '//button[@id="submit_btn"]') (basics.py:191)
[2022-08-09 16:50:39] [    INFO] 断言成功：URL为预期一致 | URL: http://sitsrm.transsion.com/ELSServer_CY/default.jsp?account=860000_1001 (assert_ui.py:190)
[2022-08-09 16:50:39] [    INFO] 前置条件：传音统一登录成功 (conftest.py:31)
[2022-08-09 16:50:39] [    INFO] 查找元素：('xpath', '//div[@id="supplierPerformanceAppraisal"]') (basics.py:107)
[2022-08-09 16:50:40] [    INFO] 点击元素：('xpath', '//div[@id="supplierPerformanceAppraisal"]') (basics.py:191)
[2022-08-09 16:50:40] [    INFO] 查找元素：('xpath', '//div[@class="winTitle"]/span[text()="供应商绩效考核 "]') (basics.py:107)
[2022-08-09 16:51:01] [    INFO] 【SRM】项目【test】环境- UI自动化开始执行 (conftest.py:17)
[2022-08-09 16:51:01] [    INFO] 前置条件：传音统一登录开始 (conftest.py:22)
[2022-08-09 16:51:02] [    INFO] 打开网页：http://sitsrm.transsion.com/ELSServer_CY/login/login.html (basics.py:64)
[2022-08-09 16:51:03] [    INFO] 查找元素：('xpath', '//input[@id="elsAccount"]') (basics.py:107)
[2022-08-09 16:51:03] [    INFO] 输入文本：860000 (basics.py:138)
[2022-08-09 16:51:03] [    INFO] 查找元素：('xpath', '//input[@id="elsSubAccount"]') (basics.py:107)
[2022-08-09 16:51:04] [    INFO] 输入文本：1001 (basics.py:138)
[2022-08-09 16:51:04] [    INFO] 查找元素：('xpath', '//input[@type="password"]') (basics.py:107)
[2022-08-09 16:51:04] [    INFO] 输入文本：1qaz@WSX (basics.py:138)
[2022-08-09 16:51:04] [    INFO] 查找元素：('xpath', '//input[@id="identifyCode"]') (basics.py:107)
[2022-08-09 16:51:04] [    INFO] 点击元素：('xpath', '//input[@id="identifyCode"]') (basics.py:191)
[2022-08-09 16:51:05] [    INFO] 查找元素：('xpath', '//img[@id="code"]') (basics.py:107)
[2022-08-09 16:51:07] [    INFO] 查找元素：('xpath', '//input[@id="identifyCode"]') (basics.py:107)
[2022-08-09 16:51:07] [    INFO] 输入文本：9026 (basics.py:138)
[2022-08-09 16:51:07] [    INFO] 查找元素：('xpath', '//button[@id="submit_btn"]') (basics.py:107)
[2022-08-09 16:51:07] [    INFO] 点击元素：('xpath', '//button[@id="submit_btn"]') (basics.py:191)
[2022-08-09 16:51:08] [    INFO] 断言成功：URL为预期一致 | URL: http://sitsrm.transsion.com/ELSServer_CY/default.jsp?account=860000_1001 (assert_ui.py:190)
[2022-08-09 16:51:08] [    INFO] 前置条件：传音统一登录成功 (conftest.py:31)
[2022-08-09 16:51:08] [    INFO] 查找元素：('xpath', '//div[@id="supplierPerformanceAppraisal"]') (basics.py:107)
[2022-08-09 16:51:08] [    INFO] 点击元素：('xpath', '//div[@id="supplierPerformanceAppraisal"]') (basics.py:191)
[2022-08-09 16:51:09] [    INFO] 查找元素：('xpath', '//div[@class="winTitle"]/span[text()="供应商绩效考核 "]') (basics.py:107)
[2022-08-09 16:51:09] [    INFO] 查找元素：('xpath', '//iframe[@class="iframeApp"]') (basics.py:107)
[2022-08-09 16:51:09] [    INFO] 查找元素：('xpath', '//a[@data-name="evaluateSupplyCategoryConfigurationManager"]//span') (basics.py:107)
[2022-08-09 16:51:09] [    INFO] 点击元素：('xpath', '//a[@data-name="evaluateSupplyCategoryConfigurationManager"]//span') (basics.py:191)
