[2022-08-05 15:47:06] [    INFO] 【SRM】项目【test】环境- UI自动化开始执行 (conftest.py:17)
[2022-08-05 15:47:06] [    INFO] 前置条件：传音统一登录开始 (conftest.py:24)
[2022-08-05 15:47:07] [    INFO] 打开网页：http://sitsrm.transsion.com/ELSServer_CY/login/login.html (basics.py:64)
[2022-08-05 15:47:07] [    INFO] 查找元素：('xpath', '//input[@id="elsSubAccount"]') (basics.py:107)
[2022-08-05 15:47:08] [    INFO] 输入文本：1001 (basics.py:138)
[2022-08-05 15:47:08] [    INFO] 查找元素：('xpath', '//input[@id="elsAccount"]') (basics.py:107)
[2022-08-05 15:47:08] [    INFO] 输入文本：860000 (basics.py:138)
[2022-08-05 15:47:09] [    INFO] 查找元素：('xpath', '//input[@type="password"]') (basics.py:107)
[2022-08-05 15:47:09] [    INFO] 输入文本：1qaz@WSX (basics.py:138)
[2022-08-05 15:47:09] [    INFO] 查找元素：('xpath', '//input[@id="identifyCode"]') (basics.py:107)
[2022-08-05 15:47:09] [    INFO] 点击元素：('xpath', '//input[@id="identifyCode"]') (basics.py:191)
[2022-08-05 15:47:10] [    INFO] 查找元素：('xpath', '//img[@id="code"]') (basics.py:107)
[2022-08-05 15:47:12] [    INFO] 查找元素：('xpath', '//input[@id="identifyCode"]') (basics.py:107)
[2022-08-05 15:47:12] [    INFO] 输入文本：1944 (basics.py:138)
[2022-08-05 15:47:12] [    INFO] 查找元素：('xpath', '//button[@id="submit_btn"]') (basics.py:107)
[2022-08-05 15:47:12] [    INFO] 点击元素：('xpath', '//button[@id="submit_btn"]') (basics.py:191)
[2022-08-05 15:47:13] [    INFO] 断言成功：URL为预期一致 | URL: http://sitsrm.transsion.com/ELSServer_CY/default.jsp?account=860000_1001 (assert_ui.py:190)
[2022-08-05 15:47:13] [    INFO] 前置条件：传音统一登录成功 (conftest.py:33)
[2022-08-05 15:47:13] [    INFO] 查找元素：('xpath', '//input[@id="elsAccount"]') (basics.py:107)
[2022-08-05 15:47:13] [    INFO] 输入文本：860000 (basics.py:138)
[2022-08-05 15:47:14] [    INFO] 查找元素：('xpath', '//input[@id="elsSubAccount"]') (basics.py:107)
[2022-08-05 15:47:14] [    INFO] 输入文本：1001 (basics.py:138)
[2022-08-05 15:47:15] [    INFO] 查找元素：('xpath', '//input[@type="password"]') (basics.py:107)
[2022-08-05 15:47:15] [    INFO] 输入文本：1qaz@WSX (basics.py:138)
[2022-08-05 15:47:15] [    INFO] 查找元素：('xpath', '//input[@id="identifyCode"]') (basics.py:107)
[2022-08-05 15:47:15] [    INFO] 点击元素：('xpath', '//input[@id="identifyCode"]') (basics.py:191)
[2022-08-05 15:47:16] [    INFO] 查找元素：('xpath', '//img[@id="code"]') (basics.py:107)
[2022-08-05 15:47:17] [    INFO] 查找元素：('xpath', '//input[@id="identifyCode"]') (basics.py:107)
[2022-08-05 15:47:17] [    INFO] 输入文本：6576 (basics.py:138)
[2022-08-05 15:47:17] [    INFO] 查找元素：('xpath', '//button[@id="submit_btn"]') (basics.py:107)
[2022-08-05 15:47:17] [    INFO] 点击元素：('xpath', '//button[@id="submit_btn"]') (basics.py:191)
[2022-08-05 15:47:18] [    INFO] 查找元素：('xpath', '//span[@title="审批列表"]') (basics.py:107)
[2022-08-05 15:47:18] [    INFO] 点击元素：('xpath', '//span[@title="审批列表"]') (basics.py:191)
[2022-08-05 15:47:20] [    INFO] 查找元素：('xpath', '//iframe[@name="iframeApp_auditList"]') (basics.py:107)
[2022-08-05 15:47:20] [    INFO] 查找元素：('xpath', '//input[@name="taskName"]') (basics.py:107)
[2022-08-05 15:47:21] [    INFO] 点击元素：('xpath', '//input[@name="taskName"]') (basics.py:191)
[2022-08-05 15:47:22] [    INFO] 查找元素：('xpath', '//input[@name="taskName"]') (basics.py:107)
[2022-08-05 15:47:22] [    INFO] 输入文本：周本林 (basics.py:138)
[2022-08-05 15:47:22] [    INFO] 查找元素：('xpath', '//button[text()=" 查询"]') (basics.py:107)
[2022-08-05 15:47:22] [    INFO] 点击元素：('xpath', '//button[text()=" 查询"]') (basics.py:191)
[2022-08-05 15:52:12] [    INFO] 【SRM】项目【test】环境- UI自动化开始执行 (conftest.py:17)
[2022-08-05 15:52:12] [    INFO] 前置条件：传音统一登录开始 (conftest.py:22)
[2022-08-05 15:52:13] [    INFO] 打开网页：http://sitsrm.transsion.com/ELSServer_CY/login/login.html (basics.py:64)
[2022-08-05 15:52:13] [    INFO] 查找元素：('xpath', '//input[@id="elsSubAccount"]') (basics.py:107)
[2022-08-05 15:52:13] [    INFO] 输入文本：1001 (basics.py:138)
[2022-08-05 15:52:14] [    INFO] 查找元素：('xpath', '//input[@id="elsAccount"]') (basics.py:107)
[2022-08-05 15:52:14] [    INFO] 输入文本：860000 (basics.py:138)
[2022-08-05 15:52:14] [    INFO] 查找元素：('xpath', '//input[@type="password"]') (basics.py:107)
[2022-08-05 15:52:14] [    INFO] 输入文本：1qaz@WSX (basics.py:138)
[2022-08-05 15:52:14] [    INFO] 查找元素：('xpath', '//input[@id="identifyCode"]') (basics.py:107)
[2022-08-05 15:52:15] [    INFO] 点击元素：('xpath', '//input[@id="identifyCode"]') (basics.py:191)
[2022-08-05 15:52:16] [    INFO] 查找元素：('xpath', '//img[@id="code"]') (basics.py:107)
[2022-08-05 15:52:17] [    INFO] 查找元素：('xpath', '//input[@id="identifyCode"]') (basics.py:107)
[2022-08-05 15:52:17] [    INFO] 输入文本：029 (basics.py:138)
[2022-08-05 15:52:17] [    INFO] 查找元素：('xpath', '//button[@id="submit_btn"]') (basics.py:107)
[2022-08-05 15:52:17] [    INFO] 点击元素：('xpath', '//button[@id="submit_btn"]') (basics.py:191)
[2022-08-05 15:52:17] [ WARNING] 断言失败：URL为预期不一致 | URL: http://sitsrm.transsion.com/ELSServer_CY/login/login.html (assert_ui.py:189)
[2022-08-05 15:52:18] [   ERROR] None
assert 'http://sitsrm.transsion.com/ELSServer_CY/default.jsp?account=860000_1001' in 'http://sitsrm.transsion.com/ELSServer_CY/login/login.html' (assert_ui.py:192)
[2022-08-05 15:52:28] [    INFO] 【SRM】项目【test】环境- UI自动化开始执行 (conftest.py:17)
[2022-08-05 15:52:28] [    INFO] 前置条件：传音统一登录开始 (conftest.py:22)
[2022-08-05 15:52:29] [    INFO] 打开网页：http://sitsrm.transsion.com/ELSServer_CY/login/login.html (basics.py:64)
[2022-08-05 15:52:29] [    INFO] 查找元素：('xpath', '//input[@id="elsSubAccount"]') (basics.py:107)
[2022-08-05 15:52:29] [    INFO] 输入文本：1001 (basics.py:138)
[2022-08-05 15:52:30] [    INFO] 查找元素：('xpath', '//input[@id="elsAccount"]') (basics.py:107)
[2022-08-05 15:52:30] [    INFO] 输入文本：860000 (basics.py:138)
[2022-08-05 15:52:31] [    INFO] 查找元素：('xpath', '//input[@type="password"]') (basics.py:107)
[2022-08-05 15:52:31] [    INFO] 输入文本：1qaz@WSX (basics.py:138)
[2022-08-05 15:52:31] [    INFO] 查找元素：('xpath', '//input[@id="identifyCode"]') (basics.py:107)
[2022-08-05 15:52:31] [    INFO] 点击元素：('xpath', '//input[@id="identifyCode"]') (basics.py:191)
[2022-08-05 15:52:32] [    INFO] 查找元素：('xpath', '//img[@id="code"]') (basics.py:107)
[2022-08-05 15:52:33] [    INFO] 查找元素：('xpath', '//input[@id="identifyCode"]') (basics.py:107)
[2022-08-05 15:52:33] [    INFO] 输入文本：3380 (basics.py:138)
[2022-08-05 15:52:33] [    INFO] 查找元素：('xpath', '//button[@id="submit_btn"]') (basics.py:107)
[2022-08-05 15:52:33] [    INFO] 点击元素：('xpath', '//button[@id="submit_btn"]') (basics.py:191)
[2022-08-05 15:52:34] [    INFO] 断言成功：URL为预期一致 | URL: http://sitsrm.transsion.com/ELSServer_CY/default.jsp?account=860000_1001 (assert_ui.py:190)
[2022-08-05 15:52:34] [    INFO] 前置条件：传音统一登录成功 (conftest.py:31)
[2022-08-05 15:52:34] [    INFO] 查找元素：('xpath', '//span[@title="审批列表"]') (basics.py:107)
[2022-08-05 15:52:34] [    INFO] 点击元素：('xpath', '//span[@title="审批列表"]') (basics.py:191)
[2022-08-05 15:52:37] [    INFO] 查找元素：('xpath', '//iframe[@name="iframeApp_auditList"]') (basics.py:107)
[2022-08-05 15:52:37] [    INFO] 查找元素：('xpath', '//input[@name="taskName"]') (basics.py:107)
[2022-08-05 15:52:37] [    INFO] 点击元素：('xpath', '//input[@name="taskName"]') (basics.py:191)
[2022-08-05 15:52:38] [    INFO] 查找元素：('xpath', '//input[@name="taskName"]') (basics.py:107)
[2022-08-05 15:52:38] [    INFO] 输入文本：周本林 (basics.py:138)
[2022-08-05 15:52:38] [    INFO] 查找元素：('xpath', '//button[text()=" 查询"]') (basics.py:107)
[2022-08-05 15:52:38] [    INFO] 点击元素：('xpath', '//button[text()=" 查询"]') (basics.py:191)
[2022-08-05 15:59:44] [    INFO] 【SRM】项目【test】环境- UI自动化开始执行 (conftest.py:17)
[2022-08-05 15:59:44] [    INFO] 前置条件：传音统一登录开始 (conftest.py:22)
[2022-08-05 15:59:44] [    INFO] 打开网页：http://sitsrm.transsion.com/ELSServer_CY/login/login.html (basics.py:64)
[2022-08-05 15:59:45] [    INFO] 查找元素：('xpath', '//input[@id="elsSubAccount"]') (basics.py:107)
[2022-08-05 15:59:45] [    INFO] 输入文本：1001 (basics.py:138)
[2022-08-05 15:59:46] [    INFO] 查找元素：('xpath', '//input[@id="elsAccount"]') (basics.py:107)
[2022-08-05 15:59:46] [    INFO] 输入文本：860000 (basics.py:138)
[2022-08-05 15:59:46] [    INFO] 查找元素：('xpath', '//input[@type="password"]') (basics.py:107)
[2022-08-05 15:59:46] [    INFO] 输入文本：1qaz@WSX (basics.py:138)
[2022-08-05 15:59:46] [    INFO] 查找元素：('xpath', '//input[@id="identifyCode"]') (basics.py:107)
[2022-08-05 15:59:46] [    INFO] 点击元素：('xpath', '//input[@id="identifyCode"]') (basics.py:191)
[2022-08-05 15:59:48] [    INFO] 查找元素：('xpath', '//img[@id="code"]') (basics.py:107)
[2022-08-05 15:59:49] [    INFO] 查找元素：('xpath', '//input[@id="identifyCode"]') (basics.py:107)
[2022-08-05 15:59:49] [    INFO] 输入文本：9151 (basics.py:138)
[2022-08-05 15:59:49] [    INFO] 查找元素：('xpath', '//button[@id="submit_btn"]') (basics.py:107)
[2022-08-05 15:59:49] [    INFO] 点击元素：('xpath', '//button[@id="submit_btn"]') (basics.py:191)
[2022-08-05 15:59:50] [    INFO] 断言成功：URL为预期一致 | URL: http://sitsrm.transsion.com/ELSServer_CY/default.jsp?account=860000_1001 (assert_ui.py:190)
[2022-08-05 15:59:50] [    INFO] 前置条件：传音统一登录成功 (conftest.py:31)
[2022-08-05 15:59:50] [    INFO] 查找元素：('xpath', '//span[@title="审批列表"]') (basics.py:107)
[2022-08-05 15:59:50] [    INFO] 点击元素：('xpath', '//span[@title="审批列表"]') (basics.py:191)
[2022-08-05 15:59:53] [    INFO] 查找元素：('xpath', '//iframe[@name="iframeApp_auditList"]') (basics.py:107)
[2022-08-05 15:59:53] [    INFO] 查找元素：('xpath', '//input[@name="taskName"]') (basics.py:107)
[2022-08-05 15:59:53] [    INFO] 点击元素：('xpath', '//input[@name="taskName"]') (basics.py:191)
[2022-08-05 15:59:54] [    INFO] 查找元素：('xpath', '//input[@name="taskName"]') (basics.py:107)
[2022-08-05 15:59:54] [    INFO] 输入文本：周本林 (basics.py:138)
[2022-08-05 15:59:54] [    INFO] 查找元素：('xpath', '//button[text()=" 查询"]') (basics.py:107)
[2022-08-05 15:59:54] [    INFO] 点击元素：('xpath', '//button[text()=" 查询"]') (basics.py:191)
