[2022-09-02 10:38:07] [    INFO] 【PDC】项目【test】环境- UI自动化开始执行 (conftest.py:14)
[2022-09-02 10:38:07] [    INFO] 前置条件：传音统一登录开始 (conftest.py:18)
[2022-09-02 10:38:13] [    INFO] 打开网页：http://bom-sit.transsion.com:10000/ (basics.py:63)
[2022-09-02 10:38:13] [    INFO] 查找元素：('xpath', "//div[@role='button']") (basics.py:106)
[2022-09-02 10:38:13] [    INFO] 点击元素：('xpath', "//div[@role='button']") (basics.py:206)
[2022-09-02 10:38:18] [    INFO] 查找元素：['xpath', "//*[contains(@id,'dropdown-menu-')]//li[1]"] (basics.py:106)
[2022-09-02 10:38:19] [    INFO] 查找元素：('xpath', "//div[@role='button']") (basics.py:106)
[2022-09-02 10:38:19] [    INFO] 点击元素：('xpath', "//div[@role='button']") (basics.py:206)
[2022-09-02 10:38:19] [    INFO] 查找元素：('id', 'tab-account') (basics.py:106)
[2022-09-02 10:38:19] [    INFO] 点击元素：('id', 'tab-account') (basics.py:206)
[2022-09-02 10:38:20] [    INFO] 查找元素：('xpath', "//*[@id='pane-account']/form/div[1]/div/div[1]/input") (basics.py:106)
[2022-09-02 10:38:21] [    INFO] 输入文本：18649277 (basics.py:137)
[2022-09-02 10:38:22] [    INFO] 查找元素：('xpath', "//*[@id='pane-account']/form/div[2]/div/div[1]/input") (basics.py:106)
[2022-09-02 10:38:22] [    INFO] 输入文本：xLily6x (basics.py:137)
[2022-09-02 10:38:23] [    INFO] 查找元素：('xpath', "//span[text()='我已阅读并接受']/../label/span/span") (basics.py:106)
[2022-09-02 10:38:23] [    INFO] 获取状态：False (basics.py:330)
[2022-09-02 10:38:23] [    INFO] 查找元素：('xpath', "//span[text()='我已阅读并接受']/../label/span/span") (basics.py:106)
[2022-09-02 10:38:23] [    INFO] 点击元素：('xpath', "//span[text()='我已阅读并接受']/../label/span/span") (basics.py:206)
[2022-09-02 10:38:24] [    INFO] 查找元素：('xpath', "//*[@id='pane-account']/form/button") (basics.py:106)
[2022-09-02 10:38:24] [    INFO] 点击元素：('xpath', "//*[@id='pane-account']/form/button") (basics.py:206)
[2022-09-02 10:38:30] [    INFO] 前置条件：传音统一登录成功 (conftest.py:25)
[2022-09-02 10:38:30] [    INFO] 查找元素：['xpath', "//li[@class='menu-list-item is-active']"] (basics.py:102)
[2022-09-02 10:38:33] [    INFO] 点击元素：('xpath', "//li[@class='menu-list-item is-active']")产品任命 (basics.py:565)
[2022-09-02 10:38:33] [    INFO] 点击产品任命：产品任命 (test1.py:31)
[2022-09-02 10:38:33] [    INFO] 查找元素：['xpath', "//li//span[normalize-space(text())='区域产品概述']"] (basics.py:102)
[2022-09-02 10:38:54] [    INFO] 查找元素：['xpath', "//li//span[normalize-space(text())='区域产品概述']"] (basics.py:102)
[2022-09-02 10:41:57] [    INFO] 【PDC】项目【test】环境- UI自动化开始执行 (conftest.py:14)
[2022-09-02 10:41:57] [    INFO] 前置条件：传音统一登录开始 (conftest.py:18)
[2022-09-02 10:42:05] [    INFO] 打开网页：http://bom-sit.transsion.com:10000/ (basics.py:63)
[2022-09-02 10:42:05] [    INFO] 查找元素：('xpath', "//div[@role='button']") (basics.py:106)
[2022-09-02 10:42:06] [    INFO] 点击元素：('xpath', "//div[@role='button']") (basics.py:206)
[2022-09-02 10:42:10] [    INFO] 查找元素：['xpath', "//*[contains(@id,'dropdown-menu-')]//li[1]"] (basics.py:106)
[2022-09-02 10:42:11] [    INFO] 查找元素：('xpath', "//div[@role='button']") (basics.py:106)
[2022-09-02 10:42:11] [    INFO] 点击元素：('xpath', "//div[@role='button']") (basics.py:206)
[2022-09-02 10:42:12] [    INFO] 查找元素：('id', 'tab-account') (basics.py:106)
[2022-09-02 10:42:12] [    INFO] 点击元素：('id', 'tab-account') (basics.py:206)
[2022-09-02 10:42:13] [    INFO] 查找元素：('xpath', "//*[@id='pane-account']/form/div[1]/div/div[1]/input") (basics.py:106)
[2022-09-02 10:42:13] [    INFO] 输入文本：18649277 (basics.py:137)
[2022-09-02 10:42:15] [    INFO] 查找元素：('xpath', "//*[@id='pane-account']/form/div[2]/div/div[1]/input") (basics.py:106)
[2022-09-02 10:42:15] [    INFO] 输入文本：xLily6x (basics.py:137)
[2022-09-02 10:42:16] [    INFO] 查找元素：('xpath', "//span[text()='我已阅读并接受']/../label/span/span") (basics.py:106)
[2022-09-02 10:42:16] [    INFO] 获取状态：False (basics.py:330)
[2022-09-02 10:42:16] [    INFO] 查找元素：('xpath', "//span[text()='我已阅读并接受']/../label/span/span") (basics.py:106)
[2022-09-02 10:42:16] [    INFO] 点击元素：('xpath', "//span[text()='我已阅读并接受']/../label/span/span") (basics.py:206)
[2022-09-02 10:42:16] [    INFO] 查找元素：('xpath', "//*[@id='pane-account']/form/button") (basics.py:106)
[2022-09-02 10:42:16] [    INFO] 点击元素：('xpath', "//*[@id='pane-account']/form/button") (basics.py:206)
[2022-09-02 10:42:23] [    INFO] 前置条件：传音统一登录成功 (conftest.py:25)
[2022-09-02 10:42:23] [    INFO] 查找元素：['xpath', "//li//span[text()='产品任命']"] (basics.py:102)
[2022-09-02 10:42:24] [    INFO] 点击元素：('xpath', "//li//span[text()='产品任命']")产品任命 (basics.py:565)
[2022-09-02 10:42:24] [    INFO] 点击产品任命：产品任命 (test1.py:31)
[2022-09-02 10:42:24] [    INFO] 查找元素：['xpath', "//li//span[normalize-space(text())='区域产品概述']"] (basics.py:102)
[2022-09-02 10:42:25] [    INFO] 点击元素：('xpath', "//li//span[normalize-space(text())='区域产品概述']")区域产品概述 (basics.py:565)
[2022-09-02 10:42:25] [    INFO] 点击区域产品概述：区域产品概述 (test1.py:33)
[2022-09-02 10:42:26] [    INFO] 刷新页面 (basics.py:337)
[2022-09-02 10:42:26] [    INFO] 查找元素：('xpath', "//button//span[text()='查看']") (basics.py:106)
[2022-09-02 10:42:57] [    INFO] 点击元素：('xpath', "//button//span[text()='查看']")None (basics.py:565)
[2022-09-02 10:42:58] [    INFO] 查找元素：('xpath', "//div[contains(text(),'版本记录')]") (basics.py:106)
[2022-09-02 10:42:59] [    INFO] 点击元素：('xpath', "//div[contains(text(),'版本记录')]")None (basics.py:565)
[2022-09-02 10:48:33] [    INFO] 【PDC】项目【test】环境- UI自动化开始执行 (conftest.py:14)
[2022-09-02 10:48:33] [    INFO] 前置条件：传音统一登录开始 (conftest.py:18)
[2022-09-02 10:48:39] [    INFO] 打开网页：http://bom-sit.transsion.com:10000/ (basics.py:63)
[2022-09-02 10:48:39] [    INFO] 查找元素：('xpath', "//div[@role='button']") (basics.py:106)
[2022-09-02 10:48:39] [    INFO] 点击元素：('xpath', "//div[@role='button']") (basics.py:206)
[2022-09-02 10:48:44] [    INFO] 查找元素：['xpath', "//*[contains(@id,'dropdown-menu-')]//li[1]"] (basics.py:106)
[2022-09-02 10:48:45] [    INFO] 查找元素：('xpath', "//div[@role='button']") (basics.py:106)
[2022-09-02 10:48:45] [    INFO] 点击元素：('xpath', "//div[@role='button']") (basics.py:206)
[2022-09-02 10:48:45] [    INFO] 查找元素：('id', 'tab-account') (basics.py:106)
[2022-09-02 10:48:45] [    INFO] 点击元素：('id', 'tab-account') (basics.py:206)
[2022-09-02 10:48:46] [    INFO] 查找元素：('xpath', "//*[@id='pane-account']/form/div[1]/div/div[1]/input") (basics.py:106)
[2022-09-02 10:48:47] [    INFO] 输入文本：18649277 (basics.py:137)
[2022-09-02 10:48:48] [    INFO] 查找元素：('xpath', "//*[@id='pane-account']/form/div[2]/div/div[1]/input") (basics.py:106)
[2022-09-02 10:48:48] [    INFO] 输入文本：xLily6x (basics.py:137)
[2022-09-02 10:48:49] [    INFO] 查找元素：('xpath', "//span[text()='我已阅读并接受']/../label/span/span") (basics.py:106)
[2022-09-02 10:48:49] [    INFO] 获取状态：False (basics.py:330)
[2022-09-02 10:48:49] [    INFO] 查找元素：('xpath', "//span[text()='我已阅读并接受']/../label/span/span") (basics.py:106)
[2022-09-02 10:48:49] [    INFO] 点击元素：('xpath', "//span[text()='我已阅读并接受']/../label/span/span") (basics.py:206)
[2022-09-02 10:48:50] [    INFO] 查找元素：('xpath', "//*[@id='pane-account']/form/button") (basics.py:106)
[2022-09-02 10:48:50] [    INFO] 点击元素：('xpath', "//*[@id='pane-account']/form/button") (basics.py:206)
[2022-09-02 10:48:57] [    INFO] 前置条件：传音统一登录成功 (conftest.py:25)
[2022-09-02 10:48:57] [    INFO] 查找元素：['xpath', "//li//span[text()='产品任命']"] (basics.py:102)
[2022-09-02 10:48:59] [    INFO] 点击元素：('xpath', "//li//span[text()='产品任命']")产品任命 (basics.py:565)
[2022-09-02 10:48:59] [    INFO] 点击产品任命：产品任命 (test1.py:31)
[2022-09-02 10:48:59] [    INFO] 查找元素：['xpath', "//li//span[normalize-space(text())='区域产品概述']"] (basics.py:102)
[2022-09-02 10:49:00] [    INFO] 点击元素：('xpath', "//li//span[normalize-space(text())='区域产品概述']")区域产品概述 (basics.py:565)
[2022-09-02 10:49:00] [    INFO] 点击区域产品概述：区域产品概述 (test1.py:33)
[2022-09-02 10:49:01] [    INFO] 刷新页面 (basics.py:337)
[2022-09-02 10:49:01] [    INFO] 查找元素：('xpath', "//button//span[text()='查看']") (basics.py:106)
[2022-09-02 10:49:33] [    INFO] 点击元素：('xpath', "//button//span[text()='查看']")None (basics.py:565)
[2022-09-02 10:49:34] [    INFO] 查找元素：('xpath', "//div[contains(text(),'版本记录')]") (basics.py:106)
[2022-09-02 10:49:34] [    INFO] 点击元素：('xpath', "//div[contains(text(),'版本记录')]")None (basics.py:565)
