[2022-08-12 13:43:55] [    INFO] 【DRP】项目【test】环境- UI自动化开始执行 (conftest.py:14)
[2022-08-12 13:43:55] [    INFO] 前置条件：传音统一登录开始 (conftest.py:18)
[2022-08-12 13:43:58] [    INFO] 打开网页：http://10.250.112.166:9000/# (basics.py:64)
[2022-08-12 13:43:58] [    INFO] 查找元素：('xpath', "//div[@role='button']") (basics.py:107)
[2022-08-12 13:43:58] [    INFO] 点击元素：('xpath', "//div[@role='button']") (basics.py:191)
[2022-08-12 13:44:03] [    INFO] 查找元素：['xpath', "//*[contains(@id,'dropdown-menu-')]//li[1]"] (basics.py:107)
[2022-08-12 13:44:04] [    INFO] 查找元素：('xpath', "//div[@role='button']") (basics.py:107)
[2022-08-12 13:44:04] [    INFO] 点击元素：('xpath', "//div[@role='button']") (basics.py:191)
[2022-08-12 13:44:05] [    INFO] 查找元素：('id', 'tab-account') (basics.py:107)
[2022-08-12 13:44:05] [    INFO] 点击元素：('id', 'tab-account') (basics.py:191)
[2022-08-12 13:44:06] [    INFO] 查找元素：('xpath', "//*[@id='pane-account']/form/div[1]/div/div[1]/input") (basics.py:107)
[2022-08-12 13:44:06] [    INFO] 输入文本：18649572 (basics.py:138)
[2022-08-12 13:44:07] [    INFO] 查找元素：('xpath', "//*[@id='pane-account']/form/div[2]/div/div[1]/input") (basics.py:107)
[2022-08-12 13:44:08] [    INFO] 输入文本：xLily6x (basics.py:138)
[2022-08-12 13:44:09] [    INFO] 查找元素：('xpath', "//*[@id='pane-account']/form/div[4]/label/span/span") (basics.py:107)
[2022-08-12 13:44:09] [    INFO] 获取状态：False (basics.py:313)
[2022-08-12 13:44:09] [    INFO] 查找元素：('xpath', "//*[@id='pane-account']/form/div[4]/label/span/span") (basics.py:107)
[2022-08-12 13:44:09] [    INFO] 点击元素：('xpath', "//*[@id='pane-account']/form/div[4]/label/span/span") (basics.py:191)
[2022-08-12 13:44:09] [    INFO] 查找元素：('xpath', "//*[@id='pane-account']/form/button") (basics.py:107)
[2022-08-12 13:44:09] [    INFO] 点击元素：('xpath', "//*[@id='pane-account']/form/button") (basics.py:191)
[2022-08-12 13:44:16] [    INFO] 断言成功：URL为预期一致 | URL: http://10.250.112.166:9000/#/dashboard (assert_ui.py:190)
[2022-08-12 13:44:16] [    INFO] 断言成功: 该内容存在数据列表中 | word:隆江 (assert_ui.py:294)
[2022-08-12 13:44:16] [    INFO] 前置条件：传音统一登录成功 (conftest.py:25)
[2022-08-12 13:44:16] [    INFO] 模块前置条件：前往“DRP数据管理-机型库”页面 (DRPDataMgmt_ModelDatabase.py:10)
[2022-08-12 13:44:16] [    INFO] 查找元素：('xpath', '//*[@id="app"]/div/div[1]/div[2]/div[1]/div/ul/div[9]/li/div/span') (basics.py:107)
[2022-08-12 13:44:16] [    INFO] 点击元素：('xpath', '//*[@id="app"]/div/div[1]/div[2]/div[1]/div/ul/div[9]/li/div/span') (basics.py:191)
[2022-08-12 13:44:17] [    INFO] 查找元素：('xpath', "//li[@role='menuitem']//span[contains(text(),'机型库')]") (basics.py:107)
[2022-08-12 13:44:17] [    INFO] 点击元素：('xpath', "//li[@role='menuitem']//span[contains(text(),'机型库')]") (basics.py:191)
[2022-08-12 13:44:19] [    INFO] 断言成功：URL为预期一致 | URL: http://10.250.112.166:9000/#/dataManage/modelLibrary (assert_ui.py:190)
[2022-08-12 13:45:57] [    INFO] 【DRP】项目【test】环境- UI自动化开始执行 (conftest.py:14)
[2022-08-12 13:45:57] [    INFO] 前置条件：传音统一登录开始 (conftest.py:18)
[2022-08-12 13:46:00] [    INFO] 打开网页：http://10.250.112.166:9000/# (basics.py:64)
[2022-08-12 13:46:00] [    INFO] 查找元素：('xpath', "//div[@role='button']") (basics.py:107)
[2022-08-12 13:46:00] [    INFO] 点击元素：('xpath', "//div[@role='button']") (basics.py:191)
[2022-08-12 13:46:05] [    INFO] 查找元素：['xpath', "//*[contains(@id,'dropdown-menu-')]//li[1]"] (basics.py:107)
[2022-08-12 13:46:05] [    INFO] 查找元素：('xpath', "//div[@role='button']") (basics.py:107)
[2022-08-12 13:46:05] [    INFO] 点击元素：('xpath', "//div[@role='button']") (basics.py:191)
[2022-08-12 13:46:05] [    INFO] 查找元素：('id', 'tab-account') (basics.py:107)
[2022-08-12 13:46:05] [    INFO] 点击元素：('id', 'tab-account') (basics.py:191)
[2022-08-12 13:46:06] [    INFO] 查找元素：('xpath', "//*[@id='pane-account']/form/div[1]/div/div[1]/input") (basics.py:107)
[2022-08-12 13:46:06] [    INFO] 输入文本：18649572 (basics.py:138)
[2022-08-12 13:46:08] [    INFO] 查找元素：('xpath', "//*[@id='pane-account']/form/div[2]/div/div[1]/input") (basics.py:107)
[2022-08-12 13:46:08] [    INFO] 输入文本：xLily6x (basics.py:138)
[2022-08-12 13:46:09] [    INFO] 查找元素：('xpath', "//*[@id='pane-account']/form/div[4]/label/span/span") (basics.py:107)
[2022-08-12 13:46:09] [    INFO] 获取状态：False (basics.py:313)
[2022-08-12 13:46:09] [    INFO] 查找元素：('xpath', "//*[@id='pane-account']/form/div[4]/label/span/span") (basics.py:107)
[2022-08-12 13:46:09] [    INFO] 点击元素：('xpath', "//*[@id='pane-account']/form/div[4]/label/span/span") (basics.py:191)
[2022-08-12 13:46:09] [    INFO] 查找元素：('xpath', "//*[@id='pane-account']/form/button") (basics.py:107)
[2022-08-12 13:46:10] [    INFO] 点击元素：('xpath', "//*[@id='pane-account']/form/button") (basics.py:191)
[2022-08-12 13:46:16] [    INFO] 断言成功：URL为预期一致 | URL: http://10.250.112.166:9000/#/dashboard (assert_ui.py:190)
[2022-08-12 13:46:16] [    INFO] 断言成功: 该内容存在数据列表中 | word:隆江 (assert_ui.py:294)
[2022-08-12 13:46:16] [    INFO] 前置条件：传音统一登录成功 (conftest.py:25)
[2022-08-12 13:46:16] [    INFO] 模块前置条件：前往“DRP数据管理-机型库”页面 (DRPDataMgmt_ModelDatabase.py:10)
[2022-08-12 13:46:16] [    INFO] 查找元素：('xpath', '//*[@id="app"]/div/div[1]/div[2]/div[1]/div/ul/div[9]/li/div/span') (basics.py:107)
[2022-08-12 13:46:16] [    INFO] 点击元素：('xpath', '//*[@id="app"]/div/div[1]/div[2]/div[1]/div/ul/div[9]/li/div/span') (basics.py:191)
[2022-08-12 13:46:17] [    INFO] 查找元素：('xpath', "//li[@role='menuitem']//span[contains(text(),'机型库')]") (basics.py:107)
[2022-08-12 13:46:18] [    INFO] 点击元素：('xpath', "//li[@role='menuitem']//span[contains(text(),'机型库')]") (basics.py:191)
[2022-08-12 13:46:20] [    INFO] 断言成功：URL为预期一致 | URL: http://10.250.112.166:9000/#/dataManage/modelLibrary (assert_ui.py:190)
[2022-08-12 13:46:22] [    INFO] 查找元素：['xpath', "//div[@class='wrapper-tabs']//span[contains(text(),'产品信息')]"] (basics.py:107)
[2022-08-12 13:46:36] [    INFO] 选择点击：['xpath', "//div[@class='wrapper-tabs']//span[contains(text(),'产品信息')]"] (basics.py:188)
[2022-08-12 13:46:36] [    INFO] 前往菜单产品信息 (DRPDataMgmt_ModelDatabase.py:20)
[2022-08-12 13:46:36] [    INFO] 查找元素：('xpath', "//div[@class='left-btn']//button[1]") (basics.py:107)
[2022-08-12 13:46:36] [    INFO] 获取文本：新 增 (basics.py:302)
[2022-08-12 13:46:36] [    INFO] 查找元素：('xpath', "//div[@class='btn-tool-info']//button[@type='button']//span[contains(text(),'新 增')]") (basics.py:107)
[2022-08-12 13:46:36] [    INFO] 点击元素：('xpath', "//div[@class='btn-tool-info']//button[@type='button']//span[contains(text(),'新 增')]") (basics.py:191)
[2022-08-12 13:46:37] [    INFO] 打开新增弹窗 (DRPDataMgmt_ModelDatabase.py:31)
[2022-08-12 13:46:37] [    INFO] 查找元素：('xpath', "//div[@class='el-form-item is-required el-form-item--medium']//label[contains(text(),'来源')]/following-sibling::div//input[@placeholder='请选择']") (basics.py:107)
[2022-08-12 13:46:37] [    INFO] 点击元素：('xpath', "//div[@class='el-form-item is-required el-form-item--medium']//label[contains(text(),'来源')]/following-sibling::div//input[@placeholder='请选择']") (basics.py:191)
[2022-08-12 13:46:40] [    INFO] 查找元素：['xpath', "//div[@x-placement='bottom-start']//li[1]"] (basics.py:107)
[2022-08-12 13:47:07] [    INFO] 【DRP】项目【test】环境- UI自动化开始执行 (conftest.py:14)
[2022-08-12 13:47:07] [    INFO] 前置条件：传音统一登录开始 (conftest.py:18)
[2022-08-12 13:47:11] [    INFO] 打开网页：http://10.250.112.166:9000/# (basics.py:64)
[2022-08-12 13:47:11] [    INFO] 查找元素：('xpath', "//div[@role='button']") (basics.py:107)
[2022-08-12 13:47:11] [    INFO] 点击元素：('xpath', "//div[@role='button']") (basics.py:191)
[2022-08-12 13:47:16] [    INFO] 查找元素：['xpath', "//*[contains(@id,'dropdown-menu-')]//li[1]"] (basics.py:107)
[2022-08-12 13:47:16] [    INFO] 查找元素：('xpath', "//div[@role='button']") (basics.py:107)
[2022-08-12 13:47:16] [    INFO] 点击元素：('xpath', "//div[@role='button']") (basics.py:191)
[2022-08-12 13:47:16] [    INFO] 查找元素：('id', 'tab-account') (basics.py:107)
[2022-08-12 13:47:16] [    INFO] 点击元素：('id', 'tab-account') (basics.py:191)
[2022-08-12 13:47:17] [    INFO] 查找元素：('xpath', "//*[@id='pane-account']/form/div[1]/div/div[1]/input") (basics.py:107)
[2022-08-12 13:47:18] [    INFO] 输入文本：18649572 (basics.py:138)
[2022-08-12 13:47:19] [    INFO] 查找元素：('xpath', "//*[@id='pane-account']/form/div[2]/div/div[1]/input") (basics.py:107)
[2022-08-12 13:47:19] [    INFO] 输入文本：xLily6x (basics.py:138)
[2022-08-12 13:47:20] [    INFO] 查找元素：('xpath', "//*[@id='pane-account']/form/div[4]/label/span/span") (basics.py:107)
[2022-08-12 13:47:20] [    INFO] 获取状态：False (basics.py:313)
[2022-08-12 13:47:20] [    INFO] 查找元素：('xpath', "//*[@id='pane-account']/form/div[4]/label/span/span") (basics.py:107)
[2022-08-12 13:47:20] [    INFO] 点击元素：('xpath', "//*[@id='pane-account']/form/div[4]/label/span/span") (basics.py:191)
[2022-08-12 13:47:21] [    INFO] 查找元素：('xpath', "//*[@id='pane-account']/form/button") (basics.py:107)
[2022-08-12 13:47:21] [    INFO] 点击元素：('xpath', "//*[@id='pane-account']/form/button") (basics.py:191)
[2022-08-12 13:47:27] [    INFO] 断言成功：URL为预期一致 | URL: http://10.250.112.166:9000/#/dashboard (assert_ui.py:190)
[2022-08-12 13:47:28] [    INFO] 断言成功: 该内容存在数据列表中 | word:隆江 (assert_ui.py:294)
[2022-08-12 13:47:28] [    INFO] 前置条件：传音统一登录成功 (conftest.py:25)
[2022-08-12 13:47:28] [    INFO] 模块前置条件：前往“DRP数据管理-机型库”页面 (DRPDataMgmt_ModelDatabase.py:10)
[2022-08-12 13:47:28] [    INFO] 查找元素：('xpath', '//*[@id="app"]/div/div[1]/div[2]/div[1]/div/ul/div[9]/li/div/span') (basics.py:107)
[2022-08-12 13:47:28] [    INFO] 点击元素：('xpath', '//*[@id="app"]/div/div[1]/div[2]/div[1]/div/ul/div[9]/li/div/span') (basics.py:191)
[2022-08-12 13:47:28] [    INFO] 查找元素：('xpath', "//li[@role='menuitem']//span[contains(text(),'机型库')]") (basics.py:107)
[2022-08-12 13:47:29] [    INFO] 点击元素：('xpath', "//li[@role='menuitem']//span[contains(text(),'机型库')]") (basics.py:191)
[2022-08-12 13:47:31] [    INFO] 断言成功：URL为预期一致 | URL: http://10.250.112.166:9000/#/dataManage/modelLibrary (assert_ui.py:190)
[2022-08-12 13:47:33] [    INFO] 查找元素：['xpath', "//div[@class='wrapper-tabs']//span[contains(text(),'产品信息')]"] (basics.py:107)
[2022-08-12 13:47:52] [    INFO] 选择点击：['xpath', "//div[@class='wrapper-tabs']//span[contains(text(),'产品信息')]"] (basics.py:188)
[2022-08-12 13:47:52] [    INFO] 前往菜单产品信息 (DRPDataMgmt_ModelDatabase.py:20)
[2022-08-12 13:47:52] [    INFO] 查找元素：('xpath', "//div[@class='left-btn']//button[1]") (basics.py:107)
[2022-08-12 13:47:52] [    INFO] 获取文本：新 增 (basics.py:302)
[2022-08-12 13:47:52] [    INFO] 查找元素：('xpath', "//div[@class='btn-tool-info']//button[@type='button']//span[contains(text(),'新 增')]") (basics.py:107)
[2022-08-12 13:47:52] [    INFO] 点击元素：('xpath', "//div[@class='btn-tool-info']//button[@type='button']//span[contains(text(),'新 增')]") (basics.py:191)
[2022-08-12 13:47:53] [    INFO] 打开新增弹窗 (DRPDataMgmt_ModelDatabase.py:31)
[2022-08-12 13:47:53] [    INFO] 查找元素：('xpath', "//div[@class='el-form-item is-required el-form-item--medium']//label[contains(text(),'来源')]/following-sibling::div//input[@placeholder='请选择']") (basics.py:107)
[2022-08-12 13:47:54] [    INFO] 点击元素：('xpath', "//div[@class='el-form-item is-required el-form-item--medium']//label[contains(text(),'来源')]/following-sibling::div//input[@placeholder='请选择']") (basics.py:191)
[2022-08-12 13:47:56] [    INFO] 查找元素：['xpath', "//div[@x-placement='bottom-start']//li[1]"] (basics.py:107)
[2022-08-12 13:47:56] [    INFO] 选择点击：['xpath', "//div[@x-placement='bottom-start']//li[1]"] (basics.py:188)
[2022-08-12 13:47:56] [    INFO] 新增机型来源：数仓 (DRPDataMgmt_ModelDatabase.py:82)
[2022-08-12 13:47:56] [    INFO] 查找元素：('xpath', "//div[@class='el-form-item is-required el-form-item--medium']//label[contains(text(),'供应类型')]/following-sibling::div//input[@placeholder='请选择']") (basics.py:107)
[2022-08-12 13:47:56] [    INFO] 点击元素：('xpath', "//div[@class='el-form-item is-required el-form-item--medium']//label[contains(text(),'供应类型')]/following-sibling::div//input[@placeholder='请选择']") (basics.py:191)
[2022-08-12 13:47:59] [    INFO] 查找元素：['xpath', "//div[@x-placement='bottom-start']//li[1]"] (basics.py:107)
[2022-08-12 13:47:59] [    INFO] 选择点击：['xpath', "//div[@x-placement='bottom-start']//li[1]"] (basics.py:188)
[2022-08-12 13:47:59] [    INFO] 供应商类型：自研 (DRPDataMgmt_ModelDatabase.py:94)
[2022-08-12 13:47:59] [    INFO] 查找元素：('xpath', "//div[@class='el-form-item is-required el-form-item--medium']//label[contains(text(),'品牌')]/following-sibling::div//input[@placeholder='请选择']") (basics.py:107)
[2022-08-12 13:47:59] [    INFO] 点击元素：('xpath', "//div[@class='el-form-item is-required el-form-item--medium']//label[contains(text(),'品牌')]/following-sibling::div//input[@placeholder='请选择']") (basics.py:191)
[2022-08-12 13:48:01] [    INFO] 查找元素：['xpath', "//div[@x-placement='bottom-start']//li[2]"] (basics.py:107)
[2022-08-12 13:48:02] [    INFO] 选择点击：['xpath', "//div[@x-placement='bottom-start']//li[2]"] (basics.py:188)
[2022-08-12 13:48:02] [    INFO] 品牌：itel (DRPDataMgmt_ModelDatabase.py:107)
[2022-08-12 13:48:02] [    INFO] 查找元素：('xpath', "//div[@class='el-form-item is-required el-form-item--medium']//label[contains(text(),'大类粗')]/following-sibling::div//input[@placeholder='请选择']") (basics.py:107)
[2022-08-12 13:48:02] [    INFO] 点击元素：('xpath', "//div[@class='el-form-item is-required el-form-item--medium']//label[contains(text(),'大类粗')]/following-sibling::div//input[@placeholder='请选择']") (basics.py:191)
[2022-08-12 13:48:04] [    INFO] 查找元素：['xpath', "//div[@x-placement='bottom-start']//li[2]"] (basics.py:107)
[2022-08-12 13:48:04] [    INFO] 选择点击：['xpath', "//div[@x-placement='bottom-start']//li[2]"] (basics.py:188)
[2022-08-12 13:48:04] [    INFO] 大类粗：智能机 (DRPDataMgmt_ModelDatabase.py:118)
[2022-08-12 13:48:04] [    INFO] 查找元素：('xpath', "//div[@class='el-form-item is-required el-form-item--medium']//label[contains(text(),'系列')]/following-sibling::div//input[@placeholder='请选择']") (basics.py:107)
[2022-08-12 13:48:04] [    INFO] 点击元素：('xpath', "//div[@class='el-form-item is-required el-form-item--medium']//label[contains(text(),'系列')]/following-sibling::div//input[@placeholder='请选择']") (basics.py:191)
[2022-08-12 13:48:07] [    INFO] 查找元素：['xpath', "//div[@x-placement='bottom-start']//li//span[text()='A']"] (basics.py:107)
[2022-08-12 13:48:07] [    INFO] 选择点击：['xpath', "//div[@x-placement='bottom-start']//li//span[text()='A']"] (basics.py:188)
[2022-08-12 13:48:07] [    INFO] 系列：A (DRPDataMgmt_ModelDatabase.py:137)
[2022-08-12 13:48:07] [    INFO] 查找元素：('xpath', "//label[contains(text(),'项目名')]/following-sibling::div//input[@placeholder='请选择']") (basics.py:107)
[2022-08-12 13:48:07] [    INFO] 点击元素：('xpath', "//label[contains(text(),'项目名')]/following-sibling::div//input[@placeholder='请选择']") (basics.py:191)
[2022-08-12 13:48:10] [    INFO] 查找元素：['xpath', "//div[@x-placement='bottom-start']//li//span[text()='S11']"] (basics.py:107)
[2022-08-12 13:48:10] [    INFO] 选择点击：['xpath', "//div[@x-placement='bottom-start']//li//span[text()='S11']"] (basics.py:188)
[2022-08-12 13:48:10] [    INFO] 来源=数仓，项目名为下拉选项，选择项目：S11 (DRPDataMgmt_ModelDatabase.py:148)
[2022-08-12 13:48:10] [    INFO] 查找元素：('xpath', "//label[contains(text(),'内存版本')]/following-sibling::div//input[@placeholder='请输入']") (basics.py:107)
[2022-08-12 13:48:10] [    INFO] 输入文本：64+4 (basics.py:155)
[2022-08-12 13:48:10] [    INFO] 内存版本：64+4 (DRPDataMgmt_ModelDatabase.py:153)
[2022-08-12 13:48:10] [    INFO] 查找元素：('xpath', "//div[@class='el-form-item is-required el-form-item--medium']//label[contains(text(),'网络制式')]/following-sibling::div//input[@placeholder='请选择']") (basics.py:107)
[2022-08-12 13:48:11] [    INFO] 点击元素：('xpath', "//div[@class='el-form-item is-required el-form-item--medium']//label[contains(text(),'网络制式')]/following-sibling::div//input[@placeholder='请选择']") (basics.py:191)
[2022-08-12 13:48:13] [    INFO] 查找元素：['xpath', "//div[@x-placement='bottom-start']//li[4]"] (basics.py:107)
[2022-08-12 13:48:13] [    INFO] 选择点击：['xpath', "//div[@x-placement='bottom-start']//li[4]"] (basics.py:188)
[2022-08-12 13:48:13] [    INFO] 网络制式：5G (DRPDataMgmt_ModelDatabase.py:168)
[2022-08-12 13:48:14] [    INFO] 查找元素：('xpath', "//label[contains(text(),'市场名')]/following-sibling::div//input[@placeholder='请输入']") (basics.py:107)
[2022-08-12 13:48:14] [    INFO] 输入文本：India (basics.py:155)
[2022-08-12 13:48:14] [    INFO] 市场名：India (DRPDataMgmt_ModelDatabase.py:173)
[2022-08-12 13:48:15] [    INFO] 查找元素：('xpath', "//button[@type='button']//span[contains(text(),'选择')]") (basics.py:107)
[2022-08-12 13:48:15] [    INFO] 点击元素：('xpath', "//button[@type='button']//span[contains(text(),'选择')]") (basics.py:191)
[2022-08-12 13:48:15] [    INFO] 打开颜色弹窗 (DRPDataMgmt_ModelDatabase.py:179)
[2022-08-12 13:48:18] [    INFO] 查找元素：('xpath', "//input[@placeholder='请输入颜色编码或颜色名称']") (basics.py:107)
[2022-08-12 13:48:18] [    INFO] 输入文本：半透黑 (basics.py:155)
[2022-08-12 13:48:19] [    INFO] 查找元素：['xpath', "//div[@class='color-table']//div[2]/table/tbody/tr[1]/td[4]/div/button/span"] (basics.py:103)
[2022-08-12 13:48:19] [    INFO] 颜色：半透黑 (DRPDataMgmt_ModelDatabase.py:190)
[2022-08-12 13:48:19] [    INFO] 查找元素：('xpath', "//div[contains(@class,'wrapper-info')]//div//div[contains(@class,'el-dialog__wrapper')]//div[contains(@aria-label,'选择机型颜色')]//div[contains(@class,'el-dialog__footer')]//span[contains(@class,'dialog-footer')]//div//span[contains(text(),'保存')]") (basics.py:107)
[2022-08-12 13:48:19] [    INFO] 点击元素：('xpath', "//div[contains(@class,'wrapper-info')]//div//div[contains(@class,'el-dialog__wrapper')]//div[contains(@aria-label,'选择机型颜色')]//div[contains(@class,'el-dialog__footer')]//span[contains(@class,'dialog-footer')]//div//span[contains(text(),'保存')]") (basics.py:191)
[2022-08-12 13:48:20] [    INFO] 点击颜色保存按钮 (DRPDataMgmt_ModelDatabase.py:195)
[2022-08-12 13:48:20] [    INFO] 查找元素：('xpath', "//div[@class='el-form-item is-required el-form-item--medium']//label[contains(text(),'状态')]/following-sibling::div//input[@placeholder='请选择']") (basics.py:107)
[2022-08-12 13:48:20] [    INFO] 点击元素：('xpath', "//div[@class='el-form-item is-required el-form-item--medium']//label[contains(text(),'状态')]/following-sibling::div//input[@placeholder='请选择']") (basics.py:191)
[2022-08-12 13:48:22] [    INFO] 查找元素：['xpath', "//div[@x-placement='bottom-start']//li[2]"] (basics.py:107)
[2022-08-12 13:48:23] [    INFO] 选择点击：['xpath', "//div[@x-placement='bottom-start']//li[2]"] (basics.py:188)
[2022-08-12 13:48:23] [    INFO] 状态：MP (DRPDataMgmt_ModelDatabase.py:210)
[2022-08-12 13:48:23] [    INFO] 查找元素：('xpath', "//div[@class='tr-form-row el-row']//span[contains(text(),'确定')]") (basics.py:107)
[2022-08-12 13:48:23] [    INFO] 点击元素：('xpath', "//div[@class='tr-form-row el-row']//span[contains(text(),'确定')]") (basics.py:191)
[2022-08-12 13:48:23] [    INFO] 新增保存成功 (DRPDataMgmt_ModelDatabase.py:254)
[2022-08-12 13:48:23] [    INFO] 查找元素：('xpath', "//div[@class='btn-tool-info']//button[@type='button']//span[contains(text(),'筛选')]") (basics.py:107)
[2022-08-12 13:48:24] [    INFO] 点击元素：('xpath', "//div[@class='btn-tool-info']//button[@type='button']//span[contains(text(),'筛选')]") (basics.py:191)
[2022-08-12 13:48:24] [    INFO] 打开筛选框 (DRPDataMgmt_ModelDatabase.py:51)
[2022-08-12 13:48:25] [    INFO] 查找元素：('xpath', "//div[@class='el-form-item el-form-item--medium']//label[@for='brandCode']/following-sibling::div//input[@placeholder='请选择']") (basics.py:107)
[2022-08-12 13:48:25] [    INFO] 点击元素：('xpath', "//div[@class='el-form-item el-form-item--medium']//label[@for='brandCode']/following-sibling::div//input[@placeholder='请选择']") (basics.py:191)
[2022-08-12 13:48:28] [    INFO] 查找元素：['xpath', "//div[@x-placement='bottom-start']//li[2]"] (basics.py:107)
[2022-08-12 13:48:28] [    INFO] 选择点击：['xpath', "//div[@x-placement='bottom-start']//li[2]"] (basics.py:188)
[2022-08-12 13:48:28] [    INFO] 筛选品牌：itel (DRPDataMgmt_ModelDatabase.py:299)
[2022-08-12 13:48:28] [    INFO] 查找元素：('xpath', "//div[@class='el-form-item el-form-item--medium']//label[@for='seriesSenior']/following-sibling::div//input[@placeholder='请选择']") (basics.py:107)
[2022-08-12 13:48:28] [    INFO] 点击元素：('xpath', "//div[@class='el-form-item el-form-item--medium']//label[@for='seriesSenior']/following-sibling::div//input[@placeholder='请选择']") (basics.py:191)
[2022-08-12 13:48:30] [    INFO] 查找元素：['xpath', "//div[@x-placement='bottom-start']//li[2]"] (basics.py:107)
[2022-08-12 13:48:30] [    INFO] 选择点击：['xpath', "//div[@x-placement='bottom-start']//li[2]"] (basics.py:188)
[2022-08-12 13:48:30] [    INFO] 筛选大类粗：智能机 (DRPDataMgmt_ModelDatabase.py:310)
[2022-08-12 13:48:31] [    INFO] 查找元素：('xpath', "//div[@class='el-form-item el-form-item--medium']//label[@for='modelName']/following-sibling::div//input[@placeholder='请输入关键字']") (basics.py:107)
[2022-08-12 13:48:31] [    INFO] 输入文本：S11 64+4 (basics.py:155)
[2022-08-12 13:48:34] [    INFO] 查找元素：['xpath', "//li[@class='el-select-dropdown__item']//span[text()='S11 64+4']"] (basics.py:107)
[2022-08-12 13:48:34] [    INFO] 选择点击：['xpath', "//li[@class='el-select-dropdown__item']//span[text()='S11 64+4']"] (basics.py:188)
[2022-08-12 13:48:34] [    INFO] 筛选机型：S11 64+4 (DRPDataMgmt_ModelDatabase.py:338)
[2022-08-12 13:48:34] [    INFO] 查找元素：('xpath', "//div[@class='el-form-item el-form-item--medium']//label[@for='marketName']/following-sibling::div//input[@placeholder='请输入关键字']") (basics.py:107)
[2022-08-12 13:48:34] [    INFO] 输入文本：India (basics.py:155)
[2022-08-12 13:48:36] [    INFO] 查找元素：['xpath', "//li[@class='el-select-dropdown__item']//span[text()='India']"] (basics.py:107)
[2022-08-12 13:48:36] [    INFO] 选择点击：['xpath', "//li[@class='el-select-dropdown__item']//span[text()='India']"] (basics.py:188)
[2022-08-12 13:48:36] [    INFO] 筛选市场名：India (DRPDataMgmt_ModelDatabase.py:344)
[2022-08-12 13:48:37] [    INFO] 查找元素：('xpath', "//div[@class='el-form-item el-form-item--medium']//label[@for='projectSeries']/following-sibling::div//input[@placeholder='请输入关键字']") (basics.py:107)
[2022-08-12 13:48:37] [    INFO] 输入文本：A (basics.py:155)
[2022-08-12 13:48:39] [    INFO] 查找元素：['xpath', "//li[@class='el-select-dropdown__item']//span[text()='A']"] (basics.py:107)
[2022-08-12 13:48:39] [    INFO] 选择点击：['xpath', "//li[@class='el-select-dropdown__item']//span[text()='A']"] (basics.py:188)
[2022-08-12 13:48:39] [    INFO] 筛选系列：A (DRPDataMgmt_ModelDatabase.py:350)
[2022-08-12 13:48:39] [    INFO] 查找元素：('xpath', "//div[@class='el-form-item el-form-item--medium']//label[@for='modelCode']/following-sibling::div//input[@placeholder='请输入关键字']") (basics.py:107)
[2022-08-12 13:48:40] [    INFO] 输入文本：S11 (basics.py:155)
[2022-08-12 13:48:42] [    INFO] 查找元素：['xpath', "//li[@class='el-select-dropdown__item']//span[text()='S11']"] (basics.py:107)
[2022-08-12 13:48:42] [    INFO] 选择点击：['xpath', "//li[@class='el-select-dropdown__item']//span[text()='S11']"] (basics.py:188)
[2022-08-12 13:48:42] [    INFO] 筛选项目名：S11 (DRPDataMgmt_ModelDatabase.py:356)
[2022-08-12 13:48:42] [    INFO] 查找元素：('xpath', "//div[@class='el-form-item el-form-item--medium']//label[@for='fstatus']/following-sibling::div//input[@placeholder='请选择']") (basics.py:107)
[2022-08-12 13:48:42] [    INFO] 点击元素：('xpath', "//div[@class='el-form-item el-form-item--medium']//label[@for='fstatus']/following-sibling::div//input[@placeholder='请选择']") (basics.py:191)
[2022-08-12 13:48:44] [    INFO] 查找元素：['xpath', "//div[@x-placement='bottom-start']//li[2]"] (basics.py:107)
[2022-08-12 13:48:44] [    INFO] 选择点击：['xpath', "//div[@x-placement='bottom-start']//li[2]"] (basics.py:188)
[2022-08-12 13:48:44] [    INFO] 筛选状态：MP (DRPDataMgmt_ModelDatabase.py:371)
[2022-08-12 13:48:44] [    INFO] 查找元素：('xpath', "//div[@class='el-form-item el-form-item--medium']//label[@for='origin']/following-sibling::div//input[@placeholder='请选择']") (basics.py:107)
[2022-08-12 13:48:44] [    INFO] 点击元素：('xpath', "//div[@class='el-form-item el-form-item--medium']//label[@for='origin']/following-sibling::div//input[@placeholder='请选择']") (basics.py:191)
[2022-08-12 13:48:47] [    INFO] 查找元素：['xpath', "//div[@x-placement='bottom-start']//li[1]"] (basics.py:107)
[2022-08-12 13:48:47] [    INFO] 选择点击：['xpath', "//div[@x-placement='bottom-start']//li[1]"] (basics.py:188)
[2022-08-12 13:48:47] [    INFO] 筛选来源：数仓 (DRPDataMgmt_ModelDatabase.py:382)
[2022-08-12 13:48:47] [    INFO] 查找元素：('xpath', "//div[@class='el-form-item el-form-item--medium']//label[@for='supplyType']/following-sibling::div//input[@placeholder='请选择']") (basics.py:107)
[2022-08-12 13:48:47] [    INFO] 点击元素：('xpath', "//div[@class='el-form-item el-form-item--medium']//label[@for='supplyType']/following-sibling::div//input[@placeholder='请选择']") (basics.py:191)
[2022-08-12 13:48:49] [    INFO] 查找元素：['xpath', "//div[@x-placement='bottom-start']//li[1]"] (basics.py:107)
[2022-08-12 13:48:50] [    INFO] 选择点击：['xpath', "//div[@x-placement='bottom-start']//li[1]"] (basics.py:188)
[2022-08-12 13:48:50] [    INFO] 筛选供应类型：自研 (DRPDataMgmt_ModelDatabase.py:393)
[2022-08-12 13:48:50] [    INFO] 查找元素：('xpath', "//div[@class='screen-btns']//button//span[contains(text(),'查  询')]") (basics.py:107)
[2022-08-12 13:48:50] [    INFO] 点击元素：('xpath', "//div[@class='screen-btns']//button//span[contains(text(),'查  询')]") (basics.py:191)
[2022-08-12 13:48:50] [    INFO] 筛选查询成功 (DRPDataMgmt_ModelDatabase.py:398)
[2022-08-12 13:48:50] [    INFO] 查找元素：['xpath', "//div[2]//div[3]//table[@class='el-table__body']//tbody//tr//td[22]"] (basics.py:107)
[2022-08-12 13:48:50] [    INFO] 滚动条至：['xpath', "//div[2]//div[3]//table[@class='el-table__body']//tbody//tr//td[22]"] (basics.py:173)
[2022-08-12 13:48:50] [    INFO] 查找元素：['xpath', "//div[2]//div[3]//table[@class='el-table__body']//tbody//tr//td[22]"] (basics.py:118)
[2022-08-12 13:48:50] [    INFO] 获取表格搜索结果的所有信息文本['隆江'] (DRPDataMgmt_ModelDatabase.py:424)
[2022-08-12 13:48:50] [    INFO] 断言成功，选项值包含：('隆江',) (DRPDataMgmt_ModelDatabase.py:437)
[2022-08-12 13:48:50] [    INFO] 列表操作，前置条件过滤完成 (DRPDataMgmt_ModelDatabase.py:553)
[2022-08-12 13:48:50] [    INFO] 查找元素：['xpath', "//div[2]//div[3]//table[@class='el-table__body']//tbody//tr//td[22]"] (basics.py:118)
[2022-08-12 13:48:50] [    INFO] 点击指定行删除按钮成功 (DRPDataMgmt_ModelDatabase.py:494)
[2022-08-12 13:48:50] [    INFO] 查找元素：('xpath', "//p[@class='el-message__content']") (basics.py:107)
[2022-08-12 13:48:51] [    INFO] 获取文本： (basics.py:302)
[2022-08-12 13:48:51] [ WARNING] 断言失败: 两值不等 | a: b:删除成功! (assert_ui.py:23)
[2022-08-12 13:48:51] [   ERROR] None (assert_ui.py:26)
[2022-08-12 13:54:19] [    INFO] 【DRP】项目【test】环境- UI自动化开始执行 (conftest.py:14)
[2022-08-12 13:54:19] [    INFO] 前置条件：传音统一登录开始 (conftest.py:18)
[2022-08-12 13:54:22] [    INFO] 打开网页：http://10.250.112.166:9000/# (basics.py:64)
[2022-08-12 13:54:22] [    INFO] 查找元素：('xpath', "//div[@role='button']") (basics.py:107)
[2022-08-12 13:54:22] [    INFO] 点击元素：('xpath', "//div[@role='button']") (basics.py:191)
[2022-08-12 13:54:26] [    INFO] 查找元素：['xpath', "//*[contains(@id,'dropdown-menu-')]//li[1]"] (basics.py:107)
[2022-08-12 13:54:27] [    INFO] 查找元素：('xpath', "//div[@role='button']") (basics.py:107)
[2022-08-12 13:54:27] [    INFO] 点击元素：('xpath', "//div[@role='button']") (basics.py:191)
[2022-08-12 13:54:28] [    INFO] 查找元素：('id', 'tab-account') (basics.py:107)
[2022-08-12 13:54:28] [    INFO] 点击元素：('id', 'tab-account') (basics.py:191)
[2022-08-12 13:54:29] [    INFO] 查找元素：('xpath', "//*[@id='pane-account']/form/div[1]/div/div[1]/input") (basics.py:107)
[2022-08-12 13:54:29] [    INFO] 输入文本：18649572 (basics.py:138)
[2022-08-12 13:54:31] [    INFO] 查找元素：('xpath', "//*[@id='pane-account']/form/div[2]/div/div[1]/input") (basics.py:107)
[2022-08-12 13:54:31] [    INFO] 输入文本：xLily6x (basics.py:138)
[2022-08-12 13:54:32] [    INFO] 查找元素：('xpath', "//*[@id='pane-account']/form/div[4]/label/span/span") (basics.py:107)
[2022-08-12 13:54:32] [    INFO] 获取状态：False (basics.py:313)
[2022-08-12 13:54:32] [    INFO] 查找元素：('xpath', "//*[@id='pane-account']/form/div[4]/label/span/span") (basics.py:107)
[2022-08-12 13:54:32] [    INFO] 点击元素：('xpath', "//*[@id='pane-account']/form/div[4]/label/span/span") (basics.py:191)
[2022-08-12 13:54:32] [    INFO] 查找元素：('xpath', "//*[@id='pane-account']/form/button") (basics.py:107)
[2022-08-12 13:54:32] [    INFO] 点击元素：('xpath', "//*[@id='pane-account']/form/button") (basics.py:191)
[2022-08-12 13:54:39] [    INFO] 断言成功：URL为预期一致 | URL: http://10.250.112.166:9000/#/dashboard (assert_ui.py:190)
[2022-08-12 13:54:39] [    INFO] 断言成功: 该内容存在数据列表中 | word:隆江 (assert_ui.py:294)
[2022-08-12 13:54:39] [    INFO] 前置条件：传音统一登录成功 (conftest.py:25)
[2022-08-12 13:54:39] [    INFO] 模块前置条件：前往“DRP数据管理-机型库”页面 (DRPDataMgmt_ModelDatabase.py:10)
[2022-08-12 13:54:39] [    INFO] 查找元素：('xpath', '//*[@id="app"]/div/div[1]/div[2]/div[1]/div/ul/div[9]/li/div/span') (basics.py:107)
[2022-08-12 13:54:39] [    INFO] 点击元素：('xpath', '//*[@id="app"]/div/div[1]/div[2]/div[1]/div/ul/div[9]/li/div/span') (basics.py:191)
[2022-08-12 13:54:40] [    INFO] 查找元素：('xpath', "//li[@role='menuitem']//span[contains(text(),'机型库')]") (basics.py:107)
[2022-08-12 13:54:40] [    INFO] 点击元素：('xpath', "//li[@role='menuitem']//span[contains(text(),'机型库')]") (basics.py:191)
[2022-08-12 13:54:42] [    INFO] 断言成功：URL为预期一致 | URL: http://10.250.112.166:9000/#/dataManage/modelLibrary (assert_ui.py:190)
[2022-08-12 13:54:44] [    INFO] 查找元素：['xpath', "//div[@class='wrapper-tabs']//span[contains(text(),'产品信息')]"] (basics.py:107)
[2022-08-12 13:54:44] [    INFO] 选择点击：['xpath', "//div[@class='wrapper-tabs']//span[contains(text(),'产品信息')]"] (basics.py:188)
[2022-08-12 13:54:44] [    INFO] 前往菜单产品信息 (DRPDataMgmt_ModelDatabase.py:20)
[2022-08-12 13:54:44] [    INFO] 查找元素：('xpath', "//div[@class='left-btn']//button[1]") (basics.py:107)
[2022-08-12 13:54:44] [    INFO] 获取文本：新 增 (basics.py:302)
[2022-08-12 13:54:44] [    INFO] 查找元素：('xpath', "//div[@class='btn-tool-info']//button[@type='button']//span[contains(text(),'新 增')]") (basics.py:107)
[2022-08-12 13:54:45] [    INFO] 点击元素：('xpath', "//div[@class='btn-tool-info']//button[@type='button']//span[contains(text(),'新 增')]") (basics.py:191)
[2022-08-12 13:54:45] [    INFO] 打开新增弹窗 (DRPDataMgmt_ModelDatabase.py:31)
[2022-08-12 13:54:45] [    INFO] 查找元素：('xpath', "//div[@class='el-form-item is-required el-form-item--medium']//label[contains(text(),'来源')]/following-sibling::div//input[@placeholder='请选择']") (basics.py:107)
[2022-08-12 13:54:45] [    INFO] 点击元素：('xpath', "//div[@class='el-form-item is-required el-form-item--medium']//label[contains(text(),'来源')]/following-sibling::div//input[@placeholder='请选择']") (basics.py:191)
[2022-08-12 13:54:48] [    INFO] 查找元素：['xpath', "//div[@x-placement='bottom-start']//li[1]"] (basics.py:107)
[2022-08-12 13:54:48] [    INFO] 选择点击：['xpath', "//div[@x-placement='bottom-start']//li[1]"] (basics.py:188)
[2022-08-12 13:54:48] [    INFO] 新增机型来源：数仓 (DRPDataMgmt_ModelDatabase.py:82)
[2022-08-12 13:54:48] [    INFO] 查找元素：('xpath', "//div[@class='el-form-item is-required el-form-item--medium']//label[contains(text(),'供应类型')]/following-sibling::div//input[@placeholder='请选择']") (basics.py:107)
[2022-08-12 13:54:48] [    INFO] 点击元素：('xpath', "//div[@class='el-form-item is-required el-form-item--medium']//label[contains(text(),'供应类型')]/following-sibling::div//input[@placeholder='请选择']") (basics.py:191)
[2022-08-12 13:54:50] [    INFO] 查找元素：['xpath', "//div[@x-placement='bottom-start']//li[1]"] (basics.py:107)
[2022-08-12 13:54:50] [    INFO] 选择点击：['xpath', "//div[@x-placement='bottom-start']//li[1]"] (basics.py:188)
[2022-08-12 13:54:50] [    INFO] 供应商类型：自研 (DRPDataMgmt_ModelDatabase.py:94)
[2022-08-12 13:54:50] [    INFO] 查找元素：('xpath', "//div[@class='el-form-item is-required el-form-item--medium']//label[contains(text(),'品牌')]/following-sibling::div//input[@placeholder='请选择']") (basics.py:107)
[2022-08-12 13:54:50] [    INFO] 点击元素：('xpath', "//div[@class='el-form-item is-required el-form-item--medium']//label[contains(text(),'品牌')]/following-sibling::div//input[@placeholder='请选择']") (basics.py:191)
[2022-08-12 13:54:53] [    INFO] 查找元素：['xpath', "//div[@x-placement='bottom-start']//li[2]"] (basics.py:107)
[2022-08-12 13:54:53] [    INFO] 选择点击：['xpath', "//div[@x-placement='bottom-start']//li[2]"] (basics.py:188)
[2022-08-12 13:54:53] [    INFO] 品牌：itel (DRPDataMgmt_ModelDatabase.py:107)
[2022-08-12 13:54:53] [    INFO] 查找元素：('xpath', "//div[@class='el-form-item is-required el-form-item--medium']//label[contains(text(),'大类粗')]/following-sibling::div//input[@placeholder='请选择']") (basics.py:107)
[2022-08-12 13:54:53] [    INFO] 点击元素：('xpath', "//div[@class='el-form-item is-required el-form-item--medium']//label[contains(text(),'大类粗')]/following-sibling::div//input[@placeholder='请选择']") (basics.py:191)
[2022-08-12 13:54:56] [    INFO] 查找元素：['xpath', "//div[@x-placement='bottom-start']//li[2]"] (basics.py:107)
[2022-08-12 13:54:56] [    INFO] 选择点击：['xpath', "//div[@x-placement='bottom-start']//li[2]"] (basics.py:188)
[2022-08-12 13:54:56] [    INFO] 大类粗：智能机 (DRPDataMgmt_ModelDatabase.py:118)
[2022-08-12 13:54:56] [    INFO] 查找元素：('xpath', "//div[@class='el-form-item is-required el-form-item--medium']//label[contains(text(),'系列')]/following-sibling::div//input[@placeholder='请选择']") (basics.py:107)
[2022-08-12 13:54:56] [    INFO] 点击元素：('xpath', "//div[@class='el-form-item is-required el-form-item--medium']//label[contains(text(),'系列')]/following-sibling::div//input[@placeholder='请选择']") (basics.py:191)
[2022-08-12 13:54:58] [    INFO] 查找元素：['xpath', "//div[@x-placement='bottom-start']//li//span[text()='A']"] (basics.py:107)
[2022-08-12 13:54:58] [    INFO] 选择点击：['xpath', "//div[@x-placement='bottom-start']//li//span[text()='A']"] (basics.py:188)
[2022-08-12 13:54:58] [    INFO] 系列：A (DRPDataMgmt_ModelDatabase.py:137)
[2022-08-12 13:54:58] [    INFO] 查找元素：('xpath', "//label[contains(text(),'项目名')]/following-sibling::div//input[@placeholder='请选择']") (basics.py:107)
[2022-08-12 13:54:59] [    INFO] 点击元素：('xpath', "//label[contains(text(),'项目名')]/following-sibling::div//input[@placeholder='请选择']") (basics.py:191)
[2022-08-12 13:55:01] [    INFO] 查找元素：['xpath', "//div[@x-placement='bottom-start']//li//span[text()='S11']"] (basics.py:107)
[2022-08-12 13:55:01] [    INFO] 选择点击：['xpath', "//div[@x-placement='bottom-start']//li//span[text()='S11']"] (basics.py:188)
[2022-08-12 13:55:01] [    INFO] 来源=数仓，项目名为下拉选项，选择项目：S11 (DRPDataMgmt_ModelDatabase.py:148)
[2022-08-12 13:55:02] [    INFO] 查找元素：('xpath', "//label[contains(text(),'内存版本')]/following-sibling::div//input[@placeholder='请输入']") (basics.py:107)
[2022-08-12 13:55:02] [    INFO] 输入文本：64+4 (basics.py:155)
[2022-08-12 13:55:02] [    INFO] 内存版本：64+4 (DRPDataMgmt_ModelDatabase.py:153)
[2022-08-12 13:55:02] [    INFO] 查找元素：('xpath', "//div[@class='el-form-item is-required el-form-item--medium']//label[contains(text(),'网络制式')]/following-sibling::div//input[@placeholder='请选择']") (basics.py:107)
[2022-08-12 13:55:02] [    INFO] 点击元素：('xpath', "//div[@class='el-form-item is-required el-form-item--medium']//label[contains(text(),'网络制式')]/following-sibling::div//input[@placeholder='请选择']") (basics.py:191)
[2022-08-12 13:55:05] [    INFO] 查找元素：['xpath', "//div[@x-placement='bottom-start']//li[4]"] (basics.py:107)
[2022-08-12 13:55:05] [    INFO] 选择点击：['xpath', "//div[@x-placement='bottom-start']//li[4]"] (basics.py:188)
[2022-08-12 13:55:05] [    INFO] 网络制式：5G (DRPDataMgmt_ModelDatabase.py:168)
[2022-08-12 13:55:05] [    INFO] 查找元素：('xpath', "//label[contains(text(),'市场名')]/following-sibling::div//input[@placeholder='请输入']") (basics.py:107)
[2022-08-12 13:55:06] [    INFO] 输入文本：India (basics.py:155)
[2022-08-12 13:55:06] [    INFO] 市场名：India (DRPDataMgmt_ModelDatabase.py:173)
[2022-08-12 13:55:07] [    INFO] 查找元素：('xpath', "//button[@type='button']//span[contains(text(),'选择')]") (basics.py:107)
[2022-08-12 13:55:07] [    INFO] 点击元素：('xpath', "//button[@type='button']//span[contains(text(),'选择')]") (basics.py:191)
[2022-08-12 13:55:07] [    INFO] 打开颜色弹窗 (DRPDataMgmt_ModelDatabase.py:179)
[2022-08-12 13:55:10] [    INFO] 查找元素：('xpath', "//input[@placeholder='请输入颜色编码或颜色名称']") (basics.py:107)
[2022-08-12 13:55:10] [    INFO] 输入文本：半透黑 (basics.py:155)
[2022-08-12 13:55:11] [    INFO] 查找元素：['xpath', "//div[@class='color-table']//div[2]/table/tbody/tr[1]/td[4]/div/button/span"] (basics.py:103)
[2022-08-12 13:55:11] [    INFO] 颜色：半透黑 (DRPDataMgmt_ModelDatabase.py:190)
[2022-08-12 13:55:11] [    INFO] 查找元素：('xpath', "//div[contains(@class,'wrapper-info')]//div//div[contains(@class,'el-dialog__wrapper')]//div[contains(@aria-label,'选择机型颜色')]//div[contains(@class,'el-dialog__footer')]//span[contains(@class,'dialog-footer')]//div//span[contains(text(),'保存')]") (basics.py:107)
[2022-08-12 13:55:11] [    INFO] 点击元素：('xpath', "//div[contains(@class,'wrapper-info')]//div//div[contains(@class,'el-dialog__wrapper')]//div[contains(@aria-label,'选择机型颜色')]//div[contains(@class,'el-dialog__footer')]//span[contains(@class,'dialog-footer')]//div//span[contains(text(),'保存')]") (basics.py:191)
[2022-08-12 13:55:12] [    INFO] 点击颜色保存按钮 (DRPDataMgmt_ModelDatabase.py:195)
[2022-08-12 13:55:12] [    INFO] 查找元素：('xpath', "//div[@class='el-form-item is-required el-form-item--medium']//label[contains(text(),'状态')]/following-sibling::div//input[@placeholder='请选择']") (basics.py:107)
[2022-08-12 13:55:12] [    INFO] 点击元素：('xpath', "//div[@class='el-form-item is-required el-form-item--medium']//label[contains(text(),'状态')]/following-sibling::div//input[@placeholder='请选择']") (basics.py:191)
[2022-08-12 13:55:15] [    INFO] 查找元素：['xpath', "//div[@x-placement='bottom-start']//li[2]"] (basics.py:107)
[2022-08-12 13:55:15] [    INFO] 选择点击：['xpath', "//div[@x-placement='bottom-start']//li[2]"] (basics.py:188)
[2022-08-12 13:55:15] [    INFO] 状态：MP (DRPDataMgmt_ModelDatabase.py:210)
[2022-08-12 13:55:15] [    INFO] 查找元素：('xpath', "//div[@class='tr-form-row el-row']//span[contains(text(),'确定')]") (basics.py:107)
[2022-08-12 13:55:15] [    INFO] 点击元素：('xpath', "//div[@class='tr-form-row el-row']//span[contains(text(),'确定')]") (basics.py:191)
[2022-08-12 13:55:15] [    INFO] 新增保存成功 (DRPDataMgmt_ModelDatabase.py:254)
[2022-08-12 13:55:15] [    INFO] 查找元素：('xpath', "//div[@class='btn-tool-info']//button[@type='button']//span[contains(text(),'筛选')]") (basics.py:107)
[2022-08-12 13:55:16] [    INFO] 点击元素：('xpath', "//div[@class='btn-tool-info']//button[@type='button']//span[contains(text(),'筛选')]") (basics.py:191)
[2022-08-12 13:55:16] [    INFO] 打开筛选框 (DRPDataMgmt_ModelDatabase.py:51)
[2022-08-12 13:55:17] [    INFO] 查找元素：('xpath', "//div[@class='el-form-item el-form-item--medium']//label[@for='brandCode']/following-sibling::div//input[@placeholder='请选择']") (basics.py:107)
[2022-08-12 13:55:18] [    INFO] 点击元素：('xpath', "//div[@class='el-form-item el-form-item--medium']//label[@for='brandCode']/following-sibling::div//input[@placeholder='请选择']") (basics.py:191)
[2022-08-12 13:55:20] [    INFO] 查找元素：['xpath', "//div[@x-placement='bottom-start']//li[2]"] (basics.py:107)
[2022-08-12 13:55:20] [    INFO] 选择点击：['xpath', "//div[@x-placement='bottom-start']//li[2]"] (basics.py:188)
[2022-08-12 13:55:20] [    INFO] 筛选品牌：itel (DRPDataMgmt_ModelDatabase.py:299)
[2022-08-12 13:55:20] [    INFO] 查找元素：('xpath', "//div[@class='el-form-item el-form-item--medium']//label[@for='seriesSenior']/following-sibling::div//input[@placeholder='请选择']") (basics.py:107)
[2022-08-12 13:55:20] [    INFO] 点击元素：('xpath', "//div[@class='el-form-item el-form-item--medium']//label[@for='seriesSenior']/following-sibling::div//input[@placeholder='请选择']") (basics.py:191)
[2022-08-12 13:55:23] [    INFO] 查找元素：['xpath', "//div[@x-placement='bottom-start']//li[2]"] (basics.py:107)
[2022-08-12 13:55:23] [    INFO] 选择点击：['xpath', "//div[@x-placement='bottom-start']//li[2]"] (basics.py:188)
[2022-08-12 13:55:23] [    INFO] 筛选大类粗：智能机 (DRPDataMgmt_ModelDatabase.py:310)
[2022-08-12 13:55:23] [    INFO] 查找元素：('xpath', "//div[@class='el-form-item el-form-item--medium']//label[@for='modelName']/following-sibling::div//input[@placeholder='请输入关键字']") (basics.py:107)
[2022-08-12 13:55:23] [    INFO] 输入文本：S11 64+4 (basics.py:155)
[2022-08-12 13:55:26] [    INFO] 查找元素：['xpath', "//li[@class='el-select-dropdown__item']//span[text()='S11 64+4']"] (basics.py:107)
[2022-08-12 13:55:26] [    INFO] 选择点击：['xpath', "//li[@class='el-select-dropdown__item']//span[text()='S11 64+4']"] (basics.py:188)
[2022-08-12 13:55:26] [    INFO] 筛选机型：S11 64+4 (DRPDataMgmt_ModelDatabase.py:338)
[2022-08-12 13:55:27] [    INFO] 查找元素：('xpath', "//div[@class='el-form-item el-form-item--medium']//label[@for='marketName']/following-sibling::div//input[@placeholder='请输入关键字']") (basics.py:107)
[2022-08-12 13:55:27] [    INFO] 输入文本：India (basics.py:155)
[2022-08-12 13:55:29] [    INFO] 查找元素：['xpath', "//li[@class='el-select-dropdown__item']//span[text()='India']"] (basics.py:107)
[2022-08-12 13:55:29] [    INFO] 选择点击：['xpath', "//li[@class='el-select-dropdown__item']//span[text()='India']"] (basics.py:188)
[2022-08-12 13:55:29] [    INFO] 筛选市场名：India (DRPDataMgmt_ModelDatabase.py:344)
[2022-08-12 13:55:29] [    INFO] 查找元素：('xpath', "//div[@class='el-form-item el-form-item--medium']//label[@for='projectSeries']/following-sibling::div//input[@placeholder='请输入关键字']") (basics.py:107)
[2022-08-12 13:55:29] [    INFO] 输入文本：A (basics.py:155)
[2022-08-12 13:55:31] [    INFO] 查找元素：['xpath', "//li[@class='el-select-dropdown__item']//span[text()='A']"] (basics.py:107)
[2022-08-12 13:55:31] [    INFO] 选择点击：['xpath', "//li[@class='el-select-dropdown__item']//span[text()='A']"] (basics.py:188)
[2022-08-12 13:55:31] [    INFO] 筛选系列：A (DRPDataMgmt_ModelDatabase.py:350)
[2022-08-12 13:55:32] [    INFO] 查找元素：('xpath', "//div[@class='el-form-item el-form-item--medium']//label[@for='modelCode']/following-sibling::div//input[@placeholder='请输入关键字']") (basics.py:107)
[2022-08-12 13:55:32] [    INFO] 输入文本：S11 (basics.py:155)
[2022-08-12 13:55:34] [    INFO] 查找元素：['xpath', "//li[@class='el-select-dropdown__item']//span[text()='S11']"] (basics.py:107)
[2022-08-12 13:55:34] [    INFO] 选择点击：['xpath', "//li[@class='el-select-dropdown__item']//span[text()='S11']"] (basics.py:188)
[2022-08-12 13:55:34] [    INFO] 筛选项目名：S11 (DRPDataMgmt_ModelDatabase.py:356)
[2022-08-12 13:55:34] [    INFO] 查找元素：('xpath', "//div[@class='el-form-item el-form-item--medium']//label[@for='fstatus']/following-sibling::div//input[@placeholder='请选择']") (basics.py:107)
[2022-08-12 13:55:34] [    INFO] 点击元素：('xpath', "//div[@class='el-form-item el-form-item--medium']//label[@for='fstatus']/following-sibling::div//input[@placeholder='请选择']") (basics.py:191)
[2022-08-12 13:55:37] [    INFO] 查找元素：['xpath', "//div[@x-placement='bottom-start']//li[2]"] (basics.py:107)
[2022-08-12 13:55:37] [    INFO] 选择点击：['xpath', "//div[@x-placement='bottom-start']//li[2]"] (basics.py:188)
[2022-08-12 13:55:37] [    INFO] 筛选状态：MP (DRPDataMgmt_ModelDatabase.py:371)
[2022-08-12 13:55:37] [    INFO] 查找元素：('xpath', "//div[@class='el-form-item el-form-item--medium']//label[@for='origin']/following-sibling::div//input[@placeholder='请选择']") (basics.py:107)
[2022-08-12 13:55:37] [    INFO] 点击元素：('xpath', "//div[@class='el-form-item el-form-item--medium']//label[@for='origin']/following-sibling::div//input[@placeholder='请选择']") (basics.py:191)
[2022-08-12 13:55:39] [    INFO] 查找元素：['xpath', "//div[@x-placement='bottom-start']//li[1]"] (basics.py:107)
[2022-08-12 13:55:39] [    INFO] 选择点击：['xpath', "//div[@x-placement='bottom-start']//li[1]"] (basics.py:188)
[2022-08-12 13:55:39] [    INFO] 筛选来源：数仓 (DRPDataMgmt_ModelDatabase.py:382)
[2022-08-12 13:55:39] [    INFO] 查找元素：('xpath', "//div[@class='el-form-item el-form-item--medium']//label[@for='supplyType']/following-sibling::div//input[@placeholder='请选择']") (basics.py:107)
[2022-08-12 13:55:40] [    INFO] 点击元素：('xpath', "//div[@class='el-form-item el-form-item--medium']//label[@for='supplyType']/following-sibling::div//input[@placeholder='请选择']") (basics.py:191)
[2022-08-12 13:55:42] [    INFO] 查找元素：['xpath', "//div[@x-placement='bottom-start']//li[1]"] (basics.py:107)
[2022-08-12 13:55:42] [    INFO] 选择点击：['xpath', "//div[@x-placement='bottom-start']//li[1]"] (basics.py:188)
[2022-08-12 13:55:42] [    INFO] 筛选供应类型：自研 (DRPDataMgmt_ModelDatabase.py:393)
[2022-08-12 13:55:42] [    INFO] 查找元素：('xpath', "//div[@class='screen-btns']//button//span[contains(text(),'查  询')]") (basics.py:107)
[2022-08-12 13:55:42] [    INFO] 点击元素：('xpath', "//div[@class='screen-btns']//button//span[contains(text(),'查  询')]") (basics.py:191)
[2022-08-12 13:55:43] [    INFO] 筛选查询成功 (DRPDataMgmt_ModelDatabase.py:398)
[2022-08-12 13:55:43] [    INFO] 查找元素：['xpath', "//div[2]//div[3]//table[@class='el-table__body']//tbody//tr//td[22]"] (basics.py:107)
[2022-08-12 13:55:43] [    INFO] 滚动条至：['xpath', "//div[2]//div[3]//table[@class='el-table__body']//tbody//tr//td[22]"] (basics.py:173)
[2022-08-12 13:55:43] [    INFO] 查找元素：['xpath', "//div[2]//div[3]//table[@class='el-table__body']//tbody//tr//td[22]"] (basics.py:118)
[2022-08-12 13:55:43] [    INFO] 获取表格搜索结果的所有信息文本['隆江'] (DRPDataMgmt_ModelDatabase.py:424)
[2022-08-12 13:55:43] [    INFO] 断言成功，选项值包含：('隆江',) (DRPDataMgmt_ModelDatabase.py:437)
[2022-08-12 13:55:43] [    INFO] 列表操作，前置条件过滤完成 (DRPDataMgmt_ModelDatabase.py:553)
[2022-08-12 13:55:43] [    INFO] 查找元素：['xpath', "//div[2]//div[3]//table[@class='el-table__body']//tbody//tr//td[22]"] (basics.py:118)
[2022-08-12 13:55:43] [    INFO] 点击指定行编辑按钮成功 (DRPDataMgmt_ModelDatabase.py:456)
[2022-08-12 13:55:45] [    INFO] 查找元素：['xpath', "//div[@x-placement='bottom-start']//li[2]"] (basics.py:107)
[2022-08-12 13:55:45] [    INFO] 选择点击：['xpath', "//div[@x-placement='bottom-start']//li[2]"] (basics.py:188)
[2022-08-12 13:55:45] [    INFO] 编辑成功，修改为外购 (DRPDataMgmt_ModelDatabase.py:470)
[2022-08-12 13:55:45] [    INFO] 编辑保存成功 (DRPDataMgmt_ModelDatabase.py:478)
[2022-08-12 13:55:45] [    INFO] 查找元素：('xpath', "//p[@class='el-message__content']") (basics.py:107)
[2022-08-12 13:55:46] [    INFO] 获取文本： (basics.py:302)
[2022-08-12 13:55:46] [ WARNING] 断言失败: 两值不等 | a: b:保存成功! (assert_ui.py:23)
[2022-08-12 13:55:46] [   ERROR] None (assert_ui.py:26)
[2022-08-12 13:57:33] [    INFO] 【DRP】项目【test】环境- UI自动化开始执行 (conftest.py:14)
[2022-08-12 13:57:33] [    INFO] 前置条件：传音统一登录开始 (conftest.py:18)
[2022-08-12 13:57:36] [    INFO] 打开网页：http://10.250.112.166:9000/# (basics.py:64)
[2022-08-12 13:57:36] [    INFO] 查找元素：('xpath', "//div[@role='button']") (basics.py:107)
[2022-08-12 13:57:36] [    INFO] 点击元素：('xpath', "//div[@role='button']") (basics.py:191)
[2022-08-12 13:57:41] [    INFO] 查找元素：['xpath', "//*[contains(@id,'dropdown-menu-')]//li[1]"] (basics.py:107)
[2022-08-12 13:57:42] [    INFO] 查找元素：('xpath', "//div[@role='button']") (basics.py:107)
[2022-08-12 13:57:42] [    INFO] 点击元素：('xpath', "//div[@role='button']") (basics.py:191)
[2022-08-12 13:57:42] [    INFO] 查找元素：('id', 'tab-account') (basics.py:107)
[2022-08-12 13:57:42] [    INFO] 点击元素：('id', 'tab-account') (basics.py:191)
[2022-08-12 13:57:43] [    INFO] 查找元素：('xpath', "//*[@id='pane-account']/form/div[1]/div/div[1]/input") (basics.py:107)
[2022-08-12 13:57:43] [    INFO] 输入文本：18649572 (basics.py:138)
[2022-08-12 13:57:45] [    INFO] 查找元素：('xpath', "//*[@id='pane-account']/form/div[2]/div/div[1]/input") (basics.py:107)
[2022-08-12 13:57:45] [    INFO] 输入文本：xLily6x (basics.py:138)
[2022-08-12 13:57:46] [    INFO] 查找元素：('xpath', "//*[@id='pane-account']/form/div[4]/label/span/span") (basics.py:107)
[2022-08-12 13:57:46] [    INFO] 获取状态：False (basics.py:313)
[2022-08-12 13:57:46] [    INFO] 查找元素：('xpath', "//*[@id='pane-account']/form/div[4]/label/span/span") (basics.py:107)
[2022-08-12 13:57:46] [    INFO] 点击元素：('xpath', "//*[@id='pane-account']/form/div[4]/label/span/span") (basics.py:191)
[2022-08-12 13:57:47] [    INFO] 查找元素：('xpath', "//*[@id='pane-account']/form/button") (basics.py:107)
[2022-08-12 13:57:47] [    INFO] 点击元素：('xpath', "//*[@id='pane-account']/form/button") (basics.py:191)
[2022-08-12 13:57:53] [    INFO] 断言成功：URL为预期一致 | URL: http://10.250.112.166:9000/#/dashboard (assert_ui.py:190)
[2022-08-12 13:57:53] [    INFO] 断言成功: 该内容存在数据列表中 | word:隆江 (assert_ui.py:294)
[2022-08-12 13:57:53] [    INFO] 前置条件：传音统一登录成功 (conftest.py:25)
[2022-08-12 13:57:53] [    INFO] 模块前置条件：前往“DRP数据管理-机型库”页面 (DRPDataMgmt_ModelDatabase.py:10)
[2022-08-12 13:57:53] [    INFO] 查找元素：('xpath', '//*[@id="app"]/div/div[1]/div[2]/div[1]/div/ul/div[9]/li/div/span') (basics.py:107)
[2022-08-12 13:57:53] [    INFO] 点击元素：('xpath', '//*[@id="app"]/div/div[1]/div[2]/div[1]/div/ul/div[9]/li/div/span') (basics.py:191)
[2022-08-12 13:57:54] [    INFO] 查找元素：('xpath', "//li[@role='menuitem']//span[contains(text(),'机型库')]") (basics.py:107)
[2022-08-12 13:57:54] [    INFO] 点击元素：('xpath', "//li[@role='menuitem']//span[contains(text(),'机型库')]") (basics.py:191)
[2022-08-12 13:57:56] [    INFO] 断言成功：URL为预期一致 | URL: http://10.250.112.166:9000/#/dataManage/modelLibrary (assert_ui.py:190)
[2022-08-12 13:57:58] [    INFO] 查找元素：['xpath', "//div[@class='wrapper-tabs']//span[contains(text(),'产品信息')]"] (basics.py:107)
[2022-08-12 13:57:59] [    INFO] 选择点击：['xpath', "//div[@class='wrapper-tabs']//span[contains(text(),'产品信息')]"] (basics.py:188)
[2022-08-12 13:57:59] [    INFO] 前往菜单产品信息 (DRPDataMgmt_ModelDatabase.py:20)
[2022-08-12 13:57:59] [    INFO] 查找元素：('xpath', "//div[@class='left-btn']//button[1]") (basics.py:107)
[2022-08-12 13:57:59] [    INFO] 获取文本：新 增 (basics.py:302)
[2022-08-12 13:57:59] [    INFO] 查找元素：('xpath', "//div[@class='btn-tool-info']//button[@type='button']//span[contains(text(),'筛选')]") (basics.py:107)
[2022-08-12 13:57:59] [    INFO] 点击元素：('xpath', "//div[@class='btn-tool-info']//button[@type='button']//span[contains(text(),'筛选')]") (basics.py:191)
[2022-08-12 13:57:59] [    INFO] 打开筛选框 (DRPDataMgmt_ModelDatabase.py:51)
[2022-08-12 13:58:00] [    INFO] 查找元素：('xpath', "//div[@class='el-form-item el-form-item--medium']//label[@for='brandCode']/following-sibling::div//input[@placeholder='请选择']") (basics.py:107)
[2022-08-12 13:58:00] [    INFO] 点击元素：('xpath', "//div[@class='el-form-item el-form-item--medium']//label[@for='brandCode']/following-sibling::div//input[@placeholder='请选择']") (basics.py:191)
[2022-08-12 13:58:03] [    INFO] 查找元素：['xpath', "//div[@x-placement='bottom-start']//li[2]"] (basics.py:107)
[2022-08-12 13:58:03] [    INFO] 选择点击：['xpath', "//div[@x-placement='bottom-start']//li[2]"] (basics.py:188)
[2022-08-12 13:58:03] [    INFO] 筛选品牌：itel (DRPDataMgmt_ModelDatabase.py:299)
[2022-08-12 13:58:03] [    INFO] 查找元素：('xpath', "//div[@class='el-form-item el-form-item--medium']//label[@for='seriesSenior']/following-sibling::div//input[@placeholder='请选择']") (basics.py:107)
[2022-08-12 13:58:03] [    INFO] 点击元素：('xpath', "//div[@class='el-form-item el-form-item--medium']//label[@for='seriesSenior']/following-sibling::div//input[@placeholder='请选择']") (basics.py:191)
[2022-08-12 13:58:05] [    INFO] 查找元素：['xpath', "//div[@x-placement='bottom-start']//li[1]"] (basics.py:107)
[2022-08-12 13:58:06] [    INFO] 选择点击：['xpath', "//div[@x-placement='bottom-start']//li[1]"] (basics.py:188)
[2022-08-12 13:58:06] [    INFO] 筛选大类粗：功能机 (DRPDataMgmt_ModelDatabase.py:310)
[2022-08-12 13:58:06] [    INFO] 查找元素：('xpath', "//div[@role='tooltip']//label[@for='seriesJunior'][contains(text(),'大类细')]/following-sibling::div//input[@placeholder='请选择']") (basics.py:107)
[2022-08-12 13:58:06] [    INFO] 点击元素：('xpath', "//div[@role='tooltip']//label[@for='seriesJunior'][contains(text(),'大类细')]/following-sibling::div//input[@placeholder='请选择']") (basics.py:191)
[2022-08-12 13:58:08] [    INFO] 查找元素：['xpath', "//div[@x-placement='bottom-start']//li[1]"] (basics.py:107)
[2022-08-12 13:58:08] [    INFO] 选择点击：['xpath', "//div[@x-placement='bottom-start']//li[1]"] (basics.py:188)
[2022-08-12 13:58:08] [    INFO] 筛选大类细：功能机 (DRPDataMgmt_ModelDatabase.py:323)
[2022-08-12 13:58:09] [    INFO] 查找元素：('xpath', "//div[@class='el-form-item el-form-item--medium']//label[@for='modelName']/following-sibling::div//input[@placeholder='请输入关键字']") (basics.py:107)
[2022-08-12 13:58:09] [    INFO] 输入文本：S (basics.py:155)
[2022-08-12 13:58:10] [    INFO] 查找元素：('xpath', "//div[@x-placement='bottom-start']//li[@class='el-select-dropdown__item'][1]") (basics.py:107)
[2022-08-12 13:58:10] [    INFO] 点击元素：('xpath', "//div[@x-placement='bottom-start']//li[@class='el-select-dropdown__item'][1]") (basics.py:191)
[2022-08-12 13:58:10] [    INFO] 筛选机型：S (DRPDataMgmt_ModelDatabase.py:338)
[2022-08-12 13:58:10] [    INFO] 查找元素：('xpath', "//div[@class='screen-btns']//button//span[contains(text(),'查  询')]") (basics.py:107)
[2022-08-12 13:58:11] [    INFO] 点击元素：('xpath', "//div[@class='screen-btns']//button//span[contains(text(),'查  询')]") (basics.py:191)
[2022-08-12 13:58:11] [    INFO] 筛选查询成功 (DRPDataMgmt_ModelDatabase.py:398)
[2022-08-12 13:58:11] [    INFO] 查找元素：('xpath', "//sup[@class='el-badge__content el-badge__content--undefined is-fixed']") (basics.py:107)
[2022-08-12 13:58:11] [    INFO] 获取文本：4 (basics.py:302)
[2022-08-12 13:58:11] [    INFO] 断言成功: 该值不为None | x:4 (assert_ui.py:87)
[2022-08-12 13:58:11] [    INFO] 查找元素：('xpath', "//span[contains(text(),'暂无数据')]") (basics.py:107)
[2022-08-12 13:58:11] [    INFO] 获取文本：暂无数据 (basics.py:302)
[2022-08-12 13:58:11] [    INFO] 断言成功: 两值相等 | a:暂无数据 b:暂无数据 (assert_ui.py:24)
[2022-08-12 13:58:55] [    INFO] 【DRP】项目【test】环境- UI自动化开始执行 (conftest.py:14)
[2022-08-12 13:58:55] [    INFO] 前置条件：传音统一登录开始 (conftest.py:18)
[2022-08-12 13:58:58] [    INFO] 打开网页：http://10.250.112.166:9000/# (basics.py:64)
[2022-08-12 13:58:58] [    INFO] 查找元素：('xpath', "//div[@role='button']") (basics.py:107)
[2022-08-12 13:58:58] [    INFO] 点击元素：('xpath', "//div[@role='button']") (basics.py:191)
[2022-08-12 13:59:02] [    INFO] 查找元素：['xpath', "//*[contains(@id,'dropdown-menu-')]//li[1]"] (basics.py:107)
[2022-08-12 13:59:04] [    INFO] 查找元素：('xpath', "//div[@role='button']") (basics.py:107)
[2022-08-12 13:59:04] [    INFO] 点击元素：('xpath', "//div[@role='button']") (basics.py:191)
[2022-08-12 13:59:04] [    INFO] 查找元素：('id', 'tab-account') (basics.py:107)
[2022-08-12 13:59:04] [    INFO] 点击元素：('id', 'tab-account') (basics.py:191)
[2022-08-12 13:59:05] [    INFO] 查找元素：('xpath', "//*[@id='pane-account']/form/div[1]/div/div[1]/input") (basics.py:107)
[2022-08-12 13:59:05] [    INFO] 输入文本：18649572 (basics.py:138)
[2022-08-12 13:59:07] [    INFO] 查找元素：('xpath', "//*[@id='pane-account']/form/div[2]/div/div[1]/input") (basics.py:107)
[2022-08-12 13:59:07] [    INFO] 输入文本：xLily6x (basics.py:138)
[2022-08-12 13:59:08] [    INFO] 查找元素：('xpath', "//*[@id='pane-account']/form/div[4]/label/span/span") (basics.py:107)
[2022-08-12 13:59:08] [    INFO] 获取状态：False (basics.py:313)
[2022-08-12 13:59:08] [    INFO] 查找元素：('xpath', "//*[@id='pane-account']/form/div[4]/label/span/span") (basics.py:107)
[2022-08-12 13:59:08] [    INFO] 点击元素：('xpath', "//*[@id='pane-account']/form/div[4]/label/span/span") (basics.py:191)
[2022-08-12 13:59:08] [    INFO] 查找元素：('xpath', "//*[@id='pane-account']/form/button") (basics.py:107)
[2022-08-12 13:59:08] [    INFO] 点击元素：('xpath', "//*[@id='pane-account']/form/button") (basics.py:191)
[2022-08-12 13:59:15] [    INFO] 断言成功：URL为预期一致 | URL: http://10.250.112.166:9000/#/dashboard (assert_ui.py:190)
[2022-08-12 13:59:15] [    INFO] 断言成功: 该内容存在数据列表中 | word:隆江 (assert_ui.py:294)
[2022-08-12 13:59:15] [    INFO] 前置条件：传音统一登录成功 (conftest.py:25)
[2022-08-12 13:59:15] [    INFO] 模块前置条件：前往“DRP数据管理-机型库”页面 (DRPDataMgmt_ModelDatabase.py:10)
[2022-08-12 13:59:15] [    INFO] 查找元素：('xpath', '//*[@id="app"]/div/div[1]/div[2]/div[1]/div/ul/div[9]/li/div/span') (basics.py:107)
[2022-08-12 13:59:15] [    INFO] 点击元素：('xpath', '//*[@id="app"]/div/div[1]/div[2]/div[1]/div/ul/div[9]/li/div/span') (basics.py:191)
[2022-08-12 13:59:16] [    INFO] 查找元素：('xpath', "//li[@role='menuitem']//span[contains(text(),'机型库')]") (basics.py:107)
[2022-08-12 13:59:16] [    INFO] 点击元素：('xpath', "//li[@role='menuitem']//span[contains(text(),'机型库')]") (basics.py:191)
[2022-08-12 13:59:18] [    INFO] 断言成功：URL为预期一致 | URL: http://10.250.112.166:9000/#/dataManage/modelLibrary (assert_ui.py:190)
[2022-08-12 13:59:20] [    INFO] 查找元素：['xpath', "//div[@class='wrapper-tabs']//span[contains(text(),'产品信息')]"] (basics.py:107)
[2022-08-12 13:59:20] [    INFO] 选择点击：['xpath', "//div[@class='wrapper-tabs']//span[contains(text(),'产品信息')]"] (basics.py:188)
[2022-08-12 13:59:20] [    INFO] 前往菜单产品信息 (DRPDataMgmt_ModelDatabase.py:20)
[2022-08-12 13:59:20] [    INFO] 查找元素：('xpath', "//div[@class='left-btn']//button[1]") (basics.py:107)
[2022-08-12 13:59:20] [    INFO] 获取文本：新 增 (basics.py:302)
[2022-08-12 13:59:20] [    INFO] 查找元素：('xpath', "//div[@class='btn-tool-info']//button[@type='button']//span[contains(text(),'新 增')]") (basics.py:107)
[2022-08-12 13:59:21] [    INFO] 点击元素：('xpath', "//div[@class='btn-tool-info']//button[@type='button']//span[contains(text(),'新 增')]") (basics.py:191)
[2022-08-12 13:59:21] [    INFO] 打开新增弹窗 (DRPDataMgmt_ModelDatabase.py:31)
[2022-08-12 13:59:21] [    INFO] 查找元素：('xpath', "//div[@class='el-form-item is-required el-form-item--medium']//label[contains(text(),'来源')]/following-sibling::div//input[@placeholder='请选择']") (basics.py:107)
[2022-08-12 13:59:21] [    INFO] 点击元素：('xpath', "//div[@class='el-form-item is-required el-form-item--medium']//label[contains(text(),'来源')]/following-sibling::div//input[@placeholder='请选择']") (basics.py:191)
[2022-08-12 13:59:24] [    INFO] 查找元素：['xpath', "//div[@x-placement='bottom-start']//li[1]"] (basics.py:107)
[2022-08-12 13:59:24] [    INFO] 选择点击：['xpath', "//div[@x-placement='bottom-start']//li[1]"] (basics.py:188)
[2022-08-12 13:59:24] [    INFO] 新增机型来源：数仓 (DRPDataMgmt_ModelDatabase.py:82)
[2022-08-12 13:59:24] [    INFO] 查找元素：('xpath', "//div[@class='el-form-item is-required el-form-item--medium']//label[contains(text(),'供应类型')]/following-sibling::div//input[@placeholder='请选择']") (basics.py:107)
[2022-08-12 13:59:24] [    INFO] 点击元素：('xpath', "//div[@class='el-form-item is-required el-form-item--medium']//label[contains(text(),'供应类型')]/following-sibling::div//input[@placeholder='请选择']") (basics.py:191)
[2022-08-12 13:59:26] [    INFO] 查找元素：['xpath', "//div[@x-placement='bottom-start']//li[1]"] (basics.py:107)
[2022-08-12 13:59:27] [    INFO] 选择点击：['xpath', "//div[@x-placement='bottom-start']//li[1]"] (basics.py:188)
[2022-08-12 13:59:27] [    INFO] 供应商类型：自研 (DRPDataMgmt_ModelDatabase.py:94)
[2022-08-12 13:59:27] [    INFO] 查找元素：('xpath', "//div[@class='el-form-item is-required el-form-item--medium']//label[contains(text(),'品牌')]/following-sibling::div//input[@placeholder='请选择']") (basics.py:107)
[2022-08-12 13:59:27] [    INFO] 点击元素：('xpath', "//div[@class='el-form-item is-required el-form-item--medium']//label[contains(text(),'品牌')]/following-sibling::div//input[@placeholder='请选择']") (basics.py:191)
[2022-08-12 13:59:29] [    INFO] 查找元素：['xpath', "//div[@x-placement='bottom-start']//li[2]"] (basics.py:107)
[2022-08-12 13:59:29] [    INFO] 选择点击：['xpath', "//div[@x-placement='bottom-start']//li[2]"] (basics.py:188)
[2022-08-12 13:59:29] [    INFO] 品牌：itel (DRPDataMgmt_ModelDatabase.py:107)
[2022-08-12 13:59:29] [    INFO] 查找元素：('xpath', "//div[@class='el-form-item is-required el-form-item--medium']//label[contains(text(),'大类粗')]/following-sibling::div//input[@placeholder='请选择']") (basics.py:107)
[2022-08-12 13:59:29] [    INFO] 点击元素：('xpath', "//div[@class='el-form-item is-required el-form-item--medium']//label[contains(text(),'大类粗')]/following-sibling::div//input[@placeholder='请选择']") (basics.py:191)
[2022-08-12 13:59:32] [    INFO] 查找元素：['xpath', "//div[@x-placement='bottom-start']//li[2]"] (basics.py:107)
[2022-08-12 13:59:32] [    INFO] 选择点击：['xpath', "//div[@x-placement='bottom-start']//li[2]"] (basics.py:188)
[2022-08-12 13:59:32] [    INFO] 大类粗：智能机 (DRPDataMgmt_ModelDatabase.py:118)
[2022-08-12 13:59:32] [    INFO] 查找元素：('xpath', "//div[@class='el-form-item is-required el-form-item--medium']//label[contains(text(),'系列')]/following-sibling::div//input[@placeholder='请选择']") (basics.py:107)
[2022-08-12 13:59:32] [    INFO] 点击元素：('xpath', "//div[@class='el-form-item is-required el-form-item--medium']//label[contains(text(),'系列')]/following-sibling::div//input[@placeholder='请选择']") (basics.py:191)
[2022-08-12 13:59:35] [    INFO] 查找元素：['xpath', "//div[@x-placement='bottom-start']//li//span[text()='A']"] (basics.py:107)
[2022-08-12 13:59:35] [    INFO] 选择点击：['xpath', "//div[@x-placement='bottom-start']//li//span[text()='A']"] (basics.py:188)
[2022-08-12 13:59:35] [    INFO] 系列：A (DRPDataMgmt_ModelDatabase.py:137)
[2022-08-12 13:59:35] [    INFO] 查找元素：('xpath', "//label[contains(text(),'项目名')]/following-sibling::div//input[@placeholder='请选择']") (basics.py:107)
[2022-08-12 13:59:35] [    INFO] 点击元素：('xpath', "//label[contains(text(),'项目名')]/following-sibling::div//input[@placeholder='请选择']") (basics.py:191)
[2022-08-12 13:59:37] [    INFO] 查找元素：['xpath', "//div[@x-placement='bottom-start']//li//span[text()='S11']"] (basics.py:107)
[2022-08-12 13:59:38] [    INFO] 选择点击：['xpath', "//div[@x-placement='bottom-start']//li//span[text()='S11']"] (basics.py:188)
[2022-08-12 13:59:38] [    INFO] 来源=数仓，项目名为下拉选项，选择项目：S11 (DRPDataMgmt_ModelDatabase.py:148)
[2022-08-12 13:59:38] [    INFO] 查找元素：('xpath', "//label[contains(text(),'内存版本')]/following-sibling::div//input[@placeholder='请输入']") (basics.py:107)
[2022-08-12 13:59:38] [    INFO] 输入文本：64+4 (basics.py:155)
[2022-08-12 13:59:38] [    INFO] 内存版本：64+4 (DRPDataMgmt_ModelDatabase.py:153)
[2022-08-12 13:59:38] [    INFO] 查找元素：('xpath', "//div[@class='el-form-item is-required el-form-item--medium']//label[contains(text(),'网络制式')]/following-sibling::div//input[@placeholder='请选择']") (basics.py:107)
[2022-08-12 13:59:38] [    INFO] 点击元素：('xpath', "//div[@class='el-form-item is-required el-form-item--medium']//label[contains(text(),'网络制式')]/following-sibling::div//input[@placeholder='请选择']") (basics.py:191)
[2022-08-12 13:59:41] [    INFO] 查找元素：['xpath', "//div[@x-placement='bottom-start']//li[4]"] (basics.py:107)
[2022-08-12 13:59:41] [    INFO] 选择点击：['xpath', "//div[@x-placement='bottom-start']//li[4]"] (basics.py:188)
[2022-08-12 13:59:41] [    INFO] 网络制式：5G (DRPDataMgmt_ModelDatabase.py:168)
[2022-08-12 13:59:42] [    INFO] 查找元素：('xpath', "//label[contains(text(),'市场名')]/following-sibling::div//input[@placeholder='请输入']") (basics.py:107)
[2022-08-12 13:59:42] [    INFO] 输入文本：India (basics.py:155)
[2022-08-12 13:59:42] [    INFO] 市场名：India (DRPDataMgmt_ModelDatabase.py:173)
[2022-08-12 13:59:43] [    INFO] 查找元素：('xpath', "//button[@type='button']//span[contains(text(),'选择')]") (basics.py:107)
[2022-08-12 13:59:43] [    INFO] 点击元素：('xpath', "//button[@type='button']//span[contains(text(),'选择')]") (basics.py:191)
[2022-08-12 13:59:43] [    INFO] 打开颜色弹窗 (DRPDataMgmt_ModelDatabase.py:179)
[2022-08-12 13:59:46] [    INFO] 查找元素：('xpath', "//input[@placeholder='请输入颜色编码或颜色名称']") (basics.py:107)
[2022-08-12 13:59:46] [    INFO] 输入文本：半透黑 (basics.py:155)
[2022-08-12 13:59:47] [    INFO] 查找元素：['xpath', "//div[@class='color-table']//div[2]/table/tbody/tr[1]/td[4]/div/button/span"] (basics.py:103)
[2022-08-12 13:59:47] [    INFO] 颜色：半透黑 (DRPDataMgmt_ModelDatabase.py:190)
[2022-08-12 13:59:47] [    INFO] 查找元素：('xpath', "//div[contains(@class,'wrapper-info')]//div//div[contains(@class,'el-dialog__wrapper')]//div[contains(@aria-label,'选择机型颜色')]//div[contains(@class,'el-dialog__footer')]//span[contains(@class,'dialog-footer')]//div//span[contains(text(),'保存')]") (basics.py:107)
[2022-08-12 13:59:48] [    INFO] 点击元素：('xpath', "//div[contains(@class,'wrapper-info')]//div//div[contains(@class,'el-dialog__wrapper')]//div[contains(@aria-label,'选择机型颜色')]//div[contains(@class,'el-dialog__footer')]//span[contains(@class,'dialog-footer')]//div//span[contains(text(),'保存')]") (basics.py:191)
[2022-08-12 13:59:48] [    INFO] 点击颜色保存按钮 (DRPDataMgmt_ModelDatabase.py:195)
[2022-08-12 13:59:48] [    INFO] 查找元素：('xpath', "//div[@class='el-form-item is-required el-form-item--medium']//label[contains(text(),'状态')]/following-sibling::div//input[@placeholder='请选择']") (basics.py:107)
[2022-08-12 13:59:48] [    INFO] 点击元素：('xpath', "//div[@class='el-form-item is-required el-form-item--medium']//label[contains(text(),'状态')]/following-sibling::div//input[@placeholder='请选择']") (basics.py:191)
[2022-08-12 13:59:51] [    INFO] 查找元素：['xpath', "//div[@x-placement='bottom-start']//li[2]"] (basics.py:107)
[2022-08-12 13:59:51] [    INFO] 选择点击：['xpath', "//div[@x-placement='bottom-start']//li[2]"] (basics.py:188)
[2022-08-12 13:59:51] [    INFO] 状态：MP (DRPDataMgmt_ModelDatabase.py:210)
[2022-08-12 13:59:51] [    INFO] 查找元素：('xpath', "//div[@class='tr-form-row el-row']//span[contains(text(),'确定')]") (basics.py:107)
[2022-08-12 13:59:51] [    INFO] 点击元素：('xpath', "//div[@class='tr-form-row el-row']//span[contains(text(),'确定')]") (basics.py:191)
[2022-08-12 13:59:51] [    INFO] 新增保存成功 (DRPDataMgmt_ModelDatabase.py:254)
[2022-08-12 13:59:51] [    INFO] 查找元素：('xpath', "//div[@class='btn-tool-info']//button[@type='button']//span[contains(text(),'筛选')]") (basics.py:107)
[2022-08-12 13:59:52] [    INFO] 点击元素：('xpath', "//div[@class='btn-tool-info']//button[@type='button']//span[contains(text(),'筛选')]") (basics.py:191)
[2022-08-12 13:59:53] [    INFO] 打开筛选框 (DRPDataMgmt_ModelDatabase.py:51)
[2022-08-12 13:59:54] [    INFO] 查找元素：('xpath', "//div[@class='el-form-item el-form-item--medium']//label[@for='brandCode']/following-sibling::div//input[@placeholder='请选择']") (basics.py:107)
[2022-08-12 13:59:54] [    INFO] 点击元素：('xpath', "//div[@class='el-form-item el-form-item--medium']//label[@for='brandCode']/following-sibling::div//input[@placeholder='请选择']") (basics.py:191)
[2022-08-12 13:59:56] [    INFO] 查找元素：['xpath', "//div[@x-placement='bottom-start']//li[2]"] (basics.py:107)
[2022-08-12 13:59:56] [    INFO] 选择点击：['xpath', "//div[@x-placement='bottom-start']//li[2]"] (basics.py:188)
[2022-08-12 13:59:56] [    INFO] 筛选品牌：itel (DRPDataMgmt_ModelDatabase.py:299)
[2022-08-12 13:59:56] [    INFO] 查找元素：('xpath', "//div[@class='el-form-item el-form-item--medium']//label[@for='seriesSenior']/following-sibling::div//input[@placeholder='请选择']") (basics.py:107)
[2022-08-12 13:59:57] [    INFO] 点击元素：('xpath', "//div[@class='el-form-item el-form-item--medium']//label[@for='seriesSenior']/following-sibling::div//input[@placeholder='请选择']") (basics.py:191)
[2022-08-12 13:59:59] [    INFO] 查找元素：['xpath', "//div[@x-placement='bottom-start']//li[2]"] (basics.py:107)
[2022-08-12 13:59:59] [    INFO] 选择点击：['xpath', "//div[@x-placement='bottom-start']//li[2]"] (basics.py:188)
[2022-08-12 13:59:59] [    INFO] 筛选大类粗：智能机 (DRPDataMgmt_ModelDatabase.py:310)
[2022-08-12 14:00:00] [    INFO] 查找元素：('xpath', "//div[@class='el-form-item el-form-item--medium']//label[@for='modelName']/following-sibling::div//input[@placeholder='请输入关键字']") (basics.py:107)
[2022-08-12 14:00:00] [    INFO] 输入文本：S11 64+4 (basics.py:155)
[2022-08-12 14:00:02] [    INFO] 查找元素：['xpath', "//li[@class='el-select-dropdown__item']//span[text()='S11 64+4']"] (basics.py:107)
[2022-08-12 14:00:02] [    INFO] 选择点击：['xpath', "//li[@class='el-select-dropdown__item']//span[text()='S11 64+4']"] (basics.py:188)
[2022-08-12 14:00:02] [    INFO] 筛选机型：S11 64+4 (DRPDataMgmt_ModelDatabase.py:338)
[2022-08-12 14:00:03] [    INFO] 查找元素：('xpath', "//div[@class='el-form-item el-form-item--medium']//label[@for='marketName']/following-sibling::div//input[@placeholder='请输入关键字']") (basics.py:107)
[2022-08-12 14:00:03] [    INFO] 输入文本：India (basics.py:155)
[2022-08-12 14:00:05] [    INFO] 查找元素：['xpath', "//li[@class='el-select-dropdown__item']//span[text()='India']"] (basics.py:107)
[2022-08-12 14:00:05] [    INFO] 选择点击：['xpath', "//li[@class='el-select-dropdown__item']//span[text()='India']"] (basics.py:188)
[2022-08-12 14:00:05] [    INFO] 筛选市场名：India (DRPDataMgmt_ModelDatabase.py:344)
[2022-08-12 14:00:06] [    INFO] 查找元素：('xpath', "//div[@class='el-form-item el-form-item--medium']//label[@for='projectSeries']/following-sibling::div//input[@placeholder='请输入关键字']") (basics.py:107)
[2022-08-12 14:00:06] [    INFO] 输入文本：A (basics.py:155)
[2022-08-12 14:00:08] [    INFO] 查找元素：['xpath', "//li[@class='el-select-dropdown__item']//span[text()='A']"] (basics.py:107)
[2022-08-12 14:00:08] [    INFO] 选择点击：['xpath', "//li[@class='el-select-dropdown__item']//span[text()='A']"] (basics.py:188)
[2022-08-12 14:00:08] [    INFO] 筛选系列：A (DRPDataMgmt_ModelDatabase.py:350)
[2022-08-12 14:00:08] [    INFO] 查找元素：('xpath', "//div[@class='el-form-item el-form-item--medium']//label[@for='modelCode']/following-sibling::div//input[@placeholder='请输入关键字']") (basics.py:107)
[2022-08-12 14:00:08] [    INFO] 输入文本：S11 (basics.py:155)
[2022-08-12 14:00:10] [    INFO] 查找元素：['xpath', "//li[@class='el-select-dropdown__item']//span[text()='S11']"] (basics.py:107)
[2022-08-12 14:00:11] [    INFO] 选择点击：['xpath', "//li[@class='el-select-dropdown__item']//span[text()='S11']"] (basics.py:188)
[2022-08-12 14:00:11] [    INFO] 筛选项目名：S11 (DRPDataMgmt_ModelDatabase.py:356)
[2022-08-12 14:00:11] [    INFO] 查找元素：('xpath', "//div[@class='el-form-item el-form-item--medium']//label[@for='fstatus']/following-sibling::div//input[@placeholder='请选择']") (basics.py:107)
[2022-08-12 14:00:11] [    INFO] 点击元素：('xpath', "//div[@class='el-form-item el-form-item--medium']//label[@for='fstatus']/following-sibling::div//input[@placeholder='请选择']") (basics.py:191)
[2022-08-12 14:00:13] [    INFO] 查找元素：['xpath', "//div[@x-placement='bottom-start']//li[2]"] (basics.py:107)
[2022-08-12 14:00:13] [    INFO] 选择点击：['xpath', "//div[@x-placement='bottom-start']//li[2]"] (basics.py:188)
[2022-08-12 14:00:13] [    INFO] 筛选状态：MP (DRPDataMgmt_ModelDatabase.py:371)
[2022-08-12 14:00:13] [    INFO] 查找元素：('xpath', "//div[@class='el-form-item el-form-item--medium']//label[@for='origin']/following-sibling::div//input[@placeholder='请选择']") (basics.py:107)
[2022-08-12 14:00:13] [    INFO] 点击元素：('xpath', "//div[@class='el-form-item el-form-item--medium']//label[@for='origin']/following-sibling::div//input[@placeholder='请选择']") (basics.py:191)
[2022-08-12 14:00:16] [    INFO] 查找元素：['xpath', "//div[@x-placement='bottom-start']//li[1]"] (basics.py:107)
[2022-08-12 14:00:16] [    INFO] 选择点击：['xpath', "//div[@x-placement='bottom-start']//li[1]"] (basics.py:188)
[2022-08-12 14:00:16] [    INFO] 筛选来源：数仓 (DRPDataMgmt_ModelDatabase.py:382)
[2022-08-12 14:00:16] [    INFO] 查找元素：('xpath', "//div[@class='el-form-item el-form-item--medium']//label[@for='supplyType']/following-sibling::div//input[@placeholder='请选择']") (basics.py:107)
[2022-08-12 14:00:16] [    INFO] 点击元素：('xpath', "//div[@class='el-form-item el-form-item--medium']//label[@for='supplyType']/following-sibling::div//input[@placeholder='请选择']") (basics.py:191)
[2022-08-12 14:00:19] [    INFO] 查找元素：['xpath', "//div[@x-placement='bottom-start']//li[1]"] (basics.py:107)
[2022-08-12 14:00:19] [    INFO] 选择点击：['xpath', "//div[@x-placement='bottom-start']//li[1]"] (basics.py:188)
[2022-08-12 14:00:19] [    INFO] 筛选供应类型：自研 (DRPDataMgmt_ModelDatabase.py:393)
[2022-08-12 14:00:19] [    INFO] 查找元素：('xpath', "//div[@class='screen-btns']//button//span[contains(text(),'查  询')]") (basics.py:107)
[2022-08-12 14:00:19] [    INFO] 点击元素：('xpath', "//div[@class='screen-btns']//button//span[contains(text(),'查  询')]") (basics.py:191)
[2022-08-12 14:00:20] [    INFO] 筛选查询成功 (DRPDataMgmt_ModelDatabase.py:398)
[2022-08-12 14:00:20] [    INFO] 查找元素：['xpath', "//div[2]//div[3]//table[@class='el-table__body']//tbody//tr//td[22]"] (basics.py:107)
[2022-08-12 14:00:20] [    INFO] 滚动条至：['xpath', "//div[2]//div[3]//table[@class='el-table__body']//tbody//tr//td[22]"] (basics.py:173)
[2022-08-12 14:00:20] [    INFO] 查找元素：['xpath', "//div[2]//div[3]//table[@class='el-table__body']//tbody//tr//td[22]"] (basics.py:118)
[2022-08-12 14:00:20] [    INFO] 获取表格搜索结果的所有信息文本['隆江'] (DRPDataMgmt_ModelDatabase.py:424)
[2022-08-12 14:00:20] [    INFO] 断言成功，选项值包含：('隆江',) (DRPDataMgmt_ModelDatabase.py:437)
[2022-08-12 14:00:20] [    INFO] 列表操作，前置条件过滤完成 (DRPDataMgmt_ModelDatabase.py:553)
[2022-08-12 14:00:22] [    INFO] 查找元素：['xpath', "//div[@class='wrapper-tabs']//span[contains(text(),'产品信息')]"] (basics.py:107)
[2022-08-12 14:00:22] [    INFO] 选择点击：['xpath', "//div[@class='wrapper-tabs']//span[contains(text(),'产品信息')]"] (basics.py:188)
[2022-08-12 14:00:22] [    INFO] 前往菜单产品信息 (DRPDataMgmt_ModelDatabase.py:20)
[2022-08-12 14:00:22] [    INFO] 查找元素：('xpath', "//div[@class='left-btn']//button[1]") (basics.py:107)
[2022-08-12 14:00:22] [    INFO] 获取文本：新 增 (basics.py:302)
[2022-08-12 14:00:22] [    INFO] 查找元素：('xpath', "//div[@class='btn-tool-info']//button[@type='button']//span[contains(text(),'筛选')]") (basics.py:107)
[2022-08-12 14:00:22] [    INFO] 点击元素：('xpath', "//div[@class='btn-tool-info']//button[@type='button']//span[contains(text(),'筛选')]") (basics.py:191)
[2022-08-12 14:00:22] [    INFO] 打开筛选框 (DRPDataMgmt_ModelDatabase.py:51)
[2022-08-12 14:00:23] [    INFO] 查找元素：('xpath', "//div[@class='el-form-item el-form-item--medium']//label[@for='brandCode']/following-sibling::div//input[@placeholder='请选择']") (basics.py:107)
[2022-08-12 14:00:23] [    INFO] 点击元素：('xpath', "//div[@class='el-form-item el-form-item--medium']//label[@for='brandCode']/following-sibling::div//input[@placeholder='请选择']") (basics.py:191)
[2022-08-12 14:00:26] [    INFO] 查找元素：['xpath', "//div[@x-placement='bottom-start']//li[2]"] (basics.py:107)
[2022-08-12 14:00:26] [    INFO] 选择点击：['xpath', "//div[@x-placement='bottom-start']//li[2]"] (basics.py:188)
[2022-08-12 14:00:26] [    INFO] 筛选品牌：itel (DRPDataMgmt_ModelDatabase.py:299)
[2022-08-12 14:00:26] [    INFO] 查找元素：('xpath', "//div[@class='el-form-item el-form-item--medium']//label[@for='seriesSenior']/following-sibling::div//input[@placeholder='请选择']") (basics.py:107)
[2022-08-12 14:00:26] [    INFO] 点击元素：('xpath', "//div[@class='el-form-item el-form-item--medium']//label[@for='seriesSenior']/following-sibling::div//input[@placeholder='请选择']") (basics.py:191)
[2022-08-12 14:00:28] [    INFO] 查找元素：['xpath', "//div[@x-placement='bottom-start']//li[2]"] (basics.py:107)
[2022-08-12 14:00:28] [    INFO] 选择点击：['xpath', "//div[@x-placement='bottom-start']//li[2]"] (basics.py:188)
[2022-08-12 14:00:28] [    INFO] 筛选大类粗：智能机 (DRPDataMgmt_ModelDatabase.py:310)
[2022-08-12 14:00:28] [    INFO] 查找元素：('xpath', "//div[@role='tooltip']//label[@for='seriesJunior'][contains(text(),'大类细')]/following-sibling::div//input[@placeholder='请选择']") (basics.py:107)
[2022-08-12 14:00:29] [    INFO] 点击元素：('xpath', "//div[@role='tooltip']//label[@for='seriesJunior'][contains(text(),'大类细')]/following-sibling::div//input[@placeholder='请选择']") (basics.py:191)
[2022-08-12 14:00:31] [    INFO] 查找元素：['xpath', "//div[@x-placement='bottom-start']//li[2]"] (basics.py:107)
[2022-08-12 14:00:31] [    INFO] 选择点击：['xpath', "//div[@x-placement='bottom-start']//li[2]"] (basics.py:188)
[2022-08-12 14:00:31] [    INFO] 筛选大类细：中端SP (DRPDataMgmt_ModelDatabase.py:323)
[2022-08-12 14:00:32] [    INFO] 查找元素：('xpath', "//div[@class='el-form-item el-form-item--medium']//label[@for='modelName']/following-sibling::div//input[@placeholder='请输入关键字']") (basics.py:107)
[2022-08-12 14:00:32] [    INFO] 输入文本：S11 64+4 (basics.py:155)
[2022-08-12 14:00:34] [    INFO] 查找元素：['xpath', "//li[@class='el-select-dropdown__item']//span[text()='S11 64+4']"] (basics.py:107)
