[2022-08-31 12:28:45] [    INFO] 【TBM】项目【test】环境- UI自动化开始执行 (conftest.py:17)
[2022-08-31 12:28:45] [    INFO] 前置条件：传音统一登录开始 (conftest.py:21)
[2022-08-31 12:28:47] [    INFO] 打开网页：http://bom-sit.transsion.com/#/process/home-page (basics.py:63)
[2022-08-31 12:28:47] [    INFO] 查找元素：('xpath', "//div[@role='button']") (basics.py:106)
[2022-08-31 12:28:47] [    INFO] 点击元素：('xpath', "//div[@role='button']") (basics.py:206)
[2022-08-31 12:28:52] [    INFO] 查找元素：['xpath', "//*[contains(@id,'dropdown-menu-')]//li[1]"] (basics.py:106)
[2022-08-31 12:28:53] [    INFO] 查找元素：('xpath', "//div[@role='button']") (basics.py:106)
[2022-08-31 12:28:53] [    INFO] 点击元素：('xpath', "//div[@role='button']") (basics.py:206)
[2022-08-31 12:28:53] [    INFO] 查找元素：('id', 'tab-account') (basics.py:106)
[2022-08-31 12:28:53] [    INFO] 点击元素：('id', 'tab-account') (basics.py:206)
[2022-08-31 12:28:54] [    INFO] 查找元素：('xpath', "//*[@id='pane-account']/form/div[1]/div/div[1]/input") (basics.py:106)
[2022-08-31 12:28:55] [    INFO] 输入文本：18645960 (basics.py:137)
[2022-08-31 12:28:56] [    INFO] 查找元素：('xpath', "//*[@id='pane-account']/form/div[2]/div/div[1]/input") (basics.py:106)
[2022-08-31 12:28:56] [    INFO] 输入文本：xLily6x (basics.py:137)
[2022-08-31 12:28:57] [    INFO] 查找元素：('xpath', "//span[text()='我已阅读并接受']/../label/span/span") (basics.py:106)
[2022-08-31 12:28:57] [    INFO] 获取状态：False (basics.py:330)
[2022-08-31 12:28:57] [    INFO] 查找元素：('xpath', "//span[text()='我已阅读并接受']/../label/span/span") (basics.py:106)
[2022-08-31 12:28:57] [    INFO] 点击元素：('xpath', "//span[text()='我已阅读并接受']/../label/span/span") (basics.py:206)
[2022-08-31 12:28:58] [    INFO] 查找元素：('xpath', "//*[@id='pane-account']/form/button") (basics.py:106)
[2022-08-31 12:28:58] [    INFO] 点击元素：('xpath', "//*[@id='pane-account']/form/button") (basics.py:206)
[2022-08-31 12:29:04] [   ERROR] 正在截图... (basics.py:449)
[2022-08-31 12:29:05] [   ERROR] 日志正在附加截图... (basics.py:456)
[2022-08-31 12:29:05] [   ERROR] 日志附加截图成功 (basics.py:460)
[2022-08-31 12:29:05] [    INFO] 断言成功：页面存在该标识首页 | 关键字:首页 (assert_ui.py:167)
[2022-08-31 12:29:05] [    INFO] 前置条件：传音统一登录成功 (conftest.py:25)
[2022-08-31 12:29:05] [    INFO] 查找元素：['xpath', "//span[@class='meta-title' and contains(text(),'BOM协作')]"] (basics.py:102)
[2022-08-31 12:29:05] [    INFO] 点击元素：('xpath', "//span[@class='meta-title' and contains(text(),'BOM协作')]")BOM协作 (basics.py:565)
[2022-08-31 12:29:05] [    INFO] 点击一级菜单：BOM协作 (BOM2.py:31)
[2022-08-31 12:29:05] [    INFO] 查找元素：['xpath', "//div[@class='menu-wrapper nest-menu']//span[contains(text(),'整机BOM协作')]"] (basics.py:102)
[2022-08-31 12:29:06] [    INFO] 点击元素：('xpath', "//div[@class='menu-wrapper nest-menu']//span[contains(text(),'整机BOM协作')]")整机BOM协作 (basics.py:565)
[2022-08-31 12:29:06] [    INFO] 点击二级菜单：整机BOM协作 (BOM2.py:33)
[2022-08-31 12:29:07] [    INFO] 刷新页面 (basics.py:337)
[2022-08-31 12:29:07] [    INFO] 查找元素：('xpath', "//button//span[contains(text(),'新增')]") (basics.py:106)
[2022-08-31 12:29:08] [    INFO] 点击元素：('xpath', "//button//span[contains(text(),'新增')]")None (basics.py:565)
[2022-08-31 12:30:27] [    INFO] 【TBM】项目【test】环境- UI自动化开始执行 (conftest.py:17)
[2022-08-31 12:30:27] [    INFO] 前置条件：传音统一登录开始 (conftest.py:21)
[2022-08-31 12:30:29] [    INFO] 打开网页：http://bom-sit.transsion.com/#/process/home-page (basics.py:63)
[2022-08-31 12:30:29] [    INFO] 查找元素：('xpath', "//div[@role='button']") (basics.py:106)
[2022-08-31 12:30:29] [    INFO] 点击元素：('xpath', "//div[@role='button']") (basics.py:206)
[2022-08-31 12:30:34] [    INFO] 查找元素：['xpath', "//*[contains(@id,'dropdown-menu-')]//li[1]"] (basics.py:106)
[2022-08-31 12:30:35] [    INFO] 查找元素：('xpath', "//div[@role='button']") (basics.py:106)
[2022-08-31 12:30:35] [    INFO] 点击元素：('xpath', "//div[@role='button']") (basics.py:206)
[2022-08-31 12:30:36] [    INFO] 查找元素：('id', 'tab-account') (basics.py:106)
[2022-08-31 12:30:36] [    INFO] 点击元素：('id', 'tab-account') (basics.py:206)
[2022-08-31 12:30:37] [    INFO] 查找元素：('xpath', "//*[@id='pane-account']/form/div[1]/div/div[1]/input") (basics.py:106)
[2022-08-31 12:30:37] [    INFO] 输入文本：18645960 (basics.py:137)
[2022-08-31 12:30:38] [    INFO] 查找元素：('xpath', "//*[@id='pane-account']/form/div[2]/div/div[1]/input") (basics.py:106)
[2022-08-31 12:30:38] [    INFO] 输入文本：xLily6x (basics.py:137)
[2022-08-31 12:30:39] [    INFO] 查找元素：('xpath', "//span[text()='我已阅读并接受']/../label/span/span") (basics.py:106)
[2022-08-31 12:30:39] [    INFO] 获取状态：False (basics.py:330)
[2022-08-31 12:30:39] [    INFO] 查找元素：('xpath', "//span[text()='我已阅读并接受']/../label/span/span") (basics.py:106)
[2022-08-31 12:30:39] [    INFO] 点击元素：('xpath', "//span[text()='我已阅读并接受']/../label/span/span") (basics.py:206)
[2022-08-31 12:30:40] [    INFO] 查找元素：('xpath', "//*[@id='pane-account']/form/button") (basics.py:106)
[2022-08-31 12:30:40] [    INFO] 点击元素：('xpath', "//*[@id='pane-account']/form/button") (basics.py:206)
[2022-08-31 12:30:47] [   ERROR] 正在截图... (basics.py:449)
[2022-08-31 12:30:47] [   ERROR] 日志正在附加截图... (basics.py:456)
[2022-08-31 12:30:47] [   ERROR] 日志附加截图成功 (basics.py:460)
[2022-08-31 12:30:47] [    INFO] 断言成功：页面存在该标识首页 | 关键字:首页 (assert_ui.py:167)
[2022-08-31 12:30:47] [    INFO] 前置条件：传音统一登录成功 (conftest.py:25)
[2022-08-31 12:30:47] [    INFO] 查找元素：['xpath', "//span[@class='meta-title' and contains(text(),'BOM协作')]"] (basics.py:102)
[2022-08-31 12:30:47] [    INFO] 点击元素：('xpath', "//span[@class='meta-title' and contains(text(),'BOM协作')]")BOM协作 (basics.py:565)
[2022-08-31 12:30:47] [    INFO] 点击一级菜单：BOM协作 (BOM2.py:31)
[2022-08-31 12:30:47] [    INFO] 查找元素：['xpath', "//div[@class='menu-wrapper nest-menu']//span[contains(text(),'整机BOM协作')]"] (basics.py:102)
[2022-08-31 12:30:48] [    INFO] 点击元素：('xpath', "//div[@class='menu-wrapper nest-menu']//span[contains(text(),'整机BOM协作')]")整机BOM协作 (basics.py:565)
[2022-08-31 12:30:48] [    INFO] 点击二级菜单：整机BOM协作 (BOM2.py:33)
[2022-08-31 12:30:49] [    INFO] 刷新页面 (basics.py:337)
[2022-08-31 12:30:49] [    INFO] 查找元素：('xpath', "//button//span[contains(text(),'新增')]") (basics.py:106)
[2022-08-31 12:30:50] [    INFO] 点击元素：('xpath', "//button//span[contains(text(),'新增')]")None (basics.py:565)
[2022-08-31 12:32:28] [    INFO] 【TBM】项目【test】环境- UI自动化开始执行 (conftest.py:17)
[2022-08-31 12:32:28] [    INFO] 前置条件：传音统一登录开始 (conftest.py:21)
[2022-08-31 12:32:30] [    INFO] 打开网页：http://bom-sit.transsion.com/#/process/home-page (basics.py:63)
[2022-08-31 12:32:30] [    INFO] 查找元素：('xpath', "//div[@role='button']") (basics.py:106)
[2022-08-31 12:32:30] [    INFO] 点击元素：('xpath', "//div[@role='button']") (basics.py:206)
[2022-08-31 12:32:35] [    INFO] 查找元素：['xpath', "//*[contains(@id,'dropdown-menu-')]//li[1]"] (basics.py:106)
[2022-08-31 12:32:36] [    INFO] 查找元素：('xpath', "//div[@role='button']") (basics.py:106)
[2022-08-31 12:32:36] [    INFO] 点击元素：('xpath', "//div[@role='button']") (basics.py:206)
[2022-08-31 12:32:36] [    INFO] 查找元素：('id', 'tab-account') (basics.py:106)
[2022-08-31 12:32:36] [    INFO] 点击元素：('id', 'tab-account') (basics.py:206)
[2022-08-31 12:32:37] [    INFO] 查找元素：('xpath', "//*[@id='pane-account']/form/div[1]/div/div[1]/input") (basics.py:106)
[2022-08-31 12:32:38] [    INFO] 输入文本：18645960 (basics.py:137)
[2022-08-31 12:32:39] [    INFO] 查找元素：('xpath', "//*[@id='pane-account']/form/div[2]/div/div[1]/input") (basics.py:106)
[2022-08-31 12:32:39] [    INFO] 输入文本：xLily6x (basics.py:137)
[2022-08-31 12:32:40] [    INFO] 查找元素：('xpath', "//span[text()='我已阅读并接受']/../label/span/span") (basics.py:106)
[2022-08-31 12:32:40] [    INFO] 获取状态：False (basics.py:330)
[2022-08-31 12:32:40] [    INFO] 查找元素：('xpath', "//span[text()='我已阅读并接受']/../label/span/span") (basics.py:106)
[2022-08-31 12:32:40] [    INFO] 点击元素：('xpath', "//span[text()='我已阅读并接受']/../label/span/span") (basics.py:206)
[2022-08-31 12:32:41] [    INFO] 查找元素：('xpath', "//*[@id='pane-account']/form/button") (basics.py:106)
[2022-08-31 12:32:41] [    INFO] 点击元素：('xpath', "//*[@id='pane-account']/form/button") (basics.py:206)
[2022-08-31 12:32:47] [   ERROR] 正在截图... (basics.py:449)
[2022-08-31 12:32:48] [   ERROR] 日志正在附加截图... (basics.py:456)
[2022-08-31 12:32:48] [   ERROR] 日志附加截图成功 (basics.py:460)
[2022-08-31 12:32:48] [    INFO] 断言成功：页面存在该标识首页 | 关键字:首页 (assert_ui.py:167)
[2022-08-31 12:32:48] [    INFO] 前置条件：传音统一登录成功 (conftest.py:25)
[2022-08-31 12:32:48] [    INFO] 查找元素：['xpath', "//span[@class='meta-title' and contains(text(),'BOM协作')]"] (basics.py:102)
[2022-08-31 12:32:48] [    INFO] 点击元素：('xpath', "//span[@class='meta-title' and contains(text(),'BOM协作')]")BOM协作 (basics.py:565)
[2022-08-31 12:32:48] [    INFO] 点击一级菜单：BOM协作 (BOM2.py:31)
[2022-08-31 12:32:48] [    INFO] 查找元素：['xpath', "//div[@class='menu-wrapper nest-menu']//span[contains(text(),'整机BOM协作')]"] (basics.py:102)
[2022-08-31 12:32:49] [    INFO] 点击元素：('xpath', "//div[@class='menu-wrapper nest-menu']//span[contains(text(),'整机BOM协作')]")整机BOM协作 (basics.py:565)
[2022-08-31 12:32:49] [    INFO] 点击二级菜单：整机BOM协作 (BOM2.py:33)
[2022-08-31 12:32:50] [    INFO] 刷新页面 (basics.py:337)
[2022-08-31 12:32:50] [    INFO] 查找元素：('xpath', "//button//span[contains(text(),'新增')]") (basics.py:106)
[2022-08-31 12:32:51] [    INFO] 点击元素：('xpath', "//button//span[contains(text(),'新增')]")None (basics.py:565)
[2022-08-31 12:35:14] [    INFO] 【TBM】项目【test】环境- UI自动化开始执行 (conftest.py:17)
[2022-08-31 12:35:14] [    INFO] 前置条件：传音统一登录开始 (conftest.py:21)
[2022-08-31 12:35:16] [    INFO] 打开网页：http://bom-sit.transsion.com/#/process/home-page (basics.py:63)
[2022-08-31 12:35:16] [    INFO] 查找元素：('xpath', "//div[@role='button']") (basics.py:106)
[2022-08-31 12:35:16] [    INFO] 点击元素：('xpath', "//div[@role='button']") (basics.py:206)
[2022-08-31 12:35:21] [    INFO] 查找元素：['xpath', "//*[contains(@id,'dropdown-menu-')]//li[1]"] (basics.py:106)
[2022-08-31 12:35:22] [    INFO] 查找元素：('xpath', "//div[@role='button']") (basics.py:106)
[2022-08-31 12:35:22] [    INFO] 点击元素：('xpath', "//div[@role='button']") (basics.py:206)
[2022-08-31 12:35:22] [    INFO] 查找元素：('id', 'tab-account') (basics.py:106)
[2022-08-31 12:35:23] [    INFO] 点击元素：('id', 'tab-account') (basics.py:206)
[2022-08-31 12:35:24] [    INFO] 查找元素：('xpath', "//*[@id='pane-account']/form/div[1]/div/div[1]/input") (basics.py:106)
[2022-08-31 12:35:24] [    INFO] 输入文本：18645960 (basics.py:137)
[2022-08-31 12:35:25] [    INFO] 查找元素：('xpath', "//*[@id='pane-account']/form/div[2]/div/div[1]/input") (basics.py:106)
[2022-08-31 12:35:25] [    INFO] 输入文本：xLily6x (basics.py:137)
[2022-08-31 12:35:26] [    INFO] 查找元素：('xpath', "//span[text()='我已阅读并接受']/../label/span/span") (basics.py:106)
[2022-08-31 12:35:26] [    INFO] 获取状态：False (basics.py:330)
[2022-08-31 12:35:26] [    INFO] 查找元素：('xpath', "//span[text()='我已阅读并接受']/../label/span/span") (basics.py:106)
[2022-08-31 12:35:26] [    INFO] 点击元素：('xpath', "//span[text()='我已阅读并接受']/../label/span/span") (basics.py:206)
[2022-08-31 12:35:27] [    INFO] 查找元素：('xpath', "//*[@id='pane-account']/form/button") (basics.py:106)
[2022-08-31 12:35:27] [    INFO] 点击元素：('xpath', "//*[@id='pane-account']/form/button") (basics.py:206)
[2022-08-31 12:35:34] [   ERROR] 正在截图... (basics.py:449)
[2022-08-31 12:35:34] [   ERROR] 日志正在附加截图... (basics.py:456)
[2022-08-31 12:35:34] [   ERROR] 日志附加截图成功 (basics.py:460)
[2022-08-31 12:35:34] [    INFO] 断言成功：页面存在该标识首页 | 关键字:首页 (assert_ui.py:167)
[2022-08-31 12:35:34] [    INFO] 前置条件：传音统一登录成功 (conftest.py:25)
[2022-08-31 12:35:34] [    INFO] 查找元素：['xpath', "//span[@class='meta-title' and contains(text(),'BOM协作')]"] (basics.py:102)
[2022-08-31 12:35:34] [    INFO] 点击元素：('xpath', "//span[@class='meta-title' and contains(text(),'BOM协作')]")BOM协作 (basics.py:565)
[2022-08-31 12:35:34] [    INFO] 点击一级菜单：BOM协作 (BOM2.py:31)
[2022-08-31 12:35:34] [    INFO] 查找元素：['xpath', "//div[@class='menu-wrapper nest-menu']//span[contains(text(),'整机BOM协作')]"] (basics.py:102)
[2022-08-31 12:35:35] [    INFO] 点击元素：('xpath', "//div[@class='menu-wrapper nest-menu']//span[contains(text(),'整机BOM协作')]")整机BOM协作 (basics.py:565)
[2022-08-31 12:35:35] [    INFO] 点击二级菜单：整机BOM协作 (BOM2.py:33)
[2022-08-31 12:35:36] [    INFO] 刷新页面 (basics.py:337)
[2022-08-31 12:35:36] [    INFO] 查找元素：('xpath', "//button//span[contains(text(),'新增')]") (basics.py:106)
[2022-08-31 12:35:37] [    INFO] 点击元素：('xpath', "//button//span[contains(text(),'新增')]")None (basics.py:565)
[2022-08-31 12:38:35] [    INFO] 【TBM】项目【test】环境- UI自动化开始执行 (conftest.py:17)
[2022-08-31 12:38:35] [    INFO] 前置条件：传音统一登录开始 (conftest.py:21)
[2022-08-31 12:38:38] [    INFO] 打开网页：http://bom-sit.transsion.com/#/process/home-page (basics.py:63)
[2022-08-31 12:38:38] [    INFO] 查找元素：('xpath', "//div[@role='button']") (basics.py:106)
[2022-08-31 12:38:38] [    INFO] 点击元素：('xpath', "//div[@role='button']") (basics.py:206)
[2022-08-31 12:38:42] [    INFO] 查找元素：['xpath', "//*[contains(@id,'dropdown-menu-')]//li[1]"] (basics.py:106)
[2022-08-31 12:38:43] [    INFO] 查找元素：('xpath', "//div[@role='button']") (basics.py:106)
[2022-08-31 12:38:43] [    INFO] 点击元素：('xpath', "//div[@role='button']") (basics.py:206)
[2022-08-31 12:38:44] [    INFO] 查找元素：('id', 'tab-account') (basics.py:106)
[2022-08-31 12:38:44] [    INFO] 点击元素：('id', 'tab-account') (basics.py:206)
[2022-08-31 12:38:45] [    INFO] 查找元素：('xpath', "//*[@id='pane-account']/form/div[1]/div/div[1]/input") (basics.py:106)
[2022-08-31 12:38:45] [    INFO] 输入文本：18645960 (basics.py:137)
[2022-08-31 12:38:47] [    INFO] 查找元素：('xpath', "//*[@id='pane-account']/form/div[2]/div/div[1]/input") (basics.py:106)
[2022-08-31 12:38:47] [    INFO] 输入文本：xLily6x (basics.py:137)
[2022-08-31 12:38:48] [    INFO] 查找元素：('xpath', "//span[text()='我已阅读并接受']/../label/span/span") (basics.py:106)
[2022-08-31 12:38:48] [    INFO] 获取状态：False (basics.py:330)
[2022-08-31 12:38:48] [    INFO] 查找元素：('xpath', "//span[text()='我已阅读并接受']/../label/span/span") (basics.py:106)
[2022-08-31 12:38:48] [    INFO] 点击元素：('xpath', "//span[text()='我已阅读并接受']/../label/span/span") (basics.py:206)
[2022-08-31 12:38:48] [    INFO] 查找元素：('xpath', "//*[@id='pane-account']/form/button") (basics.py:106)
[2022-08-31 12:38:48] [    INFO] 点击元素：('xpath', "//*[@id='pane-account']/form/button") (basics.py:206)
[2022-08-31 12:38:55] [   ERROR] 正在截图... (basics.py:449)
[2022-08-31 12:38:55] [   ERROR] 日志正在附加截图... (basics.py:456)
[2022-08-31 12:38:55] [   ERROR] 日志附加截图成功 (basics.py:460)
[2022-08-31 12:38:55] [    INFO] 断言成功：页面存在该标识首页 | 关键字:首页 (assert_ui.py:167)
[2022-08-31 12:38:55] [    INFO] 前置条件：传音统一登录成功 (conftest.py:25)
[2022-08-31 12:38:55] [    INFO] 查找元素：['xpath', "//span[@class='meta-title' and contains(text(),'BOM协作')]"] (basics.py:102)
[2022-08-31 12:38:56] [    INFO] 点击元素：('xpath', "//span[@class='meta-title' and contains(text(),'BOM协作')]")BOM协作 (basics.py:565)
[2022-08-31 12:38:56] [    INFO] 点击一级菜单：BOM协作 (BOM2.py:31)
[2022-08-31 12:38:56] [    INFO] 查找元素：['xpath', "//div[@class='menu-wrapper nest-menu']//span[contains(text(),'整机BOM协作')]"] (basics.py:102)
[2022-08-31 12:38:56] [    INFO] 点击元素：('xpath', "//div[@class='menu-wrapper nest-menu']//span[contains(text(),'整机BOM协作')]")整机BOM协作 (basics.py:565)
[2022-08-31 12:38:56] [    INFO] 点击二级菜单：整机BOM协作 (BOM2.py:33)
[2022-08-31 12:38:58] [    INFO] 刷新页面 (basics.py:337)
[2022-08-31 12:38:58] [    INFO] 查找元素：('xpath', "//button//span[contains(text(),'新增')]") (basics.py:106)
[2022-08-31 12:38:58] [    INFO] 点击元素：('xpath', "//button//span[contains(text(),'新增')]")None (basics.py:565)
