[2022-08-08 16:03:50] [    INFO] 【DRP】项目【test】环境- UI自动化开始执行 (conftest.py:14)
[2022-08-08 16:03:50] [    INFO] 前置条件：传音统一登录开始 (conftest.py:18)
[2022-08-08 16:03:54] [    INFO] 打开网页：http://10.250.112.166:9000/# (basics.py:64)
[2022-08-08 16:03:54] [    INFO] 查找元素：('xpath', "//div[@role='button']") (basics.py:107)
[2022-08-08 16:03:54] [    INFO] 点击元素：('xpath', "//div[@role='button']") (basics.py:191)
[2022-08-08 16:03:59] [    INFO] 查找元素：['xpath', "//*[contains(@id,'dropdown-menu-')]//li[1]"] (basics.py:107)
[2022-08-08 16:04:00] [    INFO] 查找元素：('xpath', "//div[@role='button']") (basics.py:107)
[2022-08-08 16:04:00] [    INFO] 点击元素：('xpath', "//div[@role='button']") (basics.py:191)
[2022-08-08 16:04:00] [    INFO] 查找元素：('id', 'tab-account') (basics.py:107)
[2022-08-08 16:04:00] [    INFO] 点击元素：('id', 'tab-account') (basics.py:191)
[2022-08-08 16:04:01] [    INFO] 查找元素：('xpath', "//*[@id='pane-account']/form/div[1]/div/div[1]/input") (basics.py:107)
[2022-08-08 16:04:02] [    INFO] 输入文本：18649572 (basics.py:138)
[2022-08-08 16:04:03] [    INFO] 查找元素：('xpath', "//*[@id='pane-account']/form/div[2]/div/div[1]/input") (basics.py:107)
[2022-08-08 16:04:03] [    INFO] 输入文本：xLily6x (basics.py:138)
[2022-08-08 16:04:04] [    INFO] 查找元素：('xpath', "//*[@id='pane-account']/form/div[4]/label/span/span") (basics.py:107)
[2022-08-08 16:04:04] [    INFO] 获取状态：False (basics.py:311)
[2022-08-08 16:04:04] [    INFO] 查找元素：('xpath', "//*[@id='pane-account']/form/div[4]/label/span/span") (basics.py:107)
[2022-08-08 16:04:04] [    INFO] 点击元素：('xpath', "//*[@id='pane-account']/form/div[4]/label/span/span") (basics.py:191)
[2022-08-08 16:04:05] [    INFO] 查找元素：('xpath', "//*[@id='pane-account']/form/button") (basics.py:107)
[2022-08-08 16:04:05] [    INFO] 点击元素：('xpath', "//*[@id='pane-account']/form/button") (basics.py:191)
[2022-08-08 16:04:11] [    INFO] 断言成功：URL为预期一致 | URL: http://10.250.112.166:9000/#/dashboard (assert_ui.py:190)
[2022-08-08 16:04:12] [    INFO] 断言成功: 该内容存在数据列表中 | word:隆江 (assert_ui.py:294)
[2022-08-08 16:04:12] [    INFO] 前置条件：传音统一登录成功 (conftest.py:25)
[2022-08-08 16:04:12] [    INFO] 模块前置条件：前往“DRP数据管理-机型库”页面 (DRPDataMgmt_ModelDatabase.py:10)
[2022-08-08 16:04:12] [    INFO] 查找元素：('xpath', '//*[@id="app"]/div/div[1]/div[2]/div[1]/div/ul/div[9]/li/div/span') (basics.py:107)
[2022-08-08 16:04:12] [    INFO] 点击元素：('xpath', '//*[@id="app"]/div/div[1]/div[2]/div[1]/div/ul/div[9]/li/div/span') (basics.py:191)
[2022-08-08 16:04:12] [    INFO] 查找元素：('xpath', "//li[@role='menuitem']//span[contains(text(),'机型库')]") (basics.py:107)
[2022-08-08 16:04:12] [    INFO] 点击元素：('xpath', "//li[@role='menuitem']//span[contains(text(),'机型库')]") (basics.py:191)
[2022-08-08 16:04:15] [    INFO] 断言成功：URL为预期一致 | URL: http://10.250.112.166:9000/#/dataManage/modelLibrary (assert_ui.py:190)
[2022-08-08 16:04:15] [    INFO] 查找元素：['xpath', "//div[2]//div[3]//table[@class='el-table__body']//tbody//tr//td[22]"] (basics.py:118)
[2022-08-08 16:04:58] [    INFO] 【DRP】项目【test】环境- UI自动化开始执行 (conftest.py:14)
[2022-08-08 16:04:58] [    INFO] 前置条件：传音统一登录开始 (conftest.py:18)
[2022-08-08 16:05:02] [    INFO] 打开网页：http://10.250.112.166:9000/# (basics.py:64)
[2022-08-08 16:05:02] [    INFO] 查找元素：('xpath', "//div[@role='button']") (basics.py:107)
[2022-08-08 16:05:02] [    INFO] 点击元素：('xpath', "//div[@role='button']") (basics.py:191)
[2022-08-08 16:05:06] [    INFO] 查找元素：['xpath', "//*[contains(@id,'dropdown-menu-')]//li[1]"] (basics.py:107)
[2022-08-08 16:05:07] [    INFO] 查找元素：('xpath', "//div[@role='button']") (basics.py:107)
[2022-08-08 16:05:07] [    INFO] 点击元素：('xpath', "//div[@role='button']") (basics.py:191)
[2022-08-08 16:05:08] [    INFO] 查找元素：('id', 'tab-account') (basics.py:107)
[2022-08-08 16:05:08] [    INFO] 点击元素：('id', 'tab-account') (basics.py:191)
[2022-08-08 16:05:09] [    INFO] 查找元素：('xpath', "//*[@id='pane-account']/form/div[1]/div/div[1]/input") (basics.py:107)
[2022-08-08 16:05:09] [    INFO] 输入文本：18649572 (basics.py:138)
[2022-08-08 16:05:10] [    INFO] 查找元素：('xpath', "//*[@id='pane-account']/form/div[2]/div/div[1]/input") (basics.py:107)
[2022-08-08 16:05:11] [    INFO] 输入文本：xLily6x (basics.py:138)
[2022-08-08 16:05:12] [    INFO] 查找元素：('xpath', "//*[@id='pane-account']/form/div[4]/label/span/span") (basics.py:107)
[2022-08-08 16:05:12] [    INFO] 获取状态：False (basics.py:311)
[2022-08-08 16:05:12] [    INFO] 查找元素：('xpath', "//*[@id='pane-account']/form/div[4]/label/span/span") (basics.py:107)
[2022-08-08 16:05:12] [    INFO] 点击元素：('xpath', "//*[@id='pane-account']/form/div[4]/label/span/span") (basics.py:191)
[2022-08-08 16:05:12] [    INFO] 查找元素：('xpath', "//*[@id='pane-account']/form/button") (basics.py:107)
[2022-08-08 16:05:12] [    INFO] 点击元素：('xpath', "//*[@id='pane-account']/form/button") (basics.py:191)
[2022-08-08 16:05:19] [    INFO] 断言成功：URL为预期一致 | URL: http://10.250.112.166:9000/#/dashboard (assert_ui.py:190)
[2022-08-08 16:05:19] [    INFO] 断言成功: 该内容存在数据列表中 | word:隆江 (assert_ui.py:294)
[2022-08-08 16:05:19] [    INFO] 前置条件：传音统一登录成功 (conftest.py:25)
[2022-08-08 16:05:19] [    INFO] 模块前置条件：前往“DRP数据管理-机型库”页面 (DRPDataMgmt_ModelDatabase.py:10)
[2022-08-08 16:05:19] [    INFO] 查找元素：('xpath', '//*[@id="app"]/div/div[1]/div[2]/div[1]/div/ul/div[9]/li/div/span') (basics.py:107)
[2022-08-08 16:05:19] [    INFO] 点击元素：('xpath', '//*[@id="app"]/div/div[1]/div[2]/div[1]/div/ul/div[9]/li/div/span') (basics.py:191)
[2022-08-08 16:05:20] [    INFO] 查找元素：('xpath', "//li[@role='menuitem']//span[contains(text(),'机型库')]") (basics.py:107)
[2022-08-08 16:05:55] [    INFO] 【DRP】项目【test】环境- UI自动化开始执行 (conftest.py:14)
[2022-08-08 16:05:55] [    INFO] 前置条件：传音统一登录开始 (conftest.py:18)
[2022-08-08 16:05:58] [    INFO] 打开网页：http://10.250.112.166:9000/# (basics.py:64)
[2022-08-08 16:05:58] [    INFO] 查找元素：('xpath', "//div[@role='button']") (basics.py:107)
[2022-08-08 16:05:59] [    INFO] 点击元素：('xpath', "//div[@role='button']") (basics.py:191)
[2022-08-08 16:06:03] [    INFO] 查找元素：['xpath', "//*[contains(@id,'dropdown-menu-')]//li[1]"] (basics.py:107)
[2022-08-08 16:06:04] [    INFO] 查找元素：('xpath', "//div[@role='button']") (basics.py:107)
[2022-08-08 16:06:04] [    INFO] 点击元素：('xpath', "//div[@role='button']") (basics.py:191)
[2022-08-08 16:06:05] [    INFO] 查找元素：('id', 'tab-account') (basics.py:107)
[2022-08-08 16:06:05] [    INFO] 点击元素：('id', 'tab-account') (basics.py:191)
[2022-08-08 16:06:06] [    INFO] 查找元素：('xpath', "//*[@id='pane-account']/form/div[1]/div/div[1]/input") (basics.py:107)
[2022-08-08 16:06:06] [    INFO] 输入文本：18649572 (basics.py:138)
[2022-08-08 16:06:07] [    INFO] 查找元素：('xpath', "//*[@id='pane-account']/form/div[2]/div/div[1]/input") (basics.py:107)
[2022-08-08 16:06:07] [    INFO] 输入文本：xLily6x (basics.py:138)
[2022-08-08 16:06:08] [    INFO] 查找元素：('xpath', "//*[@id='pane-account']/form/div[4]/label/span/span") (basics.py:107)
[2022-08-08 16:06:08] [    INFO] 获取状态：False (basics.py:311)
[2022-08-08 16:06:08] [    INFO] 查找元素：('xpath', "//*[@id='pane-account']/form/div[4]/label/span/span") (basics.py:107)
[2022-08-08 16:06:08] [    INFO] 点击元素：('xpath', "//*[@id='pane-account']/form/div[4]/label/span/span") (basics.py:191)
[2022-08-08 16:06:09] [    INFO] 查找元素：('xpath', "//*[@id='pane-account']/form/button") (basics.py:107)
[2022-08-08 16:06:09] [    INFO] 点击元素：('xpath', "//*[@id='pane-account']/form/button") (basics.py:191)
[2022-08-08 16:06:15] [    INFO] 断言成功：URL为预期一致 | URL: http://10.250.112.166:9000/#/dashboard (assert_ui.py:190)
[2022-08-08 16:06:16] [    INFO] 断言成功: 该内容存在数据列表中 | word:隆江 (assert_ui.py:294)
[2022-08-08 16:06:16] [    INFO] 前置条件：传音统一登录成功 (conftest.py:25)
[2022-08-08 16:06:16] [    INFO] 模块前置条件：前往“DRP数据管理-机型库”页面 (DRPDataMgmt_ModelDatabase.py:10)
[2022-08-08 16:06:16] [    INFO] 查找元素：('xpath', '//*[@id="app"]/div/div[1]/div[2]/div[1]/div/ul/div[9]/li/div/span') (basics.py:107)
[2022-08-08 16:06:16] [    INFO] 点击元素：('xpath', '//*[@id="app"]/div/div[1]/div[2]/div[1]/div/ul/div[9]/li/div/span') (basics.py:191)
[2022-08-08 16:06:16] [    INFO] 查找元素：('xpath', "//li[@role='menuitem']//span[contains(text(),'机型库')]") (basics.py:107)
[2022-08-08 16:06:16] [    INFO] 点击元素：('xpath', "//li[@role='menuitem']//span[contains(text(),'机型库')]") (basics.py:191)
[2022-08-08 16:06:19] [    INFO] 断言成功：URL为预期一致 | URL: http://10.250.112.166:9000/#/dataManage/modelLibrary (assert_ui.py:190)
[2022-08-08 16:06:19] [    INFO] 查找元素：['xpath', "//div[2]//div[3]//table[@class='el-table__body']//tbody//tr//td[22]"] (basics.py:118)
[2022-08-08 16:07:49] [    INFO] 【DRP】项目【test】环境- UI自动化开始执行 (conftest.py:14)
[2022-08-08 16:07:49] [    INFO] 前置条件：传音统一登录开始 (conftest.py:18)
[2022-08-08 16:07:52] [    INFO] 打开网页：http://10.250.112.166:9000/# (basics.py:64)
[2022-08-08 16:07:52] [    INFO] 查找元素：('xpath', "//div[@role='button']") (basics.py:107)
[2022-08-08 16:07:52] [    INFO] 点击元素：('xpath', "//div[@role='button']") (basics.py:191)
[2022-08-08 16:07:56] [    INFO] 查找元素：['xpath', "//*[contains(@id,'dropdown-menu-')]//li[1]"] (basics.py:107)
[2022-08-08 16:07:57] [    INFO] 查找元素：('xpath', "//div[@role='button']") (basics.py:107)
[2022-08-08 16:07:57] [    INFO] 点击元素：('xpath', "//div[@role='button']") (basics.py:191)
[2022-08-08 16:07:58] [    INFO] 查找元素：('id', 'tab-account') (basics.py:107)
[2022-08-08 16:07:58] [    INFO] 点击元素：('id', 'tab-account') (basics.py:191)
[2022-08-08 16:07:59] [    INFO] 查找元素：('xpath', "//*[@id='pane-account']/form/div[1]/div/div[1]/input") (basics.py:107)
[2022-08-08 16:07:59] [    INFO] 输入文本：18649572 (basics.py:138)
[2022-08-08 16:08:01] [    INFO] 查找元素：('xpath', "//*[@id='pane-account']/form/div[2]/div/div[1]/input") (basics.py:107)
[2022-08-08 16:08:01] [    INFO] 输入文本：xLily6x (basics.py:138)
[2022-08-08 16:08:02] [    INFO] 查找元素：('xpath', "//*[@id='pane-account']/form/div[4]/label/span/span") (basics.py:107)
[2022-08-08 16:08:02] [    INFO] 获取状态：False (basics.py:311)
[2022-08-08 16:08:02] [    INFO] 查找元素：('xpath', "//*[@id='pane-account']/form/div[4]/label/span/span") (basics.py:107)
[2022-08-08 16:08:02] [    INFO] 点击元素：('xpath', "//*[@id='pane-account']/form/div[4]/label/span/span") (basics.py:191)
[2022-08-08 16:08:02] [    INFO] 查找元素：('xpath', "//*[@id='pane-account']/form/button") (basics.py:107)
[2022-08-08 16:08:02] [    INFO] 点击元素：('xpath', "//*[@id='pane-account']/form/button") (basics.py:191)
[2022-08-08 16:08:09] [    INFO] 断言成功：URL为预期一致 | URL: http://10.250.112.166:9000/#/dashboard (assert_ui.py:190)
[2022-08-08 16:08:09] [    INFO] 断言成功: 该内容存在数据列表中 | word:隆江 (assert_ui.py:294)
[2022-08-08 16:08:09] [    INFO] 前置条件：传音统一登录成功 (conftest.py:25)
[2022-08-08 16:08:09] [    INFO] 模块前置条件：前往“DRP数据管理-机型库”页面 (DRPDataMgmt_ModelDatabase.py:10)
[2022-08-08 16:08:09] [    INFO] 查找元素：('xpath', '//*[@id="app"]/div/div[1]/div[2]/div[1]/div/ul/div[9]/li/div/span') (basics.py:107)
[2022-08-08 16:08:09] [    INFO] 点击元素：('xpath', '//*[@id="app"]/div/div[1]/div[2]/div[1]/div/ul/div[9]/li/div/span') (basics.py:191)
[2022-08-08 16:08:10] [    INFO] 查找元素：('xpath', "//li[@role='menuitem']//span[contains(text(),'机型库')]") (basics.py:107)
[2022-08-08 16:08:10] [    INFO] 点击元素：('xpath', "//li[@role='menuitem']//span[contains(text(),'机型库')]") (basics.py:191)
[2022-08-08 16:08:13] [    INFO] 断言成功：URL为预期一致 | URL: http://10.250.112.166:9000/#/dataManage/modelLibrary (assert_ui.py:190)
[2022-08-08 16:08:13] [    INFO] 查找元素：['xpath', "//div[2]//div[3]//table[@class='el-table__body']//tbody//tr//td[22]"] (basics.py:118)
[2022-08-08 16:09:21] [    INFO] 【DRP】项目【test】环境- UI自动化开始执行 (conftest.py:14)
[2022-08-08 16:09:21] [    INFO] 前置条件：传音统一登录开始 (conftest.py:18)
[2022-08-08 16:09:24] [    INFO] 打开网页：http://10.250.112.166:9000/# (basics.py:64)
[2022-08-08 16:09:24] [    INFO] 查找元素：('xpath', "//div[@role='button']") (basics.py:107)
[2022-08-08 16:09:24] [    INFO] 点击元素：('xpath', "//div[@role='button']") (basics.py:191)
[2022-08-08 16:09:29] [    INFO] 查找元素：['xpath', "//*[contains(@id,'dropdown-menu-')]//li[1]"] (basics.py:107)
[2022-08-08 16:09:30] [    INFO] 查找元素：('xpath', "//div[@role='button']") (basics.py:107)
[2022-08-08 16:09:30] [    INFO] 点击元素：('xpath', "//div[@role='button']") (basics.py:191)
[2022-08-08 16:09:30] [    INFO] 查找元素：('id', 'tab-account') (basics.py:107)
[2022-08-08 16:09:30] [    INFO] 点击元素：('id', 'tab-account') (basics.py:191)
[2022-08-08 16:09:31] [    INFO] 查找元素：('xpath', "//*[@id='pane-account']/form/div[1]/div/div[1]/input") (basics.py:107)
[2022-08-08 16:09:31] [    INFO] 输入文本：18649572 (basics.py:138)
[2022-08-08 16:09:33] [    INFO] 查找元素：('xpath', "//*[@id='pane-account']/form/div[2]/div/div[1]/input") (basics.py:107)
[2022-08-08 16:09:33] [    INFO] 输入文本：xLily6x (basics.py:138)
[2022-08-08 16:09:34] [    INFO] 查找元素：('xpath', "//*[@id='pane-account']/form/div[4]/label/span/span") (basics.py:107)
[2022-08-08 16:09:34] [    INFO] 获取状态：False (basics.py:310)
[2022-08-08 16:09:34] [    INFO] 查找元素：('xpath', "//*[@id='pane-account']/form/div[4]/label/span/span") (basics.py:107)
[2022-08-08 16:09:34] [    INFO] 点击元素：('xpath', "//*[@id='pane-account']/form/div[4]/label/span/span") (basics.py:191)
[2022-08-08 16:09:35] [    INFO] 查找元素：('xpath', "//*[@id='pane-account']/form/button") (basics.py:107)
[2022-08-08 16:09:35] [    INFO] 点击元素：('xpath', "//*[@id='pane-account']/form/button") (basics.py:191)
[2022-08-08 16:09:41] [    INFO] 断言成功：URL为预期一致 | URL: http://10.250.112.166:9000/#/dashboard (assert_ui.py:190)
[2022-08-08 16:09:41] [    INFO] 断言成功: 该内容存在数据列表中 | word:隆江 (assert_ui.py:294)
[2022-08-08 16:09:41] [    INFO] 前置条件：传音统一登录成功 (conftest.py:25)
[2022-08-08 16:09:41] [    INFO] 模块前置条件：前往“DRP数据管理-机型库”页面 (DRPDataMgmt_ModelDatabase.py:10)
[2022-08-08 16:09:41] [    INFO] 查找元素：('xpath', '//*[@id="app"]/div/div[1]/div[2]/div[1]/div/ul/div[9]/li/div/span') (basics.py:107)
[2022-08-08 16:09:41] [    INFO] 点击元素：('xpath', '//*[@id="app"]/div/div[1]/div[2]/div[1]/div/ul/div[9]/li/div/span') (basics.py:191)
[2022-08-08 16:09:42] [    INFO] 查找元素：('xpath', "//li[@role='menuitem']//span[contains(text(),'机型库')]") (basics.py:107)
[2022-08-08 16:09:42] [    INFO] 点击元素：('xpath', "//li[@role='menuitem']//span[contains(text(),'机型库')]") (basics.py:191)
[2022-08-08 16:09:44] [    INFO] 断言成功：URL为预期一致 | URL: http://10.250.112.166:9000/#/dataManage/modelLibrary (assert_ui.py:190)
[2022-08-08 16:09:44] [    INFO] 查找元素：['xpath', "//div[2]//div[3]//table[@class='el-table__body']//tbody//tr//td[22]"] (basics.py:118)
[2022-08-08 16:11:08] [    INFO] 【DRP】项目【test】环境- UI自动化开始执行 (conftest.py:14)
[2022-08-08 16:11:08] [    INFO] 前置条件：传音统一登录开始 (conftest.py:18)
[2022-08-08 16:11:12] [    INFO] 打开网页：http://10.250.112.166:9000/# (basics.py:64)
[2022-08-08 16:11:12] [    INFO] 查找元素：('xpath', "//div[@role='button']") (basics.py:107)
[2022-08-08 16:11:12] [    INFO] 点击元素：('xpath', "//div[@role='button']") (basics.py:191)
[2022-08-08 16:11:17] [    INFO] 查找元素：['xpath', "//*[contains(@id,'dropdown-menu-')]//li[1]"] (basics.py:107)
[2022-08-08 16:11:18] [    INFO] 查找元素：('xpath', "//div[@role='button']") (basics.py:107)
[2022-08-08 16:11:18] [    INFO] 点击元素：('xpath', "//div[@role='button']") (basics.py:191)
[2022-08-08 16:11:18] [    INFO] 查找元素：('id', 'tab-account') (basics.py:107)
[2022-08-08 16:11:18] [    INFO] 点击元素：('id', 'tab-account') (basics.py:191)
[2022-08-08 16:11:19] [    INFO] 查找元素：('xpath', "//*[@id='pane-account']/form/div[1]/div/div[1]/input") (basics.py:107)
[2022-08-08 16:11:19] [    INFO] 输入文本：18649572 (basics.py:138)
[2022-08-08 16:11:21] [    INFO] 查找元素：('xpath', "//*[@id='pane-account']/form/div[2]/div/div[1]/input") (basics.py:107)
[2022-08-08 16:11:21] [    INFO] 输入文本：xLily6x (basics.py:138)
[2022-08-08 16:11:22] [    INFO] 查找元素：('xpath', "//*[@id='pane-account']/form/div[4]/label/span/span") (basics.py:107)
[2022-08-08 16:11:22] [    INFO] 获取状态：False (basics.py:310)
[2022-08-08 16:11:22] [    INFO] 查找元素：('xpath', "//*[@id='pane-account']/form/div[4]/label/span/span") (basics.py:107)
[2022-08-08 16:11:22] [    INFO] 点击元素：('xpath', "//*[@id='pane-account']/form/div[4]/label/span/span") (basics.py:191)
[2022-08-08 16:11:22] [    INFO] 查找元素：('xpath', "//*[@id='pane-account']/form/button") (basics.py:107)
[2022-08-08 16:11:23] [    INFO] 点击元素：('xpath', "//*[@id='pane-account']/form/button") (basics.py:191)
[2022-08-08 16:11:29] [    INFO] 断言成功：URL为预期一致 | URL: http://10.250.112.166:9000/#/dashboard (assert_ui.py:190)
[2022-08-08 16:11:29] [    INFO] 断言成功: 该内容存在数据列表中 | word:隆江 (assert_ui.py:294)
[2022-08-08 16:11:29] [    INFO] 前置条件：传音统一登录成功 (conftest.py:25)
[2022-08-08 16:11:29] [    INFO] 模块前置条件：前往“DRP数据管理-机型库”页面 (DRPDataMgmt_ModelDatabase.py:10)
[2022-08-08 16:11:29] [    INFO] 查找元素：('xpath', '//*[@id="app"]/div/div[1]/div[2]/div[1]/div/ul/div[9]/li/div/span') (basics.py:107)
[2022-08-08 16:11:29] [    INFO] 点击元素：('xpath', '//*[@id="app"]/div/div[1]/div[2]/div[1]/div/ul/div[9]/li/div/span') (basics.py:191)
[2022-08-08 16:11:30] [    INFO] 查找元素：('xpath', "//li[@role='menuitem']//span[contains(text(),'机型库')]") (basics.py:107)
[2022-08-08 16:11:30] [    INFO] 点击元素：('xpath', "//li[@role='menuitem']//span[contains(text(),'机型库')]") (basics.py:191)
[2022-08-08 16:11:32] [    INFO] 断言成功：URL为预期一致 | URL: http://10.250.112.166:9000/#/dataManage/modelLibrary (assert_ui.py:190)
[2022-08-08 16:11:32] [    INFO] 查找元素：['xpath', "//div[2]//div[3]//table[@class='el-table__body']//tbody//tr//td[22]"] (basics.py:118)
[2022-08-08 16:13:34] [    INFO] 【DRP】项目【test】环境- UI自动化开始执行 (conftest.py:14)
[2022-08-08 16:13:34] [    INFO] 前置条件：传音统一登录开始 (conftest.py:18)
[2022-08-08 16:13:37] [    INFO] 打开网页：http://10.250.112.166:9000/# (basics.py:64)
[2022-08-08 16:13:37] [    INFO] 查找元素：('xpath', "//div[@role='button']") (basics.py:107)
[2022-08-08 16:13:38] [    INFO] 点击元素：('xpath', "//div[@role='button']") (basics.py:191)
[2022-08-08 16:13:42] [    INFO] 查找元素：['xpath', "//*[contains(@id,'dropdown-menu-')]//li[1]"] (basics.py:107)
[2022-08-08 16:13:43] [    INFO] 查找元素：('xpath', "//div[@role='button']") (basics.py:107)
[2022-08-08 16:13:43] [    INFO] 点击元素：('xpath', "//div[@role='button']") (basics.py:191)
[2022-08-08 16:13:44] [    INFO] 查找元素：('id', 'tab-account') (basics.py:107)
[2022-08-08 16:13:44] [    INFO] 点击元素：('id', 'tab-account') (basics.py:191)
[2022-08-08 16:13:45] [    INFO] 查找元素：('xpath', "//*[@id='pane-account']/form/div[1]/div/div[1]/input") (basics.py:107)
[2022-08-08 16:13:45] [    INFO] 输入文本：18649572 (basics.py:138)
[2022-08-08 16:13:46] [    INFO] 查找元素：('xpath', "//*[@id='pane-account']/form/div[2]/div/div[1]/input") (basics.py:107)
[2022-08-08 16:13:46] [    INFO] 输入文本：xLily6x (basics.py:138)
[2022-08-08 16:13:47] [    INFO] 查找元素：('xpath', "//*[@id='pane-account']/form/div[4]/label/span/span") (basics.py:107)
[2022-08-08 16:13:47] [    INFO] 获取状态：False (basics.py:310)
[2022-08-08 16:13:47] [    INFO] 查找元素：('xpath', "//*[@id='pane-account']/form/div[4]/label/span/span") (basics.py:107)
[2022-08-08 16:13:47] [    INFO] 点击元素：('xpath', "//*[@id='pane-account']/form/div[4]/label/span/span") (basics.py:191)
[2022-08-08 16:13:48] [    INFO] 查找元素：('xpath', "//*[@id='pane-account']/form/button") (basics.py:107)
[2022-08-08 16:13:48] [    INFO] 点击元素：('xpath', "//*[@id='pane-account']/form/button") (basics.py:191)
[2022-08-08 16:13:55] [    INFO] 断言成功：URL为预期一致 | URL: http://10.250.112.166:9000/#/dashboard (assert_ui.py:190)
[2022-08-08 16:13:55] [    INFO] 断言成功: 该内容存在数据列表中 | word:隆江 (assert_ui.py:294)
[2022-08-08 16:13:55] [    INFO] 前置条件：传音统一登录成功 (conftest.py:25)
[2022-08-08 16:13:55] [    INFO] 模块前置条件：前往“DRP数据管理-机型库”页面 (DRPDataMgmt_ModelDatabase.py:10)
[2022-08-08 16:13:55] [    INFO] 查找元素：('xpath', '//*[@id="app"]/div/div[1]/div[2]/div[1]/div/ul/div[9]/li/div/span') (basics.py:107)
[2022-08-08 16:13:55] [    INFO] 点击元素：('xpath', '//*[@id="app"]/div/div[1]/div[2]/div[1]/div/ul/div[9]/li/div/span') (basics.py:191)
[2022-08-08 16:13:55] [    INFO] 查找元素：('xpath', "//li[@role='menuitem']//span[contains(text(),'机型库')]") (basics.py:107)
[2022-08-08 16:13:55] [    INFO] 点击元素：('xpath', "//li[@role='menuitem']//span[contains(text(),'机型库')]") (basics.py:191)
[2022-08-08 16:13:58] [    INFO] 断言成功：URL为预期一致 | URL: http://10.250.112.166:9000/#/dataManage/modelLibrary (assert_ui.py:190)
[2022-08-08 16:13:58] [    INFO] 查找元素：['xpath', "//div[2]//div[3]//table[@class='el-table__body']//tbody//tr//td[22]"] (basics.py:118)
[2022-08-08 16:15:09] [    INFO] 【DRP】项目【test】环境- UI自动化开始执行 (conftest.py:14)
[2022-08-08 16:15:09] [    INFO] 前置条件：传音统一登录开始 (conftest.py:18)
[2022-08-08 16:15:12] [    INFO] 打开网页：http://10.250.112.166:9000/# (basics.py:64)
[2022-08-08 16:15:12] [    INFO] 查找元素：('xpath', "//div[@role='button']") (basics.py:107)
[2022-08-08 16:15:12] [    INFO] 点击元素：('xpath', "//div[@role='button']") (basics.py:191)
[2022-08-08 16:15:17] [    INFO] 查找元素：['xpath', "//*[contains(@id,'dropdown-menu-')]//li[1]"] (basics.py:107)
[2022-08-08 16:15:18] [    INFO] 查找元素：('xpath', "//div[@role='button']") (basics.py:107)
[2022-08-08 16:15:18] [    INFO] 点击元素：('xpath', "//div[@role='button']") (basics.py:191)
[2022-08-08 16:15:18] [    INFO] 查找元素：('id', 'tab-account') (basics.py:107)
[2022-08-08 16:15:18] [    INFO] 点击元素：('id', 'tab-account') (basics.py:191)
[2022-08-08 16:15:19] [    INFO] 查找元素：('xpath', "//*[@id='pane-account']/form/div[1]/div/div[1]/input") (basics.py:107)
[2022-08-08 16:15:19] [    INFO] 输入文本：18649572 (basics.py:138)
[2022-08-08 16:15:21] [    INFO] 查找元素：('xpath', "//*[@id='pane-account']/form/div[2]/div/div[1]/input") (basics.py:107)
[2022-08-08 16:15:21] [    INFO] 输入文本：xLily6x (basics.py:138)
[2022-08-08 16:15:22] [    INFO] 查找元素：('xpath', "//*[@id='pane-account']/form/div[4]/label/span/span") (basics.py:107)
[2022-08-08 16:15:22] [    INFO] 获取状态：False (basics.py:310)
[2022-08-08 16:15:22] [    INFO] 查找元素：('xpath', "//*[@id='pane-account']/form/div[4]/label/span/span") (basics.py:107)
[2022-08-08 16:15:22] [    INFO] 点击元素：('xpath', "//*[@id='pane-account']/form/div[4]/label/span/span") (basics.py:191)
[2022-08-08 16:15:23] [    INFO] 查找元素：('xpath', "//*[@id='pane-account']/form/button") (basics.py:107)
[2022-08-08 16:15:23] [    INFO] 点击元素：('xpath', "//*[@id='pane-account']/form/button") (basics.py:191)
[2022-08-08 16:15:29] [    INFO] 断言成功：URL为预期一致 | URL: http://10.250.112.166:9000/#/dashboard (assert_ui.py:190)
[2022-08-08 16:15:29] [    INFO] 断言成功: 该内容存在数据列表中 | word:隆江 (assert_ui.py:294)
[2022-08-08 16:15:29] [    INFO] 前置条件：传音统一登录成功 (conftest.py:25)
[2022-08-08 16:15:29] [    INFO] 模块前置条件：前往“DRP数据管理-机型库”页面 (DRPDataMgmt_ModelDatabase.py:10)
[2022-08-08 16:15:29] [    INFO] 查找元素：('xpath', '//*[@id="app"]/div/div[1]/div[2]/div[1]/div/ul/div[9]/li/div/span') (basics.py:107)
[2022-08-08 16:15:29] [    INFO] 点击元素：('xpath', '//*[@id="app"]/div/div[1]/div[2]/div[1]/div/ul/div[9]/li/div/span') (basics.py:191)
[2022-08-08 16:15:30] [    INFO] 查找元素：('xpath', "//li[@role='menuitem']//span[contains(text(),'机型库')]") (basics.py:107)
[2022-08-08 16:15:30] [    INFO] 点击元素：('xpath', "//li[@role='menuitem']//span[contains(text(),'机型库')]") (basics.py:191)
[2022-08-08 16:15:33] [    INFO] 断言成功：URL为预期一致 | URL: http://10.250.112.166:9000/#/dataManage/modelLibrary (assert_ui.py:190)
[2022-08-08 16:15:33] [    INFO] 查找元素：['xpath', "//div[2]//div[3]//table[@class='el-table__body']//tbody//tr//td[22]"] (basics.py:118)
[2022-08-08 16:17:07] [    INFO] 【DRP】项目【test】环境- UI自动化开始执行 (conftest.py:14)
[2022-08-08 16:17:07] [    INFO] 前置条件：传音统一登录开始 (conftest.py:18)
[2022-08-08 16:17:11] [    INFO] 打开网页：http://10.250.112.166:9000/# (basics.py:64)
[2022-08-08 16:17:11] [    INFO] 查找元素：('xpath', "//div[@role='button']") (basics.py:107)
[2022-08-08 16:17:11] [    INFO] 点击元素：('xpath', "//div[@role='button']") (basics.py:191)
[2022-08-08 16:17:16] [    INFO] 查找元素：['xpath', "//*[contains(@id,'dropdown-menu-')]//li[1]"] (basics.py:107)
[2022-08-08 16:17:17] [    INFO] 查找元素：('xpath', "//div[@role='button']") (basics.py:107)
[2022-08-08 16:17:17] [    INFO] 点击元素：('xpath', "//div[@role='button']") (basics.py:191)
[2022-08-08 16:17:17] [    INFO] 查找元素：('id', 'tab-account') (basics.py:107)
[2022-08-08 16:17:17] [    INFO] 点击元素：('id', 'tab-account') (basics.py:191)
[2022-08-08 16:17:18] [    INFO] 查找元素：('xpath', "//*[@id='pane-account']/form/div[1]/div/div[1]/input") (basics.py:107)
[2022-08-08 16:17:18] [    INFO] 输入文本：18649572 (basics.py:138)
[2022-08-08 16:17:20] [    INFO] 查找元素：('xpath', "//*[@id='pane-account']/form/div[2]/div/div[1]/input") (basics.py:107)
[2022-08-08 16:17:20] [    INFO] 输入文本：xLily6x (basics.py:138)
[2022-08-08 16:17:21] [    INFO] 查找元素：('xpath', "//*[@id='pane-account']/form/div[4]/label/span/span") (basics.py:107)
[2022-08-08 16:17:21] [    INFO] 获取状态：False (basics.py:310)
[2022-08-08 16:17:21] [    INFO] 查找元素：('xpath', "//*[@id='pane-account']/form/div[4]/label/span/span") (basics.py:107)
[2022-08-08 16:17:21] [    INFO] 点击元素：('xpath', "//*[@id='pane-account']/form/div[4]/label/span/span") (basics.py:191)
[2022-08-08 16:17:21] [    INFO] 查找元素：('xpath', "//*[@id='pane-account']/form/button") (basics.py:107)
[2022-08-08 16:17:21] [    INFO] 点击元素：('xpath', "//*[@id='pane-account']/form/button") (basics.py:191)
[2022-08-08 16:17:28] [    INFO] 断言成功：URL为预期一致 | URL: http://10.250.112.166:9000/#/dashboard (assert_ui.py:190)
[2022-08-08 16:17:28] [    INFO] 断言成功: 该内容存在数据列表中 | word:隆江 (assert_ui.py:294)
[2022-08-08 16:17:28] [    INFO] 前置条件：传音统一登录成功 (conftest.py:25)
[2022-08-08 16:17:28] [    INFO] 模块前置条件：前往“DRP数据管理-机型库”页面 (DRPDataMgmt_ModelDatabase.py:10)
[2022-08-08 16:17:28] [    INFO] 查找元素：('xpath', '//*[@id="app"]/div/div[1]/div[2]/div[1]/div/ul/div[9]/li/div/span') (basics.py:107)
[2022-08-08 16:17:28] [    INFO] 点击元素：('xpath', '//*[@id="app"]/div/div[1]/div[2]/div[1]/div/ul/div[9]/li/div/span') (basics.py:191)
[2022-08-08 16:17:29] [    INFO] 查找元素：('xpath', "//li[@role='menuitem']//span[contains(text(),'机型库')]") (basics.py:107)
[2022-08-08 16:17:29] [    INFO] 点击元素：('xpath', "//li[@role='menuitem']//span[contains(text(),'机型库')]") (basics.py:191)
[2022-08-08 16:17:31] [    INFO] 断言成功：URL为预期一致 | URL: http://10.250.112.166:9000/#/dataManage/modelLibrary (assert_ui.py:190)
[2022-08-08 16:17:31] [    INFO] 查找元素：['xpath', "//div[2]//div[3]//table[@class='el-table__body']//tbody//tr//td[22]"] (basics.py:118)
[2022-08-08 16:25:06] [    INFO] 【DRP】项目【test】环境- UI自动化开始执行 (conftest.py:14)
[2022-08-08 16:25:06] [    INFO] 前置条件：传音统一登录开始 (conftest.py:18)
[2022-08-08 16:25:10] [    INFO] 打开网页：http://10.250.112.166:9000/# (basics.py:64)
[2022-08-08 16:25:10] [    INFO] 查找元素：('xpath', "//div[@role='button']") (basics.py:107)
[2022-08-08 16:25:10] [    INFO] 点击元素：('xpath', "//div[@role='button']") (basics.py:191)
[2022-08-08 16:25:14] [    INFO] 查找元素：['xpath', "//*[contains(@id,'dropdown-menu-')]//li[1]"] (basics.py:107)
[2022-08-08 16:25:15] [    INFO] 查找元素：('xpath', "//div[@role='button']") (basics.py:107)
[2022-08-08 16:25:15] [    INFO] 点击元素：('xpath', "//div[@role='button']") (basics.py:191)
[2022-08-08 16:25:16] [    INFO] 查找元素：('id', 'tab-account') (basics.py:107)
[2022-08-08 16:25:16] [    INFO] 点击元素：('id', 'tab-account') (basics.py:191)
[2022-08-08 16:25:17] [    INFO] 查找元素：('xpath', "//*[@id='pane-account']/form/div[1]/div/div[1]/input") (basics.py:107)
[2022-08-08 16:25:17] [    INFO] 输入文本：18649572 (basics.py:138)
[2022-08-08 16:25:18] [    INFO] 查找元素：('xpath', "//*[@id='pane-account']/form/div[2]/div/div[1]/input") (basics.py:107)
[2022-08-08 16:25:19] [    INFO] 输入文本：xLily6x (basics.py:138)
[2022-08-08 16:25:20] [    INFO] 查找元素：('xpath', "//*[@id='pane-account']/form/div[4]/label/span/span") (basics.py:107)
[2022-08-08 16:25:20] [    INFO] 获取状态：False (basics.py:312)
[2022-08-08 16:25:20] [    INFO] 查找元素：('xpath', "//*[@id='pane-account']/form/div[4]/label/span/span") (basics.py:107)
[2022-08-08 16:25:20] [    INFO] 点击元素：('xpath', "//*[@id='pane-account']/form/div[4]/label/span/span") (basics.py:191)
[2022-08-08 16:25:20] [    INFO] 查找元素：('xpath', "//*[@id='pane-account']/form/button") (basics.py:107)
[2022-08-08 16:25:20] [    INFO] 点击元素：('xpath', "//*[@id='pane-account']/form/button") (basics.py:191)
[2022-08-08 16:25:27] [    INFO] 断言成功：URL为预期一致 | URL: http://10.250.112.166:9000/#/dashboard (assert_ui.py:190)
[2022-08-08 16:25:27] [    INFO] 断言成功: 该内容存在数据列表中 | word:隆江 (assert_ui.py:294)
[2022-08-08 16:25:27] [    INFO] 前置条件：传音统一登录成功 (conftest.py:25)
[2022-08-08 16:25:27] [    INFO] 模块前置条件：前往“DRP数据管理-机型库”页面 (DRPDataMgmt_ModelDatabase.py:10)
[2022-08-08 16:25:27] [    INFO] 查找元素：('xpath', '//*[@id="app"]/div/div[1]/div[2]/div[1]/div/ul/div[9]/li/div/span') (basics.py:107)
[2022-08-08 16:25:27] [    INFO] 点击元素：('xpath', '//*[@id="app"]/div/div[1]/div[2]/div[1]/div/ul/div[9]/li/div/span') (basics.py:191)
[2022-08-08 16:25:28] [    INFO] 查找元素：('xpath', "//li[@role='menuitem']//span[contains(text(),'机型库')]") (basics.py:107)
[2022-08-08 16:25:28] [    INFO] 点击元素：('xpath', "//li[@role='menuitem']//span[contains(text(),'机型库')]") (basics.py:191)
[2022-08-08 16:25:30] [    INFO] 断言成功：URL为预期一致 | URL: http://10.250.112.166:9000/#/dataManage/modelLibrary (assert_ui.py:190)
[2022-08-08 16:25:30] [    INFO] 查找元素：['xpath', "//div[2]//div[3]//table[@class='el-table__body']//tbody//tr//td[22]"] (basics.py:118)
[2022-08-08 16:27:11] [    INFO] 【DRP】项目【test】环境- UI自动化开始执行 (conftest.py:14)
[2022-08-08 16:27:11] [    INFO] 前置条件：传音统一登录开始 (conftest.py:18)
[2022-08-08 16:27:15] [    INFO] 打开网页：http://10.250.112.166:9000/# (basics.py:64)
[2022-08-08 16:27:15] [    INFO] 查找元素：('xpath', "//div[@role='button']") (basics.py:107)
[2022-08-08 16:27:15] [    INFO] 点击元素：('xpath', "//div[@role='button']") (basics.py:191)
[2022-08-08 16:27:20] [    INFO] 查找元素：['xpath', "//*[contains(@id,'dropdown-menu-')]//li[1]"] (basics.py:107)
[2022-08-08 16:27:21] [    INFO] 查找元素：('xpath', "//div[@role='button']") (basics.py:107)
[2022-08-08 16:27:21] [    INFO] 点击元素：('xpath', "//div[@role='button']") (basics.py:191)
[2022-08-08 16:27:22] [    INFO] 查找元素：('id', 'tab-account') (basics.py:107)
[2022-08-08 16:27:22] [    INFO] 点击元素：('id', 'tab-account') (basics.py:191)
[2022-08-08 16:27:23] [    INFO] 查找元素：('xpath', "//*[@id='pane-account']/form/div[1]/div/div[1]/input") (basics.py:107)
[2022-08-08 16:27:23] [    INFO] 输入文本：18649572 (basics.py:138)
[2022-08-08 16:27:24] [    INFO] 查找元素：('xpath', "//*[@id='pane-account']/form/div[2]/div/div[1]/input") (basics.py:107)
[2022-08-08 16:27:25] [    INFO] 输入文本：xLily6x (basics.py:138)
[2022-08-08 16:27:26] [    INFO] 查找元素：('xpath', "//*[@id='pane-account']/form/div[4]/label/span/span") (basics.py:107)
[2022-08-08 16:27:26] [    INFO] 获取状态：False (basics.py:312)
[2022-08-08 16:27:26] [    INFO] 查找元素：('xpath', "//*[@id='pane-account']/form/div[4]/label/span/span") (basics.py:107)
[2022-08-08 16:27:26] [    INFO] 点击元素：('xpath', "//*[@id='pane-account']/form/div[4]/label/span/span") (basics.py:191)
[2022-08-08 16:27:26] [    INFO] 查找元素：('xpath', "//*[@id='pane-account']/form/button") (basics.py:107)
[2022-08-08 16:27:26] [    INFO] 点击元素：('xpath', "//*[@id='pane-account']/form/button") (basics.py:191)
[2022-08-08 16:27:33] [    INFO] 断言成功：URL为预期一致 | URL: http://10.250.112.166:9000/#/dashboard (assert_ui.py:190)
[2022-08-08 16:27:33] [    INFO] 断言成功: 该内容存在数据列表中 | word:隆江 (assert_ui.py:294)
[2022-08-08 16:27:33] [    INFO] 前置条件：传音统一登录成功 (conftest.py:25)
[2022-08-08 16:27:33] [    INFO] 模块前置条件：前往“DRP数据管理-机型库”页面 (DRPDataMgmt_ModelDatabase.py:10)
[2022-08-08 16:27:33] [    INFO] 查找元素：('xpath', '//*[@id="app"]/div/div[1]/div[2]/div[1]/div/ul/div[9]/li/div/span') (basics.py:107)
[2022-08-08 16:27:33] [    INFO] 点击元素：('xpath', '//*[@id="app"]/div/div[1]/div[2]/div[1]/div/ul/div[9]/li/div/span') (basics.py:191)
[2022-08-08 16:27:34] [    INFO] 查找元素：('xpath', "//li[@role='menuitem']//span[contains(text(),'机型库')]") (basics.py:107)
[2022-08-08 16:27:34] [    INFO] 点击元素：('xpath', "//li[@role='menuitem']//span[contains(text(),'机型库')]") (basics.py:191)
[2022-08-08 16:27:36] [    INFO] 断言成功：URL为预期一致 | URL: http://10.250.112.166:9000/#/dataManage/modelLibrary (assert_ui.py:190)
[2022-08-08 16:27:36] [    INFO] 查找元素：['xpath', "//div[2]//div[3]//table[@class='el-table__body']//tbody//tr//td[22]"] (basics.py:118)
[2022-08-08 16:28:50] [    INFO] 【DRP】项目【test】环境- UI自动化开始执行 (conftest.py:14)
[2022-08-08 16:28:50] [    INFO] 前置条件：传音统一登录开始 (conftest.py:18)
[2022-08-08 16:28:54] [    INFO] 打开网页：http://10.250.112.166:9000/# (basics.py:64)
[2022-08-08 16:28:54] [    INFO] 查找元素：('xpath', "//div[@role='button']") (basics.py:107)
[2022-08-08 16:28:54] [    INFO] 点击元素：('xpath', "//div[@role='button']") (basics.py:191)
[2022-08-08 16:28:58] [    INFO] 查找元素：['xpath', "//*[contains(@id,'dropdown-menu-')]//li[1]"] (basics.py:107)
[2022-08-08 16:28:59] [    INFO] 查找元素：('xpath', "//div[@role='button']") (basics.py:107)
[2022-08-08 16:28:59] [    INFO] 点击元素：('xpath', "//div[@role='button']") (basics.py:191)
[2022-08-08 16:29:00] [    INFO] 查找元素：('id', 'tab-account') (basics.py:107)
[2022-08-08 16:29:00] [    INFO] 点击元素：('id', 'tab-account') (basics.py:191)
[2022-08-08 16:29:01] [    INFO] 查找元素：('xpath', "//*[@id='pane-account']/form/div[1]/div/div[1]/input") (basics.py:107)
[2022-08-08 16:29:01] [    INFO] 输入文本：18649572 (basics.py:138)
[2022-08-08 16:29:03] [    INFO] 查找元素：('xpath', "//*[@id='pane-account']/form/div[2]/div/div[1]/input") (basics.py:107)
[2022-08-08 16:29:03] [    INFO] 输入文本：xLily6x (basics.py:138)
[2022-08-08 16:29:04] [    INFO] 查找元素：('xpath', "//*[@id='pane-account']/form/div[4]/label/span/span") (basics.py:107)
[2022-08-08 16:29:04] [    INFO] 获取状态：False (basics.py:313)
[2022-08-08 16:29:04] [    INFO] 查找元素：('xpath', "//*[@id='pane-account']/form/div[4]/label/span/span") (basics.py:107)
[2022-08-08 16:29:04] [    INFO] 点击元素：('xpath', "//*[@id='pane-account']/form/div[4]/label/span/span") (basics.py:191)
[2022-08-08 16:29:04] [    INFO] 查找元素：('xpath', "//*[@id='pane-account']/form/button") (basics.py:107)
[2022-08-08 16:29:05] [    INFO] 点击元素：('xpath', "//*[@id='pane-account']/form/button") (basics.py:191)
[2022-08-08 16:29:11] [    INFO] 断言成功：URL为预期一致 | URL: http://10.250.112.166:9000/#/dashboard (assert_ui.py:190)
[2022-08-08 16:29:11] [    INFO] 断言成功: 该内容存在数据列表中 | word:隆江 (assert_ui.py:294)
[2022-08-08 16:29:11] [    INFO] 前置条件：传音统一登录成功 (conftest.py:25)
[2022-08-08 16:29:11] [    INFO] 模块前置条件：前往“DRP数据管理-机型库”页面 (DRPDataMgmt_ModelDatabase.py:10)
[2022-08-08 16:29:11] [    INFO] 查找元素：('xpath', '//*[@id="app"]/div/div[1]/div[2]/div[1]/div/ul/div[9]/li/div/span') (basics.py:107)
[2022-08-08 16:29:11] [    INFO] 点击元素：('xpath', '//*[@id="app"]/div/div[1]/div[2]/div[1]/div/ul/div[9]/li/div/span') (basics.py:191)
[2022-08-08 16:29:12] [    INFO] 查找元素：('xpath', "//li[@role='menuitem']//span[contains(text(),'机型库')]") (basics.py:107)
[2022-08-08 16:29:12] [    INFO] 点击元素：('xpath', "//li[@role='menuitem']//span[contains(text(),'机型库')]") (basics.py:191)
[2022-08-08 16:29:15] [    INFO] 断言成功：URL为预期一致 | URL: http://10.250.112.166:9000/#/dataManage/modelLibrary (assert_ui.py:190)
[2022-08-08 16:29:15] [    INFO] 查找元素：['xpath', "//div[2]//div[3]//table[@class='el-table__body']//tbody//tr//td[22]"] (basics.py:118)
[2022-08-08 16:33:16] [    INFO] 【DRP】项目【test】环境- UI自动化开始执行 (conftest.py:14)
[2022-08-08 16:33:16] [    INFO] 前置条件：传音统一登录开始 (conftest.py:18)
[2022-08-08 16:33:21] [    INFO] 打开网页：http://10.250.112.166:9000/# (basics.py:64)
[2022-08-08 16:33:21] [    INFO] 查找元素：('xpath', "//div[@role='button']") (basics.py:107)
[2022-08-08 16:33:21] [    INFO] 点击元素：('xpath', "//div[@role='button']") (basics.py:191)
[2022-08-08 16:33:25] [    INFO] 查找元素：['xpath', "//*[contains(@id,'dropdown-menu-')]//li[1]"] (basics.py:107)
[2022-08-08 16:33:26] [    INFO] 查找元素：('xpath', "//div[@role='button']") (basics.py:107)
[2022-08-08 16:33:26] [    INFO] 点击元素：('xpath', "//div[@role='button']") (basics.py:191)
[2022-08-08 16:33:27] [    INFO] 查找元素：('id', 'tab-account') (basics.py:107)
[2022-08-08 16:33:27] [    INFO] 点击元素：('id', 'tab-account') (basics.py:191)
[2022-08-08 16:33:28] [    INFO] 查找元素：('xpath', "//*[@id='pane-account']/form/div[1]/div/div[1]/input") (basics.py:107)
[2022-08-08 16:33:28] [    INFO] 输入文本：18649572 (basics.py:138)
[2022-08-08 16:33:30] [    INFO] 查找元素：('xpath', "//*[@id='pane-account']/form/div[2]/div/div[1]/input") (basics.py:107)
[2022-08-08 16:33:30] [    INFO] 输入文本：xLily6x (basics.py:138)
[2022-08-08 16:33:31] [    INFO] 查找元素：('xpath', "//*[@id='pane-account']/form/div[4]/label/span/span") (basics.py:107)
[2022-08-08 16:33:31] [    INFO] 获取状态：False (basics.py:313)
[2022-08-08 16:33:31] [    INFO] 查找元素：('xpath', "//*[@id='pane-account']/form/div[4]/label/span/span") (basics.py:107)
[2022-08-08 16:33:31] [    INFO] 点击元素：('xpath', "//*[@id='pane-account']/form/div[4]/label/span/span") (basics.py:191)
[2022-08-08 16:33:32] [    INFO] 查找元素：('xpath', "//*[@id='pane-account']/form/button") (basics.py:107)
[2022-08-08 16:33:32] [    INFO] 点击元素：('xpath', "//*[@id='pane-account']/form/button") (basics.py:191)
[2022-08-08 16:33:38] [    INFO] 断言成功：URL为预期一致 | URL: http://10.250.112.166:9000/#/dashboard (assert_ui.py:190)
[2022-08-08 16:33:38] [    INFO] 断言成功: 该内容存在数据列表中 | word:隆江 (assert_ui.py:294)
[2022-08-08 16:33:38] [    INFO] 前置条件：传音统一登录成功 (conftest.py:25)
[2022-08-08 16:33:38] [    INFO] 模块前置条件：前往“DRP数据管理-机型库”页面 (DRPDataMgmt_ModelDatabase.py:10)
[2022-08-08 16:33:38] [    INFO] 查找元素：('xpath', '//*[@id="app"]/div/div[1]/div[2]/div[1]/div/ul/div[9]/li/div/span') (basics.py:107)
[2022-08-08 16:33:38] [    INFO] 点击元素：('xpath', '//*[@id="app"]/div/div[1]/div[2]/div[1]/div/ul/div[9]/li/div/span') (basics.py:191)
[2022-08-08 16:33:39] [    INFO] 查找元素：('xpath', "//li[@role='menuitem']//span[contains(text(),'机型库')]") (basics.py:107)
[2022-08-08 16:33:39] [    INFO] 点击元素：('xpath', "//li[@role='menuitem']//span[contains(text(),'机型库')]") (basics.py:191)
[2022-08-08 16:33:42] [    INFO] 断言成功：URL为预期一致 | URL: http://10.250.112.166:9000/#/dataManage/modelLibrary (assert_ui.py:190)
[2022-08-08 16:33:42] [    INFO] 查找元素：['xpath', "//div[2]//div[3]//table[@class='el-table__body']//tbody//tr//td[22]"] (basics.py:118)
[2022-08-08 16:34:17] [    INFO] 【DRP】项目【test】环境- UI自动化开始执行 (conftest.py:14)
[2022-08-08 16:34:17] [    INFO] 前置条件：传音统一登录开始 (conftest.py:18)
[2022-08-08 16:34:22] [    INFO] 打开网页：http://10.250.112.166:9000/# (basics.py:64)
[2022-08-08 16:34:22] [    INFO] 查找元素：('xpath', "//div[@role='button']") (basics.py:107)
[2022-08-08 16:34:22] [    INFO] 点击元素：('xpath', "//div[@role='button']") (basics.py:191)
[2022-08-08 16:34:27] [    INFO] 查找元素：['xpath', "//*[contains(@id,'dropdown-menu-')]//li[1]"] (basics.py:107)
[2022-08-08 16:34:28] [    INFO] 查找元素：('xpath', "//div[@role='button']") (basics.py:107)
[2022-08-08 16:34:28] [    INFO] 点击元素：('xpath', "//div[@role='button']") (basics.py:191)
[2022-08-08 16:34:28] [    INFO] 查找元素：('id', 'tab-account') (basics.py:107)
[2022-08-08 16:34:28] [    INFO] 点击元素：('id', 'tab-account') (basics.py:191)
[2022-08-08 16:34:29] [    INFO] 查找元素：('xpath', "//*[@id='pane-account']/form/div[1]/div/div[1]/input") (basics.py:107)
[2022-08-08 16:34:29] [    INFO] 输入文本：18649572 (basics.py:138)
[2022-08-08 16:34:31] [    INFO] 查找元素：('xpath', "//*[@id='pane-account']/form/div[2]/div/div[1]/input") (basics.py:107)
[2022-08-08 16:34:31] [    INFO] 输入文本：xLily6x (basics.py:138)
[2022-08-08 16:34:32] [    INFO] 查找元素：('xpath', "//*[@id='pane-account']/form/div[4]/label/span/span") (basics.py:107)
[2022-08-08 16:34:32] [    INFO] 获取状态：False (basics.py:313)
[2022-08-08 16:34:32] [    INFO] 查找元素：('xpath', "//*[@id='pane-account']/form/div[4]/label/span/span") (basics.py:107)
[2022-08-08 16:34:32] [    INFO] 点击元素：('xpath', "//*[@id='pane-account']/form/div[4]/label/span/span") (basics.py:191)
[2022-08-08 16:34:33] [    INFO] 查找元素：('xpath', "//*[@id='pane-account']/form/button") (basics.py:107)
[2022-08-08 16:34:33] [    INFO] 点击元素：('xpath', "//*[@id='pane-account']/form/button") (basics.py:191)
[2022-08-08 16:34:39] [    INFO] 断言成功：URL为预期一致 | URL: http://10.250.112.166:9000/#/dashboard (assert_ui.py:190)
[2022-08-08 16:34:40] [    INFO] 断言成功: 该内容存在数据列表中 | word:隆江 (assert_ui.py:294)
[2022-08-08 16:34:40] [    INFO] 前置条件：传音统一登录成功 (conftest.py:25)
[2022-08-08 16:34:40] [    INFO] 模块前置条件：前往“DRP数据管理-机型库”页面 (DRPDataMgmt_ModelDatabase.py:10)
[2022-08-08 16:34:40] [    INFO] 查找元素：('xpath', '//*[@id="app"]/div/div[1]/div[2]/div[1]/div/ul/div[9]/li/div/span') (basics.py:107)
[2022-08-08 16:34:40] [    INFO] 点击元素：('xpath', '//*[@id="app"]/div/div[1]/div[2]/div[1]/div/ul/div[9]/li/div/span') (basics.py:191)
[2022-08-08 16:34:40] [    INFO] 查找元素：('xpath', "//li[@role='menuitem']//span[contains(text(),'机型库')]") (basics.py:107)
[2022-08-08 16:34:40] [    INFO] 点击元素：('xpath', "//li[@role='menuitem']//span[contains(text(),'机型库')]") (basics.py:191)
[2022-08-08 16:34:43] [    INFO] 断言成功：URL为预期一致 | URL: http://10.250.112.166:9000/#/dataManage/modelLibrary (assert_ui.py:190)
[2022-08-08 16:34:43] [    INFO] 查找元素：['xpath', "//div[2]//div[3]//table[@class='el-table__body']//tbody//tr//td[22]"] (basics.py:118)
[2022-08-08 16:34:44] [    INFO] //div[2]//div[3]//table[@class='el-table__body']//tbody//tr[1]//td[24]//button[1] (DRPDataMgmt_ModelDatabase.py:458)
[2022-08-08 16:36:33] [    INFO] 【DRP】项目【test】环境- UI自动化开始执行 (conftest.py:14)
[2022-08-08 16:36:33] [    INFO] 前置条件：传音统一登录开始 (conftest.py:18)
[2022-08-08 16:36:37] [    INFO] 打开网页：http://10.250.112.166:9000/# (basics.py:64)
[2022-08-08 16:36:37] [    INFO] 查找元素：('xpath', "//div[@role='button']") (basics.py:107)
[2022-08-08 16:36:37] [    INFO] 点击元素：('xpath', "//div[@role='button']") (basics.py:191)
[2022-08-08 16:36:42] [    INFO] 查找元素：['xpath', "//*[contains(@id,'dropdown-menu-')]//li[1]"] (basics.py:107)
[2022-08-08 16:36:43] [    INFO] 查找元素：('xpath', "//div[@role='button']") (basics.py:107)
[2022-08-08 16:36:43] [    INFO] 点击元素：('xpath', "//div[@role='button']") (basics.py:191)
[2022-08-08 16:36:43] [    INFO] 查找元素：('id', 'tab-account') (basics.py:107)
[2022-08-08 16:36:44] [    INFO] 点击元素：('id', 'tab-account') (basics.py:191)
[2022-08-08 16:36:45] [    INFO] 查找元素：('xpath', "//*[@id='pane-account']/form/div[1]/div/div[1]/input") (basics.py:107)
[2022-08-08 16:36:45] [    INFO] 输入文本：18649572 (basics.py:138)
[2022-08-08 16:36:46] [    INFO] 查找元素：('xpath', "//*[@id='pane-account']/form/div[2]/div/div[1]/input") (basics.py:107)
[2022-08-08 16:36:47] [    INFO] 输入文本：xLily6x (basics.py:138)
[2022-08-08 16:36:48] [    INFO] 查找元素：('xpath', "//*[@id='pane-account']/form/div[4]/label/span/span") (basics.py:107)
[2022-08-08 16:36:48] [    INFO] 获取状态：False (basics.py:313)
[2022-08-08 16:36:48] [    INFO] 查找元素：('xpath', "//*[@id='pane-account']/form/div[4]/label/span/span") (basics.py:107)
[2022-08-08 16:36:48] [    INFO] 点击元素：('xpath', "//*[@id='pane-account']/form/div[4]/label/span/span") (basics.py:191)
[2022-08-08 16:36:48] [    INFO] 查找元素：('xpath', "//*[@id='pane-account']/form/button") (basics.py:107)
[2022-08-08 16:36:48] [    INFO] 点击元素：('xpath', "//*[@id='pane-account']/form/button") (basics.py:191)
[2022-08-08 16:36:55] [    INFO] 断言成功：URL为预期一致 | URL: http://10.250.112.166:9000/#/dashboard (assert_ui.py:190)
[2022-08-08 16:36:55] [    INFO] 断言成功: 该内容存在数据列表中 | word:隆江 (assert_ui.py:294)
[2022-08-08 16:36:55] [    INFO] 前置条件：传音统一登录成功 (conftest.py:25)
[2022-08-08 16:36:55] [    INFO] 模块前置条件：前往“DRP数据管理-机型库”页面 (DRPDataMgmt_ModelDatabase.py:10)
[2022-08-08 16:36:55] [    INFO] 查找元素：('xpath', '//*[@id="app"]/div/div[1]/div[2]/div[1]/div/ul/div[9]/li/div/span') (basics.py:107)
[2022-08-08 16:36:55] [    INFO] 点击元素：('xpath', '//*[@id="app"]/div/div[1]/div[2]/div[1]/div/ul/div[9]/li/div/span') (basics.py:191)
[2022-08-08 16:36:56] [    INFO] 查找元素：('xpath', "//li[@role='menuitem']//span[contains(text(),'机型库')]") (basics.py:107)
[2022-08-08 16:36:56] [    INFO] 点击元素：('xpath', "//li[@role='menuitem']//span[contains(text(),'机型库')]") (basics.py:191)
[2022-08-08 16:36:58] [    INFO] 断言成功：URL为预期一致 | URL: http://10.250.112.166:9000/#/dataManage/modelLibrary (assert_ui.py:190)
[2022-08-08 16:36:58] [    INFO] 查找元素：['xpath', "//div[2]//div[3]//table[@class='el-table__body']//tbody//tr//td[22]"] (basics.py:118)
[2022-08-08 16:37:00] [    INFO] //div[2]//div[3]//table[@class='el-table__body']//tbody//tr[1]//td[24]//button[1] (DRPDataMgmt_ModelDatabase.py:458)
[2022-08-08 16:37:26] [    INFO] 【DRP】项目【test】环境- UI自动化开始执行 (conftest.py:14)
[2022-08-08 16:37:26] [    INFO] 前置条件：传音统一登录开始 (conftest.py:18)
[2022-08-08 16:37:30] [    INFO] 打开网页：http://10.250.112.166:9000/# (basics.py:64)
[2022-08-08 16:37:30] [    INFO] 查找元素：('xpath', "//div[@role='button']") (basics.py:107)
[2022-08-08 16:37:30] [    INFO] 点击元素：('xpath', "//div[@role='button']") (basics.py:191)
[2022-08-08 16:37:35] [    INFO] 查找元素：['xpath', "//*[contains(@id,'dropdown-menu-')]//li[1]"] (basics.py:107)
[2022-08-08 16:37:36] [    INFO] 查找元素：('xpath', "//div[@role='button']") (basics.py:107)
[2022-08-08 16:37:36] [    INFO] 点击元素：('xpath', "//div[@role='button']") (basics.py:191)
[2022-08-08 16:37:36] [    INFO] 查找元素：('id', 'tab-account') (basics.py:107)
[2022-08-08 16:37:36] [    INFO] 点击元素：('id', 'tab-account') (basics.py:191)
[2022-08-08 16:37:37] [    INFO] 查找元素：('xpath', "//*[@id='pane-account']/form/div[1]/div/div[1]/input") (basics.py:107)
[2022-08-08 16:37:38] [    INFO] 输入文本：18649572 (basics.py:138)
[2022-08-08 16:37:39] [    INFO] 查找元素：('xpath', "//*[@id='pane-account']/form/div[2]/div/div[1]/input") (basics.py:107)
[2022-08-08 16:37:39] [    INFO] 输入文本：xLily6x (basics.py:138)
[2022-08-08 16:37:40] [    INFO] 查找元素：('xpath', "//*[@id='pane-account']/form/div[4]/label/span/span") (basics.py:107)
[2022-08-08 16:37:40] [    INFO] 获取状态：False (basics.py:315)
[2022-08-08 16:37:40] [    INFO] 查找元素：('xpath', "//*[@id='pane-account']/form/div[4]/label/span/span") (basics.py:107)
[2022-08-08 16:37:40] [    INFO] 点击元素：('xpath', "//*[@id='pane-account']/form/div[4]/label/span/span") (basics.py:191)
[2022-08-08 16:37:41] [    INFO] 查找元素：('xpath', "//*[@id='pane-account']/form/button") (basics.py:107)
[2022-08-08 16:37:41] [    INFO] 点击元素：('xpath', "//*[@id='pane-account']/form/button") (basics.py:191)
[2022-08-08 16:37:47] [    INFO] 断言成功：URL为预期一致 | URL: http://10.250.112.166:9000/#/dashboard (assert_ui.py:190)
[2022-08-08 16:37:48] [    INFO] 断言成功: 该内容存在数据列表中 | word:隆江 (assert_ui.py:294)
[2022-08-08 16:37:48] [    INFO] 前置条件：传音统一登录成功 (conftest.py:25)
[2022-08-08 16:37:48] [    INFO] 模块前置条件：前往“DRP数据管理-机型库”页面 (DRPDataMgmt_ModelDatabase.py:10)
[2022-08-08 16:37:48] [    INFO] 查找元素：('xpath', '//*[@id="app"]/div/div[1]/div[2]/div[1]/div/ul/div[9]/li/div/span') (basics.py:107)
[2022-08-08 16:37:48] [    INFO] 点击元素：('xpath', '//*[@id="app"]/div/div[1]/div[2]/div[1]/div/ul/div[9]/li/div/span') (basics.py:191)
[2022-08-08 16:37:48] [    INFO] 查找元素：('xpath', "//li[@role='menuitem']//span[contains(text(),'机型库')]") (basics.py:107)
[2022-08-08 16:37:48] [    INFO] 点击元素：('xpath', "//li[@role='menuitem']//span[contains(text(),'机型库')]") (basics.py:191)
[2022-08-08 16:37:51] [    INFO] 断言成功：URL为预期一致 | URL: http://10.250.112.166:9000/#/dataManage/modelLibrary (assert_ui.py:190)
[2022-08-08 16:37:51] [    INFO] 查找元素：['xpath', "//div[2]//div[3]//table[@class='el-table__body']//tbody//tr//td[22]"] (basics.py:118)
[2022-08-08 16:37:52] [    INFO] //div[2]//div[3]//table[@class='el-table__body']//tbody//tr[1]//td[24]//button[1] (DRPDataMgmt_ModelDatabase.py:458)
[2022-08-08 16:37:52] [    INFO] 1111 (basics.py:204)
[2022-08-08 16:37:53] [    INFO] 2222 (basics.py:206)
[2022-08-08 16:38:36] [    INFO] 【DRP】项目【test】环境- UI自动化开始执行 (conftest.py:14)
[2022-08-08 16:38:36] [    INFO] 前置条件：传音统一登录开始 (conftest.py:18)
[2022-08-08 16:38:40] [    INFO] 打开网页：http://10.250.112.166:9000/# (basics.py:64)
[2022-08-08 16:38:40] [    INFO] 查找元素：('xpath', "//div[@role='button']") (basics.py:107)
[2022-08-08 16:38:40] [    INFO] 点击元素：('xpath', "//div[@role='button']") (basics.py:191)
[2022-08-08 16:38:45] [    INFO] 查找元素：['xpath', "//*[contains(@id,'dropdown-menu-')]//li[1]"] (basics.py:107)
[2022-08-08 16:38:46] [    INFO] 查找元素：('xpath', "//div[@role='button']") (basics.py:107)
[2022-08-08 16:38:46] [    INFO] 点击元素：('xpath', "//div[@role='button']") (basics.py:191)
[2022-08-08 16:38:47] [    INFO] 查找元素：('id', 'tab-account') (basics.py:107)
[2022-08-08 16:38:47] [    INFO] 点击元素：('id', 'tab-account') (basics.py:191)
[2022-08-08 16:38:48] [    INFO] 查找元素：('xpath', "//*[@id='pane-account']/form/div[1]/div/div[1]/input") (basics.py:107)
[2022-08-08 16:38:48] [    INFO] 输入文本：18649572 (basics.py:138)
[2022-08-08 16:38:49] [    INFO] 查找元素：('xpath', "//*[@id='pane-account']/form/div[2]/div/div[1]/input") (basics.py:107)
[2022-08-08 16:38:49] [    INFO] 输入文本：xLily6x (basics.py:138)
[2022-08-08 16:38:50] [    INFO] 查找元素：('xpath', "//*[@id='pane-account']/form/div[4]/label/span/span") (basics.py:107)
[2022-08-08 16:38:50] [    INFO] 获取状态：False (basics.py:315)
[2022-08-08 16:38:50] [    INFO] 查找元素：('xpath', "//*[@id='pane-account']/form/div[4]/label/span/span") (basics.py:107)
[2022-08-08 16:38:50] [    INFO] 点击元素：('xpath', "//*[@id='pane-account']/form/div[4]/label/span/span") (basics.py:191)
[2022-08-08 16:38:51] [    INFO] 查找元素：('xpath', "//*[@id='pane-account']/form/button") (basics.py:107)
[2022-08-08 16:38:51] [    INFO] 点击元素：('xpath', "//*[@id='pane-account']/form/button") (basics.py:191)
[2022-08-08 16:38:58] [    INFO] 断言成功：URL为预期一致 | URL: http://10.250.112.166:9000/#/dashboard (assert_ui.py:190)
[2022-08-08 16:38:58] [    INFO] 断言成功: 该内容存在数据列表中 | word:隆江 (assert_ui.py:294)
[2022-08-08 16:38:58] [    INFO] 前置条件：传音统一登录成功 (conftest.py:25)
[2022-08-08 16:38:58] [    INFO] 模块前置条件：前往“DRP数据管理-机型库”页面 (DRPDataMgmt_ModelDatabase.py:10)
[2022-08-08 16:38:58] [    INFO] 查找元素：('xpath', '//*[@id="app"]/div/div[1]/div[2]/div[1]/div/ul/div[9]/li/div/span') (basics.py:107)
[2022-08-08 16:38:58] [    INFO] 点击元素：('xpath', '//*[@id="app"]/div/div[1]/div[2]/div[1]/div/ul/div[9]/li/div/span') (basics.py:191)
[2022-08-08 16:38:58] [    INFO] 查找元素：('xpath', "//li[@role='menuitem']//span[contains(text(),'机型库')]") (basics.py:107)
[2022-08-08 16:38:58] [    INFO] 点击元素：('xpath', "//li[@role='menuitem']//span[contains(text(),'机型库')]") (basics.py:191)
[2022-08-08 16:39:01] [    INFO] 断言成功：URL为预期一致 | URL: http://10.250.112.166:9000/#/dataManage/modelLibrary (assert_ui.py:190)
[2022-08-08 16:39:01] [    INFO] 查找元素：['xpath', "//div[2]//div[3]//table[@class='el-table__body']//tbody//tr//td[22]"] (basics.py:118)
[2022-08-08 16:39:03] [    INFO] //div[2]//div[3]//table[@class='el-table__body']//tbody//tr[1]//td[24]//button[1] (DRPDataMgmt_ModelDatabase.py:458)
[2022-08-08 16:39:03] [    INFO] 1111 (basics.py:204)
[2022-08-08 16:39:03] [    INFO] 2222 (basics.py:206)
[2022-08-08 16:39:32] [    INFO] 【DRP】项目【test】环境- UI自动化开始执行 (conftest.py:14)
[2022-08-08 16:39:32] [    INFO] 前置条件：传音统一登录开始 (conftest.py:18)
[2022-08-08 16:39:37] [    INFO] 打开网页：http://10.250.112.166:9000/# (basics.py:64)
[2022-08-08 16:39:37] [    INFO] 查找元素：('xpath', "//div[@role='button']") (basics.py:107)
[2022-08-08 16:39:37] [    INFO] 点击元素：('xpath', "//div[@role='button']") (basics.py:191)
[2022-08-08 16:39:42] [    INFO] 查找元素：['xpath', "//*[contains(@id,'dropdown-menu-')]//li[1]"] (basics.py:107)
[2022-08-08 16:39:43] [    INFO] 查找元素：('xpath', "//div[@role='button']") (basics.py:107)
[2022-08-08 16:39:43] [    INFO] 点击元素：('xpath', "//div[@role='button']") (basics.py:191)
[2022-08-08 16:39:44] [    INFO] 查找元素：('id', 'tab-account') (basics.py:107)
[2022-08-08 16:39:44] [    INFO] 点击元素：('id', 'tab-account') (basics.py:191)
[2022-08-08 16:39:45] [    INFO] 查找元素：('xpath', "//*[@id='pane-account']/form/div[1]/div/div[1]/input") (basics.py:107)
[2022-08-08 16:39:45] [    INFO] 输入文本：18649572 (basics.py:138)
[2022-08-08 16:39:46] [    INFO] 查找元素：('xpath', "//*[@id='pane-account']/form/div[2]/div/div[1]/input") (basics.py:107)
[2022-08-08 16:39:47] [    INFO] 输入文本：xLily6x (basics.py:138)
[2022-08-08 16:39:48] [    INFO] 查找元素：('xpath', "//*[@id='pane-account']/form/div[4]/label/span/span") (basics.py:107)
[2022-08-08 16:39:48] [    INFO] 获取状态：False (basics.py:313)
[2022-08-08 16:39:48] [    INFO] 查找元素：('xpath', "//*[@id='pane-account']/form/div[4]/label/span/span") (basics.py:107)
[2022-08-08 16:39:48] [    INFO] 点击元素：('xpath', "//*[@id='pane-account']/form/div[4]/label/span/span") (basics.py:191)
[2022-08-08 16:39:48] [    INFO] 查找元素：('xpath', "//*[@id='pane-account']/form/button") (basics.py:107)
[2022-08-08 16:39:48] [    INFO] 点击元素：('xpath', "//*[@id='pane-account']/form/button") (basics.py:191)
[2022-08-08 16:39:55] [    INFO] 断言成功：URL为预期一致 | URL: http://10.250.112.166:9000/#/dashboard (assert_ui.py:190)
[2022-08-08 16:39:55] [    INFO] 断言成功: 该内容存在数据列表中 | word:隆江 (assert_ui.py:294)
[2022-08-08 16:39:55] [    INFO] 前置条件：传音统一登录成功 (conftest.py:25)
[2022-08-08 16:39:55] [    INFO] 模块前置条件：前往“DRP数据管理-机型库”页面 (DRPDataMgmt_ModelDatabase.py:10)
[2022-08-08 16:39:55] [    INFO] 查找元素：('xpath', '//*[@id="app"]/div/div[1]/div[2]/div[1]/div/ul/div[9]/li/div/span') (basics.py:107)
[2022-08-08 16:39:55] [    INFO] 点击元素：('xpath', '//*[@id="app"]/div/div[1]/div[2]/div[1]/div/ul/div[9]/li/div/span') (basics.py:191)
[2022-08-08 16:39:56] [    INFO] 查找元素：('xpath', "//li[@role='menuitem']//span[contains(text(),'机型库')]") (basics.py:107)
[2022-08-08 16:39:56] [    INFO] 点击元素：('xpath', "//li[@role='menuitem']//span[contains(text(),'机型库')]") (basics.py:191)
[2022-08-08 16:39:58] [    INFO] 断言成功：URL为预期一致 | URL: http://10.250.112.166:9000/#/dataManage/modelLibrary (assert_ui.py:190)
[2022-08-08 16:39:58] [    INFO] 查找元素：['xpath', "//div[2]//div[3]//table[@class='el-table__body']//tbody//tr//td[22]"] (basics.py:118)
[2022-08-08 16:40:00] [    INFO] //div[2]//div[3]//table[@class='el-table__body']//tbody//tr[1]//td[24]//button[1] (DRPDataMgmt_ModelDatabase.py:458)
[2022-08-08 16:40:42] [    INFO] 【DRP】项目【test】环境- UI自动化开始执行 (conftest.py:14)
[2022-08-08 16:40:42] [    INFO] 前置条件：传音统一登录开始 (conftest.py:18)
[2022-08-08 16:40:45] [    INFO] 打开网页：http://10.250.112.166:9000/# (basics.py:64)
[2022-08-08 16:40:45] [    INFO] 查找元素：('xpath', "//div[@role='button']") (basics.py:107)
[2022-08-08 16:40:45] [    INFO] 点击元素：('xpath', "//div[@role='button']") (basics.py:191)
[2022-08-08 16:40:50] [    INFO] 查找元素：['xpath', "//*[contains(@id,'dropdown-menu-')]//li[1]"] (basics.py:107)
[2022-08-08 16:40:51] [    INFO] 查找元素：('xpath', "//div[@role='button']") (basics.py:107)
[2022-08-08 16:40:51] [    INFO] 点击元素：('xpath', "//div[@role='button']") (basics.py:191)
[2022-08-08 16:40:52] [    INFO] 查找元素：('id', 'tab-account') (basics.py:107)
[2022-08-08 16:40:52] [    INFO] 点击元素：('id', 'tab-account') (basics.py:191)
[2022-08-08 16:40:53] [    INFO] 查找元素：('xpath', "//*[@id='pane-account']/form/div[1]/div/div[1]/input") (basics.py:107)
[2022-08-08 16:40:53] [    INFO] 输入文本：18649572 (basics.py:138)
[2022-08-08 16:40:54] [    INFO] 查找元素：('xpath', "//*[@id='pane-account']/form/div[2]/div/div[1]/input") (basics.py:107)
[2022-08-08 16:40:54] [    INFO] 输入文本：xLily6x (basics.py:138)
[2022-08-08 16:40:55] [    INFO] 查找元素：('xpath', "//*[@id='pane-account']/form/div[4]/label/span/span") (basics.py:107)
[2022-08-08 16:40:55] [    INFO] 获取状态：False (basics.py:313)
[2022-08-08 16:40:55] [    INFO] 查找元素：('xpath', "//*[@id='pane-account']/form/div[4]/label/span/span") (basics.py:107)
[2022-08-08 16:40:55] [    INFO] 点击元素：('xpath', "//*[@id='pane-account']/form/div[4]/label/span/span") (basics.py:191)
[2022-08-08 16:40:56] [    INFO] 查找元素：('xpath', "//*[@id='pane-account']/form/button") (basics.py:107)
[2022-08-08 16:40:56] [    INFO] 点击元素：('xpath', "//*[@id='pane-account']/form/button") (basics.py:191)
[2022-08-08 16:41:02] [    INFO] 断言成功：URL为预期一致 | URL: http://10.250.112.166:9000/#/dashboard (assert_ui.py:190)
[2022-08-08 16:41:03] [    INFO] 断言成功: 该内容存在数据列表中 | word:隆江 (assert_ui.py:294)
[2022-08-08 16:41:03] [    INFO] 前置条件：传音统一登录成功 (conftest.py:25)
[2022-08-08 16:41:03] [    INFO] 模块前置条件：前往“DRP数据管理-机型库”页面 (DRPDataMgmt_ModelDatabase.py:10)
[2022-08-08 16:41:03] [    INFO] 查找元素：('xpath', '//*[@id="app"]/div/div[1]/div[2]/div[1]/div/ul/div[9]/li/div/span') (basics.py:107)
[2022-08-08 16:41:03] [    INFO] 点击元素：('xpath', '//*[@id="app"]/div/div[1]/div[2]/div[1]/div/ul/div[9]/li/div/span') (basics.py:191)
[2022-08-08 16:41:03] [    INFO] 查找元素：('xpath', "//li[@role='menuitem']//span[contains(text(),'机型库')]") (basics.py:107)
[2022-08-08 16:41:03] [    INFO] 点击元素：('xpath', "//li[@role='menuitem']//span[contains(text(),'机型库')]") (basics.py:191)
[2022-08-08 16:41:06] [    INFO] 断言成功：URL为预期一致 | URL: http://10.250.112.166:9000/#/dataManage/modelLibrary (assert_ui.py:190)
[2022-08-08 16:41:06] [    INFO] 查找元素：['xpath', "//div[2]//div[3]//table[@class='el-table__body']//tbody//tr//td[22]"] (basics.py:118)
[2022-08-08 16:41:07] [    INFO] //div[2]//div[3]//table[@class='el-table__body']//tbody//tr[1]//td[24]//button[1] (DRPDataMgmt_ModelDatabase.py:458)
[2022-08-08 16:41:07] [    INFO] 点击指定行编辑按钮成功 (DRPDataMgmt_ModelDatabase.py:460)
