[2022-07-21 14:09:55] [    INFO] 【TEST1】项目【test】环境- UI自动化开始执行 (conftest.py:14)
[2022-07-21 14:09:55] [    INFO] 前置条件：传音统一登录开始 (conftest.py:18)
[2022-07-21 14:09:59] [    INFO] 打开网页：http://10.250.112.166:9000/# (basics.py:58)
[2022-07-21 14:09:59] [    INFO] 查找元素：('xpath', "//div[@role='button']") (basics.py:73)
[2022-07-21 14:09:59] [    INFO] 点击元素：('xpath', "//div[@role='button']") (basics.py:157)
[2022-07-21 14:10:03] [    INFO] 查找元素：['xpath', "//*[contains(@id,'dropdown-menu-')]//li[1]"] (basics.py:73)
[2022-07-21 14:10:05] [    INFO] 查找元素：('xpath', "//div[@role='button']") (basics.py:73)
[2022-07-21 14:10:05] [    INFO] 点击元素：('xpath', "//div[@role='button']") (basics.py:157)
[2022-07-21 14:10:05] [    INFO] 查找元素：('id', 'tab-account') (basics.py:73)
[2022-07-21 14:10:05] [    INFO] 点击元素：('id', 'tab-account') (basics.py:157)
[2022-07-21 14:10:06] [    INFO] 查找元素：('xpath', "//*[@id='pane-account']/form/div[1]/div/div[1]/input") (basics.py:73)
[2022-07-21 14:10:06] [    INFO] 输入文本：18650617 (basics.py:104)
[2022-07-21 14:10:08] [    INFO] 查找元素：('xpath', "//*[@id='pane-account']/form/div[2]/div/div[1]/input") (basics.py:73)
[2022-07-21 14:10:08] [    INFO] 输入文本：xLily6x (basics.py:104)
[2022-07-21 14:10:09] [    INFO] 查找元素：('xpath', "//*[@id='pane-account']/form/div[4]/label/span/span") (basics.py:73)
[2022-07-21 14:10:09] [    INFO] 获取状态：False (basics.py:273)
[2022-07-21 14:10:09] [    INFO] 查找元素：('xpath', "//*[@id='pane-account']/form/div[4]/label/span/span") (basics.py:73)
[2022-07-21 14:10:09] [    INFO] 点击元素：('xpath', "//*[@id='pane-account']/form/div[4]/label/span/span") (basics.py:157)
[2022-07-21 14:10:10] [    INFO] 查找元素：('xpath', "//*[@id='pane-account']/form/button") (basics.py:73)
[2022-07-21 14:10:10] [    INFO] 点击元素：('xpath', "//*[@id='pane-account']/form/button") (basics.py:157)
[2022-07-21 14:10:14] [    INFO] 断言成功：URL为预期一致 | URL: http://10.250.112.166:9000/#/dashboard (assert_ui.py:190)
[2022-07-21 14:10:14] [    INFO] 断言成功: 该内容存在数据列表中 | word:刘勇 (assert_ui.py:294)
[2022-07-21 14:10:14] [    INFO] 前置条件：传音统一登录成功 (conftest.py:25)
[2022-07-21 14:10:14] [    INFO] 查找元素：('xpath', '//*[@id="app"]/div/div[1]/div[2]/div[1]/div/ul/div[11]/li/div/span') (basics.py:73)
[2022-07-21 14:10:14] [    INFO] 点击元素：('xpath', '//*[@id="app"]/div/div[1]/div[2]/div[1]/div/ul/div[11]/li/div/span') (basics.py:157)
[2022-07-21 14:10:15] [    INFO] 查找元素：('xpath', "//span[contains(text(),'维度管理')]") (basics.py:73)
[2022-07-21 14:10:15] [    INFO] 点击元素：('xpath', "//span[contains(text(),'维度管理')]") (basics.py:157)
[2022-07-21 14:10:21] [    INFO] 断言成功：URL为预期一致 | URL: http://10.250.112.166:9000/#/systemManage/dimensionManage (assert_ui.py:190)
[2022-07-21 14:10:21] [    INFO] 查找元素：('xpath', '//div[text()="角色管理"]') (basics.py:73)
[2022-07-21 14:10:21] [    INFO] 点击元素：('xpath', '//div[text()="角色管理"]') (basics.py:157)
