[2022-09-05 17:37:52] [    INFO] 【PDC】项目【test】环境- UI自动化开始执行 (conftest.py:14)
[2022-09-05 17:37:52] [    INFO] 前置条件：传音统一登录开始 (conftest.py:18)
[2022-09-05 17:37:55] [    INFO] 打开网页：http://bom-sit.transsion.com:10000/ (basics.py:63)
[2022-09-05 17:37:55] [    INFO] 查找元素：('xpath', "//div[@role='button']") (basics.py:106)
[2022-09-05 17:37:56] [    INFO] 点击元素：('xpath', "//div[@role='button']") (basics.py:206)
[2022-09-05 17:38:00] [    INFO] 查找元素：['xpath', "//*[contains(@id,'dropdown-menu-')]//li[1]"] (basics.py:106)
[2022-09-05 17:38:01] [    INFO] 查找元素：('xpath', "//div[@role='button']") (basics.py:106)
[2022-09-05 17:38:01] [    INFO] 点击元素：('xpath', "//div[@role='button']") (basics.py:206)
[2022-09-05 17:38:02] [    INFO] 查找元素：('id', 'tab-account') (basics.py:106)
[2022-09-05 17:38:02] [    INFO] 点击元素：('id', 'tab-account') (basics.py:206)
[2022-09-05 17:38:03] [    INFO] 查找元素：('xpath', "//*[@id='pane-account']/form/div[1]/div/div[1]/input") (basics.py:106)
[2022-09-05 17:38:03] [    INFO] 输入文本：18649277 (basics.py:137)
[2022-09-05 17:38:04] [    INFO] 查找元素：('xpath', "//*[@id='pane-account']/form/div[2]/div/div[1]/input") (basics.py:106)
[2022-09-05 17:38:05] [    INFO] 输入文本：xLily6x (basics.py:137)
[2022-09-05 17:38:06] [    INFO] 查找元素：('xpath', "//span[text()='我已阅读并接受']/../label/span/span") (basics.py:106)
[2022-09-05 17:38:06] [    INFO] 获取状态：False (basics.py:330)
[2022-09-05 17:38:06] [    INFO] 查找元素：('xpath', "//span[text()='我已阅读并接受']/../label/span/span") (basics.py:106)
[2022-09-05 17:38:06] [    INFO] 点击元素：('xpath', "//span[text()='我已阅读并接受']/../label/span/span") (basics.py:206)
[2022-09-05 17:38:06] [    INFO] 查找元素：('xpath', "//*[@id='pane-account']/form/button") (basics.py:106)
[2022-09-05 17:38:06] [    INFO] 点击元素：('xpath', "//*[@id='pane-account']/form/button") (basics.py:206)
[2022-09-05 17:38:13] [    INFO] 前置条件：传音统一登录成功 (conftest.py:25)
[2022-09-05 17:38:15] [    INFO] 查找元素：['xpath', "//li//span[text()='产品任命']"] (basics.py:106)
[2022-09-05 17:38:15] [    INFO] 选择点击：['xpath', "//li//span[text()='产品任命']"] (basics.py:203)
[2022-09-05 17:38:15] [    INFO] 点击产品任命：产品任命 (test2.py:31)
[2022-09-05 17:38:17] [    INFO] 查找元素：['xpath', "//li//span[normalize-space(text())='区域产品概述']"] (basics.py:106)
[2022-09-05 17:38:17] [    INFO] 选择点击：['xpath', "//li//span[normalize-space(text())='区域产品概述']"] (basics.py:203)
[2022-09-05 17:38:17] [    INFO] 点击区域产品概述：区域产品概述 (test2.py:33)
[2022-09-05 17:38:18] [    INFO] 刷新页面 (basics.py:337)
[2022-09-05 17:38:18] [    INFO] 查找元素：('xpath', '/html/body/div[1]/div/div[2]/section/div/section/div[1]/div/div/div[4]/div[1]/div[5]/div[2]/table/tbody/tr[3]/td[12]/div/button[2]/span') (basics.py:106)
[2022-09-05 17:38:19] [    INFO] 点击元素：('xpath', '/html/body/div[1]/div/div[2]/section/div/section/div[1]/div/div/div[4]/div[1]/div[5]/div[2]/table/tbody/tr[3]/td[12]/div/button[2]/span') (basics.py:206)
[2022-09-05 17:38:20] [    INFO] 刷新页面 (basics.py:337)
[2022-09-05 17:38:21] [    INFO] 查找元素：('xpath', "//button//span[text()=' +新增 ']") (basics.py:106)
[2022-09-05 17:38:22] [    INFO] 点击元素：('xpath', "//button//span[text()=' +新增 ']") (basics.py:206)
[2022-09-05 17:38:23] [    INFO] 查找元素：('xpath', "//label[contains(text(),'分发角色')]/..//input") (basics.py:106)
[2022-09-05 17:38:23] [    INFO] 点击元素：('xpath', "//label[contains(text(),'分发角色')]/..//input") (basics.py:206)
[2022-09-05 17:38:26] [    INFO] 查找元素：['xpath', "//div[text()=' 测试角色 ']"] (basics.py:106)
[2022-09-05 17:38:26] [    INFO] 选择点击：['xpath', "//div[text()=' 测试角色 ']"] (basics.py:203)
[2022-09-05 17:38:27] [    INFO] 查找元素：('xpath', "//label[contains(text(),'分发人员')]/..//input") (basics.py:106)
[2022-09-05 17:38:27] [    INFO] 点击元素：('xpath', "//label[contains(text(),'分发人员')]/..//input") (basics.py:206)
[2022-09-05 17:38:29] [    INFO] 查找元素：['xpath', "//li//span[contains(text(),'李静苹')]"] (basics.py:106)
[2022-09-05 17:38:29] [    INFO] 选择点击：['xpath', "//li//span[contains(text(),'李静苹')]"] (basics.py:203)
[2022-09-05 17:38:30] [    INFO] 查找元素：('xpath', "//button[@class='el-button el-button--primary el-button--mini']//span[normalize-space(text())='确定']") (basics.py:106)
[2022-09-05 17:38:30] [    INFO] 点击元素：('xpath', "//button[@class='el-button el-button--primary el-button--mini']//span[normalize-space(text())='确定']") (basics.py:206)
[2022-09-05 17:38:32] [    INFO] 查找元素：('xpath', "//button//span[normalize-space(text())='提交分发']") (basics.py:106)
[2022-09-05 17:38:32] [    INFO] 点击元素：('xpath', "//button//span[normalize-space(text())='提交分发']") (basics.py:206)
[2022-09-05 17:38:33] [    INFO] 查找元素：('xpath', "//div[@class='dialog-footer']//button//span[normalize-space(text())='确 定']") (basics.py:106)
[2022-09-05 17:38:34] [    INFO] 点击元素：('xpath', "//div[@class='dialog-footer']//button//span[normalize-space(text())='确 定']") (basics.py:206)
[2022-09-05 17:38:35] [    INFO] 查找元素：('xpath', "//span//button//span[normalize-space(text())='确 定']") (basics.py:106)
[2022-09-05 17:38:35] [    INFO] 点击元素：('xpath', "//span//button//span[normalize-space(text())='确 定']") (basics.py:206)
[2022-09-05 17:42:11] [    INFO] 【PDC】项目【test】环境- UI自动化开始执行 (conftest.py:14)
[2022-09-05 17:42:11] [    INFO] 前置条件：传音统一登录开始 (conftest.py:18)
[2022-09-05 17:42:14] [    INFO] 打开网页：http://bom-sit.transsion.com:10000/ (basics.py:63)
[2022-09-05 17:42:14] [    INFO] 查找元素：('xpath', "//div[@role='button']") (basics.py:106)
[2022-09-05 17:42:14] [    INFO] 点击元素：('xpath', "//div[@role='button']") (basics.py:206)
[2022-09-05 17:42:19] [    INFO] 查找元素：['xpath', "//*[contains(@id,'dropdown-menu-')]//li[1]"] (basics.py:106)
[2022-09-05 17:42:20] [    INFO] 查找元素：('xpath', "//div[@role='button']") (basics.py:106)
[2022-09-05 17:42:20] [    INFO] 点击元素：('xpath', "//div[@role='button']") (basics.py:206)
[2022-09-05 17:42:21] [    INFO] 查找元素：('id', 'tab-account') (basics.py:106)
[2022-09-05 17:42:21] [    INFO] 点击元素：('id', 'tab-account') (basics.py:206)
[2022-09-05 17:42:22] [    INFO] 查找元素：('xpath', "//*[@id='pane-account']/form/div[1]/div/div[1]/input") (basics.py:106)
[2022-09-05 17:42:22] [    INFO] 输入文本：18649277 (basics.py:137)
[2022-09-05 17:42:23] [    INFO] 查找元素：('xpath', "//*[@id='pane-account']/form/div[2]/div/div[1]/input") (basics.py:106)
[2022-09-05 17:42:23] [    INFO] 输入文本：xLily6x (basics.py:137)
[2022-09-05 17:42:24] [    INFO] 查找元素：('xpath', "//span[text()='我已阅读并接受']/../label/span/span") (basics.py:106)
[2022-09-05 17:42:24] [    INFO] 获取状态：False (basics.py:330)
[2022-09-05 17:42:24] [    INFO] 查找元素：('xpath', "//span[text()='我已阅读并接受']/../label/span/span") (basics.py:106)
[2022-09-05 17:42:24] [    INFO] 点击元素：('xpath', "//span[text()='我已阅读并接受']/../label/span/span") (basics.py:206)
[2022-09-05 17:42:25] [    INFO] 查找元素：('xpath', "//*[@id='pane-account']/form/button") (basics.py:106)
[2022-09-05 17:42:25] [    INFO] 点击元素：('xpath', "//*[@id='pane-account']/form/button") (basics.py:206)
[2022-09-05 17:42:32] [    INFO] 前置条件：传音统一登录成功 (conftest.py:25)
[2022-09-05 17:42:32] [    INFO] 查找元素：['xpath', "//li//span[text()='产品任命']"] (basics.py:102)
[2022-09-05 17:42:32] [    INFO] 点击元素：('xpath', "//li//span[text()='产品任命']")产品任命 (basics.py:565)
[2022-09-05 17:42:32] [    INFO] 点击产品任命：产品任命 (ProductAppointment_RegionalProductOverview.py:31)
[2022-09-05 17:42:32] [    INFO] 查找元素：['xpath', "//li//span[normalize-space(text())='区域产品概述']"] (basics.py:102)
[2022-09-05 17:42:33] [    INFO] 点击元素：('xpath', "//li//span[normalize-space(text())='区域产品概述']")区域产品概述 (basics.py:565)
[2022-09-05 17:42:33] [    INFO] 点击区域产品概述：区域产品概述 (ProductAppointment_RegionalProductOverview.py:33)
[2022-09-05 17:42:34] [    INFO] 刷新页面 (basics.py:337)
[2022-09-05 17:42:34] [    INFO] 查找元素：('xpath', '/html/body/div[1]/div/div[2]/section/div/section/div[1]/div/div/div[4]/div[1]/div[5]/div[2]/table/tbody/tr[3]/td[12]/div/button[1]/span') (basics.py:106)
[2022-09-05 17:42:35] [    INFO] 点击元素：('xpath', '/html/body/div[1]/div/div[2]/section/div/section/div[1]/div/div/div[4]/div[1]/div[5]/div[2]/table/tbody/tr[3]/td[12]/div/button[1]/span')None (basics.py:565)
[2022-09-05 17:42:36] [    INFO] 查找元素：('xpath', "//div[contains(text(),'版本记录')]") (basics.py:106)
[2022-09-05 17:42:37] [    INFO] 点击元素：('xpath', "//div[contains(text(),'版本记录')]")None (basics.py:565)
[2022-09-05 17:42:54] [    INFO] 【PDC】项目【test】环境- UI自动化开始执行 (conftest.py:14)
[2022-09-05 17:42:54] [    INFO] 前置条件：传音统一登录开始 (conftest.py:18)
[2022-09-05 17:42:58] [    INFO] 打开网页：http://bom-sit.transsion.com:10000/ (basics.py:63)
[2022-09-05 17:42:58] [    INFO] 查找元素：('xpath', "//div[@role='button']") (basics.py:106)
[2022-09-05 17:42:58] [    INFO] 点击元素：('xpath', "//div[@role='button']") (basics.py:206)
[2022-09-05 17:43:02] [    INFO] 查找元素：['xpath', "//*[contains(@id,'dropdown-menu-')]//li[1]"] (basics.py:106)
[2022-09-05 17:43:04] [    INFO] 查找元素：('xpath', "//div[@role='button']") (basics.py:106)
[2022-09-05 17:43:04] [    INFO] 点击元素：('xpath', "//div[@role='button']") (basics.py:206)
[2022-09-05 17:43:04] [    INFO] 查找元素：('id', 'tab-account') (basics.py:106)
[2022-09-05 17:43:04] [    INFO] 点击元素：('id', 'tab-account') (basics.py:206)
[2022-09-05 17:43:05] [    INFO] 查找元素：('xpath', "//*[@id='pane-account']/form/div[1]/div/div[1]/input") (basics.py:106)
[2022-09-05 17:43:05] [    INFO] 输入文本：18649277 (basics.py:137)
[2022-09-05 17:43:07] [    INFO] 查找元素：('xpath', "//*[@id='pane-account']/form/div[2]/div/div[1]/input") (basics.py:106)
[2022-09-05 17:43:07] [    INFO] 输入文本：xLily6x (basics.py:137)
[2022-09-05 17:43:08] [    INFO] 查找元素：('xpath', "//span[text()='我已阅读并接受']/../label/span/span") (basics.py:106)
[2022-09-05 17:43:08] [    INFO] 获取状态：False (basics.py:330)
[2022-09-05 17:43:08] [    INFO] 查找元素：('xpath', "//span[text()='我已阅读并接受']/../label/span/span") (basics.py:106)
[2022-09-05 17:43:08] [    INFO] 点击元素：('xpath', "//span[text()='我已阅读并接受']/../label/span/span") (basics.py:206)
[2022-09-05 17:43:08] [    INFO] 查找元素：('xpath', "//*[@id='pane-account']/form/button") (basics.py:106)
[2022-09-05 17:43:09] [    INFO] 点击元素：('xpath', "//*[@id='pane-account']/form/button") (basics.py:206)
[2022-09-05 17:43:15] [    INFO] 前置条件：传音统一登录成功 (conftest.py:25)
[2022-09-05 17:43:17] [    INFO] 查找元素：['xpath', "//li//span[text()='产品任命']"] (basics.py:106)
[2022-09-05 17:43:17] [    INFO] 选择点击：['xpath', "//li//span[text()='产品任命']"] (basics.py:203)
[2022-09-05 17:43:17] [    INFO] 点击产品任命：产品任命 (ProductAppointment_RegionalProductOverview.py:65)
[2022-09-05 17:43:19] [    INFO] 查找元素：['xpath', "//li//span[normalize-space(text())='区域产品概述']"] (basics.py:106)
[2022-09-05 17:43:19] [    INFO] 选择点击：['xpath', "//li//span[normalize-space(text())='区域产品概述']"] (basics.py:203)
[2022-09-05 17:43:19] [    INFO] 点击区域产品概述：区域产品概述 (ProductAppointment_RegionalProductOverview.py:67)
[2022-09-05 17:43:22] [    INFO] 刷新页面 (basics.py:337)
[2022-09-05 17:43:22] [    INFO] 查找元素：('xpath', '/html/body/div[1]/div/div[2]/section/div/section/div[1]/div/div/div[4]/div[1]/div[5]/div[2]/table/tbody/tr[3]/td[12]/div/button[2]/span') (basics.py:106)
[2022-09-05 17:43:22] [    INFO] 点击元素：('xpath', '/html/body/div[1]/div/div[2]/section/div/section/div[1]/div/div/div[4]/div[1]/div[5]/div[2]/table/tbody/tr[3]/td[12]/div/button[2]/span') (basics.py:206)
[2022-09-05 17:43:23] [    INFO] 刷新页面 (basics.py:337)
[2022-09-05 17:43:24] [    INFO] 查找元素：('xpath', "//button//span[text()=' +新增 ']") (basics.py:106)
[2022-09-05 17:43:25] [    INFO] 点击元素：('xpath', "//button//span[text()=' +新增 ']") (basics.py:206)
[2022-09-05 17:43:26] [    INFO] 查找元素：('xpath', "//label[contains(text(),'分发角色')]/..//input") (basics.py:106)
[2022-09-05 17:43:26] [    INFO] 点击元素：('xpath', "//label[contains(text(),'分发角色')]/..//input") (basics.py:206)
[2022-09-05 17:43:29] [    INFO] 查找元素：['xpath', "//div[text()=' 测试角色 ']"] (basics.py:106)
[2022-09-05 17:43:29] [    INFO] 选择点击：['xpath', "//div[text()=' 测试角色 ']"] (basics.py:203)
[2022-09-05 17:43:30] [    INFO] 查找元素：('xpath', "//label[contains(text(),'分发人员')]/..//input") (basics.py:106)
[2022-09-05 17:43:30] [    INFO] 点击元素：('xpath', "//label[contains(text(),'分发人员')]/..//input") (basics.py:206)
[2022-09-05 17:43:32] [    INFO] 查找元素：['xpath', "//li//span[contains(text(),'李静苹')]"] (basics.py:106)
[2022-09-05 17:43:33] [    INFO] 选择点击：['xpath', "//li//span[contains(text(),'李静苹')]"] (basics.py:203)
[2022-09-05 17:43:34] [    INFO] 查找元素：('xpath', "//button[@class='el-button el-button--primary el-button--mini']//span[normalize-space(text())='确定']") (basics.py:106)
[2022-09-05 17:43:34] [    INFO] 点击元素：('xpath', "//button[@class='el-button el-button--primary el-button--mini']//span[normalize-space(text())='确定']") (basics.py:206)
[2022-09-05 17:43:35] [    INFO] 查找元素：('xpath', "//button//span[normalize-space(text())='提交分发']") (basics.py:106)
[2022-09-05 17:43:35] [    INFO] 点击元素：('xpath', "//button//span[normalize-space(text())='提交分发']") (basics.py:206)
[2022-09-05 17:43:37] [    INFO] 查找元素：('xpath', "//div[@class='dialog-footer']//button//span[normalize-space(text())='确 定']") (basics.py:106)
[2022-09-05 17:43:37] [    INFO] 点击元素：('xpath', "//div[@class='dialog-footer']//button//span[normalize-space(text())='确 定']") (basics.py:206)
[2022-09-05 17:43:38] [    INFO] 查找元素：('xpath', "//span//button//span[normalize-space(text())='确 定']") (basics.py:106)
[2022-09-05 17:43:38] [    INFO] 点击元素：('xpath', "//span//button//span[normalize-space(text())='确 定']") (basics.py:206)
