[2022-08-09 15:02:42] [    INFO] 【SRM】项目【test】环境- UI自动化开始执行 (conftest.py:17)
[2022-08-09 15:02:42] [    INFO] 前置条件：传音统一登录开始 (conftest.py:22)
[2022-08-09 15:02:43] [    INFO] 打开网页：http://sitsrm.transsion.com/ELSServer_CY/login/login.html (basics.py:64)
[2022-08-09 15:02:44] [    INFO] 查找元素：('xpath', '//input[@id="elsAccount"]') (basics.py:107)
[2022-08-09 15:02:44] [    INFO] 输入文本：860000 (basics.py:138)
[2022-08-09 15:02:44] [    INFO] 查找元素：('xpath', '//input[@id="elsSubAccount"]') (basics.py:107)
[2022-08-09 15:02:44] [    INFO] 输入文本：1001 (basics.py:138)
[2022-08-09 15:02:45] [    INFO] 查找元素：('xpath', '//input[@type="password"]') (basics.py:107)
[2022-08-09 15:02:45] [    INFO] 输入文本：1qaz@WSX (basics.py:138)
[2022-08-09 15:02:45] [    INFO] 查找元素：('xpath', '//input[@id="identifyCode"]') (basics.py:107)
[2022-08-09 15:02:45] [    INFO] 点击元素：('xpath', '//input[@id="identifyCode"]') (basics.py:191)
[2022-08-09 15:02:46] [    INFO] 查找元素：('xpath', '//img[@id="code"]') (basics.py:107)
[2022-08-09 15:02:48] [    INFO] 查找元素：('xpath', '//input[@id="identifyCode"]') (basics.py:107)
[2022-08-09 15:02:48] [    INFO] 输入文本：1273 (basics.py:138)
[2022-08-09 15:02:48] [    INFO] 查找元素：('xpath', '//button[@id="submit_btn"]') (basics.py:107)
[2022-08-09 15:02:48] [    INFO] 点击元素：('xpath', '//button[@id="submit_btn"]') (basics.py:191)
[2022-08-09 15:02:48] [ WARNING] 断言失败：URL为预期不一致 | URL: http://sitsrm.transsion.com/ELSServer_CY/login/login.html (assert_ui.py:189)
[2022-08-09 15:02:48] [   ERROR] None
assert 'http://sitsrm.transsion.com/ELSServer_CY/default.jsp?account=860000_1001' in 'http://sitsrm.transsion.com/ELSServer_CY/login/login.html' (assert_ui.py:192)
[2022-08-09 15:03:14] [    INFO] 【SRM】项目【test】环境- UI自动化开始执行 (conftest.py:17)
[2022-08-09 15:03:14] [    INFO] 前置条件：传音统一登录开始 (conftest.py:22)
[2022-08-09 15:03:15] [    INFO] 打开网页：http://sitsrm.transsion.com/ELSServer_CY/login/login.html (basics.py:64)
[2022-08-09 15:03:15] [    INFO] 查找元素：('xpath', '//input[@id="elsAccount"]') (basics.py:107)
[2022-08-09 15:03:15] [    INFO] 输入文本：860000 (basics.py:138)
[2022-08-09 15:03:16] [    INFO] 查找元素：('xpath', '//input[@id="elsSubAccount"]') (basics.py:107)
[2022-08-09 15:03:16] [    INFO] 输入文本：1001 (basics.py:138)
[2022-08-09 15:03:16] [    INFO] 查找元素：('xpath', '//input[@type="password"]') (basics.py:107)
[2022-08-09 15:03:17] [    INFO] 输入文本：1qaz@WSX (basics.py:138)
[2022-08-09 15:03:17] [    INFO] 查找元素：('xpath', '//input[@id="identifyCode"]') (basics.py:107)
[2022-08-09 15:03:17] [    INFO] 点击元素：('xpath', '//input[@id="identifyCode"]') (basics.py:191)
[2022-08-09 15:03:18] [    INFO] 查找元素：('xpath', '//img[@id="code"]') (basics.py:107)
[2022-08-09 15:03:19] [    INFO] 查找元素：('xpath', '//input[@id="identifyCode"]') (basics.py:107)
[2022-08-09 15:03:19] [    INFO] 输入文本：6505 (basics.py:138)
[2022-08-09 15:03:19] [    INFO] 查找元素：('xpath', '//button[@id="submit_btn"]') (basics.py:107)
[2022-08-09 15:03:19] [    INFO] 点击元素：('xpath', '//button[@id="submit_btn"]') (basics.py:191)
[2022-08-09 15:03:21] [    INFO] 断言成功：URL为预期一致 | URL: http://sitsrm.transsion.com/ELSServer_CY/default.jsp?account=860000_1001 (assert_ui.py:190)
[2022-08-09 15:03:21] [    INFO] 前置条件：传音统一登录成功 (conftest.py:31)
[2022-08-09 15:03:21] [    INFO] 查找元素：('xpath', '//span[@title="审批列表"]') (basics.py:107)
[2022-08-09 15:03:21] [    INFO] 点击元素：('xpath', '//span[@title="审批列表"]') (basics.py:191)
[2022-08-09 15:03:23] [    INFO] 查找元素：('xpath', '//div[@class="winTitle"]/span[text()="审批列表 "]') (basics.py:107)
[2022-08-09 15:03:24] [    INFO] 查找元素：('xpath', '//iframe[@name="iframeApp_auditList"]') (basics.py:107)
[2022-08-09 15:03:24] [    INFO] 查找元素：('xpath', '//input[@name="taskName"]') (basics.py:107)
[2022-08-09 15:03:24] [    INFO] 点击元素：('xpath', '//input[@name="taskName"]') (basics.py:191)
[2022-08-09 15:03:25] [    INFO] 查找元素：('xpath', '//input[@name="taskName"]') (basics.py:107)
[2022-08-09 15:03:25] [    INFO] 输入文本：周本林 (basics.py:138)
[2022-08-09 15:03:25] [    INFO] 查找元素：('xpath', '//button[text()=" 查询"]') (basics.py:107)
[2022-08-09 15:03:25] [    INFO] 点击元素：('xpath', '//button[text()=" 查询"]') (basics.py:191)
[2022-08-09 15:03:25] [    INFO] 查找元素：('xpath', '//input[@name="taskName"]') (basics.py:107)
[2022-08-09 15:03:25] [    INFO] 查找元素：('xpath', '//button[text()=" 查询"]') (basics.py:107)
[2022-08-09 15:03:26] [    INFO] 点击元素：('xpath', '//button[text()=" 查询"]') (basics.py:191)
[2022-08-09 15:03:26] [    INFO] 查找元素：('xpath', '//div[text()="周本林"][@id="pq-body-cell-u0-0-5-right"]') (basics.py:107)
[2022-08-09 15:03:26] [    INFO] 查找元素：('xpath', '//input[@name="subject"]') (basics.py:107)
[2022-08-09 15:03:26] [    INFO] 点击元素：('xpath', '//input[@name="subject"]') (basics.py:191)
[2022-08-09 15:03:27] [    INFO] 查找元素：('xpath', '//input[@name="subject"]') (basics.py:107)
[2022-08-09 15:03:27] [    INFO] 输入文本：20220628000011 (basics.py:138)
[2022-08-09 15:03:27] [    INFO] 查找元素：('xpath', '//button[text()=" 查询"]') (basics.py:107)
[2022-08-09 15:03:27] [    INFO] 点击元素：('xpath', '//button[text()=" 查询"]') (basics.py:191)
[2022-08-09 15:03:28] [    INFO] 查找元素：('xpath', '//input[@name="subject"]') (basics.py:107)
[2022-08-09 15:03:28] [    INFO] 查找元素：('xpath', '//button[text()=" 查询"]') (basics.py:107)
[2022-08-09 15:03:28] [    INFO] 点击元素：('xpath', '//button[text()=" 查询"]') (basics.py:191)
[2022-08-09 15:03:29] [    INFO] 查找元素：('xpath', '//span[text()="供应商审核报告：20220628000011"]') (basics.py:107)
[2022-08-09 15:03:29] [    INFO] 查找元素：('xpath', '//button[text()=" 更多"]') (basics.py:107)
[2022-08-09 15:03:29] [    INFO] 点击元素：('xpath', '//button[text()=" 更多"]') (basics.py:191)
[2022-08-09 15:03:29] [    INFO] 查找元素：('xpath', '//input[@name="promoterName"]') (basics.py:107)
[2022-08-09 15:03:29] [    INFO] 点击元素：('xpath', '//input[@name="promoterName"]') (basics.py:191)
[2022-08-09 15:03:30] [    INFO] 查找元素：('xpath', '//input[@name="promoterName"]') (basics.py:107)
[2022-08-09 15:03:30] [    INFO] 输入文本：管理员 (basics.py:138)
[2022-08-09 15:03:30] [    INFO] 查找元素：('xpath', '//button[text()=" 查询"]') (basics.py:107)
[2022-08-09 15:03:30] [    INFO] 点击元素：('xpath', '//button[text()=" 查询"]') (basics.py:191)
[2022-08-09 15:03:31] [    INFO] 查找元素：('xpath', '//a[text()=" 审批历史"]') (basics.py:107)
[2022-08-09 15:03:31] [    INFO] 点击元素：('xpath', '//a[text()=" 审批历史"]') (basics.py:191)
[2022-08-09 15:03:32] [    INFO] 查找元素：('xpath', '//div[@class="winTitle"]/span[text()="审批历史 "]') (basics.py:107)
[2022-08-09 15:18:34] [    INFO] 【SRM】项目【test】环境- UI自动化开始执行 (conftest.py:17)
[2022-08-09 15:18:34] [    INFO] 前置条件：传音统一登录开始 (conftest.py:22)
[2022-08-09 15:18:35] [    INFO] 打开网页：http://sitsrm.transsion.com/ELSServer_CY/login/login.html (basics.py:64)
[2022-08-09 15:18:35] [    INFO] 查找元素：('xpath', '//input[@id="elsAccount"]') (basics.py:107)
[2022-08-09 15:18:35] [    INFO] 输入文本：860000 (basics.py:138)
[2022-08-09 15:18:36] [    INFO] 查找元素：('xpath', '//input[@id="elsSubAccount"]') (basics.py:107)
[2022-08-09 15:18:36] [    INFO] 输入文本：1001 (basics.py:138)
[2022-08-09 15:18:36] [    INFO] 查找元素：('xpath', '//input[@type="password"]') (basics.py:107)
[2022-08-09 15:18:37] [    INFO] 输入文本：1qaz@WSX (basics.py:138)
[2022-08-09 15:18:37] [    INFO] 查找元素：('xpath', '//input[@id="identifyCode"]') (basics.py:107)
[2022-08-09 15:18:37] [    INFO] 点击元素：('xpath', '//input[@id="identifyCode"]') (basics.py:191)
[2022-08-09 15:18:38] [    INFO] 查找元素：('xpath', '//img[@id="code"]') (basics.py:107)
[2022-08-09 15:18:39] [    INFO] 查找元素：('xpath', '//input[@id="identifyCode"]') (basics.py:107)
[2022-08-09 15:18:39] [    INFO] 输入文本：2758 (basics.py:138)
[2022-08-09 15:18:39] [    INFO] 查找元素：('xpath', '//button[@id="submit_btn"]') (basics.py:107)
[2022-08-09 15:18:39] [    INFO] 点击元素：('xpath', '//button[@id="submit_btn"]') (basics.py:191)
[2022-08-09 15:18:41] [    INFO] 断言成功：URL为预期一致 | URL: http://sitsrm.transsion.com/ELSServer_CY/default.jsp?account=860000_1001 (assert_ui.py:190)
[2022-08-09 15:18:41] [    INFO] 前置条件：传音统一登录成功 (conftest.py:31)
[2022-08-09 15:18:41] [    INFO] 查找元素：('xpath', '//span[@title="审批列表"]') (basics.py:107)
[2022-08-09 15:18:41] [    INFO] 点击元素：('xpath', '//span[@title="审批列表"]') (basics.py:191)
[2022-08-09 15:18:43] [    INFO] 查找元素：('xpath', '//div[@class="winTitle"]/span[text()="审批列表 "]') (basics.py:107)
[2022-08-09 15:18:43] [    INFO] 查找元素：('xpath', '//iframe[@name="iframeApp_auditList"]') (basics.py:107)
[2022-08-09 15:18:43] [    INFO] 查找元素：('xpath', '//input[@name="taskName"]') (basics.py:107)
[2022-08-09 15:18:44] [    INFO] 点击元素：('xpath', '//input[@name="taskName"]') (basics.py:191)
[2022-08-09 15:18:45] [    INFO] 查找元素：('xpath', '//input[@name="taskName"]') (basics.py:107)
[2022-08-09 15:18:45] [    INFO] 输入文本：周本林 (basics.py:138)
[2022-08-09 15:18:45] [    INFO] 查找元素：('xpath', '//button[text()=" 查询"]') (basics.py:107)
[2022-08-09 15:18:45] [    INFO] 点击元素：('xpath', '//button[text()=" 查询"]') (basics.py:191)
[2022-08-09 15:18:45] [    INFO] 查找元素：('xpath', '//input[@name="taskName"]') (basics.py:107)
[2022-08-09 15:18:45] [    INFO] 查找元素：('xpath', '//button[text()=" 查询"]') (basics.py:107)
[2022-08-09 15:18:45] [    INFO] 点击元素：('xpath', '//button[text()=" 查询"]') (basics.py:191)
[2022-08-09 15:18:46] [    INFO] 查找元素：('xpath', '//div[text()="周本林"][@id="pq-body-cell-u0-0-5-right"]') (basics.py:107)
[2022-08-09 15:18:46] [    INFO] 查找元素：('xpath', '//input[@name="subject"]') (basics.py:107)
[2022-08-09 15:18:46] [    INFO] 点击元素：('xpath', '//input[@name="subject"]') (basics.py:191)
[2022-08-09 15:18:47] [    INFO] 查找元素：('xpath', '//input[@name="subject"]') (basics.py:107)
[2022-08-09 15:18:47] [    INFO] 输入文本：20220628000011 (basics.py:138)
[2022-08-09 15:18:47] [    INFO] 查找元素：('xpath', '//button[text()=" 查询"]') (basics.py:107)
[2022-08-09 15:18:47] [    INFO] 点击元素：('xpath', '//button[text()=" 查询"]') (basics.py:191)
[2022-08-09 15:18:48] [    INFO] 查找元素：('xpath', '//input[@name="subject"]') (basics.py:107)
[2022-08-09 15:18:48] [    INFO] 查找元素：('xpath', '//button[text()=" 查询"]') (basics.py:107)
[2022-08-09 15:18:48] [    INFO] 点击元素：('xpath', '//button[text()=" 查询"]') (basics.py:191)
[2022-08-09 15:18:48] [    INFO] 查找元素：('xpath', '//span[text()="供应商审核报告：20220628000011"]') (basics.py:107)
[2022-08-09 15:18:49] [    INFO] 查找元素：('xpath', '//button[text()=" 更多"]') (basics.py:107)
[2022-08-09 15:18:49] [    INFO] 点击元素：('xpath', '//button[text()=" 更多"]') (basics.py:191)
[2022-08-09 15:18:49] [    INFO] 查找元素：('xpath', '//input[@name="promoterName"]') (basics.py:107)
[2022-08-09 15:18:49] [    INFO] 点击元素：('xpath', '//input[@name="promoterName"]') (basics.py:191)
[2022-08-09 15:18:50] [    INFO] 查找元素：('xpath', '//input[@name="promoterName"]') (basics.py:107)
[2022-08-09 15:18:50] [    INFO] 输入文本：管理员 (basics.py:138)
[2022-08-09 15:18:50] [    INFO] 查找元素：('xpath', '//button[text()=" 查询"]') (basics.py:107)
[2022-08-09 15:18:50] [    INFO] 点击元素：('xpath', '//button[text()=" 查询"]') (basics.py:191)
[2022-08-09 15:18:51] [    INFO] 查找元素：('xpath', '//a[text()=" 审批历史"]') (basics.py:107)
[2022-08-09 15:18:51] [    INFO] 点击元素：('xpath', '//a[text()=" 审批历史"]') (basics.py:191)
[2022-08-09 15:18:54] [    INFO] 查找元素：('xpath', '//div[@class="winTitle"]/span[text()="审批历史 "]') (basics.py:107)
[2022-08-09 15:21:17] [    INFO] 【SRM】项目【test】环境- UI自动化开始执行 (conftest.py:17)
[2022-08-09 15:21:17] [    INFO] 前置条件：传音统一登录开始 (conftest.py:22)
[2022-08-09 15:21:17] [    INFO] 打开网页：http://sitsrm.transsion.com/ELSServer_CY/login/login.html (basics.py:64)
[2022-08-09 15:21:18] [    INFO] 查找元素：('xpath', '//input[@id="elsAccount"]') (basics.py:107)
[2022-08-09 15:21:18] [    INFO] 输入文本：860000 (basics.py:138)
[2022-08-09 15:21:19] [    INFO] 查找元素：('xpath', '//input[@id="elsSubAccount"]') (basics.py:107)
[2022-08-09 15:21:19] [    INFO] 输入文本：1001 (basics.py:138)
[2022-08-09 15:21:19] [    INFO] 查找元素：('xpath', '//input[@type="password"]') (basics.py:107)
[2022-08-09 15:21:19] [    INFO] 输入文本：1qaz@WSX (basics.py:138)
[2022-08-09 15:21:19] [    INFO] 查找元素：('xpath', '//input[@id="identifyCode"]') (basics.py:107)
[2022-08-09 15:21:19] [    INFO] 点击元素：('xpath', '//input[@id="identifyCode"]') (basics.py:191)
[2022-08-09 15:21:21] [    INFO] 查找元素：('xpath', '//img[@id="code"]') (basics.py:107)
[2022-08-09 15:21:22] [    INFO] 查找元素：('xpath', '//input[@id="identifyCode"]') (basics.py:107)
[2022-08-09 15:21:22] [    INFO] 输入文本：3202 (basics.py:138)
[2022-08-09 15:21:22] [    INFO] 查找元素：('xpath', '//button[@id="submit_btn"]') (basics.py:107)
[2022-08-09 15:21:22] [    INFO] 点击元素：('xpath', '//button[@id="submit_btn"]') (basics.py:191)
[2022-08-09 15:21:23] [    INFO] 断言成功：URL为预期一致 | URL: http://sitsrm.transsion.com/ELSServer_CY/default.jsp?account=860000_1001 (assert_ui.py:190)
[2022-08-09 15:21:23] [    INFO] 前置条件：传音统一登录成功 (conftest.py:31)
[2022-08-09 15:21:23] [    INFO] 查找元素：('xpath', '//span[@title="审批列表"]') (basics.py:107)
[2022-08-09 15:21:23] [    INFO] 点击元素：('xpath', '//span[@title="审批列表"]') (basics.py:191)
[2022-08-09 15:21:26] [    INFO] 查找元素：('xpath', '//div[@class="winTitle"]/span[text()="审批列表 "]') (basics.py:107)
[2022-08-09 15:21:26] [    INFO] 查找元素：('xpath', '//iframe[@name="iframeApp_auditList"]') (basics.py:107)
[2022-08-09 15:21:26] [    INFO] 查找元素：('xpath', '//input[@name="taskName"]') (basics.py:107)
[2022-08-09 15:21:26] [    INFO] 点击元素：('xpath', '//input[@name="taskName"]') (basics.py:191)
[2022-08-09 15:21:27] [    INFO] 查找元素：('xpath', '//input[@name="taskName"]') (basics.py:107)
[2022-08-09 15:21:27] [    INFO] 输入文本：周本林 (basics.py:138)
[2022-08-09 15:21:27] [    INFO] 查找元素：('xpath', '//button[text()=" 查询"]') (basics.py:107)
[2022-08-09 15:21:27] [    INFO] 点击元素：('xpath', '//button[text()=" 查询"]') (basics.py:191)
[2022-08-09 15:21:27] [    INFO] 查找元素：('xpath', '//input[@name="taskName"]') (basics.py:107)
[2022-08-09 15:21:27] [    INFO] 查找元素：('xpath', '//button[text()=" 查询"]') (basics.py:107)
[2022-08-09 15:21:27] [    INFO] 点击元素：('xpath', '//button[text()=" 查询"]') (basics.py:191)
[2022-08-09 15:21:28] [    INFO] 查找元素：('xpath', '//div[text()="周本林"][@id="pq-body-cell-u0-0-5-right"]') (basics.py:107)
[2022-08-09 15:21:28] [    INFO] 查找元素：('xpath', '//input[@name="subject"]') (basics.py:107)
[2022-08-09 15:21:28] [    INFO] 点击元素：('xpath', '//input[@name="subject"]') (basics.py:191)
[2022-08-09 15:21:29] [    INFO] 查找元素：('xpath', '//input[@name="subject"]') (basics.py:107)
[2022-08-09 15:21:29] [    INFO] 输入文本：20220628000011 (basics.py:138)
[2022-08-09 15:21:29] [    INFO] 查找元素：('xpath', '//button[text()=" 查询"]') (basics.py:107)
[2022-08-09 15:21:29] [    INFO] 点击元素：('xpath', '//button[text()=" 查询"]') (basics.py:191)
[2022-08-09 15:21:30] [    INFO] 查找元素：('xpath', '//input[@name="subject"]') (basics.py:107)
[2022-08-09 15:21:30] [    INFO] 查找元素：('xpath', '//button[text()=" 查询"]') (basics.py:107)
[2022-08-09 15:21:30] [    INFO] 点击元素：('xpath', '//button[text()=" 查询"]') (basics.py:191)
[2022-08-09 15:21:30] [    INFO] 查找元素：('xpath', '//span[text()="供应商审核报告：20220628000011"]') (basics.py:107)
[2022-08-09 15:21:30] [    INFO] 查找元素：('xpath', '//button[text()=" 更多"]') (basics.py:107)
[2022-08-09 15:21:31] [    INFO] 点击元素：('xpath', '//button[text()=" 更多"]') (basics.py:191)
[2022-08-09 15:21:31] [    INFO] 查找元素：('xpath', '//input[@name="promoterName"]') (basics.py:107)
[2022-08-09 15:21:31] [    INFO] 点击元素：('xpath', '//input[@name="promoterName"]') (basics.py:191)
[2022-08-09 15:21:32] [    INFO] 查找元素：('xpath', '//input[@name="promoterName"]') (basics.py:107)
[2022-08-09 15:21:32] [    INFO] 输入文本：管理员 (basics.py:138)
[2022-08-09 15:21:32] [    INFO] 查找元素：('xpath', '//button[text()=" 查询"]') (basics.py:107)
[2022-08-09 15:21:32] [    INFO] 点击元素：('xpath', '//button[text()=" 查询"]') (basics.py:191)
[2022-08-09 15:21:33] [    INFO] 查找元素：('xpath', '//a[text()=" 审批历史"]') (basics.py:107)
[2022-08-09 15:21:33] [    INFO] 点击元素：('xpath', '//a[text()=" 审批历史"]') (basics.py:191)
[2022-08-09 15:23:20] [    INFO] 【SRM】项目【test】环境- UI自动化开始执行 (conftest.py:17)
[2022-08-09 15:23:20] [    INFO] 前置条件：传音统一登录开始 (conftest.py:22)
[2022-08-09 15:23:21] [    INFO] 打开网页：http://sitsrm.transsion.com/ELSServer_CY/login/login.html (basics.py:64)
[2022-08-09 15:23:21] [    INFO] 查找元素：('xpath', '//input[@id="elsAccount"]') (basics.py:107)
[2022-08-09 15:23:21] [    INFO] 输入文本：860000 (basics.py:138)
[2022-08-09 15:23:22] [    INFO] 查找元素：('xpath', '//input[@id="elsSubAccount"]') (basics.py:107)
[2022-08-09 15:23:22] [    INFO] 输入文本：1001 (basics.py:138)
[2022-08-09 15:23:23] [    INFO] 查找元素：('xpath', '//input[@type="password"]') (basics.py:107)
[2022-08-09 15:23:23] [    INFO] 输入文本：1qaz@WSX (basics.py:138)
[2022-08-09 15:23:23] [    INFO] 查找元素：('xpath', '//input[@id="identifyCode"]') (basics.py:107)
[2022-08-09 15:23:23] [    INFO] 点击元素：('xpath', '//input[@id="identifyCode"]') (basics.py:191)
[2022-08-09 15:23:24] [    INFO] 查找元素：('xpath', '//img[@id="code"]') (basics.py:107)
[2022-08-09 15:23:25] [    INFO] 查找元素：('xpath', '//input[@id="identifyCode"]') (basics.py:107)
[2022-08-09 15:23:25] [    INFO] 输入文本：5055 (basics.py:138)
[2022-08-09 15:23:25] [    INFO] 查找元素：('xpath', '//button[@id="submit_btn"]') (basics.py:107)
[2022-08-09 15:23:25] [    INFO] 点击元素：('xpath', '//button[@id="submit_btn"]') (basics.py:191)
[2022-08-09 15:23:26] [    INFO] 断言成功：URL为预期一致 | URL: http://sitsrm.transsion.com/ELSServer_CY/default.jsp?account=860000_1001 (assert_ui.py:190)
[2022-08-09 15:23:26] [    INFO] 前置条件：传音统一登录成功 (conftest.py:31)
[2022-08-09 15:23:26] [    INFO] 查找元素：('xpath', '//span[@title="审批列表"]') (basics.py:107)
[2022-08-09 15:23:27] [    INFO] 点击元素：('xpath', '//span[@title="审批列表"]') (basics.py:191)
[2022-08-09 15:23:29] [    INFO] 查找元素：('xpath', '//div[@class="winTitle"]/span[text()="审批列表 "]') (basics.py:107)
[2022-08-09 15:23:29] [    INFO] 查找元素：('xpath', '//iframe[@name="iframeApp_auditList"]') (basics.py:107)
[2022-08-09 15:23:29] [    INFO] 查找元素：('xpath', '//input[@name="taskName"]') (basics.py:107)
[2022-08-09 15:23:29] [    INFO] 点击元素：('xpath', '//input[@name="taskName"]') (basics.py:191)
[2022-08-09 15:23:30] [    INFO] 查找元素：('xpath', '//input[@name="taskName"]') (basics.py:107)
[2022-08-09 15:23:31] [    INFO] 输入文本：周本林 (basics.py:138)
[2022-08-09 15:23:31] [    INFO] 查找元素：('xpath', '//button[text()=" 查询"]') (basics.py:107)
[2022-08-09 15:23:31] [    INFO] 点击元素：('xpath', '//button[text()=" 查询"]') (basics.py:191)
[2022-08-09 15:23:31] [    INFO] 查找元素：('xpath', '//input[@name="taskName"]') (basics.py:107)
[2022-08-09 15:23:31] [    INFO] 查找元素：('xpath', '//button[text()=" 查询"]') (basics.py:107)
[2022-08-09 15:23:31] [    INFO] 点击元素：('xpath', '//button[text()=" 查询"]') (basics.py:191)
[2022-08-09 15:23:32] [    INFO] 查找元素：('xpath', '//div[text()="周本林"][@id="pq-body-cell-u0-0-5-right"]') (basics.py:107)
[2022-08-09 15:23:32] [    INFO] 查找元素：('xpath', '//input[@name="subject"]') (basics.py:107)
[2022-08-09 15:23:32] [    INFO] 点击元素：('xpath', '//input[@name="subject"]') (basics.py:191)
[2022-08-09 15:23:33] [    INFO] 查找元素：('xpath', '//input[@name="subject"]') (basics.py:107)
[2022-08-09 15:23:33] [    INFO] 输入文本：20220628000011 (basics.py:138)
[2022-08-09 15:23:33] [    INFO] 查找元素：('xpath', '//button[text()=" 查询"]') (basics.py:107)
[2022-08-09 15:23:33] [    INFO] 点击元素：('xpath', '//button[text()=" 查询"]') (basics.py:191)
[2022-08-09 15:23:34] [    INFO] 查找元素：('xpath', '//input[@name="subject"]') (basics.py:107)
[2022-08-09 15:23:34] [    INFO] 查找元素：('xpath', '//button[text()=" 查询"]') (basics.py:107)
[2022-08-09 15:23:34] [    INFO] 点击元素：('xpath', '//button[text()=" 查询"]') (basics.py:191)
[2022-08-09 15:23:34] [    INFO] 查找元素：('xpath', '//span[text()="供应商审核报告：20220628000011"]') (basics.py:107)
[2022-08-09 15:23:34] [    INFO] 查找元素：('xpath', '//button[text()=" 更多"]') (basics.py:107)
[2022-08-09 15:23:34] [    INFO] 点击元素：('xpath', '//button[text()=" 更多"]') (basics.py:191)
[2022-08-09 15:23:35] [    INFO] 查找元素：('xpath', '//input[@name="promoterName"]') (basics.py:107)
[2022-08-09 15:23:35] [    INFO] 点击元素：('xpath', '//input[@name="promoterName"]') (basics.py:191)
[2022-08-09 15:23:36] [    INFO] 查找元素：('xpath', '//input[@name="promoterName"]') (basics.py:107)
[2022-08-09 15:23:36] [    INFO] 输入文本：管理员 (basics.py:138)
[2022-08-09 15:23:36] [    INFO] 查找元素：('xpath', '//button[text()=" 查询"]') (basics.py:107)
[2022-08-09 15:23:36] [    INFO] 点击元素：('xpath', '//button[text()=" 查询"]') (basics.py:191)
[2022-08-09 15:23:37] [    INFO] 查找元素：('xpath', '//a[text()=" 审批历史"]') (basics.py:107)
[2022-08-09 15:23:37] [    INFO] 点击元素：('xpath', '//a[text()=" 审批历史"]') (basics.py:191)
[2022-08-09 15:25:17] [    INFO] 【SRM】项目【test】环境- UI自动化开始执行 (conftest.py:17)
[2022-08-09 15:25:17] [    INFO] 前置条件：传音统一登录开始 (conftest.py:22)
[2022-08-09 15:25:18] [    INFO] 打开网页：http://sitsrm.transsion.com/ELSServer_CY/login/login.html (basics.py:64)
[2022-08-09 15:25:18] [    INFO] 查找元素：('xpath', '//input[@id="elsAccount"]') (basics.py:107)
[2022-08-09 15:25:18] [    INFO] 输入文本：860000 (basics.py:138)
[2022-08-09 15:25:19] [    INFO] 查找元素：('xpath', '//input[@id="elsSubAccount"]') (basics.py:107)
[2022-08-09 15:25:19] [    INFO] 输入文本：1001 (basics.py:138)
[2022-08-09 15:25:19] [    INFO] 查找元素：('xpath', '//input[@type="password"]') (basics.py:107)
[2022-08-09 15:25:20] [    INFO] 输入文本：1qaz@WSX (basics.py:138)
[2022-08-09 15:25:20] [    INFO] 查找元素：('xpath', '//input[@id="identifyCode"]') (basics.py:107)
[2022-08-09 15:25:20] [    INFO] 点击元素：('xpath', '//input[@id="identifyCode"]') (basics.py:191)
[2022-08-09 15:25:21] [    INFO] 查找元素：('xpath', '//img[@id="code"]') (basics.py:107)
[2022-08-09 15:25:22] [    INFO] 查找元素：('xpath', '//input[@id="identifyCode"]') (basics.py:107)
[2022-08-09 15:25:22] [    INFO] 输入文本：9798 (basics.py:138)
[2022-08-09 15:25:22] [    INFO] 查找元素：('xpath', '//button[@id="submit_btn"]') (basics.py:107)
[2022-08-09 15:25:23] [    INFO] 点击元素：('xpath', '//button[@id="submit_btn"]') (basics.py:191)
[2022-08-09 15:25:24] [    INFO] 断言成功：URL为预期一致 | URL: http://sitsrm.transsion.com/ELSServer_CY/default.jsp?account=860000_1001 (assert_ui.py:190)
[2022-08-09 15:25:24] [    INFO] 前置条件：传音统一登录成功 (conftest.py:31)
[2022-08-09 15:25:24] [    INFO] 查找元素：('xpath', '//span[@title="审批列表"]') (basics.py:107)
[2022-08-09 15:25:24] [    INFO] 点击元素：('xpath', '//span[@title="审批列表"]') (basics.py:191)
[2022-08-09 15:25:27] [    INFO] 查找元素：('xpath', '//div[@class="winTitle"]/span[text()="审批列表 "]') (basics.py:107)
[2022-08-09 15:25:27] [    INFO] 查找元素：('xpath', '//iframe[@name="iframeApp_auditList"]') (basics.py:107)
[2022-08-09 15:25:27] [    INFO] 查找元素：('xpath', '//input[@name="taskName"]') (basics.py:107)
[2022-08-09 15:25:27] [    INFO] 点击元素：('xpath', '//input[@name="taskName"]') (basics.py:191)
[2022-08-09 15:25:28] [    INFO] 查找元素：('xpath', '//input[@name="taskName"]') (basics.py:107)
[2022-08-09 15:25:28] [    INFO] 输入文本：周本林 (basics.py:138)
[2022-08-09 15:25:28] [    INFO] 查找元素：('xpath', '//button[text()=" 查询"]') (basics.py:107)
[2022-08-09 15:25:28] [    INFO] 点击元素：('xpath', '//button[text()=" 查询"]') (basics.py:191)
[2022-08-09 15:25:29] [    INFO] 查找元素：('xpath', '//input[@name="taskName"]') (basics.py:107)
[2022-08-09 15:25:29] [    INFO] 查找元素：('xpath', '//button[text()=" 查询"]') (basics.py:107)
[2022-08-09 15:25:29] [    INFO] 点击元素：('xpath', '//button[text()=" 查询"]') (basics.py:191)
[2022-08-09 15:25:29] [    INFO] 查找元素：('xpath', '//div[text()="周本林"][@id="pq-body-cell-u0-0-5-right"]') (basics.py:107)
[2022-08-09 15:25:29] [    INFO] 查找元素：('xpath', '//input[@name="subject"]') (basics.py:107)
[2022-08-09 15:25:29] [    INFO] 点击元素：('xpath', '//input[@name="subject"]') (basics.py:191)
[2022-08-09 15:25:30] [    INFO] 查找元素：('xpath', '//input[@name="subject"]') (basics.py:107)
[2022-08-09 15:25:30] [    INFO] 输入文本：20220628000011 (basics.py:138)
[2022-08-09 15:25:30] [    INFO] 查找元素：('xpath', '//button[text()=" 查询"]') (basics.py:107)
[2022-08-09 15:25:31] [    INFO] 点击元素：('xpath', '//button[text()=" 查询"]') (basics.py:191)
[2022-08-09 15:25:31] [    INFO] 查找元素：('xpath', '//input[@name="subject"]') (basics.py:107)
[2022-08-09 15:25:31] [    INFO] 查找元素：('xpath', '//button[text()=" 查询"]') (basics.py:107)
[2022-08-09 15:25:31] [    INFO] 点击元素：('xpath', '//button[text()=" 查询"]') (basics.py:191)
[2022-08-09 15:25:32] [    INFO] 查找元素：('xpath', '//span[text()="供应商审核报告：20220628000011"]') (basics.py:107)
[2022-08-09 15:25:32] [    INFO] 查找元素：('xpath', '//button[text()=" 更多"]') (basics.py:107)
[2022-08-09 15:25:32] [    INFO] 点击元素：('xpath', '//button[text()=" 更多"]') (basics.py:191)
[2022-08-09 15:25:32] [    INFO] 查找元素：('xpath', '//input[@name="promoterName"]') (basics.py:107)
[2022-08-09 15:25:32] [    INFO] 点击元素：('xpath', '//input[@name="promoterName"]') (basics.py:191)
[2022-08-09 15:25:33] [    INFO] 查找元素：('xpath', '//input[@name="promoterName"]') (basics.py:107)
[2022-08-09 15:25:34] [    INFO] 输入文本：管理员 (basics.py:138)
[2022-08-09 15:25:34] [    INFO] 查找元素：('xpath', '//button[text()=" 查询"]') (basics.py:107)
[2022-08-09 15:25:34] [    INFO] 点击元素：('xpath', '//button[text()=" 查询"]') (basics.py:191)
[2022-08-09 15:25:34] [    INFO] 查找元素：('xpath', '//a[text()=" 审批历史"]') (basics.py:107)
[2022-08-09 15:25:34] [    INFO] 点击元素：('xpath', '//a[text()=" 审批历史"]') (basics.py:191)
[2022-08-09 15:29:34] [    INFO] 【SRM】项目【test】环境- UI自动化开始执行 (conftest.py:17)
[2022-08-09 15:29:34] [    INFO] 前置条件：传音统一登录开始 (conftest.py:22)
[2022-08-09 15:29:35] [    INFO] 打开网页：http://sitsrm.transsion.com/ELSServer_CY/login/login.html (basics.py:64)
[2022-08-09 15:29:35] [    INFO] 查找元素：('xpath', '//input[@id="elsAccount"]') (basics.py:107)
[2022-08-09 15:29:36] [    INFO] 输入文本：860000 (basics.py:138)
[2022-08-09 15:29:36] [    INFO] 查找元素：('xpath', '//input[@id="elsSubAccount"]') (basics.py:107)
[2022-08-09 15:29:36] [    INFO] 输入文本：1001 (basics.py:138)
[2022-08-09 15:29:37] [    INFO] 查找元素：('xpath', '//input[@type="password"]') (basics.py:107)
[2022-08-09 15:29:37] [    INFO] 输入文本：1qaz@WSX (basics.py:138)
[2022-08-09 15:29:37] [    INFO] 查找元素：('xpath', '//input[@id="identifyCode"]') (basics.py:107)
[2022-08-09 15:29:37] [    INFO] 点击元素：('xpath', '//input[@id="identifyCode"]') (basics.py:191)
[2022-08-09 15:29:38] [    INFO] 查找元素：('xpath', '//img[@id="code"]') (basics.py:107)
[2022-08-09 15:29:40] [    INFO] 查找元素：('xpath', '//input[@id="identifyCode"]') (basics.py:107)
[2022-08-09 15:29:40] [    INFO] 输入文本：2199 (basics.py:138)
[2022-08-09 15:29:40] [    INFO] 查找元素：('xpath', '//button[@id="submit_btn"]') (basics.py:107)
[2022-08-09 15:29:40] [    INFO] 点击元素：('xpath', '//button[@id="submit_btn"]') (basics.py:191)
[2022-08-09 15:29:41] [    INFO] 断言成功：URL为预期一致 | URL: http://sitsrm.transsion.com/ELSServer_CY/default.jsp?account=860000_1001 (assert_ui.py:190)
[2022-08-09 15:29:41] [    INFO] 前置条件：传音统一登录成功 (conftest.py:31)
[2022-08-09 15:29:41] [    INFO] 查找元素：('xpath', '//span[@title="审批列表"]') (basics.py:107)
[2022-08-09 15:29:42] [    INFO] 点击元素：('xpath', '//span[@title="审批列表"]') (basics.py:191)
[2022-08-09 15:29:44] [    INFO] 查找元素：('xpath', '//div[@class="winTitle"]/span[text()="审批列表 "]') (basics.py:107)
[2022-08-09 15:29:44] [    INFO] 查找元素：('xpath', '//a[text()=" 审批历史"]') (basics.py:107)
[2022-08-09 15:32:44] [    INFO] 【SRM】项目【test】环境- UI自动化开始执行 (conftest.py:17)
[2022-08-09 15:32:44] [    INFO] 前置条件：传音统一登录开始 (conftest.py:22)
[2022-08-09 15:32:45] [    INFO] 打开网页：http://sitsrm.transsion.com/ELSServer_CY/login/login.html (basics.py:64)
[2022-08-09 15:32:46] [    INFO] 查找元素：('xpath', '//input[@id="elsAccount"]') (basics.py:107)
[2022-08-09 15:32:46] [    INFO] 输入文本：860000 (basics.py:138)
[2022-08-09 15:32:46] [    INFO] 查找元素：('xpath', '//input[@id="elsSubAccount"]') (basics.py:107)
[2022-08-09 15:32:46] [    INFO] 输入文本：1001 (basics.py:138)
[2022-08-09 15:32:47] [    INFO] 查找元素：('xpath', '//input[@type="password"]') (basics.py:107)
[2022-08-09 15:32:47] [    INFO] 输入文本：1qaz@WSX (basics.py:138)
[2022-08-09 15:32:47] [    INFO] 查找元素：('xpath', '//input[@id="identifyCode"]') (basics.py:107)
[2022-08-09 15:32:47] [    INFO] 点击元素：('xpath', '//input[@id="identifyCode"]') (basics.py:191)
[2022-08-09 15:32:48] [    INFO] 查找元素：('xpath', '//img[@id="code"]') (basics.py:107)
[2022-08-09 15:32:50] [    INFO] 查找元素：('xpath', '//input[@id="identifyCode"]') (basics.py:107)
[2022-08-09 15:32:50] [    INFO] 输入文本：1473 (basics.py:138)
[2022-08-09 15:32:50] [    INFO] 查找元素：('xpath', '//button[@id="submit_btn"]') (basics.py:107)
[2022-08-09 15:32:50] [    INFO] 点击元素：('xpath', '//button[@id="submit_btn"]') (basics.py:191)
[2022-08-09 15:32:50] [ WARNING] 断言失败：URL为预期不一致 | URL: http://sitsrm.transsion.com/ELSServer_CY/login/login.html (assert_ui.py:189)
[2022-08-09 15:32:50] [   ERROR] None
assert 'http://sitsrm.transsion.com/ELSServer_CY/default.jsp?account=860000_1001' in 'http://sitsrm.transsion.com/ELSServer_CY/login/login.html' (assert_ui.py:192)
[2022-08-09 15:33:01] [    INFO] 【SRM】项目【test】环境- UI自动化开始执行 (conftest.py:17)
[2022-08-09 15:33:01] [    INFO] 前置条件：传音统一登录开始 (conftest.py:22)
[2022-08-09 15:33:01] [    INFO] 打开网页：http://sitsrm.transsion.com/ELSServer_CY/login/login.html (basics.py:64)
[2022-08-09 15:33:02] [    INFO] 查找元素：('xpath', '//input[@id="elsAccount"]') (basics.py:107)
[2022-08-09 15:33:02] [    INFO] 输入文本：860000 (basics.py:138)
[2022-08-09 15:33:03] [    INFO] 查找元素：('xpath', '//input[@id="elsSubAccount"]') (basics.py:107)
[2022-08-09 15:33:03] [    INFO] 输入文本：1001 (basics.py:138)
[2022-08-09 15:33:03] [    INFO] 查找元素：('xpath', '//input[@type="password"]') (basics.py:107)
[2022-08-09 15:33:03] [    INFO] 输入文本：1qaz@WSX (basics.py:138)
[2022-08-09 15:33:03] [    INFO] 查找元素：('xpath', '//input[@id="identifyCode"]') (basics.py:107)
[2022-08-09 15:33:03] [    INFO] 点击元素：('xpath', '//input[@id="identifyCode"]') (basics.py:191)
[2022-08-09 15:33:05] [    INFO] 查找元素：('xpath', '//img[@id="code"]') (basics.py:107)
[2022-08-09 15:33:06] [    INFO] 查找元素：('xpath', '//input[@id="identifyCode"]') (basics.py:107)
[2022-08-09 15:33:06] [    INFO] 输入文本：2848 (basics.py:138)
[2022-08-09 15:33:06] [    INFO] 查找元素：('xpath', '//button[@id="submit_btn"]') (basics.py:107)
[2022-08-09 15:33:07] [    INFO] 点击元素：('xpath', '//button[@id="submit_btn"]') (basics.py:191)
[2022-08-09 15:33:08] [    INFO] 断言成功：URL为预期一致 | URL: http://sitsrm.transsion.com/ELSServer_CY/default.jsp?account=860000_1001 (assert_ui.py:190)
[2022-08-09 15:33:08] [    INFO] 前置条件：传音统一登录成功 (conftest.py:31)
[2022-08-09 15:33:08] [    INFO] 查找元素：('xpath', '//span[@title="审批列表"]') (basics.py:107)
[2022-08-09 15:33:08] [    INFO] 点击元素：('xpath', '//span[@title="审批列表"]') (basics.py:191)
[2022-08-09 15:33:10] [    INFO] 查找元素：('xpath', '//div[@class="winTitle"]/span[text()="审批列表 "]') (basics.py:107)
[2022-08-09 15:33:10] [    INFO] 查找元素：('xpath', '//iframe[@name="iframeApp_auditList"]') (basics.py:107)
[2022-08-09 15:33:11] [    INFO] 查找元素：('xpath', '//input[@name="taskName"]') (basics.py:107)
[2022-08-09 15:33:11] [    INFO] 点击元素：('xpath', '//input[@name="taskName"]') (basics.py:191)
[2022-08-09 15:33:12] [    INFO] 查找元素：('xpath', '//input[@name="taskName"]') (basics.py:107)
[2022-08-09 15:33:12] [    INFO] 输入文本：周本林 (basics.py:138)
[2022-08-09 15:33:12] [    INFO] 查找元素：('xpath', '//button[text()=" 查询"]') (basics.py:107)
[2022-08-09 15:33:12] [    INFO] 点击元素：('xpath', '//button[text()=" 查询"]') (basics.py:191)
[2022-08-09 15:33:13] [    INFO] 查找元素：('xpath', '//input[@name="taskName"]') (basics.py:107)
[2022-08-09 15:33:13] [    INFO] 查找元素：('xpath', '//button[text()=" 查询"]') (basics.py:107)
[2022-08-09 15:33:13] [    INFO] 点击元素：('xpath', '//button[text()=" 查询"]') (basics.py:191)
[2022-08-09 15:33:13] [    INFO] 查找元素：('xpath', '//div[text()="周本林"][@id="pq-body-cell-u0-0-5-right"]') (basics.py:107)
[2022-08-09 15:33:13] [    INFO] 查找元素：('xpath', '//input[@name="subject"]') (basics.py:107)
[2022-08-09 15:33:13] [    INFO] 点击元素：('xpath', '//input[@name="subject"]') (basics.py:191)
[2022-08-09 15:33:14] [    INFO] 查找元素：('xpath', '//input[@name="subject"]') (basics.py:107)
[2022-08-09 15:33:15] [    INFO] 输入文本：20220628000011 (basics.py:138)
[2022-08-09 15:33:15] [    INFO] 查找元素：('xpath', '//button[text()=" 查询"]') (basics.py:107)
[2022-08-09 15:33:15] [    INFO] 点击元素：('xpath', '//button[text()=" 查询"]') (basics.py:191)
[2022-08-09 15:33:15] [    INFO] 查找元素：('xpath', '//input[@name="subject"]') (basics.py:107)
[2022-08-09 15:33:15] [    INFO] 查找元素：('xpath', '//button[text()=" 查询"]') (basics.py:107)
[2022-08-09 15:33:15] [    INFO] 点击元素：('xpath', '//button[text()=" 查询"]') (basics.py:191)
[2022-08-09 15:33:16] [    INFO] 查找元素：('xpath', '//span[text()="供应商审核报告：20220628000011"]') (basics.py:107)
[2022-08-09 15:33:16] [    INFO] 查找元素：('xpath', '//button[text()=" 更多"]') (basics.py:107)
[2022-08-09 15:33:16] [    INFO] 点击元素：('xpath', '//button[text()=" 更多"]') (basics.py:191)
[2022-08-09 15:33:17] [    INFO] 查找元素：('xpath', '//input[@name="promoterName"]') (basics.py:107)
[2022-08-09 15:33:17] [    INFO] 点击元素：('xpath', '//input[@name="promoterName"]') (basics.py:191)
[2022-08-09 15:33:18] [    INFO] 查找元素：('xpath', '//input[@name="promoterName"]') (basics.py:107)
[2022-08-09 15:33:18] [    INFO] 输入文本：管理员 (basics.py:138)
[2022-08-09 15:33:18] [    INFO] 查找元素：('xpath', '//button[text()=" 查询"]') (basics.py:107)
[2022-08-09 15:33:18] [    INFO] 点击元素：('xpath', '//button[text()=" 查询"]') (basics.py:191)
[2022-08-09 15:33:18] [    INFO] 查找元素：('xpath', '//a[text()=" 审批历史"]') (basics.py:107)
[2022-08-09 15:33:19] [    INFO] 点击元素：('xpath', '//a[text()=" 审批历史"]') (basics.py:191)
