[2022-08-31 15:19:13] [    INFO] 【TBM】项目【test】环境- UI自动化开始执行 (conftest.py:17)
[2022-08-31 15:19:13] [    INFO] 前置条件：传音统一登录开始 (conftest.py:21)
[2022-08-31 15:19:17] [    INFO] 打开网页：http://bom-sit.transsion.com/#/process/home-page (basics.py:63)
[2022-08-31 15:19:17] [    INFO] 查找元素：('xpath', "//div[@role='button']") (basics.py:106)
[2022-08-31 15:19:17] [    INFO] 点击元素：('xpath', "//div[@role='button']") (basics.py:206)
[2022-08-31 15:19:21] [    INFO] 查找元素：['xpath', "//*[contains(@id,'dropdown-menu-')]//li[1]"] (basics.py:106)
[2022-08-31 15:19:23] [    INFO] 查找元素：('xpath', "//div[@role='button']") (basics.py:106)
[2022-08-31 15:19:23] [    INFO] 点击元素：('xpath', "//div[@role='button']") (basics.py:206)
[2022-08-31 15:19:23] [    INFO] 查找元素：('id', 'tab-account') (basics.py:106)
[2022-08-31 15:19:23] [    INFO] 点击元素：('id', 'tab-account') (basics.py:206)
[2022-08-31 15:19:24] [    INFO] 查找元素：('xpath', "//*[@id='pane-account']/form/div[1]/div/div[1]/input") (basics.py:106)
[2022-08-31 15:19:24] [    INFO] 输入文本：18645960 (basics.py:137)
[2022-08-31 15:19:26] [    INFO] 查找元素：('xpath', "//*[@id='pane-account']/form/div[2]/div/div[1]/input") (basics.py:106)
[2022-08-31 15:19:26] [    INFO] 输入文本：xLily6x (basics.py:137)
[2022-08-31 15:19:27] [    INFO] 查找元素：('xpath', "//span[text()='我已阅读并接受']/../label/span/span") (basics.py:106)
[2022-08-31 15:19:27] [    INFO] 获取状态：False (basics.py:330)
[2022-08-31 15:19:27] [    INFO] 查找元素：('xpath', "//span[text()='我已阅读并接受']/../label/span/span") (basics.py:106)
[2022-08-31 15:19:27] [    INFO] 点击元素：('xpath', "//span[text()='我已阅读并接受']/../label/span/span") (basics.py:206)
[2022-08-31 15:19:28] [    INFO] 查找元素：('xpath', "//*[@id='pane-account']/form/button") (basics.py:106)
[2022-08-31 15:19:28] [    INFO] 点击元素：('xpath', "//*[@id='pane-account']/form/button") (basics.py:206)
[2022-08-31 15:19:34] [   ERROR] 正在截图... (basics.py:449)
[2022-08-31 15:19:35] [   ERROR] 日志正在附加截图... (basics.py:456)
[2022-08-31 15:19:35] [   ERROR] 日志附加截图成功 (basics.py:460)
[2022-08-31 15:19:35] [    INFO] 断言成功：页面存在该标识首页 | 关键字:首页 (assert_ui.py:167)
[2022-08-31 15:19:35] [    INFO] 前置条件：传音统一登录成功 (conftest.py:25)
[2022-08-31 15:19:35] [    INFO] 查找元素：['xpath', "//span[@class='meta-title' and contains(text(),'BOM协作')]"] (basics.py:102)
[2022-08-31 15:19:35] [    INFO] 点击元素：('xpath', "//span[@class='meta-title' and contains(text(),'BOM协作')]")BOM协作 (basics.py:565)
[2022-08-31 15:19:35] [    INFO] 点击一级菜单：BOM协作 (BOM3.py:18)
[2022-08-31 15:19:35] [    INFO] 查找元素：['xpath', "//div[@class='menu-wrapper nest-menu']//span[contains(text(),'单机头BOM协作')]"] (basics.py:102)
[2022-08-31 15:19:36] [    INFO] 点击元素：('xpath', "//div[@class='menu-wrapper nest-menu']//span[contains(text(),'单机头BOM协作')]")单机头BOM协作 (basics.py:565)
[2022-08-31 15:19:36] [    INFO] 点击二级菜单：单机头BOM协作 (BOM3.py:20)
[2022-08-31 15:19:37] [    INFO] 刷新页面 (basics.py:337)
[2022-08-31 15:19:37] [    INFO] 查找元素：('xpath', "//button//span[contains(text(),'新增')]") (basics.py:106)
[2022-08-31 15:19:38] [    INFO] 点击元素：('xpath', "//button//span[contains(text(),'新增')]")None (basics.py:565)
[2022-08-31 15:19:40] [    INFO] 查找元素：('xpath', "//label[contains(text(),'制作类型')]/..//input") (basics.py:106)
[2022-08-31 15:19:41] [    INFO] 点击元素：('xpath', "//label[contains(text(),'制作类型')]/..//input")None (basics.py:565)
[2022-08-31 15:19:41] [    INFO] 查找元素：('xpath', "//li/span[contains(text(), '单机头BOM制作')]") (basics.py:106)
[2022-08-31 15:19:41] [    INFO] 点击元素：('xpath', "//li/span[contains(text(), '单机头BOM制作')]")None (basics.py:565)
[2022-08-31 15:19:42] [    INFO] 查找元素：('xpath', "//label[contains(text(),'品牌')]/..//input") (basics.py:106)
[2022-08-31 15:19:43] [    INFO] 点击元素：('xpath', "//label[contains(text(),'品牌')]/..//input")None (basics.py:565)
[2022-08-31 15:19:43] [    INFO] 查找元素：('xpath', "//li/span[normalize-space(text())='itel']") (basics.py:106)
[2022-08-31 15:19:44] [    INFO] 点击元素：('xpath', "//li/span[normalize-space(text())='itel']")None (basics.py:565)
[2022-08-31 15:19:45] [    INFO] 查找元素：('xpath', "//label[contains(text(),'机型')]/..//input") (basics.py:106)
[2022-08-31 15:19:45] [    INFO] 点击元素：('xpath', "//label[contains(text(),'机型')]/..//input")None (basics.py:565)
[2022-08-31 15:19:46] [    INFO] 查找元素：('xpath', "//label[contains(text(),'机型')]/..//input") (basics.py:106)
[2022-08-31 15:19:46] [    INFO] 输入文本：C6769 (basics.py:137)
[2022-08-31 15:19:46] [    INFO] 查找元素：('xpath', "//li[normalize-space(text())='(C6769)C6769']") (basics.py:106)
[2022-08-31 15:19:47] [    INFO] 点击元素：('xpath', "//li[normalize-space(text())='(C6769)C6769']")None (basics.py:565)
[2022-08-31 15:19:48] [    INFO] 查找元素：('xpath', "//label[contains(text(),'阶段')]/..//input") (basics.py:106)
[2022-08-31 15:19:49] [    INFO] 点击元素：('xpath', "//label[contains(text(),'阶段')]/..//input")None (basics.py:565)
[2022-08-31 15:19:49] [    INFO] 查找元素：('xpath', "//li/span[normalize-space(text())='试产阶段']") (basics.py:106)
[2022-08-31 15:19:49] [    INFO] 点击元素：('xpath', "//li/span[normalize-space(text())='试产阶段']")None (basics.py:565)
[2022-08-31 15:19:50] [    INFO] 查找元素：('xpath', "//label[contains(text(),'市场')]/..//input") (basics.py:106)
[2022-08-31 15:19:51] [    INFO] 点击元素：('xpath', "//label[contains(text(),'市场')]/..//input")None (basics.py:565)
[2022-08-31 15:19:51] [    INFO] 查找元素：('xpath', "//li/span[normalize-space(text())='孟加拉']") (basics.py:106)
[2022-08-31 15:19:52] [    INFO] 点击元素：('xpath', "//li/span[normalize-space(text())='孟加拉']")None (basics.py:565)
[2022-08-31 15:19:53] [    INFO] 查找元素：('xpath', "//label[contains(text(),'同时做衍生BOM')]/..//input") (basics.py:106)
[2022-08-31 15:19:53] [    INFO] 点击元素：('xpath', "//label[contains(text(),'同时做衍生BOM')]/..//input")None (basics.py:565)
[2022-08-31 15:19:53] [    INFO] 查找元素：('xpath', "//li/span[normalize-space(text())='否']") (basics.py:106)
[2022-08-31 15:19:54] [    INFO] 点击元素：('xpath', "//li/span[normalize-space(text())='否']")None (basics.py:565)
[2022-08-31 15:19:55] [    INFO] 查找元素：('xpath', "//button//span[contains(text(),'新增Bom')]") (basics.py:106)
[2022-08-31 15:19:56] [    INFO] 点击元素：('xpath', "//button//span[contains(text(),'新增Bom')]")None (basics.py:565)
[2022-08-31 15:19:56] [    INFO] 查找元素：('xpath', "//span[@title='产成品']/../../../..//span[contains(text(),'编辑')]") (basics.py:106)
[2022-08-31 15:20:26] [    INFO] 查找元素：('xpath', "//span[@title='产成品']/../../../..//span[contains(text(),'编辑')]") (basics.py:106)
[2022-08-31 15:28:39] [    INFO] 【TBM】项目【test】环境- UI自动化开始执行 (conftest.py:17)
[2022-08-31 15:28:39] [    INFO] 前置条件：传音统一登录开始 (conftest.py:21)
[2022-08-31 15:28:42] [    INFO] 打开网页：http://bom-sit.transsion.com/#/process/home-page (basics.py:63)
[2022-08-31 15:28:42] [    INFO] 查找元素：('xpath', "//div[@role='button']") (basics.py:106)
[2022-08-31 15:28:42] [    INFO] 点击元素：('xpath', "//div[@role='button']") (basics.py:206)
[2022-08-31 15:28:47] [    INFO] 查找元素：['xpath', "//*[contains(@id,'dropdown-menu-')]//li[1]"] (basics.py:106)
[2022-08-31 15:28:48] [    INFO] 查找元素：('xpath', "//div[@role='button']") (basics.py:106)
[2022-08-31 15:28:48] [    INFO] 点击元素：('xpath', "//div[@role='button']") (basics.py:206)
[2022-08-31 15:28:49] [    INFO] 查找元素：('id', 'tab-account') (basics.py:106)
[2022-08-31 15:28:49] [    INFO] 点击元素：('id', 'tab-account') (basics.py:206)
[2022-08-31 15:28:50] [    INFO] 查找元素：('xpath', "//*[@id='pane-account']/form/div[1]/div/div[1]/input") (basics.py:106)
[2022-08-31 15:28:50] [    INFO] 输入文本：18645960 (basics.py:137)
[2022-08-31 15:28:51] [    INFO] 查找元素：('xpath', "//*[@id='pane-account']/form/div[2]/div/div[1]/input") (basics.py:106)
[2022-08-31 15:28:52] [    INFO] 输入文本：xLily6x (basics.py:137)
[2022-08-31 15:28:53] [    INFO] 查找元素：('xpath', "//span[text()='我已阅读并接受']/../label/span/span") (basics.py:106)
[2022-08-31 15:28:53] [    INFO] 获取状态：False (basics.py:330)
[2022-08-31 15:28:53] [    INFO] 查找元素：('xpath', "//span[text()='我已阅读并接受']/../label/span/span") (basics.py:106)
[2022-08-31 15:28:53] [    INFO] 点击元素：('xpath', "//span[text()='我已阅读并接受']/../label/span/span") (basics.py:206)
[2022-08-31 15:28:53] [    INFO] 查找元素：('xpath', "//*[@id='pane-account']/form/button") (basics.py:106)
[2022-08-31 15:28:53] [    INFO] 点击元素：('xpath', "//*[@id='pane-account']/form/button") (basics.py:206)
[2022-08-31 15:29:00] [   ERROR] 正在截图... (basics.py:449)
[2022-08-31 15:29:00] [   ERROR] 日志正在附加截图... (basics.py:456)
[2022-08-31 15:29:00] [   ERROR] 日志附加截图成功 (basics.py:460)
[2022-08-31 15:29:00] [    INFO] 断言成功：页面存在该标识首页 | 关键字:首页 (assert_ui.py:167)
[2022-08-31 15:29:00] [    INFO] 前置条件：传音统一登录成功 (conftest.py:25)
[2022-08-31 15:29:00] [    INFO] 查找元素：['xpath', "//span[@class='meta-title' and contains(text(),'BOM协作')]"] (basics.py:102)
[2022-08-31 15:29:01] [    INFO] 点击元素：('xpath', "//span[@class='meta-title' and contains(text(),'BOM协作')]")BOM协作 (basics.py:565)
[2022-08-31 15:29:01] [    INFO] 点击一级菜单：BOM协作 (BOM3.py:18)
[2022-08-31 15:29:01] [    INFO] 查找元素：['xpath', "//div[@class='menu-wrapper nest-menu']//span[contains(text(),'单机头BOM协作')]"] (basics.py:102)
[2022-08-31 15:29:01] [    INFO] 点击元素：('xpath', "//div[@class='menu-wrapper nest-menu']//span[contains(text(),'单机头BOM协作')]")单机头BOM协作 (basics.py:565)
[2022-08-31 15:29:01] [    INFO] 点击二级菜单：单机头BOM协作 (BOM3.py:20)
[2022-08-31 15:29:03] [    INFO] 刷新页面 (basics.py:337)
[2022-08-31 15:29:03] [    INFO] 查找元素：('xpath', "//button//span[contains(text(),'新增')]") (basics.py:106)
[2022-08-31 15:29:03] [    INFO] 点击元素：('xpath', "//button//span[contains(text(),'新增')]")None (basics.py:565)
[2022-08-31 15:29:05] [    INFO] 查找元素：('xpath', "//label[contains(text(),'制作类型')]/..//input") (basics.py:106)
[2022-08-31 15:29:06] [    INFO] 点击元素：('xpath', "//label[contains(text(),'制作类型')]/..//input")None (basics.py:565)
[2022-08-31 15:29:06] [    INFO] 查找元素：('xpath', "//li/span[contains(text(), '单机头BOM制作')]") (basics.py:106)
[2022-08-31 15:29:07] [    INFO] 点击元素：('xpath', "//li/span[contains(text(), '单机头BOM制作')]")None (basics.py:565)
[2022-08-31 15:29:08] [    INFO] 查找元素：('xpath', "//label[contains(text(),'品牌')]/..//input") (basics.py:106)
[2022-08-31 15:29:08] [    INFO] 点击元素：('xpath', "//label[contains(text(),'品牌')]/..//input")None (basics.py:565)
[2022-08-31 15:29:08] [    INFO] 查找元素：('xpath', "//li/span[normalize-space(text())='itel']") (basics.py:106)
[2022-08-31 15:29:09] [    INFO] 点击元素：('xpath', "//li/span[normalize-space(text())='itel']")None (basics.py:565)
[2022-08-31 15:29:10] [    INFO] 查找元素：('xpath', "//label[contains(text(),'机型')]/..//input") (basics.py:106)
[2022-08-31 15:29:10] [    INFO] 点击元素：('xpath', "//label[contains(text(),'机型')]/..//input")None (basics.py:565)
[2022-08-31 15:29:11] [    INFO] 查找元素：('xpath', "//label[contains(text(),'机型')]/..//input") (basics.py:106)
[2022-08-31 15:29:11] [    INFO] 输入文本：C6769 (basics.py:137)
[2022-08-31 15:29:11] [    INFO] 查找元素：('xpath', "//li[normalize-space(text())='(C6769)C6769']") (basics.py:106)
[2022-08-31 15:29:13] [    INFO] 点击元素：('xpath', "//li[normalize-space(text())='(C6769)C6769']")None (basics.py:565)
[2022-08-31 15:29:14] [    INFO] 查找元素：('xpath', "//label[contains(text(),'阶段')]/..//input") (basics.py:106)
[2022-08-31 15:29:14] [    INFO] 点击元素：('xpath', "//label[contains(text(),'阶段')]/..//input")None (basics.py:565)
[2022-08-31 15:29:14] [    INFO] 查找元素：('xpath', "//li/span[normalize-space(text())='试产阶段']") (basics.py:106)
[2022-08-31 15:29:15] [    INFO] 点击元素：('xpath', "//li/span[normalize-space(text())='试产阶段']")None (basics.py:565)
[2022-08-31 15:29:16] [    INFO] 查找元素：('xpath', "//label[contains(text(),'市场')]/..//input") (basics.py:106)
[2022-08-31 15:29:16] [    INFO] 点击元素：('xpath', "//label[contains(text(),'市场')]/..//input")None (basics.py:565)
[2022-08-31 15:29:16] [    INFO] 查找元素：('xpath', "//li/span[normalize-space(text())='孟加拉']") (basics.py:106)
[2022-08-31 15:29:17] [    INFO] 点击元素：('xpath', "//li/span[normalize-space(text())='孟加拉']")None (basics.py:565)
[2022-08-31 15:29:18] [    INFO] 查找元素：('xpath', "//label[contains(text(),'同时做衍生BOM')]/..//input") (basics.py:106)
[2022-08-31 15:29:19] [    INFO] 点击元素：('xpath', "//label[contains(text(),'同时做衍生BOM')]/..//input")None (basics.py:565)
[2022-08-31 15:29:19] [    INFO] 查找元素：('xpath', "//li/span[normalize-space(text())='否']") (basics.py:106)
[2022-08-31 15:29:19] [    INFO] 点击元素：('xpath', "//li/span[normalize-space(text())='否']")None (basics.py:565)
[2022-08-31 15:29:20] [    INFO] 查找元素：('xpath', "//button//span[contains(text(),'新增Bom')]") (basics.py:106)
[2022-08-31 15:29:21] [    INFO] 点击元素：('xpath', "//button//span[contains(text(),'新增Bom')]")None (basics.py:565)
[2022-08-31 15:29:21] [    INFO] 查找元素：('xpath', "//span[@title='产成品']/../../../..//span[contains(text(),'编辑')]") (basics.py:106)
[2022-08-31 15:29:52] [    INFO] 查找元素：('xpath', "//span[@title='产成品']/../../../..//span[contains(text(),'编辑')]") (basics.py:106)
[2022-08-31 15:30:30] [    INFO] 【TBM】项目【test】环境- UI自动化开始执行 (conftest.py:17)
[2022-08-31 15:30:30] [    INFO] 前置条件：传音统一登录开始 (conftest.py:21)
[2022-08-31 15:30:35] [    INFO] 打开网页：http://bom-sit.transsion.com/#/process/home-page (basics.py:63)
[2022-08-31 15:30:35] [    INFO] 查找元素：('xpath', "//div[@role='button']") (basics.py:106)
[2022-08-31 15:30:35] [    INFO] 点击元素：('xpath', "//div[@role='button']") (basics.py:206)
[2022-08-31 15:30:40] [    INFO] 查找元素：['xpath', "//*[contains(@id,'dropdown-menu-')]//li[1]"] (basics.py:106)
[2022-08-31 15:30:41] [    INFO] 查找元素：('xpath', "//div[@role='button']") (basics.py:106)
[2022-08-31 15:30:41] [    INFO] 点击元素：('xpath', "//div[@role='button']") (basics.py:206)
[2022-08-31 15:30:41] [    INFO] 查找元素：('id', 'tab-account') (basics.py:106)
[2022-08-31 15:30:41] [    INFO] 点击元素：('id', 'tab-account') (basics.py:206)
[2022-08-31 15:30:42] [    INFO] 查找元素：('xpath', "//*[@id='pane-account']/form/div[1]/div/div[1]/input") (basics.py:106)
[2022-08-31 15:30:43] [    INFO] 输入文本：18645960 (basics.py:137)
[2022-08-31 15:30:44] [    INFO] 查找元素：('xpath', "//*[@id='pane-account']/form/div[2]/div/div[1]/input") (basics.py:106)
[2022-08-31 15:30:44] [    INFO] 输入文本：xLily6x (basics.py:137)
[2022-08-31 15:30:45] [    INFO] 查找元素：('xpath', "//span[text()='我已阅读并接受']/../label/span/span") (basics.py:106)
[2022-08-31 15:30:46] [    INFO] 获取状态：False (basics.py:330)
[2022-08-31 15:30:46] [    INFO] 查找元素：('xpath', "//span[text()='我已阅读并接受']/../label/span/span") (basics.py:106)
[2022-08-31 15:30:46] [    INFO] 点击元素：('xpath', "//span[text()='我已阅读并接受']/../label/span/span") (basics.py:206)
[2022-08-31 15:30:46] [    INFO] 查找元素：('xpath', "//*[@id='pane-account']/form/button") (basics.py:106)
[2022-08-31 15:30:46] [    INFO] 点击元素：('xpath', "//*[@id='pane-account']/form/button") (basics.py:206)
[2022-08-31 15:30:53] [   ERROR] 正在截图... (basics.py:449)
[2022-08-31 15:30:53] [   ERROR] 日志正在附加截图... (basics.py:456)
[2022-08-31 15:30:53] [   ERROR] 日志附加截图成功 (basics.py:460)
[2022-08-31 15:30:53] [    INFO] 断言成功：页面存在该标识首页 | 关键字:首页 (assert_ui.py:167)
[2022-08-31 15:30:53] [    INFO] 前置条件：传音统一登录成功 (conftest.py:25)
[2022-08-31 15:30:53] [    INFO] 查找元素：['xpath', "//span[@class='meta-title' and contains(text(),'BOM协作')]"] (basics.py:102)
[2022-08-31 15:30:54] [    INFO] 点击元素：('xpath', "//span[@class='meta-title' and contains(text(),'BOM协作')]")BOM协作 (basics.py:565)
[2022-08-31 15:30:54] [    INFO] 点击一级菜单：BOM协作 (BOM3.py:18)
[2022-08-31 15:30:54] [    INFO] 查找元素：['xpath', "//div[@class='menu-wrapper nest-menu']//span[contains(text(),'单机头BOM协作')]"] (basics.py:102)
[2022-08-31 15:30:54] [    INFO] 点击元素：('xpath', "//div[@class='menu-wrapper nest-menu']//span[contains(text(),'单机头BOM协作')]")单机头BOM协作 (basics.py:565)
[2022-08-31 15:30:54] [    INFO] 点击二级菜单：单机头BOM协作 (BOM3.py:20)
[2022-08-31 15:30:56] [    INFO] 刷新页面 (basics.py:337)
[2022-08-31 15:30:56] [    INFO] 查找元素：('xpath', "//button//span[contains(text(),'新增')]") (basics.py:106)
[2022-08-31 15:30:56] [    INFO] 点击元素：('xpath', "//button//span[contains(text(),'新增')]")None (basics.py:565)
[2022-08-31 15:30:58] [    INFO] 查找元素：('xpath', "//label[contains(text(),'制作类型')]/..//input") (basics.py:106)
[2022-08-31 15:30:59] [    INFO] 点击元素：('xpath', "//label[contains(text(),'制作类型')]/..//input")None (basics.py:565)
[2022-08-31 15:30:59] [    INFO] 查找元素：('xpath', "//li/span[contains(text(), '单机头BOM制作')]") (basics.py:106)
[2022-08-31 15:31:00] [    INFO] 点击元素：('xpath', "//li/span[contains(text(), '单机头BOM制作')]")None (basics.py:565)
[2022-08-31 15:31:01] [    INFO] 查找元素：('xpath', "//label[contains(text(),'品牌')]/..//input") (basics.py:106)
[2022-08-31 15:31:01] [    INFO] 点击元素：('xpath', "//label[contains(text(),'品牌')]/..//input")None (basics.py:565)
[2022-08-31 15:31:01] [    INFO] 查找元素：('xpath', "//li/span[normalize-space(text())='itel']") (basics.py:106)
[2022-08-31 15:31:02] [    INFO] 点击元素：('xpath', "//li/span[normalize-space(text())='itel']")None (basics.py:565)
[2022-08-31 15:31:03] [    INFO] 查找元素：('xpath', "//label[contains(text(),'机型')]/..//input") (basics.py:106)
[2022-08-31 15:31:03] [    INFO] 点击元素：('xpath', "//label[contains(text(),'机型')]/..//input")None (basics.py:565)
[2022-08-31 15:31:04] [    INFO] 查找元素：('xpath', "//label[contains(text(),'机型')]/..//input") (basics.py:106)
[2022-08-31 15:31:04] [    INFO] 输入文本：C6769 (basics.py:137)
[2022-08-31 15:31:04] [    INFO] 查找元素：('xpath', "//li[normalize-space(text())='(C6769)C6769']") (basics.py:106)
[2022-08-31 15:31:06] [    INFO] 点击元素：('xpath', "//li[normalize-space(text())='(C6769)C6769']")None (basics.py:565)
[2022-08-31 15:31:07] [    INFO] 查找元素：('xpath', "//label[contains(text(),'阶段')]/..//input") (basics.py:106)
[2022-08-31 15:31:07] [    INFO] 点击元素：('xpath', "//label[contains(text(),'阶段')]/..//input")None (basics.py:565)
[2022-08-31 15:31:07] [    INFO] 查找元素：('xpath', "//li/span[normalize-space(text())='试产阶段']") (basics.py:106)
[2022-08-31 15:31:08] [    INFO] 点击元素：('xpath', "//li/span[normalize-space(text())='试产阶段']")None (basics.py:565)
[2022-08-31 15:31:09] [    INFO] 查找元素：('xpath', "//label[contains(text(),'市场')]/..//input") (basics.py:106)
[2022-08-31 15:31:09] [    INFO] 点击元素：('xpath', "//label[contains(text(),'市场')]/..//input")None (basics.py:565)
[2022-08-31 15:31:09] [    INFO] 查找元素：('xpath', "//li/span[normalize-space(text())='孟加拉']") (basics.py:106)
[2022-08-31 15:31:10] [    INFO] 点击元素：('xpath', "//li/span[normalize-space(text())='孟加拉']")None (basics.py:565)
[2022-08-31 15:31:11] [    INFO] 查找元素：('xpath', "//label[contains(text(),'同时做衍生BOM')]/..//input") (basics.py:106)
[2022-08-31 15:31:12] [    INFO] 点击元素：('xpath', "//label[contains(text(),'同时做衍生BOM')]/..//input")None (basics.py:565)
[2022-08-31 15:31:12] [    INFO] 查找元素：('xpath', "//li/span[normalize-space(text())='否']") (basics.py:106)
[2022-08-31 15:31:12] [    INFO] 点击元素：('xpath', "//li/span[normalize-space(text())='否']")None (basics.py:565)
[2022-08-31 15:31:13] [    INFO] 查找元素：('xpath', "//button//span[contains(text(),'新增Bom')]") (basics.py:106)
[2022-08-31 15:31:14] [    INFO] 点击元素：('xpath', "//button//span[contains(text(),'新增Bom')]")None (basics.py:565)
[2022-08-31 15:31:14] [    INFO] 查找元素：('xpath', "//span[@title='单机头']/../../../..//span[contains(text(),'编辑')]") (basics.py:106)
[2022-08-31 15:31:45] [    INFO] 查找元素：('xpath', "//span[@title='单机头']/../../../..//span[contains(text(),'编辑')]") (basics.py:106)
[2022-08-31 15:38:21] [    INFO] 【TBM】项目【test】环境- UI自动化开始执行 (conftest.py:17)
[2022-08-31 15:38:21] [    INFO] 前置条件：传音统一登录开始 (conftest.py:21)
[2022-08-31 15:38:26] [    INFO] 打开网页：http://bom-sit.transsion.com/#/process/home-page (basics.py:63)
[2022-08-31 15:38:26] [    INFO] 查找元素：('xpath', "//div[@role='button']") (basics.py:106)
[2022-08-31 15:38:27] [    INFO] 点击元素：('xpath', "//div[@role='button']") (basics.py:206)
[2022-08-31 15:38:31] [    INFO] 查找元素：['xpath', "//*[contains(@id,'dropdown-menu-')]//li[1]"] (basics.py:106)
[2022-08-31 15:38:32] [    INFO] 查找元素：('xpath', "//div[@role='button']") (basics.py:106)
[2022-08-31 15:38:32] [    INFO] 点击元素：('xpath', "//div[@role='button']") (basics.py:206)
[2022-08-31 15:38:33] [    INFO] 查找元素：('id', 'tab-account') (basics.py:106)
[2022-08-31 15:38:33] [    INFO] 点击元素：('id', 'tab-account') (basics.py:206)
[2022-08-31 15:38:34] [    INFO] 查找元素：('xpath', "//*[@id='pane-account']/form/div[1]/div/div[1]/input") (basics.py:106)
[2022-08-31 15:38:34] [    INFO] 输入文本：18645960 (basics.py:137)
[2022-08-31 15:38:36] [    INFO] 查找元素：('xpath', "//*[@id='pane-account']/form/div[2]/div/div[1]/input") (basics.py:106)
[2022-08-31 15:38:36] [    INFO] 输入文本：xLily6x (basics.py:137)
[2022-08-31 15:38:37] [    INFO] 查找元素：('xpath', "//span[text()='我已阅读并接受']/../label/span/span") (basics.py:106)
[2022-08-31 15:38:37] [    INFO] 获取状态：False (basics.py:330)
[2022-08-31 15:38:37] [    INFO] 查找元素：('xpath', "//span[text()='我已阅读并接受']/../label/span/span") (basics.py:106)
[2022-08-31 15:38:37] [    INFO] 点击元素：('xpath', "//span[text()='我已阅读并接受']/../label/span/span") (basics.py:206)
[2022-08-31 15:38:37] [    INFO] 查找元素：('xpath', "//*[@id='pane-account']/form/button") (basics.py:106)
[2022-08-31 15:38:37] [    INFO] 点击元素：('xpath', "//*[@id='pane-account']/form/button") (basics.py:206)
[2022-08-31 15:38:44] [   ERROR] 正在截图... (basics.py:449)
[2022-08-31 15:38:44] [   ERROR] 日志正在附加截图... (basics.py:456)
[2022-08-31 15:38:44] [   ERROR] 日志附加截图成功 (basics.py:460)
[2022-08-31 15:38:44] [    INFO] 断言成功：页面存在该标识首页 | 关键字:首页 (assert_ui.py:167)
[2022-08-31 15:38:44] [    INFO] 前置条件：传音统一登录成功 (conftest.py:25)
[2022-08-31 15:38:44] [    INFO] 查找元素：['xpath', "//span[@class='meta-title' and contains(text(),'BOM协作')]"] (basics.py:102)
[2022-08-31 15:38:45] [    INFO] 点击元素：('xpath', "//span[@class='meta-title' and contains(text(),'BOM协作')]")BOM协作 (basics.py:565)
[2022-08-31 15:38:45] [    INFO] 点击一级菜单：BOM协作 (BOM3.py:18)
[2022-08-31 15:38:45] [    INFO] 查找元素：['xpath', "//div[@class='menu-wrapper nest-menu']//span[contains(text(),'单机头BOM协作')]"] (basics.py:102)
[2022-08-31 15:38:46] [    INFO] 点击元素：('xpath', "//div[@class='menu-wrapper nest-menu']//span[contains(text(),'单机头BOM协作')]")单机头BOM协作 (basics.py:565)
[2022-08-31 15:38:46] [    INFO] 点击二级菜单：单机头BOM协作 (BOM3.py:20)
[2022-08-31 15:38:47] [    INFO] 刷新页面 (basics.py:337)
[2022-08-31 15:38:47] [    INFO] 查找元素：('xpath', "//button//span[contains(text(),'新增')]") (basics.py:106)
[2022-08-31 15:38:48] [    INFO] 点击元素：('xpath', "//button//span[contains(text(),'新增')]")None (basics.py:565)
[2022-08-31 15:38:50] [    INFO] 查找元素：('xpath', "//label[contains(text(),'制作类型')]/..//input") (basics.py:106)
[2022-08-31 15:38:50] [    INFO] 点击元素：('xpath', "//label[contains(text(),'制作类型')]/..//input")None (basics.py:565)
[2022-08-31 15:38:50] [    INFO] 查找元素：('xpath', "//li/span[contains(text(), '单机头BOM制作')]") (basics.py:106)
[2022-08-31 15:38:51] [    INFO] 点击元素：('xpath', "//li/span[contains(text(), '单机头BOM制作')]")None (basics.py:565)
[2022-08-31 15:38:52] [    INFO] 查找元素：('xpath', "//label[contains(text(),'品牌')]/..//input") (basics.py:106)
[2022-08-31 15:38:53] [    INFO] 点击元素：('xpath', "//label[contains(text(),'品牌')]/..//input")None (basics.py:565)
[2022-08-31 15:38:53] [    INFO] 查找元素：('xpath', "//li/span[normalize-space(text())='itel']") (basics.py:106)
[2022-08-31 15:38:53] [    INFO] 点击元素：('xpath', "//li/span[normalize-space(text())='itel']")None (basics.py:565)
[2022-08-31 15:38:54] [    INFO] 查找元素：('xpath', "//label[contains(text(),'机型')]/..//input") (basics.py:106)
[2022-08-31 15:38:55] [    INFO] 点击元素：('xpath', "//label[contains(text(),'机型')]/..//input")None (basics.py:565)
[2022-08-31 15:38:55] [    INFO] 查找元素：('xpath', "//label[contains(text(),'机型')]/..//input") (basics.py:106)
[2022-08-31 15:38:55] [    INFO] 输入文本：C6769 (basics.py:137)
[2022-08-31 15:38:55] [    INFO] 查找元素：('xpath', "//li[normalize-space(text())='(C6769)C6769']") (basics.py:106)
[2022-08-31 15:38:57] [    INFO] 点击元素：('xpath', "//li[normalize-space(text())='(C6769)C6769']")None (basics.py:565)
[2022-08-31 15:38:58] [    INFO] 查找元素：('xpath', "//label[contains(text(),'阶段')]/..//input") (basics.py:106)
[2022-08-31 15:38:58] [    INFO] 点击元素：('xpath', "//label[contains(text(),'阶段')]/..//input")None (basics.py:565)
[2022-08-31 15:38:58] [    INFO] 查找元素：('xpath', "//li/span[normalize-space(text())='试产阶段']") (basics.py:106)
[2022-08-31 15:38:59] [    INFO] 点击元素：('xpath', "//li/span[normalize-space(text())='试产阶段']")None (basics.py:565)
[2022-08-31 15:39:00] [    INFO] 查找元素：('xpath', "//label[contains(text(),'市场')]/..//input") (basics.py:106)
[2022-08-31 15:39:01] [    INFO] 点击元素：('xpath', "//label[contains(text(),'市场')]/..//input")None (basics.py:565)
[2022-08-31 15:39:01] [    INFO] 查找元素：('xpath', "//li/span[normalize-space(text())='孟加拉']") (basics.py:106)
[2022-08-31 15:39:01] [    INFO] 点击元素：('xpath', "//li/span[normalize-space(text())='孟加拉']")None (basics.py:565)
[2022-08-31 15:39:02] [    INFO] 查找元素：('xpath', "//label[contains(text(),'同时做衍生BOM')]/..//input") (basics.py:106)
[2022-08-31 15:39:03] [    INFO] 点击元素：('xpath', "//label[contains(text(),'同时做衍生BOM')]/..//input")None (basics.py:565)
[2022-08-31 15:39:03] [    INFO] 查找元素：('xpath', "//li/span[normalize-space(text())='否']") (basics.py:106)
[2022-08-31 15:39:04] [    INFO] 点击元素：('xpath', "//li/span[normalize-space(text())='否']")None (basics.py:565)
[2022-08-31 15:39:05] [    INFO] 查找元素：('xpath', "//button//span[contains(text(),'新增Bom')]") (basics.py:106)
[2022-08-31 15:39:05] [    INFO] 点击元素：('xpath', "//button//span[contains(text(),'新增Bom')]")None (basics.py:565)
[2022-08-31 15:39:05] [    INFO] 查找元素：('xpath', "//span[@title='单机头']/../../../..//span[contains(text(),'编辑')]") (basics.py:106)
[2022-08-31 15:39:06] [    INFO] 点击元素：('xpath', "//span[@title='单机头']/../../../..//span[contains(text(),'编辑')]")None (basics.py:565)
[2022-08-31 15:39:07] [    INFO] 查找元素：('xpath', "//span[@title='单机头']/../../../../td[2]//input") (basics.py:106)
[2022-08-31 15:39:08] [    INFO] 点击元素：('xpath', "//span[@title='单机头']/../../../../td[2]//input")None (basics.py:565)
[2022-08-31 15:39:08] [    INFO] 查找元素：('xpath', "//li/span[normalize-space(text())='试产']") (basics.py:106)
[2022-08-31 15:39:08] [    INFO] 点击元素：('xpath', "//li/span[normalize-space(text())='试产']")None (basics.py:565)
[2022-08-31 15:39:09] [    INFO] 查找元素：('xpath', "//span[@title='单机头']/../../../../td[5]//input") (basics.py:106)
[2022-08-31 15:39:10] [    INFO] 点击元素：('xpath', "//span[@title='单机头']/../../../../td[5]//input")None (basics.py:565)
[2022-08-31 15:39:10] [    INFO] 查找元素：('xpath', "//span[@title='单机头']/../../../../td[5]//input") (basics.py:106)
[2022-08-31 15:39:11] [    INFO] 输入文本：12000001 (basics.py:137)
[2022-08-31 15:39:11] [    INFO] 查找元素：('xpath', "//li[contains(text(),'12000001')]") (basics.py:106)
[2022-08-31 15:39:12] [    INFO] 点击元素：('xpath', "//li[contains(text(),'12000001')]")None (basics.py:565)
[2022-08-31 15:39:13] [    INFO] 查找元素：('xpath', "//span[@title='单机头']/../../../../td[8]//input") (basics.py:106)
[2022-08-31 15:39:14] [    INFO] 点击元素：('xpath', "//span[@title='单机头']/../../../../td[8]//input")None (basics.py:565)
[2022-08-31 15:39:14] [    INFO] 查找元素：('xpath', "//span[@title='单机头']/../../../../td[8]//input") (basics.py:106)
[2022-08-31 15:39:14] [    INFO] 输入文本：1000 (basics.py:137)
[2022-08-31 15:39:14] [    INFO] 查找元素：('xpath', "//span[@title='单机头']/../../../..//span[contains(text(),'确定')]") (basics.py:106)
[2022-08-31 15:39:15] [    INFO] 点击元素：('xpath', "//span[@title='单机头']/../../../..//span[contains(text(),'确定')]")None (basics.py:565)
[2022-08-31 15:39:16] [    INFO] 查找元素：('xpath', "//label[contains(text(),'MPM')]/..//input") (basics.py:106)
[2022-08-31 15:39:16] [    INFO] 点击元素：('xpath', "//label[contains(text(),'MPM')]/..//input")None (basics.py:565)
[2022-08-31 15:39:16] [    INFO] 查找元素：('xpath', "//div[@class='user-find']//input") (basics.py:106)
[2022-08-31 15:39:17] [    INFO] 点击元素：('xpath', "//div[@class='user-find']//input")None (basics.py:565)
[2022-08-31 15:39:18] [    INFO] 查找元素：('xpath', "//div[@class='user-find']//input") (basics.py:106)
[2022-08-31 15:39:18] [    INFO] 输入文本：李小素 (basics.py:137)
[2022-08-31 15:39:18] [    INFO] 查找元素：('xpath', "//div[@class='user-list']/div[3]//div[normalize-space(text())='18645960']") (basics.py:106)
[2022-08-31 15:39:19] [    INFO] 点击元素：('xpath', "//div[@class='user-list']/div[3]//div[normalize-space(text())='18645960']")None (basics.py:565)
[2022-08-31 15:39:19] [    INFO] 查找元素：('xpath', "//div[@class='user-list']/../../../..//button//span[contains(text(),'确 定')]") (basics.py:106)
[2022-08-31 15:39:20] [    INFO] 点击元素：('xpath', "//div[@class='user-list']/../../../..//button//span[contains(text(),'确 定')]")None (basics.py:565)
[2022-08-31 15:39:21] [    INFO] 查找元素：('xpath', "//button//span[contains(text(),'提交')]") (basics.py:106)
[2022-08-31 15:39:22] [    INFO] 点击元素：('xpath', "//button//span[contains(text(),'提交')]")None (basics.py:565)
[2022-08-31 15:39:23] [   ERROR] 正在截图... (basics.py:449)
[2022-08-31 15:39:23] [   ERROR] 日志正在附加截图... (basics.py:456)
[2022-08-31 15:39:23] [   ERROR] 日志附加截图成功 (basics.py:460)
[2022-08-31 15:39:23] [    INFO] 断言成功：页面存在该标识 | 当前页面关键字: 创建流程成功 (assert_ui.py:155)
[2022-08-31 15:42:30] [    INFO] 【TBM】项目【test】环境- UI自动化开始执行 (conftest.py:17)
[2022-08-31 15:42:30] [    INFO] 前置条件：传音统一登录开始 (conftest.py:21)
[2022-08-31 15:42:34] [    INFO] 打开网页：http://bom-sit.transsion.com/#/process/home-page (basics.py:63)
[2022-08-31 15:42:34] [    INFO] 查找元素：('xpath', "//div[@role='button']") (basics.py:106)
[2022-08-31 15:42:35] [    INFO] 点击元素：('xpath', "//div[@role='button']") (basics.py:206)
[2022-08-31 15:42:39] [    INFO] 查找元素：['xpath', "//*[contains(@id,'dropdown-menu-')]//li[1]"] (basics.py:106)
[2022-08-31 15:42:40] [    INFO] 查找元素：('xpath', "//div[@role='button']") (basics.py:106)
[2022-08-31 15:42:40] [    INFO] 点击元素：('xpath', "//div[@role='button']") (basics.py:206)
[2022-08-31 15:42:41] [    INFO] 查找元素：('id', 'tab-account') (basics.py:106)
[2022-08-31 15:42:41] [    INFO] 点击元素：('id', 'tab-account') (basics.py:206)
[2022-08-31 15:42:42] [    INFO] 查找元素：('xpath', "//*[@id='pane-account']/form/div[1]/div/div[1]/input") (basics.py:106)
[2022-08-31 15:42:42] [    INFO] 输入文本：18645960 (basics.py:137)
[2022-08-31 15:42:44] [    INFO] 查找元素：('xpath', "//*[@id='pane-account']/form/div[2]/div/div[1]/input") (basics.py:106)
[2022-08-31 15:42:44] [    INFO] 输入文本：xLily6x (basics.py:137)
[2022-08-31 15:42:45] [    INFO] 查找元素：('xpath', "//span[text()='我已阅读并接受']/../label/span/span") (basics.py:106)
[2022-08-31 15:42:45] [    INFO] 获取状态：False (basics.py:330)
[2022-08-31 15:42:45] [    INFO] 查找元素：('xpath', "//span[text()='我已阅读并接受']/../label/span/span") (basics.py:106)
[2022-08-31 15:42:45] [    INFO] 点击元素：('xpath', "//span[text()='我已阅读并接受']/../label/span/span") (basics.py:206)
[2022-08-31 15:42:45] [    INFO] 查找元素：('xpath', "//*[@id='pane-account']/form/button") (basics.py:106)
[2022-08-31 15:42:46] [    INFO] 点击元素：('xpath', "//*[@id='pane-account']/form/button") (basics.py:206)
[2022-08-31 15:42:52] [   ERROR] 正在截图... (basics.py:449)
[2022-08-31 15:42:52] [   ERROR] 日志正在附加截图... (basics.py:456)
[2022-08-31 15:42:52] [   ERROR] 日志附加截图成功 (basics.py:460)
[2022-08-31 15:42:52] [    INFO] 断言成功：页面存在该标识首页 | 关键字:首页 (assert_ui.py:167)
[2022-08-31 15:42:52] [    INFO] 前置条件：传音统一登录成功 (conftest.py:25)
[2022-08-31 15:42:52] [    INFO] 查找元素：['xpath', "//span[@class='meta-title' and contains(text(),'BOM协作')]"] (basics.py:102)
[2022-08-31 15:42:53] [    INFO] 点击元素：('xpath', "//span[@class='meta-title' and contains(text(),'BOM协作')]")BOM协作 (basics.py:565)
[2022-08-31 15:42:53] [    INFO] 点击一级菜单：BOM协作 (BOM3.py:18)
[2022-08-31 15:42:53] [    INFO] 查找元素：['xpath', "//div[@class='menu-wrapper nest-menu']//span[contains(text(),'单机头BOM协作')]"] (basics.py:102)
[2022-08-31 15:42:54] [    INFO] 点击元素：('xpath', "//div[@class='menu-wrapper nest-menu']//span[contains(text(),'单机头BOM协作')]")单机头BOM协作 (basics.py:565)
[2022-08-31 15:42:54] [    INFO] 点击二级菜单：单机头BOM协作 (BOM3.py:20)
[2022-08-31 15:42:55] [    INFO] 刷新页面 (basics.py:337)
[2022-08-31 15:42:55] [    INFO] 查找元素：('xpath', "//button//span[contains(text(),'新增')]") (basics.py:106)
[2022-08-31 15:42:56] [    INFO] 点击元素：('xpath', "//button//span[contains(text(),'新增')]")None (basics.py:565)
[2022-08-31 15:42:58] [    INFO] 查找元素：('xpath', "//label[contains(text(),'制作类型')]/..//input") (basics.py:106)
[2022-08-31 15:42:59] [    INFO] 点击元素：('xpath', "//label[contains(text(),'制作类型')]/..//input")None (basics.py:565)
[2022-08-31 15:42:59] [    INFO] 查找元素：('xpath', "//li/span[contains(text(), '单机头BOM制作')]") (basics.py:106)
[2022-08-31 15:42:59] [    INFO] 点击元素：('xpath', "//li/span[contains(text(), '单机头BOM制作')]")None (basics.py:565)
[2022-08-31 15:43:00] [    INFO] 查找元素：('xpath', "//label[contains(text(),'品牌')]/..//input") (basics.py:106)
[2022-08-31 15:43:01] [    INFO] 点击元素：('xpath', "//label[contains(text(),'品牌')]/..//input")None (basics.py:565)
[2022-08-31 15:43:01] [    INFO] 查找元素：('xpath', "//li/span[normalize-space(text())='itel']") (basics.py:106)
[2022-08-31 15:43:02] [    INFO] 点击元素：('xpath', "//li/span[normalize-space(text())='itel']")None (basics.py:565)
[2022-08-31 15:43:03] [    INFO] 查找元素：('xpath', "//label[contains(text(),'机型')]/..//input") (basics.py:106)
[2022-08-31 15:43:03] [    INFO] 点击元素：('xpath', "//label[contains(text(),'机型')]/..//input")None (basics.py:565)
[2022-08-31 15:43:04] [    INFO] 查找元素：('xpath', "//label[contains(text(),'机型')]/..//input") (basics.py:106)
[2022-08-31 15:43:04] [    INFO] 输入文本：C6769 (basics.py:137)
[2022-08-31 15:43:04] [    INFO] 查找元素：('xpath', "//li[normalize-space(text())='(C6769)C6769']") (basics.py:106)
[2022-08-31 15:43:05] [    INFO] 点击元素：('xpath', "//li[normalize-space(text())='(C6769)C6769']")None (basics.py:565)
[2022-08-31 15:43:06] [    INFO] 查找元素：('xpath', "//label[contains(text(),'阶段')]/..//input") (basics.py:106)
[2022-08-31 15:43:07] [    INFO] 点击元素：('xpath', "//label[contains(text(),'阶段')]/..//input")None (basics.py:565)
[2022-08-31 15:43:07] [    INFO] 查找元素：('xpath', "//li/span[normalize-space(text())='试产阶段']") (basics.py:106)
[2022-08-31 15:43:07] [    INFO] 点击元素：('xpath', "//li/span[normalize-space(text())='试产阶段']")None (basics.py:565)
[2022-08-31 15:43:08] [    INFO] 查找元素：('xpath', "//label[contains(text(),'市场')]/..//input") (basics.py:106)
[2022-08-31 15:43:09] [    INFO] 点击元素：('xpath', "//label[contains(text(),'市场')]/..//input")None (basics.py:565)
[2022-08-31 15:43:09] [    INFO] 查找元素：('xpath', "//li/span[normalize-space(text())='孟加拉']") (basics.py:106)
[2022-08-31 15:43:09] [    INFO] 点击元素：('xpath', "//li/span[normalize-space(text())='孟加拉']")None (basics.py:565)
[2022-08-31 15:43:10] [    INFO] 查找元素：('xpath', "//label[contains(text(),'同时做衍生BOM')]/..//input") (basics.py:106)
[2022-08-31 15:43:11] [    INFO] 点击元素：('xpath', "//label[contains(text(),'同时做衍生BOM')]/..//input")None (basics.py:565)
[2022-08-31 15:43:11] [    INFO] 查找元素：('xpath', "//li/span[normalize-space(text())='否']") (basics.py:106)
[2022-08-31 15:43:12] [    INFO] 点击元素：('xpath', "//li/span[normalize-space(text())='否']")None (basics.py:565)
[2022-08-31 15:43:13] [    INFO] 查找元素：('xpath', "//button//span[contains(text(),'新增Bom')]") (basics.py:106)
[2022-08-31 15:43:13] [    INFO] 点击元素：('xpath', "//button//span[contains(text(),'新增Bom')]")None (basics.py:565)
[2022-08-31 15:43:13] [    INFO] 查找元素：('xpath', "//span[@title='单机头']/../../../..//span[contains(text(),'编辑')]") (basics.py:106)
[2022-08-31 15:43:14] [    INFO] 点击元素：('xpath', "//span[@title='单机头']/../../../..//span[contains(text(),'编辑')]")None (basics.py:565)
[2022-08-31 15:43:15] [    INFO] 查找元素：('xpath', "//span[@title='单机头']/../../../../td[2]//input") (basics.py:106)
[2022-08-31 15:43:16] [    INFO] 点击元素：('xpath', "//span[@title='单机头']/../../../../td[2]//input")None (basics.py:565)
[2022-08-31 15:43:16] [    INFO] 查找元素：('xpath', "//li/span[normalize-space(text())='试产']") (basics.py:106)
[2022-08-31 15:43:16] [    INFO] 点击元素：('xpath', "//li/span[normalize-space(text())='试产']")None (basics.py:565)
[2022-08-31 15:43:17] [    INFO] 查找元素：('xpath', "//span[@title='单机头']/../../../../td[5]//input") (basics.py:106)
[2022-08-31 15:43:18] [    INFO] 点击元素：('xpath', "//span[@title='单机头']/../../../../td[5]//input")None (basics.py:565)
[2022-08-31 15:43:18] [    INFO] 查找元素：('xpath', "//span[@title='单机头']/../../../../td[5]//input") (basics.py:106)
[2022-08-31 15:43:18] [    INFO] 输入文本：12000001 (basics.py:137)
[2022-08-31 15:43:18] [    INFO] 查找元素：('xpath', "//li[contains(text(),'12000001')]") (basics.py:106)
[2022-08-31 15:43:20] [    INFO] 点击元素：('xpath', "//li[contains(text(),'12000001')]")None (basics.py:565)
[2022-08-31 15:43:21] [    INFO] 查找元素：('xpath', "//span[@title='单机头']/../../../../td[8]//input") (basics.py:106)
[2022-08-31 15:43:21] [    INFO] 点击元素：('xpath', "//span[@title='单机头']/../../../../td[8]//input")None (basics.py:565)
[2022-08-31 15:43:22] [    INFO] 查找元素：('xpath', "//span[@title='单机头']/../../../../td[8]//input") (basics.py:106)
[2022-08-31 15:43:22] [    INFO] 输入文本：1000 (basics.py:137)
[2022-08-31 15:43:22] [    INFO] 查找元素：('xpath', "//span[@title='单机头']/../../../..//span[contains(text(),'确定')]") (basics.py:106)
[2022-08-31 15:43:23] [    INFO] 点击元素：('xpath', "//span[@title='单机头']/../../../..//span[contains(text(),'确定')]")None (basics.py:565)
[2022-08-31 15:43:24] [    INFO] 查找元素：('xpath', "//label[contains(text(),'MPM')]/..//input") (basics.py:106)
[2022-08-31 15:43:24] [    INFO] 点击元素：('xpath', "//label[contains(text(),'MPM')]/..//input")None (basics.py:565)
[2022-08-31 15:43:24] [    INFO] 查找元素：('xpath', "//div[@class='user-find']//input") (basics.py:106)
[2022-08-31 15:43:25] [    INFO] 点击元素：('xpath', "//div[@class='user-find']//input")None (basics.py:565)
[2022-08-31 15:43:25] [    INFO] 查找元素：('xpath', "//div[@class='user-find']//input") (basics.py:106)
[2022-08-31 15:43:26] [    INFO] 输入文本：李小素 (basics.py:137)
[2022-08-31 15:43:26] [    INFO] 查找元素：('xpath', "//div[@class='user-list']/div[3]//div[normalize-space(text())='18645960']") (basics.py:106)
[2022-08-31 15:43:27] [    INFO] 点击元素：('xpath', "//div[@class='user-list']/div[3]//div[normalize-space(text())='18645960']")None (basics.py:565)
[2022-08-31 15:43:27] [    INFO] 查找元素：('xpath', "//div[@class='user-list']/../../../..//button//span[contains(text(),'确 定')]") (basics.py:106)
[2022-08-31 15:43:28] [    INFO] 点击元素：('xpath', "//div[@class='user-list']/../../../..//button//span[contains(text(),'确 定')]")None (basics.py:565)
[2022-08-31 15:43:29] [    INFO] 查找元素：('xpath', "//button//span[contains(text(),'提交')]") (basics.py:106)
[2022-08-31 15:43:29] [    INFO] 点击元素：('xpath', "//button//span[contains(text(),'提交')]")None (basics.py:565)
[2022-08-31 15:43:30] [   ERROR] 正在截图... (basics.py:449)
[2022-08-31 15:43:31] [   ERROR] 日志正在附加截图... (basics.py:456)
[2022-08-31 15:43:31] [   ERROR] 日志附加截图成功 (basics.py:460)
[2022-08-31 15:43:31] [    INFO] 断言成功：页面存在该标识 | 当前页面关键字: 创建流程成功 (assert_ui.py:155)
[2022-08-31 15:43:31] [    INFO] 查找元素：('xpath', "//button//span[contains(text(),'查询')]") (basics.py:106)
[2022-08-31 15:43:32] [    INFO] 点击元素：('xpath', "//button//span[contains(text(),'查询')]")None (basics.py:565)
[2022-08-31 15:43:32] [    INFO] 查找元素：('xpath', "//div[contains(text(),'C6769')]/../..//td[2]") (basics.py:106)
[2022-08-31 15:43:32] [    INFO] 获取文本：[李小素]-[2022-08-31] (basics.py:319)
[2022-08-31 15:43:32] [    INFO] 查找元素：['xpath', "//span[@class='meta-title' and contains(text(),'待办列表')]"] (basics.py:102)
[2022-08-31 15:43:33] [    INFO] 点击元素：('xpath', "//span[@class='meta-title' and contains(text(),'待办列表')]")待办列表 (basics.py:565)
[2022-08-31 15:43:33] [    INFO] 点击待办列表：待办列表 (BOM3.py:133)
[2022-08-31 15:43:33] [    INFO] 查找元素：['xpath', "//div[@class='menu-wrapper nest-menu']//span[contains(text(),'我申请的')]"] (basics.py:102)
[2022-08-31 15:43:34] [    INFO] 点击元素：('xpath', "//div[@class='menu-wrapper nest-menu']//span[contains(text(),'我申请的')]")我申请的 (basics.py:565)
[2022-08-31 15:43:34] [    INFO] 点击我申请的：我申请的 (BOM3.py:135)
[2022-08-31 15:43:39] [    INFO] 刷新页面 (basics.py:337)
[2022-08-31 15:43:39] [    INFO] 查找元素：('xpath', '//iframe') (basics.py:106)
[2022-08-31 15:43:39] [    INFO] 查找元素：['xpath', "//div[contains(text(),'[李小素]-[2022-08-31]') and @class='row-code']/../../../..//span[text()='查看详情']"] (basics.py:102)
[2022-08-31 15:44:10] [    INFO] 查找元素：['xpath', "//div[contains(text(),'[李小素]-[2022-08-31]') and @class='row-code']/../../../..//span[text()='查看详情']"] (basics.py:102)
