[2022-07-27 17:56:07] [    INFO] 【SRM】项目【test】环境- UI自动化开始执行 (conftest.py:17)
[2022-07-27 17:56:08] [    INFO] 查找元素：('xpath', '//input[@id="elsAccount"]') (basics.py:107)
[2022-07-27 17:56:08] [    INFO] 输入文本：860000 (basics.py:138)
[2022-07-27 17:56:09] [    INFO] 查找元素：('xpath', '//input[@id="elsSubAccount"]') (basics.py:107)
[2022-07-27 17:56:09] [    INFO] 输入文本：1001 (basics.py:138)
[2022-07-27 17:56:09] [    INFO] 查找元素：('xpath', '//input[@type="password"]') (basics.py:107)
[2022-07-27 17:56:09] [    INFO] 输入文本：1qaz@WSX (basics.py:138)
[2022-07-27 17:56:09] [    INFO] 查找元素：('xpath', '//input[@id="identifyCode"]') (basics.py:107)
[2022-07-27 17:56:09] [    INFO] 点击元素：('xpath', '//input[@id="identifyCode"]') (basics.py:191)
[2022-07-27 17:56:13] [    INFO] 查找元素：('xpath', '//img[@id="code"]') (basics.py:107)
[2022-07-27 17:56:14] [    INFO] 查找元素：('xpath', '//input[@id="identifyCode"]') (basics.py:107)
[2022-07-27 17:56:14] [    INFO] 输入文本：0688 (basics.py:138)
[2022-07-27 17:56:14] [    INFO] 查找元素：('xpath', '//button[@id="submit_btn"]') (basics.py:107)
[2022-07-27 17:56:15] [    INFO] 点击元素：('xpath', '//button[@id="submit_btn"]') (basics.py:191)
[2022-07-27 17:56:15] [    INFO] 查找元素：('xpath', '//span[@title="审批列表"]') (basics.py:107)
[2022-07-27 17:56:16] [    INFO] 点击元素：('xpath', '//span[@title="审批列表"]') (basics.py:191)
[2022-07-27 17:56:17] [    INFO] 查找元素：('xpath', '//div[@id="pq-body-cell-u0-0-2-right"]/span') (basics.py:107)
[2022-07-27 17:56:37] [    INFO] 查找元素：('xpath', '//input[@name="taskName"]') (basics.py:107)
[2022-07-27 17:58:41] [    INFO] 【SRM】项目【test】环境- UI自动化开始执行 (conftest.py:17)
[2022-07-27 17:58:43] [    INFO] 查找元素：('xpath', '//input[@id="elsAccount"]') (basics.py:107)
[2022-07-27 17:58:43] [    INFO] 输入文本：860000 (basics.py:138)
[2022-07-27 17:58:43] [    INFO] 查找元素：('xpath', '//input[@id="elsSubAccount"]') (basics.py:107)
[2022-07-27 17:58:43] [    INFO] 输入文本：1001 (basics.py:138)
[2022-07-27 17:58:44] [    INFO] 查找元素：('xpath', '//input[@type="password"]') (basics.py:107)
[2022-07-27 17:58:44] [    INFO] 输入文本：1qaz@WSX (basics.py:138)
[2022-07-27 17:58:44] [    INFO] 查找元素：('xpath', '//input[@id="identifyCode"]') (basics.py:107)
[2022-07-27 17:58:44] [    INFO] 点击元素：('xpath', '//input[@id="identifyCode"]') (basics.py:191)
[2022-07-27 17:58:48] [    INFO] 查找元素：('xpath', '//img[@id="code"]') (basics.py:107)
[2022-07-27 17:58:49] [    INFO] 查找元素：('xpath', '//input[@id="identifyCode"]') (basics.py:107)
[2022-07-27 17:58:49] [    INFO] 输入文本：4072 (basics.py:138)
[2022-07-27 17:58:49] [    INFO] 查找元素：('xpath', '//button[@id="submit_btn"]') (basics.py:107)
[2022-07-27 17:58:49] [    INFO] 点击元素：('xpath', '//button[@id="submit_btn"]') (basics.py:191)
[2022-07-27 17:58:50] [    INFO] 查找元素：('xpath', '//span[@title="审批列表"]') (basics.py:107)
[2022-07-27 17:58:51] [    INFO] 点击元素：('xpath', '//span[@title="审批列表"]') (basics.py:191)
[2022-07-27 17:58:51] [    INFO] 查找元素：('xpath', '//div[@id="pq-body-cell-u0-0-2-right"]/span') (basics.py:107)
[2022-07-27 17:59:12] [    INFO] 查找元素：('xpath', '//input[@name="taskName"]') (basics.py:107)
