[2022-09-01 17:08:02] [    INFO] 【PDC】项目【test】环境- UI自动化开始执行 (conftest.py:14)
[2022-09-01 17:08:02] [    INFO] 前置条件：传音统一登录开始 (conftest.py:18)
[2022-09-01 17:08:09] [    INFO] 打开网页：http://bom-sit.transsion.com:10000/ (basics.py:63)
[2022-09-01 17:08:09] [    INFO] 查找元素：('xpath', "//div[@role='button']") (basics.py:106)
[2022-09-01 17:08:09] [    INFO] 点击元素：('xpath', "//div[@role='button']") (basics.py:206)
[2022-09-01 17:08:14] [    INFO] 查找元素：['xpath', "//*[contains(@id,'dropdown-menu-')]//li[1]"] (basics.py:106)
[2022-09-01 17:08:15] [    INFO] 查找元素：('xpath', "//div[@role='button']") (basics.py:106)
[2022-09-01 17:08:15] [    INFO] 点击元素：('xpath', "//div[@role='button']") (basics.py:206)
[2022-09-01 17:08:15] [    INFO] 查找元素：('id', 'tab-account') (basics.py:106)
[2022-09-01 17:08:15] [    INFO] 点击元素：('id', 'tab-account') (basics.py:206)
[2022-09-01 17:08:16] [    INFO] 查找元素：('xpath', "//*[@id='pane-account']/form/div[1]/div/div[1]/input") (basics.py:106)
[2022-09-01 17:08:16] [    INFO] 输入文本：18649277 (basics.py:137)
[2022-09-01 17:08:18] [    INFO] 查找元素：('xpath', "//*[@id='pane-account']/form/div[2]/div/div[1]/input") (basics.py:106)
[2022-09-01 17:08:18] [    INFO] 输入文本：xLily6x (basics.py:137)
[2022-09-01 17:08:19] [    INFO] 查找元素：('xpath', "//span[text()='我已阅读并接受']/../label/span/span") (basics.py:106)
[2022-09-01 17:08:19] [    INFO] 获取状态：False (basics.py:330)
[2022-09-01 17:08:19] [    INFO] 查找元素：('xpath', "//span[text()='我已阅读并接受']/../label/span/span") (basics.py:106)
[2022-09-01 17:08:19] [    INFO] 点击元素：('xpath', "//span[text()='我已阅读并接受']/../label/span/span") (basics.py:206)
[2022-09-01 17:08:20] [    INFO] 查找元素：('xpath', "//*[@id='pane-account']/form/button") (basics.py:106)
[2022-09-01 17:08:20] [    INFO] 点击元素：('xpath', "//*[@id='pane-account']/form/button") (basics.py:206)
[2022-09-01 17:08:26] [ WARNING] 断言失败：URL为预期不一致 | URL: http://bom-sit.transsion.com:10000/#/process/holdon?token%3Dr_Zjc2OTE1YzUtNGMxOC00YmEyLThkZjYtZmM4NWRmZjdmY2U4%26rtoken%3Du_MjY2MWl1NWFjb244MWJuMnFlaDleODA2NjExODEwMDE2MTc0NTkzMzAyNzI4%26employeeNo%3D18649277%26lang%3Dzh (assert_ui.py:187)
[2022-09-01 17:08:26] [   ERROR] None
assert 'http://bom-sit.transsion.com:10000//dashboard' in 'http://bom-sit.transsion.com:10000/#/process/holdon?token%3Dr_Zjc2OTE1YzUtNGMxOC00YmEyLThkZjYtZmM4NWRmZjdmY2U4%26rtoken%3Du_MjY2MWl1NWFjb244MWJuMnFlaDleODA2NjExODEwMDE2MTc0NTkzMzAyNzI4%26employeeNo%3D18649277%26lang%3Dzh' (assert_ui.py:190)
[2022-09-01 17:15:45] [    INFO] 【PDC】项目【test】环境- UI自动化开始执行 (conftest.py:14)
[2022-09-01 17:15:45] [    INFO] 前置条件：传音统一登录开始 (conftest.py:18)
[2022-09-01 17:15:50] [    INFO] 打开网页：http://bom-sit.transsion.com:10000/ (basics.py:63)
[2022-09-01 17:15:50] [    INFO] 查找元素：('xpath', "//div[@role='button']") (basics.py:106)
[2022-09-01 17:15:50] [    INFO] 点击元素：('xpath', "//div[@role='button']") (basics.py:206)
[2022-09-01 17:15:54] [    INFO] 查找元素：['xpath', "//*[contains(@id,'dropdown-menu-')]//li[1]"] (basics.py:106)
[2022-09-01 17:15:55] [    INFO] 查找元素：('xpath', "//div[@role='button']") (basics.py:106)
[2022-09-01 17:15:55] [    INFO] 点击元素：('xpath', "//div[@role='button']") (basics.py:206)
[2022-09-01 17:15:56] [    INFO] 查找元素：('id', 'tab-account') (basics.py:106)
[2022-09-01 17:15:56] [    INFO] 点击元素：('id', 'tab-account') (basics.py:206)
[2022-09-01 17:15:57] [    INFO] 查找元素：('xpath', "//*[@id='pane-account']/form/div[1]/div/div[1]/input") (basics.py:106)
[2022-09-01 17:15:57] [    INFO] 输入文本：18649277 (basics.py:137)
[2022-09-01 17:15:59] [    INFO] 查找元素：('xpath', "//*[@id='pane-account']/form/div[2]/div/div[1]/input") (basics.py:106)
[2022-09-01 17:15:59] [    INFO] 输入文本：xLily6x (basics.py:137)
[2022-09-01 17:16:00] [    INFO] 查找元素：('xpath', "//span[text()='我已阅读并接受']/../label/span/span") (basics.py:106)
[2022-09-01 17:16:00] [    INFO] 获取状态：False (basics.py:330)
[2022-09-01 17:16:00] [    INFO] 查找元素：('xpath', "//span[text()='我已阅读并接受']/../label/span/span") (basics.py:106)
[2022-09-01 17:16:00] [    INFO] 点击元素：('xpath', "//span[text()='我已阅读并接受']/../label/span/span") (basics.py:206)
[2022-09-01 17:16:00] [    INFO] 查找元素：('xpath', "//*[@id='pane-account']/form/button") (basics.py:106)
[2022-09-01 17:16:00] [    INFO] 点击元素：('xpath', "//*[@id='pane-account']/form/button") (basics.py:206)
[2022-09-01 17:16:07] [ WARNING] 断言失败：URL为预期不一致 | URL: http://bom-sit.transsion.com:10000/#/process/holdon?token%3Dr_ODEwYjk4NDgtMTQyOS00NjE0LTgwYjYtYWZjY2FhYzFlOWFh%26rtoken%3Du_MjY2MWl1NWFjb244MWJuMnFlaDleODA2NjExODEwMDE2MTc0NTkzMzAyNzI4%26employeeNo%3D18649277%26lang%3Dzh (assert_ui.py:187)
[2022-09-01 17:16:07] [   ERROR] None
assert 'http://bom-sit.transsion.com:10000//dashboard' in 'http://bom-sit.transsion.com:10000/#/process/holdon?token%3Dr_ODEwYjk4NDgtMTQyOS00NjE0LTgwYjYtYWZjY2FhYzFlOWFh%26rtoken%3Du_MjY2MWl1NWFjb244MWJuMnFlaDleODA2NjExODEwMDE2MTc0NTkzMzAyNzI4%26employeeNo%3D18649277%26lang%3Dzh' (assert_ui.py:190)
[2022-09-01 17:28:03] [    INFO] 【PDC】项目【test】环境- UI自动化开始执行 (conftest.py:14)
[2022-09-01 17:28:03] [    INFO] 前置条件：传音统一登录开始 (conftest.py:18)
[2022-09-01 17:28:07] [    INFO] 打开网页：http://bom-sit.transsion.com:10000/ (basics.py:63)
[2022-09-01 17:28:07] [    INFO] 查找元素：('xpath', "//div[@role='button']") (basics.py:106)
[2022-09-01 17:28:07] [    INFO] 点击元素：('xpath', "//div[@role='button']") (basics.py:206)
[2022-09-01 17:28:12] [    INFO] 查找元素：['xpath', "//*[contains(@id,'dropdown-menu-')]//li[1]"] (basics.py:106)
[2022-09-01 17:28:13] [    INFO] 查找元素：('xpath', "//div[@role='button']") (basics.py:106)
[2022-09-01 17:28:13] [    INFO] 点击元素：('xpath', "//div[@role='button']") (basics.py:206)
[2022-09-01 17:28:13] [    INFO] 查找元素：('id', 'tab-account') (basics.py:106)
[2022-09-01 17:28:13] [    INFO] 点击元素：('id', 'tab-account') (basics.py:206)
[2022-09-01 17:28:14] [    INFO] 查找元素：('xpath', "//*[@id='pane-account']/form/div[1]/div/div[1]/input") (basics.py:106)
[2022-09-01 17:28:14] [    INFO] 输入文本：18649277 (basics.py:137)
[2022-09-01 17:28:16] [    INFO] 查找元素：('xpath', "//*[@id='pane-account']/form/div[2]/div/div[1]/input") (basics.py:106)
[2022-09-01 17:28:16] [    INFO] 输入文本：xLily6x (basics.py:137)
[2022-09-01 17:28:17] [    INFO] 查找元素：('xpath', "//span[text()='我已阅读并接受']/../label/span/span") (basics.py:106)
[2022-09-01 17:28:17] [    INFO] 获取状态：False (basics.py:330)
[2022-09-01 17:28:17] [    INFO] 查找元素：('xpath', "//span[text()='我已阅读并接受']/../label/span/span") (basics.py:106)
[2022-09-01 17:28:17] [    INFO] 点击元素：('xpath', "//span[text()='我已阅读并接受']/../label/span/span") (basics.py:206)
[2022-09-01 17:28:18] [    INFO] 查找元素：('xpath', "//*[@id='pane-account']/form/button") (basics.py:106)
[2022-09-01 17:28:18] [    INFO] 点击元素：('xpath', "//*[@id='pane-account']/form/button") (basics.py:206)
[2022-09-01 17:28:24] [    INFO] 前置条件：传音统一登录成功 (conftest.py:25)
[2022-09-01 17:28:24] [    INFO] 查找元素：['xpath', "//li[@class='menu-list-item is-active']"] (basics.py:102)
[2022-09-01 17:28:25] [    INFO] 点击元素：('xpath', "//li[@class='menu-list-item is-active']")产品任命 (basics.py:565)
[2022-09-01 17:28:25] [    INFO] 点击产品任命：产品任命 (test1.py:31)
[2022-09-01 17:28:25] [    INFO] 查找元素：['xpath', "//li//span[normalize-space(text())='区域产品概述']"] (basics.py:102)
[2022-09-01 17:28:46] [    INFO] 查找元素：['xpath', "//li//span[normalize-space(text())='区域产品概述']"] (basics.py:102)
