[2022-08-30 10:03:14] [    INFO] 【TBM】项目【test】环境- UI自动化开始执行 (conftest.py:17)
[2022-08-30 10:03:14] [    INFO] 前置条件：传音统一登录开始 (conftest.py:21)
[2022-08-30 10:03:19] [    INFO] 打开网页：http://bom-sit.transsion.com/#/process/home-page (basics.py:63)
[2022-08-30 10:03:19] [    INFO] 查找元素：('xpath', "//div[@role='button']") (basics.py:106)
[2022-08-30 10:03:19] [    INFO] 点击元素：('xpath', "//div[@role='button']") (basics.py:206)
[2022-08-30 10:03:23] [    INFO] 查找元素：['xpath', "//*[contains(@id,'dropdown-menu-')]//li[1]"] (basics.py:106)
[2022-08-30 10:03:24] [    INFO] 查找元素：('xpath', "//div[@role='button']") (basics.py:106)
[2022-08-30 10:03:24] [    INFO] 点击元素：('xpath', "//div[@role='button']") (basics.py:206)
[2022-08-30 10:03:25] [    INFO] 查找元素：('id', 'tab-account') (basics.py:106)
[2022-08-30 10:03:25] [    INFO] 点击元素：('id', 'tab-account') (basics.py:206)
[2022-08-30 10:03:26] [    INFO] 查找元素：('xpath', "//*[@id='pane-account']/form/div[1]/div/div[1]/input") (basics.py:106)
[2022-08-30 10:03:26] [    INFO] 输入文本：18645960 (basics.py:137)
[2022-08-30 10:03:28] [    INFO] 查找元素：('xpath', "//*[@id='pane-account']/form/div[2]/div/div[1]/input") (basics.py:106)
[2022-08-30 10:03:28] [    INFO] 输入文本：xLily6x (basics.py:137)
[2022-08-30 10:03:29] [    INFO] 查找元素：('xpath', "//span[text()='我已阅读并接受']/../label/span/span") (basics.py:106)
[2022-08-30 10:03:29] [    INFO] 获取状态：False (basics.py:330)
[2022-08-30 10:03:29] [    INFO] 查找元素：('xpath', "//span[text()='我已阅读并接受']/../label/span/span") (basics.py:106)
[2022-08-30 10:03:29] [    INFO] 点击元素：('xpath', "//span[text()='我已阅读并接受']/../label/span/span") (basics.py:206)
[2022-08-30 10:03:29] [    INFO] 查找元素：('xpath', "//*[@id='pane-account']/form/button") (basics.py:106)
[2022-08-30 10:03:30] [    INFO] 点击元素：('xpath', "//*[@id='pane-account']/form/button") (basics.py:206)
[2022-08-30 10:03:36] [   ERROR] 正在截图... (basics.py:449)
[2022-08-30 10:03:36] [   ERROR] 日志正在附加截图... (basics.py:456)
[2022-08-30 10:03:36] [   ERROR] 日志附加截图成功 (basics.py:460)
[2022-08-30 10:03:36] [    INFO] 断言成功：页面存在该标识首页 | 关键字:首页 (assert_ui.py:167)
[2022-08-30 10:03:36] [    INFO] 前置条件：传音统一登录成功 (conftest.py:25)
[2022-08-30 10:03:36] [    INFO] 查找元素：('xpath', "//span[@class='meta-title' and contains(text(),'待办列表')]") (basics.py:106)
[2022-08-30 10:03:37] [    INFO] 点击元素：('xpath', "//span[@class='meta-title' and contains(text(),'待办列表')]")None (basics.py:565)
[2022-08-30 10:03:37] [    INFO] 查找元素：('xpath', "//div[@class='menu-wrapper nest-menu']//span[contains(text(),'我申请的')]") (basics.py:106)
[2022-08-30 10:03:38] [    INFO] 点击元素：('xpath', "//div[@class='menu-wrapper nest-menu']//span[contains(text(),'我申请的')]")None (basics.py:565)
[2022-08-30 10:03:40] [    INFO] 刷新页面 (basics.py:337)
[2022-08-30 10:03:40] [    INFO] 查找元素：('xpath', '//iframe') (basics.py:106)
[2022-08-30 10:03:40] [    INFO] 查找元素：('xpath', "//div[contains(text(),'ZBOM20220830011121444746') and @class='row-code']/../../../..//span[text()='查看详情']") (basics.py:106)
[2022-08-30 10:04:11] [    INFO] 查找元素：('xpath', "//div[contains(text(),'ZBOM20220830011121444746') and @class='row-code']/../../../..//span[text()='查看详情']") (basics.py:106)
[2022-08-30 10:07:09] [    INFO] 【TBM】项目【test】环境- UI自动化开始执行 (conftest.py:17)
[2022-08-30 10:07:09] [    INFO] 前置条件：传音统一登录开始 (conftest.py:21)
[2022-08-30 10:07:14] [    INFO] 打开网页：http://bom-sit.transsion.com/#/process/home-page (basics.py:63)
[2022-08-30 10:07:14] [    INFO] 查找元素：('xpath', "//div[@role='button']") (basics.py:106)
[2022-08-30 10:07:14] [    INFO] 点击元素：('xpath', "//div[@role='button']") (basics.py:206)
[2022-08-30 10:07:18] [    INFO] 查找元素：['xpath', "//*[contains(@id,'dropdown-menu-')]//li[1]"] (basics.py:106)
[2022-08-30 10:07:19] [    INFO] 查找元素：('xpath', "//div[@role='button']") (basics.py:106)
[2022-08-30 10:07:19] [    INFO] 点击元素：('xpath', "//div[@role='button']") (basics.py:206)
[2022-08-30 10:07:20] [    INFO] 查找元素：('id', 'tab-account') (basics.py:106)
[2022-08-30 10:07:20] [    INFO] 点击元素：('id', 'tab-account') (basics.py:206)
[2022-08-30 10:07:21] [    INFO] 查找元素：('xpath', "//*[@id='pane-account']/form/div[1]/div/div[1]/input") (basics.py:106)
[2022-08-30 10:07:21] [    INFO] 输入文本：18645960 (basics.py:137)
[2022-08-30 10:07:23] [    INFO] 查找元素：('xpath', "//*[@id='pane-account']/form/div[2]/div/div[1]/input") (basics.py:106)
[2022-08-30 10:07:23] [    INFO] 输入文本：xLily6x (basics.py:137)
[2022-08-30 10:07:24] [    INFO] 查找元素：('xpath', "//span[text()='我已阅读并接受']/../label/span/span") (basics.py:106)
[2022-08-30 10:07:24] [    INFO] 获取状态：False (basics.py:330)
[2022-08-30 10:07:24] [    INFO] 查找元素：('xpath', "//span[text()='我已阅读并接受']/../label/span/span") (basics.py:106)
[2022-08-30 10:07:24] [    INFO] 点击元素：('xpath', "//span[text()='我已阅读并接受']/../label/span/span") (basics.py:206)
[2022-08-30 10:07:24] [    INFO] 查找元素：('xpath', "//*[@id='pane-account']/form/button") (basics.py:106)
[2022-08-30 10:07:24] [    INFO] 点击元素：('xpath', "//*[@id='pane-account']/form/button") (basics.py:206)
[2022-08-30 10:07:31] [   ERROR] 正在截图... (basics.py:449)
[2022-08-30 10:07:31] [   ERROR] 日志正在附加截图... (basics.py:456)
[2022-08-30 10:07:31] [   ERROR] 日志附加截图成功 (basics.py:460)
[2022-08-30 10:07:31] [    INFO] 断言成功：页面存在该标识首页 | 关键字:首页 (assert_ui.py:167)
[2022-08-30 10:07:31] [    INFO] 前置条件：传音统一登录成功 (conftest.py:25)
[2022-08-30 10:07:31] [    INFO] 查找元素：('xpath', "//span[@class='meta-title' and contains(text(),'待办列表')]") (basics.py:106)
[2022-08-30 10:07:32] [    INFO] 点击元素：('xpath', "//span[@class='meta-title' and contains(text(),'待办列表')]")None (basics.py:565)
[2022-08-30 10:07:32] [    INFO] 查找元素：('xpath', "//div[@class='menu-wrapper nest-menu']//span[contains(text(),'我申请的')]") (basics.py:106)
[2022-08-30 10:07:32] [    INFO] 点击元素：('xpath', "//div[@class='menu-wrapper nest-menu']//span[contains(text(),'我申请的')]")None (basics.py:565)
[2022-08-30 10:07:37] [    INFO] 刷新页面 (basics.py:337)
[2022-08-30 10:07:37] [    INFO] 查找元素：('xpath', '//iframe') (basics.py:106)
[2022-08-30 10:07:39] [    INFO] 刷新页面 (basics.py:337)
[2022-08-30 10:07:39] [    INFO] 查找元素：('xpath', "//div[contains(text(),'ZBOM20220830011121444746') and @class='row-code']/../../../..//span[text()='查看详情']") (basics.py:106)
[2022-08-30 10:08:10] [    INFO] 查找元素：('xpath', "//div[contains(text(),'ZBOM20220830011121444746') and @class='row-code']/../../../..//span[text()='查看详情']") (basics.py:106)
[2022-08-30 10:10:16] [    INFO] 【TBM】项目【test】环境- UI自动化开始执行 (conftest.py:17)
[2022-08-30 10:10:16] [    INFO] 前置条件：传音统一登录开始 (conftest.py:21)
[2022-08-30 10:10:22] [    INFO] 打开网页：http://bom-sit.transsion.com/#/process/home-page (basics.py:63)
[2022-08-30 10:10:22] [    INFO] 查找元素：('xpath', "//div[@role='button']") (basics.py:106)
[2022-08-30 10:10:22] [    INFO] 点击元素：('xpath', "//div[@role='button']") (basics.py:206)
[2022-08-30 10:10:27] [    INFO] 查找元素：['xpath', "//*[contains(@id,'dropdown-menu-')]//li[1]"] (basics.py:106)
[2022-08-30 10:10:28] [    INFO] 查找元素：('xpath', "//div[@role='button']") (basics.py:106)
[2022-08-30 10:10:28] [    INFO] 点击元素：('xpath', "//div[@role='button']") (basics.py:206)
[2022-08-30 10:10:28] [    INFO] 查找元素：('id', 'tab-account') (basics.py:106)
[2022-08-30 10:10:28] [    INFO] 点击元素：('id', 'tab-account') (basics.py:206)
[2022-08-30 10:10:29] [    INFO] 查找元素：('xpath', "//*[@id='pane-account']/form/div[1]/div/div[1]/input") (basics.py:106)
[2022-08-30 10:10:29] [    INFO] 输入文本：18645960 (basics.py:137)
[2022-08-30 10:10:31] [    INFO] 查找元素：('xpath', "//*[@id='pane-account']/form/div[2]/div/div[1]/input") (basics.py:106)
[2022-08-30 10:10:31] [    INFO] 输入文本：xLily6x (basics.py:137)
[2022-08-30 10:10:32] [    INFO] 查找元素：('xpath', "//span[text()='我已阅读并接受']/../label/span/span") (basics.py:106)
[2022-08-30 10:10:32] [    INFO] 获取状态：False (basics.py:330)
[2022-08-30 10:10:32] [    INFO] 查找元素：('xpath', "//span[text()='我已阅读并接受']/../label/span/span") (basics.py:106)
[2022-08-30 10:10:32] [    INFO] 点击元素：('xpath', "//span[text()='我已阅读并接受']/../label/span/span") (basics.py:206)
[2022-08-30 10:10:33] [    INFO] 查找元素：('xpath', "//*[@id='pane-account']/form/button") (basics.py:106)
[2022-08-30 10:10:33] [    INFO] 点击元素：('xpath', "//*[@id='pane-account']/form/button") (basics.py:206)
[2022-08-30 10:10:39] [   ERROR] 正在截图... (basics.py:449)
[2022-08-30 10:10:39] [   ERROR] 日志正在附加截图... (basics.py:456)
[2022-08-30 10:10:39] [   ERROR] 日志附加截图成功 (basics.py:460)
[2022-08-30 10:10:39] [    INFO] 断言成功：页面存在该标识首页 | 关键字:首页 (assert_ui.py:167)
[2022-08-30 10:10:39] [    INFO] 前置条件：传音统一登录成功 (conftest.py:25)
[2022-08-30 10:10:39] [    INFO] 查找元素：('xpath', "//span[@class='meta-title' and contains(text(),'待办列表')]") (basics.py:106)
[2022-08-30 10:10:40] [    INFO] 点击元素：('xpath', "//span[@class='meta-title' and contains(text(),'待办列表')]")None (basics.py:565)
[2022-08-30 10:10:40] [    INFO] 查找元素：('xpath', "//div[@class='menu-wrapper nest-menu']//span[contains(text(),'我申请的')]") (basics.py:106)
[2022-08-30 10:10:40] [    INFO] 点击元素：('xpath', "//div[@class='menu-wrapper nest-menu']//span[contains(text(),'我申请的')]")None (basics.py:565)
[2022-08-30 10:10:43] [    INFO] 刷新页面 (basics.py:337)
[2022-08-30 10:10:43] [    INFO] 查找元素：('xpath', '//iframe') (basics.py:106)
[2022-08-30 10:10:48] [    INFO] 刷新页面 (basics.py:337)
[2022-08-30 10:10:48] [    INFO] 查找元素：('xpath', "//div[contains(text(),'ZBOM20220830011121444746') and @class='row-code']/../../../..//span[text()='查看详情']") (basics.py:106)
[2022-08-30 10:11:19] [    INFO] 查找元素：('xpath', "//div[contains(text(),'ZBOM20220830011121444746') and @class='row-code']/../../../..//span[text()='查看详情']") (basics.py:106)
[2022-08-30 10:12:07] [    INFO] 【TBM】项目【test】环境- UI自动化开始执行 (conftest.py:17)
[2022-08-30 10:12:07] [    INFO] 前置条件：传音统一登录开始 (conftest.py:21)
[2022-08-30 10:12:13] [    INFO] 打开网页：http://bom-sit.transsion.com/#/process/home-page (basics.py:63)
[2022-08-30 10:12:13] [    INFO] 查找元素：('xpath', "//div[@role='button']") (basics.py:106)
[2022-08-30 10:12:13] [    INFO] 点击元素：('xpath', "//div[@role='button']") (basics.py:206)
[2022-08-30 10:12:18] [    INFO] 查找元素：['xpath', "//*[contains(@id,'dropdown-menu-')]//li[1]"] (basics.py:106)
[2022-08-30 10:12:19] [    INFO] 查找元素：('xpath', "//div[@role='button']") (basics.py:106)
[2022-08-30 10:12:19] [    INFO] 点击元素：('xpath', "//div[@role='button']") (basics.py:206)
[2022-08-30 10:12:19] [    INFO] 查找元素：('id', 'tab-account') (basics.py:106)
[2022-08-30 10:12:19] [    INFO] 点击元素：('id', 'tab-account') (basics.py:206)
[2022-08-30 10:12:20] [    INFO] 查找元素：('xpath', "//*[@id='pane-account']/form/div[1]/div/div[1]/input") (basics.py:106)
[2022-08-30 10:12:20] [    INFO] 输入文本：18645960 (basics.py:137)
[2022-08-30 10:12:22] [    INFO] 查找元素：('xpath', "//*[@id='pane-account']/form/div[2]/div/div[1]/input") (basics.py:106)
[2022-08-30 10:12:22] [    INFO] 输入文本：xLily6x (basics.py:137)
[2022-08-30 10:12:23] [    INFO] 查找元素：('xpath', "//span[text()='我已阅读并接受']/../label/span/span") (basics.py:106)
[2022-08-30 10:12:23] [    INFO] 获取状态：False (basics.py:330)
[2022-08-30 10:12:23] [    INFO] 查找元素：('xpath', "//span[text()='我已阅读并接受']/../label/span/span") (basics.py:106)
[2022-08-30 10:12:23] [    INFO] 点击元素：('xpath', "//span[text()='我已阅读并接受']/../label/span/span") (basics.py:206)
[2022-08-30 10:12:24] [    INFO] 查找元素：('xpath', "//*[@id='pane-account']/form/button") (basics.py:106)
[2022-08-30 10:12:24] [    INFO] 点击元素：('xpath', "//*[@id='pane-account']/form/button") (basics.py:206)
[2022-08-30 10:12:30] [   ERROR] 正在截图... (basics.py:449)
[2022-08-30 10:12:30] [   ERROR] 日志正在附加截图... (basics.py:456)
[2022-08-30 10:12:30] [   ERROR] 日志附加截图成功 (basics.py:460)
[2022-08-30 10:12:30] [    INFO] 断言成功：页面存在该标识首页 | 关键字:首页 (assert_ui.py:167)
[2022-08-30 10:12:30] [    INFO] 前置条件：传音统一登录成功 (conftest.py:25)
[2022-08-30 10:12:30] [    INFO] 查找元素：['xpath', "//span[@class='meta-title' and contains(text(),'待办列表')]"] (basics.py:102)
[2022-08-30 10:12:31] [    INFO] 点击元素：('xpath', "//span[@class='meta-title' and contains(text(),'待办列表')]")待办列表 (basics.py:565)
[2022-08-30 10:12:31] [    INFO] 点击待办列表：待办列表 (BOM.py:127)
[2022-08-30 10:12:31] [    INFO] 查找元素：['xpath', "//div[@class='menu-wrapper nest-menu']//span[contains(text(),'我申请的')]"] (basics.py:102)
[2022-08-30 10:12:31] [    INFO] 点击元素：('xpath', "//div[@class='menu-wrapper nest-menu']//span[contains(text(),'我申请的')]")我申请的 (basics.py:565)
[2022-08-30 10:12:31] [    INFO] 点击我申请的：我申请的 (BOM.py:129)
[2022-08-30 10:12:38] [    INFO] 刷新页面 (basics.py:337)
[2022-08-30 10:12:38] [    INFO] 查找元素：('xpath', '//iframe') (basics.py:106)
[2022-08-30 10:12:38] [    INFO] 查找元素：('xpath', "//div[contains(text(),'ZBOM20220830011121444746') and @class='row-code']/../../../..//span[text()='查看详情']") (basics.py:106)
[2022-08-30 10:12:41] [    INFO] 点击元素：('xpath', "//div[contains(text(),'ZBOM20220830011121444746') and @class='row-code']/../../../..//span[text()='查看详情']")None (basics.py:565)
[2022-08-30 10:12:41] [    INFO] 查找元素：('xpath', '//iframe') (basics.py:106)
[2022-08-30 10:12:41] [    INFO] 查找元素：('xpath', "//button//span[text()='撤回']") (basics.py:106)
[2022-08-30 10:12:42] [    INFO] 查找元素：('xpath', "//button//span[text()='撤回']") (basics.py:106)
[2022-08-30 10:16:22] [    INFO] 【TBM】项目【test】环境- UI自动化开始执行 (conftest.py:17)
[2022-08-30 10:16:22] [    INFO] 前置条件：传音统一登录开始 (conftest.py:21)
[2022-08-30 10:16:27] [    INFO] 打开网页：http://bom-sit.transsion.com/#/process/home-page (basics.py:63)
[2022-08-30 10:16:27] [    INFO] 查找元素：('xpath', "//div[@role='button']") (basics.py:106)
[2022-08-30 10:16:27] [    INFO] 点击元素：('xpath', "//div[@role='button']") (basics.py:206)
[2022-08-30 10:16:31] [    INFO] 查找元素：['xpath', "//*[contains(@id,'dropdown-menu-')]//li[1]"] (basics.py:106)
[2022-08-30 10:16:32] [    INFO] 查找元素：('xpath', "//div[@role='button']") (basics.py:106)
[2022-08-30 10:16:32] [    INFO] 点击元素：('xpath', "//div[@role='button']") (basics.py:206)
[2022-08-30 10:16:33] [    INFO] 查找元素：('id', 'tab-account') (basics.py:106)
[2022-08-30 10:16:33] [    INFO] 点击元素：('id', 'tab-account') (basics.py:206)
[2022-08-30 10:16:34] [    INFO] 查找元素：('xpath', "//*[@id='pane-account']/form/div[1]/div/div[1]/input") (basics.py:106)
[2022-08-30 10:16:34] [    INFO] 输入文本：18645960 (basics.py:137)
[2022-08-30 10:16:36] [    INFO] 查找元素：('xpath', "//*[@id='pane-account']/form/div[2]/div/div[1]/input") (basics.py:106)
[2022-08-30 10:16:36] [    INFO] 输入文本：xLily6x (basics.py:137)
[2022-08-30 10:16:37] [    INFO] 查找元素：('xpath', "//span[text()='我已阅读并接受']/../label/span/span") (basics.py:106)
[2022-08-30 10:16:37] [    INFO] 获取状态：False (basics.py:330)
[2022-08-30 10:16:37] [    INFO] 查找元素：('xpath', "//span[text()='我已阅读并接受']/../label/span/span") (basics.py:106)
[2022-08-30 10:16:37] [    INFO] 点击元素：('xpath', "//span[text()='我已阅读并接受']/../label/span/span") (basics.py:206)
[2022-08-30 10:16:37] [    INFO] 查找元素：('xpath', "//*[@id='pane-account']/form/button") (basics.py:106)
[2022-08-30 10:16:37] [    INFO] 点击元素：('xpath', "//*[@id='pane-account']/form/button") (basics.py:206)
[2022-08-30 10:16:44] [   ERROR] 正在截图... (basics.py:449)
[2022-08-30 10:16:44] [   ERROR] 日志正在附加截图... (basics.py:456)
[2022-08-30 10:16:44] [   ERROR] 日志附加截图成功 (basics.py:460)
[2022-08-30 10:16:44] [    INFO] 断言成功：页面存在该标识首页 | 关键字:首页 (assert_ui.py:167)
[2022-08-30 10:16:44] [    INFO] 前置条件：传音统一登录成功 (conftest.py:25)
[2022-08-30 10:16:44] [    INFO] 查找元素：['xpath', "//span[@class='meta-title' and contains(text(),'待办列表')]"] (basics.py:102)
[2022-08-30 10:16:44] [    INFO] 点击元素：('xpath', "//span[@class='meta-title' and contains(text(),'待办列表')]")待办列表 (basics.py:565)
[2022-08-30 10:16:44] [    INFO] 点击待办列表：待办列表 (BOM.py:127)
[2022-08-30 10:16:44] [    INFO] 查找元素：['xpath', "//div[@class='menu-wrapper nest-menu']//span[contains(text(),'我申请的')]"] (basics.py:102)
[2022-08-30 10:16:45] [    INFO] 点击元素：('xpath', "//div[@class='menu-wrapper nest-menu']//span[contains(text(),'我申请的')]")我申请的 (basics.py:565)
[2022-08-30 10:16:45] [    INFO] 点击我申请的：我申请的 (BOM.py:129)
[2022-08-30 10:16:53] [    INFO] 刷新页面 (basics.py:337)
[2022-08-30 10:16:53] [    INFO] 查找元素：('xpath', '//iframe') (basics.py:106)
[2022-08-30 10:16:53] [    INFO] 查找元素：('xpath', "//div[contains(text(),'ZBOM20220830011121444746') and @class='row-code']/../../../..//span[text()='查看详情']") (basics.py:106)
[2022-08-30 10:16:56] [    INFO] 点击元素：('xpath', "//div[contains(text(),'ZBOM20220830011121444746') and @class='row-code']/../../../..//span[text()='查看详情']")None (basics.py:565)
[2022-08-30 10:16:56] [    INFO] 查找元素：('xpath', '//iframe') (basics.py:106)
[2022-08-30 10:16:56] [    INFO] 查找元素：('xpath', "//button//span[text()='撤回']") (basics.py:106)
[2022-08-30 10:16:57] [    INFO] 查找元素：('xpath', "//button//span[text()='撤回']") (basics.py:106)
[2022-08-30 10:18:01] [    INFO] 【TBM】项目【test】环境- UI自动化开始执行 (conftest.py:17)
[2022-08-30 10:18:01] [    INFO] 前置条件：传音统一登录开始 (conftest.py:21)
[2022-08-30 10:18:05] [    INFO] 打开网页：http://bom-sit.transsion.com/#/process/home-page (basics.py:63)
[2022-08-30 10:18:05] [    INFO] 查找元素：('xpath', "//div[@role='button']") (basics.py:106)
[2022-08-30 10:18:05] [    INFO] 点击元素：('xpath', "//div[@role='button']") (basics.py:206)
[2022-08-30 10:18:10] [    INFO] 查找元素：['xpath', "//*[contains(@id,'dropdown-menu-')]//li[1]"] (basics.py:106)
[2022-08-30 10:18:11] [    INFO] 查找元素：('xpath', "//div[@role='button']") (basics.py:106)
[2022-08-30 10:18:11] [    INFO] 点击元素：('xpath', "//div[@role='button']") (basics.py:206)
[2022-08-30 10:18:12] [    INFO] 查找元素：('id', 'tab-account') (basics.py:106)
[2022-08-30 10:18:12] [    INFO] 点击元素：('id', 'tab-account') (basics.py:206)
[2022-08-30 10:18:13] [    INFO] 查找元素：('xpath', "//*[@id='pane-account']/form/div[1]/div/div[1]/input") (basics.py:106)
[2022-08-30 10:18:13] [    INFO] 输入文本：18645960 (basics.py:137)
[2022-08-30 10:18:14] [    INFO] 查找元素：('xpath', "//*[@id='pane-account']/form/div[2]/div/div[1]/input") (basics.py:106)
[2022-08-30 10:18:14] [    INFO] 输入文本：xLily6x (basics.py:137)
[2022-08-30 10:18:15] [    INFO] 查找元素：('xpath', "//span[text()='我已阅读并接受']/../label/span/span") (basics.py:106)
[2022-08-30 10:18:15] [    INFO] 获取状态：False (basics.py:330)
[2022-08-30 10:18:15] [    INFO] 查找元素：('xpath', "//span[text()='我已阅读并接受']/../label/span/span") (basics.py:106)
[2022-08-30 10:18:15] [    INFO] 点击元素：('xpath', "//span[text()='我已阅读并接受']/../label/span/span") (basics.py:206)
[2022-08-30 10:18:16] [    INFO] 查找元素：('xpath', "//*[@id='pane-account']/form/button") (basics.py:106)
[2022-08-30 10:18:16] [    INFO] 点击元素：('xpath', "//*[@id='pane-account']/form/button") (basics.py:206)
[2022-08-30 10:18:22] [   ERROR] 正在截图... (basics.py:449)
[2022-08-30 10:18:23] [   ERROR] 日志正在附加截图... (basics.py:456)
[2022-08-30 10:18:23] [   ERROR] 日志附加截图成功 (basics.py:460)
[2022-08-30 10:18:23] [    INFO] 断言成功：页面存在该标识首页 | 关键字:首页 (assert_ui.py:167)
[2022-08-30 10:18:23] [    INFO] 前置条件：传音统一登录成功 (conftest.py:25)
[2022-08-30 10:18:23] [    INFO] 查找元素：['xpath', "//span[@class='meta-title' and contains(text(),'待办列表')]"] (basics.py:102)
[2022-08-30 10:18:23] [    INFO] 点击元素：('xpath', "//span[@class='meta-title' and contains(text(),'待办列表')]")待办列表 (basics.py:565)
[2022-08-30 10:18:23] [    INFO] 点击待办列表：待办列表 (BOM.py:127)
[2022-08-30 10:18:23] [    INFO] 查找元素：['xpath', "//div[@class='menu-wrapper nest-menu']//span[contains(text(),'我申请的')]"] (basics.py:102)
[2022-08-30 10:18:24] [    INFO] 点击元素：('xpath', "//div[@class='menu-wrapper nest-menu']//span[contains(text(),'我申请的')]")我申请的 (basics.py:565)
[2022-08-30 10:18:24] [    INFO] 点击我申请的：我申请的 (BOM.py:129)
[2022-08-30 10:18:29] [    INFO] 刷新页面 (basics.py:337)
[2022-08-30 10:18:29] [    INFO] 查找元素：('xpath', '//iframe') (basics.py:106)
[2022-08-30 10:18:29] [    INFO] 查找元素：('xpath', "//div[contains(text(),'ZBOM20220830011121444746') and @class='row-code']/../../../..//span[text()='查看详情']") (basics.py:106)
[2022-08-30 10:18:32] [    INFO] 点击元素：('xpath', "//div[contains(text(),'ZBOM20220830011121444746') and @class='row-code']/../../../..//span[text()='查看详情']")None (basics.py:565)
[2022-08-30 10:18:32] [    INFO] 查找元素：('xpath', '//iframe') (basics.py:106)
[2022-08-30 10:18:35] [    INFO] 查找元素：('xpath', "//button//span[text()='撤回']") (basics.py:106)
[2022-08-30 10:19:05] [    INFO] 查找元素：('xpath', "//button//span[text()='撤回']") (basics.py:106)
[2022-08-30 10:22:41] [    INFO] 【TBM】项目【test】环境- UI自动化开始执行 (conftest.py:17)
[2022-08-30 10:22:41] [    INFO] 前置条件：传音统一登录开始 (conftest.py:21)
[2022-08-30 10:22:46] [    INFO] 打开网页：http://bom-sit.transsion.com/#/process/home-page (basics.py:63)
[2022-08-30 10:22:46] [    INFO] 查找元素：('xpath', "//div[@role='button']") (basics.py:106)
[2022-08-30 10:22:46] [    INFO] 点击元素：('xpath', "//div[@role='button']") (basics.py:206)
[2022-08-30 10:22:50] [    INFO] 查找元素：['xpath', "//*[contains(@id,'dropdown-menu-')]//li[1]"] (basics.py:106)
[2022-08-30 10:22:51] [    INFO] 查找元素：('xpath', "//div[@role='button']") (basics.py:106)
[2022-08-30 10:22:51] [    INFO] 点击元素：('xpath', "//div[@role='button']") (basics.py:206)
[2022-08-30 10:22:52] [    INFO] 查找元素：('id', 'tab-account') (basics.py:106)
[2022-08-30 10:22:52] [    INFO] 点击元素：('id', 'tab-account') (basics.py:206)
[2022-08-30 10:22:53] [    INFO] 查找元素：('xpath', "//*[@id='pane-account']/form/div[1]/div/div[1]/input") (basics.py:106)
[2022-08-30 10:22:53] [    INFO] 输入文本：18645960 (basics.py:137)
[2022-08-30 10:22:55] [    INFO] 查找元素：('xpath', "//*[@id='pane-account']/form/div[2]/div/div[1]/input") (basics.py:106)
[2022-08-30 10:22:55] [    INFO] 输入文本：xLily6x (basics.py:137)
[2022-08-30 10:22:56] [    INFO] 查找元素：('xpath', "//span[text()='我已阅读并接受']/../label/span/span") (basics.py:106)
[2022-08-30 10:22:56] [    INFO] 获取状态：False (basics.py:330)
[2022-08-30 10:22:56] [    INFO] 查找元素：('xpath', "//span[text()='我已阅读并接受']/../label/span/span") (basics.py:106)
[2022-08-30 10:22:56] [    INFO] 点击元素：('xpath', "//span[text()='我已阅读并接受']/../label/span/span") (basics.py:206)
[2022-08-30 10:22:56] [    INFO] 查找元素：('xpath', "//*[@id='pane-account']/form/button") (basics.py:106)
[2022-08-30 10:22:56] [    INFO] 点击元素：('xpath', "//*[@id='pane-account']/form/button") (basics.py:206)
[2022-08-30 10:23:03] [   ERROR] 正在截图... (basics.py:449)
[2022-08-30 10:23:03] [   ERROR] 日志正在附加截图... (basics.py:456)
[2022-08-30 10:23:03] [   ERROR] 日志附加截图成功 (basics.py:460)
[2022-08-30 10:23:03] [    INFO] 断言成功：页面存在该标识首页 | 关键字:首页 (assert_ui.py:167)
[2022-08-30 10:23:03] [    INFO] 前置条件：传音统一登录成功 (conftest.py:25)
[2022-08-30 10:23:03] [    INFO] 查找元素：['xpath', "//span[@class='meta-title' and contains(text(),'待办列表')]"] (basics.py:102)
[2022-08-30 10:23:04] [    INFO] 点击元素：('xpath', "//span[@class='meta-title' and contains(text(),'待办列表')]")待办列表 (basics.py:565)
[2022-08-30 10:23:04] [    INFO] 点击待办列表：待办列表 (BOM.py:127)
[2022-08-30 10:23:04] [    INFO] 查找元素：['xpath', "//div[@class='menu-wrapper nest-menu']//span[contains(text(),'我申请的')]"] (basics.py:102)
[2022-08-30 10:23:04] [    INFO] 点击元素：('xpath', "//div[@class='menu-wrapper nest-menu']//span[contains(text(),'我申请的')]")我申请的 (basics.py:565)
[2022-08-30 10:23:04] [    INFO] 点击我申请的：我申请的 (BOM.py:129)
[2022-08-30 10:23:11] [    INFO] 刷新页面 (basics.py:337)
[2022-08-30 10:23:11] [    INFO] 查找元素：('xpath', '//iframe') (basics.py:106)
[2022-08-30 10:23:11] [    INFO] 查找元素：('xpath', "//div[contains(text(),'ZBOM20220830011121444746') and @class='row-code']/../../../..//span[text()='查看详情']") (basics.py:106)
[2022-08-30 10:23:14] [    INFO] 点击元素：('xpath', "//div[contains(text(),'ZBOM20220830011121444746') and @class='row-code']/../../../..//span[text()='查看详情']")None (basics.py:565)
[2022-08-30 10:23:14] [    INFO] 查找元素：('xpath', '//iframe') (basics.py:106)
[2022-08-30 10:23:16] [    INFO] 查找元素：('xpath', "//button//span[text()='撤回']") (basics.py:106)
[2022-08-30 10:23:47] [    INFO] 查找元素：('xpath', "//button//span[text()='撤回']") (basics.py:106)
[2022-08-30 10:33:14] [    INFO] 【TBM】项目【test】环境- UI自动化开始执行 (conftest.py:17)
[2022-08-30 10:33:14] [    INFO] 前置条件：传音统一登录开始 (conftest.py:21)
[2022-08-30 10:33:19] [    INFO] 打开网页：http://bom-sit.transsion.com/#/process/home-page (basics.py:63)
[2022-08-30 10:33:19] [    INFO] 查找元素：('xpath', "//div[@role='button']") (basics.py:106)
[2022-08-30 10:33:19] [    INFO] 点击元素：('xpath', "//div[@role='button']") (basics.py:206)
[2022-08-30 10:33:23] [    INFO] 查找元素：['xpath', "//*[contains(@id,'dropdown-menu-')]//li[1]"] (basics.py:106)
[2022-08-30 10:33:25] [    INFO] 查找元素：('xpath', "//div[@role='button']") (basics.py:106)
[2022-08-30 10:33:25] [    INFO] 点击元素：('xpath', "//div[@role='button']") (basics.py:206)
[2022-08-30 10:33:25] [    INFO] 查找元素：('id', 'tab-account') (basics.py:106)
[2022-08-30 10:33:25] [    INFO] 点击元素：('id', 'tab-account') (basics.py:206)
[2022-08-30 10:33:26] [    INFO] 查找元素：('xpath', "//*[@id='pane-account']/form/div[1]/div/div[1]/input") (basics.py:106)
[2022-08-30 10:33:26] [    INFO] 输入文本：18645960 (basics.py:137)
[2022-08-30 10:33:28] [    INFO] 查找元素：('xpath', "//*[@id='pane-account']/form/div[2]/div/div[1]/input") (basics.py:106)
[2022-08-30 10:33:28] [    INFO] 输入文本：xLily6x (basics.py:137)
[2022-08-30 10:33:29] [    INFO] 查找元素：('xpath', "//span[text()='我已阅读并接受']/../label/span/span") (basics.py:106)
[2022-08-30 10:33:29] [    INFO] 获取状态：False (basics.py:330)
[2022-08-30 10:33:29] [    INFO] 查找元素：('xpath', "//span[text()='我已阅读并接受']/../label/span/span") (basics.py:106)
[2022-08-30 10:33:29] [    INFO] 点击元素：('xpath', "//span[text()='我已阅读并接受']/../label/span/span") (basics.py:206)
[2022-08-30 10:33:30] [    INFO] 查找元素：('xpath', "//*[@id='pane-account']/form/button") (basics.py:106)
[2022-08-30 10:33:30] [    INFO] 点击元素：('xpath', "//*[@id='pane-account']/form/button") (basics.py:206)
[2022-08-30 10:33:36] [   ERROR] 正在截图... (basics.py:449)
[2022-08-30 10:33:37] [   ERROR] 日志正在附加截图... (basics.py:456)
[2022-08-30 10:33:37] [   ERROR] 日志附加截图成功 (basics.py:460)
[2022-08-30 10:33:37] [    INFO] 断言成功：页面存在该标识首页 | 关键字:首页 (assert_ui.py:167)
[2022-08-30 10:33:37] [    INFO] 前置条件：传音统一登录成功 (conftest.py:25)
[2022-08-30 10:33:37] [    INFO] 查找元素：['xpath', "//span[@class='meta-title' and contains(text(),'待办列表')]"] (basics.py:102)
[2022-08-30 10:33:37] [    INFO] 点击元素：('xpath', "//span[@class='meta-title' and contains(text(),'待办列表')]")待办列表 (basics.py:565)
[2022-08-30 10:33:37] [    INFO] 点击待办列表：待办列表 (BOM.py:127)
[2022-08-30 10:33:37] [    INFO] 查找元素：['xpath', "//div[@class='menu-wrapper nest-menu']//span[contains(text(),'我申请的')]"] (basics.py:102)
[2022-08-30 10:33:38] [    INFO] 点击元素：('xpath', "//div[@class='menu-wrapper nest-menu']//span[contains(text(),'我申请的')]")我申请的 (basics.py:565)
[2022-08-30 10:33:38] [    INFO] 点击我申请的：我申请的 (BOM.py:129)
[2022-08-30 10:33:42] [    INFO] 刷新页面 (basics.py:337)
[2022-08-30 10:33:42] [    INFO] 查找元素：('xpath', '//iframe') (basics.py:106)
[2022-08-30 10:33:44] [    INFO] 查找元素：('xpath', "//div[contains(text(),'ZBOM20220830011121444746') and @class='row-code']/../../../..//span[text()='查看详情']") (basics.py:106)
[2022-08-30 10:34:15] [    INFO] 查找元素：('xpath', "//div[contains(text(),'ZBOM20220830011121444746') and @class='row-code']/../../../..//span[text()='查看详情']") (basics.py:106)
[2022-08-30 10:39:20] [    INFO] 【TBM】项目【test】环境- UI自动化开始执行 (conftest.py:17)
[2022-08-30 10:39:20] [    INFO] 前置条件：传音统一登录开始 (conftest.py:21)
[2022-08-30 10:39:24] [    INFO] 打开网页：http://bom-sit.transsion.com/#/process/home-page (basics.py:63)
[2022-08-30 10:39:24] [    INFO] 查找元素：('xpath', "//div[@role='button']") (basics.py:106)
[2022-08-30 10:39:24] [    INFO] 点击元素：('xpath', "//div[@role='button']") (basics.py:206)
[2022-08-30 10:39:28] [    INFO] 查找元素：['xpath', "//*[contains(@id,'dropdown-menu-')]//li[1]"] (basics.py:106)
[2022-08-30 10:39:29] [    INFO] 查找元素：('xpath', "//div[@role='button']") (basics.py:106)
[2022-08-30 10:39:29] [    INFO] 点击元素：('xpath', "//div[@role='button']") (basics.py:206)
[2022-08-30 10:39:30] [    INFO] 查找元素：('id', 'tab-account') (basics.py:106)
[2022-08-30 10:39:30] [    INFO] 点击元素：('id', 'tab-account') (basics.py:206)
[2022-08-30 10:39:31] [    INFO] 查找元素：('xpath', "//*[@id='pane-account']/form/div[1]/div/div[1]/input") (basics.py:106)
[2022-08-30 10:39:31] [    INFO] 输入文本：18645960 (basics.py:137)
[2022-08-30 10:39:33] [    INFO] 查找元素：('xpath', "//*[@id='pane-account']/form/div[2]/div/div[1]/input") (basics.py:106)
[2022-08-30 10:39:33] [    INFO] 输入文本：xLily6x (basics.py:137)
[2022-08-30 10:39:34] [    INFO] 查找元素：('xpath', "//span[text()='我已阅读并接受']/../label/span/span") (basics.py:106)
[2022-08-30 10:39:34] [    INFO] 获取状态：False (basics.py:330)
[2022-08-30 10:39:34] [    INFO] 查找元素：('xpath', "//span[text()='我已阅读并接受']/../label/span/span") (basics.py:106)
[2022-08-30 10:39:34] [    INFO] 点击元素：('xpath', "//span[text()='我已阅读并接受']/../label/span/span") (basics.py:206)
[2022-08-30 10:39:35] [    INFO] 查找元素：('xpath', "//*[@id='pane-account']/form/button") (basics.py:106)
[2022-08-30 10:39:35] [    INFO] 点击元素：('xpath', "//*[@id='pane-account']/form/button") (basics.py:206)
[2022-08-30 10:39:41] [   ERROR] 正在截图... (basics.py:449)
[2022-08-30 10:39:41] [   ERROR] 日志正在附加截图... (basics.py:456)
[2022-08-30 10:39:41] [   ERROR] 日志附加截图成功 (basics.py:460)
[2022-08-30 10:39:41] [    INFO] 断言成功：页面存在该标识首页 | 关键字:首页 (assert_ui.py:167)
[2022-08-30 10:39:41] [    INFO] 前置条件：传音统一登录成功 (conftest.py:25)
[2022-08-30 10:39:42] [    INFO] 查找元素：['xpath', "//span[@class='meta-title' and contains(text(),'BOM协作')]"] (basics.py:102)
[2022-08-30 10:39:42] [    INFO] 点击元素：('xpath', "//span[@class='meta-title' and contains(text(),'BOM协作')]")BOM协作 (basics.py:565)
[2022-08-30 10:39:42] [    INFO] 点击一级菜单：BOM协作 (BOM.py:18)
[2022-08-30 10:39:42] [    INFO] 查找元素：['xpath', "//div[@class='menu-wrapper nest-menu']//span[contains(text(),'整机BOM协作')]"] (basics.py:102)
[2022-08-30 10:39:43] [    INFO] 点击元素：('xpath', "//div[@class='menu-wrapper nest-menu']//span[contains(text(),'整机BOM协作')]")整机BOM协作 (basics.py:565)
[2022-08-30 10:39:43] [    INFO] 点击二级菜单：整机BOM协作 (BOM.py:20)
[2022-08-30 10:39:44] [    INFO] 刷新页面 (basics.py:337)
[2022-08-30 10:39:44] [    INFO] 查找元素：('xpath', "//button//span[contains(text(),'新增')]") (basics.py:106)
[2022-08-30 10:39:45] [    INFO] 点击元素：('xpath', "//button//span[contains(text(),'新增')]")None (basics.py:565)
[2022-08-30 10:39:47] [    INFO] 查找元素：('xpath', "//label[contains(text(),'制作类型')]/..//input") (basics.py:106)
[2022-08-30 10:39:47] [    INFO] 点击元素：('xpath', "//label[contains(text(),'制作类型')]/..//input")None (basics.py:565)
[2022-08-30 10:39:47] [    INFO] 查找元素：('xpath', "//li/span[contains(text(), '生产BOM')]") (basics.py:106)
[2022-08-30 10:39:48] [    INFO] 点击元素：('xpath', "//li/span[contains(text(), '生产BOM')]")None (basics.py:565)
[2022-08-30 10:39:49] [    INFO] 查找元素：('xpath', "//label[contains(text(),'品牌')]/..//input") (basics.py:106)
[2022-08-30 10:39:50] [    INFO] 点击元素：('xpath', "//label[contains(text(),'品牌')]/..//input")None (basics.py:565)
[2022-08-30 10:39:50] [    INFO] 查找元素：('xpath', "//li/span[normalize-space(text())='itel']") (basics.py:106)
[2022-08-30 10:39:50] [    INFO] 点击元素：('xpath', "//li/span[normalize-space(text())='itel']")None (basics.py:565)
[2022-08-30 10:39:51] [    INFO] 查找元素：('xpath', "//label[contains(text(),'机型')]/..//input") (basics.py:106)
[2022-08-30 10:39:52] [    INFO] 点击元素：('xpath', "//label[contains(text(),'机型')]/..//input")None (basics.py:565)
[2022-08-30 10:39:52] [    INFO] 查找元素：('xpath', "//label[contains(text(),'机型')]/..//input") (basics.py:106)
[2022-08-30 10:39:52] [    INFO] 输入文本：C3250 (basics.py:137)
[2022-08-30 10:39:52] [    INFO] 查找元素：('xpath', "//li[normalize-space(text())='(C3250)C3250']") (basics.py:106)
[2022-08-30 10:39:54] [    INFO] 点击元素：('xpath', "//li[normalize-space(text())='(C3250)C3250']")None (basics.py:565)
[2022-08-30 10:39:55] [    INFO] 查找元素：('xpath', "//label[contains(text(),'阶段')]/..//input") (basics.py:106)
[2022-08-30 10:39:55] [    INFO] 点击元素：('xpath', "//label[contains(text(),'阶段')]/..//input")None (basics.py:565)
[2022-08-30 10:39:55] [    INFO] 查找元素：('xpath', "//li/span[normalize-space(text())='量产阶段']") (basics.py:106)
[2022-08-30 10:39:56] [    INFO] 点击元素：('xpath', "//li/span[normalize-space(text())='量产阶段']")None (basics.py:565)
[2022-08-30 10:39:57] [    INFO] 查找元素：('xpath', "//label[contains(text(),'市场')]/..//input") (basics.py:106)
[2022-08-30 10:39:58] [    INFO] 点击元素：('xpath', "//label[contains(text(),'市场')]/..//input")None (basics.py:565)
[2022-08-30 10:39:58] [    INFO] 查找元素：('xpath', "//li/span[normalize-space(text())='孟加拉']") (basics.py:106)
[2022-08-30 10:39:58] [    INFO] 点击元素：('xpath', "//li/span[normalize-space(text())='孟加拉']")None (basics.py:565)
[2022-08-30 10:39:59] [    INFO] 查找元素：('xpath', "//button//span[contains(text(),'新增Bom')]") (basics.py:106)
[2022-08-30 10:40:00] [    INFO] 点击元素：('xpath', "//button//span[contains(text(),'新增Bom')]")None (basics.py:565)
[2022-08-30 10:40:00] [    INFO] 查找元素：('xpath', "//span[@title='产成品']/../../../..//span[contains(text(),'编辑')]") (basics.py:106)
[2022-08-30 10:40:00] [    INFO] 点击元素：('xpath', "//span[@title='产成品']/../../../..//span[contains(text(),'编辑')]")None (basics.py:565)
[2022-08-30 10:40:01] [    INFO] 查找元素：('xpath', "//span[@title='产成品']/../../../../td[2]//input") (basics.py:106)
[2022-08-30 10:40:02] [    INFO] 点击元素：('xpath', "//span[@title='产成品']/../../../../td[2]//input")None (basics.py:565)
[2022-08-30 10:40:02] [    INFO] 查找元素：('xpath', "//li//span[contains(text(),'国内生产BOM')]") (basics.py:106)
[2022-08-30 10:40:03] [    INFO] 点击元素：('xpath', "//li//span[contains(text(),'国内生产BOM')]")None (basics.py:565)
[2022-08-30 10:40:04] [    INFO] 查找元素：('xpath', "//span[@title='产成品']/../../../../td[3]//input") (basics.py:106)
[2022-08-30 10:40:04] [    INFO] 点击元素：('xpath', "//span[@title='产成品']/../../../../td[3]//input")None (basics.py:565)
[2022-08-30 10:40:04] [    INFO] 查找元素：('xpath', "//li/span[normalize-space(text())='量产']") (basics.py:106)
[2022-08-30 10:40:05] [    INFO] 点击元素：('xpath', "//li/span[normalize-space(text())='量产']")None (basics.py:565)
[2022-08-30 10:40:06] [    INFO] 查找元素：('xpath', "//span[@title='产成品']/../../../../td[6]//input") (basics.py:106)
[2022-08-30 10:40:06] [    INFO] 点击元素：('xpath', "//span[@title='产成品']/../../../../td[6]//input")None (basics.py:565)
[2022-08-30 10:40:07] [    INFO] 查找元素：('xpath', "//span[@title='产成品']/../../../../td[6]//input") (basics.py:106)
[2022-08-30 10:40:07] [    INFO] 输入文本：12000001 (basics.py:137)
[2022-08-30 10:40:07] [    INFO] 查找元素：('xpath', "//li[contains(text(),'12000001')]") (basics.py:106)
[2022-08-30 10:40:08] [    INFO] 点击元素：('xpath', "//li[contains(text(),'12000001')]")None (basics.py:565)
[2022-08-30 10:40:10] [    INFO] 查找元素：('xpath', "//span[@title='产成品']/../../../../td[9]//input") (basics.py:106)
[2022-08-30 10:40:10] [    INFO] 点击元素：('xpath', "//span[@title='产成品']/../../../../td[9]//input")None (basics.py:565)
[2022-08-30 10:40:11] [    INFO] 查找元素：('xpath', "//span[@title='产成品']/../../../../td[9]//input") (basics.py:106)
[2022-08-30 10:40:11] [    INFO] 输入文本：1000 (basics.py:137)
[2022-08-30 10:40:11] [    INFO] 查找元素：('xpath', "//span[@title='产成品']/../../../..//span[contains(text(),'确定')]") (basics.py:106)
[2022-08-30 10:40:11] [    INFO] 点击元素：('xpath', "//span[@title='产成品']/../../../..//span[contains(text(),'确定')]")None (basics.py:565)
[2022-08-30 10:40:12] [    INFO] 查找元素：('xpath', "//label[contains(text(),'MPM')]/..//input") (basics.py:106)
[2022-08-30 10:40:13] [    INFO] 点击元素：('xpath', "//label[contains(text(),'MPM')]/..//input")None (basics.py:565)
[2022-08-30 10:40:13] [    INFO] 查找元素：('xpath', "//div[@class='user-find']//input") (basics.py:106)
[2022-08-30 10:40:13] [    INFO] 点击元素：('xpath', "//div[@class='user-find']//input")None (basics.py:565)
[2022-08-30 10:40:14] [    INFO] 查找元素：('xpath', "//div[@class='user-find']//input") (basics.py:106)
[2022-08-30 10:40:14] [    INFO] 输入文本：李小素 (basics.py:137)
[2022-08-30 10:40:14] [    INFO] 查找元素：('xpath', "//div[@class='user-list']/div[3]//div[normalize-space(text())='18645960']") (basics.py:106)
[2022-08-30 10:40:16] [    INFO] 点击元素：('xpath', "//div[@class='user-list']/div[3]//div[normalize-space(text())='18645960']")None (basics.py:565)
[2022-08-30 10:40:16] [    INFO] 查找元素：('xpath', "//div[@class='user-list']/../../../..//button//span[contains(text(),'确 定')]") (basics.py:106)
[2022-08-30 10:40:16] [    INFO] 点击元素：('xpath', "//div[@class='user-list']/../../../..//button//span[contains(text(),'确 定')]")None (basics.py:565)
[2022-08-30 10:40:17] [    INFO] 查找元素：('xpath', "//label[contains(text(),'采购部')]/..//input") (basics.py:106)
[2022-08-30 10:40:18] [    INFO] 点击元素：('xpath', "//label[contains(text(),'采购部')]/..//input")None (basics.py:565)
[2022-08-30 10:40:18] [    INFO] 查找元素：('xpath', "//div[@class='user-find']//input") (basics.py:106)
[2022-08-30 10:40:19] [    INFO] 点击元素：('xpath', "//div[@class='user-find']//input")None (basics.py:565)
[2022-08-30 10:40:19] [    INFO] 查找元素：('xpath', "//div[@class='user-find']//input") (basics.py:106)
[2022-08-30 10:40:19] [    INFO] 输入文本：李小素 (basics.py:137)
[2022-08-30 10:40:19] [    INFO] 查找元素：('xpath', "//div[@class='user-list']/div[3]//div[normalize-space(text())='18645960']") (basics.py:106)
[2022-08-30 10:40:21] [    INFO] 点击元素：('xpath', "//div[@class='user-list']/div[3]//div[normalize-space(text())='18645960']")None (basics.py:565)
[2022-08-30 10:40:21] [    INFO] 查找元素：('xpath', "//div[@class='user-list']/../../../..//button//span[contains(text(),'确 定')]") (basics.py:106)
[2022-08-30 10:40:21] [    INFO] 点击元素：('xpath', "//div[@class='user-list']/../../../..//button//span[contains(text(),'确 定')]")None (basics.py:565)
[2022-08-30 10:40:22] [    INFO] 查找元素：('xpath', "//button//span[contains(text(),'提交')]") (basics.py:106)
[2022-08-30 10:40:23] [    INFO] 点击元素：('xpath', "//button//span[contains(text(),'提交')]")None (basics.py:565)
[2022-08-30 10:40:24] [    INFO] 查找元素：('xpath', "//div[contains(text(),'C3250')]/../..//td[2]") (basics.py:106)
[2022-08-30 10:40:24] [    INFO] 获取文本：ZBOM20220830024023360622 (basics.py:319)
[2022-08-30 10:40:24] [    INFO] 查找元素：['xpath', "//span[@class='meta-title' and contains(text(),'待办列表')]"] (basics.py:102)
[2022-08-30 10:40:25] [    INFO] 点击元素：('xpath', "//span[@class='meta-title' and contains(text(),'待办列表')]")待办列表 (basics.py:565)
[2022-08-30 10:40:25] [    INFO] 点击待办列表：待办列表 (BOM.py:127)
[2022-08-30 10:40:25] [    INFO] 查找元素：['xpath', "//div[@class='menu-wrapper nest-menu']//span[contains(text(),'我申请的')]"] (basics.py:102)
[2022-08-30 10:40:55] [    INFO] 点击元素：('xpath', "//div[@class='menu-wrapper nest-menu']//span[contains(text(),'我申请的')]")我申请的 (basics.py:565)
[2022-08-30 10:40:55] [    INFO] 点击我申请的：我申请的 (BOM.py:129)
[2022-08-30 10:41:00] [    INFO] 刷新页面 (basics.py:337)
[2022-08-30 10:41:00] [    INFO] 查找元素：('xpath', '//iframe') (basics.py:106)
[2022-08-30 10:41:00] [    INFO] 查找元素：['xpath', "//div[contains(text(),'ZBOM20220830024023360622') and @class='row-code']/../../../..//span[text()='查看详情']"] (basics.py:102)
[2022-08-30 10:41:03] [    INFO] 点击元素：('xpath', "//div[contains(text(),'variable') and @class='row-code']/../../../..//span[text()='查看详情']")ZBOM20220830024023360622 (basics.py:565)
[2022-08-30 10:41:03] [    INFO] 查找元素：('xpath', '//iframe') (basics.py:106)
[2022-08-30 10:41:06] [    INFO] 查找元素：('xpath', "//button//span[text()='撤回']") (basics.py:106)
[2022-08-30 10:41:36] [    INFO] 查找元素：('xpath', "//button//span[text()='撤回']") (basics.py:106)
[2022-08-30 10:42:48] [    INFO] 【TBM】项目【test】环境- UI自动化开始执行 (conftest.py:17)
[2022-08-30 10:42:48] [    INFO] 前置条件：传音统一登录开始 (conftest.py:21)
[2022-08-30 10:42:51] [    INFO] 打开网页：http://bom-sit.transsion.com/#/process/home-page (basics.py:63)
[2022-08-30 10:42:51] [    INFO] 查找元素：('xpath', "//div[@role='button']") (basics.py:106)
[2022-08-30 10:42:52] [    INFO] 点击元素：('xpath', "//div[@role='button']") (basics.py:206)
[2022-08-30 10:42:56] [    INFO] 查找元素：['xpath', "//*[contains(@id,'dropdown-menu-')]//li[1]"] (basics.py:106)
[2022-08-30 10:42:57] [    INFO] 查找元素：('xpath', "//div[@role='button']") (basics.py:106)
[2022-08-30 10:42:57] [    INFO] 点击元素：('xpath', "//div[@role='button']") (basics.py:206)
[2022-08-30 10:42:58] [    INFO] 查找元素：('id', 'tab-account') (basics.py:106)
[2022-08-30 10:42:58] [    INFO] 点击元素：('id', 'tab-account') (basics.py:206)
[2022-08-30 10:42:59] [    INFO] 查找元素：('xpath', "//*[@id='pane-account']/form/div[1]/div/div[1]/input") (basics.py:106)
[2022-08-30 10:42:59] [    INFO] 输入文本：18645960 (basics.py:137)
[2022-08-30 10:43:01] [    INFO] 查找元素：('xpath', "//*[@id='pane-account']/form/div[2]/div/div[1]/input") (basics.py:106)
[2022-08-30 10:43:01] [    INFO] 输入文本：xLily6x (basics.py:137)
[2022-08-30 10:43:02] [    INFO] 查找元素：('xpath', "//span[text()='我已阅读并接受']/../label/span/span") (basics.py:106)
[2022-08-30 10:43:02] [    INFO] 获取状态：False (basics.py:330)
[2022-08-30 10:43:02] [    INFO] 查找元素：('xpath', "//span[text()='我已阅读并接受']/../label/span/span") (basics.py:106)
[2022-08-30 10:43:02] [    INFO] 点击元素：('xpath', "//span[text()='我已阅读并接受']/../label/span/span") (basics.py:206)
[2022-08-30 10:43:02] [    INFO] 查找元素：('xpath', "//*[@id='pane-account']/form/button") (basics.py:106)
[2022-08-30 10:43:02] [    INFO] 点击元素：('xpath', "//*[@id='pane-account']/form/button") (basics.py:206)
[2022-08-30 10:43:09] [   ERROR] 正在截图... (basics.py:449)
[2022-08-30 10:43:09] [   ERROR] 日志正在附加截图... (basics.py:456)
[2022-08-30 10:43:09] [   ERROR] 日志附加截图成功 (basics.py:460)
[2022-08-30 10:43:09] [    INFO] 断言成功：页面存在该标识首页 | 关键字:首页 (assert_ui.py:167)
[2022-08-30 10:43:09] [    INFO] 前置条件：传音统一登录成功 (conftest.py:25)
[2022-08-30 10:43:09] [    INFO] 查找元素：['xpath', "//span[@class='meta-title' and contains(text(),'BOM协作')]"] (basics.py:102)
[2022-08-30 10:43:10] [    INFO] 点击元素：('xpath', "//span[@class='meta-title' and contains(text(),'BOM协作')]")BOM协作 (basics.py:565)
[2022-08-30 10:43:10] [    INFO] 点击一级菜单：BOM协作 (BOM.py:18)
[2022-08-30 10:43:10] [    INFO] 查找元素：['xpath', "//div[@class='menu-wrapper nest-menu']//span[contains(text(),'整机BOM协作')]"] (basics.py:102)
[2022-08-30 10:43:10] [    INFO] 点击元素：('xpath', "//div[@class='menu-wrapper nest-menu']//span[contains(text(),'整机BOM协作')]")整机BOM协作 (basics.py:565)
[2022-08-30 10:43:10] [    INFO] 点击二级菜单：整机BOM协作 (BOM.py:20)
[2022-08-30 10:43:12] [    INFO] 刷新页面 (basics.py:337)
[2022-08-30 10:43:12] [    INFO] 查找元素：('xpath', "//button//span[contains(text(),'新增')]") (basics.py:106)
[2022-08-30 10:43:13] [    INFO] 点击元素：('xpath', "//button//span[contains(text(),'新增')]")None (basics.py:565)
[2022-08-30 10:43:15] [    INFO] 查找元素：('xpath', "//label[contains(text(),'制作类型')]/..//input") (basics.py:106)
[2022-08-30 10:43:15] [    INFO] 点击元素：('xpath', "//label[contains(text(),'制作类型')]/..//input")None (basics.py:565)
[2022-08-30 10:43:15] [    INFO] 查找元素：('xpath', "//li/span[contains(text(), '生产BOM')]") (basics.py:106)
[2022-08-30 10:43:16] [    INFO] 点击元素：('xpath', "//li/span[contains(text(), '生产BOM')]")None (basics.py:565)
[2022-08-30 10:43:17] [    INFO] 查找元素：('xpath', "//label[contains(text(),'品牌')]/..//input") (basics.py:106)
[2022-08-30 10:43:18] [    INFO] 点击元素：('xpath', "//label[contains(text(),'品牌')]/..//input")None (basics.py:565)
[2022-08-30 10:43:18] [    INFO] 查找元素：('xpath', "//li/span[normalize-space(text())='itel']") (basics.py:106)
[2022-08-30 10:43:18] [    INFO] 点击元素：('xpath', "//li/span[normalize-space(text())='itel']")None (basics.py:565)
[2022-08-30 10:43:19] [    INFO] 查找元素：('xpath', "//label[contains(text(),'机型')]/..//input") (basics.py:106)
[2022-08-30 10:43:20] [    INFO] 点击元素：('xpath', "//label[contains(text(),'机型')]/..//input")None (basics.py:565)
[2022-08-30 10:43:20] [    INFO] 查找元素：('xpath', "//label[contains(text(),'机型')]/..//input") (basics.py:106)
[2022-08-30 10:43:20] [    INFO] 输入文本：C3250 (basics.py:137)
[2022-08-30 10:43:20] [    INFO] 查找元素：('xpath', "//li[normalize-space(text())='(C3250)C3250']") (basics.py:106)
[2022-08-30 10:43:22] [    INFO] 点击元素：('xpath', "//li[normalize-space(text())='(C3250)C3250']")None (basics.py:565)
[2022-08-30 10:43:23] [    INFO] 查找元素：('xpath', "//label[contains(text(),'阶段')]/..//input") (basics.py:106)
[2022-08-30 10:43:23] [    INFO] 点击元素：('xpath', "//label[contains(text(),'阶段')]/..//input")None (basics.py:565)
[2022-08-30 10:43:23] [    INFO] 查找元素：('xpath', "//li/span[normalize-space(text())='量产阶段']") (basics.py:106)
[2022-08-30 10:43:24] [    INFO] 点击元素：('xpath', "//li/span[normalize-space(text())='量产阶段']")None (basics.py:565)
[2022-08-30 10:43:25] [    INFO] 查找元素：('xpath', "//label[contains(text(),'市场')]/..//input") (basics.py:106)
[2022-08-30 10:43:26] [    INFO] 点击元素：('xpath', "//label[contains(text(),'市场')]/..//input")None (basics.py:565)
[2022-08-30 10:43:26] [    INFO] 查找元素：('xpath', "//li/span[normalize-space(text())='孟加拉']") (basics.py:106)
[2022-08-30 10:43:26] [    INFO] 点击元素：('xpath', "//li/span[normalize-space(text())='孟加拉']")None (basics.py:565)
[2022-08-30 10:43:27] [    INFO] 查找元素：('xpath', "//button//span[contains(text(),'新增Bom')]") (basics.py:106)
[2022-08-30 10:43:28] [    INFO] 点击元素：('xpath', "//button//span[contains(text(),'新增Bom')]")None (basics.py:565)
[2022-08-30 10:43:28] [    INFO] 查找元素：('xpath', "//span[@title='产成品']/../../../..//span[contains(text(),'编辑')]") (basics.py:106)
[2022-08-30 10:43:29] [    INFO] 点击元素：('xpath', "//span[@title='产成品']/../../../..//span[contains(text(),'编辑')]")None (basics.py:565)
[2022-08-30 10:43:30] [    INFO] 查找元素：('xpath', "//span[@title='产成品']/../../../../td[2]//input") (basics.py:106)
[2022-08-30 10:43:31] [    INFO] 点击元素：('xpath', "//span[@title='产成品']/../../../../td[2]//input")None (basics.py:565)
[2022-08-30 10:43:31] [    INFO] 查找元素：('xpath', "//li//span[contains(text(),'国内生产BOM')]") (basics.py:106)
[2022-08-30 10:43:31] [    INFO] 点击元素：('xpath', "//li//span[contains(text(),'国内生产BOM')]")None (basics.py:565)
[2022-08-30 10:43:32] [    INFO] 查找元素：('xpath', "//span[@title='产成品']/../../../../td[3]//input") (basics.py:106)
[2022-08-30 10:43:33] [    INFO] 点击元素：('xpath', "//span[@title='产成品']/../../../../td[3]//input")None (basics.py:565)
[2022-08-30 10:43:33] [    INFO] 查找元素：('xpath', "//li/span[normalize-space(text())='量产']") (basics.py:106)
[2022-08-30 10:43:34] [    INFO] 点击元素：('xpath', "//li/span[normalize-space(text())='量产']")None (basics.py:565)
[2022-08-30 10:43:35] [    INFO] 查找元素：('xpath', "//span[@title='产成品']/../../../../td[6]//input") (basics.py:106)
[2022-08-30 10:43:35] [    INFO] 点击元素：('xpath', "//span[@title='产成品']/../../../../td[6]//input")None (basics.py:565)
[2022-08-30 10:43:36] [    INFO] 查找元素：('xpath', "//span[@title='产成品']/../../../../td[6]//input") (basics.py:106)
[2022-08-30 10:43:36] [    INFO] 输入文本：12000001 (basics.py:137)
[2022-08-30 10:43:36] [    INFO] 查找元素：('xpath', "//li[contains(text(),'12000001')]") (basics.py:106)
[2022-08-30 10:43:37] [    INFO] 点击元素：('xpath', "//li[contains(text(),'12000001')]")None (basics.py:565)
[2022-08-30 10:43:38] [    INFO] 查找元素：('xpath', "//span[@title='产成品']/../../../../td[9]//input") (basics.py:106)
[2022-08-30 10:43:39] [    INFO] 点击元素：('xpath', "//span[@title='产成品']/../../../../td[9]//input")None (basics.py:565)
[2022-08-30 10:43:40] [    INFO] 查找元素：('xpath', "//span[@title='产成品']/../../../../td[9]//input") (basics.py:106)
[2022-08-30 10:43:40] [    INFO] 输入文本：1000 (basics.py:137)
[2022-08-30 10:43:40] [    INFO] 查找元素：('xpath', "//span[@title='产成品']/../../../..//span[contains(text(),'确定')]") (basics.py:106)
[2022-08-30 10:43:40] [    INFO] 点击元素：('xpath', "//span[@title='产成品']/../../../..//span[contains(text(),'确定')]")None (basics.py:565)
[2022-08-30 10:43:41] [    INFO] 查找元素：('xpath', "//label[contains(text(),'MPM')]/..//input") (basics.py:106)
[2022-08-30 10:43:42] [    INFO] 点击元素：('xpath', "//label[contains(text(),'MPM')]/..//input")None (basics.py:565)
[2022-08-30 10:43:42] [    INFO] 查找元素：('xpath', "//div[@class='user-find']//input") (basics.py:106)
[2022-08-30 10:43:43] [    INFO] 点击元素：('xpath', "//div[@class='user-find']//input")None (basics.py:565)
[2022-08-30 10:43:43] [    INFO] 查找元素：('xpath', "//div[@class='user-find']//input") (basics.py:106)
[2022-08-30 10:43:43] [    INFO] 输入文本：李小素 (basics.py:137)
[2022-08-30 10:43:43] [    INFO] 查找元素：('xpath', "//div[@class='user-list']/div[3]//div[normalize-space(text())='18645960']") (basics.py:106)
[2022-08-30 10:43:45] [    INFO] 点击元素：('xpath', "//div[@class='user-list']/div[3]//div[normalize-space(text())='18645960']")None (basics.py:565)
[2022-08-30 10:43:45] [    INFO] 查找元素：('xpath', "//div[@class='user-list']/../../../..//button//span[contains(text(),'确 定')]") (basics.py:106)
[2022-08-30 10:43:46] [    INFO] 点击元素：('xpath', "//div[@class='user-list']/../../../..//button//span[contains(text(),'确 定')]")None (basics.py:565)
[2022-08-30 10:43:47] [    INFO] 查找元素：('xpath', "//label[contains(text(),'采购部')]/..//input") (basics.py:106)
[2022-08-30 10:43:47] [    INFO] 点击元素：('xpath', "//label[contains(text(),'采购部')]/..//input")None (basics.py:565)
[2022-08-30 10:43:47] [    INFO] 查找元素：('xpath', "//div[@class='user-find']//input") (basics.py:106)
[2022-08-30 10:43:48] [    INFO] 点击元素：('xpath', "//div[@class='user-find']//input")None (basics.py:565)
[2022-08-30 10:43:49] [    INFO] 查找元素：('xpath', "//div[@class='user-find']//input") (basics.py:106)
[2022-08-30 10:43:49] [    INFO] 输入文本：李小素 (basics.py:137)
[2022-08-30 10:43:49] [    INFO] 查找元素：('xpath', "//div[@class='user-list']/div[3]//div[normalize-space(text())='18645960']") (basics.py:106)
[2022-08-30 10:43:50] [    INFO] 点击元素：('xpath', "//div[@class='user-list']/div[3]//div[normalize-space(text())='18645960']")None (basics.py:565)
[2022-08-30 10:43:50] [    INFO] 查找元素：('xpath', "//div[@class='user-list']/../../../..//button//span[contains(text(),'确 定')]") (basics.py:106)
[2022-08-30 10:43:51] [    INFO] 点击元素：('xpath', "//div[@class='user-list']/../../../..//button//span[contains(text(),'确 定')]")None (basics.py:565)
[2022-08-30 10:43:52] [    INFO] 查找元素：('xpath', "//button//span[contains(text(),'提交')]") (basics.py:106)
[2022-08-30 10:43:53] [    INFO] 点击元素：('xpath', "//button//span[contains(text(),'提交')]")None (basics.py:565)
[2022-08-30 10:43:54] [   ERROR] 正在截图... (basics.py:449)
[2022-08-30 10:43:54] [   ERROR] 日志正在附加截图... (basics.py:456)
[2022-08-30 10:43:54] [   ERROR] 日志附加截图成功 (basics.py:460)
[2022-08-30 10:43:54] [    INFO] 断言成功：页面存在该标识 | 当前页面关键字: 创建流程成功 (assert_ui.py:155)
[2022-08-30 10:43:54] [    INFO] 查找元素：('xpath', "//button//span[contains(text(),'查询')]") (basics.py:106)
[2022-08-30 10:43:56] [    INFO] 点击元素：('xpath', "//button//span[contains(text(),'查询')]")None (basics.py:565)
[2022-08-30 10:43:56] [    INFO] 查找元素：('xpath', "//div[contains(text(),'C3250')]/../..//td[2]") (basics.py:106)
[2022-08-30 10:43:56] [    INFO] 获取文本：ZBOM20220830024353023589 (basics.py:319)
[2022-08-30 10:43:56] [    INFO] 查找元素：['xpath', "//span[@class='meta-title' and contains(text(),'待办列表')]"] (basics.py:102)
[2022-08-30 10:43:57] [    INFO] 点击元素：('xpath', "//span[@class='meta-title' and contains(text(),'待办列表')]")待办列表 (basics.py:565)
[2022-08-30 10:43:57] [    INFO] 点击待办列表：待办列表 (BOM.py:127)
[2022-08-30 10:43:57] [    INFO] 查找元素：['xpath', "//div[@class='menu-wrapper nest-menu']//span[contains(text(),'我申请的')]"] (basics.py:102)
[2022-08-30 10:43:57] [    INFO] 点击元素：('xpath', "//div[@class='menu-wrapper nest-menu']//span[contains(text(),'我申请的')]")我申请的 (basics.py:565)
[2022-08-30 10:43:57] [    INFO] 点击我申请的：我申请的 (BOM.py:129)
[2022-08-30 10:44:03] [    INFO] 刷新页面 (basics.py:337)
[2022-08-30 10:44:03] [    INFO] 查找元素：('xpath', '//iframe') (basics.py:106)
[2022-08-30 10:44:03] [    INFO] 查找元素：['xpath', "//div[contains(text(),'ZBOM20220830024353023589') and @class='row-code']/../../../..//span[text()='查看详情']"] (basics.py:102)
[2022-08-30 10:44:06] [    INFO] 点击元素：('xpath', "//div[contains(text(),'variable') and @class='row-code']/../../../..//span[text()='查看详情']")ZBOM20220830024353023589 (basics.py:565)
[2022-08-30 10:44:06] [    INFO] 查找元素：('xpath', '//iframe') (basics.py:106)
[2022-08-30 10:44:08] [    INFO] 查找元素：('xpath', "//button//span[text()='撤回']") (basics.py:106)
[2022-08-30 10:44:39] [    INFO] 查找元素：('xpath', "//button//span[text()='撤回']") (basics.py:106)
[2022-08-30 10:50:49] [    INFO] 【TBM】项目【test】环境- UI自动化开始执行 (conftest.py:17)
[2022-08-30 10:50:49] [    INFO] 前置条件：传音统一登录开始 (conftest.py:21)
[2022-08-30 10:50:53] [    INFO] 打开网页：http://bom-sit.transsion.com/#/process/home-page (basics.py:63)
[2022-08-30 10:50:53] [    INFO] 查找元素：('xpath', "//div[@role='button']") (basics.py:106)
[2022-08-30 10:50:53] [    INFO] 点击元素：('xpath', "//div[@role='button']") (basics.py:206)
[2022-08-30 10:50:58] [    INFO] 查找元素：['xpath', "//*[contains(@id,'dropdown-menu-')]//li[1]"] (basics.py:106)
[2022-08-30 10:50:59] [    INFO] 查找元素：('xpath', "//div[@role='button']") (basics.py:106)
[2022-08-30 10:50:59] [    INFO] 点击元素：('xpath', "//div[@role='button']") (basics.py:206)
[2022-08-30 10:50:59] [    INFO] 查找元素：('id', 'tab-account') (basics.py:106)
[2022-08-30 10:51:00] [    INFO] 点击元素：('id', 'tab-account') (basics.py:206)
[2022-08-30 10:51:01] [    INFO] 查找元素：('xpath', "//*[@id='pane-account']/form/div[1]/div/div[1]/input") (basics.py:106)
[2022-08-30 10:51:01] [    INFO] 输入文本：18645960 (basics.py:137)
[2022-08-30 10:51:02] [    INFO] 查找元素：('xpath', "//*[@id='pane-account']/form/div[2]/div/div[1]/input") (basics.py:106)
[2022-08-30 10:51:02] [    INFO] 输入文本：xLily6x (basics.py:137)
[2022-08-30 10:51:03] [    INFO] 查找元素：('xpath', "//span[text()='我已阅读并接受']/../label/span/span") (basics.py:106)
[2022-08-30 10:51:03] [    INFO] 获取状态：False (basics.py:330)
[2022-08-30 10:51:03] [    INFO] 查找元素：('xpath', "//span[text()='我已阅读并接受']/../label/span/span") (basics.py:106)
[2022-08-30 10:51:04] [    INFO] 点击元素：('xpath', "//span[text()='我已阅读并接受']/../label/span/span") (basics.py:206)
[2022-08-30 10:51:04] [    INFO] 查找元素：('xpath', "//*[@id='pane-account']/form/button") (basics.py:106)
[2022-08-30 10:51:04] [    INFO] 点击元素：('xpath', "//*[@id='pane-account']/form/button") (basics.py:206)
[2022-08-30 10:51:11] [   ERROR] 正在截图... (basics.py:449)
[2022-08-30 10:51:11] [   ERROR] 日志正在附加截图... (basics.py:456)
[2022-08-30 10:51:11] [   ERROR] 日志附加截图成功 (basics.py:460)
[2022-08-30 10:51:11] [    INFO] 断言成功：页面存在该标识首页 | 关键字:首页 (assert_ui.py:167)
[2022-08-30 10:51:11] [    INFO] 前置条件：传音统一登录成功 (conftest.py:25)
[2022-08-30 10:51:11] [    INFO] 查找元素：('xpath', "//span[@class='meta-title' and contains(text(),'待办列表')]") (basics.py:106)
[2022-08-30 10:51:12] [    INFO] 点击元素：('xpath', "//span[@class='meta-title' and contains(text(),'待办列表')]")None (basics.py:565)
[2022-08-30 10:51:12] [    INFO] 查找元素：('xpath', "//div[@class='menu-wrapper nest-menu']//span[contains(text(),'我申请的')]") (basics.py:106)
[2022-08-30 10:51:22] [    INFO] 点击元素：('xpath', "//div[@class='menu-wrapper nest-menu']//span[contains(text(),'我申请的')]")None (basics.py:565)
[2022-08-30 10:51:25] [    INFO] 刷新页面 (basics.py:337)
[2022-08-30 10:51:25] [    INFO] 查找元素：('xpath', '//iframe') (basics.py:106)
[2022-08-30 10:51:27] [    INFO] 刷新页面 (basics.py:337)
[2022-08-30 10:51:27] [    INFO] 查找元素：('xpath', "//div[contains(text(),'ZBOM20220830011121444746') and @class='row-code']/../../../..//span[text()='查看详情']") (basics.py:106)
[2022-08-30 10:51:58] [    INFO] 查找元素：('xpath', "//div[contains(text(),'ZBOM20220830011121444746') and @class='row-code']/../../../..//span[text()='查看详情']") (basics.py:106)
[2022-08-30 10:53:40] [    INFO] 【TBM】项目【test】环境- UI自动化开始执行 (conftest.py:17)
[2022-08-30 10:53:40] [    INFO] 前置条件：传音统一登录开始 (conftest.py:21)
[2022-08-30 10:53:44] [    INFO] 打开网页：http://bom-sit.transsion.com/#/process/home-page (basics.py:63)
[2022-08-30 10:53:44] [    INFO] 查找元素：('xpath', "//div[@role='button']") (basics.py:106)
[2022-08-30 10:53:44] [    INFO] 点击元素：('xpath', "//div[@role='button']") (basics.py:206)
[2022-08-30 10:53:48] [    INFO] 查找元素：['xpath', "//*[contains(@id,'dropdown-menu-')]//li[1]"] (basics.py:106)
[2022-08-30 10:53:49] [    INFO] 查找元素：('xpath', "//div[@role='button']") (basics.py:106)
[2022-08-30 10:53:49] [    INFO] 点击元素：('xpath', "//div[@role='button']") (basics.py:206)
[2022-08-30 10:53:50] [    INFO] 查找元素：('id', 'tab-account') (basics.py:106)
[2022-08-30 10:53:50] [    INFO] 点击元素：('id', 'tab-account') (basics.py:206)
[2022-08-30 10:53:51] [    INFO] 查找元素：('xpath', "//*[@id='pane-account']/form/div[1]/div/div[1]/input") (basics.py:106)
[2022-08-30 10:53:51] [    INFO] 输入文本：18645960 (basics.py:137)
[2022-08-30 10:53:53] [    INFO] 查找元素：('xpath', "//*[@id='pane-account']/form/div[2]/div/div[1]/input") (basics.py:106)
[2022-08-30 10:53:53] [    INFO] 输入文本：xLily6x (basics.py:137)
[2022-08-30 10:53:54] [    INFO] 查找元素：('xpath', "//span[text()='我已阅读并接受']/../label/span/span") (basics.py:106)
[2022-08-30 10:53:54] [    INFO] 获取状态：False (basics.py:330)
[2022-08-30 10:53:54] [    INFO] 查找元素：('xpath', "//span[text()='我已阅读并接受']/../label/span/span") (basics.py:106)
[2022-08-30 10:53:54] [    INFO] 点击元素：('xpath', "//span[text()='我已阅读并接受']/../label/span/span") (basics.py:206)
[2022-08-30 10:53:54] [    INFO] 查找元素：('xpath', "//*[@id='pane-account']/form/button") (basics.py:106)
[2022-08-30 10:53:54] [    INFO] 点击元素：('xpath', "//*[@id='pane-account']/form/button") (basics.py:206)
[2022-08-30 10:54:01] [   ERROR] 正在截图... (basics.py:449)
[2022-08-30 10:54:01] [   ERROR] 日志正在附加截图... (basics.py:456)
[2022-08-30 10:54:01] [   ERROR] 日志附加截图成功 (basics.py:460)
[2022-08-30 10:54:01] [    INFO] 断言成功：页面存在该标识首页 | 关键字:首页 (assert_ui.py:167)
[2022-08-30 10:54:01] [    INFO] 前置条件：传音统一登录成功 (conftest.py:25)
[2022-08-30 10:54:01] [    INFO] 查找元素：('xpath', "//span[@class='meta-title' and contains(text(),'待办列表')]") (basics.py:106)
[2022-08-30 10:54:02] [    INFO] 点击元素：('xpath', "//span[@class='meta-title' and contains(text(),'待办列表')]")None (basics.py:565)
[2022-08-30 10:54:02] [    INFO] 查找元素：('xpath', "//div[@class='menu-wrapper nest-menu']//span[contains(text(),'我申请的')]") (basics.py:106)
[2022-08-30 10:54:02] [    INFO] 点击元素：('xpath', "//div[@class='menu-wrapper nest-menu']//span[contains(text(),'我申请的')]")None (basics.py:565)
[2022-08-30 10:54:04] [    INFO] 刷新页面 (basics.py:337)
[2022-08-30 10:54:04] [    INFO] 查找元素：('xpath', '//iframe') (basics.py:106)
[2022-08-30 10:54:07] [    INFO] 刷新页面 (basics.py:337)
[2022-08-30 10:54:07] [    INFO] 查找元素：('xpath', "//div[contains(text(),'ZBOM20220830011121444746') and @class='row-code']/../../../..//span[text()='查看详情']") (basics.py:106)
[2022-08-30 10:54:38] [    INFO] 查找元素：('xpath', "//div[contains(text(),'ZBOM20220830011121444746') and @class='row-code']/../../../..//span[text()='查看详情']") (basics.py:106)
[2022-08-30 10:59:58] [    INFO] 【TBM】项目【test】环境- UI自动化开始执行 (conftest.py:17)
[2022-08-30 10:59:58] [    INFO] 前置条件：传音统一登录开始 (conftest.py:21)
[2022-08-30 10:59:59] [    INFO] 打开网页：http://bom-sit.transsion.com/#/process/home-page (basics.py:63)
[2022-08-30 10:59:59] [    INFO] 查找元素：('xpath', "//div[@role='button']") (basics.py:106)
