[2022-07-21 13:43:57] [    INFO] 【TEST1】项目【test】环境- UI自动化开始执行 (conftest.py:14)
[2022-07-21 13:43:57] [    INFO] 前置条件：传音统一登录开始 (conftest.py:18)
[2022-07-21 13:44:11] [    INFO] 打开网页：http://10.250.112.166:9000/# (basics.py:58)
[2022-07-21 13:44:11] [    INFO] 查找元素：('xpath', "//div[@role='button']") (basics.py:73)
[2022-07-21 13:44:11] [    INFO] 点击元素：('xpath', "//div[@role='button']") (basics.py:157)
[2022-07-21 13:44:16] [    INFO] 查找元素：['xpath', "//*[contains(@id,'dropdown-menu-')]//li[1]"] (basics.py:73)
[2022-07-21 13:44:17] [    INFO] 查找元素：('xpath', "//div[@role='button']") (basics.py:73)
[2022-07-21 13:44:17] [    INFO] 点击元素：('xpath', "//div[@role='button']") (basics.py:157)
[2022-07-21 13:44:18] [    INFO] 查找元素：('id', 'tab-account') (basics.py:73)
[2022-07-21 13:44:18] [    INFO] 点击元素：('id', 'tab-account') (basics.py:157)
[2022-07-21 13:44:19] [    INFO] 查找元素：('xpath', "//*[@id='pane-account']/form/div[1]/div/div[1]/input") (basics.py:73)
[2022-07-21 13:44:19] [    INFO] 输入文本：18650617 (basics.py:104)
[2022-07-21 13:44:20] [    INFO] 查找元素：('xpath', "//*[@id='pane-account']/form/div[2]/div/div[1]/input") (basics.py:73)
[2022-07-21 13:44:20] [    INFO] 输入文本：xLily6x (basics.py:104)
[2022-07-21 13:44:21] [    INFO] 查找元素：('xpath', "//*[@id='pane-account']/form/div[4]/label/span/span") (basics.py:73)
[2022-07-21 13:44:21] [    INFO] 获取状态：False (basics.py:273)
[2022-07-21 13:44:21] [    INFO] 查找元素：('xpath', "//*[@id='pane-account']/form/div[4]/label/span/span") (basics.py:73)
[2022-07-21 13:44:21] [    INFO] 点击元素：('xpath', "//*[@id='pane-account']/form/div[4]/label/span/span") (basics.py:157)
[2022-07-21 13:44:22] [    INFO] 查找元素：('xpath', "//*[@id='pane-account']/form/button") (basics.py:73)
[2022-07-21 13:44:22] [    INFO] 点击元素：('xpath', "//*[@id='pane-account']/form/button") (basics.py:157)
[2022-07-21 13:44:27] [ WARNING] 断言失败：URL为预期不一致 | URL: http://10.250.112.166:9000/#/ (assert_ui.py:189)
[2022-07-21 13:44:27] [   ERROR] None (assert_ui.py:192)
[2022-07-21 13:45:13] [    INFO] 【TEST1】项目【test】环境- UI自动化开始执行 (conftest.py:14)
[2022-07-21 13:45:13] [    INFO] 前置条件：传音统一登录开始 (conftest.py:18)
[2022-07-21 13:45:24] [    INFO] 打开网页：http://10.250.112.166:9000/# (basics.py:58)
[2022-07-21 13:45:24] [    INFO] 查找元素：('xpath', "//div[@role='button']") (basics.py:73)
[2022-07-21 13:45:24] [    INFO] 点击元素：('xpath', "//div[@role='button']") (basics.py:157)
[2022-07-21 13:45:29] [    INFO] 查找元素：['xpath', "//*[contains(@id,'dropdown-menu-')]//li[1]"] (basics.py:73)
[2022-07-21 13:45:30] [    INFO] 查找元素：('xpath', "//div[@role='button']") (basics.py:73)
[2022-07-21 13:45:30] [    INFO] 点击元素：('xpath', "//div[@role='button']") (basics.py:157)
[2022-07-21 13:45:30] [    INFO] 查找元素：('id', 'tab-account') (basics.py:73)
[2022-07-21 13:45:30] [    INFO] 点击元素：('id', 'tab-account') (basics.py:157)
[2022-07-21 13:45:31] [    INFO] 查找元素：('xpath', "//*[@id='pane-account']/form/div[1]/div/div[1]/input") (basics.py:73)
[2022-07-21 13:45:32] [    INFO] 输入文本：18650617 (basics.py:104)
[2022-07-21 13:45:33] [    INFO] 查找元素：('xpath', "//*[@id='pane-account']/form/div[2]/div/div[1]/input") (basics.py:73)
[2022-07-21 13:45:33] [    INFO] 输入文本：xLily6x (basics.py:104)
[2022-07-21 13:45:34] [    INFO] 查找元素：('xpath', "//*[@id='pane-account']/form/div[4]/label/span/span") (basics.py:73)
[2022-07-21 13:45:34] [    INFO] 获取状态：False (basics.py:273)
[2022-07-21 13:45:34] [    INFO] 查找元素：('xpath', "//*[@id='pane-account']/form/div[4]/label/span/span") (basics.py:73)
[2022-07-21 13:45:34] [    INFO] 点击元素：('xpath', "//*[@id='pane-account']/form/div[4]/label/span/span") (basics.py:157)
[2022-07-21 13:45:35] [    INFO] 查找元素：('xpath', "//*[@id='pane-account']/form/button") (basics.py:73)
[2022-07-21 13:45:35] [    INFO] 点击元素：('xpath', "//*[@id='pane-account']/form/button") (basics.py:157)
[2022-07-21 13:45:39] [ WARNING] 断言失败：URL为预期不一致 | URL: http://10.250.112.166:9000/#/ (assert_ui.py:189)
[2022-07-21 13:45:39] [   ERROR] None (assert_ui.py:192)
[2022-07-21 13:52:53] [    INFO] 【TEST1】项目【test】环境- UI自动化开始执行 (conftest.py:14)
[2022-07-21 13:52:53] [    INFO] 前置条件：传音统一登录开始 (conftest.py:18)
[2022-07-21 13:53:07] [    INFO] 打开网页：http://10.250.112.166:9000/# (basics.py:58)
[2022-07-21 13:53:07] [    INFO] 查找元素：('xpath', "//div[@role='button']") (basics.py:73)
[2022-07-21 13:53:07] [    INFO] 点击元素：('xpath', "//div[@role='button']") (basics.py:157)
[2022-07-21 13:53:11] [    INFO] 查找元素：['xpath', "//*[contains(@id,'dropdown-menu-')]//li[1]"] (basics.py:73)
[2022-07-21 13:53:12] [    INFO] 查找元素：('xpath', "//div[@role='button']") (basics.py:73)
[2022-07-21 13:53:12] [    INFO] 点击元素：('xpath', "//div[@role='button']") (basics.py:157)
[2022-07-21 13:53:13] [    INFO] 查找元素：('id', 'tab-account') (basics.py:73)
[2022-07-21 13:53:13] [    INFO] 点击元素：('id', 'tab-account') (basics.py:157)
[2022-07-21 13:53:14] [    INFO] 查找元素：('xpath', "//*[@id='pane-account']/form/div[1]/div/div[1]/input") (basics.py:73)
[2022-07-21 13:53:14] [    INFO] 输入文本：18650617 (basics.py:104)
[2022-07-21 13:53:16] [    INFO] 查找元素：('xpath', "//*[@id='pane-account']/form/div[2]/div/div[1]/input") (basics.py:73)
[2022-07-21 13:53:16] [    INFO] 输入文本：xLily6x (basics.py:104)
[2022-07-21 13:53:17] [    INFO] 查找元素：('xpath', "//*[@id='pane-account']/form/div[4]/label/span/span") (basics.py:73)
[2022-07-21 13:53:17] [    INFO] 获取状态：False (basics.py:273)
[2022-07-21 13:53:17] [    INFO] 查找元素：('xpath', "//*[@id='pane-account']/form/div[4]/label/span/span") (basics.py:73)
[2022-07-21 13:53:17] [    INFO] 点击元素：('xpath', "//*[@id='pane-account']/form/div[4]/label/span/span") (basics.py:157)
[2022-07-21 13:53:17] [    INFO] 查找元素：('xpath', "//*[@id='pane-account']/form/button") (basics.py:73)
[2022-07-21 13:53:17] [    INFO] 点击元素：('xpath', "//*[@id='pane-account']/form/button") (basics.py:157)
[2022-07-21 13:53:22] [ WARNING] 断言失败：URL为预期不一致 | URL: http://10.250.112.166:9000/#/ (assert_ui.py:189)
[2022-07-21 13:53:22] [   ERROR] None (assert_ui.py:192)
[2022-07-21 13:54:41] [    INFO] 【TEST1】项目【test】环境- UI自动化开始执行 (conftest.py:14)
[2022-07-21 13:54:41] [    INFO] 前置条件：传音统一登录开始 (conftest.py:18)
[2022-07-21 13:54:45] [    INFO] 打开网页：http://10.250.112.166:9000/# (basics.py:58)
[2022-07-21 13:54:45] [    INFO] 查找元素：('xpath', "//div[@role='button']") (basics.py:73)
[2022-07-21 13:54:45] [    INFO] 点击元素：('xpath', "//div[@role='button']") (basics.py:157)
[2022-07-21 13:54:50] [    INFO] 查找元素：['xpath', "//*[contains(@id,'dropdown-menu-')]//li[1]"] (basics.py:73)
[2022-07-21 13:54:51] [    INFO] 查找元素：('xpath', "//div[@role='button']") (basics.py:73)
[2022-07-21 13:54:51] [    INFO] 点击元素：('xpath', "//div[@role='button']") (basics.py:157)
[2022-07-21 13:54:51] [    INFO] 查找元素：('id', 'tab-account') (basics.py:73)
[2022-07-21 13:54:52] [    INFO] 点击元素：('id', 'tab-account') (basics.py:157)
[2022-07-21 13:54:53] [    INFO] 查找元素：('xpath', "//*[@id='pane-account']/form/div[1]/div/div[1]/input") (basics.py:73)
[2022-07-21 13:54:53] [    INFO] 输入文本：18650617 (basics.py:104)
[2022-07-21 13:54:54] [    INFO] 查找元素：('xpath', "//*[@id='pane-account']/form/div[2]/div/div[1]/input") (basics.py:73)
[2022-07-21 13:54:54] [    INFO] 输入文本：xLily6x (basics.py:104)
[2022-07-21 13:54:55] [    INFO] 查找元素：('xpath', "//*[@id='pane-account']/form/div[4]/label/span/span") (basics.py:73)
[2022-07-21 13:54:55] [    INFO] 获取状态：False (basics.py:273)
[2022-07-21 13:54:55] [    INFO] 查找元素：('xpath', "//*[@id='pane-account']/form/div[4]/label/span/span") (basics.py:73)
[2022-07-21 13:54:55] [    INFO] 点击元素：('xpath', "//*[@id='pane-account']/form/div[4]/label/span/span") (basics.py:157)
[2022-07-21 13:54:56] [    INFO] 查找元素：('xpath', "//*[@id='pane-account']/form/button") (basics.py:73)
[2022-07-21 13:54:56] [    INFO] 点击元素：('xpath', "//*[@id='pane-account']/form/button") (basics.py:157)
[2022-07-21 13:55:00] [    INFO] 断言成功：URL为预期一致 | URL: http://10.250.112.166:9000/#/dashboard (assert_ui.py:190)
[2022-07-21 13:55:01] [    INFO] 断言成功: 该内容存在数据列表中 | word:刘勇 (assert_ui.py:294)
[2022-07-21 13:55:01] [    INFO] 前置条件：传音统一登录成功 (conftest.py:25)
[2022-07-21 13:55:01] [    INFO] 查找元素：('xpath', '//*[@id="app"]/div/div[1]/div[2]/div[1]/div/ul/div[11]/li/div/span') (basics.py:73)
[2022-07-21 13:55:01] [    INFO] 点击元素：('xpath', '//*[@id="app"]/div/div[1]/div[2]/div[1]/div/ul/div[11]/li/div/span') (basics.py:157)
[2022-07-21 13:55:01] [    INFO] 查找元素：('xpath', "//span[contains(text(),'维度管理')]") (basics.py:73)
[2022-07-21 13:55:01] [    INFO] 点击元素：('xpath', "//span[contains(text(),'维度管理')]") (basics.py:157)
[2022-07-21 13:55:07] [    INFO] 断言成功：URL为预期一致 | URL: http://10.250.112.166:9000/#/systemManage/dimensionManage (assert_ui.py:190)
[2022-07-21 13:55:07] [    INFO] 查找元素：('xpath', '//div[text()="角色管理"]') (basics.py:73)
[2022-07-21 13:55:07] [    INFO] 点击元素：('xpath', '//div[text()="角色管理"]') (basics.py:157)
