[2022-08-29 16:10:31] [    INFO] 【TBM】项目【test】环境- UI自动化开始执行 (conftest.py:17)
[2022-08-29 16:10:31] [    INFO] 前置条件：传音统一登录开始 (conftest.py:21)
[2022-08-29 16:10:34] [    INFO] 打开网页：http://bom-sit.transsion.com/#/process/home-page (basics.py:63)
[2022-08-29 16:10:34] [    INFO] 查找元素：('xpath', "//div[@role='button']") (basics.py:106)
[2022-08-29 16:10:34] [    INFO] 点击元素：('xpath', "//div[@role='button']") (basics.py:206)
[2022-08-29 16:10:39] [    INFO] 查找元素：['xpath', "//*[contains(@id,'dropdown-menu-')]//li[1]"] (basics.py:106)
[2022-08-29 16:10:40] [    INFO] 查找元素：('xpath', "//div[@role='button']") (basics.py:106)
[2022-08-29 16:10:40] [    INFO] 点击元素：('xpath', "//div[@role='button']") (basics.py:206)
[2022-08-29 16:10:41] [    INFO] 查找元素：('id', 'tab-account') (basics.py:106)
[2022-08-29 16:10:41] [    INFO] 点击元素：('id', 'tab-account') (basics.py:206)
[2022-08-29 16:10:42] [    INFO] 查找元素：('xpath', "//*[@id='pane-account']/form/div[1]/div/div[1]/input") (basics.py:106)
[2022-08-29 16:10:42] [    INFO] 输入文本：18645960 (basics.py:137)
[2022-08-29 16:10:43] [    INFO] 查找元素：('xpath', "//*[@id='pane-account']/form/div[2]/div/div[1]/input") (basics.py:106)
[2022-08-29 16:10:44] [    INFO] 输入文本：xLily6x (basics.py:137)
[2022-08-29 16:10:45] [    INFO] 查找元素：('xpath', "//span[text()='我已阅读并接受']/../label/span/span") (basics.py:106)
[2022-08-29 16:10:45] [    INFO] 获取状态：False (basics.py:330)
[2022-08-29 16:10:45] [    INFO] 查找元素：('xpath', "//span[text()='我已阅读并接受']/../label/span/span") (basics.py:106)
[2022-08-29 16:10:45] [    INFO] 点击元素：('xpath', "//span[text()='我已阅读并接受']/../label/span/span") (basics.py:206)
[2022-08-29 16:10:45] [    INFO] 查找元素：('xpath', "//*[@id='pane-account']/form/button") (basics.py:106)
[2022-08-29 16:10:45] [    INFO] 点击元素：('xpath', "//*[@id='pane-account']/form/button") (basics.py:206)
[2022-08-29 16:10:52] [   ERROR] 正在截图... (basics.py:449)
[2022-08-29 16:10:52] [   ERROR] 日志正在附加截图... (basics.py:456)
[2022-08-29 16:10:52] [   ERROR] 日志附加截图成功 (basics.py:460)
[2022-08-29 16:10:52] [    INFO] 断言成功：页面存在该标识首页 | 关键字:首页 (assert_ui.py:167)
[2022-08-29 16:10:52] [    INFO] 前置条件：传音统一登录成功 (conftest.py:25)
[2022-08-29 16:10:54] [    INFO] 查找元素：['xpath', "//span[@class='meta-title' and contains(text(),'BOM协作')]"] (basics.py:106)
[2022-08-29 16:10:54] [    INFO] 选择点击：['xpath', "//span[@class='meta-title' and contains(text(),'BOM协作')]"] (basics.py:203)
[2022-08-29 16:10:54] [    INFO] 点击一级菜单：BOM协作 (BOM.py:18)
[2022-08-29 16:10:56] [    INFO] 查找元素：['xpath', "//div[@class='menu-wrapper nest-menu']//span[contains(text(),'整机BOM协作')]"] (basics.py:106)
[2022-08-29 16:10:57] [    INFO] 选择点击：['xpath', "//div[@class='menu-wrapper nest-menu']//span[contains(text(),'整机BOM协作')]"] (basics.py:203)
[2022-08-29 16:10:57] [    INFO] 点击二级菜单：整机BOM协作 (BOM.py:20)
[2022-08-29 16:10:58] [    INFO] 刷新页面 (basics.py:337)
[2022-08-29 16:10:58] [    INFO] 查找元素：('xpath', "//button//span[contains(text(),'新增')]") (basics.py:106)
[2022-08-29 16:10:58] [    INFO] 点击元素：('xpath', "//button//span[contains(text(),'新增')]") (basics.py:206)
[2022-08-29 16:11:01] [    INFO] 查找元素：('xpath', "//label[contains(text(),'制作类型')]/..//input") (basics.py:106)
[2022-08-29 16:11:01] [    INFO] 点击元素：('xpath', "//label[contains(text(),'制作类型')]/..//input") (basics.py:206)
[2022-08-29 16:11:02] [    INFO] 查找元素：('xpath', "//li/span[contains(text(), '生产BOM')]") (basics.py:106)
[2022-08-29 16:11:02] [    INFO] 点击元素：('xpath', "//li/span[contains(text(), '生产BOM')]") (basics.py:206)
[2022-08-29 16:11:03] [    INFO] 查找元素：('xpath', "//label[contains(text(),'品牌')]/..//input") (basics.py:106)
[2022-08-29 16:11:03] [    INFO] 点击元素：('xpath', "//label[contains(text(),'品牌')]/..//input") (basics.py:206)
[2022-08-29 16:11:04] [    INFO] 查找元素：('xpath', "//li/span[normalize-space(text())='itel']") (basics.py:106)
[2022-08-29 16:11:04] [    INFO] 点击元素：('xpath', "//li/span[normalize-space(text())='itel']") (basics.py:206)
[2022-08-29 16:11:06] [    INFO] 查找元素：('xpath', "//label[contains(text(),'机型')]/..//input") (basics.py:106)
[2022-08-29 16:11:06] [    INFO] 点击元素：('xpath', "//label[contains(text(),'机型')]/..//input") (basics.py:206)
[2022-08-29 16:11:06] [    INFO] 查找元素：('xpath', "//li[normalize-space(text())='(C3250)C3250']") (basics.py:106)
[2022-08-29 16:12:56] [    INFO] 【TBM】项目【test】环境- UI自动化开始执行 (conftest.py:17)
[2022-08-29 16:12:56] [    INFO] 前置条件：传音统一登录开始 (conftest.py:21)
[2022-08-29 16:13:00] [    INFO] 打开网页：http://bom-sit.transsion.com/#/process/home-page (basics.py:63)
[2022-08-29 16:13:00] [    INFO] 查找元素：('xpath', "//div[@role='button']") (basics.py:106)
[2022-08-29 16:13:00] [    INFO] 点击元素：('xpath', "//div[@role='button']") (basics.py:206)
[2022-08-29 16:13:04] [    INFO] 查找元素：['xpath', "//*[contains(@id,'dropdown-menu-')]//li[1]"] (basics.py:106)
[2022-08-29 16:13:06] [    INFO] 查找元素：('xpath', "//div[@role='button']") (basics.py:106)
[2022-08-29 16:13:06] [    INFO] 点击元素：('xpath', "//div[@role='button']") (basics.py:206)
[2022-08-29 16:13:06] [    INFO] 查找元素：('id', 'tab-account') (basics.py:106)
[2022-08-29 16:13:06] [    INFO] 点击元素：('id', 'tab-account') (basics.py:206)
[2022-08-29 16:13:07] [    INFO] 查找元素：('xpath', "//*[@id='pane-account']/form/div[1]/div/div[1]/input") (basics.py:106)
[2022-08-29 16:13:07] [    INFO] 输入文本：18645960 (basics.py:137)
[2022-08-29 16:13:09] [    INFO] 查找元素：('xpath', "//*[@id='pane-account']/form/div[2]/div/div[1]/input") (basics.py:106)
[2022-08-29 16:13:09] [    INFO] 输入文本：xLily6x (basics.py:137)
[2022-08-29 16:13:10] [    INFO] 查找元素：('xpath', "//span[text()='我已阅读并接受']/../label/span/span") (basics.py:106)
[2022-08-29 16:13:10] [    INFO] 获取状态：False (basics.py:330)
[2022-08-29 16:13:10] [    INFO] 查找元素：('xpath', "//span[text()='我已阅读并接受']/../label/span/span") (basics.py:106)
[2022-08-29 16:13:10] [    INFO] 点击元素：('xpath', "//span[text()='我已阅读并接受']/../label/span/span") (basics.py:206)
[2022-08-29 16:13:11] [    INFO] 查找元素：('xpath', "//*[@id='pane-account']/form/button") (basics.py:106)
[2022-08-29 16:13:11] [    INFO] 点击元素：('xpath', "//*[@id='pane-account']/form/button") (basics.py:206)
[2022-08-29 16:13:17] [   ERROR] 正在截图... (basics.py:449)
[2022-08-29 16:13:18] [   ERROR] 日志正在附加截图... (basics.py:456)
[2022-08-29 16:13:18] [   ERROR] 日志附加截图成功 (basics.py:460)
[2022-08-29 16:13:18] [    INFO] 断言成功：页面存在该标识首页 | 关键字:首页 (assert_ui.py:167)
[2022-08-29 16:13:18] [    INFO] 前置条件：传音统一登录成功 (conftest.py:25)
[2022-08-29 16:13:20] [    INFO] 查找元素：['xpath', "//span[@class='meta-title' and contains(text(),'BOM协作')]"] (basics.py:106)
[2022-08-29 16:13:20] [    INFO] 选择点击：['xpath', "//span[@class='meta-title' and contains(text(),'BOM协作')]"] (basics.py:203)
[2022-08-29 16:13:20] [    INFO] 点击一级菜单：BOM协作 (BOM.py:18)
[2022-08-29 16:13:22] [    INFO] 查找元素：['xpath', "//div[@class='menu-wrapper nest-menu']//span[contains(text(),'整机BOM协作')]"] (basics.py:106)
[2022-08-29 16:13:22] [    INFO] 选择点击：['xpath', "//div[@class='menu-wrapper nest-menu']//span[contains(text(),'整机BOM协作')]"] (basics.py:203)
[2022-08-29 16:13:22] [    INFO] 点击二级菜单：整机BOM协作 (BOM.py:20)
[2022-08-29 16:13:24] [    INFO] 刷新页面 (basics.py:337)
[2022-08-29 16:13:24] [    INFO] 查找元素：('xpath', "//button//span[contains(text(),'新增')]") (basics.py:106)
[2022-08-29 16:13:24] [    INFO] 点击元素：('xpath', "//button//span[contains(text(),'新增')]") (basics.py:206)
[2022-08-29 16:13:27] [    INFO] 查找元素：('xpath', "//label[contains(text(),'制作类型')]/..//input") (basics.py:106)
[2022-08-29 16:13:27] [    INFO] 点击元素：('xpath', "//label[contains(text(),'制作类型')]/..//input") (basics.py:206)
[2022-08-29 16:13:27] [    INFO] 查找元素：('xpath', "//li/span[contains(text(), '生产BOM')]") (basics.py:106)
[2022-08-29 16:13:27] [    INFO] 点击元素：('xpath', "//li/span[contains(text(), '生产BOM')]") (basics.py:206)
[2022-08-29 16:13:29] [    INFO] 查找元素：('xpath', "//label[contains(text(),'品牌')]/..//input") (basics.py:106)
[2022-08-29 16:13:29] [    INFO] 点击元素：('xpath', "//label[contains(text(),'品牌')]/..//input") (basics.py:206)
[2022-08-29 16:13:30] [    INFO] 查找元素：('xpath', "//li/span[normalize-space(text())='itel']") (basics.py:106)
[2022-08-29 16:13:30] [    INFO] 点击元素：('xpath', "//li/span[normalize-space(text())='itel']") (basics.py:206)
[2022-08-29 16:13:31] [    INFO] 查找元素：('xpath', "//label[contains(text(),'机型')]/..//input") (basics.py:106)
[2022-08-29 16:13:31] [    INFO] 点击元素：('xpath', "//label[contains(text(),'机型')]/..//input") (basics.py:206)
[2022-08-29 16:14:33] [    INFO] 【TBM】项目【test】环境- UI自动化开始执行 (conftest.py:17)
[2022-08-29 16:14:33] [    INFO] 前置条件：传音统一登录开始 (conftest.py:21)
[2022-08-29 16:14:34] [    INFO] 打开网页：http://bom-sit.transsion.com/#/process/home-page (basics.py:63)
[2022-08-29 16:14:34] [    INFO] 查找元素：('xpath', "//div[@role='button']") (basics.py:106)
[2022-08-29 16:14:47] [    INFO] 【TBM】项目【test】环境- UI自动化开始执行 (conftest.py:17)
[2022-08-29 16:14:47] [    INFO] 前置条件：传音统一登录开始 (conftest.py:21)
[2022-08-29 16:14:51] [    INFO] 打开网页：http://bom-sit.transsion.com/#/process/home-page (basics.py:63)
[2022-08-29 16:14:51] [    INFO] 查找元素：('xpath', "//div[@role='button']") (basics.py:106)
[2022-08-29 16:14:52] [    INFO] 点击元素：('xpath', "//div[@role='button']") (basics.py:206)
[2022-08-29 16:14:56] [    INFO] 查找元素：['xpath', "//*[contains(@id,'dropdown-menu-')]//li[1]"] (basics.py:106)
[2022-08-29 16:14:57] [    INFO] 查找元素：('xpath', "//div[@role='button']") (basics.py:106)
[2022-08-29 16:14:58] [    INFO] 点击元素：('xpath', "//div[@role='button']") (basics.py:206)
[2022-08-29 16:14:58] [    INFO] 查找元素：('id', 'tab-account') (basics.py:106)
[2022-08-29 16:14:58] [    INFO] 点击元素：('id', 'tab-account') (basics.py:206)
[2022-08-29 16:14:59] [    INFO] 查找元素：('xpath', "//*[@id='pane-account']/form/div[1]/div/div[1]/input") (basics.py:106)
[2022-08-29 16:14:59] [    INFO] 输入文本：18645960 (basics.py:137)
[2022-08-29 16:15:01] [    INFO] 查找元素：('xpath', "//*[@id='pane-account']/form/div[2]/div/div[1]/input") (basics.py:106)
[2022-08-29 16:15:01] [    INFO] 输入文本：xLily6x (basics.py:137)
[2022-08-29 16:15:02] [    INFO] 查找元素：('xpath', "//span[text()='我已阅读并接受']/../label/span/span") (basics.py:106)
[2022-08-29 16:15:02] [    INFO] 获取状态：False (basics.py:330)
[2022-08-29 16:15:02] [    INFO] 查找元素：('xpath', "//span[text()='我已阅读并接受']/../label/span/span") (basics.py:106)
[2022-08-29 16:15:02] [    INFO] 点击元素：('xpath', "//span[text()='我已阅读并接受']/../label/span/span") (basics.py:206)
[2022-08-29 16:15:03] [    INFO] 查找元素：('xpath', "//*[@id='pane-account']/form/button") (basics.py:106)
[2022-08-29 16:15:03] [    INFO] 点击元素：('xpath', "//*[@id='pane-account']/form/button") (basics.py:206)
[2022-08-29 16:15:09] [   ERROR] 正在截图... (basics.py:449)
[2022-08-29 16:15:10] [   ERROR] 日志正在附加截图... (basics.py:456)
[2022-08-29 16:15:10] [   ERROR] 日志附加截图成功 (basics.py:460)
[2022-08-29 16:15:10] [    INFO] 断言成功：页面存在该标识首页 | 关键字:首页 (assert_ui.py:167)
[2022-08-29 16:15:10] [    INFO] 前置条件：传音统一登录成功 (conftest.py:25)
[2022-08-29 16:15:12] [    INFO] 查找元素：['xpath', "//span[@class='meta-title' and contains(text(),'BOM协作')]"] (basics.py:106)
[2022-08-29 16:15:12] [    INFO] 选择点击：['xpath', "//span[@class='meta-title' and contains(text(),'BOM协作')]"] (basics.py:203)
[2022-08-29 16:15:12] [    INFO] 点击一级菜单：BOM协作 (BOM.py:18)
[2022-08-29 16:15:14] [    INFO] 查找元素：['xpath', "//div[@class='menu-wrapper nest-menu']//span[contains(text(),'整机BOM协作')]"] (basics.py:106)
[2022-08-29 16:21:10] [    INFO] 【TBM】项目【test】环境- UI自动化开始执行 (conftest.py:17)
[2022-08-29 16:21:10] [    INFO] 前置条件：传音统一登录开始 (conftest.py:21)
[2022-08-29 16:21:15] [    INFO] 打开网页：http://bom-sit.transsion.com/#/process/home-page (basics.py:63)
[2022-08-29 16:21:15] [    INFO] 查找元素：('xpath', "//div[@role='button']") (basics.py:106)
[2022-08-29 16:21:15] [    INFO] 点击元素：('xpath', "//div[@role='button']") (basics.py:206)
[2022-08-29 16:21:20] [    INFO] 查找元素：['xpath', "//*[contains(@id,'dropdown-menu-')]//li[1]"] (basics.py:106)
[2022-08-29 16:21:21] [    INFO] 查找元素：('xpath', "//div[@role='button']") (basics.py:106)
[2022-08-29 16:21:21] [    INFO] 点击元素：('xpath', "//div[@role='button']") (basics.py:206)
[2022-08-29 16:21:21] [    INFO] 查找元素：('id', 'tab-account') (basics.py:106)
[2022-08-29 16:21:22] [    INFO] 点击元素：('id', 'tab-account') (basics.py:206)
[2022-08-29 16:21:23] [    INFO] 查找元素：('xpath', "//*[@id='pane-account']/form/div[1]/div/div[1]/input") (basics.py:106)
[2022-08-29 16:21:23] [    INFO] 输入文本：18645960 (basics.py:137)
[2022-08-29 16:21:24] [    INFO] 查找元素：('xpath', "//*[@id='pane-account']/form/div[2]/div/div[1]/input") (basics.py:106)
[2022-08-29 16:21:25] [    INFO] 输入文本：xLily6x (basics.py:137)
[2022-08-29 16:21:26] [    INFO] 查找元素：('xpath', "//span[text()='我已阅读并接受']/../label/span/span") (basics.py:106)
[2022-08-29 16:21:26] [    INFO] 获取状态：False (basics.py:330)
[2022-08-29 16:21:26] [    INFO] 查找元素：('xpath', "//span[text()='我已阅读并接受']/../label/span/span") (basics.py:106)
[2022-08-29 16:21:26] [    INFO] 点击元素：('xpath', "//span[text()='我已阅读并接受']/../label/span/span") (basics.py:206)
[2022-08-29 16:21:26] [    INFO] 查找元素：('xpath', "//*[@id='pane-account']/form/button") (basics.py:106)
[2022-08-29 16:21:26] [    INFO] 点击元素：('xpath', "//*[@id='pane-account']/form/button") (basics.py:206)
[2022-08-29 16:21:33] [   ERROR] 正在截图... (basics.py:449)
[2022-08-29 16:21:33] [   ERROR] 日志正在附加截图... (basics.py:456)
[2022-08-29 16:21:33] [   ERROR] 日志附加截图成功 (basics.py:460)
[2022-08-29 16:21:33] [    INFO] 断言成功：页面存在该标识首页 | 关键字:首页 (assert_ui.py:167)
[2022-08-29 16:21:33] [    INFO] 前置条件：传音统一登录成功 (conftest.py:25)
[2022-08-29 16:21:35] [    INFO] 查找元素：['xpath', "//span[@class='meta-title' and contains(text(),'BOM协作')]"] (basics.py:106)
[2022-08-29 16:21:35] [    INFO] 选择点击：['xpath', "//span[@class='meta-title' and contains(text(),'BOM协作')]"] (basics.py:203)
[2022-08-29 16:21:35] [    INFO] 点击一级菜单：BOM协作 (BOM.py:18)
[2022-08-29 16:21:37] [    INFO] 查找元素：['xpath', "//div[@class='menu-wrapper nest-menu']//span[contains(text(),'整机BOM协作')]"] (basics.py:106)
[2022-08-29 16:21:37] [    INFO] 选择点击：['xpath', "//div[@class='menu-wrapper nest-menu']//span[contains(text(),'整机BOM协作')]"] (basics.py:203)
[2022-08-29 16:21:37] [    INFO] 点击二级菜单：整机BOM协作 (BOM.py:20)
[2022-08-29 16:21:39] [    INFO] 刷新页面 (basics.py:337)
[2022-08-29 16:21:39] [    INFO] 查找元素：('xpath', "//button//span[contains(text(),'新增')]") (basics.py:106)
[2022-08-29 16:21:39] [    INFO] 点击元素：('xpath', "//button//span[contains(text(),'新增')]") (basics.py:206)
[2022-08-29 16:21:42] [    INFO] 查找元素：('xpath', "//label[contains(text(),'制作类型')]/..//input") (basics.py:106)
[2022-08-29 16:21:42] [    INFO] 点击元素：('xpath', "//label[contains(text(),'制作类型')]/..//input") (basics.py:206)
[2022-08-29 16:21:42] [    INFO] 查找元素：('xpath', "//li/span[contains(text(), '生产BOM')]") (basics.py:106)
[2022-08-29 16:21:43] [    INFO] 点击元素：('xpath', "//li/span[contains(text(), '生产BOM')]") (basics.py:206)
[2022-08-29 16:21:44] [    INFO] 查找元素：('xpath', "//label[contains(text(),'品牌')]/..//input") (basics.py:106)
[2022-08-29 16:21:44] [    INFO] 点击元素：('xpath', "//label[contains(text(),'品牌')]/..//input") (basics.py:206)
[2022-08-29 16:21:45] [    INFO] 查找元素：('xpath', "//li/span[normalize-space(text())='itel']") (basics.py:106)
[2022-08-29 16:21:45] [    INFO] 点击元素：('xpath', "//li/span[normalize-space(text())='itel']") (basics.py:206)
[2022-08-29 16:21:46] [    INFO] 查找元素：('xpath', "//label[contains(text(),'机型')]/..//input") (basics.py:106)
[2022-08-29 16:21:46] [    INFO] 点击元素：('xpath', "//label[contains(text(),'机型')]/..//input") (basics.py:206)
