[2022-08-30 11:00:08] [    INFO] 【TBM】项目【test】环境- UI自动化开始执行 (conftest.py:17)
[2022-08-30 11:00:08] [    INFO] 前置条件：传音统一登录开始 (conftest.py:21)
[2022-08-30 11:00:11] [    INFO] 打开网页：http://bom-sit.transsion.com/#/process/home-page (basics.py:63)
[2022-08-30 11:00:11] [    INFO] 查找元素：('xpath', "//div[@role='button']") (basics.py:106)
[2022-08-30 11:00:11] [    INFO] 点击元素：('xpath', "//div[@role='button']") (basics.py:206)
[2022-08-30 11:00:16] [    INFO] 查找元素：['xpath', "//*[contains(@id,'dropdown-menu-')]//li[1]"] (basics.py:106)
[2022-08-30 11:00:17] [    INFO] 查找元素：('xpath', "//div[@role='button']") (basics.py:106)
[2022-08-30 11:00:17] [    INFO] 点击元素：('xpath', "//div[@role='button']") (basics.py:206)
[2022-08-30 11:00:17] [    INFO] 查找元素：('id', 'tab-account') (basics.py:106)
[2022-08-30 11:00:17] [    INFO] 点击元素：('id', 'tab-account') (basics.py:206)
[2022-08-30 11:00:18] [    INFO] 查找元素：('xpath', "//*[@id='pane-account']/form/div[1]/div/div[1]/input") (basics.py:106)
[2022-08-30 11:00:18] [    INFO] 输入文本：18645960 (basics.py:137)
[2022-08-30 11:00:20] [    INFO] 查找元素：('xpath', "//*[@id='pane-account']/form/div[2]/div/div[1]/input") (basics.py:106)
[2022-08-30 11:00:20] [    INFO] 输入文本：xLily6x (basics.py:137)
[2022-08-30 11:00:21] [    INFO] 查找元素：('xpath', "//span[text()='我已阅读并接受']/../label/span/span") (basics.py:106)
[2022-08-30 11:00:21] [    INFO] 获取状态：False (basics.py:330)
[2022-08-30 11:00:21] [    INFO] 查找元素：('xpath', "//span[text()='我已阅读并接受']/../label/span/span") (basics.py:106)
[2022-08-30 11:00:21] [    INFO] 点击元素：('xpath', "//span[text()='我已阅读并接受']/../label/span/span") (basics.py:206)
[2022-08-30 11:00:22] [    INFO] 查找元素：('xpath', "//*[@id='pane-account']/form/button") (basics.py:106)
[2022-08-30 11:00:22] [    INFO] 点击元素：('xpath', "//*[@id='pane-account']/form/button") (basics.py:206)
[2022-08-30 11:00:28] [   ERROR] 正在截图... (basics.py:449)
[2022-08-30 11:00:29] [   ERROR] 日志正在附加截图... (basics.py:456)
[2022-08-30 11:00:29] [   ERROR] 日志附加截图成功 (basics.py:460)
[2022-08-30 11:00:29] [    INFO] 断言成功：页面存在该标识首页 | 关键字:首页 (assert_ui.py:167)
[2022-08-30 11:00:29] [    INFO] 前置条件：传音统一登录成功 (conftest.py:25)
[2022-08-30 11:00:29] [    INFO] 查找元素：['xpath', "//span[@class='meta-title' and contains(text(),'BOM协作')]"] (basics.py:102)
[2022-08-30 11:00:29] [    INFO] 点击元素：('xpath', "//span[@class='meta-title' and contains(text(),'BOM协作')]")BOM协作 (basics.py:565)
[2022-08-30 11:00:29] [    INFO] 点击一级菜单：BOM协作 (BOM.py:18)
[2022-08-30 11:00:29] [    INFO] 查找元素：['xpath', "//div[@class='menu-wrapper nest-menu']//span[contains(text(),'整机BOM协作')]"] (basics.py:102)
[2022-08-30 11:00:30] [    INFO] 点击元素：('xpath', "//div[@class='menu-wrapper nest-menu']//span[contains(text(),'整机BOM协作')]")整机BOM协作 (basics.py:565)
[2022-08-30 11:00:30] [    INFO] 点击二级菜单：整机BOM协作 (BOM.py:20)
[2022-08-30 11:00:31] [    INFO] 刷新页面 (basics.py:337)
[2022-08-30 11:00:31] [    INFO] 查找元素：('xpath', "//button//span[contains(text(),'新增')]") (basics.py:106)
[2022-08-30 11:00:32] [    INFO] 点击元素：('xpath', "//button//span[contains(text(),'新增')]")None (basics.py:565)
[2022-08-30 11:00:34] [    INFO] 查找元素：('xpath', "//label[contains(text(),'制作类型')]/..//input") (basics.py:106)
[2022-08-30 11:00:34] [    INFO] 点击元素：('xpath', "//label[contains(text(),'制作类型')]/..//input")None (basics.py:565)
[2022-08-30 11:00:34] [    INFO] 查找元素：('xpath', "//li/span[contains(text(), '生产BOM')]") (basics.py:106)
[2022-08-30 11:00:35] [    INFO] 点击元素：('xpath', "//li/span[contains(text(), '生产BOM')]")None (basics.py:565)
[2022-08-30 11:00:36] [    INFO] 查找元素：('xpath', "//label[contains(text(),'品牌')]/..//input") (basics.py:106)
[2022-08-30 11:00:37] [    INFO] 点击元素：('xpath', "//label[contains(text(),'品牌')]/..//input")None (basics.py:565)
[2022-08-30 11:00:37] [    INFO] 查找元素：('xpath', "//li/span[normalize-space(text())='itel']") (basics.py:106)
[2022-08-30 11:00:37] [    INFO] 点击元素：('xpath', "//li/span[normalize-space(text())='itel']")None (basics.py:565)
[2022-08-30 11:00:38] [    INFO] 查找元素：('xpath', "//label[contains(text(),'机型')]/..//input") (basics.py:106)
[2022-08-30 11:00:39] [    INFO] 点击元素：('xpath', "//label[contains(text(),'机型')]/..//input")None (basics.py:565)
[2022-08-30 11:00:39] [    INFO] 查找元素：('xpath', "//label[contains(text(),'机型')]/..//input") (basics.py:106)
[2022-08-30 11:00:40] [    INFO] 输入文本：C6769 (basics.py:137)
[2022-08-30 11:00:40] [    INFO] 查找元素：('xpath', "//li[normalize-space(text())='(C6769)C6769']") (basics.py:106)
[2022-08-30 11:00:41] [    INFO] 点击元素：('xpath', "//li[normalize-space(text())='(C6769)C6769']")None (basics.py:565)
[2022-08-30 11:00:42] [    INFO] 查找元素：('xpath', "//label[contains(text(),'阶段')]/..//input") (basics.py:106)
[2022-08-30 11:00:42] [    INFO] 点击元素：('xpath', "//label[contains(text(),'阶段')]/..//input")None (basics.py:565)
[2022-08-30 11:00:42] [    INFO] 查找元素：('xpath', "//li/span[normalize-space(text())='量产阶段']") (basics.py:106)
[2022-08-30 11:00:43] [    INFO] 点击元素：('xpath', "//li/span[normalize-space(text())='量产阶段']")None (basics.py:565)
[2022-08-30 11:00:44] [    INFO] 查找元素：('xpath', "//label[contains(text(),'市场')]/..//input") (basics.py:106)
[2022-08-30 11:00:45] [    INFO] 点击元素：('xpath', "//label[contains(text(),'市场')]/..//input")None (basics.py:565)
[2022-08-30 11:00:45] [    INFO] 查找元素：('xpath', "//li/span[normalize-space(text())='孟加拉']") (basics.py:106)
[2022-08-30 11:00:45] [    INFO] 点击元素：('xpath', "//li/span[normalize-space(text())='孟加拉']")None (basics.py:565)
[2022-08-30 11:00:46] [    INFO] 查找元素：('xpath', "//button//span[contains(text(),'新增Bom')]") (basics.py:106)
[2022-08-30 11:00:47] [    INFO] 点击元素：('xpath', "//button//span[contains(text(),'新增Bom')]")None (basics.py:565)
[2022-08-30 11:00:47] [    INFO] 查找元素：('xpath', "//span[@title='产成品']/../../../..//span[contains(text(),'编辑')]") (basics.py:106)
[2022-08-30 11:00:48] [    INFO] 点击元素：('xpath', "//span[@title='产成品']/../../../..//span[contains(text(),'编辑')]")None (basics.py:565)
[2022-08-30 11:00:49] [    INFO] 查找元素：('xpath', "//span[@title='产成品']/../../../../td[2]//input") (basics.py:106)
[2022-08-30 11:00:49] [    INFO] 点击元素：('xpath', "//span[@title='产成品']/../../../../td[2]//input")None (basics.py:565)
[2022-08-30 11:00:49] [    INFO] 查找元素：('xpath', "//li//span[contains(text(),'国内生产BOM')]") (basics.py:106)
[2022-08-30 11:00:50] [    INFO] 点击元素：('xpath', "//li//span[contains(text(),'国内生产BOM')]")None (basics.py:565)
[2022-08-30 11:00:51] [    INFO] 查找元素：('xpath', "//span[@title='产成品']/../../../../td[3]//input") (basics.py:106)
[2022-08-30 11:00:51] [    INFO] 点击元素：('xpath', "//span[@title='产成品']/../../../../td[3]//input")None (basics.py:565)
[2022-08-30 11:00:51] [    INFO] 查找元素：('xpath', "//li/span[normalize-space(text())='量产']") (basics.py:106)
[2022-08-30 11:00:52] [    INFO] 点击元素：('xpath', "//li/span[normalize-space(text())='量产']")None (basics.py:565)
[2022-08-30 11:00:53] [    INFO] 查找元素：('xpath', "//span[@title='产成品']/../../../../td[6]//input") (basics.py:106)
[2022-08-30 11:00:54] [    INFO] 点击元素：('xpath', "//span[@title='产成品']/../../../../td[6]//input")None (basics.py:565)
[2022-08-30 11:00:54] [    INFO] 查找元素：('xpath', "//span[@title='产成品']/../../../../td[6]//input") (basics.py:106)
[2022-08-30 11:00:54] [    INFO] 输入文本：12000001 (basics.py:137)
[2022-08-30 11:00:54] [    INFO] 查找元素：('xpath', "//li[contains(text(),'12000001')]") (basics.py:106)
[2022-08-30 11:00:56] [    INFO] 点击元素：('xpath', "//li[contains(text(),'12000001')]")None (basics.py:565)
[2022-08-30 11:00:57] [    INFO] 查找元素：('xpath', "//span[@title='产成品']/../../../../td[9]//input") (basics.py:106)
[2022-08-30 11:00:57] [    INFO] 点击元素：('xpath', "//span[@title='产成品']/../../../../td[9]//input")None (basics.py:565)
[2022-08-30 11:00:58] [    INFO] 查找元素：('xpath', "//span[@title='产成品']/../../../../td[9]//input") (basics.py:106)
[2022-08-30 11:00:58] [    INFO] 输入文本：1000 (basics.py:137)
[2022-08-30 11:00:58] [    INFO] 查找元素：('xpath', "//span[@title='产成品']/../../../..//span[contains(text(),'确定')]") (basics.py:106)
[2022-08-30 11:00:58] [    INFO] 点击元素：('xpath', "//span[@title='产成品']/../../../..//span[contains(text(),'确定')]")None (basics.py:565)
[2022-08-30 11:01:00] [    INFO] 查找元素：('xpath', "//label[contains(text(),'MPM')]/..//input") (basics.py:106)
[2022-08-30 11:01:00] [    INFO] 点击元素：('xpath', "//label[contains(text(),'MPM')]/..//input")None (basics.py:565)
[2022-08-30 11:01:00] [    INFO] 查找元素：('xpath', "//div[@class='user-find']//input") (basics.py:106)
[2022-08-30 11:01:01] [    INFO] 点击元素：('xpath', "//div[@class='user-find']//input")None (basics.py:565)
[2022-08-30 11:01:01] [    INFO] 查找元素：('xpath', "//div[@class='user-find']//input") (basics.py:106)
[2022-08-30 11:01:01] [    INFO] 输入文本：李小素 (basics.py:137)
[2022-08-30 11:01:01] [    INFO] 查找元素：('xpath', "//div[@class='user-list']/div[3]//div[normalize-space(text())='18645960']") (basics.py:106)
[2022-08-30 11:01:03] [    INFO] 点击元素：('xpath', "//div[@class='user-list']/div[3]//div[normalize-space(text())='18645960']")None (basics.py:565)
[2022-08-30 11:01:03] [    INFO] 查找元素：('xpath', "//div[@class='user-list']/../../../..//button//span[contains(text(),'确 定')]") (basics.py:106)
[2022-08-30 11:01:04] [    INFO] 点击元素：('xpath', "//div[@class='user-list']/../../../..//button//span[contains(text(),'确 定')]")None (basics.py:565)
[2022-08-30 11:01:05] [    INFO] 查找元素：('xpath', "//label[contains(text(),'采购部')]/..//input") (basics.py:106)
[2022-08-30 11:01:05] [    INFO] 点击元素：('xpath', "//label[contains(text(),'采购部')]/..//input")None (basics.py:565)
[2022-08-30 11:01:05] [    INFO] 查找元素：('xpath', "//div[@class='user-find']//input") (basics.py:106)
[2022-08-30 11:01:06] [    INFO] 点击元素：('xpath', "//div[@class='user-find']//input")None (basics.py:565)
[2022-08-30 11:01:06] [    INFO] 查找元素：('xpath', "//div[@class='user-find']//input") (basics.py:106)
[2022-08-30 11:01:06] [    INFO] 输入文本：李小素 (basics.py:137)
[2022-08-30 11:01:06] [    INFO] 查找元素：('xpath', "//div[@class='user-list']/div[3]//div[normalize-space(text())='18645960']") (basics.py:106)
[2022-08-30 11:01:08] [    INFO] 点击元素：('xpath', "//div[@class='user-list']/div[3]//div[normalize-space(text())='18645960']")None (basics.py:565)
[2022-08-30 11:01:08] [    INFO] 查找元素：('xpath', "//div[@class='user-list']/../../../..//button//span[contains(text(),'确 定')]") (basics.py:106)
[2022-08-30 11:01:09] [    INFO] 点击元素：('xpath', "//div[@class='user-list']/../../../..//button//span[contains(text(),'确 定')]")None (basics.py:565)
[2022-08-30 11:01:10] [    INFO] 查找元素：('xpath', "//button//span[contains(text(),'提交')]") (basics.py:106)
[2022-08-30 11:01:10] [    INFO] 点击元素：('xpath', "//button//span[contains(text(),'提交')]")None (basics.py:565)
[2022-08-30 11:01:11] [   ERROR] 正在截图... (basics.py:449)
[2022-08-30 11:01:11] [   ERROR] 日志正在附加截图... (basics.py:456)
[2022-08-30 11:01:11] [   ERROR] 日志附加截图成功 (basics.py:460)
[2022-08-30 11:01:12] [    INFO] 断言成功：页面存在该标识 | 当前页面关键字: 创建流程成功 (assert_ui.py:155)
[2022-08-30 11:01:12] [    INFO] 查找元素：('xpath', "//button//span[contains(text(),'查询')]") (basics.py:106)
[2022-08-30 11:01:13] [    INFO] 点击元素：('xpath', "//button//span[contains(text(),'查询')]")None (basics.py:565)
[2022-08-30 11:01:13] [    INFO] 查找元素：('xpath', "//div[contains(text(),'C6769')]/../..//td[2]") (basics.py:106)
[2022-08-30 11:01:13] [    INFO] 获取文本：ZBOM20220830030110737533 (basics.py:319)
[2022-08-30 11:01:13] [    INFO] 查找元素：['xpath', "//span[@class='meta-title' and contains(text(),'待办列表')]"] (basics.py:102)
[2022-08-30 11:01:14] [    INFO] 点击元素：('xpath', "//span[@class='meta-title' and contains(text(),'待办列表')]")待办列表 (basics.py:565)
[2022-08-30 11:01:14] [    INFO] 点击待办列表：待办列表 (BOM.py:127)
[2022-08-30 11:01:14] [    INFO] 查找元素：['xpath', "//div[@class='menu-wrapper nest-menu']//span[contains(text(),'我申请的')]"] (basics.py:102)
[2022-08-30 11:01:15] [    INFO] 点击元素：('xpath', "//div[@class='menu-wrapper nest-menu']//span[contains(text(),'我申请的')]")我申请的 (basics.py:565)
[2022-08-30 11:01:15] [    INFO] 点击我申请的：我申请的 (BOM.py:129)
[2022-08-30 11:01:20] [    INFO] 刷新页面 (basics.py:337)
[2022-08-30 11:01:20] [    INFO] 查找元素：('xpath', '//iframe') (basics.py:106)
[2022-08-30 11:01:20] [    INFO] 查找元素：['xpath', "//div[contains(text(),'ZBOM20220830030110737533') and @class='row-code']/../../../..//span[text()='查看详情']"] (basics.py:102)
[2022-08-30 11:01:22] [    INFO] 点击元素：('xpath', "//div[contains(text(),'variable') and @class='row-code']/../../../..//span[text()='查看详情']")ZBOM20220830030110737533 (basics.py:565)
[2022-08-30 11:01:22] [    INFO] 查找元素：('xpath', '//iframe') (basics.py:106)
[2022-08-30 11:01:25] [    INFO] 查找元素：('xpath', "//button//span[text()='撤回']") (basics.py:106)
[2022-08-30 11:01:55] [    INFO] 查找元素：('xpath', "//button//span[text()='撤回']") (basics.py:106)
[2022-08-30 11:11:52] [    INFO] 【TBM】项目【test】环境- UI自动化开始执行 (conftest.py:17)
[2022-08-30 11:11:52] [    INFO] 前置条件：传音统一登录开始 (conftest.py:21)
[2022-08-30 11:11:55] [    INFO] 打开网页：http://bom-sit.transsion.com/#/process/home-page (basics.py:63)
[2022-08-30 11:11:55] [    INFO] 查找元素：('xpath', "//div[@role='button']") (basics.py:106)
[2022-08-30 11:11:55] [    INFO] 点击元素：('xpath', "//div[@role='button']") (basics.py:206)
[2022-08-30 11:12:00] [    INFO] 查找元素：['xpath', "//*[contains(@id,'dropdown-menu-')]//li[1]"] (basics.py:106)
[2022-08-30 11:12:01] [    INFO] 查找元素：('xpath', "//div[@role='button']") (basics.py:106)
[2022-08-30 11:12:01] [    INFO] 点击元素：('xpath', "//div[@role='button']") (basics.py:206)
[2022-08-30 11:12:01] [    INFO] 查找元素：('id', 'tab-account') (basics.py:106)
[2022-08-30 11:12:01] [    INFO] 点击元素：('id', 'tab-account') (basics.py:206)
[2022-08-30 11:12:02] [    INFO] 查找元素：('xpath', "//*[@id='pane-account']/form/div[1]/div/div[1]/input") (basics.py:106)
[2022-08-30 11:12:03] [    INFO] 输入文本：18645960 (basics.py:137)
[2022-08-30 11:12:04] [    INFO] 查找元素：('xpath', "//*[@id='pane-account']/form/div[2]/div/div[1]/input") (basics.py:106)
[2022-08-30 11:12:04] [    INFO] 输入文本：xLily6x (basics.py:137)
[2022-08-30 11:12:05] [    INFO] 查找元素：('xpath', "//span[text()='我已阅读并接受']/../label/span/span") (basics.py:106)
[2022-08-30 11:12:05] [    INFO] 获取状态：False (basics.py:330)
[2022-08-30 11:12:05] [    INFO] 查找元素：('xpath', "//span[text()='我已阅读并接受']/../label/span/span") (basics.py:106)
[2022-08-30 11:12:05] [    INFO] 点击元素：('xpath', "//span[text()='我已阅读并接受']/../label/span/span") (basics.py:206)
[2022-08-30 11:12:06] [    INFO] 查找元素：('xpath', "//*[@id='pane-account']/form/button") (basics.py:106)
[2022-08-30 11:12:06] [    INFO] 点击元素：('xpath', "//*[@id='pane-account']/form/button") (basics.py:206)
[2022-08-30 11:12:12] [   ERROR] 正在截图... (basics.py:449)
[2022-08-30 11:12:13] [   ERROR] 日志正在附加截图... (basics.py:456)
[2022-08-30 11:12:13] [   ERROR] 日志附加截图成功 (basics.py:460)
[2022-08-30 11:12:13] [    INFO] 断言成功：页面存在该标识首页 | 关键字:首页 (assert_ui.py:167)
[2022-08-30 11:12:13] [    INFO] 前置条件：传音统一登录成功 (conftest.py:25)
[2022-08-30 11:12:13] [    INFO] 查找元素：['xpath', "//span[@class='meta-title' and contains(text(),'BOM协作')]"] (basics.py:102)
[2022-08-30 11:12:13] [    INFO] 点击元素：('xpath', "//span[@class='meta-title' and contains(text(),'BOM协作')]")BOM协作 (basics.py:565)
[2022-08-30 11:12:13] [    INFO] 点击一级菜单：BOM协作 (BOM.py:18)
[2022-08-30 11:12:13] [    INFO] 查找元素：['xpath', "//div[@class='menu-wrapper nest-menu']//span[contains(text(),'整机BOM协作')]"] (basics.py:102)
[2022-08-30 11:12:14] [    INFO] 点击元素：('xpath', "//div[@class='menu-wrapper nest-menu']//span[contains(text(),'整机BOM协作')]")整机BOM协作 (basics.py:565)
[2022-08-30 11:12:14] [    INFO] 点击二级菜单：整机BOM协作 (BOM.py:20)
[2022-08-30 11:12:15] [    INFO] 刷新页面 (basics.py:337)
[2022-08-30 11:12:15] [    INFO] 查找元素：('xpath', "//button//span[contains(text(),'新增')]") (basics.py:106)
[2022-08-30 11:12:16] [    INFO] 点击元素：('xpath', "//button//span[contains(text(),'新增')]")None (basics.py:565)
[2022-08-30 11:12:18] [    INFO] 查找元素：('xpath', "//label[contains(text(),'制作类型')]/..//input") (basics.py:106)
[2022-08-30 11:12:19] [    INFO] 点击元素：('xpath', "//label[contains(text(),'制作类型')]/..//input")None (basics.py:565)
[2022-08-30 11:12:19] [    INFO] 查找元素：('xpath', "//li/span[contains(text(), '生产BOM')]") (basics.py:106)
[2022-08-30 11:12:19] [    INFO] 点击元素：('xpath', "//li/span[contains(text(), '生产BOM')]")None (basics.py:565)
[2022-08-30 11:12:20] [    INFO] 查找元素：('xpath', "//label[contains(text(),'品牌')]/..//input") (basics.py:106)
[2022-08-30 11:12:21] [    INFO] 点击元素：('xpath', "//label[contains(text(),'品牌')]/..//input")None (basics.py:565)
[2022-08-30 11:12:21] [    INFO] 查找元素：('xpath', "//li/span[normalize-space(text())='itel']") (basics.py:106)
[2022-08-30 11:12:21] [    INFO] 点击元素：('xpath', "//li/span[normalize-space(text())='itel']")None (basics.py:565)
[2022-08-30 11:12:22] [    INFO] 查找元素：('xpath', "//label[contains(text(),'机型')]/..//input") (basics.py:106)
[2022-08-30 11:12:23] [    INFO] 点击元素：('xpath', "//label[contains(text(),'机型')]/..//input")None (basics.py:565)
[2022-08-30 11:12:24] [    INFO] 查找元素：('xpath', "//label[contains(text(),'机型')]/..//input") (basics.py:106)
[2022-08-30 11:12:24] [    INFO] 输入文本：C6769 (basics.py:137)
[2022-08-30 11:12:24] [    INFO] 查找元素：('xpath', "//li[normalize-space(text())='(C6769)C6769']") (basics.py:106)
[2022-08-30 11:12:25] [    INFO] 点击元素：('xpath', "//li[normalize-space(text())='(C6769)C6769']")None (basics.py:565)
[2022-08-30 11:12:26] [    INFO] 查找元素：('xpath', "//label[contains(text(),'阶段')]/..//input") (basics.py:106)
[2022-08-30 11:12:27] [    INFO] 点击元素：('xpath', "//label[contains(text(),'阶段')]/..//input")None (basics.py:565)
[2022-08-30 11:12:27] [    INFO] 查找元素：('xpath', "//li/span[normalize-space(text())='量产阶段']") (basics.py:106)
[2022-08-30 11:12:27] [    INFO] 点击元素：('xpath', "//li/span[normalize-space(text())='量产阶段']")None (basics.py:565)
[2022-08-30 11:12:28] [    INFO] 查找元素：('xpath', "//label[contains(text(),'市场')]/..//input") (basics.py:106)
[2022-08-30 11:12:29] [    INFO] 点击元素：('xpath', "//label[contains(text(),'市场')]/..//input")None (basics.py:565)
[2022-08-30 11:12:29] [    INFO] 查找元素：('xpath', "//li/span[normalize-space(text())='孟加拉']") (basics.py:106)
[2022-08-30 11:12:29] [    INFO] 点击元素：('xpath', "//li/span[normalize-space(text())='孟加拉']")None (basics.py:565)
[2022-08-30 11:12:30] [    INFO] 查找元素：('xpath', "//button//span[contains(text(),'新增Bom')]") (basics.py:106)
[2022-08-30 11:12:31] [    INFO] 点击元素：('xpath', "//button//span[contains(text(),'新增Bom')]")None (basics.py:565)
[2022-08-30 11:12:31] [    INFO] 查找元素：('xpath', "//span[@title='产成品']/../../../..//span[contains(text(),'编辑')]") (basics.py:106)
[2022-08-30 11:12:32] [    INFO] 点击元素：('xpath', "//span[@title='产成品']/../../../..//span[contains(text(),'编辑')]")None (basics.py:565)
[2022-08-30 11:12:33] [    INFO] 查找元素：('xpath', "//span[@title='产成品']/../../../../td[2]//input") (basics.py:106)
[2022-08-30 11:12:33] [    INFO] 点击元素：('xpath', "//span[@title='产成品']/../../../../td[2]//input")None (basics.py:565)
[2022-08-30 11:12:33] [    INFO] 查找元素：('xpath', "//li//span[contains(text(),'国内生产BOM')]") (basics.py:106)
[2022-08-30 11:12:34] [    INFO] 点击元素：('xpath', "//li//span[contains(text(),'国内生产BOM')]")None (basics.py:565)
[2022-08-30 11:12:35] [    INFO] 查找元素：('xpath', "//span[@title='产成品']/../../../../td[3]//input") (basics.py:106)
[2022-08-30 11:12:36] [    INFO] 点击元素：('xpath', "//span[@title='产成品']/../../../../td[3]//input")None (basics.py:565)
[2022-08-30 11:12:36] [    INFO] 查找元素：('xpath', "//li/span[normalize-space(text())='量产']") (basics.py:106)
[2022-08-30 11:12:36] [    INFO] 点击元素：('xpath', "//li/span[normalize-space(text())='量产']")None (basics.py:565)
[2022-08-30 11:12:37] [    INFO] 查找元素：('xpath', "//span[@title='产成品']/../../../../td[6]//input") (basics.py:106)
[2022-08-30 11:12:38] [    INFO] 点击元素：('xpath', "//span[@title='产成品']/../../../../td[6]//input")None (basics.py:565)
[2022-08-30 11:12:38] [    INFO] 查找元素：('xpath', "//span[@title='产成品']/../../../../td[6]//input") (basics.py:106)
[2022-08-30 11:12:38] [    INFO] 输入文本：12000001 (basics.py:137)
[2022-08-30 11:12:38] [    INFO] 查找元素：('xpath', "//li[contains(text(),'12000001')]") (basics.py:106)
[2022-08-30 11:12:40] [    INFO] 点击元素：('xpath', "//li[contains(text(),'12000001')]")None (basics.py:565)
[2022-08-30 11:12:41] [    INFO] 查找元素：('xpath', "//span[@title='产成品']/../../../../td[9]//input") (basics.py:106)
[2022-08-30 11:12:41] [    INFO] 点击元素：('xpath', "//span[@title='产成品']/../../../../td[9]//input")None (basics.py:565)
[2022-08-30 11:12:42] [    INFO] 查找元素：('xpath', "//span[@title='产成品']/../../../../td[9]//input") (basics.py:106)
[2022-08-30 11:12:42] [    INFO] 输入文本：1000 (basics.py:137)
[2022-08-30 11:12:42] [    INFO] 查找元素：('xpath', "//span[@title='产成品']/../../../..//span[contains(text(),'确定')]") (basics.py:106)
[2022-08-30 11:12:43] [    INFO] 点击元素：('xpath', "//span[@title='产成品']/../../../..//span[contains(text(),'确定')]")None (basics.py:565)
[2022-08-30 11:12:44] [    INFO] 查找元素：('xpath', "//label[contains(text(),'MPM')]/..//input") (basics.py:106)
[2022-08-30 11:12:44] [    INFO] 点击元素：('xpath', "//label[contains(text(),'MPM')]/..//input")None (basics.py:565)
[2022-08-30 11:12:44] [    INFO] 查找元素：('xpath', "//div[@class='user-find']//input") (basics.py:106)
[2022-08-30 11:12:45] [    INFO] 点击元素：('xpath', "//div[@class='user-find']//input")None (basics.py:565)
[2022-08-30 11:12:45] [    INFO] 查找元素：('xpath', "//div[@class='user-find']//input") (basics.py:106)
[2022-08-30 11:12:45] [    INFO] 输入文本：李小素 (basics.py:137)
[2022-08-30 11:12:45] [    INFO] 查找元素：('xpath', "//div[@class='user-list']/div[3]//div[normalize-space(text())='18645960']") (basics.py:106)
[2022-08-30 11:12:47] [    INFO] 点击元素：('xpath', "//div[@class='user-list']/div[3]//div[normalize-space(text())='18645960']")None (basics.py:565)
[2022-08-30 11:12:47] [    INFO] 查找元素：('xpath', "//div[@class='user-list']/../../../..//button//span[contains(text(),'确 定')]") (basics.py:106)
[2022-08-30 11:12:48] [    INFO] 点击元素：('xpath', "//div[@class='user-list']/../../../..//button//span[contains(text(),'确 定')]")None (basics.py:565)
[2022-08-30 11:12:49] [    INFO] 查找元素：('xpath', "//label[contains(text(),'采购部')]/..//input") (basics.py:106)
[2022-08-30 11:12:49] [    INFO] 点击元素：('xpath', "//label[contains(text(),'采购部')]/..//input")None (basics.py:565)
[2022-08-30 11:12:49] [    INFO] 查找元素：('xpath', "//div[@class='user-find']//input") (basics.py:106)
[2022-08-30 11:12:50] [    INFO] 点击元素：('xpath', "//div[@class='user-find']//input")None (basics.py:565)
[2022-08-30 11:12:50] [    INFO] 查找元素：('xpath', "//div[@class='user-find']//input") (basics.py:106)
[2022-08-30 11:12:50] [    INFO] 输入文本：李小素 (basics.py:137)
[2022-08-30 11:12:50] [    INFO] 查找元素：('xpath', "//div[@class='user-list']/div[3]//div[normalize-space(text())='18645960']") (basics.py:106)
[2022-08-30 11:12:52] [    INFO] 点击元素：('xpath', "//div[@class='user-list']/div[3]//div[normalize-space(text())='18645960']")None (basics.py:565)
[2022-08-30 11:12:52] [    INFO] 查找元素：('xpath', "//div[@class='user-list']/../../../..//button//span[contains(text(),'确 定')]") (basics.py:106)
[2022-08-30 11:12:53] [    INFO] 点击元素：('xpath', "//div[@class='user-list']/../../../..//button//span[contains(text(),'确 定')]")None (basics.py:565)
[2022-08-30 11:12:54] [    INFO] 查找元素：('xpath', "//button//span[contains(text(),'提交')]") (basics.py:106)
[2022-08-30 11:12:54] [    INFO] 点击元素：('xpath', "//button//span[contains(text(),'提交')]")None (basics.py:565)
[2022-08-30 11:12:55] [   ERROR] 正在截图... (basics.py:449)
[2022-08-30 11:12:55] [   ERROR] 日志正在附加截图... (basics.py:456)
[2022-08-30 11:12:55] [   ERROR] 日志附加截图成功 (basics.py:460)
[2022-08-30 11:12:56] [    INFO] 断言成功：页面存在该标识 | 当前页面关键字: 创建流程成功 (assert_ui.py:155)
[2022-08-30 11:12:56] [    INFO] 查找元素：('xpath', "//button//span[contains(text(),'查询')]") (basics.py:106)
[2022-08-30 11:12:57] [    INFO] 点击元素：('xpath', "//button//span[contains(text(),'查询')]")None (basics.py:565)
[2022-08-30 11:12:57] [    INFO] 查找元素：('xpath', "//div[contains(text(),'C6769')]/../..//td[2]") (basics.py:106)
[2022-08-30 11:12:57] [    INFO] 获取文本：ZBOM20220830031254599126 (basics.py:319)
[2022-08-30 11:12:57] [    INFO] 查找元素：['xpath', "//span[@class='meta-title' and contains(text(),'待办列表')]"] (basics.py:102)
[2022-08-30 11:12:58] [    INFO] 点击元素：('xpath', "//span[@class='meta-title' and contains(text(),'待办列表')]")待办列表 (basics.py:565)
[2022-08-30 11:12:58] [    INFO] 点击待办列表：待办列表 (BOM.py:127)
[2022-08-30 11:12:58] [    INFO] 查找元素：['xpath', "//div[@class='menu-wrapper nest-menu']//span[contains(text(),'我申请的')]"] (basics.py:102)
[2022-08-30 11:12:58] [    INFO] 点击元素：('xpath', "//div[@class='menu-wrapper nest-menu']//span[contains(text(),'我申请的')]")我申请的 (basics.py:565)
[2022-08-30 11:12:58] [    INFO] 点击我申请的：我申请的 (BOM.py:129)
[2022-08-30 11:13:03] [    INFO] 刷新页面 (basics.py:337)
[2022-08-30 11:13:03] [    INFO] 查找元素：('xpath', '//iframe') (basics.py:106)
[2022-08-30 11:13:03] [    INFO] 查找元素：['xpath', "//div[contains(text(),'ZBOM20220830031254599126') and @class='row-code']/../../../..//span[text()='查看详情']"] (basics.py:102)
[2022-08-30 11:13:06] [    INFO] 点击元素：('xpath', "//div[contains(text(),'variable') and @class='row-code']/../../../..//span[text()='查看详情']")ZBOM20220830031254599126 (basics.py:565)
[2022-08-30 11:13:08] [    INFO] 查找元素：('xpath', '//iframe') (basics.py:106)
[2022-08-30 11:13:10] [    INFO] 查找元素：('xpath', "//button//span[text()='撤回']") (basics.py:106)
[2022-08-30 11:13:27] [    INFO] 查找元素：('xpath', "//button//span[text()='撤回']") (basics.py:106)
[2022-08-30 11:25:04] [    INFO] 【TBM】项目【test】环境- UI自动化开始执行 (conftest.py:17)
[2022-08-30 11:25:04] [    INFO] 前置条件：传音统一登录开始 (conftest.py:21)
[2022-08-30 11:25:07] [    INFO] 打开网页：http://bom-sit.transsion.com/#/process/home-page (basics.py:63)
[2022-08-30 11:25:07] [    INFO] 查找元素：('xpath', "//div[@role='button']") (basics.py:106)
[2022-08-30 11:25:07] [    INFO] 点击元素：('xpath', "//div[@role='button']") (basics.py:206)
[2022-08-30 11:25:12] [    INFO] 查找元素：['xpath', "//*[contains(@id,'dropdown-menu-')]//li[1]"] (basics.py:106)
[2022-08-30 11:25:13] [    INFO] 查找元素：('xpath', "//div[@role='button']") (basics.py:106)
[2022-08-30 11:25:13] [    INFO] 点击元素：('xpath', "//div[@role='button']") (basics.py:206)
[2022-08-30 11:25:14] [    INFO] 查找元素：('id', 'tab-account') (basics.py:106)
[2022-08-30 11:25:14] [    INFO] 点击元素：('id', 'tab-account') (basics.py:206)
[2022-08-30 11:25:15] [    INFO] 查找元素：('xpath', "//*[@id='pane-account']/form/div[1]/div/div[1]/input") (basics.py:106)
[2022-08-30 11:25:15] [    INFO] 输入文本：18645960 (basics.py:137)
[2022-08-30 11:25:16] [    INFO] 查找元素：('xpath', "//*[@id='pane-account']/form/div[2]/div/div[1]/input") (basics.py:106)
[2022-08-30 11:25:16] [    INFO] 输入文本：xLily6x (basics.py:137)
[2022-08-30 11:25:17] [    INFO] 查找元素：('xpath', "//span[text()='我已阅读并接受']/../label/span/span") (basics.py:106)
[2022-08-30 11:25:18] [    INFO] 获取状态：False (basics.py:330)
[2022-08-30 11:25:18] [    INFO] 查找元素：('xpath', "//span[text()='我已阅读并接受']/../label/span/span") (basics.py:106)
[2022-08-30 11:25:18] [    INFO] 点击元素：('xpath', "//span[text()='我已阅读并接受']/../label/span/span") (basics.py:206)
[2022-08-30 11:25:18] [    INFO] 查找元素：('xpath', "//*[@id='pane-account']/form/button") (basics.py:106)
[2022-08-30 11:25:18] [    INFO] 点击元素：('xpath', "//*[@id='pane-account']/form/button") (basics.py:206)
[2022-08-30 11:25:25] [   ERROR] 正在截图... (basics.py:449)
[2022-08-30 11:25:25] [   ERROR] 日志正在附加截图... (basics.py:456)
[2022-08-30 11:25:25] [   ERROR] 日志附加截图成功 (basics.py:460)
[2022-08-30 11:25:25] [    INFO] 断言成功：页面存在该标识首页 | 关键字:首页 (assert_ui.py:167)
[2022-08-30 11:25:25] [    INFO] 前置条件：传音统一登录成功 (conftest.py:25)
[2022-08-30 11:25:25] [    INFO] 查找元素：['xpath', "//span[@class='meta-title' and contains(text(),'BOM协作')]"] (basics.py:102)
[2022-08-30 11:25:26] [    INFO] 点击元素：('xpath', "//span[@class='meta-title' and contains(text(),'BOM协作')]")BOM协作 (basics.py:565)
[2022-08-30 11:25:26] [    INFO] 点击一级菜单：BOM协作 (BOM.py:18)
[2022-08-30 11:25:26] [    INFO] 查找元素：['xpath', "//div[@class='menu-wrapper nest-menu']//span[contains(text(),'整机BOM协作')]"] (basics.py:102)
[2022-08-30 11:25:26] [    INFO] 点击元素：('xpath', "//div[@class='menu-wrapper nest-menu']//span[contains(text(),'整机BOM协作')]")整机BOM协作 (basics.py:565)
[2022-08-30 11:25:26] [    INFO] 点击二级菜单：整机BOM协作 (BOM.py:20)
[2022-08-30 11:25:28] [    INFO] 刷新页面 (basics.py:337)
[2022-08-30 11:25:28] [    INFO] 查找元素：('xpath', "//button//span[contains(text(),'新增')]") (basics.py:106)
[2022-08-30 11:25:28] [    INFO] 点击元素：('xpath', "//button//span[contains(text(),'新增')]")None (basics.py:565)
[2022-08-30 11:25:30] [    INFO] 查找元素：('xpath', "//label[contains(text(),'制作类型')]/..//input") (basics.py:106)
[2022-08-30 11:25:31] [    INFO] 点击元素：('xpath', "//label[contains(text(),'制作类型')]/..//input")None (basics.py:565)
[2022-08-30 11:25:31] [    INFO] 查找元素：('xpath', "//li/span[contains(text(), '生产BOM')]") (basics.py:106)
[2022-08-30 11:25:31] [    INFO] 点击元素：('xpath', "//li/span[contains(text(), '生产BOM')]")None (basics.py:565)
[2022-08-30 11:25:32] [    INFO] 查找元素：('xpath', "//label[contains(text(),'品牌')]/..//input") (basics.py:106)
[2022-08-30 11:25:33] [    INFO] 点击元素：('xpath', "//label[contains(text(),'品牌')]/..//input")None (basics.py:565)
[2022-08-30 11:25:33] [    INFO] 查找元素：('xpath', "//li/span[normalize-space(text())='itel']") (basics.py:106)
[2022-08-30 11:25:34] [    INFO] 点击元素：('xpath', "//li/span[normalize-space(text())='itel']")None (basics.py:565)
[2022-08-30 11:25:35] [    INFO] 查找元素：('xpath', "//label[contains(text(),'机型')]/..//input") (basics.py:106)
[2022-08-30 11:25:35] [    INFO] 点击元素：('xpath', "//label[contains(text(),'机型')]/..//input")None (basics.py:565)
[2022-08-30 11:25:36] [    INFO] 查找元素：('xpath', "//label[contains(text(),'机型')]/..//input") (basics.py:106)
[2022-08-30 11:25:36] [    INFO] 输入文本：C6769 (basics.py:137)
[2022-08-30 11:25:36] [    INFO] 查找元素：('xpath', "//li[normalize-space(text())='(C6769)C6769']") (basics.py:106)
[2022-08-30 11:25:37] [    INFO] 点击元素：('xpath', "//li[normalize-space(text())='(C6769)C6769']")None (basics.py:565)
[2022-08-30 11:25:38] [    INFO] 查找元素：('xpath', "//label[contains(text(),'阶段')]/..//input") (basics.py:106)
[2022-08-30 11:25:39] [    INFO] 点击元素：('xpath', "//label[contains(text(),'阶段')]/..//input")None (basics.py:565)
[2022-08-30 11:25:39] [    INFO] 查找元素：('xpath', "//li/span[normalize-space(text())='量产阶段']") (basics.py:106)
[2022-08-30 11:25:39] [    INFO] 点击元素：('xpath', "//li/span[normalize-space(text())='量产阶段']")None (basics.py:565)
[2022-08-30 11:25:40] [    INFO] 查找元素：('xpath', "//label[contains(text(),'市场')]/..//input") (basics.py:106)
[2022-08-30 11:25:41] [    INFO] 点击元素：('xpath', "//label[contains(text(),'市场')]/..//input")None (basics.py:565)
[2022-08-30 11:25:41] [    INFO] 查找元素：('xpath', "//li/span[normalize-space(text())='孟加拉']") (basics.py:106)
[2022-08-30 11:25:42] [    INFO] 点击元素：('xpath', "//li/span[normalize-space(text())='孟加拉']")None (basics.py:565)
[2022-08-30 11:25:43] [    INFO] 查找元素：('xpath', "//button//span[contains(text(),'新增Bom')]") (basics.py:106)
[2022-08-30 11:25:43] [    INFO] 点击元素：('xpath', "//button//span[contains(text(),'新增Bom')]")None (basics.py:565)
[2022-08-30 11:25:43] [    INFO] 查找元素：('xpath', "//span[@title='产成品']/../../../..//span[contains(text(),'编辑')]") (basics.py:106)
[2022-08-30 11:25:44] [    INFO] 点击元素：('xpath', "//span[@title='产成品']/../../../..//span[contains(text(),'编辑')]")None (basics.py:565)
[2022-08-30 11:25:45] [    INFO] 查找元素：('xpath', "//span[@title='产成品']/../../../../td[2]//input") (basics.py:106)
[2022-08-30 11:25:46] [    INFO] 点击元素：('xpath', "//span[@title='产成品']/../../../../td[2]//input")None (basics.py:565)
[2022-08-30 11:25:46] [    INFO] 查找元素：('xpath', "//li//span[contains(text(),'国内生产BOM')]") (basics.py:106)
[2022-08-30 11:25:46] [    INFO] 点击元素：('xpath', "//li//span[contains(text(),'国内生产BOM')]")None (basics.py:565)
[2022-08-30 11:25:47] [    INFO] 查找元素：('xpath', "//span[@title='产成品']/../../../../td[3]//input") (basics.py:106)
[2022-08-30 11:25:48] [    INFO] 点击元素：('xpath', "//span[@title='产成品']/../../../../td[3]//input")None (basics.py:565)
[2022-08-30 11:25:48] [    INFO] 查找元素：('xpath', "//li/span[normalize-space(text())='量产']") (basics.py:106)
[2022-08-30 11:25:49] [    INFO] 点击元素：('xpath', "//li/span[normalize-space(text())='量产']")None (basics.py:565)
[2022-08-30 11:25:50] [    INFO] 查找元素：('xpath', "//span[@title='产成品']/../../../../td[6]//input") (basics.py:106)
[2022-08-30 11:25:50] [    INFO] 点击元素：('xpath', "//span[@title='产成品']/../../../../td[6]//input")None (basics.py:565)
[2022-08-30 11:25:51] [    INFO] 查找元素：('xpath', "//span[@title='产成品']/../../../../td[6]//input") (basics.py:106)
[2022-08-30 11:25:51] [    INFO] 输入文本：12000001 (basics.py:137)
[2022-08-30 11:25:51] [    INFO] 查找元素：('xpath', "//li[contains(text(),'12000001')]") (basics.py:106)
[2022-08-30 11:25:52] [    INFO] 点击元素：('xpath', "//li[contains(text(),'12000001')]")None (basics.py:565)
[2022-08-30 11:25:53] [    INFO] 查找元素：('xpath', "//span[@title='产成品']/../../../../td[9]//input") (basics.py:106)
[2022-08-30 11:25:54] [    INFO] 点击元素：('xpath', "//span[@title='产成品']/../../../../td[9]//input")None (basics.py:565)
[2022-08-30 11:25:54] [    INFO] 查找元素：('xpath', "//span[@title='产成品']/../../../../td[9]//input") (basics.py:106)
[2022-08-30 11:25:55] [    INFO] 输入文本：1000 (basics.py:137)
[2022-08-30 11:25:55] [    INFO] 查找元素：('xpath', "//span[@title='产成品']/../../../..//span[contains(text(),'确定')]") (basics.py:106)
[2022-08-30 11:25:56] [    INFO] 点击元素：('xpath', "//span[@title='产成品']/../../../..//span[contains(text(),'确定')]")None (basics.py:565)
[2022-08-30 11:25:57] [    INFO] 查找元素：('xpath', "//label[contains(text(),'MPM')]/..//input") (basics.py:106)
[2022-08-30 11:25:58] [    INFO] 点击元素：('xpath', "//label[contains(text(),'MPM')]/..//input")None (basics.py:565)
[2022-08-30 11:25:58] [    INFO] 查找元素：('xpath', "//div[@class='user-find']//input") (basics.py:106)
[2022-08-30 11:25:59] [    INFO] 点击元素：('xpath', "//div[@class='user-find']//input")None (basics.py:565)
[2022-08-30 11:25:59] [    INFO] 查找元素：('xpath', "//div[@class='user-find']//input") (basics.py:106)
[2022-08-30 11:25:59] [    INFO] 输入文本：李小素 (basics.py:137)
[2022-08-30 11:25:59] [    INFO] 查找元素：('xpath', "//div[@class='user-list']/div[3]//div[normalize-space(text())='18645960']") (basics.py:106)
[2022-08-30 11:26:01] [    INFO] 点击元素：('xpath', "//div[@class='user-list']/div[3]//div[normalize-space(text())='18645960']")None (basics.py:565)
[2022-08-30 11:26:01] [    INFO] 查找元素：('xpath', "//div[@class='user-list']/../../../..//button//span[contains(text(),'确 定')]") (basics.py:106)
[2022-08-30 11:26:02] [    INFO] 点击元素：('xpath', "//div[@class='user-list']/../../../..//button//span[contains(text(),'确 定')]")None (basics.py:565)
[2022-08-30 11:26:03] [    INFO] 查找元素：('xpath', "//label[contains(text(),'采购部')]/..//input") (basics.py:106)
[2022-08-30 11:26:03] [    INFO] 点击元素：('xpath', "//label[contains(text(),'采购部')]/..//input")None (basics.py:565)
[2022-08-30 11:26:03] [    INFO] 查找元素：('xpath', "//div[@class='user-find']//input") (basics.py:106)
[2022-08-30 11:26:04] [    INFO] 点击元素：('xpath', "//div[@class='user-find']//input")None (basics.py:565)
[2022-08-30 11:26:04] [    INFO] 查找元素：('xpath', "//div[@class='user-find']//input") (basics.py:106)
[2022-08-30 11:26:05] [    INFO] 输入文本：李小素 (basics.py:137)
[2022-08-30 11:26:05] [    INFO] 查找元素：('xpath', "//div[@class='user-list']/div[3]//div[normalize-space(text())='18645960']") (basics.py:106)
[2022-08-30 11:26:06] [    INFO] 点击元素：('xpath', "//div[@class='user-list']/div[3]//div[normalize-space(text())='18645960']")None (basics.py:565)
[2022-08-30 11:26:06] [    INFO] 查找元素：('xpath', "//div[@class='user-list']/../../../..//button//span[contains(text(),'确 定')]") (basics.py:106)
[2022-08-30 11:26:07] [    INFO] 点击元素：('xpath', "//div[@class='user-list']/../../../..//button//span[contains(text(),'确 定')]")None (basics.py:565)
[2022-08-30 11:26:08] [    INFO] 查找元素：('xpath', "//button//span[contains(text(),'提交')]") (basics.py:106)
[2022-08-30 11:26:08] [    INFO] 点击元素：('xpath', "//button//span[contains(text(),'提交')]")None (basics.py:565)
[2022-08-30 11:26:09] [   ERROR] 正在截图... (basics.py:449)
[2022-08-30 11:26:10] [   ERROR] 日志正在附加截图... (basics.py:456)
[2022-08-30 11:26:10] [   ERROR] 日志附加截图成功 (basics.py:460)
[2022-08-30 11:26:10] [    INFO] 断言成功：页面存在该标识 | 当前页面关键字: 创建流程成功 (assert_ui.py:155)
[2022-08-30 11:26:10] [    INFO] 查找元素：('xpath', "//button//span[contains(text(),'查询')]") (basics.py:106)
[2022-08-30 11:26:10] [    INFO] 点击元素：('xpath', "//button//span[contains(text(),'查询')]")None (basics.py:565)
[2022-08-30 11:26:10] [    INFO] 查找元素：('xpath', "//div[contains(text(),'C6769')]/../..//td[2]") (basics.py:106)
[2022-08-30 11:26:10] [    INFO] 获取文本：ZBOM20220830032608713707 (basics.py:319)
[2022-08-30 11:26:10] [    INFO] 查找元素：['xpath', "//span[@class='meta-title' and contains(text(),'待办列表')]"] (basics.py:102)
[2022-08-30 11:26:11] [    INFO] 点击元素：('xpath', "//span[@class='meta-title' and contains(text(),'待办列表')]")待办列表 (basics.py:565)
[2022-08-30 11:26:11] [    INFO] 点击待办列表：待办列表 (BOM.py:127)
[2022-08-30 11:26:11] [    INFO] 查找元素：['xpath', "//div[@class='menu-wrapper nest-menu']//span[contains(text(),'我申请的')]"] (basics.py:102)
[2022-08-30 11:26:12] [    INFO] 点击元素：('xpath', "//div[@class='menu-wrapper nest-menu']//span[contains(text(),'我申请的')]")我申请的 (basics.py:565)
[2022-08-30 11:26:12] [    INFO] 点击我申请的：我申请的 (BOM.py:129)
[2022-08-30 11:26:16] [    INFO] 刷新页面 (basics.py:337)
[2022-08-30 11:26:16] [    INFO] 查找元素：('xpath', '//iframe') (basics.py:106)
[2022-08-30 11:26:16] [    INFO] 查找元素：['xpath', "//div[contains(text(),'ZBOM20220830032608713707') and @class='row-code']/../../../..//span[text()='查看详情']"] (basics.py:102)
[2022-08-30 11:26:19] [    INFO] 点击元素：('xpath', "//div[contains(text(),'variable') and @class='row-code']/../../../..//span[text()='查看详情']")ZBOM20220830032608713707 (basics.py:565)
[2022-08-30 11:26:19] [    INFO] 查找元素：('xpath', '//iframe') (basics.py:106)
[2022-08-30 11:26:21] [    INFO] 查找元素：('xpath', "//button//span[text()='撤回']") (basics.py:106)
[2022-08-30 11:26:52] [    INFO] 查找元素：('xpath', "//button//span[text()='撤回']") (basics.py:106)
[2022-08-30 11:29:00] [    INFO] 【TBM】项目【test】环境- UI自动化开始执行 (conftest.py:17)
[2022-08-30 11:29:00] [    INFO] 前置条件：传音统一登录开始 (conftest.py:21)
[2022-08-30 11:29:03] [    INFO] 打开网页：http://bom-sit.transsion.com/#/process/home-page (basics.py:63)
[2022-08-30 11:29:03] [    INFO] 查找元素：('xpath', "//div[@role='button']") (basics.py:106)
[2022-08-30 11:29:03] [    INFO] 点击元素：('xpath', "//div[@role='button']") (basics.py:206)
[2022-08-30 11:29:07] [    INFO] 查找元素：['xpath', "//*[contains(@id,'dropdown-menu-')]//li[1]"] (basics.py:106)
[2022-08-30 11:29:08] [    INFO] 查找元素：('xpath', "//div[@role='button']") (basics.py:106)
[2022-08-30 11:29:08] [    INFO] 点击元素：('xpath', "//div[@role='button']") (basics.py:206)
[2022-08-30 11:29:09] [    INFO] 查找元素：('id', 'tab-account') (basics.py:106)
[2022-08-30 11:29:09] [    INFO] 点击元素：('id', 'tab-account') (basics.py:206)
[2022-08-30 11:29:10] [    INFO] 查找元素：('xpath', "//*[@id='pane-account']/form/div[1]/div/div[1]/input") (basics.py:106)
[2022-08-30 11:29:10] [    INFO] 输入文本：18645960 (basics.py:137)
[2022-08-30 11:29:12] [    INFO] 查找元素：('xpath', "//*[@id='pane-account']/form/div[2]/div/div[1]/input") (basics.py:106)
[2022-08-30 11:29:12] [    INFO] 输入文本：xLily6x (basics.py:137)
[2022-08-30 11:29:13] [    INFO] 查找元素：('xpath', "//span[text()='我已阅读并接受']/../label/span/span") (basics.py:106)
[2022-08-30 11:29:13] [    INFO] 获取状态：False (basics.py:330)
[2022-08-30 11:29:13] [    INFO] 查找元素：('xpath', "//span[text()='我已阅读并接受']/../label/span/span") (basics.py:106)
[2022-08-30 11:29:13] [    INFO] 点击元素：('xpath', "//span[text()='我已阅读并接受']/../label/span/span") (basics.py:206)
[2022-08-30 11:29:13] [    INFO] 查找元素：('xpath', "//*[@id='pane-account']/form/button") (basics.py:106)
[2022-08-30 11:29:14] [    INFO] 点击元素：('xpath', "//*[@id='pane-account']/form/button") (basics.py:206)
[2022-08-30 11:29:20] [   ERROR] 正在截图... (basics.py:449)
[2022-08-30 11:29:20] [   ERROR] 日志正在附加截图... (basics.py:456)
[2022-08-30 11:29:20] [   ERROR] 日志附加截图成功 (basics.py:460)
[2022-08-30 11:29:20] [    INFO] 断言成功：页面存在该标识首页 | 关键字:首页 (assert_ui.py:167)
[2022-08-30 11:29:20] [    INFO] 前置条件：传音统一登录成功 (conftest.py:25)
[2022-08-30 11:29:20] [    INFO] 查找元素：['xpath', "//span[@class='meta-title' and contains(text(),'BOM协作')]"] (basics.py:102)
[2022-08-30 11:29:21] [    INFO] 点击元素：('xpath', "//span[@class='meta-title' and contains(text(),'BOM协作')]")BOM协作 (basics.py:565)
[2022-08-30 11:29:21] [    INFO] 点击一级菜单：BOM协作 (BOM.py:18)
[2022-08-30 11:29:21] [    INFO] 查找元素：['xpath', "//div[@class='menu-wrapper nest-menu']//span[contains(text(),'整机BOM协作')]"] (basics.py:102)
[2022-08-30 11:29:32] [    INFO] 点击元素：('xpath', "//div[@class='menu-wrapper nest-menu']//span[contains(text(),'整机BOM协作')]")整机BOM协作 (basics.py:565)
[2022-08-30 11:29:32] [    INFO] 点击二级菜单：整机BOM协作 (BOM.py:20)
[2022-08-30 11:29:34] [    INFO] 刷新页面 (basics.py:337)
[2022-08-30 11:29:34] [    INFO] 查找元素：('xpath', "//button//span[contains(text(),'新增')]") (basics.py:106)
[2022-08-30 11:29:35] [    INFO] 点击元素：('xpath', "//button//span[contains(text(),'新增')]")None (basics.py:565)
[2022-08-30 11:29:37] [    INFO] 查找元素：('xpath', "//label[contains(text(),'制作类型')]/..//input") (basics.py:106)
[2022-08-30 11:29:37] [    INFO] 点击元素：('xpath', "//label[contains(text(),'制作类型')]/..//input")None (basics.py:565)
[2022-08-30 11:29:37] [    INFO] 查找元素：('xpath', "//li/span[contains(text(), '生产BOM')]") (basics.py:106)
[2022-08-30 11:29:38] [    INFO] 点击元素：('xpath', "//li/span[contains(text(), '生产BOM')]")None (basics.py:565)
[2022-08-30 11:29:39] [    INFO] 查找元素：('xpath', "//label[contains(text(),'品牌')]/..//input") (basics.py:106)
[2022-08-30 11:29:40] [    INFO] 点击元素：('xpath', "//label[contains(text(),'品牌')]/..//input")None (basics.py:565)
[2022-08-30 11:29:40] [    INFO] 查找元素：('xpath', "//li/span[normalize-space(text())='itel']") (basics.py:106)
[2022-08-30 11:29:40] [    INFO] 点击元素：('xpath', "//li/span[normalize-space(text())='itel']")None (basics.py:565)
[2022-08-30 11:29:41] [    INFO] 查找元素：('xpath', "//label[contains(text(),'机型')]/..//input") (basics.py:106)
[2022-08-30 11:29:42] [    INFO] 点击元素：('xpath', "//label[contains(text(),'机型')]/..//input")None (basics.py:565)
[2022-08-30 11:29:42] [    INFO] 查找元素：('xpath', "//label[contains(text(),'机型')]/..//input") (basics.py:106)
[2022-08-30 11:29:42] [    INFO] 输入文本：C6769 (basics.py:137)
[2022-08-30 11:29:42] [    INFO] 查找元素：('xpath', "//li[normalize-space(text())='(C6769)C6769']") (basics.py:106)
[2022-08-30 11:29:44] [    INFO] 点击元素：('xpath', "//li[normalize-space(text())='(C6769)C6769']")None (basics.py:565)
[2022-08-30 11:29:45] [    INFO] 查找元素：('xpath', "//label[contains(text(),'阶段')]/..//input") (basics.py:106)
[2022-08-30 11:29:45] [    INFO] 点击元素：('xpath', "//label[contains(text(),'阶段')]/..//input")None (basics.py:565)
[2022-08-30 11:29:45] [    INFO] 查找元素：('xpath', "//li/span[normalize-space(text())='量产阶段']") (basics.py:106)
[2022-08-30 11:29:46] [    INFO] 点击元素：('xpath', "//li/span[normalize-space(text())='量产阶段']")None (basics.py:565)
[2022-08-30 11:29:47] [    INFO] 查找元素：('xpath', "//label[contains(text(),'市场')]/..//input") (basics.py:106)
[2022-08-30 11:29:47] [    INFO] 点击元素：('xpath', "//label[contains(text(),'市场')]/..//input")None (basics.py:565)
[2022-08-30 11:29:47] [    INFO] 查找元素：('xpath', "//li/span[normalize-space(text())='孟加拉']") (basics.py:106)
[2022-08-30 11:29:48] [    INFO] 点击元素：('xpath', "//li/span[normalize-space(text())='孟加拉']")None (basics.py:565)
[2022-08-30 11:29:49] [    INFO] 查找元素：('xpath', "//button//span[contains(text(),'新增Bom')]") (basics.py:106)
[2022-08-30 11:29:50] [    INFO] 点击元素：('xpath', "//button//span[contains(text(),'新增Bom')]")None (basics.py:565)
[2022-08-30 11:29:50] [    INFO] 查找元素：('xpath', "//span[@title='产成品']/../../../..//span[contains(text(),'编辑')]") (basics.py:106)
[2022-08-30 11:29:50] [    INFO] 点击元素：('xpath', "//span[@title='产成品']/../../../..//span[contains(text(),'编辑')]")None (basics.py:565)
[2022-08-30 11:29:51] [    INFO] 查找元素：('xpath', "//span[@title='产成品']/../../../../td[2]//input") (basics.py:106)
[2022-08-30 11:29:52] [    INFO] 点击元素：('xpath', "//span[@title='产成品']/../../../../td[2]//input")None (basics.py:565)
[2022-08-30 11:29:52] [    INFO] 查找元素：('xpath', "//li//span[contains(text(),'国内生产BOM')]") (basics.py:106)
[2022-08-30 11:29:53] [    INFO] 点击元素：('xpath', "//li//span[contains(text(),'国内生产BOM')]")None (basics.py:565)
[2022-08-30 11:29:54] [    INFO] 查找元素：('xpath', "//span[@title='产成品']/../../../../td[3]//input") (basics.py:106)
[2022-08-30 11:29:54] [    INFO] 点击元素：('xpath', "//span[@title='产成品']/../../../../td[3]//input")None (basics.py:565)
[2022-08-30 11:29:54] [    INFO] 查找元素：('xpath', "//li/span[normalize-space(text())='量产']") (basics.py:106)
[2022-08-30 11:29:55] [    INFO] 点击元素：('xpath', "//li/span[normalize-space(text())='量产']")None (basics.py:565)
[2022-08-30 11:29:56] [    INFO] 查找元素：('xpath', "//span[@title='产成品']/../../../../td[6]//input") (basics.py:106)
[2022-08-30 11:29:57] [    INFO] 点击元素：('xpath', "//span[@title='产成品']/../../../../td[6]//input")None (basics.py:565)
[2022-08-30 11:29:57] [    INFO] 查找元素：('xpath', "//span[@title='产成品']/../../../../td[6]//input") (basics.py:106)
[2022-08-30 11:29:57] [    INFO] 输入文本：12000001 (basics.py:137)
[2022-08-30 11:29:57] [    INFO] 查找元素：('xpath', "//li[contains(text(),'12000001')]") (basics.py:106)
[2022-08-30 11:29:59] [    INFO] 点击元素：('xpath', "//li[contains(text(),'12000001')]")None (basics.py:565)
[2022-08-30 11:30:00] [    INFO] 查找元素：('xpath', "//span[@title='产成品']/../../../../td[9]//input") (basics.py:106)
[2022-08-30 11:30:00] [    INFO] 点击元素：('xpath', "//span[@title='产成品']/../../../../td[9]//input")None (basics.py:565)
[2022-08-30 11:30:01] [    INFO] 查找元素：('xpath', "//span[@title='产成品']/../../../../td[9]//input") (basics.py:106)
[2022-08-30 11:30:01] [    INFO] 输入文本：1000 (basics.py:137)
[2022-08-30 11:30:01] [    INFO] 查找元素：('xpath', "//span[@title='产成品']/../../../..//span[contains(text(),'确定')]") (basics.py:106)
[2022-08-30 11:30:01] [    INFO] 点击元素：('xpath', "//span[@title='产成品']/../../../..//span[contains(text(),'确定')]")None (basics.py:565)
[2022-08-30 11:30:02] [    INFO] 查找元素：('xpath', "//label[contains(text(),'MPM')]/..//input") (basics.py:106)
[2022-08-30 11:30:03] [    INFO] 点击元素：('xpath', "//label[contains(text(),'MPM')]/..//input")None (basics.py:565)
[2022-08-30 11:30:03] [    INFO] 查找元素：('xpath', "//div[@class='user-find']//input") (basics.py:106)
[2022-08-30 11:30:04] [    INFO] 点击元素：('xpath', "//div[@class='user-find']//input")None (basics.py:565)
[2022-08-30 11:30:04] [    INFO] 查找元素：('xpath', "//div[@class='user-find']//input") (basics.py:106)
[2022-08-30 11:30:04] [    INFO] 输入文本：李小素 (basics.py:137)
[2022-08-30 11:30:04] [    INFO] 查找元素：('xpath', "//div[@class='user-list']/div[3]//div[normalize-space(text())='18645960']") (basics.py:106)
[2022-08-30 11:30:08] [    INFO] 点击元素：('xpath', "//div[@class='user-list']/div[3]//div[normalize-space(text())='18645960']")None (basics.py:565)
[2022-08-30 11:30:08] [    INFO] 查找元素：('xpath', "//div[@class='user-list']/../../../..//button//span[contains(text(),'确 定')]") (basics.py:106)
[2022-08-30 11:30:08] [    INFO] 点击元素：('xpath', "//div[@class='user-list']/../../../..//button//span[contains(text(),'确 定')]")None (basics.py:565)
[2022-08-30 11:30:09] [    INFO] 查找元素：('xpath', "//label[contains(text(),'采购部')]/..//input") (basics.py:106)
[2022-08-30 11:30:10] [    INFO] 点击元素：('xpath', "//label[contains(text(),'采购部')]/..//input")None (basics.py:565)
[2022-08-30 11:30:10] [    INFO] 查找元素：('xpath', "//div[@class='user-find']//input") (basics.py:106)
[2022-08-30 11:30:11] [    INFO] 点击元素：('xpath', "//div[@class='user-find']//input")None (basics.py:565)
[2022-08-30 11:30:11] [    INFO] 查找元素：('xpath', "//div[@class='user-find']//input") (basics.py:106)
[2022-08-30 11:30:11] [    INFO] 输入文本：李小素 (basics.py:137)
[2022-08-30 11:30:11] [    INFO] 查找元素：('xpath', "//div[@class='user-list']/div[3]//div[normalize-space(text())='18645960']") (basics.py:106)
[2022-08-30 11:30:13] [    INFO] 点击元素：('xpath', "//div[@class='user-list']/div[3]//div[normalize-space(text())='18645960']")None (basics.py:565)
[2022-08-30 11:30:13] [    INFO] 查找元素：('xpath', "//div[@class='user-list']/../../../..//button//span[contains(text(),'确 定')]") (basics.py:106)
[2022-08-30 11:30:13] [    INFO] 点击元素：('xpath', "//div[@class='user-list']/../../../..//button//span[contains(text(),'确 定')]")None (basics.py:565)
[2022-08-30 11:30:14] [    INFO] 查找元素：('xpath', "//button//span[contains(text(),'提交')]") (basics.py:106)
[2022-08-30 11:30:15] [    INFO] 点击元素：('xpath', "//button//span[contains(text(),'提交')]")None (basics.py:565)
[2022-08-30 11:30:16] [   ERROR] 正在截图... (basics.py:449)
[2022-08-30 11:30:16] [   ERROR] 日志正在附加截图... (basics.py:456)
[2022-08-30 11:30:16] [   ERROR] 日志附加截图成功 (basics.py:460)
[2022-08-30 11:30:16] [    INFO] 断言成功：页面存在该标识 | 当前页面关键字: 创建流程成功 (assert_ui.py:155)
[2022-08-30 11:30:16] [    INFO] 查找元素：('xpath', "//button//span[contains(text(),'查询')]") (basics.py:106)
[2022-08-30 11:30:18] [    INFO] 点击元素：('xpath', "//button//span[contains(text(),'查询')]")None (basics.py:565)
[2022-08-30 11:30:18] [    INFO] 查找元素：('xpath', "//div[contains(text(),'C6769')]/../..//td[2]") (basics.py:106)
[2022-08-30 11:30:18] [    INFO] 获取文本：ZBOM20220830033015326119 (basics.py:319)
[2022-08-30 11:30:18] [    INFO] 查找元素：['xpath', "//span[@class='meta-title' and contains(text(),'待办列表')]"] (basics.py:102)
[2022-08-30 11:30:19] [    INFO] 点击元素：('xpath', "//span[@class='meta-title' and contains(text(),'待办列表')]")待办列表 (basics.py:565)
[2022-08-30 11:30:19] [    INFO] 点击待办列表：待办列表 (BOM.py:127)
[2022-08-30 11:30:19] [    INFO] 查找元素：['xpath', "//div[@class='menu-wrapper nest-menu']//span[contains(text(),'我申请的')]"] (basics.py:102)
[2022-08-30 11:30:49] [    INFO] 点击元素：('xpath', "//div[@class='menu-wrapper nest-menu']//span[contains(text(),'我申请的')]")我申请的 (basics.py:565)
[2022-08-30 11:30:49] [    INFO] 点击我申请的：我申请的 (BOM.py:129)
[2022-08-30 11:30:55] [    INFO] 刷新页面 (basics.py:337)
[2022-08-30 11:30:55] [    INFO] 查找元素：('xpath', '//iframe') (basics.py:106)
[2022-08-30 11:30:55] [    INFO] 查找元素：['xpath', "//div[contains(text(),'ZBOM20220830033015326119') and @class='row-code']/../../../..//span[text()='查看详情']"] (basics.py:102)
[2022-08-30 11:30:58] [    INFO] 点击元素：('xpath', "//div[contains(text(),'variable') and @class='row-code']/../../../..//span[text()='查看详情']")ZBOM20220830033015326119 (basics.py:565)
[2022-08-30 11:30:58] [    INFO] 查找元素：('xpath', '//iframe') (basics.py:106)
[2022-08-30 11:31:00] [    INFO] 查找元素：('xpath', "//button//span[text()='撤回']") (basics.py:106)
[2022-08-30 11:31:30] [    INFO] 查找元素：('xpath', "//button//span[text()='撤回']") (basics.py:106)
[2022-08-30 11:32:18] [    INFO] 【TBM】项目【test】环境- UI自动化开始执行 (conftest.py:17)
[2022-08-30 11:32:18] [    INFO] 前置条件：传音统一登录开始 (conftest.py:21)
[2022-08-30 11:32:21] [    INFO] 打开网页：http://bom-sit.transsion.com/#/process/home-page (basics.py:63)
[2022-08-30 11:32:21] [    INFO] 查找元素：('xpath', "//div[@role='button']") (basics.py:106)
[2022-08-30 11:32:21] [    INFO] 点击元素：('xpath', "//div[@role='button']") (basics.py:206)
[2022-08-30 11:32:25] [    INFO] 查找元素：['xpath', "//*[contains(@id,'dropdown-menu-')]//li[1]"] (basics.py:106)
[2022-08-30 11:32:35] [    INFO] 查找元素：('xpath', "//div[@role='button']") (basics.py:106)
[2022-08-30 11:32:36] [    INFO] 点击元素：('xpath', "//div[@role='button']") (basics.py:206)
[2022-08-30 11:32:36] [    INFO] 查找元素：('id', 'tab-account') (basics.py:106)
[2022-08-30 11:32:36] [    INFO] 点击元素：('id', 'tab-account') (basics.py:206)
[2022-08-30 11:32:37] [    INFO] 查找元素：('xpath', "//*[@id='pane-account']/form/div[1]/div/div[1]/input") (basics.py:106)
[2022-08-30 11:32:37] [    INFO] 输入文本：18645960 (basics.py:137)
[2022-08-30 11:32:39] [    INFO] 查找元素：('xpath', "//*[@id='pane-account']/form/div[2]/div/div[1]/input") (basics.py:106)
[2022-08-30 11:32:39] [    INFO] 输入文本：xLily6x (basics.py:137)
[2022-08-30 11:32:40] [    INFO] 查找元素：('xpath', "//span[text()='我已阅读并接受']/../label/span/span") (basics.py:106)
[2022-08-30 11:32:40] [    INFO] 获取状态：False (basics.py:330)
[2022-08-30 11:32:40] [    INFO] 查找元素：('xpath', "//span[text()='我已阅读并接受']/../label/span/span") (basics.py:106)
[2022-08-30 11:32:40] [    INFO] 点击元素：('xpath', "//span[text()='我已阅读并接受']/../label/span/span") (basics.py:206)
[2022-08-30 11:32:41] [    INFO] 查找元素：('xpath', "//*[@id='pane-account']/form/button") (basics.py:106)
[2022-08-30 11:32:41] [    INFO] 点击元素：('xpath', "//*[@id='pane-account']/form/button") (basics.py:206)
[2022-08-30 11:32:47] [   ERROR] 正在截图... (basics.py:449)
[2022-08-30 11:32:47] [   ERROR] 日志正在附加截图... (basics.py:456)
[2022-08-30 11:32:47] [   ERROR] 日志附加截图成功 (basics.py:460)
[2022-08-30 11:32:47] [    INFO] 断言成功：页面存在该标识首页 | 关键字:首页 (assert_ui.py:167)
[2022-08-30 11:32:47] [    INFO] 前置条件：传音统一登录成功 (conftest.py:25)
[2022-08-30 11:32:47] [    INFO] 查找元素：['xpath', "//span[@class='meta-title' and contains(text(),'BOM协作')]"] (basics.py:102)
[2022-08-30 11:32:48] [    INFO] 点击元素：('xpath', "//span[@class='meta-title' and contains(text(),'BOM协作')]")BOM协作 (basics.py:565)
[2022-08-30 11:32:48] [    INFO] 点击一级菜单：BOM协作 (BOM.py:18)
[2022-08-30 11:32:48] [    INFO] 查找元素：['xpath', "//div[@class='menu-wrapper nest-menu']//span[contains(text(),'整机BOM协作')]"] (basics.py:102)
[2022-08-30 11:32:49] [    INFO] 点击元素：('xpath', "//div[@class='menu-wrapper nest-menu']//span[contains(text(),'整机BOM协作')]")整机BOM协作 (basics.py:565)
[2022-08-30 11:32:49] [    INFO] 点击二级菜单：整机BOM协作 (BOM.py:20)
[2022-08-30 11:32:50] [    INFO] 刷新页面 (basics.py:337)
[2022-08-30 11:32:50] [    INFO] 查找元素：('xpath', "//button//span[contains(text(),'新增')]") (basics.py:106)
[2022-08-30 11:32:51] [    INFO] 点击元素：('xpath', "//button//span[contains(text(),'新增')]")None (basics.py:565)
[2022-08-30 11:32:53] [    INFO] 查找元素：('xpath', "//label[contains(text(),'制作类型')]/..//input") (basics.py:106)
[2022-08-30 11:32:53] [    INFO] 点击元素：('xpath', "//label[contains(text(),'制作类型')]/..//input")None (basics.py:565)
[2022-08-30 11:32:53] [    INFO] 查找元素：('xpath', "//li/span[contains(text(), '生产BOM')]") (basics.py:106)
[2022-08-30 11:32:54] [    INFO] 点击元素：('xpath', "//li/span[contains(text(), '生产BOM')]")None (basics.py:565)
[2022-08-30 11:32:55] [    INFO] 查找元素：('xpath', "//label[contains(text(),'品牌')]/..//input") (basics.py:106)
[2022-08-30 11:32:55] [    INFO] 点击元素：('xpath', "//label[contains(text(),'品牌')]/..//input")None (basics.py:565)
[2022-08-30 11:32:55] [    INFO] 查找元素：('xpath', "//li/span[normalize-space(text())='itel']") (basics.py:106)
[2022-08-30 11:32:56] [    INFO] 点击元素：('xpath', "//li/span[normalize-space(text())='itel']")None (basics.py:565)
[2022-08-30 11:32:57] [    INFO] 查找元素：('xpath', "//label[contains(text(),'机型')]/..//input") (basics.py:106)
[2022-08-30 11:32:58] [    INFO] 点击元素：('xpath', "//label[contains(text(),'机型')]/..//input")None (basics.py:565)
[2022-08-30 11:32:58] [    INFO] 查找元素：('xpath', "//label[contains(text(),'机型')]/..//input") (basics.py:106)
[2022-08-30 11:32:58] [    INFO] 输入文本：C6769 (basics.py:137)
[2022-08-30 11:32:58] [    INFO] 查找元素：('xpath', "//li[normalize-space(text())='(C6769)C6769']") (basics.py:106)
[2022-08-30 11:33:00] [    INFO] 点击元素：('xpath', "//li[normalize-space(text())='(C6769)C6769']")None (basics.py:565)
[2022-08-30 11:33:01] [    INFO] 查找元素：('xpath', "//label[contains(text(),'阶段')]/..//input") (basics.py:106)
[2022-08-30 11:33:01] [    INFO] 点击元素：('xpath', "//label[contains(text(),'阶段')]/..//input")None (basics.py:565)
[2022-08-30 11:33:01] [    INFO] 查找元素：('xpath', "//li/span[normalize-space(text())='量产阶段']") (basics.py:106)
[2022-08-30 11:33:02] [    INFO] 点击元素：('xpath', "//li/span[normalize-space(text())='量产阶段']")None (basics.py:565)
[2022-08-30 11:33:03] [    INFO] 查找元素：('xpath', "//label[contains(text(),'市场')]/..//input") (basics.py:106)
[2022-08-30 11:33:03] [    INFO] 点击元素：('xpath', "//label[contains(text(),'市场')]/..//input")None (basics.py:565)
[2022-08-30 11:33:03] [    INFO] 查找元素：('xpath', "//li/span[normalize-space(text())='孟加拉']") (basics.py:106)
[2022-08-30 11:33:04] [    INFO] 点击元素：('xpath', "//li/span[normalize-space(text())='孟加拉']")None (basics.py:565)
[2022-08-30 11:33:05] [    INFO] 查找元素：('xpath', "//button//span[contains(text(),'新增Bom')]") (basics.py:106)
[2022-08-30 11:33:06] [    INFO] 点击元素：('xpath', "//button//span[contains(text(),'新增Bom')]")None (basics.py:565)
[2022-08-30 11:33:06] [    INFO] 查找元素：('xpath', "//span[@title='产成品']/../../../..//span[contains(text(),'编辑')]") (basics.py:106)
[2022-08-30 11:33:06] [    INFO] 点击元素：('xpath', "//span[@title='产成品']/../../../..//span[contains(text(),'编辑')]")None (basics.py:565)
[2022-08-30 11:33:07] [    INFO] 查找元素：('xpath', "//span[@title='产成品']/../../../../td[2]//input") (basics.py:106)
[2022-08-30 11:33:08] [    INFO] 点击元素：('xpath', "//span[@title='产成品']/../../../../td[2]//input")None (basics.py:565)
[2022-08-30 11:33:08] [    INFO] 查找元素：('xpath', "//li//span[contains(text(),'国内生产BOM')]") (basics.py:106)
[2022-08-30 11:33:09] [    INFO] 点击元素：('xpath', "//li//span[contains(text(),'国内生产BOM')]")None (basics.py:565)
[2022-08-30 11:33:10] [    INFO] 查找元素：('xpath', "//span[@title='产成品']/../../../../td[3]//input") (basics.py:106)
[2022-08-30 11:33:10] [    INFO] 点击元素：('xpath', "//span[@title='产成品']/../../../../td[3]//input")None (basics.py:565)
[2022-08-30 11:33:10] [    INFO] 查找元素：('xpath', "//li/span[normalize-space(text())='量产']") (basics.py:106)
[2022-08-30 11:33:11] [    INFO] 点击元素：('xpath', "//li/span[normalize-space(text())='量产']")None (basics.py:565)
[2022-08-30 11:33:12] [    INFO] 查找元素：('xpath', "//span[@title='产成品']/../../../../td[6]//input") (basics.py:106)
[2022-08-30 11:33:12] [    INFO] 点击元素：('xpath', "//span[@title='产成品']/../../../../td[6]//input")None (basics.py:565)
[2022-08-30 11:33:13] [    INFO] 查找元素：('xpath', "//span[@title='产成品']/../../../../td[6]//input") (basics.py:106)
[2022-08-30 11:33:13] [    INFO] 输入文本：12000001 (basics.py:137)
[2022-08-30 11:33:13] [    INFO] 查找元素：('xpath', "//li[contains(text(),'12000001')]") (basics.py:106)
[2022-08-30 11:33:14] [    INFO] 点击元素：('xpath', "//li[contains(text(),'12000001')]")None (basics.py:565)
[2022-08-30 11:33:15] [    INFO] 查找元素：('xpath', "//span[@title='产成品']/../../../../td[9]//input") (basics.py:106)
[2022-08-30 11:33:16] [    INFO] 点击元素：('xpath', "//span[@title='产成品']/../../../../td[9]//input")None (basics.py:565)
[2022-08-30 11:33:17] [    INFO] 查找元素：('xpath', "//span[@title='产成品']/../../../../td[9]//input") (basics.py:106)
[2022-08-30 11:33:17] [    INFO] 输入文本：1000 (basics.py:137)
[2022-08-30 11:33:17] [    INFO] 查找元素：('xpath', "//span[@title='产成品']/../../../..//span[contains(text(),'确定')]") (basics.py:106)
[2022-08-30 11:33:17] [    INFO] 点击元素：('xpath', "//span[@title='产成品']/../../../..//span[contains(text(),'确定')]")None (basics.py:565)
[2022-08-30 11:33:18] [    INFO] 查找元素：('xpath', "//label[contains(text(),'MPM')]/..//input") (basics.py:106)
[2022-08-30 11:33:19] [    INFO] 点击元素：('xpath', "//label[contains(text(),'MPM')]/..//input")None (basics.py:565)
[2022-08-30 11:33:19] [    INFO] 查找元素：('xpath', "//div[@class='user-find']//input") (basics.py:106)
[2022-08-30 11:33:20] [    INFO] 点击元素：('xpath', "//div[@class='user-find']//input")None (basics.py:565)
[2022-08-30 11:33:20] [    INFO] 查找元素：('xpath', "//div[@class='user-find']//input") (basics.py:106)
[2022-08-30 11:33:20] [    INFO] 输入文本：李小素 (basics.py:137)
[2022-08-30 11:33:20] [    INFO] 查找元素：('xpath', "//div[@class='user-list']/div[3]//div[normalize-space(text())='18645960']") (basics.py:106)
[2022-08-30 11:33:22] [    INFO] 点击元素：('xpath', "//div[@class='user-list']/div[3]//div[normalize-space(text())='18645960']")None (basics.py:565)
[2022-08-30 11:33:22] [    INFO] 查找元素：('xpath', "//div[@class='user-list']/../../../..//button//span[contains(text(),'确 定')]") (basics.py:106)
[2022-08-30 11:33:23] [    INFO] 点击元素：('xpath', "//div[@class='user-list']/../../../..//button//span[contains(text(),'确 定')]")None (basics.py:565)
[2022-08-30 11:33:24] [    INFO] 查找元素：('xpath', "//label[contains(text(),'采购部')]/..//input") (basics.py:106)
[2022-08-30 11:33:24] [    INFO] 点击元素：('xpath', "//label[contains(text(),'采购部')]/..//input")None (basics.py:565)
[2022-08-30 11:33:24] [    INFO] 查找元素：('xpath', "//div[@class='user-find']//input") (basics.py:106)
[2022-08-30 11:33:25] [    INFO] 点击元素：('xpath', "//div[@class='user-find']//input")None (basics.py:565)
[2022-08-30 11:33:25] [    INFO] 查找元素：('xpath', "//div[@class='user-find']//input") (basics.py:106)
[2022-08-30 11:33:26] [    INFO] 输入文本：李小素 (basics.py:137)
[2022-08-30 11:33:26] [    INFO] 查找元素：('xpath', "//div[@class='user-list']/div[3]//div[normalize-space(text())='18645960']") (basics.py:106)
[2022-08-30 11:33:27] [    INFO] 点击元素：('xpath', "//div[@class='user-list']/div[3]//div[normalize-space(text())='18645960']")None (basics.py:565)
[2022-08-30 11:33:27] [    INFO] 查找元素：('xpath', "//div[@class='user-list']/../../../..//button//span[contains(text(),'确 定')]") (basics.py:106)
[2022-08-30 11:33:28] [    INFO] 点击元素：('xpath', "//div[@class='user-list']/../../../..//button//span[contains(text(),'确 定')]")None (basics.py:565)
[2022-08-30 11:33:29] [    INFO] 查找元素：('xpath', "//button//span[contains(text(),'提交')]") (basics.py:106)
[2022-08-30 11:33:30] [    INFO] 点击元素：('xpath', "//button//span[contains(text(),'提交')]")None (basics.py:565)
[2022-08-30 11:33:31] [   ERROR] 正在截图... (basics.py:449)
[2022-08-30 11:33:31] [   ERROR] 日志正在附加截图... (basics.py:456)
[2022-08-30 11:33:31] [   ERROR] 日志附加截图成功 (basics.py:460)
[2022-08-30 11:33:31] [    INFO] 断言成功：页面存在该标识 | 当前页面关键字: 创建流程成功 (assert_ui.py:155)
[2022-08-30 11:33:31] [    INFO] 查找元素：('xpath', "//button//span[contains(text(),'查询')]") (basics.py:106)
[2022-08-30 11:33:33] [    INFO] 点击元素：('xpath', "//button//span[contains(text(),'查询')]")None (basics.py:565)
[2022-08-30 11:33:33] [    INFO] 查找元素：('xpath', "//div[contains(text(),'C6769')]/../..//td[2]") (basics.py:106)
[2022-08-30 11:33:33] [    INFO] 获取文本：ZBOM20220830033329943161 (basics.py:319)
[2022-08-30 11:33:33] [    INFO] 查找元素：['xpath', "//span[@class='meta-title' and contains(text(),'待办列表')]"] (basics.py:102)
[2022-08-30 11:33:33] [    INFO] 点击元素：('xpath', "//span[@class='meta-title' and contains(text(),'待办列表')]")待办列表 (basics.py:565)
[2022-08-30 11:33:33] [    INFO] 点击待办列表：待办列表 (BOM.py:127)
[2022-08-30 11:33:33] [    INFO] 查找元素：['xpath', "//div[@class='menu-wrapper nest-menu']//span[contains(text(),'我申请的')]"] (basics.py:102)
[2022-08-30 11:33:34] [    INFO] 点击元素：('xpath', "//div[@class='menu-wrapper nest-menu']//span[contains(text(),'我申请的')]")我申请的 (basics.py:565)
[2022-08-30 11:33:34] [    INFO] 点击我申请的：我申请的 (BOM.py:129)
[2022-08-30 11:33:39] [    INFO] 刷新页面 (basics.py:337)
[2022-08-30 11:33:39] [    INFO] 查找元素：('xpath', '//iframe') (basics.py:106)
[2022-08-30 11:33:39] [    INFO] 查找元素：['xpath', "//div[contains(text(),'ZBOM20220830033329943161') and @class='row-code']/../../../..//span[text()='查看详情']"] (basics.py:102)
[2022-08-30 11:33:42] [    INFO] 点击元素：('xpath', "//div[contains(text(),'variable') and @class='row-code']/../../../..//span[text()='查看详情']")ZBOM20220830033329943161 (basics.py:565)
[2022-08-30 11:33:42] [    INFO] 查找元素：('xpath', '//iframe') (basics.py:106)
[2022-08-30 11:33:44] [    INFO] 查找元素：('xpath', '//iframe') (basics.py:106)
[2022-08-30 11:38:27] [    INFO] 【TBM】项目【test】环境- UI自动化开始执行 (conftest.py:17)
[2022-08-30 11:38:27] [    INFO] 前置条件：传音统一登录开始 (conftest.py:21)
[2022-08-30 11:38:31] [    INFO] 打开网页：http://bom-sit.transsion.com/#/process/home-page (basics.py:63)
[2022-08-30 11:38:31] [    INFO] 查找元素：('xpath', "//div[@role='button']") (basics.py:106)
[2022-08-30 11:38:31] [    INFO] 点击元素：('xpath', "//div[@role='button']") (basics.py:206)
[2022-08-30 11:38:35] [    INFO] 查找元素：['xpath', "//*[contains(@id,'dropdown-menu-')]//li[1]"] (basics.py:106)
[2022-08-30 11:38:36] [    INFO] 查找元素：('xpath', "//div[@role='button']") (basics.py:106)
[2022-08-30 11:38:36] [    INFO] 点击元素：('xpath', "//div[@role='button']") (basics.py:206)
[2022-08-30 11:38:37] [    INFO] 查找元素：('id', 'tab-account') (basics.py:106)
[2022-08-30 11:38:37] [    INFO] 点击元素：('id', 'tab-account') (basics.py:206)
[2022-08-30 11:38:38] [    INFO] 查找元素：('xpath', "//*[@id='pane-account']/form/div[1]/div/div[1]/input") (basics.py:106)
[2022-08-30 11:38:38] [    INFO] 输入文本：18645960 (basics.py:137)
[2022-08-30 11:38:40] [    INFO] 查找元素：('xpath', "//*[@id='pane-account']/form/div[2]/div/div[1]/input") (basics.py:106)
[2022-08-30 11:38:40] [    INFO] 输入文本：xLily6x (basics.py:137)
[2022-08-30 11:38:41] [    INFO] 查找元素：('xpath', "//span[text()='我已阅读并接受']/../label/span/span") (basics.py:106)
[2022-08-30 11:38:41] [    INFO] 获取状态：False (basics.py:330)
[2022-08-30 11:38:41] [    INFO] 查找元素：('xpath', "//span[text()='我已阅读并接受']/../label/span/span") (basics.py:106)
[2022-08-30 11:38:41] [    INFO] 点击元素：('xpath', "//span[text()='我已阅读并接受']/../label/span/span") (basics.py:206)
[2022-08-30 11:38:41] [    INFO] 查找元素：('xpath', "//*[@id='pane-account']/form/button") (basics.py:106)
[2022-08-30 11:38:41] [    INFO] 点击元素：('xpath', "//*[@id='pane-account']/form/button") (basics.py:206)
[2022-08-30 11:38:48] [   ERROR] 正在截图... (basics.py:449)
[2022-08-30 11:38:48] [   ERROR] 日志正在附加截图... (basics.py:456)
[2022-08-30 11:38:48] [   ERROR] 日志附加截图成功 (basics.py:460)
[2022-08-30 11:38:48] [    INFO] 断言成功：页面存在该标识首页 | 关键字:首页 (assert_ui.py:167)
[2022-08-30 11:38:48] [    INFO] 前置条件：传音统一登录成功 (conftest.py:25)
[2022-08-30 11:38:48] [    INFO] 查找元素：['xpath', "//span[@class='meta-title' and contains(text(),'BOM协作')]"] (basics.py:102)
[2022-08-30 11:38:49] [    INFO] 点击元素：('xpath', "//span[@class='meta-title' and contains(text(),'BOM协作')]")BOM协作 (basics.py:565)
[2022-08-30 11:38:49] [    INFO] 点击一级菜单：BOM协作 (BOM.py:18)
[2022-08-30 11:38:49] [    INFO] 查找元素：['xpath', "//div[@class='menu-wrapper nest-menu']//span[contains(text(),'整机BOM协作')]"] (basics.py:102)
[2022-08-30 11:38:49] [    INFO] 点击元素：('xpath', "//div[@class='menu-wrapper nest-menu']//span[contains(text(),'整机BOM协作')]")整机BOM协作 (basics.py:565)
[2022-08-30 11:38:49] [    INFO] 点击二级菜单：整机BOM协作 (BOM.py:20)
[2022-08-30 11:38:51] [    INFO] 刷新页面 (basics.py:337)
[2022-08-30 11:38:51] [    INFO] 查找元素：('xpath', "//button//span[contains(text(),'新增')]") (basics.py:106)
[2022-08-30 11:38:52] [    INFO] 点击元素：('xpath', "//button//span[contains(text(),'新增')]")None (basics.py:565)
[2022-08-30 11:38:54] [    INFO] 查找元素：('xpath', "//label[contains(text(),'制作类型')]/..//input") (basics.py:106)
[2022-08-30 11:38:54] [    INFO] 点击元素：('xpath', "//label[contains(text(),'制作类型')]/..//input")None (basics.py:565)
[2022-08-30 11:38:54] [    INFO] 查找元素：('xpath', "//li/span[contains(text(), '生产BOM')]") (basics.py:106)
[2022-08-30 11:38:55] [    INFO] 点击元素：('xpath', "//li/span[contains(text(), '生产BOM')]")None (basics.py:565)
[2022-08-30 11:38:56] [    INFO] 查找元素：('xpath', "//label[contains(text(),'品牌')]/..//input") (basics.py:106)
[2022-08-30 11:38:57] [    INFO] 点击元素：('xpath', "//label[contains(text(),'品牌')]/..//input")None (basics.py:565)
[2022-08-30 11:38:57] [    INFO] 查找元素：('xpath', "//li/span[normalize-space(text())='itel']") (basics.py:106)
[2022-08-30 11:38:57] [    INFO] 点击元素：('xpath', "//li/span[normalize-space(text())='itel']")None (basics.py:565)
[2022-08-30 11:38:58] [    INFO] 查找元素：('xpath', "//label[contains(text(),'机型')]/..//input") (basics.py:106)
[2022-08-30 11:38:59] [    INFO] 点击元素：('xpath', "//label[contains(text(),'机型')]/..//input")None (basics.py:565)
[2022-08-30 11:38:59] [    INFO] 查找元素：('xpath', "//label[contains(text(),'机型')]/..//input") (basics.py:106)
[2022-08-30 11:38:59] [    INFO] 输入文本：C6769 (basics.py:137)
[2022-08-30 11:38:59] [    INFO] 查找元素：('xpath', "//li[normalize-space(text())='(C6769)C6769']") (basics.py:106)
[2022-08-30 11:39:01] [    INFO] 点击元素：('xpath', "//li[normalize-space(text())='(C6769)C6769']")None (basics.py:565)
[2022-08-30 11:39:02] [    INFO] 查找元素：('xpath', "//label[contains(text(),'阶段')]/..//input") (basics.py:106)
[2022-08-30 11:39:02] [    INFO] 点击元素：('xpath', "//label[contains(text(),'阶段')]/..//input")None (basics.py:565)
[2022-08-30 11:39:02] [    INFO] 查找元素：('xpath', "//li/span[normalize-space(text())='量产阶段']") (basics.py:106)
[2022-08-30 11:39:03] [    INFO] 点击元素：('xpath', "//li/span[normalize-space(text())='量产阶段']")None (basics.py:565)
[2022-08-30 11:39:04] [    INFO] 查找元素：('xpath', "//label[contains(text(),'市场')]/..//input") (basics.py:106)
[2022-08-30 11:39:06] [    INFO] 点击元素：('xpath', "//label[contains(text(),'市场')]/..//input")None (basics.py:565)
[2022-08-30 11:39:06] [    INFO] 查找元素：('xpath', "//li/span[normalize-space(text())='孟加拉']") (basics.py:106)
[2022-08-30 11:39:06] [    INFO] 点击元素：('xpath', "//li/span[normalize-space(text())='孟加拉']")None (basics.py:565)
[2022-08-30 11:39:07] [    INFO] 查找元素：('xpath', "//button//span[contains(text(),'新增Bom')]") (basics.py:106)
[2022-08-30 11:39:08] [    INFO] 点击元素：('xpath', "//button//span[contains(text(),'新增Bom')]")None (basics.py:565)
[2022-08-30 11:39:08] [    INFO] 查找元素：('xpath', "//span[@title='产成品']/../../../..//span[contains(text(),'编辑')]") (basics.py:106)
[2022-08-30 11:39:09] [    INFO] 点击元素：('xpath', "//span[@title='产成品']/../../../..//span[contains(text(),'编辑')]")None (basics.py:565)
[2022-08-30 11:39:10] [    INFO] 查找元素：('xpath', "//span[@title='产成品']/../../../../td[2]//input") (basics.py:106)
[2022-08-30 11:39:10] [    INFO] 点击元素：('xpath', "//span[@title='产成品']/../../../../td[2]//input")None (basics.py:565)
[2022-08-30 11:39:10] [    INFO] 查找元素：('xpath', "//li//span[contains(text(),'国内生产BOM')]") (basics.py:106)
[2022-08-30 11:39:11] [    INFO] 点击元素：('xpath', "//li//span[contains(text(),'国内生产BOM')]")None (basics.py:565)
[2022-08-30 11:39:12] [    INFO] 查找元素：('xpath', "//span[@title='产成品']/../../../../td[3]//input") (basics.py:106)
[2022-08-30 11:39:12] [    INFO] 点击元素：('xpath', "//span[@title='产成品']/../../../../td[3]//input")None (basics.py:565)
[2022-08-30 11:39:12] [    INFO] 查找元素：('xpath', "//li/span[normalize-space(text())='量产']") (basics.py:106)
[2022-08-30 11:39:13] [    INFO] 点击元素：('xpath', "//li/span[normalize-space(text())='量产']")None (basics.py:565)
[2022-08-30 11:39:14] [    INFO] 查找元素：('xpath', "//span[@title='产成品']/../../../../td[6]//input") (basics.py:106)
[2022-08-30 11:39:15] [    INFO] 点击元素：('xpath', "//span[@title='产成品']/../../../../td[6]//input")None (basics.py:565)
[2022-08-30 11:39:15] [    INFO] 查找元素：('xpath', "//span[@title='产成品']/../../../../td[6]//input") (basics.py:106)
[2022-08-30 11:39:15] [    INFO] 输入文本：12000001 (basics.py:137)
[2022-08-30 11:39:15] [    INFO] 查找元素：('xpath', "//li[contains(text(),'12000001')]") (basics.py:106)
[2022-08-30 11:39:17] [    INFO] 点击元素：('xpath', "//li[contains(text(),'12000001')]")None (basics.py:565)
[2022-08-30 11:39:18] [    INFO] 查找元素：('xpath', "//span[@title='产成品']/../../../../td[9]//input") (basics.py:106)
[2022-08-30 11:39:18] [    INFO] 点击元素：('xpath', "//span[@title='产成品']/../../../../td[9]//input")None (basics.py:565)
[2022-08-30 11:39:19] [    INFO] 查找元素：('xpath', "//span[@title='产成品']/../../../../td[9]//input") (basics.py:106)
[2022-08-30 11:39:19] [    INFO] 输入文本：1000 (basics.py:137)
[2022-08-30 11:39:19] [    INFO] 查找元素：('xpath', "//span[@title='产成品']/../../../..//span[contains(text(),'确定')]") (basics.py:106)
[2022-08-30 11:39:19] [    INFO] 点击元素：('xpath', "//span[@title='产成品']/../../../..//span[contains(text(),'确定')]")None (basics.py:565)
[2022-08-30 11:39:20] [    INFO] 查找元素：('xpath', "//label[contains(text(),'MPM')]/..//input") (basics.py:106)
[2022-08-30 11:39:21] [    INFO] 点击元素：('xpath', "//label[contains(text(),'MPM')]/..//input")None (basics.py:565)
[2022-08-30 11:39:21] [    INFO] 查找元素：('xpath', "//div[@class='user-find']//input") (basics.py:106)
[2022-08-30 11:39:22] [    INFO] 点击元素：('xpath', "//div[@class='user-find']//input")None (basics.py:565)
[2022-08-30 11:39:22] [    INFO] 查找元素：('xpath', "//div[@class='user-find']//input") (basics.py:106)
[2022-08-30 11:39:22] [    INFO] 输入文本：李小素 (basics.py:137)
[2022-08-30 11:39:22] [    INFO] 查找元素：('xpath', "//div[@class='user-list']/div[3]//div[normalize-space(text())='18645960']") (basics.py:106)
[2022-08-30 11:39:24] [    INFO] 点击元素：('xpath', "//div[@class='user-list']/div[3]//div[normalize-space(text())='18645960']")None (basics.py:565)
[2022-08-30 11:39:24] [    INFO] 查找元素：('xpath', "//div[@class='user-list']/../../../..//button//span[contains(text(),'确 定')]") (basics.py:106)
[2022-08-30 11:39:25] [    INFO] 点击元素：('xpath', "//div[@class='user-list']/../../../..//button//span[contains(text(),'确 定')]")None (basics.py:565)
[2022-08-30 11:39:26] [    INFO] 查找元素：('xpath', "//label[contains(text(),'采购部')]/..//input") (basics.py:106)
[2022-08-30 11:39:26] [    INFO] 点击元素：('xpath', "//label[contains(text(),'采购部')]/..//input")None (basics.py:565)
[2022-08-30 11:39:26] [    INFO] 查找元素：('xpath', "//div[@class='user-find']//input") (basics.py:106)
[2022-08-30 11:39:27] [    INFO] 点击元素：('xpath', "//div[@class='user-find']//input")None (basics.py:565)
[2022-08-30 11:39:27] [    INFO] 查找元素：('xpath', "//div[@class='user-find']//input") (basics.py:106)
[2022-08-30 11:39:27] [    INFO] 输入文本：李小素 (basics.py:137)
[2022-08-30 11:39:27] [    INFO] 查找元素：('xpath', "//div[@class='user-list']/div[3]//div[normalize-space(text())='18645960']") (basics.py:106)
[2022-08-30 11:39:29] [    INFO] 点击元素：('xpath', "//div[@class='user-list']/div[3]//div[normalize-space(text())='18645960']")None (basics.py:565)
[2022-08-30 11:39:29] [    INFO] 查找元素：('xpath', "//div[@class='user-list']/../../../..//button//span[contains(text(),'确 定')]") (basics.py:106)
[2022-08-30 11:39:30] [    INFO] 点击元素：('xpath', "//div[@class='user-list']/../../../..//button//span[contains(text(),'确 定')]")None (basics.py:565)
[2022-08-30 11:39:31] [    INFO] 查找元素：('xpath', "//button//span[contains(text(),'提交')]") (basics.py:106)
[2022-08-30 11:39:31] [    INFO] 点击元素：('xpath', "//button//span[contains(text(),'提交')]")None (basics.py:565)
[2022-08-30 11:39:32] [   ERROR] 正在截图... (basics.py:449)
[2022-08-30 11:39:32] [   ERROR] 日志正在附加截图... (basics.py:456)
[2022-08-30 11:39:32] [   ERROR] 日志附加截图成功 (basics.py:460)
[2022-08-30 11:39:32] [    INFO] 断言成功：页面存在该标识 | 当前页面关键字: 创建流程成功 (assert_ui.py:155)
[2022-08-30 11:39:32] [    INFO] 查找元素：('xpath', "//button//span[contains(text(),'查询')]") (basics.py:106)
[2022-08-30 11:39:34] [    INFO] 点击元素：('xpath', "//button//span[contains(text(),'查询')]")None (basics.py:565)
[2022-08-30 11:39:34] [    INFO] 查找元素：('xpath', "//div[contains(text(),'C6769')]/../..//td[2]") (basics.py:106)
[2022-08-30 11:39:34] [    INFO] 获取文本：ZBOM20220830033931540182 (basics.py:319)
[2022-08-30 11:39:34] [    INFO] 查找元素：['xpath', "//span[@class='meta-title' and contains(text(),'待办列表')]"] (basics.py:102)
[2022-08-30 11:39:35] [    INFO] 点击元素：('xpath', "//span[@class='meta-title' and contains(text(),'待办列表')]")待办列表 (basics.py:565)
[2022-08-30 11:39:35] [    INFO] 点击待办列表：待办列表 (BOM.py:127)
[2022-08-30 11:39:35] [    INFO] 查找元素：['xpath', "//div[@class='menu-wrapper nest-menu']//span[contains(text(),'我申请的')]"] (basics.py:102)
[2022-08-30 11:39:35] [    INFO] 点击元素：('xpath', "//div[@class='menu-wrapper nest-menu']//span[contains(text(),'我申请的')]")我申请的 (basics.py:565)
[2022-08-30 11:39:35] [    INFO] 点击我申请的：我申请的 (BOM.py:129)
[2022-08-30 11:39:40] [    INFO] 刷新页面 (basics.py:337)
[2022-08-30 11:39:40] [    INFO] 查找元素：('xpath', '//iframe') (basics.py:106)
[2022-08-30 11:39:40] [    INFO] 查找元素：['xpath', "//div[contains(text(),'ZBOM20220830033931540182') and @class='row-code']/../../../..//span[text()='查看详情']"] (basics.py:102)
[2022-08-30 11:39:43] [    INFO] 点击元素：('xpath', "//div[contains(text(),'variable') and @class='row-code']/../../../..//span[text()='查看详情']")ZBOM20220830033931540182 (basics.py:565)
[2022-08-30 11:39:43] [    INFO] 查找元素：('xpath', '//iframe') (basics.py:106)
[2022-08-30 11:39:45] [    INFO] 查找元素：('xpath', "//button//span[text()='撤回']") (basics.py:106)
[2022-08-30 11:40:16] [    INFO] 查找元素：('xpath', "//button//span[text()='撤回']") (basics.py:106)
[2022-08-30 11:43:54] [    INFO] 【TBM】项目【test】环境- UI自动化开始执行 (conftest.py:17)
[2022-08-30 11:43:54] [    INFO] 前置条件：传音统一登录开始 (conftest.py:21)
[2022-08-30 11:43:58] [    INFO] 打开网页：http://bom-sit.transsion.com/#/process/home-page (basics.py:63)
[2022-08-30 11:43:58] [    INFO] 查找元素：('xpath', "//div[@role='button']") (basics.py:106)
[2022-08-30 11:43:58] [    INFO] 点击元素：('xpath', "//div[@role='button']") (basics.py:206)
[2022-08-30 11:44:02] [    INFO] 查找元素：['xpath', "//*[contains(@id,'dropdown-menu-')]//li[1]"] (basics.py:106)
[2022-08-30 11:44:03] [    INFO] 查找元素：('xpath', "//div[@role='button']") (basics.py:106)
[2022-08-30 11:44:03] [    INFO] 点击元素：('xpath', "//div[@role='button']") (basics.py:206)
[2022-08-30 11:44:04] [    INFO] 查找元素：('id', 'tab-account') (basics.py:106)
[2022-08-30 11:44:04] [    INFO] 点击元素：('id', 'tab-account') (basics.py:206)
[2022-08-30 11:44:05] [    INFO] 查找元素：('xpath', "//*[@id='pane-account']/form/div[1]/div/div[1]/input") (basics.py:106)
[2022-08-30 11:44:05] [    INFO] 输入文本：18645960 (basics.py:137)
[2022-08-30 11:44:07] [    INFO] 查找元素：('xpath', "//*[@id='pane-account']/form/div[2]/div/div[1]/input") (basics.py:106)
[2022-08-30 11:44:07] [    INFO] 输入文本：xLily6x (basics.py:137)
[2022-08-30 11:44:08] [    INFO] 查找元素：('xpath', "//span[text()='我已阅读并接受']/../label/span/span") (basics.py:106)
[2022-08-30 11:44:08] [    INFO] 获取状态：False (basics.py:330)
[2022-08-30 11:44:08] [    INFO] 查找元素：('xpath', "//span[text()='我已阅读并接受']/../label/span/span") (basics.py:106)
[2022-08-30 11:44:08] [    INFO] 点击元素：('xpath', "//span[text()='我已阅读并接受']/../label/span/span") (basics.py:206)
[2022-08-30 11:44:08] [    INFO] 查找元素：('xpath', "//*[@id='pane-account']/form/button") (basics.py:106)
[2022-08-30 11:44:08] [    INFO] 点击元素：('xpath', "//*[@id='pane-account']/form/button") (basics.py:206)
[2022-08-30 11:44:15] [   ERROR] 正在截图... (basics.py:449)
[2022-08-30 11:44:15] [   ERROR] 日志正在附加截图... (basics.py:456)
[2022-08-30 11:44:15] [   ERROR] 日志附加截图成功 (basics.py:460)
[2022-08-30 11:44:15] [    INFO] 断言成功：页面存在该标识首页 | 关键字:首页 (assert_ui.py:167)
[2022-08-30 11:44:15] [    INFO] 前置条件：传音统一登录成功 (conftest.py:25)
[2022-08-30 11:44:15] [    INFO] 查找元素：['xpath', "//span[@class='meta-title' and contains(text(),'BOM协作')]"] (basics.py:102)
[2022-08-30 11:44:16] [    INFO] 点击元素：('xpath', "//span[@class='meta-title' and contains(text(),'BOM协作')]")BOM协作 (basics.py:565)
[2022-08-30 11:44:16] [    INFO] 点击一级菜单：BOM协作 (BOM.py:18)
[2022-08-30 11:44:16] [    INFO] 查找元素：['xpath', "//div[@class='menu-wrapper nest-menu']//span[contains(text(),'整机BOM协作')]"] (basics.py:102)
[2022-08-30 11:44:16] [    INFO] 点击元素：('xpath', "//div[@class='menu-wrapper nest-menu']//span[contains(text(),'整机BOM协作')]")整机BOM协作 (basics.py:565)
[2022-08-30 11:44:16] [    INFO] 点击二级菜单：整机BOM协作 (BOM.py:20)
[2022-08-30 11:44:18] [    INFO] 刷新页面 (basics.py:337)
[2022-08-30 11:44:18] [    INFO] 查找元素：('xpath', "//button//span[contains(text(),'新增')]") (basics.py:106)
[2022-08-30 11:44:19] [    INFO] 点击元素：('xpath', "//button//span[contains(text(),'新增')]")None (basics.py:565)
[2022-08-30 11:44:21] [    INFO] 查找元素：('xpath', "//label[contains(text(),'制作类型')]/..//input") (basics.py:106)
[2022-08-30 11:44:21] [    INFO] 点击元素：('xpath', "//label[contains(text(),'制作类型')]/..//input")None (basics.py:565)
[2022-08-30 11:44:21] [    INFO] 查找元素：('xpath', "//li/span[contains(text(), '生产BOM')]") (basics.py:106)
[2022-08-30 11:44:22] [    INFO] 点击元素：('xpath', "//li/span[contains(text(), '生产BOM')]")None (basics.py:565)
[2022-08-30 11:44:23] [    INFO] 查找元素：('xpath', "//label[contains(text(),'品牌')]/..//input") (basics.py:106)
[2022-08-30 11:44:23] [    INFO] 点击元素：('xpath', "//label[contains(text(),'品牌')]/..//input")None (basics.py:565)
[2022-08-30 11:44:23] [    INFO] 查找元素：('xpath', "//li/span[normalize-space(text())='itel']") (basics.py:106)
[2022-08-30 11:44:24] [    INFO] 点击元素：('xpath', "//li/span[normalize-space(text())='itel']")None (basics.py:565)
[2022-08-30 11:44:25] [    INFO] 查找元素：('xpath', "//label[contains(text(),'机型')]/..//input") (basics.py:106)
[2022-08-30 11:44:26] [    INFO] 点击元素：('xpath', "//label[contains(text(),'机型')]/..//input")None (basics.py:565)
[2022-08-30 11:44:26] [    INFO] 查找元素：('xpath', "//label[contains(text(),'机型')]/..//input") (basics.py:106)
[2022-08-30 11:44:26] [    INFO] 输入文本：C6769 (basics.py:137)
[2022-08-30 11:44:26] [    INFO] 查找元素：('xpath', "//li[normalize-space(text())='(C6769)C6769']") (basics.py:106)
[2022-08-30 11:44:27] [    INFO] 点击元素：('xpath', "//li[normalize-space(text())='(C6769)C6769']")None (basics.py:565)
[2022-08-30 11:44:28] [    INFO] 查找元素：('xpath', "//label[contains(text(),'阶段')]/..//input") (basics.py:106)
[2022-08-30 11:44:29] [    INFO] 点击元素：('xpath', "//label[contains(text(),'阶段')]/..//input")None (basics.py:565)
[2022-08-30 11:44:29] [    INFO] 查找元素：('xpath', "//li/span[normalize-space(text())='量产阶段']") (basics.py:106)
[2022-08-30 11:44:30] [    INFO] 点击元素：('xpath', "//li/span[normalize-space(text())='量产阶段']")None (basics.py:565)
[2022-08-30 11:44:31] [    INFO] 查找元素：('xpath', "//label[contains(text(),'市场')]/..//input") (basics.py:106)
[2022-08-30 11:44:31] [    INFO] 点击元素：('xpath', "//label[contains(text(),'市场')]/..//input")None (basics.py:565)
[2022-08-30 11:44:31] [    INFO] 查找元素：('xpath', "//li/span[normalize-space(text())='孟加拉']") (basics.py:106)
[2022-08-30 11:44:32] [    INFO] 点击元素：('xpath', "//li/span[normalize-space(text())='孟加拉']")None (basics.py:565)
[2022-08-30 11:44:33] [    INFO] 查找元素：('xpath', "//button//span[contains(text(),'新增Bom')]") (basics.py:106)
[2022-08-30 11:44:33] [    INFO] 点击元素：('xpath', "//button//span[contains(text(),'新增Bom')]")None (basics.py:565)
[2022-08-30 11:44:33] [    INFO] 查找元素：('xpath', "//span[@title='产成品']/../../../..//span[contains(text(),'编辑')]") (basics.py:106)
[2022-08-30 11:44:34] [    INFO] 点击元素：('xpath', "//span[@title='产成品']/../../../..//span[contains(text(),'编辑')]")None (basics.py:565)
[2022-08-30 11:44:35] [    INFO] 查找元素：('xpath', "//span[@title='产成品']/../../../../td[2]//input") (basics.py:106)
[2022-08-30 11:44:36] [    INFO] 点击元素：('xpath', "//span[@title='产成品']/../../../../td[2]//input")None (basics.py:565)
[2022-08-30 11:44:36] [    INFO] 查找元素：('xpath', "//li//span[contains(text(),'国内生产BOM')]") (basics.py:106)
[2022-08-30 11:44:36] [    INFO] 点击元素：('xpath', "//li//span[contains(text(),'国内生产BOM')]")None (basics.py:565)
[2022-08-30 11:44:37] [    INFO] 查找元素：('xpath', "//span[@title='产成品']/../../../../td[3]//input") (basics.py:106)
[2022-08-30 11:44:38] [    INFO] 点击元素：('xpath', "//span[@title='产成品']/../../../../td[3]//input")None (basics.py:565)
[2022-08-30 11:44:38] [    INFO] 查找元素：('xpath', "//li/span[normalize-space(text())='量产']") (basics.py:106)
[2022-08-30 11:44:38] [    INFO] 点击元素：('xpath', "//li/span[normalize-space(text())='量产']")None (basics.py:565)
[2022-08-30 11:44:39] [    INFO] 查找元素：('xpath', "//span[@title='产成品']/../../../../td[6]//input") (basics.py:106)
[2022-08-30 11:44:40] [    INFO] 点击元素：('xpath', "//span[@title='产成品']/../../../../td[6]//input")None (basics.py:565)
[2022-08-30 11:44:41] [    INFO] 查找元素：('xpath', "//span[@title='产成品']/../../../../td[6]//input") (basics.py:106)
[2022-08-30 11:44:41] [    INFO] 输入文本：12000001 (basics.py:137)
[2022-08-30 11:44:41] [    INFO] 查找元素：('xpath', "//li[contains(text(),'12000001')]") (basics.py:106)
[2022-08-30 11:44:42] [    INFO] 点击元素：('xpath', "//li[contains(text(),'12000001')]")None (basics.py:565)
[2022-08-30 11:44:43] [    INFO] 查找元素：('xpath', "//span[@title='产成品']/../../../../td[9]//input") (basics.py:106)
[2022-08-30 11:44:44] [    INFO] 点击元素：('xpath', "//span[@title='产成品']/../../../../td[9]//input")None (basics.py:565)
[2022-08-30 11:44:44] [    INFO] 查找元素：('xpath', "//span[@title='产成品']/../../../../td[9]//input") (basics.py:106)
[2022-08-30 11:44:44] [    INFO] 输入文本：1000 (basics.py:137)
[2022-08-30 11:44:44] [    INFO] 查找元素：('xpath', "//span[@title='产成品']/../../../..//span[contains(text(),'确定')]") (basics.py:106)
[2022-08-30 11:44:45] [    INFO] 点击元素：('xpath', "//span[@title='产成品']/../../../..//span[contains(text(),'确定')]")None (basics.py:565)
[2022-08-30 11:44:46] [    INFO] 查找元素：('xpath', "//label[contains(text(),'MPM')]/..//input") (basics.py:106)
[2022-08-30 11:44:46] [    INFO] 点击元素：('xpath', "//label[contains(text(),'MPM')]/..//input")None (basics.py:565)
[2022-08-30 11:44:46] [    INFO] 查找元素：('xpath', "//div[@class='user-find']//input") (basics.py:106)
[2022-08-30 11:44:47] [    INFO] 点击元素：('xpath', "//div[@class='user-find']//input")None (basics.py:565)
[2022-08-30 11:44:47] [    INFO] 查找元素：('xpath', "//div[@class='user-find']//input") (basics.py:106)
[2022-08-30 11:44:47] [    INFO] 输入文本：李小素 (basics.py:137)
[2022-08-30 11:44:47] [    INFO] 查找元素：('xpath', "//div[@class='user-list']/div[3]//div[normalize-space(text())='18645960']") (basics.py:106)
[2022-08-30 11:44:49] [    INFO] 点击元素：('xpath', "//div[@class='user-list']/div[3]//div[normalize-space(text())='18645960']")None (basics.py:565)
[2022-08-30 11:44:49] [    INFO] 查找元素：('xpath', "//div[@class='user-list']/../../../..//button//span[contains(text(),'确 定')]") (basics.py:106)
[2022-08-30 11:44:50] [    INFO] 点击元素：('xpath', "//div[@class='user-list']/../../../..//button//span[contains(text(),'确 定')]")None (basics.py:565)
[2022-08-30 11:44:51] [    INFO] 查找元素：('xpath', "//label[contains(text(),'采购部')]/..//input") (basics.py:106)
[2022-08-30 11:44:51] [    INFO] 点击元素：('xpath', "//label[contains(text(),'采购部')]/..//input")None (basics.py:565)
[2022-08-30 11:44:51] [    INFO] 查找元素：('xpath', "//div[@class='user-find']//input") (basics.py:106)
[2022-08-30 11:44:52] [    INFO] 点击元素：('xpath', "//div[@class='user-find']//input")None (basics.py:565)
[2022-08-30 11:44:52] [    INFO] 查找元素：('xpath', "//div[@class='user-find']//input") (basics.py:106)
[2022-08-30 11:44:53] [    INFO] 输入文本：李小素 (basics.py:137)
[2022-08-30 11:44:53] [    INFO] 查找元素：('xpath', "//div[@class='user-list']/div[3]//div[normalize-space(text())='18645960']") (basics.py:106)
[2022-08-30 11:44:54] [    INFO] 点击元素：('xpath', "//div[@class='user-list']/div[3]//div[normalize-space(text())='18645960']")None (basics.py:565)
[2022-08-30 11:44:54] [    INFO] 查找元素：('xpath', "//div[@class='user-list']/../../../..//button//span[contains(text(),'确 定')]") (basics.py:106)
[2022-08-30 11:44:55] [    INFO] 点击元素：('xpath', "//div[@class='user-list']/../../../..//button//span[contains(text(),'确 定')]")None (basics.py:565)
[2022-08-30 11:44:56] [    INFO] 查找元素：('xpath', "//button//span[contains(text(),'提交')]") (basics.py:106)
[2022-08-30 11:44:56] [    INFO] 点击元素：('xpath', "//button//span[contains(text(),'提交')]")None (basics.py:565)
[2022-08-30 11:44:57] [   ERROR] 正在截图... (basics.py:449)
[2022-08-30 11:44:58] [   ERROR] 日志正在附加截图... (basics.py:456)
[2022-08-30 11:44:58] [   ERROR] 日志附加截图成功 (basics.py:460)
[2022-08-30 11:44:58] [    INFO] 断言成功：页面存在该标识 | 当前页面关键字: 创建流程成功 (assert_ui.py:155)
[2022-08-30 11:44:58] [    INFO] 查找元素：('xpath', "//button//span[contains(text(),'查询')]") (basics.py:106)
[2022-08-30 11:44:59] [    INFO] 点击元素：('xpath', "//button//span[contains(text(),'查询')]")None (basics.py:565)
[2022-08-30 11:44:59] [    INFO] 查找元素：('xpath', "//div[contains(text(),'C6769')]/../..//td[2]") (basics.py:106)
[2022-08-30 11:44:59] [    INFO] 获取文本：ZBOM20220830034456737205 (basics.py:319)
[2022-08-30 11:44:59] [    INFO] 查找元素：['xpath', "//span[@class='meta-title' and contains(text(),'待办列表')]"] (basics.py:102)
[2022-08-30 11:45:00] [    INFO] 点击元素：('xpath', "//span[@class='meta-title' and contains(text(),'待办列表')]")待办列表 (basics.py:565)
[2022-08-30 11:45:00] [    INFO] 点击待办列表：待办列表 (BOM.py:127)
[2022-08-30 11:45:00] [    INFO] 查找元素：['xpath', "//div[@class='menu-wrapper nest-menu']//span[contains(text(),'我申请的')]"] (basics.py:102)
[2022-08-30 11:45:01] [    INFO] 点击元素：('xpath', "//div[@class='menu-wrapper nest-menu']//span[contains(text(),'我申请的')]")我申请的 (basics.py:565)
[2022-08-30 11:45:01] [    INFO] 点击我申请的：我申请的 (BOM.py:129)
[2022-08-30 11:45:05] [    INFO] 刷新页面 (basics.py:337)
[2022-08-30 11:45:05] [    INFO] 查找元素：('xpath', '//iframe') (basics.py:106)
[2022-08-30 11:45:05] [    INFO] 查找元素：['xpath', "//div[contains(text(),'ZBOM20220830034456737205') and @class='row-code']/../../../..//span[text()='查看详情']"] (basics.py:102)
[2022-08-30 11:45:08] [    INFO] 点击元素：('xpath', "//div[contains(text(),'variable') and @class='row-code']/../../../..//span[text()='查看详情']")ZBOM20220830034456737205 (basics.py:565)
[2022-08-30 11:45:08] [    INFO] 查找元素：('xpath', '//iframe') (basics.py:106)
[2022-08-30 11:45:11] [    INFO] 查找元素：('xpath', "//button//span[text()='撤回']") (basics.py:106)
[2022-08-30 11:45:41] [    INFO] 查找元素：('xpath', "//button//span[text()='撤回']") (basics.py:106)
