[2022-07-29 17:08:17] [    INFO] 【SRM】项目【test】环境- UI自动化开始执行 (conftest.py:17)
[2022-07-29 17:08:19] [    INFO] 查找元素：('xpath', '//input[@id="elsAccount"]') (basics.py:107)
[2022-07-29 17:08:19] [    INFO] 输入文本：860000 (basics.py:138)
[2022-07-29 17:08:19] [    INFO] 查找元素：('xpath', '//input[@id="elsSubAccount"]') (basics.py:107)
[2022-07-29 17:08:20] [    INFO] 输入文本：1001 (basics.py:138)
[2022-07-29 17:08:20] [    INFO] 查找元素：('xpath', '//input[@type="password"]') (basics.py:107)
[2022-07-29 17:08:20] [    INFO] 输入文本：1qaz@WSX (basics.py:138)
[2022-07-29 17:08:20] [    INFO] 查找元素：('xpath', '//input[@id="identifyCode"]') (basics.py:107)
[2022-07-29 17:08:20] [    INFO] 点击元素：('xpath', '//input[@id="identifyCode"]') (basics.py:191)
[2022-07-29 17:08:24] [    INFO] 查找元素：('xpath', '//img[@id="code"]') (basics.py:107)
[2022-07-29 17:08:26] [    INFO] 查找元素：('xpath', '//input[@id="identifyCode"]') (basics.py:107)
[2022-07-29 17:08:26] [    INFO] 输入文本：5852 (basics.py:138)
[2022-07-29 17:08:26] [    INFO] 查找元素：('xpath', '//button[@id="submit_btn"]') (basics.py:107)
[2022-07-29 17:08:26] [    INFO] 点击元素：('xpath', '//button[@id="submit_btn"]') (basics.py:191)
[2022-07-29 17:08:26] [    INFO] 查找元素：('xpath', '//span[@title="审批列表"]') (basics.py:107)
[2022-07-29 17:08:28] [    INFO] 点击元素：('xpath', '//span[@title="审批列表"]') (basics.py:191)
[2022-07-29 17:08:30] [    INFO] 查找元素：('xpath', '//iframe[@name="iframeApp_auditList"]') (basics.py:107)
[2022-07-29 17:08:30] [    INFO] 查找元素：('xpath', '//input[@name="taskName"]') (basics.py:107)
[2022-07-29 17:08:31] [    INFO] 点击元素：('xpath', '//input[@name="taskName"]') (basics.py:191)
[2022-07-29 17:08:32] [    INFO] 查找元素：('xpath', '//input[@name="taskName"]') (basics.py:107)
[2022-07-29 17:08:32] [    INFO] 输入文本：周本林 (basics.py:138)
[2022-07-29 17:08:32] [    INFO] 查找元素：('xpath', '//button[text()=" 查询"]') (basics.py:107)
[2022-07-29 17:08:32] [    INFO] 点击元素：('xpath', '//button[text()=" 查询"]') (basics.py:191)
[2022-07-29 17:22:25] [    INFO] 【SRM】项目【test】环境- UI自动化开始执行 (conftest.py:17)
[2022-07-29 17:22:27] [    INFO] 查找元素：('xpath', '//input[@id="elsAccount"]') (basics.py:107)
[2022-07-29 17:22:27] [    INFO] 输入文本：860000 (basics.py:138)
[2022-07-29 17:22:27] [    INFO] 查找元素：('xpath', '//input[@id="elsSubAccount"]') (basics.py:107)
[2022-07-29 17:22:28] [    INFO] 输入文本：1001 (basics.py:138)
[2022-07-29 17:22:28] [    INFO] 查找元素：('xpath', '//input[@type="password"]') (basics.py:107)
[2022-07-29 17:22:28] [    INFO] 输入文本：1qaz@WSX (basics.py:138)
[2022-07-29 17:22:28] [    INFO] 查找元素：('xpath', '//input[@id="identifyCode"]') (basics.py:107)
[2022-07-29 17:22:28] [    INFO] 点击元素：('xpath', '//input[@id="identifyCode"]') (basics.py:191)
[2022-07-29 17:22:32] [    INFO] 查找元素：('xpath', '//img[@id="code"]') (basics.py:107)
[2022-07-29 17:22:33] [    INFO] 查找元素：('xpath', '//input[@id="identifyCode"]') (basics.py:107)
[2022-07-29 17:22:33] [    INFO] 输入文本：1609 (basics.py:138)
[2022-07-29 17:22:33] [    INFO] 查找元素：('xpath', '//button[@id="submit_btn"]') (basics.py:107)
[2022-07-29 17:22:33] [    INFO] 点击元素：('xpath', '//button[@id="submit_btn"]') (basics.py:191)
[2022-07-29 17:22:34] [    INFO] 查找元素：('xpath', '//span[@title="审批列表"]') (basics.py:107)
[2022-07-29 17:22:35] [    INFO] 点击元素：('xpath', '//span[@title="审批列表"]') (basics.py:191)
[2022-07-29 17:22:37] [    INFO] 查找元素：('xpath', '//iframe[@name="iframeApp_auditList"]') (basics.py:107)
[2022-07-29 17:22:37] [    INFO] 查找元素：('xpath', '//input[@name="taskName"]') (basics.py:107)
[2022-07-29 17:22:37] [    INFO] 点击元素：('xpath', '//input[@name="taskName"]') (basics.py:191)
[2022-07-29 17:22:38] [    INFO] 查找元素：('xpath', '//input[@name="taskName"]') (basics.py:107)
[2022-07-29 17:22:39] [    INFO] 输入文本：周本林 (basics.py:138)
[2022-07-29 17:22:39] [    INFO] 查找元素：('xpath', '//button[text()=" 查询"]') (basics.py:107)
[2022-07-29 17:22:39] [    INFO] 点击元素：('xpath', '//button[text()=" 查询"]') (basics.py:191)
[2022-07-29 17:26:47] [    INFO] 【SRM】项目【test】环境- UI自动化开始执行 (conftest.py:17)
[2022-07-29 17:26:48] [    INFO] 查找元素：('xpath', '//input[@id="elsAccount"]') (basics.py:107)
[2022-07-29 17:26:49] [    INFO] 输入文本：860000 (basics.py:138)
[2022-07-29 17:26:49] [    INFO] 查找元素：('xpath', '//input[@id="elsSubAccount"]') (basics.py:107)
[2022-07-29 17:26:49] [    INFO] 输入文本：1001 (basics.py:138)
[2022-07-29 17:26:50] [    INFO] 查找元素：('xpath', '//input[@type="password"]') (basics.py:107)
[2022-07-29 17:26:50] [    INFO] 输入文本：1qaz@WSX (basics.py:138)
[2022-07-29 17:26:50] [    INFO] 查找元素：('xpath', '//input[@id="identifyCode"]') (basics.py:107)
[2022-07-29 17:26:50] [    INFO] 点击元素：('xpath', '//input[@id="identifyCode"]') (basics.py:191)
[2022-07-29 17:26:54] [    INFO] 查找元素：('xpath', '//img[@id="code"]') (basics.py:107)
[2022-07-29 17:26:55] [    INFO] 查找元素：('xpath', '//input[@id="identifyCode"]') (basics.py:107)
[2022-07-29 17:26:55] [    INFO] 输入文本：6193 (basics.py:138)
[2022-07-29 17:26:55] [    INFO] 查找元素：('xpath', '//button[@id="submit_btn"]') (basics.py:107)
[2022-07-29 17:26:55] [    INFO] 点击元素：('xpath', '//button[@id="submit_btn"]') (basics.py:191)
