[2022-08-03 16:03:59] [    INFO] 【SRM】项目【test】环境- UI自动化开始执行 (conftest.py:17)
[2022-08-03 16:03:59] [    INFO] 前置条件：传音统一登录开始 (conftest.py:24)
[2022-08-03 16:04:00] [    INFO] 打开网页：http://sitsrm.transsion.com/ELSServer_CY/login/login.html (basics.py:64)
[2022-08-03 16:04:00] [    INFO] 查找元素：('xpath', '//input[@id="elsSubAccount"]') (basics.py:107)
[2022-08-03 16:04:01] [    INFO] 输入文本：1001 (basics.py:138)
[2022-08-03 16:04:01] [    INFO] 查找元素：('xpath', '//input[@id="elsAccount"]') (basics.py:107)
[2022-08-03 16:04:01] [    INFO] 输入文本：860000 (basics.py:138)
[2022-08-03 16:04:02] [    INFO] 查找元素：('xpath', '//input[@type="password"]') (basics.py:107)
[2022-08-03 16:04:02] [    INFO] 输入文本：1qaz@WSX (basics.py:138)
[2022-08-03 16:04:02] [    INFO] 查找元素：('xpath', '//input[@id="identifyCode"]') (basics.py:107)
[2022-08-03 16:04:02] [    INFO] 点击元素：('xpath', '//input[@id="identifyCode"]') (basics.py:191)
[2022-08-03 16:04:03] [    INFO] 查找元素：('xpath', '//img[@id="code"]') (basics.py:107)
[2022-08-03 16:04:04] [    INFO] 查找元素：('xpath', '//input[@id="identifyCode"]') (basics.py:107)
[2022-08-03 16:04:04] [    INFO] 输入文本：8899 (basics.py:138)
[2022-08-03 16:04:04] [    INFO] 查找元素：('xpath', '//button[@id="submit_btn"]') (basics.py:107)
[2022-08-03 16:04:04] [    INFO] 点击元素：('xpath', '//button[@id="submit_btn"]') (basics.py:191)
[2022-08-03 16:04:05] [    INFO] 断言成功：URL为预期一致 | URL: http://sitsrm.transsion.com/ELSServer_CY/default.jsp?account=860000_1001 (assert_ui.py:190)
[2022-08-03 16:04:36] [    INFO] 【SRM】项目【test】环境- UI自动化开始执行 (conftest.py:17)
[2022-08-03 16:04:36] [    INFO] 前置条件：传音统一登录开始 (conftest.py:24)
[2022-08-03 16:04:37] [    INFO] 打开网页：http://sitsrm.transsion.com/ELSServer_CY/login/login.html (basics.py:64)
[2022-08-03 16:04:38] [    INFO] 查找元素：('xpath', '//input[@id="elsSubAccount"]') (basics.py:107)
[2022-08-03 16:04:38] [    INFO] 输入文本：1001 (basics.py:138)
[2022-08-03 16:04:38] [    INFO] 查找元素：('xpath', '//input[@id="elsAccount"]') (basics.py:107)
[2022-08-03 16:04:39] [    INFO] 输入文本：860000 (basics.py:138)
[2022-08-03 16:04:39] [    INFO] 查找元素：('xpath', '//input[@type="password"]') (basics.py:107)
[2022-08-03 16:04:39] [    INFO] 输入文本：1qaz@WSX (basics.py:138)
[2022-08-03 16:04:39] [    INFO] 查找元素：('xpath', '//input[@id="identifyCode"]') (basics.py:107)
[2022-08-03 16:04:39] [    INFO] 点击元素：('xpath', '//input[@id="identifyCode"]') (basics.py:191)
[2022-08-03 16:04:41] [    INFO] 查找元素：('xpath', '//img[@id="code"]') (basics.py:107)
[2022-08-03 16:04:41] [    INFO] 查找元素：('xpath', '//input[@id="identifyCode"]') (basics.py:107)
[2022-08-03 16:04:42] [    INFO] 输入文本：3545 (basics.py:138)
[2022-08-03 16:04:42] [    INFO] 查找元素：('xpath', '//button[@id="submit_btn"]') (basics.py:107)
[2022-08-03 16:04:42] [    INFO] 点击元素：('xpath', '//button[@id="submit_btn"]') (basics.py:191)
[2022-08-03 16:04:44] [    INFO] 断言成功：URL为预期一致 | URL: http://sitsrm.transsion.com/ELSServer_CY/default.jsp?account=860000_1001 (assert_ui.py:190)
[2022-08-03 16:04:44] [    INFO] 查找元素：('xpath', '//span[@title="审批列表"]') (basics.py:107)
[2022-08-03 16:04:44] [    INFO] 点击元素：('xpath', '//span[@title="审批列表"]') (basics.py:191)
[2022-08-03 16:04:47] [    INFO] 查找元素：('xpath', '//iframe[@name="iframeApp_auditList"]') (basics.py:107)
[2022-08-03 16:04:47] [    INFO] 查找元素：('xpath', '//input[@name="taskName"]') (basics.py:107)
[2022-08-03 16:04:47] [    INFO] 点击元素：('xpath', '//input[@name="taskName"]') (basics.py:191)
[2022-08-03 16:04:48] [    INFO] 查找元素：('xpath', '//input[@name="taskName"]') (basics.py:107)
[2022-08-03 16:04:48] [    INFO] 输入文本：周本林 (basics.py:138)
[2022-08-03 16:04:48] [    INFO] 查找元素：('xpath', '//button[text()=" 查询"]') (basics.py:107)
[2022-08-03 16:04:48] [    INFO] 点击元素：('xpath', '//button[text()=" 查询"]') (basics.py:191)
[2022-08-03 16:05:49] [    INFO] 【SRM】项目【test】环境- UI自动化开始执行 (conftest.py:17)
[2022-08-03 16:05:49] [    INFO] 前置条件：传音统一登录开始 (conftest.py:24)
[2022-08-03 16:05:50] [    INFO] 打开网页：http://sitsrm.transsion.com/ELSServer_CY/login/login.html (basics.py:64)
[2022-08-03 16:05:50] [    INFO] 查找元素：('xpath', '//input[@id="elsSubAccount"]') (basics.py:107)
[2022-08-03 16:05:50] [    INFO] 输入文本：1001 (basics.py:138)
[2022-08-03 16:05:51] [    INFO] 查找元素：('xpath', '//input[@id="elsAccount"]') (basics.py:107)
[2022-08-03 16:05:51] [    INFO] 输入文本：860000 (basics.py:138)
[2022-08-03 16:05:51] [    INFO] 查找元素：('xpath', '//input[@type="password"]') (basics.py:107)
[2022-08-03 16:05:52] [    INFO] 输入文本：1qaz@WSX (basics.py:138)
[2022-08-03 16:05:52] [    INFO] 查找元素：('xpath', '//input[@id="identifyCode"]') (basics.py:107)
[2022-08-03 16:05:52] [    INFO] 点击元素：('xpath', '//input[@id="identifyCode"]') (basics.py:191)
[2022-08-03 16:05:53] [    INFO] 查找元素：('xpath', '//img[@id="code"]') (basics.py:107)
[2022-08-03 16:05:54] [    INFO] 查找元素：('xpath', '//input[@id="identifyCode"]') (basics.py:107)
[2022-08-03 16:05:54] [    INFO] 输入文本：6734 (basics.py:138)
[2022-08-03 16:05:54] [    INFO] 查找元素：('xpath', '//button[@id="submit_btn"]') (basics.py:107)
[2022-08-03 16:05:54] [    INFO] 点击元素：('xpath', '//button[@id="submit_btn"]') (basics.py:191)
[2022-08-03 16:05:55] [    INFO] 断言成功：URL为预期一致 | URL: http://sitsrm.transsion.com/ELSServer_CY/default.jsp?account=860000_1001 (assert_ui.py:190)
[2022-08-03 16:05:55] [    INFO] 查找元素：('xpath', '//span[@title="审批列表"]') (basics.py:107)
[2022-08-03 16:05:55] [    INFO] 点击元素：('xpath', '//span[@title="审批列表"]') (basics.py:191)
[2022-08-03 16:05:58] [    INFO] 查找元素：('xpath', '//iframe[@name="iframeApp_auditList"]') (basics.py:107)
[2022-08-03 16:05:58] [    INFO] 查找元素：('xpath', '//input[@name="taskName"]') (basics.py:107)
[2022-08-03 16:05:58] [    INFO] 点击元素：('xpath', '//input[@name="taskName"]') (basics.py:191)
[2022-08-03 16:05:59] [    INFO] 查找元素：('xpath', '//input[@name="taskName"]') (basics.py:107)
[2022-08-03 16:05:59] [    INFO] 输入文本：周本林 (basics.py:138)
[2022-08-03 16:05:59] [    INFO] 查找元素：('xpath', '//button[text()=" 查询"]') (basics.py:107)
[2022-08-03 16:05:59] [    INFO] 点击元素：('xpath', '//button[text()=" 查询"]') (basics.py:191)
[2022-08-03 16:06:56] [    INFO] 【SRM】项目【test】环境- UI自动化开始执行 (conftest.py:17)
[2022-08-03 16:06:56] [    INFO] 前置条件：传音统一登录开始 (conftest.py:24)
[2022-08-03 16:06:56] [    INFO] 打开网页：http://sitsrm.transsion.com/ELSServer_CY/login/login.html (basics.py:64)
[2022-08-03 16:06:57] [    INFO] 查找元素：('xpath', '//input[@id="elsSubAccount"]') (basics.py:107)
[2022-08-03 16:06:57] [    INFO] 输入文本：1001 (basics.py:138)
[2022-08-03 16:06:58] [    INFO] 查找元素：('xpath', '//input[@id="elsAccount"]') (basics.py:107)
[2022-08-03 16:06:58] [    INFO] 输入文本：860000 (basics.py:138)
[2022-08-03 16:06:58] [    INFO] 查找元素：('xpath', '//input[@type="password"]') (basics.py:107)
[2022-08-03 16:06:58] [    INFO] 输入文本：1qaz@WSX (basics.py:138)
[2022-08-03 16:06:58] [    INFO] 查找元素：('xpath', '//input[@id="identifyCode"]') (basics.py:107)
[2022-08-03 16:06:58] [    INFO] 点击元素：('xpath', '//input[@id="identifyCode"]') (basics.py:191)
[2022-08-03 16:07:07] [    INFO] 查找元素：('xpath', '//img[@id="code"]') (basics.py:107)
[2022-08-03 16:07:08] [    INFO] 查找元素：('xpath', '//input[@id="identifyCode"]') (basics.py:107)
[2022-08-03 16:07:08] [    INFO] 输入文本：6450 (basics.py:138)
[2022-08-03 16:07:08] [    INFO] 查找元素：('xpath', '//button[@id="submit_btn"]') (basics.py:107)
[2022-08-03 16:07:09] [    INFO] 点击元素：('xpath', '//button[@id="submit_btn"]') (basics.py:191)
[2022-08-03 16:07:09] [    INFO] 断言成功：URL为预期一致 | URL: http://sitsrm.transsion.com/ELSServer_CY/default.jsp?account=860000_1001 (assert_ui.py:190)
[2022-08-03 16:07:09] [    INFO] 查找元素：('xpath', '//span[@title="审批列表"]') (basics.py:107)
[2022-08-03 16:07:10] [    INFO] 点击元素：('xpath', '//span[@title="审批列表"]') (basics.py:191)
[2022-08-03 16:07:12] [    INFO] 查找元素：('xpath', '//iframe[@name="iframeApp_auditList"]') (basics.py:107)
[2022-08-03 16:07:12] [    INFO] 查找元素：('xpath', '//input[@name="taskName"]') (basics.py:107)
[2022-08-03 16:07:13] [    INFO] 点击元素：('xpath', '//input[@name="taskName"]') (basics.py:191)
[2022-08-03 16:07:14] [    INFO] 查找元素：('xpath', '//input[@name="taskName"]') (basics.py:107)
[2022-08-03 16:07:14] [    INFO] 输入文本：周本林 (basics.py:138)
[2022-08-03 16:07:14] [    INFO] 查找元素：('xpath', '//button[text()=" 查询"]') (basics.py:107)
[2022-08-03 16:07:14] [    INFO] 点击元素：('xpath', '//button[text()=" 查询"]') (basics.py:191)
[2022-08-03 16:08:25] [    INFO] 【SRM】项目【test】环境- UI自动化开始执行 (conftest.py:17)
[2022-08-03 16:08:25] [    INFO] 前置条件：传音统一登录开始 (conftest.py:24)
[2022-08-03 16:08:26] [    INFO] 打开网页：http://sitsrm.transsion.com/ELSServer_CY/login/login.html (basics.py:64)
[2022-08-03 16:08:26] [    INFO] 查找元素：('xpath', '//input[@id="elsSubAccount"]') (basics.py:107)
[2022-08-03 16:08:26] [    INFO] 输入文本：1001 (basics.py:138)
[2022-08-03 16:08:27] [    INFO] 查找元素：('xpath', '//input[@id="elsAccount"]') (basics.py:107)
[2022-08-03 16:08:27] [    INFO] 输入文本：860000 (basics.py:138)
[2022-08-03 16:08:28] [    INFO] 查找元素：('xpath', '//input[@type="password"]') (basics.py:107)
[2022-08-03 16:08:28] [    INFO] 输入文本：1qaz@WSX (basics.py:138)
[2022-08-03 16:08:28] [    INFO] 查找元素：('xpath', '//input[@id="identifyCode"]') (basics.py:107)
[2022-08-03 16:08:28] [    INFO] 点击元素：('xpath', '//input[@id="identifyCode"]') (basics.py:191)
[2022-08-03 16:08:29] [    INFO] 查找元素：('xpath', '//img[@id="code"]') (basics.py:107)
[2022-08-03 16:08:30] [    INFO] 查找元素：('xpath', '//input[@id="identifyCode"]') (basics.py:107)
[2022-08-03 16:08:30] [    INFO] 输入文本：4883 (basics.py:138)
[2022-08-03 16:08:30] [    INFO] 查找元素：('xpath', '//button[@id="submit_btn"]') (basics.py:107)
[2022-08-03 16:08:30] [    INFO] 点击元素：('xpath', '//button[@id="submit_btn"]') (basics.py:191)
[2022-08-03 16:08:31] [    INFO] 断言成功：URL为预期一致 | URL: http://sitsrm.transsion.com/ELSServer_CY/default.jsp?account=860000_1001 (assert_ui.py:190)
[2022-08-03 16:08:41] [    INFO] 查找元素：('xpath', '//input[@id="elsAccount"]') (basics.py:107)
[2022-08-03 16:08:42] [    INFO] 输入文本：860000 (basics.py:138)
[2022-08-03 16:08:42] [    INFO] 查找元素：('xpath', '//input[@id="elsSubAccount"]') (basics.py:107)
[2022-08-03 16:08:42] [    INFO] 输入文本：1001 (basics.py:138)
[2022-08-03 16:08:43] [    INFO] 查找元素：('xpath', '//input[@type="password"]') (basics.py:107)
[2022-08-03 16:08:43] [    INFO] 输入文本：1qaz@WSX (basics.py:138)
[2022-08-03 16:08:43] [    INFO] 查找元素：('xpath', '//input[@id="identifyCode"]') (basics.py:107)
[2022-08-03 16:08:43] [    INFO] 点击元素：('xpath', '//input[@id="identifyCode"]') (basics.py:191)
[2022-08-03 16:08:44] [    INFO] 查找元素：('xpath', '//img[@id="code"]') (basics.py:107)
[2022-08-03 16:08:45] [    INFO] 查找元素：('xpath', '//input[@id="identifyCode"]') (basics.py:107)
[2022-08-03 16:08:45] [    INFO] 输入文本：3314 (basics.py:138)
[2022-08-03 16:08:45] [    INFO] 查找元素：('xpath', '//button[@id="submit_btn"]') (basics.py:107)
[2022-08-03 16:08:45] [    INFO] 点击元素：('xpath', '//button[@id="submit_btn"]') (basics.py:191)
[2022-08-03 16:08:46] [    INFO] 查找元素：('xpath', '//span[@title="审批列表"]') (basics.py:107)
[2022-08-03 16:08:46] [    INFO] 点击元素：('xpath', '//span[@title="审批列表"]') (basics.py:191)
[2022-08-03 16:08:49] [    INFO] 查找元素：('xpath', '//iframe[@name="iframeApp_auditList"]') (basics.py:107)
[2022-08-03 16:08:49] [    INFO] 查找元素：('xpath', '//input[@name="taskName"]') (basics.py:107)
[2022-08-03 16:08:49] [    INFO] 点击元素：('xpath', '//input[@name="taskName"]') (basics.py:191)
[2022-08-03 16:08:50] [    INFO] 查找元素：('xpath', '//input[@name="taskName"]') (basics.py:107)
[2022-08-03 16:08:50] [    INFO] 输入文本：周本林 (basics.py:138)
[2022-08-03 16:08:50] [    INFO] 查找元素：('xpath', '//button[text()=" 查询"]') (basics.py:107)
[2022-08-03 16:08:50] [    INFO] 点击元素：('xpath', '//button[text()=" 查询"]') (basics.py:191)
[2022-08-03 16:09:28] [    INFO] 【SRM】项目【test】环境- UI自动化开始执行 (conftest.py:17)
[2022-08-03 16:09:28] [    INFO] 前置条件：传音统一登录开始 (conftest.py:24)
[2022-08-03 16:09:29] [    INFO] 打开网页：http://sitsrm.transsion.com/ELSServer_CY/login/login.html (basics.py:64)
[2022-08-03 16:09:30] [    INFO] 查找元素：('xpath', '//input[@id="elsSubAccount"]') (basics.py:107)
[2022-08-03 16:09:30] [    INFO] 输入文本：1001 (basics.py:138)
[2022-08-03 16:09:30] [    INFO] 查找元素：('xpath', '//input[@id="elsAccount"]') (basics.py:107)
[2022-08-03 16:09:30] [    INFO] 输入文本：860000 (basics.py:138)
[2022-08-03 16:09:31] [    INFO] 查找元素：('xpath', '//input[@type="password"]') (basics.py:107)
[2022-08-03 16:09:31] [    INFO] 输入文本：1qaz@WSX (basics.py:138)
[2022-08-03 16:09:31] [    INFO] 查找元素：('xpath', '//input[@id="identifyCode"]') (basics.py:107)
[2022-08-03 16:09:31] [    INFO] 点击元素：('xpath', '//input[@id="identifyCode"]') (basics.py:191)
[2022-08-03 16:09:32] [    INFO] 查找元素：('xpath', '//img[@id="code"]') (basics.py:107)
[2022-08-03 16:09:33] [    INFO] 查找元素：('xpath', '//input[@id="identifyCode"]') (basics.py:107)
[2022-08-03 16:09:33] [    INFO] 输入文本：8726 (basics.py:138)
[2022-08-03 16:09:33] [    INFO] 查找元素：('xpath', '//button[@id="submit_btn"]') (basics.py:107)
[2022-08-03 16:09:33] [    INFO] 点击元素：('xpath', '//button[@id="submit_btn"]') (basics.py:191)
[2022-08-03 16:09:35] [    INFO] 断言成功：URL为预期一致 | URL: http://sitsrm.transsion.com/ELSServer_CY/default.jsp?account=860000_1001 (assert_ui.py:190)
[2022-08-03 16:09:35] [    INFO] 查找元素：('xpath', '//input[@id="elsAccount"]') (basics.py:107)
[2022-08-03 16:09:35] [    INFO] 输入文本：860000 (basics.py:138)
[2022-08-03 16:09:36] [    INFO] 查找元素：('xpath', '//input[@id="elsSubAccount"]') (basics.py:107)
[2022-08-03 16:09:36] [    INFO] 输入文本：1001 (basics.py:138)
[2022-08-03 16:09:36] [    INFO] 查找元素：('xpath', '//input[@type="password"]') (basics.py:107)
[2022-08-03 16:09:37] [    INFO] 输入文本：1qaz@WSX (basics.py:138)
[2022-08-03 16:09:37] [    INFO] 查找元素：('xpath', '//input[@id="identifyCode"]') (basics.py:107)
[2022-08-03 16:09:37] [    INFO] 点击元素：('xpath', '//input[@id="identifyCode"]') (basics.py:191)
[2022-08-03 16:09:38] [    INFO] 查找元素：('xpath', '//img[@id="code"]') (basics.py:107)
[2022-08-03 16:09:39] [    INFO] 查找元素：('xpath', '//input[@id="identifyCode"]') (basics.py:107)
[2022-08-03 16:09:39] [    INFO] 输入文本：7039 (basics.py:138)
[2022-08-03 16:09:39] [    INFO] 查找元素：('xpath', '//button[@id="submit_btn"]') (basics.py:107)
[2022-08-03 16:09:39] [    INFO] 点击元素：('xpath', '//button[@id="submit_btn"]') (basics.py:191)
[2022-08-03 16:09:40] [    INFO] 查找元素：('xpath', '//span[@title="审批列表"]') (basics.py:107)
[2022-08-03 16:09:40] [    INFO] 点击元素：('xpath', '//span[@title="审批列表"]') (basics.py:191)
[2022-08-03 16:09:42] [    INFO] 查找元素：('xpath', '//iframe[@name="iframeApp_auditList"]') (basics.py:107)
[2022-08-03 16:09:42] [    INFO] 查找元素：('xpath', '//input[@name="taskName"]') (basics.py:107)
[2022-08-03 16:09:43] [    INFO] 点击元素：('xpath', '//input[@name="taskName"]') (basics.py:191)
[2022-08-03 16:09:44] [    INFO] 查找元素：('xpath', '//input[@name="taskName"]') (basics.py:107)
[2022-08-03 16:09:44] [    INFO] 输入文本：周本林 (basics.py:138)
[2022-08-03 16:09:44] [    INFO] 查找元素：('xpath', '//button[text()=" 查询"]') (basics.py:107)
[2022-08-03 16:09:44] [    INFO] 点击元素：('xpath', '//button[text()=" 查询"]') (basics.py:191)
[2022-08-03 16:48:41] [    INFO] 【SRM】项目【test】环境- UI自动化开始执行 (conftest.py:17)
[2022-08-03 16:48:41] [    INFO] 前置条件：传音统一登录开始 (conftest.py:24)
[2022-08-03 16:48:42] [    INFO] 打开网页：http://sitsrm.transsion.com/ELSServer_CY/login/login.html (basics.py:64)
[2022-08-03 16:48:43] [    INFO] 查找元素：('xpath', '//input[@id="elsSubAccount"]') (basics.py:107)
[2022-08-03 16:48:43] [    INFO] 输入文本：1001 (basics.py:138)
[2022-08-03 16:48:43] [    INFO] 查找元素：('xpath', '//input[@id="elsAccount"]') (basics.py:107)
[2022-08-03 16:48:43] [    INFO] 输入文本：860000 (basics.py:138)
[2022-08-03 16:48:44] [    INFO] 查找元素：('xpath', '//input[@type="password"]') (basics.py:107)
[2022-08-03 16:48:44] [    INFO] 输入文本：1qaz@WSX (basics.py:138)
[2022-08-03 16:48:44] [    INFO] 查找元素：('xpath', '//input[@id="identifyCode"]') (basics.py:107)
[2022-08-03 16:48:44] [    INFO] 点击元素：('xpath', '//input[@id="identifyCode"]') (basics.py:191)
[2022-08-03 16:48:45] [    INFO] 查找元素：('xpath', '//img[@id="code"]') (basics.py:107)
[2022-08-03 16:48:46] [    INFO] 查找元素：('xpath', '//input[@id="identifyCode"]') (basics.py:107)
[2022-08-03 16:48:46] [    INFO] 输入文本：4832 (basics.py:138)
[2022-08-03 16:48:46] [    INFO] 查找元素：('xpath', '//button[@id="submit_btn"]') (basics.py:107)
[2022-08-03 16:48:46] [    INFO] 点击元素：('xpath', '//button[@id="submit_btn"]') (basics.py:191)
[2022-08-03 16:48:47] [    INFO] 断言成功：URL为预期一致 | URL: http://sitsrm.transsion.com/ELSServer_CY/default.jsp?account=860000_1001 (assert_ui.py:190)
[2022-08-03 16:48:47] [    INFO] 查找元素：('xpath', '//span[@title="审批列表"]') (basics.py:107)
[2022-08-03 16:48:47] [    INFO] 点击元素：('xpath', '//span[@title="审批列表"]') (basics.py:191)
[2022-08-03 16:48:50] [    INFO] 查找元素：('xpath', '//iframe[@name="iframeApp_auditList"]') (basics.py:107)
[2022-08-03 16:48:50] [    INFO] 查找元素：('xpath', '//input[@name="taskName"]') (basics.py:107)
[2022-08-03 16:48:50] [    INFO] 点击元素：('xpath', '//input[@name="taskName"]') (basics.py:191)
[2022-08-03 16:48:51] [    INFO] 查找元素：('xpath', '//input[@name="taskName"]') (basics.py:107)
[2022-08-03 16:48:51] [    INFO] 输入文本：周本林 (basics.py:138)
[2022-08-03 16:48:51] [    INFO] 查找元素：('xpath', '//button[text()=" 查询"]') (basics.py:107)
[2022-08-03 16:48:51] [    INFO] 点击元素：('xpath', '//button[text()=" 查询"]') (basics.py:191)
[2022-08-03 16:48:52] [    INFO] 查找元素：('xpath', '//input[@name="taskName"]') (basics.py:107)
[2022-08-03 16:49:55] [    INFO] 【SRM】项目【test】环境- UI自动化开始执行 (conftest.py:17)
[2022-08-03 16:49:55] [    INFO] 前置条件：传音统一登录开始 (conftest.py:24)
[2022-08-03 16:49:56] [    INFO] 打开网页：http://sitsrm.transsion.com/ELSServer_CY/login/login.html (basics.py:64)
[2022-08-03 16:49:56] [    INFO] 查找元素：('xpath', '//input[@id="elsSubAccount"]') (basics.py:107)
[2022-08-03 16:49:56] [    INFO] 输入文本：1001 (basics.py:138)
[2022-08-03 16:49:57] [    INFO] 查找元素：('xpath', '//input[@id="elsAccount"]') (basics.py:107)
[2022-08-03 16:49:57] [    INFO] 输入文本：860000 (basics.py:138)
[2022-08-03 16:49:57] [    INFO] 查找元素：('xpath', '//input[@type="password"]') (basics.py:107)
[2022-08-03 16:49:57] [    INFO] 输入文本：1qaz@WSX (basics.py:138)
[2022-08-03 16:49:57] [    INFO] 查找元素：('xpath', '//input[@id="identifyCode"]') (basics.py:107)
[2022-08-03 16:49:57] [    INFO] 点击元素：('xpath', '//input[@id="identifyCode"]') (basics.py:191)
[2022-08-03 16:49:59] [    INFO] 查找元素：('xpath', '//img[@id="code"]') (basics.py:107)
[2022-08-03 16:49:59] [    INFO] 查找元素：('xpath', '//input[@id="identifyCode"]') (basics.py:107)
[2022-08-03 16:49:59] [    INFO] 输入文本：2047 (basics.py:138)
[2022-08-03 16:49:59] [    INFO] 查找元素：('xpath', '//button[@id="submit_btn"]') (basics.py:107)
[2022-08-03 16:49:59] [    INFO] 点击元素：('xpath', '//button[@id="submit_btn"]') (basics.py:191)
[2022-08-03 16:50:02] [    INFO] 断言成功：URL为预期一致 | URL: http://sitsrm.transsion.com/ELSServer_CY/default.jsp?account=860000_1001 (assert_ui.py:190)
[2022-08-03 16:50:02] [    INFO] 查找元素：('xpath', '//span[@title="审批列表"]') (basics.py:107)
[2022-08-03 16:50:02] [    INFO] 点击元素：('xpath', '//span[@title="审批列表"]') (basics.py:191)
[2022-08-03 16:50:04] [    INFO] 查找元素：('xpath', '//iframe[@name="iframeApp_auditList"]') (basics.py:107)
[2022-08-03 16:50:04] [    INFO] 查找元素：('xpath', '//input[@name="taskName"]') (basics.py:107)
[2022-08-03 16:50:05] [    INFO] 点击元素：('xpath', '//input[@name="taskName"]') (basics.py:191)
[2022-08-03 16:50:06] [    INFO] 查找元素：('xpath', '//input[@name="taskName"]') (basics.py:107)
[2022-08-03 16:50:06] [    INFO] 输入文本：周本林 (basics.py:138)
[2022-08-03 16:50:06] [    INFO] 查找元素：('xpath', '//button[text()=" 查询"]') (basics.py:107)
[2022-08-03 16:50:06] [    INFO] 点击元素：('xpath', '//button[text()=" 查询"]') (basics.py:191)
[2022-08-03 16:50:06] [    INFO] 查找元素：('xpath', '//input[@name="taskName"]') (basics.py:107)
