[2022-08-04 17:38:46] [    INFO] 【SRM】项目【test】环境- UI自动化开始执行 (conftest.py:17)
[2022-08-04 17:38:46] [    INFO] 前置条件：传音统一登录开始 (conftest.py:24)
[2022-08-04 17:38:47] [    INFO] 打开网页：http://sitsrm.transsion.com/ELSServer_CY/login/login.html (basics.py:64)
[2022-08-04 17:38:47] [    INFO] 查找元素：('xpath', '//input[@id="elsSubAccount"]') (basics.py:107)
[2022-08-04 17:38:48] [    INFO] 输入文本：1001 (basics.py:138)
[2022-08-04 17:38:48] [    INFO] 查找元素：('xpath', '//input[@id="elsAccount"]') (basics.py:107)
[2022-08-04 17:38:48] [    INFO] 输入文本：860000 (basics.py:138)
[2022-08-04 17:38:49] [    INFO] 查找元素：('xpath', '//input[@type="password"]') (basics.py:107)
[2022-08-04 17:38:49] [    INFO] 输入文本：1qaz@WSX (basics.py:138)
[2022-08-04 17:39:56] [    INFO] 【SRM】项目【test】环境- UI自动化开始执行 (conftest.py:17)
[2022-08-04 17:39:56] [    INFO] 前置条件：传音统一登录开始 (conftest.py:24)
[2022-08-04 17:39:57] [    INFO] 打开网页：http://sitsrm.transsion.com/ELSServer_CY/login/login.html (basics.py:64)
[2022-08-04 17:39:58] [    INFO] 查找元素：('xpath', '//input[@id="elsSubAccount"]') (basics.py:107)
[2022-08-04 17:39:58] [    INFO] 输入文本：1001 (basics.py:138)
[2022-08-04 17:39:59] [    INFO] 查找元素：('xpath', '//input[@id="elsAccount"]') (basics.py:107)
[2022-08-04 17:39:59] [    INFO] 输入文本：860000 (basics.py:138)
[2022-08-04 17:39:59] [    INFO] 查找元素：('xpath', '//input[@type="password"]') (basics.py:107)
[2022-08-04 17:39:59] [    INFO] 输入文本：1qaz@WSX (basics.py:138)
[2022-08-04 17:40:00] [    INFO] 打开网页：http://sitsrm.transsion.com/ELSServer_CY/login/login.html (basics.py:64)
[2022-08-04 17:40:00] [    INFO] 查找元素：('xpath', '//input[@id="identifyCode"]') (basics.py:107)
[2022-08-04 17:40:00] [    INFO] 点击元素：('xpath', '//input[@id="identifyCode"]') (basics.py:191)
[2022-08-04 17:40:01] [    INFO] 查找元素：('xpath', '//img[@id="code"]') (basics.py:107)
[2022-08-04 17:40:02] [    INFO] 查找元素：('xpath', '//input[@id="identifyCode"]') (basics.py:107)
[2022-08-04 17:40:02] [    INFO] 输入文本：3205 (basics.py:138)
[2022-08-04 17:40:04] [    INFO] 查找元素：('xpath', '//input[@id="identifyCode"]') (basics.py:107)
[2022-08-04 17:40:05] [    INFO] 查找元素：('xpath', '//input[@id="identifyCode"]') (basics.py:107)
[2022-08-04 17:40:05] [    INFO] 点击元素：('xpath', '//input[@id="identifyCode"]') (basics.py:191)
[2022-08-04 17:40:06] [    INFO] 查找元素：('xpath', '//img[@id="code"]') (basics.py:107)
[2022-08-04 17:40:07] [    INFO] 查找元素：('xpath', '//input[@id="identifyCode"]') (basics.py:107)
[2022-08-04 17:40:07] [    INFO] 输入文本：3205 (basics.py:138)
[2022-08-04 17:40:09] [    INFO] 查找元素：('xpath', '//input[@id="identifyCode"]') (basics.py:107)
[2022-08-04 17:40:09] [    INFO] 查找元素：('xpath', '//button[@id="submit_btn"]') (basics.py:107)
[2022-08-04 17:40:09] [    INFO] 点击元素：('xpath', '//button[@id="submit_btn"]') (basics.py:191)
[2022-08-04 17:40:10] [ WARNING] 断言失败：URL为预期不一致 | URL: http://sitsrm.transsion.com/ELSServer_CY/login/login.html (assert_ui.py:189)
[2022-08-04 17:40:10] [   ERROR] None
assert 'http://sitsrm.transsion.com/ELSServer_CY/default.jsp?account=860000_1001' in 'http://sitsrm.transsion.com/ELSServer_CY/login/login.html' (assert_ui.py:192)
[2022-08-04 17:41:32] [    INFO] 【SRM】项目【test】环境- UI自动化开始执行 (conftest.py:17)
[2022-08-04 17:41:32] [    INFO] 前置条件：传音统一登录开始 (conftest.py:24)
[2022-08-04 17:41:34] [    INFO] 打开网页：http://sitsrm.transsion.com/ELSServer_CY/login/login.html (basics.py:64)
[2022-08-04 17:41:34] [    INFO] 查找元素：('xpath', '//input[@id="elsSubAccount"]') (basics.py:107)
[2022-08-04 17:41:34] [    INFO] 输入文本：1001 (basics.py:138)
[2022-08-04 17:41:35] [    INFO] 查找元素：('xpath', '//input[@id="elsAccount"]') (basics.py:107)
[2022-08-04 17:41:35] [    INFO] 输入文本：860000 (basics.py:138)
[2022-08-04 17:41:35] [    INFO] 查找元素：('xpath', '//input[@type="password"]') (basics.py:107)
[2022-08-04 17:41:36] [    INFO] 输入文本：1qaz@WSX (basics.py:138)
[2022-08-04 17:41:36] [    INFO] 打开网页：http://sitsrm.transsion.com/ELSServer_CY/login/login.html (basics.py:64)
[2022-08-04 17:41:36] [    INFO] 查找元素：('xpath', '//input[@id="identifyCode"]') (basics.py:107)
[2022-08-04 17:41:36] [    INFO] 点击元素：('xpath', '//input[@id="identifyCode"]') (basics.py:191)
[2022-08-04 17:41:37] [    INFO] 查找元素：('xpath', '//img[@id="code"]') (basics.py:107)
[2022-08-04 17:41:38] [    INFO] 查找元素：('xpath', '//input[@id="identifyCode"]') (basics.py:107)
[2022-08-04 17:41:38] [    INFO] 输入文本：3427 (basics.py:138)
[2022-08-04 17:41:40] [    INFO] 查找元素：('xpath', '//input[@id="identifyCode"]') (basics.py:107)
[2022-08-04 17:41:40] [    INFO] 查找元素：('xpath', '//input[@id="identifyCode"]') (basics.py:107)
[2022-08-04 17:41:40] [    INFO] 点击元素：('xpath', '//input[@id="identifyCode"]') (basics.py:191)
[2022-08-04 17:41:42] [    INFO] 查找元素：('xpath', '//img[@id="code"]') (basics.py:107)
[2022-08-04 17:41:43] [    INFO] 查找元素：('xpath', '//input[@id="identifyCode"]') (basics.py:107)
[2022-08-04 17:41:43] [    INFO] 输入文本：3427 (basics.py:138)
[2022-08-04 17:41:45] [    INFO] 查找元素：('xpath', '//input[@id="identifyCode"]') (basics.py:107)
[2022-08-04 17:42:27] [    INFO] 【SRM】项目【test】环境- UI自动化开始执行 (conftest.py:17)
[2022-08-04 17:42:27] [    INFO] 前置条件：传音统一登录开始 (conftest.py:24)
[2022-08-04 17:42:28] [    INFO] 打开网页：http://sitsrm.transsion.com/ELSServer_CY/login/login.html (basics.py:64)
[2022-08-04 17:42:29] [    INFO] 查找元素：('xpath', '//input[@id="elsSubAccount"]') (basics.py:107)
[2022-08-04 17:42:29] [    INFO] 输入文本：1001 (basics.py:138)
[2022-08-04 17:42:29] [    INFO] 查找元素：('xpath', '//input[@id="elsAccount"]') (basics.py:107)
[2022-08-04 17:42:29] [    INFO] 输入文本：860000 (basics.py:138)
[2022-08-04 17:42:30] [    INFO] 查找元素：('xpath', '//input[@type="password"]') (basics.py:107)
[2022-08-04 17:42:30] [    INFO] 输入文本：1qaz@WSX (basics.py:138)
[2022-08-04 17:42:30] [    INFO] 查找元素：('xpath', '//input[@id="identifyCode"]') (basics.py:107)
[2022-08-04 17:42:30] [    INFO] 点击元素：('xpath', '//input[@id="identifyCode"]') (basics.py:191)
[2022-08-04 17:42:31] [    INFO] 查找元素：('xpath', '//img[@id="code"]') (basics.py:107)
[2022-08-04 17:42:32] [    INFO] 查找元素：('xpath', '//input[@id="identifyCode"]') (basics.py:107)
[2022-08-04 17:42:32] [    INFO] 输入文本：205 (basics.py:138)
[2022-08-04 17:42:32] [    INFO] 查找元素：('xpath', '//button[@id="submit_btn"]') (basics.py:107)
[2022-08-04 17:42:33] [    INFO] 点击元素：('xpath', '//button[@id="submit_btn"]') (basics.py:191)
[2022-08-04 17:42:33] [ WARNING] 断言失败：URL为预期不一致 | URL: http://sitsrm.transsion.com/ELSServer_CY/login/login.html (assert_ui.py:189)
[2022-08-04 17:42:33] [   ERROR] None
assert 'http://sitsrm.transsion.com/ELSServer_CY/default.jsp?account=860000_1001' in 'http://sitsrm.transsion.com/ELSServer_CY/login/login.html' (assert_ui.py:192)
[2022-08-04 17:42:43] [    INFO] 【SRM】项目【test】环境- UI自动化开始执行 (conftest.py:17)
[2022-08-04 17:42:43] [    INFO] 前置条件：传音统一登录开始 (conftest.py:24)
[2022-08-04 17:42:44] [    INFO] 打开网页：http://sitsrm.transsion.com/ELSServer_CY/login/login.html (basics.py:64)
[2022-08-04 17:42:44] [    INFO] 查找元素：('xpath', '//input[@id="elsSubAccount"]') (basics.py:107)
[2022-08-04 17:42:44] [    INFO] 输入文本：1001 (basics.py:138)
[2022-08-04 17:42:45] [    INFO] 查找元素：('xpath', '//input[@id="elsAccount"]') (basics.py:107)
[2022-08-04 17:42:45] [    INFO] 输入文本：860000 (basics.py:138)
[2022-08-04 17:42:46] [    INFO] 查找元素：('xpath', '//input[@type="password"]') (basics.py:107)
[2022-08-04 17:42:46] [    INFO] 输入文本：1qaz@WSX (basics.py:138)
[2022-08-04 17:42:46] [    INFO] 查找元素：('xpath', '//input[@id="identifyCode"]') (basics.py:107)
[2022-08-04 17:42:46] [    INFO] 点击元素：('xpath', '//input[@id="identifyCode"]') (basics.py:191)
[2022-08-04 17:42:47] [    INFO] 查找元素：('xpath', '//img[@id="code"]') (basics.py:107)
[2022-08-04 17:42:48] [    INFO] 查找元素：('xpath', '//input[@id="identifyCode"]') (basics.py:107)
[2022-08-04 17:42:48] [    INFO] 输入文本：8065 (basics.py:138)
[2022-08-04 17:42:48] [    INFO] 查找元素：('xpath', '//button[@id="submit_btn"]') (basics.py:107)
[2022-08-04 17:42:48] [    INFO] 点击元素：('xpath', '//button[@id="submit_btn"]') (basics.py:191)
[2022-08-04 17:42:49] [    INFO] 断言成功：URL为预期一致 | URL: http://sitsrm.transsion.com/ELSServer_CY/default.jsp?account=860000_1001 (assert_ui.py:190)
[2022-08-04 17:42:49] [    INFO] 查找元素：('xpath', '//div[@id="supplierPerformanceAppraisal"]') (basics.py:107)
[2022-08-04 17:42:50] [    INFO] 点击元素：('xpath', '//div[@id="supplierPerformanceAppraisal"]') (basics.py:191)
[2022-08-04 17:50:21] [    INFO] 【SRM】项目【test】环境- UI自动化开始执行 (conftest.py:17)
[2022-08-04 17:50:21] [    INFO] 前置条件：传音统一登录开始 (conftest.py:24)
[2022-08-04 17:50:22] [    INFO] 打开网页：http://sitsrm.transsion.com/ELSServer_CY/login/login.html (basics.py:64)
[2022-08-04 17:50:23] [    INFO] 查找元素：('xpath', '//input[@id="elsAccount"]') (basics.py:107)
[2022-08-04 17:50:25] [    INFO] 输入文本：860000 (basics.py:138)
[2022-08-04 17:50:26] [    INFO] 查找元素：('xpath', '//input[@id="elsSubAccount"]') (basics.py:107)
[2022-08-04 17:50:26] [    INFO] 输入文本：1001 (basics.py:138)
[2022-08-04 17:50:26] [    INFO] 查找元素：('xpath', '//input[@type="password"]') (basics.py:107)
[2022-08-04 17:50:26] [    INFO] 输入文本：1qaz@WSX (basics.py:138)
[2022-08-04 17:50:26] [    INFO] 查找元素：('xpath', '//input[@id="identifyCode"]') (basics.py:107)
[2022-08-04 17:50:26] [    INFO] 点击元素：('xpath', '//input[@id="identifyCode"]') (basics.py:191)
[2022-08-04 17:50:28] [    INFO] 查找元素：('xpath', '//img[@id="code"]') (basics.py:107)
[2022-08-04 17:50:28] [    INFO] 查找元素：('xpath', '//input[@id="identifyCode"]') (basics.py:107)
[2022-08-04 17:50:28] [    INFO] 输入文本：2095 (basics.py:138)
[2022-08-04 17:50:28] [    INFO] 查找元素：('xpath', '//button[@id="submit_btn"]') (basics.py:107)
[2022-08-04 17:50:28] [    INFO] 点击元素：('xpath', '//button[@id="submit_btn"]') (basics.py:191)
[2022-08-04 17:50:29] [    INFO] 断言成功：URL为预期一致 | URL: http://sitsrm.transsion.com/ELSServer_CY/default.jsp?account=860000_1001 (assert_ui.py:190)
[2022-08-04 17:50:29] [    INFO] 查找元素：('xpath', '//div[@id="supplierPerformanceAppraisal"]') (basics.py:107)
[2022-08-04 17:50:30] [    INFO] 点击元素：('xpath', '//div[@id="supplierPerformanceAppraisal"]') (basics.py:191)
