[2022-08-05 17:23:46] [    INFO] 【SRM】项目【test】环境- UI自动化开始执行 (conftest.py:17)
[2022-08-05 17:23:46] [    INFO] 前置条件：传音统一登录开始 (conftest.py:22)
[2022-08-05 17:23:47] [    INFO] 打开网页：http://sitsrm.transsion.com/ELSServer_CY/login/login.html (basics.py:64)
[2022-08-05 17:23:48] [    INFO] 查找元素：('xpath', '//input[@id="elsAccount"]') (basics.py:107)
[2022-08-05 17:23:48] [    INFO] 输入文本：860000 (basics.py:138)
[2022-08-05 17:23:48] [    INFO] 查找元素：('xpath', '//input[@id="elsSubAccount"]') (basics.py:107)
[2022-08-05 17:23:48] [    INFO] 输入文本：1001 (basics.py:138)
[2022-08-05 17:23:49] [    INFO] 查找元素：('xpath', '//input[@type="password"]') (basics.py:107)
[2022-08-05 17:23:49] [    INFO] 输入文本：1qaz@WSX (basics.py:138)
[2022-08-05 17:23:49] [    INFO] 查找元素：('xpath', '//input[@id="identifyCode"]') (basics.py:107)
[2022-08-05 17:23:49] [    INFO] 点击元素：('xpath', '//input[@id="identifyCode"]') (basics.py:191)
[2022-08-05 17:23:50] [    INFO] 查找元素：('xpath', '//img[@id="code"]') (basics.py:107)
[2022-08-05 17:23:51] [    INFO] 查找元素：('xpath', '//input[@id="identifyCode"]') (basics.py:107)
[2022-08-05 17:23:51] [    INFO] 输入文本：8699 (basics.py:138)
[2022-08-05 17:23:51] [    INFO] 查找元素：('xpath', '//button[@id="submit_btn"]') (basics.py:107)
[2022-08-05 17:23:51] [    INFO] 点击元素：('xpath', '//button[@id="submit_btn"]') (basics.py:191)
[2022-08-05 17:23:52] [    INFO] 断言成功：URL为预期一致 | URL: http://sitsrm.transsion.com/ELSServer_CY/default.jsp?account=860000_1001 (assert_ui.py:190)
[2022-08-05 17:23:52] [    INFO] 前置条件：传音统一登录成功 (conftest.py:31)
[2022-08-05 17:23:52] [    INFO] 查找元素：('xpath', '//span[@title="审批列表"]') (basics.py:107)
[2022-08-05 17:23:53] [    INFO] 点击元素：('xpath', '//span[@title="审批列表"]') (basics.py:191)
[2022-08-05 17:23:55] [    INFO] 查找元素：('xpath', '//iframe[@name="iframeApp_auditList"]') (basics.py:107)
[2022-08-05 17:23:55] [    INFO] 查找元素：('xpath', '//input[@name="taskName"]') (basics.py:107)
[2022-08-05 17:23:55] [    INFO] 点击元素：('xpath', '//input[@name="taskName"]') (basics.py:191)
[2022-08-05 17:23:56] [    INFO] 查找元素：('xpath', '//input[@name="taskName"]') (basics.py:107)
[2022-08-05 17:23:57] [    INFO] 输入文本：周本林 (basics.py:138)
[2022-08-05 17:23:57] [    INFO] 查找元素：('xpath', '//button[text()=" 查询"]') (basics.py:107)
[2022-08-05 17:23:57] [    INFO] 点击元素：('xpath', '//button[text()=" 查询"]') (basics.py:191)
[2022-08-05 17:23:57] [    INFO] 查找元素：('xpath', '//input[@name="taskName"]') (basics.py:107)
[2022-08-05 17:23:57] [    INFO] 查找元素：('xpath', '//button[text()=" 查询"]') (basics.py:107)
[2022-08-05 17:23:57] [    INFO] 点击元素：('xpath', '//button[text()=" 查询"]') (basics.py:191)
[2022-08-05 17:23:58] [    INFO] 查找元素：('xpath', '//input[@name="subject"]') (basics.py:107)
[2022-08-05 17:23:58] [    INFO] 点击元素：('xpath', '//input[@name="subject"]') (basics.py:191)
[2022-08-05 17:23:59] [    INFO] 查找元素：('xpath', '//input[@name="subject"]') (basics.py:107)
[2022-08-05 17:23:59] [    INFO] 输入文本：20220628000011 (basics.py:138)
[2022-08-05 17:23:59] [    INFO] 查找元素：('xpath', '//button[text()=" 查询"]') (basics.py:107)
[2022-08-05 17:23:59] [    INFO] 点击元素：('xpath', '//button[text()=" 查询"]') (basics.py:191)
[2022-08-05 17:24:00] [    INFO] 查找元素：('xpath', '//input[@name="subject"]') (basics.py:107)
[2022-08-05 17:24:00] [    INFO] 查找元素：('xpath', '//button[text()=" 查询"]') (basics.py:107)
[2022-08-05 17:24:00] [    INFO] 点击元素：('xpath', '//button[text()=" 查询"]') (basics.py:191)
[2022-08-05 17:24:00] [    INFO] 查找元素：('xpath', '//button[text()=" 更多"]') (basics.py:107)
[2022-08-05 17:24:00] [    INFO] 点击元素：('xpath', '//button[text()=" 更多"]') (basics.py:191)
[2022-08-05 17:24:01] [    INFO] 查找元素：('xpath', '//input[@name="promoterName"]') (basics.py:107)
[2022-08-05 17:24:01] [    INFO] 点击元素：('xpath', '//input[@name="promoterName"]') (basics.py:191)
[2022-08-05 17:24:02] [    INFO] 查找元素：('xpath', '//input[@name="promoterName"]') (basics.py:107)
[2022-08-05 17:24:02] [    INFO] 输入文本：管理员 (basics.py:138)
[2022-08-05 17:24:02] [    INFO] 查找元素：('xpath', '//button[text()=" 查询"]') (basics.py:107)
[2022-08-05 17:24:02] [    INFO] 点击元素：('xpath', '//button[text()=" 查询"]') (basics.py:191)
[2022-08-05 17:24:03] [    INFO] 查找元素：('xpath', '//a[text()=" 审批历史"]') (basics.py:107)
[2022-08-05 17:24:03] [    INFO] 点击元素：('xpath', '//a[text()=" 审批历史"]') (basics.py:191)
[2022-08-05 17:56:09] [    INFO] 【SRM】项目【test】环境- UI自动化开始执行 (conftest.py:17)
[2022-08-05 17:56:09] [    INFO] 前置条件：传音统一登录开始 (conftest.py:22)
[2022-08-05 17:56:10] [    INFO] 打开网页：http://sitsrm.transsion.com/ELSServer_CY/login/login.html (basics.py:64)
[2022-08-05 17:56:11] [    INFO] 查找元素：('xpath', '//input[@id="elsAccount"]') (basics.py:107)
[2022-08-05 17:56:11] [    INFO] 输入文本：860000 (basics.py:138)
[2022-08-05 17:56:11] [    INFO] 查找元素：('xpath', '//input[@id="elsSubAccount"]') (basics.py:107)
[2022-08-05 17:56:11] [    INFO] 输入文本：1001 (basics.py:138)
[2022-08-05 17:56:12] [    INFO] 查找元素：('xpath', '//input[@type="password"]') (basics.py:107)
[2022-08-05 17:56:12] [    INFO] 输入文本：1qaz@WSX (basics.py:138)
[2022-08-05 17:56:12] [    INFO] 查找元素：('xpath', '//input[@id="identifyCode"]') (basics.py:107)
[2022-08-05 17:56:12] [    INFO] 点击元素：('xpath', '//input[@id="identifyCode"]') (basics.py:191)
[2022-08-05 17:56:13] [    INFO] 查找元素：('xpath', '//img[@id="code"]') (basics.py:107)
[2022-08-05 17:56:14] [    INFO] 查找元素：('xpath', '//input[@id="identifyCode"]') (basics.py:107)
[2022-08-05 17:56:14] [    INFO] 输入文本：2693 (basics.py:138)
[2022-08-05 17:56:14] [    INFO] 查找元素：('xpath', '//button[@id="submit_btn"]') (basics.py:107)
[2022-08-05 17:56:14] [    INFO] 点击元素：('xpath', '//button[@id="submit_btn"]') (basics.py:191)
[2022-08-05 17:56:15] [    INFO] 断言成功：URL为预期一致 | URL: http://sitsrm.transsion.com/ELSServer_CY/default.jsp?account=860000_1001 (assert_ui.py:190)
[2022-08-05 17:56:15] [    INFO] 前置条件：传音统一登录成功 (conftest.py:31)
[2022-08-05 17:56:15] [    INFO] 查找元素：('xpath', '//span[@title="审批列表"]') (basics.py:107)
[2022-08-05 17:56:16] [    INFO] 点击元素：('xpath', '//span[@title="审批列表"]') (basics.py:191)
[2022-08-05 17:56:18] [    INFO] 查找元素：('xpath', '//iframe[@name="iframeApp_auditList"]') (basics.py:107)
[2022-08-05 17:56:18] [    INFO] 查找元素：('xpath', '//input[@name="taskName"]') (basics.py:107)
[2022-08-05 17:56:18] [    INFO] 点击元素：('xpath', '//input[@name="taskName"]') (basics.py:191)
[2022-08-05 17:56:20] [    INFO] 查找元素：('xpath', '//input[@name="taskName"]') (basics.py:107)
[2022-08-05 17:56:20] [    INFO] 输入文本：周本林 (basics.py:138)
[2022-08-05 17:56:20] [    INFO] 查找元素：('xpath', '//button[text()=" 查询"]') (basics.py:107)
[2022-08-05 17:56:20] [    INFO] 点击元素：('xpath', '//button[text()=" 查询"]') (basics.py:191)
[2022-08-05 17:56:20] [    INFO] 查找元素：('xpath', '//input[@name="taskName"]') (basics.py:107)
[2022-08-05 17:56:20] [    INFO] 查找元素：('xpath', '//button[text()=" 查询"]') (basics.py:107)
[2022-08-05 17:56:20] [    INFO] 点击元素：('xpath', '//button[text()=" 查询"]') (basics.py:191)
[2022-08-05 17:56:21] [    INFO] 查找元素：('xpath', '//input[@name="subject"]') (basics.py:107)
[2022-08-05 17:56:21] [    INFO] 点击元素：('xpath', '//input[@name="subject"]') (basics.py:191)
[2022-08-05 17:56:22] [    INFO] 查找元素：('xpath', '//input[@name="subject"]') (basics.py:107)
[2022-08-05 17:56:22] [    INFO] 输入文本：20220628000011 (basics.py:138)
[2022-08-05 17:56:22] [    INFO] 查找元素：('xpath', '//button[text()=" 查询"]') (basics.py:107)
[2022-08-05 17:56:22] [    INFO] 点击元素：('xpath', '//button[text()=" 查询"]') (basics.py:191)
[2022-08-05 17:56:23] [    INFO] 查找元素：('xpath', '//input[@name="subject"]') (basics.py:107)
[2022-08-05 17:56:23] [    INFO] 查找元素：('xpath', '//button[text()=" 查询"]') (basics.py:107)
[2022-08-05 17:56:23] [    INFO] 点击元素：('xpath', '//button[text()=" 查询"]') (basics.py:191)
[2022-08-05 17:56:23] [    INFO] 查找元素：('xpath', '//button[text()=" 更多"]') (basics.py:107)
[2022-08-05 17:56:24] [    INFO] 点击元素：('xpath', '//button[text()=" 更多"]') (basics.py:191)
[2022-08-05 17:56:24] [    INFO] 查找元素：('xpath', '//input[@name="promoterName"]') (basics.py:107)
[2022-08-05 17:56:24] [    INFO] 点击元素：('xpath', '//input[@name="promoterName"]') (basics.py:191)
[2022-08-05 17:56:25] [    INFO] 查找元素：('xpath', '//input[@name="promoterName"]') (basics.py:107)
[2022-08-05 17:56:25] [    INFO] 输入文本：管理员 (basics.py:138)
[2022-08-05 17:56:25] [    INFO] 查找元素：('xpath', '//button[text()=" 查询"]') (basics.py:107)
[2022-08-05 17:56:25] [    INFO] 点击元素：('xpath', '//button[text()=" 查询"]') (basics.py:191)
[2022-08-05 17:56:26] [    INFO] 查找元素：('xpath', '//div[@id="pq-body-cell-u0-0-2-right"]/span') (basics.py:107)
[2022-08-05 17:56:26] [    INFO] 点击元素：('xpath', '//div[@id="pq-body-cell-u0-0-2-right"]/span') (basics.py:191)
[2022-08-05 17:59:01] [    INFO] 【SRM】项目【test】环境- UI自动化开始执行 (conftest.py:17)
[2022-08-05 17:59:01] [    INFO] 前置条件：传音统一登录开始 (conftest.py:22)
[2022-08-05 17:59:02] [    INFO] 打开网页：http://sitsrm.transsion.com/ELSServer_CY/login/login.html (basics.py:64)
[2022-08-05 17:59:02] [    INFO] 查找元素：('xpath', '//input[@id="elsAccount"]') (basics.py:107)
[2022-08-05 17:59:03] [    INFO] 输入文本：860000 (basics.py:138)
[2022-08-05 17:59:03] [    INFO] 查找元素：('xpath', '//input[@id="elsSubAccount"]') (basics.py:107)
[2022-08-05 17:59:03] [    INFO] 输入文本：1001 (basics.py:138)
[2022-08-05 17:59:04] [    INFO] 查找元素：('xpath', '//input[@type="password"]') (basics.py:107)
[2022-08-05 17:59:04] [    INFO] 输入文本：1qaz@WSX (basics.py:138)
[2022-08-05 17:59:04] [    INFO] 查找元素：('xpath', '//input[@id="identifyCode"]') (basics.py:107)
[2022-08-05 17:59:04] [    INFO] 点击元素：('xpath', '//input[@id="identifyCode"]') (basics.py:191)
[2022-08-05 17:59:05] [    INFO] 查找元素：('xpath', '//img[@id="code"]') (basics.py:107)
[2022-08-05 17:59:06] [    INFO] 查找元素：('xpath', '//input[@id="identifyCode"]') (basics.py:107)
[2022-08-05 17:59:06] [    INFO] 输入文本：2319 (basics.py:138)
[2022-08-05 17:59:06] [    INFO] 查找元素：('xpath', '//button[@id="submit_btn"]') (basics.py:107)
[2022-08-05 17:59:06] [    INFO] 点击元素：('xpath', '//button[@id="submit_btn"]') (basics.py:191)
[2022-08-05 17:59:07] [    INFO] 断言成功：URL为预期一致 | URL: http://sitsrm.transsion.com/ELSServer_CY/default.jsp?account=860000_1001 (assert_ui.py:190)
[2022-08-05 17:59:07] [    INFO] 前置条件：传音统一登录成功 (conftest.py:31)
[2022-08-05 17:59:07] [    INFO] 查找元素：('xpath', '//span[@title="审批列表"]') (basics.py:107)
[2022-08-05 17:59:08] [    INFO] 点击元素：('xpath', '//span[@title="审批列表"]') (basics.py:191)
[2022-08-05 17:59:10] [    INFO] 查找元素：('xpath', '//iframe[@name="iframeApp_auditList"]') (basics.py:107)
[2022-08-05 17:59:10] [    INFO] 查找元素：('xpath', '//input[@name="taskName"]') (basics.py:107)
[2022-08-05 17:59:10] [    INFO] 点击元素：('xpath', '//input[@name="taskName"]') (basics.py:191)
[2022-08-05 17:59:11] [    INFO] 查找元素：('xpath', '//input[@name="taskName"]') (basics.py:107)
[2022-08-05 17:59:12] [    INFO] 输入文本：周本林 (basics.py:138)
[2022-08-05 17:59:12] [    INFO] 查找元素：('xpath', '//button[text()=" 查询"]') (basics.py:107)
[2022-08-05 17:59:12] [    INFO] 点击元素：('xpath', '//button[text()=" 查询"]') (basics.py:191)
[2022-08-05 17:59:12] [    INFO] 查找元素：('xpath', '//input[@name="taskName"]') (basics.py:107)
[2022-08-05 17:59:12] [    INFO] 查找元素：('xpath', '//button[text()=" 查询"]') (basics.py:107)
[2022-08-05 17:59:12] [    INFO] 点击元素：('xpath', '//button[text()=" 查询"]') (basics.py:191)
[2022-08-05 17:59:13] [    INFO] 查找元素：('xpath', '//input[@name="subject"]') (basics.py:107)
[2022-08-05 17:59:13] [    INFO] 点击元素：('xpath', '//input[@name="subject"]') (basics.py:191)
[2022-08-05 17:59:14] [    INFO] 查找元素：('xpath', '//input[@name="subject"]') (basics.py:107)
[2022-08-05 17:59:14] [    INFO] 输入文本：20220628000011 (basics.py:138)
[2022-08-05 17:59:14] [    INFO] 查找元素：('xpath', '//button[text()=" 查询"]') (basics.py:107)
[2022-08-05 17:59:14] [    INFO] 点击元素：('xpath', '//button[text()=" 查询"]') (basics.py:191)
[2022-08-05 17:59:15] [    INFO] 查找元素：('xpath', '//input[@name="subject"]') (basics.py:107)
[2022-08-05 17:59:15] [    INFO] 查找元素：('xpath', '//button[text()=" 查询"]') (basics.py:107)
[2022-08-05 17:59:15] [    INFO] 点击元素：('xpath', '//button[text()=" 查询"]') (basics.py:191)
[2022-08-05 17:59:15] [    INFO] 查找元素：('xpath', '//button[text()=" 更多"]') (basics.py:107)
[2022-08-05 17:59:15] [    INFO] 点击元素：('xpath', '//button[text()=" 更多"]') (basics.py:191)
[2022-08-05 17:59:16] [    INFO] 查找元素：('xpath', '//input[@name="promoterName"]') (basics.py:107)
[2022-08-05 17:59:16] [    INFO] 点击元素：('xpath', '//input[@name="promoterName"]') (basics.py:191)
[2022-08-05 17:59:17] [    INFO] 查找元素：('xpath', '//input[@name="promoterName"]') (basics.py:107)
[2022-08-05 17:59:17] [    INFO] 输入文本：管理员 (basics.py:138)
[2022-08-05 17:59:17] [    INFO] 查找元素：('xpath', '//button[text()=" 查询"]') (basics.py:107)
[2022-08-05 17:59:17] [    INFO] 点击元素：('xpath', '//button[text()=" 查询"]') (basics.py:191)
[2022-08-05 17:59:18] [    INFO] 查找元素：('xpath', '//div[@id="pq-body-cell-u0-0-2-right"]/span') (basics.py:107)
[2022-08-05 17:59:18] [    INFO] 点击元素：('xpath', '//div[@id="pq-body-cell-u0-0-2-right"]/span') (basics.py:191)
