[2022-09-05 14:27:12] [    INFO] 【PDC】项目【test】环境- UI自动化开始执行 (conftest.py:14)
[2022-09-05 14:27:12] [    INFO] 前置条件：传音统一登录开始 (conftest.py:18)
[2022-09-05 14:27:16] [    INFO] 打开网页：http://bom-sit.transsion.com:10000/ (basics.py:63)
[2022-09-05 14:27:17] [    INFO] 查找元素：('xpath', "//div[@role='button']") (basics.py:106)
[2022-09-05 14:27:17] [    INFO] 点击元素：('xpath', "//div[@role='button']") (basics.py:206)
[2022-09-05 14:27:21] [    INFO] 查找元素：['xpath', "//*[contains(@id,'dropdown-menu-')]//li[1]"] (basics.py:106)
[2022-09-05 14:27:22] [    INFO] 查找元素：('xpath', "//div[@role='button']") (basics.py:106)
[2022-09-05 14:27:22] [    INFO] 点击元素：('xpath', "//div[@role='button']") (basics.py:206)
[2022-09-05 14:27:23] [    INFO] 查找元素：('id', 'tab-account') (basics.py:106)
[2022-09-05 14:27:23] [    INFO] 点击元素：('id', 'tab-account') (basics.py:206)
[2022-09-05 14:27:24] [    INFO] 查找元素：('xpath', "//*[@id='pane-account']/form/div[1]/div/div[1]/input") (basics.py:106)
[2022-09-05 14:27:24] [    INFO] 输入文本：18649277 (basics.py:137)
[2022-09-05 14:27:26] [    INFO] 查找元素：('xpath', "//*[@id='pane-account']/form/div[2]/div/div[1]/input") (basics.py:106)
[2022-09-05 14:27:26] [    INFO] 输入文本：xLily6x (basics.py:137)
[2022-09-05 14:27:27] [    INFO] 查找元素：('xpath', "//span[text()='我已阅读并接受']/../label/span/span") (basics.py:106)
[2022-09-05 14:27:27] [    INFO] 获取状态：False (basics.py:330)
[2022-09-05 14:27:27] [    INFO] 查找元素：('xpath', "//span[text()='我已阅读并接受']/../label/span/span") (basics.py:106)
[2022-09-05 14:27:27] [    INFO] 点击元素：('xpath', "//span[text()='我已阅读并接受']/../label/span/span") (basics.py:206)
[2022-09-05 14:27:27] [    INFO] 查找元素：('xpath', "//*[@id='pane-account']/form/button") (basics.py:106)
[2022-09-05 14:27:27] [    INFO] 点击元素：('xpath', "//*[@id='pane-account']/form/button") (basics.py:206)
[2022-09-05 14:27:34] [    INFO] 前置条件：传音统一登录成功 (conftest.py:25)
[2022-09-05 14:27:36] [    INFO] 查找元素：['xpath', "//li//span[text()='产品任命']"] (basics.py:106)
[2022-09-05 14:27:36] [    INFO] 选择点击：['xpath', "//li//span[text()='产品任命']"] (basics.py:203)
[2022-09-05 14:27:36] [    INFO] 点击产品任命：产品任命 (test2.py:31)
[2022-09-05 14:27:38] [    INFO] 查找元素：['xpath', "//li//span[normalize-space(text())='区域产品概述']"] (basics.py:106)
[2022-09-05 14:27:38] [    INFO] 选择点击：['xpath', "//li//span[normalize-space(text())='区域产品概述']"] (basics.py:203)
[2022-09-05 14:27:38] [    INFO] 点击区域产品概述：区域产品概述 (test2.py:33)
[2022-09-05 14:27:40] [    INFO] 刷新页面 (basics.py:337)
[2022-09-05 14:27:40] [    INFO] 查找元素：('xpath', "//div[contains(text(),'版本已固化')]/../../../td[@class='el-table_1_column_3   is-hidden el-table__cell']//span[contains(text(),' 分发 ')]") (basics.py:106)
[2022-09-05 14:29:13] [    INFO] 【PDC】项目【test】环境- UI自动化开始执行 (conftest.py:14)
[2022-09-05 14:29:13] [    INFO] 前置条件：传音统一登录开始 (conftest.py:18)
[2022-09-05 14:29:21] [    INFO] 打开网页：http://bom-sit.transsion.com:10000/ (basics.py:63)
[2022-09-05 14:29:21] [    INFO] 查找元素：('xpath', "//div[@role='button']") (basics.py:106)
[2022-09-05 14:29:21] [    INFO] 点击元素：('xpath', "//div[@role='button']") (basics.py:206)
[2022-09-05 14:29:25] [    INFO] 查找元素：['xpath', "//*[contains(@id,'dropdown-menu-')]//li[1]"] (basics.py:106)
[2022-09-05 14:29:26] [    INFO] 查找元素：('xpath', "//div[@role='button']") (basics.py:106)
[2022-09-05 14:29:26] [    INFO] 点击元素：('xpath', "//div[@role='button']") (basics.py:206)
[2022-09-05 14:29:27] [    INFO] 查找元素：('id', 'tab-account') (basics.py:106)
[2022-09-05 14:29:27] [    INFO] 点击元素：('id', 'tab-account') (basics.py:206)
[2022-09-05 14:29:28] [    INFO] 查找元素：('xpath', "//*[@id='pane-account']/form/div[1]/div/div[1]/input") (basics.py:106)
[2022-09-05 14:29:28] [    INFO] 输入文本：18649277 (basics.py:137)
[2022-09-05 14:29:30] [    INFO] 查找元素：('xpath', "//*[@id='pane-account']/form/div[2]/div/div[1]/input") (basics.py:106)
[2022-09-05 14:29:30] [    INFO] 输入文本：xLily6x (basics.py:137)
[2022-09-05 14:29:31] [    INFO] 查找元素：('xpath', "//span[text()='我已阅读并接受']/../label/span/span") (basics.py:106)
[2022-09-05 14:29:31] [    INFO] 获取状态：False (basics.py:330)
[2022-09-05 14:29:31] [    INFO] 查找元素：('xpath', "//span[text()='我已阅读并接受']/../label/span/span") (basics.py:106)
[2022-09-05 14:29:31] [    INFO] 点击元素：('xpath', "//span[text()='我已阅读并接受']/../label/span/span") (basics.py:206)
[2022-09-05 14:29:32] [    INFO] 查找元素：('xpath', "//*[@id='pane-account']/form/button") (basics.py:106)
[2022-09-05 14:29:32] [    INFO] 点击元素：('xpath', "//*[@id='pane-account']/form/button") (basics.py:206)
[2022-09-05 14:29:38] [    INFO] 前置条件：传音统一登录成功 (conftest.py:25)
[2022-09-05 14:29:40] [    INFO] 查找元素：['xpath', "//li//span[text()='产品任命']"] (basics.py:106)
[2022-09-05 14:29:40] [    INFO] 选择点击：['xpath', "//li//span[text()='产品任命']"] (basics.py:203)
[2022-09-05 14:29:40] [    INFO] 点击产品任命：产品任命 (test2.py:31)
[2022-09-05 14:29:42] [    INFO] 查找元素：['xpath', "//li//span[normalize-space(text())='区域产品概述']"] (basics.py:106)
[2022-09-05 14:29:42] [    INFO] 选择点击：['xpath', "//li//span[normalize-space(text())='区域产品概述']"] (basics.py:203)
[2022-09-05 14:29:42] [    INFO] 点击区域产品概述：区域产品概述 (test2.py:33)
[2022-09-05 14:29:45] [    INFO] 刷新页面 (basics.py:337)
[2022-09-05 14:29:45] [    INFO] 查找元素：('xpath', "//div[contains(text(),'版本已固化')]/../../../td[@class='el-table_1_column_3   is-hidden el-table__cell']//span[contains(text(),' 分发 ')]") (basics.py:106)
[2022-09-05 14:31:04] [    INFO] 【PDC】项目【test】环境- UI自动化开始执行 (conftest.py:14)
[2022-09-05 14:31:04] [    INFO] 前置条件：传音统一登录开始 (conftest.py:18)
[2022-09-05 14:31:11] [    INFO] 打开网页：http://bom-sit.transsion.com:10000/ (basics.py:63)
[2022-09-05 14:31:11] [    INFO] 查找元素：('xpath', "//div[@role='button']") (basics.py:106)
[2022-09-05 14:31:11] [    INFO] 点击元素：('xpath', "//div[@role='button']") (basics.py:206)
[2022-09-05 14:31:16] [    INFO] 查找元素：['xpath', "//*[contains(@id,'dropdown-menu-')]//li[1]"] (basics.py:106)
[2022-09-05 14:31:17] [    INFO] 查找元素：('xpath', "//div[@role='button']") (basics.py:106)
[2022-09-05 14:31:17] [    INFO] 点击元素：('xpath', "//div[@role='button']") (basics.py:206)
[2022-09-05 14:31:17] [    INFO] 查找元素：('id', 'tab-account') (basics.py:106)
[2022-09-05 14:31:17] [    INFO] 点击元素：('id', 'tab-account') (basics.py:206)
[2022-09-05 14:31:18] [    INFO] 查找元素：('xpath', "//*[@id='pane-account']/form/div[1]/div/div[1]/input") (basics.py:106)
[2022-09-05 14:31:19] [    INFO] 输入文本：18649277 (basics.py:137)
[2022-09-05 14:31:20] [    INFO] 查找元素：('xpath', "//*[@id='pane-account']/form/div[2]/div/div[1]/input") (basics.py:106)
[2022-09-05 14:31:20] [    INFO] 输入文本：xLily6x (basics.py:137)
[2022-09-05 14:31:21] [    INFO] 查找元素：('xpath', "//span[text()='我已阅读并接受']/../label/span/span") (basics.py:106)
[2022-09-05 14:31:21] [    INFO] 获取状态：False (basics.py:330)
[2022-09-05 14:31:21] [    INFO] 查找元素：('xpath', "//span[text()='我已阅读并接受']/../label/span/span") (basics.py:106)
[2022-09-05 14:31:21] [    INFO] 点击元素：('xpath', "//span[text()='我已阅读并接受']/../label/span/span") (basics.py:206)
[2022-09-05 14:31:22] [    INFO] 查找元素：('xpath', "//*[@id='pane-account']/form/button") (basics.py:106)
[2022-09-05 14:31:22] [    INFO] 点击元素：('xpath', "//*[@id='pane-account']/form/button") (basics.py:206)
[2022-09-05 14:31:28] [    INFO] 前置条件：传音统一登录成功 (conftest.py:25)
[2022-09-05 14:31:30] [    INFO] 查找元素：['xpath', "//li//span[text()='产品任命']"] (basics.py:106)
[2022-09-05 14:31:31] [    INFO] 选择点击：['xpath', "//li//span[text()='产品任命']"] (basics.py:203)
[2022-09-05 14:31:31] [    INFO] 点击产品任命：产品任命 (test2.py:31)
[2022-09-05 14:31:33] [    INFO] 查找元素：['xpath', "//li//span[normalize-space(text())='区域产品概述']"] (basics.py:106)
[2022-09-05 14:31:33] [    INFO] 选择点击：['xpath', "//li//span[normalize-space(text())='区域产品概述']"] (basics.py:203)
[2022-09-05 14:31:33] [    INFO] 点击区域产品概述：区域产品概述 (test2.py:33)
[2022-09-05 14:31:35] [    INFO] 刷新页面 (basics.py:337)
[2022-09-05 14:31:35] [    INFO] 查找元素：('xpath', "//div[contains(text(),'版本已固化')]/../../../td[@class='el-table_1_column_3   is-hidden el-table__cell']//span[contains(text(),' 分发 ')]") (basics.py:106)
[2022-09-05 14:32:06] [    INFO] 点击元素：('xpath', "//div[contains(text(),'版本已固化')]/../../../td[@class='el-table_1_column_3   is-hidden el-table__cell']//span[contains(text(),' 分发 ')]")None (basics.py:565)
[2022-09-05 14:32:07] [    INFO] 查找元素：('xpath', "//button//span[text()=' +新增 ']") (basics.py:106)
[2022-09-05 14:32:09] [    INFO] 点击元素：('xpath', "//button//span[text()=' +新增 ']") (basics.py:206)
[2022-09-05 14:32:10] [    INFO] 查找元素：('xpath', "//label[contains(text(),'分发角色')]/..//input") (basics.py:106)
[2022-09-05 14:32:10] [    INFO] 点击元素：('xpath', "//label[contains(text(),'分发角色')]/..//input") (basics.py:206)
[2022-09-05 14:32:13] [    INFO] 查找元素：['xpath', "//div[text()=' 测试角色 ']"] (basics.py:106)
[2022-09-05 14:32:13] [    INFO] 选择点击：['xpath', "//div[text()=' 测试角色 ']"] (basics.py:203)
[2022-09-05 14:32:14] [    INFO] 查找元素：('xpath', "//label[contains(text(),'分发人员')]/..//input") (basics.py:106)
[2022-09-05 14:32:14] [    INFO] 点击元素：('xpath', "//label[contains(text(),'分发人员')]/..//input") (basics.py:206)
[2022-09-05 14:32:16] [    INFO] 查找元素：['xpath', "//li//span[contains(text(),'李静萍')]"] (basics.py:106)
[2022-09-05 14:33:08] [    INFO] 【PDC】项目【test】环境- UI自动化开始执行 (conftest.py:14)
[2022-09-05 14:33:08] [    INFO] 前置条件：传音统一登录开始 (conftest.py:18)
[2022-09-05 14:33:20] [    INFO] 打开网页：http://bom-sit.transsion.com:10000/ (basics.py:63)
[2022-09-05 14:33:20] [    INFO] 查找元素：('xpath', "//div[@role='button']") (basics.py:106)
[2022-09-05 14:33:20] [    INFO] 点击元素：('xpath', "//div[@role='button']") (basics.py:206)
[2022-09-05 14:33:25] [    INFO] 查找元素：['xpath', "//*[contains(@id,'dropdown-menu-')]//li[1]"] (basics.py:106)
[2022-09-05 14:33:26] [    INFO] 查找元素：('xpath', "//div[@role='button']") (basics.py:106)
[2022-09-05 14:33:26] [    INFO] 点击元素：('xpath', "//div[@role='button']") (basics.py:206)
[2022-09-05 14:33:26] [    INFO] 查找元素：('id', 'tab-account') (basics.py:106)
[2022-09-05 14:33:26] [    INFO] 点击元素：('id', 'tab-account') (basics.py:206)
[2022-09-05 14:33:27] [    INFO] 查找元素：('xpath', "//*[@id='pane-account']/form/div[1]/div/div[1]/input") (basics.py:106)
[2022-09-05 14:33:27] [    INFO] 输入文本：18649277 (basics.py:137)
[2022-09-05 14:33:29] [    INFO] 查找元素：('xpath', "//*[@id='pane-account']/form/div[2]/div/div[1]/input") (basics.py:106)
[2022-09-05 14:33:29] [    INFO] 输入文本：xLily6x (basics.py:137)
[2022-09-05 14:33:30] [    INFO] 查找元素：('xpath', "//span[text()='我已阅读并接受']/../label/span/span") (basics.py:106)
[2022-09-05 14:33:30] [    INFO] 获取状态：False (basics.py:330)
[2022-09-05 14:33:30] [    INFO] 查找元素：('xpath', "//span[text()='我已阅读并接受']/../label/span/span") (basics.py:106)
[2022-09-05 14:33:30] [    INFO] 点击元素：('xpath', "//span[text()='我已阅读并接受']/../label/span/span") (basics.py:206)
[2022-09-05 14:33:31] [    INFO] 查找元素：('xpath', "//*[@id='pane-account']/form/button") (basics.py:106)
[2022-09-05 14:33:31] [    INFO] 点击元素：('xpath', "//*[@id='pane-account']/form/button") (basics.py:206)
[2022-09-05 14:33:37] [    INFO] 前置条件：传音统一登录成功 (conftest.py:25)
[2022-09-05 14:33:39] [    INFO] 查找元素：['xpath', "//li//span[text()='产品任命']"] (basics.py:106)
[2022-09-05 14:33:39] [    INFO] 选择点击：['xpath', "//li//span[text()='产品任命']"] (basics.py:203)
[2022-09-05 14:33:39] [    INFO] 点击产品任命：产品任命 (test2.py:31)
[2022-09-05 14:33:41] [    INFO] 查找元素：['xpath', "//li//span[normalize-space(text())='区域产品概述']"] (basics.py:106)
[2022-09-05 14:33:41] [    INFO] 选择点击：['xpath', "//li//span[normalize-space(text())='区域产品概述']"] (basics.py:203)
[2022-09-05 14:33:41] [    INFO] 点击区域产品概述：区域产品概述 (test2.py:33)
[2022-09-05 14:33:43] [    INFO] 刷新页面 (basics.py:337)
[2022-09-05 14:33:43] [    INFO] 查找元素：('xpath', "//div[contains(text(),'版本已固化')]/../../../td[@class='el-table_1_column_3   is-hidden el-table__cell']//span[contains(text(),' 分发 ')]") (basics.py:106)
[2022-09-05 14:34:15] [    INFO] 点击元素：('xpath', "//div[contains(text(),'版本已固化')]/../../../td[@class='el-table_1_column_3   is-hidden el-table__cell']//span[contains(text(),' 分发 ')]")None (basics.py:565)
[2022-09-05 14:34:16] [    INFO] 查找元素：('xpath', "//button//span[text()=' +新增 ']") (basics.py:106)
[2022-09-05 14:34:16] [    INFO] 点击元素：('xpath', "//button//span[text()=' +新增 ']") (basics.py:206)
[2022-09-05 14:34:18] [    INFO] 查找元素：('xpath', "//label[contains(text(),'分发角色')]/..//input") (basics.py:106)
[2022-09-05 14:34:18] [    INFO] 点击元素：('xpath', "//label[contains(text(),'分发角色')]/..//input") (basics.py:206)
[2022-09-05 14:34:20] [    INFO] 查找元素：['xpath', "//div[text()=' 测试角色 ']"] (basics.py:106)
[2022-09-05 14:34:20] [    INFO] 选择点击：['xpath', "//div[text()=' 测试角色 ']"] (basics.py:203)
[2022-09-05 14:34:21] [    INFO] 查找元素：('xpath', "//label[contains(text(),'分发人员')]/..//input") (basics.py:106)
[2022-09-05 14:34:21] [    INFO] 点击元素：('xpath', "//label[contains(text(),'分发人员')]/..//input") (basics.py:206)
[2022-09-05 14:34:24] [    INFO] 查找元素：['xpath', "//li//span[contains(text(),'李静苹')]"] (basics.py:106)
[2022-09-05 14:34:24] [    INFO] 选择点击：['xpath', "//li//span[contains(text(),'李静苹')]"] (basics.py:203)
[2022-09-05 14:34:25] [    INFO] 查找元素：('xpath', "//button[@class='el-button el-button--primary el-button--mini']//span[normalize-space(text())='确定']") (basics.py:106)
[2022-09-05 14:34:25] [    INFO] 点击元素：('xpath', "//button[@class='el-button el-button--primary el-button--mini']//span[normalize-space(text())='确定']") (basics.py:206)
[2022-09-05 14:34:27] [    INFO] 查找元素：('xpath', "//button//span[normalize-space(text())='提交分发']") (basics.py:106)
[2022-09-05 14:34:27] [    INFO] 点击元素：('xpath', "//button//span[normalize-space(text())='提交分发']") (basics.py:206)
[2022-09-05 14:35:28] [    INFO] 【PDC】项目【test】环境- UI自动化开始执行 (conftest.py:14)
[2022-09-05 14:35:28] [    INFO] 前置条件：传音统一登录开始 (conftest.py:18)
[2022-09-05 14:35:35] [    INFO] 打开网页：http://bom-sit.transsion.com:10000/ (basics.py:63)
[2022-09-05 14:35:35] [    INFO] 查找元素：('xpath', "//div[@role='button']") (basics.py:106)
[2022-09-05 14:35:35] [    INFO] 点击元素：('xpath', "//div[@role='button']") (basics.py:206)
[2022-09-05 14:35:39] [    INFO] 查找元素：['xpath', "//*[contains(@id,'dropdown-menu-')]//li[1]"] (basics.py:106)
[2022-09-05 14:35:41] [    INFO] 查找元素：('xpath', "//div[@role='button']") (basics.py:106)
[2022-09-05 14:35:41] [    INFO] 点击元素：('xpath', "//div[@role='button']") (basics.py:206)
[2022-09-05 14:35:41] [    INFO] 查找元素：('id', 'tab-account') (basics.py:106)
[2022-09-05 14:35:41] [    INFO] 点击元素：('id', 'tab-account') (basics.py:206)
[2022-09-05 14:35:42] [    INFO] 查找元素：('xpath', "//*[@id='pane-account']/form/div[1]/div/div[1]/input") (basics.py:106)
[2022-09-05 14:35:42] [    INFO] 输入文本：18649277 (basics.py:137)
[2022-09-05 14:35:44] [    INFO] 查找元素：('xpath', "//*[@id='pane-account']/form/div[2]/div/div[1]/input") (basics.py:106)
[2022-09-05 14:35:44] [    INFO] 输入文本：xLily6x (basics.py:137)
[2022-09-05 14:35:45] [    INFO] 查找元素：('xpath', "//span[text()='我已阅读并接受']/../label/span/span") (basics.py:106)
[2022-09-05 14:35:45] [    INFO] 获取状态：False (basics.py:330)
[2022-09-05 14:35:45] [    INFO] 查找元素：('xpath', "//span[text()='我已阅读并接受']/../label/span/span") (basics.py:106)
[2022-09-05 14:35:45] [    INFO] 点击元素：('xpath', "//span[text()='我已阅读并接受']/../label/span/span") (basics.py:206)
[2022-09-05 14:35:46] [    INFO] 查找元素：('xpath', "//*[@id='pane-account']/form/button") (basics.py:106)
[2022-09-05 14:35:46] [    INFO] 点击元素：('xpath', "//*[@id='pane-account']/form/button") (basics.py:206)
[2022-09-05 14:35:52] [    INFO] 前置条件：传音统一登录成功 (conftest.py:25)
[2022-09-05 14:35:54] [    INFO] 查找元素：['xpath', "//li//span[text()='产品任命']"] (basics.py:106)
[2022-09-05 14:35:55] [    INFO] 选择点击：['xpath', "//li//span[text()='产品任命']"] (basics.py:203)
[2022-09-05 14:35:55] [    INFO] 点击产品任命：产品任命 (test2.py:31)
[2022-09-05 14:35:57] [    INFO] 查找元素：['xpath', "//li//span[normalize-space(text())='区域产品概述']"] (basics.py:106)
[2022-09-05 14:35:57] [    INFO] 选择点击：['xpath', "//li//span[normalize-space(text())='区域产品概述']"] (basics.py:203)
[2022-09-05 14:35:57] [    INFO] 点击区域产品概述：区域产品概述 (test2.py:33)
[2022-09-05 14:35:58] [    INFO] 刷新页面 (basics.py:337)
[2022-09-05 14:35:58] [    INFO] 查找元素：('xpath', "//div[contains(text(),'版本已固化')]/../../../td[@class='el-table_1_column_3   is-hidden el-table__cell']//span[contains(text(),' 分发 ')]") (basics.py:106)
[2022-09-05 14:41:11] [    INFO] 【PDC】项目【test】环境- UI自动化开始执行 (conftest.py:14)
[2022-09-05 14:41:11] [    INFO] 前置条件：传音统一登录开始 (conftest.py:18)
[2022-09-05 14:41:20] [    INFO] 打开网页：http://bom-sit.transsion.com:10000/ (basics.py:63)
[2022-09-05 14:41:20] [    INFO] 查找元素：('xpath', "//div[@role='button']") (basics.py:106)
[2022-09-05 14:41:20] [    INFO] 点击元素：('xpath', "//div[@role='button']") (basics.py:206)
[2022-09-05 14:41:25] [    INFO] 查找元素：['xpath', "//*[contains(@id,'dropdown-menu-')]//li[1]"] (basics.py:106)
[2022-09-05 14:41:26] [    INFO] 查找元素：('xpath', "//div[@role='button']") (basics.py:106)
[2022-09-05 14:41:26] [    INFO] 点击元素：('xpath', "//div[@role='button']") (basics.py:206)
[2022-09-05 14:41:27] [    INFO] 查找元素：('id', 'tab-account') (basics.py:106)
[2022-09-05 14:41:27] [    INFO] 点击元素：('id', 'tab-account') (basics.py:206)
[2022-09-05 14:41:28] [    INFO] 查找元素：('xpath', "//*[@id='pane-account']/form/div[1]/div/div[1]/input") (basics.py:106)
[2022-09-05 14:41:28] [    INFO] 输入文本：18649277 (basics.py:137)
[2022-09-05 14:41:29] [    INFO] 查找元素：('xpath', "//*[@id='pane-account']/form/div[2]/div/div[1]/input") (basics.py:106)
[2022-09-05 14:41:29] [    INFO] 输入文本：xLily6x (basics.py:137)
[2022-09-05 14:41:30] [    INFO] 查找元素：('xpath', "//span[text()='我已阅读并接受']/../label/span/span") (basics.py:106)
[2022-09-05 14:41:30] [    INFO] 获取状态：False (basics.py:330)
[2022-09-05 14:41:30] [    INFO] 查找元素：('xpath', "//span[text()='我已阅读并接受']/../label/span/span") (basics.py:106)
[2022-09-05 14:41:31] [    INFO] 点击元素：('xpath', "//span[text()='我已阅读并接受']/../label/span/span") (basics.py:206)
[2022-09-05 14:41:31] [    INFO] 查找元素：('xpath', "//*[@id='pane-account']/form/button") (basics.py:106)
[2022-09-05 14:41:31] [    INFO] 点击元素：('xpath', "//*[@id='pane-account']/form/button") (basics.py:206)
[2022-09-05 14:41:38] [    INFO] 前置条件：传音统一登录成功 (conftest.py:25)
[2022-09-05 14:41:40] [    INFO] 查找元素：['xpath', "//li//span[text()='产品任命']"] (basics.py:106)
[2022-09-05 14:41:40] [    INFO] 选择点击：['xpath', "//li//span[text()='产品任命']"] (basics.py:203)
[2022-09-05 14:41:40] [    INFO] 点击产品任命：产品任命 (test2.py:31)
[2022-09-05 14:41:42] [    INFO] 查找元素：['xpath', "//li//span[normalize-space(text())='区域产品概述']"] (basics.py:106)
[2022-09-05 14:41:42] [    INFO] 选择点击：['xpath', "//li//span[normalize-space(text())='区域产品概述']"] (basics.py:203)
[2022-09-05 14:41:42] [    INFO] 点击区域产品概述：区域产品概述 (test2.py:33)
[2022-09-05 14:41:44] [    INFO] 刷新页面 (basics.py:337)
[2022-09-05 14:41:44] [    INFO] 查找元素：('xpath', '/html/body/div[1]/div/div[2]/section/div/section/div[1]/div/div/div[4]/div[1]/div[5]/div[2]/table/tbody/tr[3]/td[12]/div/button[2]/span') (basics.py:106)
[2022-09-05 14:41:45] [    INFO] 点击元素：('xpath', '/html/body/div[1]/div/div[2]/section/div/section/div[1]/div/div/div[4]/div[1]/div[5]/div[2]/table/tbody/tr[3]/td[12]/div/button[2]/span') (basics.py:206)
[2022-09-05 14:41:46] [    INFO] 查找元素：('xpath', "//button//span[text()=' +新增 ']") (basics.py:106)
[2022-09-05 14:43:53] [    INFO] 【PDC】项目【test】环境- UI自动化开始执行 (conftest.py:14)
[2022-09-05 14:43:53] [    INFO] 前置条件：传音统一登录开始 (conftest.py:18)
[2022-09-05 14:44:02] [    INFO] 打开网页：http://bom-sit.transsion.com:10000/ (basics.py:63)
[2022-09-05 14:44:02] [    INFO] 查找元素：('xpath', "//div[@role='button']") (basics.py:106)
[2022-09-05 14:44:02] [    INFO] 点击元素：('xpath', "//div[@role='button']") (basics.py:206)
[2022-09-05 14:44:07] [    INFO] 查找元素：['xpath', "//*[contains(@id,'dropdown-menu-')]//li[1]"] (basics.py:106)
[2022-09-05 14:44:08] [    INFO] 查找元素：('xpath', "//div[@role='button']") (basics.py:106)
[2022-09-05 14:44:08] [    INFO] 点击元素：('xpath', "//div[@role='button']") (basics.py:206)
[2022-09-05 14:44:09] [    INFO] 查找元素：('id', 'tab-account') (basics.py:106)
[2022-09-05 14:44:09] [    INFO] 点击元素：('id', 'tab-account') (basics.py:206)
[2022-09-05 14:44:10] [    INFO] 查找元素：('xpath', "//*[@id='pane-account']/form/div[1]/div/div[1]/input") (basics.py:106)
[2022-09-05 14:44:10] [    INFO] 输入文本：18649277 (basics.py:137)
[2022-09-05 14:44:11] [    INFO] 查找元素：('xpath', "//*[@id='pane-account']/form/div[2]/div/div[1]/input") (basics.py:106)
[2022-09-05 14:44:12] [    INFO] 输入文本：xLily6x (basics.py:137)
[2022-09-05 14:44:13] [    INFO] 查找元素：('xpath', "//span[text()='我已阅读并接受']/../label/span/span") (basics.py:106)
[2022-09-05 14:44:13] [    INFO] 获取状态：False (basics.py:330)
[2022-09-05 14:44:13] [    INFO] 查找元素：('xpath', "//span[text()='我已阅读并接受']/../label/span/span") (basics.py:106)
[2022-09-05 14:44:13] [    INFO] 点击元素：('xpath', "//span[text()='我已阅读并接受']/../label/span/span") (basics.py:206)
[2022-09-05 14:44:13] [    INFO] 查找元素：('xpath', "//*[@id='pane-account']/form/button") (basics.py:106)
[2022-09-05 14:44:13] [    INFO] 点击元素：('xpath', "//*[@id='pane-account']/form/button") (basics.py:206)
[2022-09-05 14:44:20] [    INFO] 前置条件：传音统一登录成功 (conftest.py:25)
[2022-09-05 14:44:20] [    INFO] 查找元素：['xpath', "//li//span[text()='产品任命']"] (basics.py:102)
[2022-09-05 14:44:24] [    INFO] 点击元素：('xpath', "//li//span[text()='产品任命']")产品任命 (basics.py:565)
[2022-09-05 14:44:24] [    INFO] 点击产品任命：产品任命 (ProductAppointment_RegionalProductOverview.py:31)
[2022-09-05 14:44:24] [    INFO] 查找元素：['xpath', "//li//span[normalize-space(text())='区域产品概述']"] (basics.py:102)
[2022-09-05 14:44:25] [    INFO] 点击元素：('xpath', "//li//span[normalize-space(text())='区域产品概述']")区域产品概述 (basics.py:565)
[2022-09-05 14:44:25] [    INFO] 点击区域产品概述：区域产品概述 (ProductAppointment_RegionalProductOverview.py:33)
[2022-09-05 14:44:27] [    INFO] 刷新页面 (basics.py:337)
[2022-09-05 14:44:27] [    INFO] 查找元素：('xpath', '/html/body/div[1]/div/div[2]/section/div/section/div[1]/div/div/div[4]/div[1]/div[5]/div[2]/table/tbody/tr[3]/td[12]/div/button[1]/span') (basics.py:106)
[2022-09-05 14:44:29] [    INFO] 点击元素：('xpath', '/html/body/div[1]/div/div[2]/section/div/section/div[1]/div/div/div[4]/div[1]/div[5]/div[2]/table/tbody/tr[3]/td[12]/div/button[1]/span')None (basics.py:565)
[2022-09-05 14:44:30] [    INFO] 查找元素：('xpath', "//div[contains(text(),'版本记录')]") (basics.py:106)
[2022-09-05 14:44:30] [    INFO] 点击元素：('xpath', "//div[contains(text(),'版本记录')]")None (basics.py:565)
[2022-09-05 14:51:12] [    INFO] 【PDC】项目【test】环境- UI自动化开始执行 (conftest.py:14)
[2022-09-05 14:51:12] [    INFO] 前置条件：传音统一登录开始 (conftest.py:18)
[2022-09-05 14:51:20] [    INFO] 打开网页：http://bom-sit.transsion.com:10000/ (basics.py:63)
[2022-09-05 14:51:20] [    INFO] 查找元素：('xpath', "//div[@role='button']") (basics.py:106)
[2022-09-05 14:51:20] [    INFO] 点击元素：('xpath', "//div[@role='button']") (basics.py:206)
[2022-09-05 14:51:25] [    INFO] 查找元素：['xpath', "//*[contains(@id,'dropdown-menu-')]//li[1]"] (basics.py:106)
[2022-09-05 14:51:26] [    INFO] 查找元素：('xpath', "//div[@role='button']") (basics.py:106)
[2022-09-05 14:51:26] [    INFO] 点击元素：('xpath', "//div[@role='button']") (basics.py:206)
[2022-09-05 14:51:27] [    INFO] 查找元素：('id', 'tab-account') (basics.py:106)
[2022-09-05 14:51:27] [    INFO] 点击元素：('id', 'tab-account') (basics.py:206)
[2022-09-05 14:51:28] [    INFO] 查找元素：('xpath', "//*[@id='pane-account']/form/div[1]/div/div[1]/input") (basics.py:106)
[2022-09-05 14:51:28] [    INFO] 输入文本：18649277 (basics.py:137)
[2022-09-05 14:51:29] [    INFO] 查找元素：('xpath', "//*[@id='pane-account']/form/div[2]/div/div[1]/input") (basics.py:106)
[2022-09-05 14:51:29] [    INFO] 输入文本：xLily6x (basics.py:137)
[2022-09-05 14:51:30] [    INFO] 查找元素：('xpath', "//span[text()='我已阅读并接受']/../label/span/span") (basics.py:106)
[2022-09-05 14:51:31] [    INFO] 获取状态：False (basics.py:330)
[2022-09-05 14:51:31] [    INFO] 查找元素：('xpath', "//span[text()='我已阅读并接受']/../label/span/span") (basics.py:106)
[2022-09-05 14:51:31] [    INFO] 点击元素：('xpath', "//span[text()='我已阅读并接受']/../label/span/span") (basics.py:206)
[2022-09-05 14:51:31] [    INFO] 查找元素：('xpath', "//*[@id='pane-account']/form/button") (basics.py:106)
[2022-09-05 14:51:31] [    INFO] 点击元素：('xpath', "//*[@id='pane-account']/form/button") (basics.py:206)
[2022-09-05 14:51:38] [    INFO] 前置条件：传音统一登录成功 (conftest.py:25)
[2022-09-05 14:51:40] [    INFO] 查找元素：['xpath', "//li//span[text()='产品任命']"] (basics.py:106)
[2022-09-05 14:51:40] [    INFO] 选择点击：['xpath', "//li//span[text()='产品任命']"] (basics.py:203)
[2022-09-05 14:51:40] [    INFO] 点击产品任命：产品任命 (test2.py:31)
[2022-09-05 14:51:42] [    INFO] 查找元素：['xpath', "//li//span[normalize-space(text())='区域产品概述']"] (basics.py:106)
[2022-09-05 14:51:42] [    INFO] 选择点击：['xpath', "//li//span[normalize-space(text())='区域产品概述']"] (basics.py:203)
[2022-09-05 14:51:42] [    INFO] 点击区域产品概述：区域产品概述 (test2.py:33)
[2022-09-05 14:51:44] [    INFO] 刷新页面 (basics.py:337)
[2022-09-05 14:51:44] [    INFO] 查找元素：('xpath', '/html/body/div[1]/div/div[2]/section/div/section/div[1]/div/div/div[4]/div[1]/div[5]/div[2]/table/tbody/tr[3]/td[12]/div/button[2]/span') (basics.py:106)
[2022-09-05 14:51:45] [    INFO] 点击元素：('xpath', '/html/body/div[1]/div/div[2]/section/div/section/div[1]/div/div/div[4]/div[1]/div[5]/div[2]/table/tbody/tr[3]/td[12]/div/button[2]/span') (basics.py:206)
[2022-09-05 14:51:46] [    INFO] 刷新页面 (basics.py:337)
[2022-09-05 14:51:47] [    INFO] 刷新页面 (basics.py:337)
[2022-09-05 14:51:47] [    INFO] 查找元素：('xpath', "//button//span[text()=' +新增 ']") (basics.py:106)
[2022-09-05 14:51:49] [    INFO] 点击元素：('xpath', "//button//span[text()=' +新增 ']") (basics.py:206)
[2022-09-05 14:51:50] [    INFO] 查找元素：('xpath', "//label[contains(text(),'分发角色')]/..//input") (basics.py:106)
[2022-09-05 14:51:50] [    INFO] 点击元素：('xpath', "//label[contains(text(),'分发角色')]/..//input") (basics.py:206)
[2022-09-05 14:51:53] [    INFO] 查找元素：['xpath', "//div[text()=' 测试角色 ']"] (basics.py:106)
[2022-09-05 14:51:53] [    INFO] 选择点击：['xpath', "//div[text()=' 测试角色 ']"] (basics.py:203)
[2022-09-05 14:51:54] [    INFO] 查找元素：('xpath', "//label[contains(text(),'分发人员')]/..//input") (basics.py:106)
[2022-09-05 14:51:54] [    INFO] 点击元素：('xpath', "//label[contains(text(),'分发人员')]/..//input") (basics.py:206)
[2022-09-05 14:51:57] [    INFO] 查找元素：['xpath', "//li//span[contains(text(),'李静苹')]"] (basics.py:106)
[2022-09-05 14:51:57] [    INFO] 选择点击：['xpath', "//li//span[contains(text(),'李静苹')]"] (basics.py:203)
[2022-09-05 14:51:58] [    INFO] 查找元素：('xpath', "//button[@class='el-button el-button--primary el-button--mini']//span[normalize-space(text())='确定']") (basics.py:106)
[2022-09-05 14:51:58] [    INFO] 点击元素：('xpath', "//button[@class='el-button el-button--primary el-button--mini']//span[normalize-space(text())='确定']") (basics.py:206)
[2022-09-05 14:51:59] [    INFO] 查找元素：('xpath', "//button//span[normalize-space(text())='提交分发']") (basics.py:106)
[2022-09-05 14:51:59] [    INFO] 点击元素：('xpath', "//button//span[normalize-space(text())='提交分发']") (basics.py:206)
[2022-09-05 14:52:01] [    INFO] 查找元素：('xpath', '/html/body/div[5]/div/div[3]/span/button[2]/span') (basics.py:106)
[2022-09-05 14:52:48] [    INFO] 【PDC】项目【test】环境- UI自动化开始执行 (conftest.py:14)
[2022-09-05 14:52:48] [    INFO] 前置条件：传音统一登录开始 (conftest.py:18)
[2022-09-05 14:53:01] [    INFO] 打开网页：http://bom-sit.transsion.com:10000/ (basics.py:63)
[2022-09-05 14:53:01] [    INFO] 查找元素：('xpath', "//div[@role='button']") (basics.py:106)
[2022-09-05 14:53:01] [    INFO] 点击元素：('xpath', "//div[@role='button']") (basics.py:206)
[2022-09-05 14:53:06] [    INFO] 查找元素：['xpath', "//*[contains(@id,'dropdown-menu-')]//li[1]"] (basics.py:106)
[2022-09-05 14:53:07] [    INFO] 查找元素：('xpath', "//div[@role='button']") (basics.py:106)
[2022-09-05 14:53:07] [    INFO] 点击元素：('xpath', "//div[@role='button']") (basics.py:206)
[2022-09-05 14:53:08] [    INFO] 查找元素：('id', 'tab-account') (basics.py:106)
[2022-09-05 14:53:08] [    INFO] 点击元素：('id', 'tab-account') (basics.py:206)
[2022-09-05 14:53:09] [    INFO] 查找元素：('xpath', "//*[@id='pane-account']/form/div[1]/div/div[1]/input") (basics.py:106)
[2022-09-05 14:53:09] [    INFO] 输入文本：18649277 (basics.py:137)
[2022-09-05 14:53:10] [    INFO] 查找元素：('xpath', "//*[@id='pane-account']/form/div[2]/div/div[1]/input") (basics.py:106)
[2022-09-05 14:53:10] [    INFO] 输入文本：xLily6x (basics.py:137)
[2022-09-05 14:53:11] [    INFO] 查找元素：('xpath', "//span[text()='我已阅读并接受']/../label/span/span") (basics.py:106)
[2022-09-05 14:53:11] [    INFO] 获取状态：False (basics.py:330)
[2022-09-05 14:53:11] [    INFO] 查找元素：('xpath', "//span[text()='我已阅读并接受']/../label/span/span") (basics.py:106)
[2022-09-05 14:53:11] [    INFO] 点击元素：('xpath', "//span[text()='我已阅读并接受']/../label/span/span") (basics.py:206)
[2022-09-05 14:53:12] [    INFO] 查找元素：('xpath', "//*[@id='pane-account']/form/button") (basics.py:106)
[2022-09-05 14:53:12] [    INFO] 点击元素：('xpath', "//*[@id='pane-account']/form/button") (basics.py:206)
[2022-09-05 14:53:19] [    INFO] 前置条件：传音统一登录成功 (conftest.py:25)
[2022-09-05 14:53:21] [    INFO] 查找元素：['xpath', "//li//span[text()='产品任命']"] (basics.py:106)
[2022-09-05 14:53:21] [    INFO] 选择点击：['xpath', "//li//span[text()='产品任命']"] (basics.py:203)
[2022-09-05 14:53:21] [    INFO] 点击产品任命：产品任命 (test2.py:31)
[2022-09-05 14:53:23] [    INFO] 查找元素：['xpath', "//li//span[normalize-space(text())='区域产品概述']"] (basics.py:106)
[2022-09-05 14:53:23] [    INFO] 选择点击：['xpath', "//li//span[normalize-space(text())='区域产品概述']"] (basics.py:203)
[2022-09-05 14:53:23] [    INFO] 点击区域产品概述：区域产品概述 (test2.py:33)
[2022-09-05 14:53:24] [    INFO] 刷新页面 (basics.py:337)
[2022-09-05 14:53:24] [    INFO] 查找元素：('xpath', '/html/body/div[1]/div/div[2]/section/div/section/div[1]/div/div/div[4]/div[1]/div[5]/div[2]/table/tbody/tr[3]/td[12]/div/button[2]/span') (basics.py:106)
[2022-09-05 14:53:25] [    INFO] 点击元素：('xpath', '/html/body/div[1]/div/div[2]/section/div/section/div[1]/div/div/div[4]/div[1]/div[5]/div[2]/table/tbody/tr[3]/td[12]/div/button[2]/span') (basics.py:206)
[2022-09-05 14:53:26] [    INFO] 刷新页面 (basics.py:337)
[2022-09-05 14:53:28] [    INFO] 刷新页面 (basics.py:337)
[2022-09-05 14:53:28] [    INFO] 查找元素：('xpath', "//button//span[text()=' +新增 ']") (basics.py:106)
[2022-09-05 14:53:29] [    INFO] 点击元素：('xpath', "//button//span[text()=' +新增 ']") (basics.py:206)
[2022-09-05 14:53:30] [    INFO] 查找元素：('xpath', "//label[contains(text(),'分发角色')]/..//input") (basics.py:106)
[2022-09-05 14:53:31] [    INFO] 点击元素：('xpath', "//label[contains(text(),'分发角色')]/..//input") (basics.py:206)
[2022-09-05 14:53:33] [    INFO] 查找元素：['xpath', "//div[text()=' 测试角色 ']"] (basics.py:106)
[2022-09-05 14:53:33] [    INFO] 选择点击：['xpath', "//div[text()=' 测试角色 ']"] (basics.py:203)
[2022-09-05 14:53:34] [    INFO] 查找元素：('xpath', "//label[contains(text(),'分发人员')]/..//input") (basics.py:106)
[2022-09-05 14:53:34] [    INFO] 点击元素：('xpath', "//label[contains(text(),'分发人员')]/..//input") (basics.py:206)
[2022-09-05 14:53:37] [    INFO] 查找元素：['xpath', "//li//span[contains(text(),'李静苹')]"] (basics.py:106)
[2022-09-05 14:53:37] [    INFO] 选择点击：['xpath', "//li//span[contains(text(),'李静苹')]"] (basics.py:203)
[2022-09-05 14:53:38] [    INFO] 查找元素：('xpath', "//button[@class='el-button el-button--primary el-button--mini']//span[normalize-space(text())='确定']") (basics.py:106)
[2022-09-05 14:53:38] [    INFO] 点击元素：('xpath', "//button[@class='el-button el-button--primary el-button--mini']//span[normalize-space(text())='确定']") (basics.py:206)
[2022-09-05 14:53:39] [    INFO] 查找元素：('xpath', "//button//span[normalize-space(text())='提交分发']") (basics.py:106)
[2022-09-05 14:53:39] [    INFO] 点击元素：('xpath', "//button//span[normalize-space(text())='提交分发']") (basics.py:206)
[2022-09-05 14:53:41] [    INFO] 查找元素：('xpath', '/html/body/div[5]/div/div[3]/span/button[2]/span') (basics.py:106)
[2022-09-05 14:55:23] [    INFO] 【PDC】项目【test】环境- UI自动化开始执行 (conftest.py:14)
[2022-09-05 14:55:23] [    INFO] 前置条件：传音统一登录开始 (conftest.py:18)
[2022-09-05 14:55:29] [    INFO] 打开网页：http://bom-sit.transsion.com:10000/ (basics.py:63)
[2022-09-05 14:55:29] [    INFO] 查找元素：('xpath', "//div[@role='button']") (basics.py:106)
[2022-09-05 14:55:29] [    INFO] 点击元素：('xpath', "//div[@role='button']") (basics.py:206)
[2022-09-05 14:55:33] [    INFO] 查找元素：['xpath', "//*[contains(@id,'dropdown-menu-')]//li[1]"] (basics.py:106)
[2022-09-05 14:55:34] [    INFO] 查找元素：('xpath', "//div[@role='button']") (basics.py:106)
[2022-09-05 14:55:34] [    INFO] 点击元素：('xpath', "//div[@role='button']") (basics.py:206)
[2022-09-05 14:55:35] [    INFO] 查找元素：('id', 'tab-account') (basics.py:106)
[2022-09-05 14:55:35] [    INFO] 点击元素：('id', 'tab-account') (basics.py:206)
[2022-09-05 14:55:36] [    INFO] 查找元素：('xpath', "//*[@id='pane-account']/form/div[1]/div/div[1]/input") (basics.py:106)
[2022-09-05 14:55:36] [    INFO] 输入文本：18649277 (basics.py:137)
[2022-09-05 14:55:38] [    INFO] 查找元素：('xpath', "//*[@id='pane-account']/form/div[2]/div/div[1]/input") (basics.py:106)
[2022-09-05 14:55:38] [    INFO] 输入文本：xLily6x (basics.py:137)
[2022-09-05 14:55:39] [    INFO] 查找元素：('xpath', "//span[text()='我已阅读并接受']/../label/span/span") (basics.py:106)
[2022-09-05 14:55:39] [    INFO] 获取状态：False (basics.py:330)
[2022-09-05 14:55:39] [    INFO] 查找元素：('xpath', "//span[text()='我已阅读并接受']/../label/span/span") (basics.py:106)
[2022-09-05 14:55:39] [    INFO] 点击元素：('xpath', "//span[text()='我已阅读并接受']/../label/span/span") (basics.py:206)
[2022-09-05 14:55:39] [    INFO] 查找元素：('xpath', "//*[@id='pane-account']/form/button") (basics.py:106)
[2022-09-05 14:55:40] [    INFO] 点击元素：('xpath', "//*[@id='pane-account']/form/button") (basics.py:206)
[2022-09-05 14:55:46] [    INFO] 前置条件：传音统一登录成功 (conftest.py:25)
[2022-09-05 14:55:48] [    INFO] 查找元素：['xpath', "//li//span[text()='产品任命']"] (basics.py:106)
[2022-09-05 14:55:48] [    INFO] 选择点击：['xpath', "//li//span[text()='产品任命']"] (basics.py:203)
[2022-09-05 14:55:48] [    INFO] 点击产品任命：产品任命 (test2.py:31)
[2022-09-05 14:55:50] [    INFO] 查找元素：['xpath', "//li//span[normalize-space(text())='区域产品概述']"] (basics.py:106)
[2022-09-05 14:55:50] [    INFO] 选择点击：['xpath', "//li//span[normalize-space(text())='区域产品概述']"] (basics.py:203)
[2022-09-05 14:55:50] [    INFO] 点击区域产品概述：区域产品概述 (test2.py:33)
[2022-09-05 14:55:52] [    INFO] 刷新页面 (basics.py:337)
[2022-09-05 14:55:52] [    INFO] 查找元素：('xpath', '/html/body/div[1]/div/div[2]/section/div/section/div[1]/div/div/div[4]/div[1]/div[5]/div[2]/table/tbody/tr[3]/td[12]/div/button[2]/span') (basics.py:106)
[2022-09-05 14:55:53] [    INFO] 点击元素：('xpath', '/html/body/div[1]/div/div[2]/section/div/section/div[1]/div/div/div[4]/div[1]/div[5]/div[2]/table/tbody/tr[3]/td[12]/div/button[2]/span') (basics.py:206)
[2022-09-05 14:55:54] [    INFO] 刷新页面 (basics.py:337)
[2022-09-05 14:55:55] [    INFO] 查找元素：('xpath', "//button//span[text()=' +新增 ']") (basics.py:106)
[2022-09-05 14:55:55] [    INFO] 点击元素：('xpath', "//button//span[text()=' +新增 ']") (basics.py:206)
[2022-09-05 14:55:57] [    INFO] 查找元素：('xpath', "//label[contains(text(),'分发角色')]/..//input") (basics.py:106)
[2022-09-05 14:55:57] [    INFO] 点击元素：('xpath', "//label[contains(text(),'分发角色')]/..//input") (basics.py:206)
[2022-09-05 14:55:59] [    INFO] 查找元素：['xpath', "//div[text()=' 测试角色 ']"] (basics.py:106)
[2022-09-05 14:55:59] [    INFO] 选择点击：['xpath', "//div[text()=' 测试角色 ']"] (basics.py:203)
[2022-09-05 14:56:00] [    INFO] 查找元素：('xpath', "//label[contains(text(),'分发人员')]/..//input") (basics.py:106)
[2022-09-05 14:56:01] [    INFO] 点击元素：('xpath', "//label[contains(text(),'分发人员')]/..//input") (basics.py:206)
[2022-09-05 14:56:03] [    INFO] 查找元素：['xpath', "//li//span[contains(text(),'李静苹')]"] (basics.py:106)
[2022-09-05 14:56:03] [    INFO] 选择点击：['xpath', "//li//span[contains(text(),'李静苹')]"] (basics.py:203)
[2022-09-05 14:56:04] [    INFO] 查找元素：('xpath', "//button[@class='el-button el-button--primary el-button--mini']//span[normalize-space(text())='确定']") (basics.py:106)
[2022-09-05 14:56:04] [    INFO] 点击元素：('xpath', "//button[@class='el-button el-button--primary el-button--mini']//span[normalize-space(text())='确定']") (basics.py:206)
[2022-09-05 14:56:06] [    INFO] 查找元素：('xpath', "//button//span[normalize-space(text())='提交分发']") (basics.py:106)
[2022-09-05 14:56:06] [    INFO] 点击元素：('xpath', "//button//span[normalize-space(text())='提交分发']") (basics.py:206)
[2022-09-05 14:56:07] [    INFO] 查找元素：('xpath', '/html/body/div[5]/div/div[3]/span/button[2]/span') (basics.py:106)
