[2022-08-12 11:20:49] [    INFO] 【SRM】项目【test】环境- UI自动化开始执行 (conftest.py:17)
[2022-08-12 11:20:49] [    INFO] 前置条件：传音统一登录开始 (conftest.py:22)
[2022-08-12 11:20:50] [    INFO] 打开网页：http://sitsrm.transsion.com/ELSServer_CY/login/login.html (basics.py:64)
[2022-08-12 11:20:51] [    INFO] 查找元素：('xpath', '//input[@id="elsAccount"]') (basics.py:107)
[2022-08-12 11:20:51] [    INFO] 输入文本：860000 (basics.py:138)
[2022-08-12 11:20:51] [    INFO] 查找元素：('xpath', '//input[@id="elsSubAccount"]') (basics.py:107)
[2022-08-12 11:20:51] [    INFO] 输入文本：1001 (basics.py:138)
[2022-08-12 11:20:52] [    INFO] 查找元素：('xpath', '//input[@type="password"]') (basics.py:107)
[2022-08-12 11:20:52] [    INFO] 输入文本：1qaz@WSX (basics.py:138)
[2022-08-12 11:20:52] [    INFO] 查找元素：('xpath', '//input[@id="identifyCode"]') (basics.py:107)
[2022-08-12 11:20:52] [    INFO] 点击元素：('xpath', '//input[@id="identifyCode"]') (basics.py:191)
[2022-08-12 11:20:54] [    INFO] 查找元素：('xpath', '//img[@id="code"]') (basics.py:107)
[2022-08-12 11:20:56] [    INFO] 查找元素：('xpath', '//input[@id="identifyCode"]') (basics.py:107)
[2022-08-12 11:20:56] [    INFO] 输入文本：2588 (basics.py:138)
[2022-08-12 11:20:56] [    INFO] 查找元素：('xpath', '//button[@id="submit_btn"]') (basics.py:107)
[2022-08-12 11:20:56] [    INFO] 点击元素：('xpath', '//button[@id="submit_btn"]') (basics.py:191)
[2022-08-12 11:20:57] [    INFO] 断言成功：URL为预期一致 | URL: http://sitsrm.transsion.com/ELSServer_CY/default.jsp?account=860000_1001 (assert_ui.py:190)
[2022-08-12 11:20:57] [    INFO] 前置条件：传音统一登录成功 (conftest.py:31)
[2022-08-12 11:20:57] [    INFO] 查找元素：('xpath', '//span[@title="审批列表"]') (basics.py:107)
[2022-08-12 11:20:57] [    INFO] 点击元素：('xpath', '//span[@title="审批列表"]') (basics.py:191)
[2022-08-12 11:21:00] [    INFO] 查找元素：('xpath', '//div[@class="winTitle"]/span[text()="审批列表 "]') (basics.py:107)
[2022-08-12 11:21:00] [    INFO] 查找元素：('xpath', '//iframe[@name="iframeApp_auditList"]') (basics.py:107)
[2022-08-12 11:21:00] [    INFO] 查找元素：('xpath', '//input[@name="taskName"]') (basics.py:107)
[2022-08-12 11:21:00] [    INFO] 点击元素：('xpath', '//input[@name="taskName"]') (basics.py:191)
[2022-08-12 11:21:01] [    INFO] 查找元素：('xpath', '//input[@name="taskName"]') (basics.py:107)
[2022-08-12 11:21:01] [    INFO] 输入文本：周本林 (basics.py:138)
[2022-08-12 11:21:01] [    INFO] 查找元素：('xpath', '//button[text()=" 查询"]') (basics.py:107)
[2022-08-12 11:21:01] [    INFO] 点击元素：('xpath', '//button[text()=" 查询"]') (basics.py:191)
[2022-08-12 11:21:02] [    INFO] 查找元素：('xpath', '//input[@name="taskName"]') (basics.py:107)
[2022-08-12 11:21:02] [    INFO] 查找元素：('xpath', '//button[text()=" 查询"]') (basics.py:107)
[2022-08-12 11:21:02] [    INFO] 点击元素：('xpath', '//button[text()=" 查询"]') (basics.py:191)
[2022-08-12 11:21:02] [    INFO] 查找元素：('xpath', '//div[text()="周本林"][@id="pq-body-cell-u0-0-5-right"]') (basics.py:107)
[2022-08-12 11:21:02] [    INFO] 查找元素：('xpath', '//input[@name="subject"]') (basics.py:107)
[2022-08-12 11:21:02] [    INFO] 点击元素：('xpath', '//input[@name="subject"]') (basics.py:191)
[2022-08-12 11:21:03] [    INFO] 查找元素：('xpath', '//input[@name="subject"]') (basics.py:107)
[2022-08-12 11:21:03] [    INFO] 输入文本：20220628000011 (basics.py:138)
[2022-08-12 11:21:03] [    INFO] 查找元素：('xpath', '//button[text()=" 查询"]') (basics.py:107)
[2022-08-12 11:21:04] [    INFO] 点击元素：('xpath', '//button[text()=" 查询"]') (basics.py:191)
[2022-08-12 11:21:04] [    INFO] 查找元素：('xpath', '//input[@name="subject"]') (basics.py:107)
[2022-08-12 11:21:04] [    INFO] 查找元素：('xpath', '//button[text()=" 查询"]') (basics.py:107)
[2022-08-12 11:21:04] [    INFO] 点击元素：('xpath', '//button[text()=" 查询"]') (basics.py:191)
[2022-08-12 11:21:05] [    INFO] 查找元素：('xpath', '//span[text()="供应商审核报告：20220628000011"]') (basics.py:107)
[2022-08-12 11:21:05] [    INFO] 查找元素：('xpath', '//button[text()=" 更多"]') (basics.py:107)
[2022-08-12 11:21:05] [    INFO] 点击元素：('xpath', '//button[text()=" 更多"]') (basics.py:191)
[2022-08-12 11:21:05] [    INFO] 查找元素：('xpath', '//input[@name="promoterName"]') (basics.py:107)
[2022-08-12 11:21:05] [    INFO] 点击元素：('xpath', '//input[@name="promoterName"]') (basics.py:191)
[2022-08-12 11:21:06] [    INFO] 查找元素：('xpath', '//input[@name="promoterName"]') (basics.py:107)
[2022-08-12 11:21:07] [    INFO] 输入文本：管理员 (basics.py:138)
[2022-08-12 11:21:07] [    INFO] 查找元素：('xpath', '//button[text()=" 查询"]') (basics.py:107)
[2022-08-12 11:21:07] [    INFO] 点击元素：('xpath', '//button[text()=" 查询"]') (basics.py:191)
[2022-08-12 11:21:07] [    INFO] 查找元素：('xpath', '//a[text()=" 审批历史"]') (basics.py:107)
[2022-08-12 11:21:07] [    INFO] 点击元素：('xpath', '//a[text()=" 审批历史"]') (basics.py:191)
[2022-08-12 11:23:53] [    INFO] 【SRM】项目【test】环境- UI自动化开始执行 (conftest.py:17)
[2022-08-12 11:23:53] [    INFO] 前置条件：传音统一登录开始 (conftest.py:22)
[2022-08-12 11:23:54] [    INFO] 打开网页：http://sitsrm.transsion.com/ELSServer_CY/login/login.html (basics.py:64)
[2022-08-12 11:23:54] [    INFO] 查找元素：('xpath', '//input[@id="elsAccount"]') (basics.py:107)
[2022-08-12 11:23:54] [    INFO] 输入文本：860000 (basics.py:138)
[2022-08-12 11:23:55] [    INFO] 查找元素：('xpath', '//input[@id="elsSubAccount"]') (basics.py:107)
[2022-08-12 11:23:55] [    INFO] 输入文本：1001 (basics.py:138)
[2022-08-12 11:23:56] [    INFO] 查找元素：('xpath', '//input[@type="password"]') (basics.py:107)
[2022-08-12 11:23:56] [    INFO] 输入文本：1qaz@WSX (basics.py:138)
[2022-08-12 11:23:56] [    INFO] 查找元素：('xpath', '//input[@id="identifyCode"]') (basics.py:107)
[2022-08-12 11:23:56] [    INFO] 点击元素：('xpath', '//input[@id="identifyCode"]') (basics.py:191)
[2022-08-12 11:23:57] [    INFO] 查找元素：('xpath', '//img[@id="code"]') (basics.py:107)
[2022-08-12 11:23:58] [    INFO] 查找元素：('xpath', '//input[@id="identifyCode"]') (basics.py:107)
[2022-08-12 11:23:58] [    INFO] 输入文本：6349 (basics.py:138)
[2022-08-12 11:23:58] [    INFO] 查找元素：('xpath', '//button[@id="submit_btn"]') (basics.py:107)
[2022-08-12 11:23:59] [    INFO] 点击元素：('xpath', '//button[@id="submit_btn"]') (basics.py:191)
[2022-08-12 11:23:59] [    INFO] 断言成功：URL为预期一致 | URL: http://sitsrm.transsion.com/ELSServer_CY/default.jsp?account=860000_1001 (assert_ui.py:190)
[2022-08-12 11:23:59] [    INFO] 前置条件：传音统一登录成功 (conftest.py:31)
[2022-08-12 11:23:59] [    INFO] 查找元素：('xpath', '//span[@title="审批列表"]') (basics.py:107)
[2022-08-12 11:24:00] [    INFO] 点击元素：('xpath', '//span[@title="审批列表"]') (basics.py:191)
[2022-08-12 11:24:02] [    INFO] 查找元素：('xpath', '//div[@class="winTitle"]/span[text()="审批列表 "]') (basics.py:107)
[2022-08-12 11:24:02] [    INFO] 查找元素：('xpath', '//iframe[@name="iframeApp_auditList"]') (basics.py:107)
[2022-08-12 11:24:03] [    INFO] 查找元素：('xpath', '//input[@name="taskName"]') (basics.py:107)
[2022-08-12 11:24:03] [    INFO] 点击元素：('xpath', '//input[@name="taskName"]') (basics.py:191)
[2022-08-12 11:24:04] [    INFO] 查找元素：('xpath', '//input[@name="taskName"]') (basics.py:107)
[2022-08-12 11:24:04] [    INFO] 输入文本：周本林 (basics.py:138)
[2022-08-12 11:24:04] [    INFO] 查找元素：('xpath', '//button[text()=" 查询"]') (basics.py:107)
[2022-08-12 11:24:04] [    INFO] 点击元素：('xpath', '//button[text()=" 查询"]') (basics.py:191)
[2022-08-12 11:24:04] [    INFO] 查找元素：('xpath', '//input[@name="taskName"]') (basics.py:107)
[2022-08-12 11:24:04] [    INFO] 查找元素：('xpath', '//button[text()=" 查询"]') (basics.py:107)
[2022-08-12 11:24:04] [    INFO] 点击元素：('xpath', '//button[text()=" 查询"]') (basics.py:191)
[2022-08-12 11:24:05] [    INFO] 查找元素：('xpath', '//div[text()="周本林"][@id="pq-body-cell-u0-0-5-right"]') (basics.py:107)
[2022-08-12 11:24:05] [    INFO] 查找元素：('xpath', '//input[@name="subject"]') (basics.py:107)
[2022-08-12 11:24:05] [    INFO] 点击元素：('xpath', '//input[@name="subject"]') (basics.py:191)
[2022-08-12 11:24:06] [    INFO] 查找元素：('xpath', '//input[@name="subject"]') (basics.py:107)
[2022-08-12 11:24:06] [    INFO] 输入文本：20220628000011 (basics.py:138)
[2022-08-12 11:24:06] [    INFO] 查找元素：('xpath', '//button[text()=" 查询"]') (basics.py:107)
[2022-08-12 11:24:06] [    INFO] 点击元素：('xpath', '//button[text()=" 查询"]') (basics.py:191)
[2022-08-12 11:24:07] [    INFO] 查找元素：('xpath', '//input[@name="subject"]') (basics.py:107)
[2022-08-12 11:24:07] [    INFO] 查找元素：('xpath', '//button[text()=" 查询"]') (basics.py:107)
[2022-08-12 11:24:07] [    INFO] 点击元素：('xpath', '//button[text()=" 查询"]') (basics.py:191)
[2022-08-12 11:24:07] [    INFO] 查找元素：('xpath', '//span[text()="供应商审核报告：20220628000011"]') (basics.py:107)
[2022-08-12 11:24:07] [    INFO] 查找元素：('xpath', '//button[text()=" 更多"]') (basics.py:107)
[2022-08-12 11:24:07] [    INFO] 点击元素：('xpath', '//button[text()=" 更多"]') (basics.py:191)
[2022-08-12 11:24:08] [    INFO] 查找元素：('xpath', '//input[@name="promoterName"]') (basics.py:107)
[2022-08-12 11:24:08] [    INFO] 点击元素：('xpath', '//input[@name="promoterName"]') (basics.py:191)
[2022-08-12 11:24:09] [    INFO] 查找元素：('xpath', '//input[@name="promoterName"]') (basics.py:107)
[2022-08-12 11:24:09] [    INFO] 输入文本：管理员 (basics.py:138)
[2022-08-12 11:24:09] [    INFO] 查找元素：('xpath', '//button[text()=" 查询"]') (basics.py:107)
[2022-08-12 11:24:09] [    INFO] 点击元素：('xpath', '//button[text()=" 查询"]') (basics.py:191)
[2022-08-12 11:24:10] [    INFO] 查找元素：('xpath', '//a[text()=" 审批历史"]') (basics.py:107)
[2022-08-12 11:24:10] [    INFO] 点击元素：('xpath', '//a[text()=" 审批历史"]') (basics.py:191)
[2022-08-12 11:26:02] [    INFO] 【SRM】项目【test】环境- UI自动化开始执行 (conftest.py:17)
[2022-08-12 11:26:02] [    INFO] 前置条件：传音统一登录开始 (conftest.py:22)
[2022-08-12 11:26:02] [    INFO] 打开网页：http://sitsrm.transsion.com/ELSServer_CY/login/login.html (basics.py:64)
[2022-08-12 11:26:03] [    INFO] 查找元素：('xpath', '//input[@id="elsAccount"]') (basics.py:107)
[2022-08-12 11:26:03] [    INFO] 输入文本：860000 (basics.py:138)
[2022-08-12 11:26:04] [    INFO] 查找元素：('xpath', '//input[@id="elsSubAccount"]') (basics.py:107)
[2022-08-12 11:26:04] [    INFO] 输入文本：1001 (basics.py:138)
[2022-08-12 11:26:04] [    INFO] 查找元素：('xpath', '//input[@type="password"]') (basics.py:107)
[2022-08-12 11:26:04] [    INFO] 输入文本：1qaz@WSX (basics.py:138)
[2022-08-12 11:26:04] [    INFO] 查找元素：('xpath', '//input[@id="identifyCode"]') (basics.py:107)
[2022-08-12 11:26:04] [    INFO] 点击元素：('xpath', '//input[@id="identifyCode"]') (basics.py:191)
[2022-08-12 11:26:06] [    INFO] 查找元素：('xpath', '//img[@id="code"]') (basics.py:107)
[2022-08-12 11:26:07] [    INFO] 查找元素：('xpath', '//input[@id="identifyCode"]') (basics.py:107)
[2022-08-12 11:26:07] [    INFO] 输入文本：1466 (basics.py:138)
[2022-08-12 11:26:07] [    INFO] 查找元素：('xpath', '//button[@id="submit_btn"]') (basics.py:107)
[2022-08-12 11:26:07] [    INFO] 点击元素：('xpath', '//button[@id="submit_btn"]') (basics.py:191)
[2022-08-12 11:26:08] [    INFO] 断言成功：URL为预期一致 | URL: http://sitsrm.transsion.com/ELSServer_CY/default.jsp?account=860000_1001 (assert_ui.py:190)
[2022-08-12 11:26:08] [    INFO] 前置条件：传音统一登录成功 (conftest.py:31)
[2022-08-12 11:26:08] [    INFO] 查找元素：('xpath', '//span[@title="审批列表"]') (basics.py:107)
[2022-08-12 11:26:08] [    INFO] 点击元素：('xpath', '//span[@title="审批列表"]') (basics.py:191)
[2022-08-12 11:26:11] [    INFO] 查找元素：('xpath', '//div[@class="winTitle"]/span[text()="审批列表 "]') (basics.py:107)
[2022-08-12 11:26:11] [    INFO] 查找元素：('xpath', '//iframe[@name="iframeApp_auditList"]') (basics.py:107)
[2022-08-12 11:26:11] [    INFO] 查找元素：('xpath', '//input[@name="taskName"]') (basics.py:107)
[2022-08-12 11:26:11] [    INFO] 点击元素：('xpath', '//input[@name="taskName"]') (basics.py:191)
[2022-08-12 11:26:12] [    INFO] 查找元素：('xpath', '//input[@name="taskName"]') (basics.py:107)
[2022-08-12 11:26:12] [    INFO] 输入文本：周本林 (basics.py:138)
[2022-08-12 11:26:12] [    INFO] 查找元素：('xpath', '//button[text()=" 查询"]') (basics.py:107)
[2022-08-12 11:26:12] [    INFO] 点击元素：('xpath', '//button[text()=" 查询"]') (basics.py:191)
[2022-08-12 11:26:13] [    INFO] 查找元素：('xpath', '//input[@name="taskName"]') (basics.py:107)
[2022-08-12 11:26:13] [    INFO] 查找元素：('xpath', '//button[text()=" 查询"]') (basics.py:107)
[2022-08-12 11:26:13] [    INFO] 点击元素：('xpath', '//button[text()=" 查询"]') (basics.py:191)
[2022-08-12 11:26:13] [    INFO] 查找元素：('xpath', '//div[text()="周本林"][@id="pq-body-cell-u0-0-5-right"]') (basics.py:107)
[2022-08-12 11:26:13] [    INFO] 查找元素：('xpath', '//input[@name="subject"]') (basics.py:107)
[2022-08-12 11:26:14] [    INFO] 点击元素：('xpath', '//input[@name="subject"]') (basics.py:191)
[2022-08-12 11:26:15] [    INFO] 查找元素：('xpath', '//input[@name="subject"]') (basics.py:107)
[2022-08-12 11:26:15] [    INFO] 输入文本：20220628000011 (basics.py:138)
[2022-08-12 11:26:15] [    INFO] 查找元素：('xpath', '//button[text()=" 查询"]') (basics.py:107)
[2022-08-12 11:26:15] [    INFO] 点击元素：('xpath', '//button[text()=" 查询"]') (basics.py:191)
[2022-08-12 11:26:15] [    INFO] 查找元素：('xpath', '//input[@name="subject"]') (basics.py:107)
[2022-08-12 11:26:15] [    INFO] 查找元素：('xpath', '//button[text()=" 查询"]') (basics.py:107)
[2022-08-12 11:26:15] [    INFO] 点击元素：('xpath', '//button[text()=" 查询"]') (basics.py:191)
[2022-08-12 11:26:16] [    INFO] 查找元素：('xpath', '//span[text()="供应商审核报告：20220628000011"]') (basics.py:107)
[2022-08-12 11:26:16] [    INFO] 查找元素：('xpath', '//button[text()=" 更多"]') (basics.py:107)
[2022-08-12 11:26:16] [    INFO] 点击元素：('xpath', '//button[text()=" 更多"]') (basics.py:191)
[2022-08-12 11:26:17] [    INFO] 查找元素：('xpath', '//input[@name="promoterName"]') (basics.py:107)
[2022-08-12 11:26:17] [    INFO] 点击元素：('xpath', '//input[@name="promoterName"]') (basics.py:191)
[2022-08-12 11:26:18] [    INFO] 查找元素：('xpath', '//input[@name="promoterName"]') (basics.py:107)
[2022-08-12 11:26:18] [    INFO] 输入文本：管理员 (basics.py:138)
[2022-08-12 11:26:18] [    INFO] 查找元素：('xpath', '//button[text()=" 查询"]') (basics.py:107)
[2022-08-12 11:26:18] [    INFO] 点击元素：('xpath', '//button[text()=" 查询"]') (basics.py:191)
[2022-08-12 11:26:18] [    INFO] 查找元素：('xpath', '//a[text()=" 审批历史"]') (basics.py:107)
[2022-08-12 11:26:19] [    INFO] 点击元素：('xpath', '//a[text()=" 审批历史"]') (basics.py:191)
[2022-08-12 11:26:19] [    INFO] 查找元素：('xpath', '//div[@class="winTitle"]/span[text()="审批历史 "]') (basics.py:107)
