[2022-08-25 12:35:17] [    INFO] 今天的日期: 2022-08-25  (RepairMgt_WoReportMgt_WoNonSerializedReport.py:16)
[2022-08-25 12:35:17] [    INFO] 本月的第一天是:2022-08-01 (RepairMgt_WoReportMgt_WoNonSerializedReport.py:18)
[2022-08-25 12:35:22] [    INFO] 【CRM】项目【test】环境- UI自动化开始执行 (conftest.py:14)
[2022-08-25 12:35:22] [    INFO] 前置条件：传音统一登录开始 (conftest.py:18)
[2022-08-25 12:35:26] [    INFO] 打开网页：http://10.250.112.57/#/dashboard (basics.py:63)
[2022-08-25 12:35:26] [    INFO] 查找元素：('xpath', "//div[@role='button']") (basics.py:106)
[2022-08-25 12:35:26] [    INFO] 点击元素：('xpath', "//div[@role='button']") (basics.py:206)
[2022-08-25 12:35:31] [    INFO] 查找元素：['xpath', "//*[contains(@id,'dropdown-menu-')]//li[2]"] (basics.py:106)
[2022-08-25 12:35:32] [    INFO] 查找元素：('xpath', "//div[@role='button']") (basics.py:106)
[2022-08-25 12:35:32] [    INFO] 点击元素：('xpath', "//div[@role='button']") (basics.py:206)
[2022-08-25 12:35:33] [    INFO] 查找元素：('id', 'tab-account') (basics.py:106)
[2022-08-25 12:35:33] [    INFO] 点击元素：('id', 'tab-account') (basics.py:206)
[2022-08-25 12:35:34] [    INFO] 查找元素：('xpath', "//*[@id='pane-account']/form/div[1]/div/div[1]/input") (basics.py:106)
[2022-08-25 12:35:34] [    INFO] 输入文本：18645342 (basics.py:137)
[2022-08-25 12:35:35] [    INFO] 查找元素：('xpath', "//*[@id='pane-account']/form/div[2]/div/div[1]/input") (basics.py:106)
[2022-08-25 12:35:35] [    INFO] 输入文本：xLily6x (basics.py:137)
[2022-08-25 12:35:36] [    INFO] 查找元素：('xpath', "//span[text()='I have read and accept']/../label/span/span") (basics.py:106)
[2022-08-25 12:35:36] [    INFO] 获取状态：False (basics.py:330)
[2022-08-25 12:35:36] [    INFO] 查找元素：('xpath', "//span[text()='I have read and accept']/../label/span/span") (basics.py:106)
[2022-08-25 12:35:37] [    INFO] 点击元素：('xpath', "//span[text()='I have read and accept']/../label/span/span") (basics.py:206)
[2022-08-25 12:35:37] [    INFO] 查找元素：('xpath', "//*[@id='pane-account']/form/button") (basics.py:106)
[2022-08-25 12:35:37] [    INFO] 点击元素：('xpath', "//*[@id='pane-account']/form/button") (basics.py:206)
[2022-08-25 12:35:44] [    INFO] 断言成功：URL为预期一致 | URL: http://10.250.112.57/#/dashboard (assert_ui.py:188)
[2022-08-25 12:35:44] [    INFO] 前置条件：传音统一登录成功 (conftest.py:24)
[2022-08-25 12:35:44] [    INFO] 前置条件:进入非序列化工单报表页 (RepairMgt_WoReportMgt_WoNonSerializedReport.py:17)
[2022-08-25 12:35:44] [    INFO] 查找元素：('xpath', "//span[contains(text(),'Repair Mgt')]") (basics.py:106)
[2022-08-25 12:35:44] [    INFO] 点击元素：('xpath', "//span[contains(text(),'Repair Mgt')]") (basics.py:206)
[2022-08-25 12:35:44] [    INFO] 查找元素：('xpath', "//span[contains(text(),'WO Report Mgt')]") (basics.py:106)
[2022-08-25 12:35:44] [    INFO] 点击元素：('xpath', "//span[contains(text(),'WO Report Mgt')]") (basics.py:206)
[2022-08-25 12:35:45] [    INFO] 查找元素：('xpath', "//div[@class='nest-menu']//span[contains(text(),'WO NonSerialized Report')]") (basics.py:106)
[2022-08-25 12:35:45] [    INFO] 点击元素：('xpath', "//div[@class='nest-menu']//span[contains(text(),'WO NonSerialized Report')]") (basics.py:206)
[2022-08-25 12:35:47] [    INFO] 断言成功：URL为预期一致 | URL: http://10.250.112.57/#/maintenanceMgt/workOrderReportMgt/woNoSerializedReport (assert_ui.py:188)
[2022-08-25 12:35:48] [    INFO] 刷新页面 (basics.py:337)
[2022-08-25 12:35:49] [    INFO] 查找元素：('xpath', "//div[@class='el-col el-col-12'][4]//input[contains(@placeholder,'Start')]") (basics.py:106)
[2022-08-25 12:35:49] [    INFO] 点击元素：('xpath', "//div[@class='el-col el-col-12'][4]//input[contains(@placeholder,'Start')]") (basics.py:206)
[2022-08-25 12:35:50] [    INFO] 查找元素：('xpath', "//div[@class='el-col el-col-12'][4]//input[contains(@placeholder,'Start')]") (basics.py:106)
[2022-08-25 12:35:50] [    INFO] 查找元素：('xpath', "//div[@class='el-col el-col-12'][4]//span[contains(@class,'suffix-inner')]/i[contains(@class,'circle-close')]") (basics.py:106)
[2022-08-25 12:35:50] [    INFO] 点击元素：('xpath', "//div[@class='el-col el-col-12'][4]//span[contains(@class,'suffix-inner')]/i[contains(@class,'circle-close')]") (basics.py:206)
[2022-08-25 12:35:51] [    INFO] 查找元素：('xpath', "//button[@type='button']//span[contains(text(),'Search')]") (basics.py:106)
[2022-08-25 12:35:51] [    INFO] 点击元素：('xpath', "//button[@type='button']//span[contains(text(),'Search')]") (basics.py:206)
[2022-08-25 12:35:51] [    INFO] 数据库查询到的非序列化工单报表数据为:79 (RepairMgt_WoReportMgt_WoNonSerializedReport.py:52)
[2022-08-25 12:35:52] [    INFO] 查找元素：('xpath', "//div[@class='formPage']//span[@class='el-pagination__total']") (basics.py:106)
[2022-08-25 12:35:52] [    INFO] 获取元素属性：textContent，属性值为：Total 79 (basics.py:523)
[2022-08-25 12:35:52] [    INFO] 非序列化工单报表查询页查到的数量:79 (RepairMgt_WoReportMgt_WoNonSerializedReport.py:56)
[2022-08-25 12:35:52] [    INFO] 断言成功: 两值相等 | a:79 b:79 (assert_ui.py:22)
[2022-08-25 12:35:52] [    INFO] 刷新页面 (basics.py:337)
[2022-08-25 12:35:53] [    INFO] 查找元素：('xpath', "//div[@class='el-col el-col-12'][4]//input[contains(@placeholder,'Start')]") (basics.py:106)
[2022-08-25 12:35:54] [    INFO] 点击元素：('xpath', "//div[@class='el-col el-col-12'][4]//input[contains(@placeholder,'Start')]") (basics.py:206)
[2022-08-25 12:35:54] [    INFO] 查找元素：('xpath', "//div[@class='el-col el-col-12'][4]//input[contains(@placeholder,'Start')]") (basics.py:106)
[2022-08-25 12:35:55] [    INFO] 查找元素：('xpath', "//div[@class='el-col el-col-12'][4]//span[contains(@class,'suffix-inner')]/i[contains(@class,'circle-close')]") (basics.py:106)
[2022-08-25 12:35:55] [    INFO] 点击元素：('xpath', "//div[@class='el-col el-col-12'][4]//span[contains(@class,'suffix-inner')]/i[contains(@class,'circle-close')]") (basics.py:206)
[2022-08-25 12:35:55] [    INFO] 查找元素：('xpath', "//div[@class='el-col el-col-12'][4]//input[contains(@placeholder,'Start')]") (basics.py:106)
[2022-08-25 12:35:55] [    INFO] 点击元素：('xpath', "//div[@class='el-col el-col-12'][4]//input[contains(@placeholder,'Start')]") (basics.py:206)
[2022-08-25 12:35:56] [    INFO] 查找元素：('xpath', "//div[@class='el-col el-col-12'][4]//input[contains(@placeholder,'Start')]") (basics.py:106)
[2022-08-25 12:35:57] [    INFO] 输入文本：2022-08-01 (basics.py:137)
[2022-08-25 12:35:57] [    INFO] 查找元素：('xpath', "//div[@class='el-col el-col-12'][1]//input[@type='text']") (basics.py:106)
[2022-08-25 12:35:57] [    INFO] 点击元素：('xpath', "//div[@class='el-col el-col-12'][1]//input[@type='text']") (basics.py:206)
[2022-08-25 12:35:57] [    INFO] 查找元素：['xpath', "//div[contains(@class,'el-popper')]//div[@class='el-scrollbar']//span[contains(text(),'SL-Sierra Leone')]"] (basics.py:102)
[2022-08-25 12:35:59] [    INFO] 查找元素：('xpath', "//div[contains(@class,'el-popper')]//div[@class='el-scrollbar']//span[contains(text(),'SL-Sierra Leone')]") (basics.py:106)
[2022-08-25 12:35:59] [    INFO] 点击元素：('xpath', "//div[contains(@class,'el-popper')]//div[@class='el-scrollbar']//span[contains(text(),'SL-Sierra Leone')]") (basics.py:206)
[2022-08-25 12:35:59] [    INFO] 查找元素：('xpath', "//button[@type='button']//span[contains(text(),'Search')]") (basics.py:106)
[2022-08-25 12:35:59] [    INFO] 点击元素：('xpath', "//button[@type='button']//span[contains(text(),'Search')]") (basics.py:206)
[2022-08-25 12:36:00] [    INFO] 数据库查询到的非序列化工单报表数据为:2 (RepairMgt_WoReportMgt_WoNonSerializedReport.py:52)
[2022-08-25 12:36:01] [    INFO] 查找元素：('xpath', "//div[@class='formPage']//span[@class='el-pagination__total']") (basics.py:106)
[2022-08-25 12:36:01] [    INFO] 获取元素属性：textContent，属性值为：Total 2 (basics.py:523)
[2022-08-25 12:36:01] [    INFO] 非序列化工单报表查询页查到的数量:2 (RepairMgt_WoReportMgt_WoNonSerializedReport.py:56)
[2022-08-25 12:36:01] [    INFO] 断言成功: 两值相等 | a:2 b:2 (assert_ui.py:22)
[2022-08-25 12:36:01] [    INFO] 刷新页面 (basics.py:337)
[2022-08-25 12:36:02] [    INFO] 查找元素：('xpath', "//div[@class='el-col el-col-12'][4]//input[contains(@placeholder,'Start')]") (basics.py:106)
[2022-08-25 12:36:02] [    INFO] 点击元素：('xpath', "//div[@class='el-col el-col-12'][4]//input[contains(@placeholder,'Start')]") (basics.py:206)
[2022-08-25 12:36:03] [    INFO] 查找元素：('xpath', "//div[@class='el-col el-col-12'][4]//input[contains(@placeholder,'Start')]") (basics.py:106)
[2022-08-25 12:36:03] [    INFO] 查找元素：('xpath', "//div[@class='el-col el-col-12'][4]//span[contains(@class,'suffix-inner')]/i[contains(@class,'circle-close')]") (basics.py:106)
[2022-08-25 12:36:03] [    INFO] 点击元素：('xpath', "//div[@class='el-col el-col-12'][4]//span[contains(@class,'suffix-inner')]/i[contains(@class,'circle-close')]") (basics.py:206)
[2022-08-25 12:36:04] [    INFO] 查找元素：('xpath', "//button[@type='button']//span[contains(text(),'Search')]") (basics.py:106)
[2022-08-25 12:36:04] [    INFO] 点击元素：('xpath', "//button[@type='button']//span[contains(text(),'Search')]") (basics.py:206)
[2022-08-25 12:36:06] [    INFO] 查找元素：['xpath', "//button[@type='button']//span[contains(text(),'Export')]"] (basics.py:106)
[2022-08-25 12:36:06] [    INFO] 选择点击：['xpath', "//button[@type='button']//span[contains(text(),'Export')]"] (basics.py:203)
[2022-08-25 12:36:08] [    INFO] 查找元素：['xpath', '//button[contains(@class,"el-button--primary")]/span[contains(text(),"OK")]'] (basics.py:106)
[2022-08-25 12:36:08] [    INFO] 选择点击：['xpath', '//button[contains(@class,"el-button--primary")]/span[contains(text(),"OK")]'] (basics.py:203)
[2022-08-25 12:36:08] [    INFO] 刷新页面 (basics.py:337)
[2022-08-25 12:36:10] [    INFO] 刷新页面 (basics.py:337)
[2022-08-25 12:36:11] [    INFO] 查找元素：('xpath', "//div[@class='el-col el-col-12'][4]//input[contains(@placeholder,'Start')]") (basics.py:106)
[2022-08-25 12:36:12] [    INFO] 点击元素：('xpath', "//div[@class='el-col el-col-12'][4]//input[contains(@placeholder,'Start')]") (basics.py:206)
[2022-08-25 12:36:12] [    INFO] 查找元素：('xpath', "//div[@class='el-col el-col-12'][4]//input[contains(@placeholder,'Start')]") (basics.py:106)
[2022-08-25 12:36:13] [    INFO] 查找元素：('xpath', "//div[@class='el-col el-col-12'][4]//span[contains(@class,'suffix-inner')]/i[contains(@class,'circle-close')]") (basics.py:106)
[2022-08-25 12:36:13] [    INFO] 点击元素：('xpath', "//div[@class='el-col el-col-12'][4]//span[contains(@class,'suffix-inner')]/i[contains(@class,'circle-close')]") (basics.py:206)
[2022-08-25 12:36:13] [    INFO] 查找元素：('xpath', "//div[@class='el-col el-col-12'][1]//input[@type='text']") (basics.py:106)
[2022-08-25 12:36:13] [    INFO] 点击元素：('xpath', "//div[@class='el-col el-col-12'][1]//input[@type='text']") (basics.py:206)
[2022-08-25 12:36:14] [    INFO] 查找元素：['xpath', "//div[contains(@class,'el-popper')]//div[@class='el-scrollbar']//span[contains(text(),'SL-Sierra Leone')]"] (basics.py:102)
[2022-08-25 12:36:15] [    INFO] 查找元素：('xpath', "//div[contains(@class,'el-popper')]//div[@class='el-scrollbar']//span[contains(text(),'SL-Sierra Leone')]") (basics.py:106)
[2022-08-25 12:36:15] [    INFO] 点击元素：('xpath', "//div[contains(@class,'el-popper')]//div[@class='el-scrollbar']//span[contains(text(),'SL-Sierra Leone')]") (basics.py:206)
[2022-08-25 12:36:16] [    INFO] 查找元素：('xpath', "//button[@type='button']//span[contains(text(),'Search')]") (basics.py:106)
[2022-08-25 12:36:16] [    INFO] 点击元素：('xpath', "//button[@type='button']//span[contains(text(),'Search')]") (basics.py:206)
[2022-08-25 12:36:18] [    INFO] 查找元素：['xpath', "//button[@type='button']//span[contains(text(),'Export')]"] (basics.py:106)
[2022-08-25 12:36:19] [    INFO] 选择点击：['xpath', "//button[@type='button']//span[contains(text(),'Export')]"] (basics.py:203)
[2022-08-25 12:36:21] [    INFO] 查找元素：['xpath', '//button[contains(@class,"el-button--primary")]/span[contains(text(),"OK")]'] (basics.py:106)
[2022-08-25 12:36:21] [    INFO] 选择点击：['xpath', '//button[contains(@class,"el-button--primary")]/span[contains(text(),"OK")]'] (basics.py:203)
[2022-08-25 12:36:21] [    INFO] 刷新页面 (basics.py:337)
