[2022-08-08 10:14:31] [    INFO] 【DRP】项目【test】环境- UI自动化开始执行 (conftest.py:14)
[2022-08-08 10:14:31] [    INFO] 前置条件：传音统一登录开始 (conftest.py:18)
[2022-08-08 10:14:33] [    INFO] 打开网页：http://10.250.112.166:9000/# (basics.py:64)
[2022-08-08 10:14:33] [    INFO] 查找元素：('xpath', "//div[@role='button']") (basics.py:107)
[2022-08-08 10:14:33] [    INFO] 点击元素：('xpath', "//div[@role='button']") (basics.py:191)
[2022-08-08 10:14:38] [    INFO] 查找元素：['xpath', "//*[contains(@id,'dropdown-menu-')]//li[1]"] (basics.py:107)
[2022-08-08 10:14:38] [    INFO] 选择点击：['xpath', "//*[contains(@id,'dropdown-menu-')]//li[1]"] (basics.py:188)
[2022-08-08 10:14:38] [    INFO] 查找元素：('id', 'tab-account') (basics.py:107)
[2022-08-08 10:14:39] [    INFO] 点击元素：('id', 'tab-account') (basics.py:191)
[2022-08-08 10:14:40] [    INFO] 查找元素：('xpath', "//*[@id='pane-account']/form/div[1]/div/div[1]/input") (basics.py:107)
[2022-08-08 10:14:40] [    INFO] 输入文本：18649572 (basics.py:138)
[2022-08-08 10:14:41] [    INFO] 查找元素：('xpath', "//*[@id='pane-account']/form/div[2]/div/div[1]/input") (basics.py:107)
[2022-08-08 10:14:42] [    INFO] 输入文本：xLily6x (basics.py:138)
[2022-08-08 10:14:43] [    INFO] 查找元素：('xpath', "//*[@id='pane-account']/form/div[4]/label/span/span") (basics.py:107)
[2022-08-08 10:14:43] [    INFO] 获取状态：False (basics.py:307)
[2022-08-08 10:14:43] [    INFO] 查找元素：('xpath', "//*[@id='pane-account']/form/div[4]/label/span/span") (basics.py:107)
[2022-08-08 10:14:43] [    INFO] 点击元素：('xpath', "//*[@id='pane-account']/form/div[4]/label/span/span") (basics.py:191)
[2022-08-08 10:14:44] [    INFO] 查找元素：('xpath', "//*[@id='pane-account']/form/button") (basics.py:107)
[2022-08-08 10:14:44] [    INFO] 点击元素：('xpath', "//*[@id='pane-account']/form/button") (basics.py:191)
[2022-08-08 10:14:50] [    INFO] 断言成功：URL为预期一致 | URL: http://10.250.112.166:9000/#/dashboard (assert_ui.py:190)
[2022-08-08 10:14:51] [    INFO] 断言成功: 该内容存在数据列表中 | word:隆江 (assert_ui.py:294)
[2022-08-08 10:14:51] [    INFO] 前置条件：传音统一登录成功 (conftest.py:25)
[2022-08-08 10:14:51] [    INFO] 模块前置条件：前往“DRP数据管理-机型库”页面 (DRPDataMgmt_ModelDatabase.py:10)
[2022-08-08 10:14:51] [    INFO] 查找元素：('xpath', '//*[@id="app"]/div/div[1]/div[2]/div[1]/div/ul/div[9]/li/div/span') (basics.py:107)
[2022-08-08 10:14:51] [    INFO] 点击元素：('xpath', '//*[@id="app"]/div/div[1]/div[2]/div[1]/div/ul/div[9]/li/div/span') (basics.py:191)
[2022-08-08 10:14:51] [    INFO] 查找元素：('xpath', "//li[@role='menuitem']//span[contains(text(),'机型库')]") (basics.py:107)
[2022-08-08 10:14:52] [    INFO] 点击元素：('xpath', "//li[@role='menuitem']//span[contains(text(),'机型库')]") (basics.py:191)
[2022-08-08 10:14:54] [    INFO] 断言成功：URL为预期一致 | URL: http://10.250.112.166:9000/#/dataManage/modelLibrary (assert_ui.py:190)
[2022-08-08 10:14:56] [    INFO] 查找元素：['xpath', "//div[@class='wrapper-tabs']//span[contains(text(),'产品信息')]"] (basics.py:107)
[2022-08-08 10:14:56] [    INFO] 选择点击：['xpath', "//div[@class='wrapper-tabs']//span[contains(text(),'产品信息')]"] (basics.py:188)
[2022-08-08 10:14:56] [    INFO] 前往菜单产品信息 (DRPDataMgmt_ModelDatabase.py:19)
[2022-08-08 10:14:56] [    INFO] 查找元素：('xpath', "//div[@class='left-btn']//button[1]") (basics.py:107)
[2022-08-08 10:14:56] [    INFO] 获取文本：新 增 (basics.py:296)
[2022-08-08 10:14:59] [    INFO] 查找元素：['xpath', "//div[@class='wrapper-tabs']//span[contains(text(),'产品信息')]"] (basics.py:107)
[2022-08-08 10:14:59] [    INFO] 选择点击：['xpath', "//div[@class='wrapper-tabs']//span[contains(text(),'产品信息')]"] (basics.py:188)
[2022-08-08 10:14:59] [    INFO] 前往菜单产品信息 (DRPDataMgmt_ModelDatabase.py:19)
[2022-08-08 10:14:59] [    INFO] 查找元素：('xpath', "//div[@class='left-btn']//button[1]") (basics.py:107)
[2022-08-08 10:15:00] [    INFO] 获取文本：新 增 (basics.py:296)
[2022-08-08 10:15:00] [    INFO] 查找元素：('xpath', "//div[@class='btn-tool-info']//button[@type='button']//span[contains(text(),'筛选')]") (basics.py:107)
[2022-08-08 10:15:00] [    INFO] 点击元素：('xpath', "//div[@class='btn-tool-info']//button[@type='button']//span[contains(text(),'筛选')]") (basics.py:191)
[2022-08-08 10:15:00] [    INFO] 打开筛选框 (DRPDataMgmt_ModelDatabase.py:47)
[2022-08-08 10:15:00] [    INFO] 查找元素：('xpath', "//label[@for='brandCode']/following-sibling::div//input[@placeholder='请选择']") (basics.py:107)
[2022-08-08 10:15:01] [    INFO] 点击元素：('xpath', "//label[@for='brandCode']/following-sibling::div//input[@placeholder='请选择']") (basics.py:191)
[2022-08-08 10:15:03] [    INFO] 查找元素：['xpath', "//div[@x-placement='bottom-start']//li[2]"] (basics.py:107)
[2022-08-08 10:15:03] [    INFO] 选择点击：['xpath', "//div[@x-placement='bottom-start']//li[2]"] (basics.py:188)
[2022-08-08 10:15:03] [    INFO] 筛选品牌：itel (DRPDataMgmt_ModelDatabase.py:310)
[2022-08-08 10:15:03] [    INFO] 查找元素：('xpath', "//label[@for='seriesSenior']/following-sibling::div//input[@placeholder='请选择']") (basics.py:107)
[2022-08-08 10:15:04] [    INFO] 点击元素：('xpath', "//label[@for='seriesSenior']/following-sibling::div//input[@placeholder='请选择']") (basics.py:191)
[2022-08-08 10:15:06] [    INFO] 查找元素：['xpath', "//div[@x-placement='bottom-start']//li[2]"] (basics.py:107)
[2022-08-08 10:15:06] [    INFO] 选择点击：['xpath', "//div[@x-placement='bottom-start']//li[2]"] (basics.py:188)
[2022-08-08 10:15:06] [    INFO] 筛选大类粗：智能机 (DRPDataMgmt_ModelDatabase.py:321)
[2022-08-08 10:15:07] [    INFO] 查找元素：('xpath', "//label[@for='modelName']/following-sibling::div//input[@placeholder='请输入关键字']") (basics.py:107)
[2022-08-08 10:15:07] [    INFO] 输入文本：S11 64+4 (basics.py:155)
[2022-08-08 10:15:10] [    INFO] 查找元素：['xpath', "//li[@class='el-select-dropdown__item']//span[text()='S11 64+4']"] (basics.py:107)
[2022-08-08 10:15:10] [    INFO] 选择点击：['xpath', "//li[@class='el-select-dropdown__item']//span[text()='S11 64+4']"] (basics.py:188)
[2022-08-08 10:15:10] [    INFO] 筛选机型：S11 64+4 (DRPDataMgmt_ModelDatabase.py:349)
[2022-08-08 10:15:11] [    INFO] 查找元素：('xpath', "//label[@for='marketName']/following-sibling::div//input[@placeholder='请输入关键字']") (basics.py:107)
[2022-08-08 10:15:11] [    INFO] 输入文本：India (basics.py:155)
[2022-08-08 10:15:13] [    INFO] 查找元素：['xpath', "//li[@class='el-select-dropdown__item']//span[text()='India']"] (basics.py:107)
[2022-08-08 10:15:14] [    INFO] 选择点击：['xpath', "//li[@class='el-select-dropdown__item']//span[text()='India']"] (basics.py:188)
[2022-08-08 10:15:14] [    INFO] 筛选市场名：India (DRPDataMgmt_ModelDatabase.py:355)
[2022-08-08 10:15:14] [    INFO] 查找元素：('xpath', "//label[@for='projectSeries']/following-sibling::div//input[@placeholder='请输入关键字']") (basics.py:107)
[2022-08-08 10:15:15] [    INFO] 输入文本：A (basics.py:155)
[2022-08-08 10:15:17] [    INFO] 查找元素：['xpath', "//li[@class='el-select-dropdown__item']//span[text()='A']"] (basics.py:107)
[2022-08-08 10:15:17] [    INFO] 选择点击：['xpath', "//li[@class='el-select-dropdown__item']//span[text()='A']"] (basics.py:188)
[2022-08-08 10:15:17] [    INFO] 筛选系列：A (DRPDataMgmt_ModelDatabase.py:361)
[2022-08-08 10:15:18] [    INFO] 查找元素：('xpath', "//label[@for='modelCode']/following-sibling::div//input[@placeholder='请输入关键字']") (basics.py:107)
[2022-08-08 10:15:19] [    INFO] 输入文本：S11 (basics.py:155)
[2022-08-08 10:15:21] [    INFO] 查找元素：['xpath', "//li[@class='el-select-dropdown__item']//span[text()='S11']"] (basics.py:107)
[2022-08-08 10:15:21] [    INFO] 选择点击：['xpath', "//li[@class='el-select-dropdown__item']//span[text()='S11']"] (basics.py:188)
[2022-08-08 10:15:21] [    INFO] 筛选项目名：S11 (DRPDataMgmt_ModelDatabase.py:367)
[2022-08-08 10:15:21] [    INFO] 查找元素：('xpath', "//label[@for='fstatus']/following-sibling::div//input[@placeholder='请选择']") (basics.py:107)
[2022-08-08 10:15:22] [    INFO] 点击元素：('xpath', "//label[@for='fstatus']/following-sibling::div//input[@placeholder='请选择']") (basics.py:191)
[2022-08-08 10:15:24] [    INFO] 查找元素：['xpath', "//div[@x-placement='bottom-start']//li[2]"] (basics.py:107)
[2022-08-08 10:15:24] [    INFO] 选择点击：['xpath', "//div[@x-placement='bottom-start']//li[2]"] (basics.py:188)
[2022-08-08 10:15:24] [    INFO] 筛选状态：MP (DRPDataMgmt_ModelDatabase.py:383)
[2022-08-08 10:15:24] [    INFO] 查找元素：('xpath', "//label[@for='origin']/following-sibling::div//input[@placeholder='请选择']") (basics.py:107)
[2022-08-08 10:15:25] [    INFO] 点击元素：('xpath', "//label[@for='origin']/following-sibling::div//input[@placeholder='请选择']") (basics.py:191)
[2022-08-08 10:15:27] [    INFO] 查找元素：['xpath', "//div[@x-placement='bottom-start']//li[1]"] (basics.py:107)
[2022-08-08 10:15:28] [    INFO] 选择点击：['xpath', "//div[@x-placement='bottom-start']//li[1]"] (basics.py:188)
[2022-08-08 10:15:28] [    INFO] 筛选来源：数仓 (DRPDataMgmt_ModelDatabase.py:394)
[2022-08-08 10:15:28] [    INFO] 查找元素：('xpath', "//div[@class='el-form-item el-form-item--medium']//label[@for='supplyType']/following-sibling::div//input[@placeholder='请选择']") (basics.py:107)
[2022-08-08 10:15:28] [    INFO] 点击元素：('xpath', "//div[@class='el-form-item el-form-item--medium']//label[@for='supplyType']/following-sibling::div//input[@placeholder='请选择']") (basics.py:191)
[2022-08-08 10:15:30] [    INFO] 查找元素：['xpath', "//div[@x-placement='bottom-start']//li[1]"] (basics.py:107)
[2022-08-08 10:15:31] [    INFO] 选择点击：['xpath', "//div[@x-placement='bottom-start']//li[1]"] (basics.py:188)
[2022-08-08 10:15:31] [    INFO] 筛选供应类型：自研 (DRPDataMgmt_ModelDatabase.py:405)
[2022-08-08 10:15:31] [    INFO] 查找元素：('xpath', "//div[@class='screen-btns']//button//span[contains(text(),'查  询')]") (basics.py:107)
[2022-08-08 10:15:31] [    INFO] 点击元素：('xpath', "//div[@class='screen-btns']//button//span[contains(text(),'查  询')]") (basics.py:191)
[2022-08-08 10:15:32] [    INFO] 筛选查询 (DRPDataMgmt_ModelDatabase.py:410)
[2022-08-08 10:15:32] [    INFO] 查找元素：['xpath', "//div[2]//div[3]//table[@class='el-table__body']//tbody//tr//td[22]"] (basics.py:107)
[2022-08-08 10:15:32] [    INFO] 滚动条至：['xpath', "//div[2]//div[3]//table[@class='el-table__body']//tbody//tr//td[22]"] (basics.py:173)
[2022-08-08 10:15:32] [    INFO] 查找元素：['xpath', "//div[2]//div[3]//table[@class='el-table__body']//tbody//tr//td[22]"] (basics.py:118)
[2022-08-08 10:15:32] [    INFO] 获取表格搜索结果的所有信息文本['隆江'] (DRPDataMgmt_ModelDatabase.py:432)
[2022-08-08 10:15:32] [    INFO] 断言成功，选项值包含：('隆江',) (DRPDataMgmt_ModelDatabase.py:445)
[2022-08-08 10:15:32] [    INFO] 列表操作，前置条件过滤完成 (DRPDataMgmt_ModelDatabase.py:355)
[2022-08-08 10:15:32] [    INFO] 查找元素：['xpath', "//div[2]//div[3]//table[@class='el-table__body']//tbody//tr//td[22]"] (basics.py:118)
[2022-08-08 10:15:34] [    INFO] 查找元素：['xpath', "//div[2]//div[3]//table[@class='el-table__body']//tbody//tr[1]//td[24]//span[contains(text(),'编辑')]"] (basics.py:107)
[2022-08-08 10:15:59] [    INFO] 【DRP】项目【test】环境- UI自动化开始执行 (conftest.py:14)
[2022-08-08 10:15:59] [    INFO] 前置条件：传音统一登录开始 (conftest.py:18)
[2022-08-08 10:16:01] [    INFO] 打开网页：http://10.250.112.166:9000/# (basics.py:64)
[2022-08-08 10:16:01] [    INFO] 查找元素：('xpath', "//div[@role='button']") (basics.py:107)
[2022-08-08 10:16:01] [    INFO] 点击元素：('xpath', "//div[@role='button']") (basics.py:191)
[2022-08-08 10:16:05] [    INFO] 查找元素：['xpath', "//*[contains(@id,'dropdown-menu-')]//li[1]"] (basics.py:107)
[2022-08-08 10:16:06] [    INFO] 选择点击：['xpath', "//*[contains(@id,'dropdown-menu-')]//li[1]"] (basics.py:188)
[2022-08-08 10:16:06] [    INFO] 查找元素：('id', 'tab-account') (basics.py:107)
[2022-08-08 10:16:06] [    INFO] 点击元素：('id', 'tab-account') (basics.py:191)
[2022-08-08 10:16:07] [    INFO] 查找元素：('xpath', "//*[@id='pane-account']/form/div[1]/div/div[1]/input") (basics.py:107)
[2022-08-08 10:16:07] [    INFO] 输入文本：18649572 (basics.py:138)
[2022-08-08 10:16:09] [    INFO] 查找元素：('xpath', "//*[@id='pane-account']/form/div[2]/div/div[1]/input") (basics.py:107)
[2022-08-08 10:16:09] [    INFO] 输入文本：xLily6x (basics.py:138)
[2022-08-08 10:16:10] [    INFO] 查找元素：('xpath', "//*[@id='pane-account']/form/div[4]/label/span/span") (basics.py:107)
[2022-08-08 10:16:10] [    INFO] 获取状态：False (basics.py:307)
[2022-08-08 10:16:10] [    INFO] 查找元素：('xpath', "//*[@id='pane-account']/form/div[4]/label/span/span") (basics.py:107)
[2022-08-08 10:16:11] [    INFO] 点击元素：('xpath', "//*[@id='pane-account']/form/div[4]/label/span/span") (basics.py:191)
[2022-08-08 10:16:11] [    INFO] 查找元素：('xpath', "//*[@id='pane-account']/form/button") (basics.py:107)
[2022-08-08 10:16:11] [    INFO] 点击元素：('xpath', "//*[@id='pane-account']/form/button") (basics.py:191)
[2022-08-08 10:16:18] [    INFO] 断言成功：URL为预期一致 | URL: http://10.250.112.166:9000/#/dashboard (assert_ui.py:190)
[2022-08-08 10:16:18] [    INFO] 断言成功: 该内容存在数据列表中 | word:隆江 (assert_ui.py:294)
[2022-08-08 10:16:18] [    INFO] 前置条件：传音统一登录成功 (conftest.py:25)
[2022-08-08 10:16:18] [    INFO] 模块前置条件：前往“DRP数据管理-机型库”页面 (DRPDataMgmt_ModelDatabase.py:10)
[2022-08-08 10:16:18] [    INFO] 查找元素：('xpath', '//*[@id="app"]/div/div[1]/div[2]/div[1]/div/ul/div[9]/li/div/span') (basics.py:107)
[2022-08-08 10:16:19] [    INFO] 点击元素：('xpath', '//*[@id="app"]/div/div[1]/div[2]/div[1]/div/ul/div[9]/li/div/span') (basics.py:191)
[2022-08-08 10:16:19] [    INFO] 查找元素：('xpath', "//li[@role='menuitem']//span[contains(text(),'机型库')]") (basics.py:107)
[2022-08-08 10:16:19] [    INFO] 点击元素：('xpath', "//li[@role='menuitem']//span[contains(text(),'机型库')]") (basics.py:191)
[2022-08-08 10:16:22] [    INFO] 断言成功：URL为预期一致 | URL: http://10.250.112.166:9000/#/dataManage/modelLibrary (assert_ui.py:190)
[2022-08-08 10:16:24] [    INFO] 查找元素：['xpath', "//div[@class='wrapper-tabs']//span[contains(text(),'产品信息')]"] (basics.py:107)
[2022-08-08 10:16:24] [    INFO] 选择点击：['xpath', "//div[@class='wrapper-tabs']//span[contains(text(),'产品信息')]"] (basics.py:188)
[2022-08-08 10:16:24] [    INFO] 前往菜单产品信息 (DRPDataMgmt_ModelDatabase.py:19)
[2022-08-08 10:16:24] [    INFO] 查找元素：('xpath', "//div[@class='left-btn']//button[1]") (basics.py:107)
[2022-08-08 10:16:24] [    INFO] 获取文本：新 增 (basics.py:296)
[2022-08-08 10:16:27] [    INFO] 查找元素：['xpath', "//div[@class='wrapper-tabs']//span[contains(text(),'产品配置')]"] (basics.py:107)
[2022-08-08 10:16:27] [    INFO] 选择点击：['xpath', "//div[@class='wrapper-tabs']//span[contains(text(),'产品配置')]"] (basics.py:188)
[2022-08-08 10:16:27] [    INFO] 前往菜单产品配置 (DRPDataMgmt_ModelDatabase.py:19)
[2022-08-08 10:16:27] [    INFO] 查找元素：('xpath', "//label[@for='preserveStatus']") (basics.py:107)
[2022-08-08 10:16:28] [    INFO] 获取文本：状态 (basics.py:296)
[2022-08-08 10:16:31] [    INFO] 查找元素：['xpath', "//div[@class='wrapper-tabs']//span[contains(text(),'产品信息')]"] (basics.py:107)
[2022-08-08 10:16:31] [    INFO] 选择点击：['xpath', "//div[@class='wrapper-tabs']//span[contains(text(),'产品信息')]"] (basics.py:188)
[2022-08-08 10:16:31] [    INFO] 前往菜单产品信息 (DRPDataMgmt_ModelDatabase.py:19)
[2022-08-08 10:16:31] [    INFO] 查找元素：('xpath', "//div[@class='left-btn']//button[1]") (basics.py:107)
[2022-08-08 10:16:33] [    INFO] 获取文本：新 增 (basics.py:296)
[2022-08-08 10:16:33] [    INFO] 查找元素：('xpath', "//div[@class='btn-tool-info']//button[@type='button']//span[contains(text(),'筛选')]") (basics.py:107)
[2022-08-08 10:16:33] [    INFO] 点击元素：('xpath', "//div[@class='btn-tool-info']//button[@type='button']//span[contains(text(),'筛选')]") (basics.py:191)
[2022-08-08 10:16:33] [    INFO] 打开筛选框 (DRPDataMgmt_ModelDatabase.py:47)
[2022-08-08 10:16:33] [    INFO] 查找元素：('xpath', "//label[@for='brandCode']/following-sibling::div//input[@placeholder='请选择']") (basics.py:107)
[2022-08-08 10:16:34] [    INFO] 点击元素：('xpath', "//label[@for='brandCode']/following-sibling::div//input[@placeholder='请选择']") (basics.py:191)
[2022-08-08 10:16:36] [    INFO] 查找元素：['xpath', "//div[@x-placement='bottom-start']//li[2]"] (basics.py:107)
[2022-08-08 10:16:36] [    INFO] 选择点击：['xpath', "//div[@x-placement='bottom-start']//li[2]"] (basics.py:188)
[2022-08-08 10:16:36] [    INFO] 筛选品牌：itel (DRPDataMgmt_ModelDatabase.py:310)
[2022-08-08 10:16:36] [    INFO] 查找元素：('xpath', "//label[@for='seriesSenior']/following-sibling::div//input[@placeholder='请选择']") (basics.py:107)
[2022-08-08 10:16:36] [    INFO] 点击元素：('xpath', "//label[@for='seriesSenior']/following-sibling::div//input[@placeholder='请选择']") (basics.py:191)
[2022-08-08 10:16:39] [    INFO] 查找元素：['xpath', "//div[@x-placement='bottom-start']//li[2]"] (basics.py:107)
[2022-08-08 10:16:39] [    INFO] 选择点击：['xpath', "//div[@x-placement='bottom-start']//li[2]"] (basics.py:188)
[2022-08-08 10:16:39] [    INFO] 筛选大类粗：智能机 (DRPDataMgmt_ModelDatabase.py:321)
[2022-08-08 10:16:40] [    INFO] 查找元素：('xpath', "//label[@for='modelName']/following-sibling::div//input[@placeholder='请输入关键字']") (basics.py:107)
[2022-08-08 10:16:40] [    INFO] 输入文本：S11 64+4 (basics.py:155)
[2022-08-08 10:16:43] [    INFO] 查找元素：['xpath', "//li[@class='el-select-dropdown__item']//span[text()='S11 64+4']"] (basics.py:107)
[2022-08-08 10:17:56] [    INFO] 【DRP】项目【test】环境- UI自动化开始执行 (conftest.py:14)
[2022-08-08 10:17:56] [    INFO] 前置条件：传音统一登录开始 (conftest.py:18)
[2022-08-08 10:17:58] [    INFO] 打开网页：http://10.250.112.166:9000/# (basics.py:64)
[2022-08-08 10:17:58] [    INFO] 查找元素：('xpath', "//div[@role='button']") (basics.py:107)
[2022-08-08 10:17:58] [    INFO] 点击元素：('xpath', "//div[@role='button']") (basics.py:191)
[2022-08-08 10:18:03] [    INFO] 查找元素：['xpath', "//*[contains(@id,'dropdown-menu-')]//li[1]"] (basics.py:107)
[2022-08-08 10:18:03] [    INFO] 选择点击：['xpath', "//*[contains(@id,'dropdown-menu-')]//li[1]"] (basics.py:188)
[2022-08-08 10:18:03] [    INFO] 查找元素：('id', 'tab-account') (basics.py:107)
[2022-08-08 10:18:04] [    INFO] 点击元素：('id', 'tab-account') (basics.py:191)
[2022-08-08 10:18:05] [    INFO] 查找元素：('xpath', "//*[@id='pane-account']/form/div[1]/div/div[1]/input") (basics.py:107)
[2022-08-08 10:18:05] [    INFO] 输入文本：18649572 (basics.py:138)
[2022-08-08 10:18:06] [    INFO] 查找元素：('xpath', "//*[@id='pane-account']/form/div[2]/div/div[1]/input") (basics.py:107)
[2022-08-08 10:18:07] [    INFO] 输入文本：xLily6x (basics.py:138)
[2022-08-08 10:18:08] [    INFO] 查找元素：('xpath', "//*[@id='pane-account']/form/div[4]/label/span/span") (basics.py:107)
[2022-08-08 10:18:08] [    INFO] 获取状态：False (basics.py:307)
[2022-08-08 10:18:08] [    INFO] 查找元素：('xpath', "//*[@id='pane-account']/form/div[4]/label/span/span") (basics.py:107)
[2022-08-08 10:18:08] [    INFO] 点击元素：('xpath', "//*[@id='pane-account']/form/div[4]/label/span/span") (basics.py:191)
[2022-08-08 10:18:08] [    INFO] 查找元素：('xpath', "//*[@id='pane-account']/form/button") (basics.py:107)
[2022-08-08 10:18:09] [    INFO] 点击元素：('xpath', "//*[@id='pane-account']/form/button") (basics.py:191)
[2022-08-08 10:18:15] [    INFO] 断言成功：URL为预期一致 | URL: http://10.250.112.166:9000/#/dashboard (assert_ui.py:190)
[2022-08-08 10:18:16] [    INFO] 断言成功: 该内容存在数据列表中 | word:隆江 (assert_ui.py:294)
[2022-08-08 10:18:16] [    INFO] 前置条件：传音统一登录成功 (conftest.py:25)
[2022-08-08 10:18:16] [    INFO] 模块前置条件：前往“DRP数据管理-机型库”页面 (DRPDataMgmt_ModelDatabase.py:10)
[2022-08-08 10:18:16] [    INFO] 查找元素：('xpath', '//*[@id="app"]/div/div[1]/div[2]/div[1]/div/ul/div[9]/li/div/span') (basics.py:107)
[2022-08-08 10:18:16] [    INFO] 点击元素：('xpath', '//*[@id="app"]/div/div[1]/div[2]/div[1]/div/ul/div[9]/li/div/span') (basics.py:191)
[2022-08-08 10:18:16] [    INFO] 查找元素：('xpath', "//li[@role='menuitem']//span[contains(text(),'机型库')]") (basics.py:107)
[2022-08-08 10:18:16] [    INFO] 点击元素：('xpath', "//li[@role='menuitem']//span[contains(text(),'机型库')]") (basics.py:191)
[2022-08-08 10:18:19] [    INFO] 断言成功：URL为预期一致 | URL: http://10.250.112.166:9000/#/dataManage/modelLibrary (assert_ui.py:190)
[2022-08-08 10:18:21] [    INFO] 查找元素：['xpath', "//div[@class='wrapper-tabs']//span[contains(text(),'产品信息')]"] (basics.py:107)
[2022-08-08 10:18:21] [    INFO] 选择点击：['xpath', "//div[@class='wrapper-tabs']//span[contains(text(),'产品信息')]"] (basics.py:188)
[2022-08-08 10:18:21] [    INFO] 前往菜单产品信息 (DRPDataMgmt_ModelDatabase.py:19)
[2022-08-08 10:18:21] [    INFO] 查找元素：('xpath', "//div[@class='left-btn']//button[1]") (basics.py:107)
[2022-08-08 10:18:21] [    INFO] 获取文本：新 增 (basics.py:296)
[2022-08-08 10:18:23] [    INFO] 查找元素：['xpath', "//div[@class='wrapper-tabs']//span[contains(text(),'产品信息')]"] (basics.py:107)
[2022-08-08 10:18:23] [    INFO] 选择点击：['xpath', "//div[@class='wrapper-tabs']//span[contains(text(),'产品信息')]"] (basics.py:188)
[2022-08-08 10:18:23] [    INFO] 前往菜单产品信息 (DRPDataMgmt_ModelDatabase.py:19)
[2022-08-08 10:18:23] [    INFO] 查找元素：('xpath', "//div[@class='left-btn']//button[1]") (basics.py:107)
[2022-08-08 10:18:24] [    INFO] 获取文本：新 增 (basics.py:296)
[2022-08-08 10:18:26] [    INFO] 查找元素：['xpath', "//div[@class='wrapper-tabs']//span[contains(text(),'产品配置')]"] (basics.py:107)
[2022-08-08 10:18:26] [    INFO] 选择点击：['xpath', "//div[@class='wrapper-tabs']//span[contains(text(),'产品配置')]"] (basics.py:188)
[2022-08-08 10:18:26] [    INFO] 前往菜单产品配置 (DRPDataMgmt_ModelDatabase.py:19)
[2022-08-08 10:18:26] [    INFO] 查找元素：('xpath', "//label[@for='preserveStatus']") (basics.py:107)
[2022-08-08 10:18:27] [    INFO] 获取文本：状态 (basics.py:296)
[2022-08-08 10:18:29] [    INFO] 查找元素：['xpath', "//div[@class='wrapper-tabs']//span[contains(text(),'产品配置')]"] (basics.py:107)
[2022-08-08 10:18:29] [    INFO] 选择点击：['xpath', "//div[@class='wrapper-tabs']//span[contains(text(),'产品配置')]"] (basics.py:188)
[2022-08-08 10:18:29] [    INFO] 前往菜单产品配置 (DRPDataMgmt_ModelDatabase.py:19)
[2022-08-08 10:18:29] [    INFO] 查找元素：('xpath', "//label[@for='preserveStatus']") (basics.py:107)
[2022-08-08 10:18:29] [    INFO] 获取文本：状态 (basics.py:296)
[2022-08-08 10:18:31] [    INFO] 查找元素：['xpath', "//div[@class='wrapper-tabs']//span[contains(text(),'产品信息')]"] (basics.py:107)
[2022-08-08 10:18:31] [    INFO] 选择点击：['xpath', "//div[@class='wrapper-tabs']//span[contains(text(),'产品信息')]"] (basics.py:188)
[2022-08-08 10:18:31] [    INFO] 前往菜单产品信息 (DRPDataMgmt_ModelDatabase.py:19)
[2022-08-08 10:18:31] [    INFO] 查找元素：('xpath', "//div[@class='left-btn']//button[1]") (basics.py:107)
[2022-08-08 10:18:33] [    INFO] 获取文本：新 增 (basics.py:296)
[2022-08-08 10:18:33] [    INFO] 查找元素：('xpath', "//div[@class='btn-tool-info']//button[@type='button']//span[contains(text(),'筛选')]") (basics.py:107)
[2022-08-08 10:18:33] [    INFO] 点击元素：('xpath', "//div[@class='btn-tool-info']//button[@type='button']//span[contains(text(),'筛选')]") (basics.py:191)
[2022-08-08 10:18:33] [    INFO] 打开筛选框 (DRPDataMgmt_ModelDatabase.py:47)
[2022-08-08 10:18:33] [    INFO] 查找元素：('xpath', "//label[@for='brandCode']/following-sibling::div//input[@placeholder='请选择']") (basics.py:107)
[2022-08-08 10:18:34] [    INFO] 点击元素：('xpath', "//label[@for='brandCode']/following-sibling::div//input[@placeholder='请选择']") (basics.py:191)
[2022-08-08 10:18:36] [    INFO] 查找元素：['xpath', "//div[@x-placement='bottom-start']//li[2]"] (basics.py:107)
[2022-08-08 10:18:36] [    INFO] 选择点击：['xpath', "//div[@x-placement='bottom-start']//li[2]"] (basics.py:188)
[2022-08-08 10:18:36] [    INFO] 筛选品牌：itel (DRPDataMgmt_ModelDatabase.py:310)
[2022-08-08 10:18:36] [    INFO] 查找元素：('xpath', "//label[@for='seriesSenior']/following-sibling::div//input[@placeholder='请选择']") (basics.py:107)
[2022-08-08 10:18:37] [    INFO] 点击元素：('xpath', "//label[@for='seriesSenior']/following-sibling::div//input[@placeholder='请选择']") (basics.py:191)
[2022-08-08 10:18:39] [    INFO] 查找元素：['xpath', "//div[@x-placement='bottom-start']//li[2]"] (basics.py:107)
[2022-08-08 10:18:39] [    INFO] 选择点击：['xpath', "//div[@x-placement='bottom-start']//li[2]"] (basics.py:188)
[2022-08-08 10:18:39] [    INFO] 筛选大类粗：智能机 (DRPDataMgmt_ModelDatabase.py:321)
[2022-08-08 10:18:40] [    INFO] 查找元素：('xpath', "//label[@for='modelName']/following-sibling::div//input[@placeholder='请输入关键字']") (basics.py:107)
[2022-08-08 10:18:40] [    INFO] 输入文本：S11 64+4 (basics.py:155)
[2022-08-08 10:18:43] [    INFO] 查找元素：['xpath', "//li[@class='el-select-dropdown__item']//span[text()='S11 64+4']"] (basics.py:107)
[2022-08-08 10:18:43] [    INFO] 选择点击：['xpath', "//li[@class='el-select-dropdown__item']//span[text()='S11 64+4']"] (basics.py:188)
[2022-08-08 10:18:43] [    INFO] 筛选机型：S11 64+4 (DRPDataMgmt_ModelDatabase.py:349)
[2022-08-08 10:18:43] [    INFO] 查找元素：('xpath', "//label[@for='marketName']/following-sibling::div//input[@placeholder='请输入关键字']") (basics.py:107)
[2022-08-08 10:18:44] [    INFO] 输入文本：India (basics.py:155)
[2022-08-08 10:18:46] [    INFO] 查找元素：['xpath', "//li[@class='el-select-dropdown__item']//span[text()='India']"] (basics.py:107)
[2022-08-08 10:18:46] [    INFO] 选择点击：['xpath', "//li[@class='el-select-dropdown__item']//span[text()='India']"] (basics.py:188)
[2022-08-08 10:18:46] [    INFO] 筛选市场名：India (DRPDataMgmt_ModelDatabase.py:355)
[2022-08-08 10:18:46] [    INFO] 查找元素：('xpath', "//label[@for='projectSeries']/following-sibling::div//input[@placeholder='请输入关键字']") (basics.py:107)
[2022-08-08 10:18:47] [    INFO] 输入文本：A (basics.py:155)
[2022-08-08 10:18:49] [    INFO] 查找元素：['xpath', "//li[@class='el-select-dropdown__item']//span[text()='A']"] (basics.py:107)
[2022-08-08 10:18:49] [    INFO] 选择点击：['xpath', "//li[@class='el-select-dropdown__item']//span[text()='A']"] (basics.py:188)
[2022-08-08 10:18:49] [    INFO] 筛选系列：A (DRPDataMgmt_ModelDatabase.py:361)
[2022-08-08 10:18:49] [    INFO] 查找元素：('xpath', "//label[@for='modelCode']/following-sibling::div//input[@placeholder='请输入关键字']") (basics.py:107)
[2022-08-08 10:18:50] [    INFO] 输入文本：S11 (basics.py:155)
[2022-08-08 10:18:52] [    INFO] 查找元素：['xpath', "//li[@class='el-select-dropdown__item']//span[text()='S11']"] (basics.py:107)
[2022-08-08 10:18:52] [    INFO] 选择点击：['xpath', "//li[@class='el-select-dropdown__item']//span[text()='S11']"] (basics.py:188)
[2022-08-08 10:18:52] [    INFO] 筛选项目名：S11 (DRPDataMgmt_ModelDatabase.py:367)
[2022-08-08 10:18:52] [    INFO] 查找元素：('xpath', "//label[@for='fstatus']/following-sibling::div//input[@placeholder='请选择']") (basics.py:107)
[2022-08-08 10:18:52] [    INFO] 点击元素：('xpath', "//label[@for='fstatus']/following-sibling::div//input[@placeholder='请选择']") (basics.py:191)
[2022-08-08 10:18:53] [    INFO] 【DRP】项目【test】环境- UI自动化开始执行 (conftest.py:14)
[2022-08-08 10:18:53] [    INFO] 前置条件：传音统一登录开始 (conftest.py:18)
[2022-08-08 10:18:55] [    INFO] 打开网页：http://10.250.112.166:9000/# (basics.py:64)
[2022-08-08 10:18:55] [    INFO] 查找元素：('xpath', "//div[@role='button']") (basics.py:107)
[2022-08-08 10:18:55] [    INFO] 查找元素：['xpath', "//div[@x-placement='bottom-start']//li[2]"] (basics.py:107)
[2022-08-08 10:18:55] [    INFO] 点击元素：('xpath', "//div[@role='button']") (basics.py:191)
[2022-08-08 10:18:55] [    INFO] 选择点击：['xpath', "//div[@x-placement='bottom-start']//li[2]"] (basics.py:188)
[2022-08-08 10:18:55] [    INFO] 筛选状态：MP (DRPDataMgmt_ModelDatabase.py:383)
[2022-08-08 10:18:55] [    INFO] 查找元素：('xpath', "//label[@for='origin']/following-sibling::div//input[@placeholder='请选择']") (basics.py:107)
[2022-08-08 10:18:55] [    INFO] 点击元素：('xpath', "//label[@for='origin']/following-sibling::div//input[@placeholder='请选择']") (basics.py:191)
[2022-08-08 10:18:58] [    INFO] 查找元素：['xpath', "//div[@x-placement='bottom-start']//li[1]"] (basics.py:107)
[2022-08-08 10:18:58] [    INFO] 选择点击：['xpath', "//div[@x-placement='bottom-start']//li[1]"] (basics.py:188)
[2022-08-08 10:18:58] [    INFO] 筛选来源：数仓 (DRPDataMgmt_ModelDatabase.py:394)
[2022-08-08 10:18:58] [    INFO] 查找元素：('xpath', "//div[@class='el-form-item el-form-item--medium']//label[@for='supplyType']/following-sibling::div//input[@placeholder='请选择']") (basics.py:107)
[2022-08-08 10:18:58] [    INFO] 点击元素：('xpath', "//div[@class='el-form-item el-form-item--medium']//label[@for='supplyType']/following-sibling::div//input[@placeholder='请选择']") (basics.py:191)
[2022-08-08 10:19:00] [    INFO] 查找元素：['xpath', "//*[contains(@id,'dropdown-menu-')]//li[1]"] (basics.py:107)
[2022-08-08 10:19:00] [    INFO] 选择点击：['xpath', "//*[contains(@id,'dropdown-menu-')]//li[1]"] (basics.py:188)
[2022-08-08 10:19:00] [    INFO] 查找元素：('id', 'tab-account') (basics.py:107)
[2022-08-08 10:19:00] [    INFO] 点击元素：('id', 'tab-account') (basics.py:191)
[2022-08-08 10:19:01] [    INFO] 查找元素：['xpath', "//div[@x-placement='bottom-start']//li[1]"] (basics.py:107)
[2022-08-08 10:19:01] [    INFO] 选择点击：['xpath', "//div[@x-placement='bottom-start']//li[1]"] (basics.py:188)
[2022-08-08 10:19:01] [    INFO] 筛选供应类型：自研 (DRPDataMgmt_ModelDatabase.py:405)
[2022-08-08 10:19:01] [    INFO] 查找元素：('xpath', "//div[@class='screen-btns']//button//span[contains(text(),'查  询')]") (basics.py:107)
[2022-08-08 10:19:01] [    INFO] 查找元素：('xpath', "//*[@id='pane-account']/form/div[1]/div/div[1]/input") (basics.py:107)
[2022-08-08 10:19:02] [    INFO] 点击元素：('xpath', "//div[@class='screen-btns']//button//span[contains(text(),'查  询')]") (basics.py:191)
[2022-08-08 10:19:02] [    INFO] 输入文本：18649572 (basics.py:138)
[2022-08-08 10:19:02] [    INFO] 筛选查询 (DRPDataMgmt_ModelDatabase.py:410)
[2022-08-08 10:19:02] [    INFO] 查找元素：['xpath', "//div[2]//div[3]//table[@class='el-table__body']//tbody//tr//td[22]"] (basics.py:107)
[2022-08-08 10:19:02] [    INFO] 滚动条至：['xpath', "//div[2]//div[3]//table[@class='el-table__body']//tbody//tr//td[22]"] (basics.py:173)
[2022-08-08 10:19:02] [    INFO] 查找元素：['xpath', "//div[2]//div[3]//table[@class='el-table__body']//tbody//tr//td[22]"] (basics.py:118)
[2022-08-08 10:19:02] [    INFO] 获取表格搜索结果的所有信息文本['隆江'] (DRPDataMgmt_ModelDatabase.py:432)
[2022-08-08 10:19:02] [    INFO] 断言成功，选项值包含：('隆江',) (DRPDataMgmt_ModelDatabase.py:445)
[2022-08-08 10:19:02] [    INFO] 列表操作，前置条件过滤完成 (DRPDataMgmt_ModelDatabase.py:355)
[2022-08-08 10:19:02] [    INFO] 查找元素：['xpath', "//div[2]//div[3]//table[@class='el-table__body']//tbody//tr//td[22]"] (basics.py:118)
[2022-08-08 10:19:03] [    INFO] 查找元素：('xpath', "//*[@id='pane-account']/form/div[2]/div/div[1]/input") (basics.py:107)
[2022-08-08 10:19:03] [    INFO] 输入文本：xLily6x (basics.py:138)
[2022-08-08 10:19:04] [    INFO] 查找元素：('xpath', "//*[@id='pane-account']/form/div[4]/label/span/span") (basics.py:107)
[2022-08-08 10:19:04] [    INFO] 查找元素：['xpath', "//div[2]//div[3]//table[@class='el-table__body']//tbody//tr[1]//td[24]//span[contains(text(),'编辑')]"] (basics.py:107)
[2022-08-08 10:19:05] [    INFO] 获取状态：False (basics.py:307)
[2022-08-08 10:19:05] [    INFO] 查找元素：('xpath', "//*[@id='pane-account']/form/div[4]/label/span/span") (basics.py:107)
[2022-08-08 10:19:05] [    INFO] 点击元素：('xpath', "//*[@id='pane-account']/form/div[4]/label/span/span") (basics.py:191)
[2022-08-08 10:19:05] [    INFO] 查找元素：('xpath', "//*[@id='pane-account']/form/button") (basics.py:107)
[2022-08-08 10:19:05] [    INFO] 点击元素：('xpath', "//*[@id='pane-account']/form/button") (basics.py:191)
[2022-08-08 10:19:12] [    INFO] 断言成功：URL为预期一致 | URL: http://10.250.112.166:9000/#/dashboard (assert_ui.py:190)
[2022-08-08 10:19:12] [    INFO] 断言成功: 该内容存在数据列表中 | word:隆江 (assert_ui.py:294)
[2022-08-08 10:19:12] [    INFO] 前置条件：传音统一登录成功 (conftest.py:25)
[2022-08-08 10:19:12] [    INFO] 模块前置条件：前往“DRP数据管理-机型库”页面 (DRPDataMgmt_ModelDatabase.py:10)
[2022-08-08 10:19:12] [    INFO] 查找元素：('xpath', '//*[@id="app"]/div/div[1]/div[2]/div[1]/div/ul/div[9]/li/div/span') (basics.py:107)
[2022-08-08 10:19:13] [    INFO] 点击元素：('xpath', '//*[@id="app"]/div/div[1]/div[2]/div[1]/div/ul/div[9]/li/div/span') (basics.py:191)
[2022-08-08 10:19:13] [    INFO] 查找元素：('xpath', "//li[@role='menuitem']//span[contains(text(),'机型库')]") (basics.py:107)
[2022-08-08 10:19:14] [    INFO] 点击元素：('xpath', "//li[@role='menuitem']//span[contains(text(),'机型库')]") (basics.py:191)
[2022-08-08 10:19:16] [    INFO] 断言成功：URL为预期一致 | URL: http://10.250.112.166:9000/#/dataManage/modelLibrary (assert_ui.py:190)
[2022-08-08 10:19:18] [    INFO] 查找元素：['xpath', "//div[@class='wrapper-tabs']//span[contains(text(),'产品信息')]"] (basics.py:107)
[2022-08-08 10:19:18] [    INFO] 选择点击：['xpath', "//div[@class='wrapper-tabs']//span[contains(text(),'产品信息')]"] (basics.py:188)
[2022-08-08 10:19:18] [    INFO] 前往菜单产品信息 (DRPDataMgmt_ModelDatabase.py:19)
[2022-08-08 10:19:18] [    INFO] 查找元素：('xpath', "//div[@class='left-btn']//button[1]") (basics.py:107)
[2022-08-08 10:19:19] [    INFO] 获取文本：新 增 (basics.py:296)
[2022-08-08 10:19:21] [    INFO] 查找元素：['xpath', "//div[@class='wrapper-tabs']//span[contains(text(),'产品信息')]"] (basics.py:107)
[2022-08-08 10:19:21] [    INFO] 选择点击：['xpath', "//div[@class='wrapper-tabs']//span[contains(text(),'产品信息')]"] (basics.py:188)
[2022-08-08 10:19:21] [    INFO] 前往菜单产品信息 (DRPDataMgmt_ModelDatabase.py:19)
[2022-08-08 10:19:21] [    INFO] 查找元素：('xpath', "//div[@class='left-btn']//button[1]") (basics.py:107)
[2022-08-08 10:19:21] [    INFO] 获取文本：新 增 (basics.py:296)
[2022-08-08 10:20:07] [    INFO] 【SRM】项目【test】环境- UI自动化开始执行 (conftest.py:18)
[2022-08-08 10:20:08] [    INFO] 打开网页：http://sitsrm.transsion.com/ELSServer_CY/login/login.html (basics.py:64)
[2022-08-08 10:20:08] [    INFO] 查找元素：('xpath', '//input[@id="elsAccount"]') (basics.py:107)
[2022-08-08 10:20:08] [    INFO] 输入文本：860000 (basics.py:138)
[2022-08-08 10:20:09] [    INFO] 查找元素：('xpath', '//input[@id="elsSubAccount"]') (basics.py:107)
[2022-08-08 10:20:09] [    INFO] 输入文本：1001 (basics.py:138)
[2022-08-08 10:20:10] [    INFO] 查找元素：('xpath', '//input[@type="password"]') (basics.py:107)
[2022-08-08 10:20:10] [    INFO] 输入文本：1qaz@WSX (basics.py:138)
[2022-08-08 10:20:10] [    INFO] 查找元素：('xpath', '//input[@id="identifyCode"]') (basics.py:107)
[2022-08-08 10:20:10] [    INFO] 点击元素：('xpath', '//input[@id="identifyCode"]') (basics.py:191)
[2022-08-08 10:20:15] [    INFO] 查找元素：('xpath', '//img[@id="code"]') (basics.py:107)
[2022-08-08 10:35:57] [    INFO] 【DRP】项目【test】环境- UI自动化开始执行 (conftest.py:14)
[2022-08-08 10:35:57] [    INFO] 前置条件：传音统一登录开始 (conftest.py:18)
[2022-08-08 10:35:59] [    INFO] 打开网页：http://10.250.112.166:9000/# (basics.py:64)
[2022-08-08 10:35:59] [    INFO] 查找元素：('xpath', "//div[@role='button']") (basics.py:107)
[2022-08-08 10:35:59] [    INFO] 点击元素：('xpath', "//div[@role='button']") (basics.py:191)
[2022-08-08 10:36:04] [    INFO] 查找元素：['xpath', "//*[contains(@id,'dropdown-menu-')]//li[1]"] (basics.py:107)
[2022-08-08 10:36:04] [    INFO] 选择点击：['xpath', "//*[contains(@id,'dropdown-menu-')]//li[1]"] (basics.py:188)
[2022-08-08 10:36:04] [    INFO] 查找元素：('id', 'tab-account') (basics.py:107)
[2022-08-08 10:36:05] [    INFO] 点击元素：('id', 'tab-account') (basics.py:191)
[2022-08-08 10:36:06] [    INFO] 查找元素：('xpath', "//*[@id='pane-account']/form/div[1]/div/div[1]/input") (basics.py:107)
[2022-08-08 10:36:06] [    INFO] 输入文本：18649572 (basics.py:138)
[2022-08-08 10:36:07] [    INFO] 查找元素：('xpath', "//*[@id='pane-account']/form/div[2]/div/div[1]/input") (basics.py:107)
[2022-08-08 10:36:08] [    INFO] 输入文本：xLily6x (basics.py:138)
[2022-08-08 10:36:09] [    INFO] 查找元素：('xpath', "//*[@id='pane-account']/form/div[4]/label/span/span") (basics.py:107)
[2022-08-08 10:36:09] [    INFO] 获取状态：False (basics.py:307)
[2022-08-08 10:36:09] [    INFO] 查找元素：('xpath', "//*[@id='pane-account']/form/div[4]/label/span/span") (basics.py:107)
[2022-08-08 10:36:09] [    INFO] 点击元素：('xpath', "//*[@id='pane-account']/form/div[4]/label/span/span") (basics.py:191)
[2022-08-08 10:36:09] [    INFO] 查找元素：('xpath', "//*[@id='pane-account']/form/button") (basics.py:107)
[2022-08-08 10:36:10] [    INFO] 点击元素：('xpath', "//*[@id='pane-account']/form/button") (basics.py:191)
[2022-08-08 10:36:16] [    INFO] 断言成功：URL为预期一致 | URL: http://10.250.112.166:9000/#/dashboard (assert_ui.py:190)
[2022-08-08 10:36:16] [    INFO] 断言成功: 该内容存在数据列表中 | word:隆江 (assert_ui.py:294)
[2022-08-08 10:36:16] [    INFO] 前置条件：传音统一登录成功 (conftest.py:25)
[2022-08-08 10:36:16] [    INFO] 模块前置条件：前往“DRP数据管理-机型库”页面 (DRPDataMgmt_ModelDatabase.py:10)
[2022-08-08 10:36:16] [    INFO] 查找元素：('xpath', '//*[@id="app"]/div/div[1]/div[2]/div[1]/div/ul/div[9]/li/div/span') (basics.py:107)
[2022-08-08 10:36:17] [    INFO] 点击元素：('xpath', '//*[@id="app"]/div/div[1]/div[2]/div[1]/div/ul/div[9]/li/div/span') (basics.py:191)
[2022-08-08 10:36:17] [    INFO] 查找元素：('xpath', "//li[@role='menuitem']//span[contains(text(),'机型库')]") (basics.py:107)
[2022-08-08 10:36:17] [    INFO] 点击元素：('xpath', "//li[@role='menuitem']//span[contains(text(),'机型库')]") (basics.py:191)
[2022-08-08 10:36:20] [    INFO] 断言成功：URL为预期一致 | URL: http://10.250.112.166:9000/#/dataManage/modelLibrary (assert_ui.py:190)
[2022-08-08 10:36:22] [    INFO] 查找元素：['xpath', "//div[@class='wrapper-tabs']//span[contains(text(),'产品信息')]"] (basics.py:107)
[2022-08-08 10:36:22] [    INFO] 选择点击：['xpath', "//div[@class='wrapper-tabs']//span[contains(text(),'产品信息')]"] (basics.py:188)
[2022-08-08 10:36:22] [    INFO] 前往菜单产品信息 (DRPDataMgmt_ModelDatabase.py:19)
[2022-08-08 10:36:22] [    INFO] 查找元素：('xpath', "//div[@class='left-btn']//button[1]") (basics.py:107)
[2022-08-08 10:36:22] [    INFO] 获取文本：新 增 (basics.py:296)
[2022-08-08 10:36:24] [    INFO] 查找元素：['xpath', "//div[@class='wrapper-tabs']//span[contains(text(),'产品信息')]"] (basics.py:107)
[2022-08-08 10:36:24] [    INFO] 选择点击：['xpath', "//div[@class='wrapper-tabs']//span[contains(text(),'产品信息')]"] (basics.py:188)
[2022-08-08 10:36:24] [    INFO] 前往菜单产品信息 (DRPDataMgmt_ModelDatabase.py:19)
[2022-08-08 10:36:24] [    INFO] 查找元素：('xpath', "//div[@class='left-btn']//button[1]") (basics.py:107)
[2022-08-08 10:36:25] [    INFO] 获取文本：新 增 (basics.py:296)
[2022-08-08 10:36:27] [    INFO] 查找元素：['xpath', "//div[@class='wrapper-tabs']//span[contains(text(),'产品配置')]"] (basics.py:107)
[2022-08-08 10:36:27] [    INFO] 选择点击：['xpath', "//div[@class='wrapper-tabs']//span[contains(text(),'产品配置')]"] (basics.py:188)
[2022-08-08 10:36:27] [    INFO] 前往菜单产品配置 (DRPDataMgmt_ModelDatabase.py:19)
[2022-08-08 10:36:27] [    INFO] 查找元素：('xpath', "//label[@for='preserveStatus']") (basics.py:107)
[2022-08-08 10:36:28] [    INFO] 获取文本：状态 (basics.py:296)
[2022-08-08 10:36:30] [    INFO] 查找元素：['xpath', "//div[@class='wrapper-tabs']//span[contains(text(),'产品配置')]"] (basics.py:107)
[2022-08-08 10:36:30] [    INFO] 选择点击：['xpath', "//div[@class='wrapper-tabs']//span[contains(text(),'产品配置')]"] (basics.py:188)
[2022-08-08 10:36:30] [    INFO] 前往菜单产品配置 (DRPDataMgmt_ModelDatabase.py:19)
[2022-08-08 10:36:30] [    INFO] 查找元素：('xpath', "//label[@for='preserveStatus']") (basics.py:107)
[2022-08-08 10:36:30] [    INFO] 获取文本：状态 (basics.py:296)
[2022-08-08 10:36:32] [    INFO] 查找元素：['xpath', "//div[@class='wrapper-tabs']//span[contains(text(),'产品周期')]"] (basics.py:107)
[2022-08-08 10:36:32] [    INFO] 选择点击：['xpath', "//div[@class='wrapper-tabs']//span[contains(text(),'产品周期')]"] (basics.py:188)
[2022-08-08 10:36:32] [    INFO] 前往菜单产品周期 (DRPDataMgmt_ModelDatabase.py:19)
[2022-08-08 10:36:32] [    INFO] 查找元素：('xpath', "//label[@for='mgmtDimensionCode']") (basics.py:107)
[2022-08-08 10:36:32] [    INFO] 获取文本：管理维度 (basics.py:296)
[2022-08-08 10:36:35] [    INFO] 查找元素：['xpath', "//div[@class='wrapper-tabs']//span[contains(text(),'产品信息')]"] (basics.py:107)
[2022-08-08 10:36:36] [    INFO] 选择点击：['xpath', "//div[@class='wrapper-tabs']//span[contains(text(),'产品信息')]"] (basics.py:188)
[2022-08-08 10:36:36] [    INFO] 前往菜单产品信息 (DRPDataMgmt_ModelDatabase.py:19)
[2022-08-08 10:36:36] [    INFO] 查找元素：('xpath', "//div[@class='left-btn']//button[1]") (basics.py:107)
[2022-08-08 10:36:37] [    INFO] 获取文本：新 增 (basics.py:296)
[2022-08-08 10:36:37] [    INFO] 查找元素：('xpath', "//div[@class='btn-tool-info']//button[@type='button']//span[contains(text(),'筛选')]") (basics.py:107)
[2022-08-08 10:36:37] [    INFO] 点击元素：('xpath', "//div[@class='btn-tool-info']//button[@type='button']//span[contains(text(),'筛选')]") (basics.py:191)
[2022-08-08 10:36:38] [    INFO] 打开筛选框 (DRPDataMgmt_ModelDatabase.py:47)
[2022-08-08 10:36:38] [    INFO] 查找元素：('xpath', "//label[@for='brandCode']/following-sibling::div//input[@placeholder='请选择']") (basics.py:107)
[2022-08-08 10:36:38] [    INFO] 点击元素：('xpath', "//label[@for='brandCode']/following-sibling::div//input[@placeholder='请选择']") (basics.py:191)
[2022-08-08 10:36:40] [    INFO] 查找元素：['xpath', "//div[@x-placement='bottom-start']//li[2]"] (basics.py:107)
[2022-08-08 10:36:41] [    INFO] 选择点击：['xpath', "//div[@x-placement='bottom-start']//li[2]"] (basics.py:188)
[2022-08-08 10:36:41] [    INFO] 筛选品牌：itel (DRPDataMgmt_ModelDatabase.py:310)
[2022-08-08 10:36:41] [    INFO] 查找元素：('xpath', "//label[@for='seriesSenior']/following-sibling::div//input[@placeholder='请选择']") (basics.py:107)
[2022-08-08 10:36:41] [    INFO] 点击元素：('xpath', "//label[@for='seriesSenior']/following-sibling::div//input[@placeholder='请选择']") (basics.py:191)
[2022-08-08 10:36:43] [    INFO] 查找元素：['xpath', "//div[@x-placement='bottom-start']//li[2]"] (basics.py:107)
[2022-08-08 10:36:43] [    INFO] 选择点击：['xpath', "//div[@x-placement='bottom-start']//li[2]"] (basics.py:188)
[2022-08-08 10:36:43] [    INFO] 筛选大类粗：智能机 (DRPDataMgmt_ModelDatabase.py:321)
[2022-08-08 10:36:44] [    INFO] 查找元素：('xpath', "//label[@for='modelName']/following-sibling::div//input[@placeholder='请输入关键字']") (basics.py:107)
[2022-08-08 10:36:44] [    INFO] 输入文本：S11 64+4 (basics.py:155)
[2022-08-08 10:36:47] [    INFO] 查找元素：['xpath', "//li[@class='el-select-dropdown__item']//span[text()='S11 64+4']"] (basics.py:107)
[2022-08-08 10:36:47] [    INFO] 选择点击：['xpath', "//li[@class='el-select-dropdown__item']//span[text()='S11 64+4']"] (basics.py:188)
[2022-08-08 10:36:47] [    INFO] 筛选机型：S11 64+4 (DRPDataMgmt_ModelDatabase.py:349)
[2022-08-08 10:36:48] [    INFO] 查找元素：('xpath', "//label[@for='marketName']/following-sibling::div//input[@placeholder='请输入关键字']") (basics.py:107)
[2022-08-08 10:36:48] [    INFO] 输入文本：India (basics.py:155)
[2022-08-08 10:36:50] [    INFO] 查找元素：['xpath', "//li[@class='el-select-dropdown__item']//span[text()='India']"] (basics.py:107)
[2022-08-08 10:36:50] [    INFO] 选择点击：['xpath', "//li[@class='el-select-dropdown__item']//span[text()='India']"] (basics.py:188)
[2022-08-08 10:36:50] [    INFO] 筛选市场名：India (DRPDataMgmt_ModelDatabase.py:355)
[2022-08-08 10:36:51] [    INFO] 查找元素：('xpath', "//label[@for='projectSeries']/following-sibling::div//input[@placeholder='请输入关键字']") (basics.py:107)
[2022-08-08 10:36:51] [    INFO] 输入文本：A (basics.py:155)
[2022-08-08 10:36:53] [    INFO] 查找元素：['xpath', "//li[@class='el-select-dropdown__item']//span[text()='A']"] (basics.py:107)
[2022-08-08 10:36:53] [    INFO] 选择点击：['xpath', "//li[@class='el-select-dropdown__item']//span[text()='A']"] (basics.py:188)
[2022-08-08 10:36:53] [    INFO] 筛选系列：A (DRPDataMgmt_ModelDatabase.py:361)
[2022-08-08 10:36:54] [    INFO] 查找元素：('xpath', "//label[@for='modelCode']/following-sibling::div//input[@placeholder='请输入关键字']") (basics.py:107)
[2022-08-08 10:36:54] [    INFO] 输入文本：S11 (basics.py:155)
[2022-08-08 10:36:56] [    INFO] 查找元素：['xpath', "//li[@class='el-select-dropdown__item']//span[text()='S11']"] (basics.py:107)
[2022-08-08 10:36:56] [    INFO] 选择点击：['xpath', "//li[@class='el-select-dropdown__item']//span[text()='S11']"] (basics.py:188)
[2022-08-08 10:36:56] [    INFO] 筛选项目名：S11 (DRPDataMgmt_ModelDatabase.py:367)
[2022-08-08 10:36:56] [    INFO] 查找元素：('xpath', "//label[@for='fstatus']/following-sibling::div//input[@placeholder='请选择']") (basics.py:107)
[2022-08-08 10:36:57] [    INFO] 点击元素：('xpath', "//label[@for='fstatus']/following-sibling::div//input[@placeholder='请选择']") (basics.py:191)
[2022-08-08 10:36:59] [    INFO] 查找元素：['xpath', "//div[@x-placement='bottom-start']//li[2]"] (basics.py:107)
[2022-08-08 10:36:59] [    INFO] 选择点击：['xpath', "//div[@x-placement='bottom-start']//li[2]"] (basics.py:188)
[2022-08-08 10:36:59] [    INFO] 筛选状态：MP (DRPDataMgmt_ModelDatabase.py:383)
[2022-08-08 10:36:59] [    INFO] 查找元素：('xpath', "//label[@for='origin']/following-sibling::div//input[@placeholder='请选择']") (basics.py:107)
[2022-08-08 10:37:00] [    INFO] 点击元素：('xpath', "//label[@for='origin']/following-sibling::div//input[@placeholder='请选择']") (basics.py:191)
[2022-08-08 10:37:02] [    INFO] 查找元素：['xpath', "//div[@x-placement='bottom-start']//li[1]"] (basics.py:107)
[2022-08-08 10:37:02] [    INFO] 选择点击：['xpath', "//div[@x-placement='bottom-start']//li[1]"] (basics.py:188)
[2022-08-08 10:37:02] [    INFO] 筛选来源：数仓 (DRPDataMgmt_ModelDatabase.py:394)
[2022-08-08 10:37:02] [    INFO] 查找元素：('xpath', "//div[@class='el-form-item el-form-item--medium']//label[@for='supplyType']/following-sibling::div//input[@placeholder='请选择']") (basics.py:107)
[2022-08-08 10:37:03] [    INFO] 点击元素：('xpath', "//div[@class='el-form-item el-form-item--medium']//label[@for='supplyType']/following-sibling::div//input[@placeholder='请选择']") (basics.py:191)
[2022-08-08 10:37:05] [    INFO] 查找元素：['xpath', "//div[@x-placement='bottom-start']//li[1]"] (basics.py:107)
[2022-08-08 10:37:05] [    INFO] 选择点击：['xpath', "//div[@x-placement='bottom-start']//li[1]"] (basics.py:188)
[2022-08-08 10:37:05] [    INFO] 筛选供应类型：自研 (DRPDataMgmt_ModelDatabase.py:405)
[2022-08-08 10:37:05] [    INFO] 查找元素：('xpath', "//div[@class='screen-btns']//button//span[contains(text(),'查  询')]") (basics.py:107)
[2022-08-08 10:37:06] [    INFO] 点击元素：('xpath', "//div[@class='screen-btns']//button//span[contains(text(),'查  询')]") (basics.py:191)
[2022-08-08 10:37:06] [    INFO] 筛选查询 (DRPDataMgmt_ModelDatabase.py:410)
[2022-08-08 10:37:06] [    INFO] 查找元素：['xpath', "//div[2]//div[3]//table[@class='el-table__body']//tbody//tr//td[22]"] (basics.py:107)
[2022-08-08 10:37:06] [    INFO] 滚动条至：['xpath', "//div[2]//div[3]//table[@class='el-table__body']//tbody//tr//td[22]"] (basics.py:173)
[2022-08-08 10:37:06] [    INFO] 查找元素：['xpath', "//div[2]//div[3]//table[@class='el-table__body']//tbody//tr//td[22]"] (basics.py:118)
[2022-08-08 10:37:07] [    INFO] 获取表格搜索结果的所有信息文本['隆江'] (DRPDataMgmt_ModelDatabase.py:432)
[2022-08-08 10:37:07] [    INFO] 断言成功，选项值包含：('隆江',) (DRPDataMgmt_ModelDatabase.py:445)
[2022-08-08 10:37:07] [    INFO] 列表操作，前置条件过滤完成 (DRPDataMgmt_ModelDatabase.py:354)
[2022-08-08 10:37:07] [    INFO] 查找元素：['xpath', "//div[2]//div[3]//table[@class='el-table__body']//tbody//tr//td[22]"] (basics.py:118)
[2022-08-08 10:37:09] [    INFO] 查找元素：['xpath', "//div[2]//div[3]//table[@class='el-table__body']//tbody//tr[1]//td[24]//span[contains(text(),'编辑')]"] (basics.py:107)
[2022-08-08 10:57:05] [    INFO] 【DRP】项目【test】环境- UI自动化开始执行 (conftest.py:14)
[2022-08-08 10:57:05] [    INFO] 前置条件：传音统一登录开始 (conftest.py:18)
[2022-08-08 10:57:07] [    INFO] 打开网页：http://10.250.112.166:9000/# (basics.py:64)
[2022-08-08 10:57:07] [    INFO] 查找元素：('xpath', "//div[@role='button']") (basics.py:107)
[2022-08-08 10:57:07] [    INFO] 点击元素：('xpath', "//div[@role='button']") (basics.py:191)
[2022-08-08 10:57:12] [    INFO] 查找元素：['xpath', "//*[contains(@id,'dropdown-menu-')]//li[1]"] (basics.py:107)
[2022-08-08 10:57:13] [    INFO] 选择点击：['xpath', "//*[contains(@id,'dropdown-menu-')]//li[1]"] (basics.py:188)
[2022-08-08 10:57:13] [    INFO] 查找元素：('id', 'tab-account') (basics.py:107)
[2022-08-08 10:57:13] [    INFO] 点击元素：('id', 'tab-account') (basics.py:191)
[2022-08-08 10:57:14] [    INFO] 查找元素：('xpath', "//*[@id='pane-account']/form/div[1]/div/div[1]/input") (basics.py:107)
[2022-08-08 10:57:15] [    INFO] 输入文本：18649572 (basics.py:138)
[2022-08-08 10:57:16] [    INFO] 查找元素：('xpath', "//*[@id='pane-account']/form/div[2]/div/div[1]/input") (basics.py:107)
[2022-08-08 10:57:17] [    INFO] 输入文本：xLily6x (basics.py:138)
[2022-08-08 10:57:18] [    INFO] 查找元素：('xpath', "//*[@id='pane-account']/form/div[4]/label/span/span") (basics.py:107)
[2022-08-08 10:57:18] [    INFO] 获取状态：False (basics.py:307)
[2022-08-08 10:57:18] [    INFO] 查找元素：('xpath', "//*[@id='pane-account']/form/div[4]/label/span/span") (basics.py:107)
[2022-08-08 10:57:18] [    INFO] 点击元素：('xpath', "//*[@id='pane-account']/form/div[4]/label/span/span") (basics.py:191)
[2022-08-08 10:57:19] [    INFO] 查找元素：('xpath', "//*[@id='pane-account']/form/button") (basics.py:107)
[2022-08-08 10:57:19] [    INFO] 点击元素：('xpath', "//*[@id='pane-account']/form/button") (basics.py:191)
[2022-08-08 10:57:26] [    INFO] 断言成功：URL为预期一致 | URL: http://10.250.112.166:9000/#/dashboard (assert_ui.py:190)
[2022-08-08 10:57:26] [    INFO] 断言成功: 该内容存在数据列表中 | word:隆江 (assert_ui.py:294)
[2022-08-08 10:57:26] [    INFO] 前置条件：传音统一登录成功 (conftest.py:25)
[2022-08-08 10:57:26] [    INFO] 模块前置条件：前往“DRP数据管理-机型库”页面 (DRPDataMgmt_ModelDatabase.py:10)
[2022-08-08 10:57:26] [    INFO] 查找元素：('xpath', '//*[@id="app"]/div/div[1]/div[2]/div[1]/div/ul/div[9]/li/div/span') (basics.py:107)
[2022-08-08 10:57:26] [    INFO] 点击元素：('xpath', '//*[@id="app"]/div/div[1]/div[2]/div[1]/div/ul/div[9]/li/div/span') (basics.py:191)
[2022-08-08 10:57:27] [    INFO] 查找元素：('xpath', "//li[@role='menuitem']//span[contains(text(),'机型库')]") (basics.py:107)
[2022-08-08 10:57:27] [    INFO] 点击元素：('xpath', "//li[@role='menuitem']//span[contains(text(),'机型库')]") (basics.py:191)
[2022-08-08 10:57:30] [    INFO] 断言成功：URL为预期一致 | URL: http://10.250.112.166:9000/#/dataManage/modelLibrary (assert_ui.py:190)
[2022-08-08 10:57:32] [    INFO] 查找元素：['xpath', "//div[@class='wrapper-tabs']//span[contains(text(),'产品信息')]"] (basics.py:107)
[2022-08-08 10:57:32] [    INFO] 选择点击：['xpath', "//div[@class='wrapper-tabs']//span[contains(text(),'产品信息')]"] (basics.py:188)
[2022-08-08 10:57:32] [    INFO] 前往菜单产品信息 (DRPDataMgmt_ModelDatabase.py:19)
[2022-08-08 10:57:32] [    INFO] 查找元素：('xpath', "//div[@class='left-btn']//button[1]") (basics.py:107)
[2022-08-08 10:57:32] [    INFO] 获取文本：新 增 (basics.py:296)
[2022-08-08 10:57:32] [    INFO] 查找元素：('xpath', "//div[@class='btn-tool-info']//button[@type='button']//span[contains(text(),'筛选')]") (basics.py:107)
[2022-08-08 10:57:32] [    INFO] 点击元素：('xpath', "//div[@class='btn-tool-info']//button[@type='button']//span[contains(text(),'筛选')]") (basics.py:191)
[2022-08-08 10:57:33] [    INFO] 打开筛选框 (DRPDataMgmt_ModelDatabase.py:47)
[2022-08-08 10:57:33] [    INFO] 查找元素：('xpath', "//label[@for='brandCode']/following-sibling::div//input[@placeholder='请选择']") (basics.py:107)
[2022-08-08 10:57:33] [    INFO] 点击元素：('xpath', "//label[@for='brandCode']/following-sibling::div//input[@placeholder='请选择']") (basics.py:191)
[2022-08-08 10:57:35] [    INFO] 查找元素：['xpath', "//div[@x-placement='bottom-start']//li[2]"] (basics.py:107)
[2022-08-08 10:57:36] [    INFO] 选择点击：['xpath', "//div[@x-placement='bottom-start']//li[2]"] (basics.py:188)
[2022-08-08 10:57:36] [    INFO] 筛选品牌：itel (DRPDataMgmt_ModelDatabase.py:310)
[2022-08-08 10:57:36] [    INFO] 查找元素：('xpath', "//label[@for='seriesSenior']/following-sibling::div//input[@placeholder='请选择']") (basics.py:107)
[2022-08-08 10:57:36] [    INFO] 点击元素：('xpath', "//label[@for='seriesSenior']/following-sibling::div//input[@placeholder='请选择']") (basics.py:191)
[2022-08-08 10:57:38] [    INFO] 查找元素：['xpath', "//div[@x-placement='bottom-start']//li[2]"] (basics.py:107)
[2022-08-08 10:57:39] [    INFO] 选择点击：['xpath', "//div[@x-placement='bottom-start']//li[2]"] (basics.py:188)
[2022-08-08 10:57:39] [    INFO] 筛选大类粗：智能机 (DRPDataMgmt_ModelDatabase.py:321)
[2022-08-08 10:57:39] [    INFO] 查找元素：('xpath', "//label[@for='modelName']/following-sibling::div//input[@placeholder='请输入关键字']") (basics.py:107)
[2022-08-08 10:57:40] [    INFO] 输入文本：S11 64+4 (basics.py:155)
[2022-08-08 10:57:42] [    INFO] 查找元素：['xpath', "//li[@class='el-select-dropdown__item']//span[text()='S11 64+4']"] (basics.py:107)
[2022-08-08 10:57:42] [    INFO] 选择点击：['xpath', "//li[@class='el-select-dropdown__item']//span[text()='S11 64+4']"] (basics.py:188)
[2022-08-08 10:57:42] [    INFO] 筛选机型：S11 64+4 (DRPDataMgmt_ModelDatabase.py:349)
[2022-08-08 10:57:43] [    INFO] 查找元素：('xpath', "//label[@for='marketName']/following-sibling::div//input[@placeholder='请输入关键字']") (basics.py:107)
[2022-08-08 10:57:43] [    INFO] 输入文本：India (basics.py:155)
[2022-08-08 10:57:45] [    INFO] 查找元素：['xpath', "//li[@class='el-select-dropdown__item']//span[text()='India']"] (basics.py:107)
[2022-08-08 10:57:45] [    INFO] 选择点击：['xpath', "//li[@class='el-select-dropdown__item']//span[text()='India']"] (basics.py:188)
[2022-08-08 10:57:45] [    INFO] 筛选市场名：India (DRPDataMgmt_ModelDatabase.py:355)
[2022-08-08 10:57:46] [    INFO] 查找元素：('xpath', "//label[@for='projectSeries']/following-sibling::div//input[@placeholder='请输入关键字']") (basics.py:107)
[2022-08-08 10:57:46] [    INFO] 输入文本：A (basics.py:155)
[2022-08-08 10:57:48] [    INFO] 查找元素：['xpath', "//li[@class='el-select-dropdown__item']//span[text()='A']"] (basics.py:107)
[2022-08-08 10:57:48] [    INFO] 选择点击：['xpath', "//li[@class='el-select-dropdown__item']//span[text()='A']"] (basics.py:188)
[2022-08-08 10:57:48] [    INFO] 筛选系列：A (DRPDataMgmt_ModelDatabase.py:361)
[2022-08-08 10:57:49] [    INFO] 查找元素：('xpath', "//label[@for='modelCode']/following-sibling::div//input[@placeholder='请输入关键字']") (basics.py:107)
[2022-08-08 10:57:49] [    INFO] 输入文本：S11 (basics.py:155)
[2022-08-08 10:57:51] [    INFO] 查找元素：['xpath', "//li[@class='el-select-dropdown__item']//span[text()='S11']"] (basics.py:107)
[2022-08-08 10:57:52] [    INFO] 选择点击：['xpath', "//li[@class='el-select-dropdown__item']//span[text()='S11']"] (basics.py:188)
[2022-08-08 10:57:52] [    INFO] 筛选项目名：S11 (DRPDataMgmt_ModelDatabase.py:367)
[2022-08-08 10:57:52] [    INFO] 查找元素：('xpath', "//label[@for='fstatus']/following-sibling::div//input[@placeholder='请选择']") (basics.py:107)
[2022-08-08 10:57:52] [    INFO] 点击元素：('xpath', "//label[@for='fstatus']/following-sibling::div//input[@placeholder='请选择']") (basics.py:191)
[2022-08-08 10:57:54] [    INFO] 查找元素：['xpath', "//div[@x-placement='bottom-start']//li[2]"] (basics.py:107)
[2022-08-08 10:57:55] [    INFO] 选择点击：['xpath', "//div[@x-placement='bottom-start']//li[2]"] (basics.py:188)
[2022-08-08 10:57:55] [    INFO] 筛选状态：MP (DRPDataMgmt_ModelDatabase.py:383)
[2022-08-08 10:57:55] [    INFO] 查找元素：('xpath', "//label[@for='origin']/following-sibling::div//input[@placeholder='请选择']") (basics.py:107)
[2022-08-08 10:57:55] [    INFO] 点击元素：('xpath', "//label[@for='origin']/following-sibling::div//input[@placeholder='请选择']") (basics.py:191)
[2022-08-08 10:57:57] [    INFO] 查找元素：['xpath', "//div[@x-placement='bottom-start']//li[1]"] (basics.py:107)
[2022-08-08 10:57:58] [    INFO] 选择点击：['xpath', "//div[@x-placement='bottom-start']//li[1]"] (basics.py:188)
[2022-08-08 10:57:58] [    INFO] 筛选来源：数仓 (DRPDataMgmt_ModelDatabase.py:394)
[2022-08-08 10:57:58] [    INFO] 查找元素：('xpath', "//div[@class='el-form-item el-form-item--medium']//label[@for='supplyType']/following-sibling::div//input[@placeholder='请选择']") (basics.py:107)
[2022-08-08 10:57:58] [    INFO] 点击元素：('xpath', "//div[@class='el-form-item el-form-item--medium']//label[@for='supplyType']/following-sibling::div//input[@placeholder='请选择']") (basics.py:191)
[2022-08-08 10:58:00] [    INFO] 查找元素：['xpath', "//div[@x-placement='bottom-start']//li[1]"] (basics.py:107)
[2022-08-08 10:58:00] [    INFO] 选择点击：['xpath', "//div[@x-placement='bottom-start']//li[1]"] (basics.py:188)
[2022-08-08 10:58:00] [    INFO] 筛选供应类型：自研 (DRPDataMgmt_ModelDatabase.py:405)
[2022-08-08 10:58:01] [    INFO] 查找元素：('xpath', "//div[@class='screen-btns']//button//span[contains(text(),'查  询')]") (basics.py:107)
[2022-08-08 10:58:01] [    INFO] 点击元素：('xpath', "//div[@class='screen-btns']//button//span[contains(text(),'查  询')]") (basics.py:191)
[2022-08-08 10:58:02] [    INFO] 筛选查询 (DRPDataMgmt_ModelDatabase.py:410)
[2022-08-08 10:58:02] [    INFO] 查找元素：['xpath', "//div[2]//div[3]//table[@class='el-table__body']//tbody//tr//td[22]"] (basics.py:107)
[2022-08-08 10:58:02] [    INFO] 滚动条至：['xpath', "//div[2]//div[3]//table[@class='el-table__body']//tbody//tr//td[22]"] (basics.py:173)
[2022-08-08 10:58:02] [    INFO] 查找元素：['xpath', "//div[2]//div[3]//table[@class='el-table__body']//tbody//tr//td[22]"] (basics.py:118)
[2022-08-08 10:58:02] [    INFO] 获取表格搜索结果的所有信息文本['隆江'] (DRPDataMgmt_ModelDatabase.py:432)
[2022-08-08 10:58:02] [    INFO] 断言成功，选项值包含：('隆江',) (DRPDataMgmt_ModelDatabase.py:445)
[2022-08-08 10:58:02] [    INFO] 列表操作，前置条件过滤完成 (DRPDataMgmt_ModelDatabase.py:354)
[2022-08-08 10:58:02] [    INFO] 查找元素：['xpath', "//div[2]//div[3]//table[@class='el-table__body']//tbody//tr//td[22]"] (basics.py:118)
[2022-08-08 10:58:04] [    INFO] 查找元素：['xpath', "//div[2]//div[3]//table[@class='el-table__body']//tbody//tr[1]//td[24]//span[contains(text(),'编辑')]"] (basics.py:107)
