[2022-08-09 17:17:30] [    INFO] 【DRP】项目【test】环境- UI自动化开始执行 (conftest.py:14)
[2022-08-09 17:17:30] [    INFO] 前置条件：传音统一登录开始 (conftest.py:18)
[2022-08-09 17:17:34] [    INFO] 打开网页：http://10.250.112.166:9000/# (basics.py:64)
[2022-08-09 17:17:34] [    INFO] 查找元素：('xpath', "//div[@role='button']") (basics.py:107)
[2022-08-09 17:17:34] [    INFO] 点击元素：('xpath', "//div[@role='button']") (basics.py:191)
[2022-08-09 17:17:38] [    INFO] 查找元素：['xpath', "//*[contains(@id,'dropdown-menu-')]//li[1]"] (basics.py:107)
[2022-08-09 17:17:39] [    INFO] 查找元素：('xpath', "//div[@role='button']") (basics.py:107)
[2022-08-09 17:17:39] [    INFO] 点击元素：('xpath', "//div[@role='button']") (basics.py:191)
[2022-08-09 17:17:40] [    INFO] 查找元素：('id', 'tab-account') (basics.py:107)
[2022-08-09 17:17:40] [    INFO] 点击元素：('id', 'tab-account') (basics.py:191)
[2022-08-09 17:17:41] [    INFO] 查找元素：('xpath', "//*[@id='pane-account']/form/div[1]/div/div[1]/input") (basics.py:107)
[2022-08-09 17:17:41] [    INFO] 输入文本：18649572 (basics.py:138)
[2022-08-09 17:17:42] [    INFO] 查找元素：('xpath', "//*[@id='pane-account']/form/div[2]/div/div[1]/input") (basics.py:107)
[2022-08-09 17:17:42] [    INFO] 输入文本：xLily6x (basics.py:138)
[2022-08-09 17:17:43] [    INFO] 查找元素：('xpath', "//*[@id='pane-account']/form/div[4]/label/span/span") (basics.py:107)
[2022-08-09 17:17:43] [    INFO] 获取状态：False (basics.py:313)
[2022-08-09 17:17:43] [    INFO] 查找元素：('xpath', "//*[@id='pane-account']/form/div[4]/label/span/span") (basics.py:107)
[2022-08-09 17:17:44] [    INFO] 点击元素：('xpath', "//*[@id='pane-account']/form/div[4]/label/span/span") (basics.py:191)
[2022-08-09 17:17:44] [    INFO] 查找元素：('xpath', "//*[@id='pane-account']/form/button") (basics.py:107)
[2022-08-09 17:17:44] [    INFO] 点击元素：('xpath', "//*[@id='pane-account']/form/button") (basics.py:191)
[2022-08-09 17:17:51] [    INFO] 断言成功：URL为预期一致 | URL: http://10.250.112.166:9000/#/dashboard (assert_ui.py:190)
[2022-08-09 17:17:51] [    INFO] 断言成功: 该内容存在数据列表中 | word:隆江 (assert_ui.py:294)
[2022-08-09 17:17:51] [    INFO] 前置条件：传音统一登录成功 (conftest.py:25)
[2022-08-09 17:17:51] [    INFO] 模块前置条件：前往“DRP数据管理-机型库”页面 (DRPDataMgmt_ModelDatabase.py:10)
[2022-08-09 17:17:51] [    INFO] 查找元素：('xpath', '//*[@id="app"]/div/div[1]/div[2]/div[1]/div/ul/div[9]/li/div/span') (basics.py:107)
[2022-08-09 17:17:51] [    INFO] 点击元素：('xpath', '//*[@id="app"]/div/div[1]/div[2]/div[1]/div/ul/div[9]/li/div/span') (basics.py:191)
[2022-08-09 17:17:51] [    INFO] 查找元素：('xpath', "//li[@role='menuitem']//span[contains(text(),'机型库')]") (basics.py:107)
[2022-08-09 17:17:51] [    INFO] 点击元素：('xpath', "//li[@role='menuitem']//span[contains(text(),'机型库')]") (basics.py:191)
[2022-08-09 17:17:54] [    INFO] 断言成功：URL为预期一致 | URL: http://10.250.112.166:9000/#/dataManage/modelLibrary (assert_ui.py:190)
[2022-08-09 17:17:56] [    INFO] 查找元素：['xpath', "//div[@class='wrapper-tabs']//span[contains(text(),'产品信息')]"] (basics.py:107)
[2022-08-09 17:17:56] [    INFO] 选择点击：['xpath', "//div[@class='wrapper-tabs']//span[contains(text(),'产品信息')]"] (basics.py:188)
[2022-08-09 17:17:56] [    INFO] 前往菜单产品信息 (DRPDataMgmt_ModelDatabase.py:20)
[2022-08-09 17:17:56] [    INFO] 查找元素：('xpath', "//div[@class='left-btn']//button[1]") (basics.py:107)
[2022-08-09 17:17:56] [    INFO] 获取文本：新 增 (basics.py:302)
[2022-08-09 17:17:58] [    INFO] 查找元素：['xpath', "//div[@class='wrapper-tabs']//span[contains(text(),'产品信息')]"] (basics.py:107)
[2022-08-09 17:17:58] [    INFO] 选择点击：['xpath', "//div[@class='wrapper-tabs']//span[contains(text(),'产品信息')]"] (basics.py:188)
[2022-08-09 17:17:58] [    INFO] 前往菜单产品信息 (DRPDataMgmt_ModelDatabase.py:20)
[2022-08-09 17:17:58] [    INFO] 查找元素：('xpath', "//div[@class='left-btn']//button[1]") (basics.py:107)
[2022-08-09 17:17:58] [    INFO] 获取文本：新 增 (basics.py:302)
[2022-08-09 17:17:58] [    INFO] 断言成功: 两值相等 | a:新 增 b:新 增 (assert_ui.py:24)
[2022-08-09 17:18:00] [    INFO] 查找元素：['xpath', "//div[@class='wrapper-tabs']//span[contains(text(),'产品配置')]"] (basics.py:107)
[2022-08-09 17:18:00] [    INFO] 选择点击：['xpath', "//div[@class='wrapper-tabs']//span[contains(text(),'产品配置')]"] (basics.py:188)
[2022-08-09 17:18:00] [    INFO] 前往菜单产品配置 (DRPDataMgmt_ModelDatabase.py:20)
[2022-08-09 17:18:00] [    INFO] 查找元素：('xpath', "//label[@for='preserveStatus']") (basics.py:107)
[2022-08-09 17:18:00] [    INFO] 获取文本：状态 (basics.py:302)
[2022-08-09 17:18:02] [    INFO] 查找元素：['xpath', "//div[@class='wrapper-tabs']//span[contains(text(),'产品配置')]"] (basics.py:107)
[2022-08-09 17:18:02] [    INFO] 选择点击：['xpath', "//div[@class='wrapper-tabs']//span[contains(text(),'产品配置')]"] (basics.py:188)
[2022-08-09 17:18:02] [    INFO] 前往菜单产品配置 (DRPDataMgmt_ModelDatabase.py:20)
[2022-08-09 17:18:02] [    INFO] 查找元素：('xpath', "//label[@for='preserveStatus']") (basics.py:107)
[2022-08-09 17:18:02] [    INFO] 获取文本：状态 (basics.py:302)
[2022-08-09 17:18:02] [    INFO] 断言成功: 两值相等 | a:状态 b:状态 (assert_ui.py:24)
[2022-08-09 17:18:04] [    INFO] 查找元素：['xpath', "//div[@class='wrapper-tabs']//span[contains(text(),'产品周期')]"] (basics.py:107)
[2022-08-09 17:18:05] [    INFO] 选择点击：['xpath', "//div[@class='wrapper-tabs']//span[contains(text(),'产品周期')]"] (basics.py:188)
[2022-08-09 17:18:05] [    INFO] 前往菜单产品周期 (DRPDataMgmt_ModelDatabase.py:20)
[2022-08-09 17:18:05] [    INFO] 查找元素：('xpath', "//label[@for='mgmtDimensionCode']") (basics.py:107)
[2022-08-09 17:18:05] [    INFO] 获取文本：管理维度 (basics.py:302)
[2022-08-09 17:18:07] [    INFO] 查找元素：['xpath', "//div[@class='wrapper-tabs']//span[contains(text(),'产品周期')]"] (basics.py:107)
[2022-08-09 17:18:07] [    INFO] 选择点击：['xpath', "//div[@class='wrapper-tabs']//span[contains(text(),'产品周期')]"] (basics.py:188)
[2022-08-09 17:18:07] [    INFO] 前往菜单产品周期 (DRPDataMgmt_ModelDatabase.py:20)
[2022-08-09 17:18:07] [    INFO] 查找元素：('xpath', "//label[@for='mgmtDimensionCode']") (basics.py:107)
[2022-08-09 17:18:07] [    INFO] 获取文本：管理维度 (basics.py:302)
[2022-08-09 17:18:07] [    INFO] 断言成功: 两值相等 | a:管理维度 b:管理维度 (assert_ui.py:24)
[2022-08-09 17:18:51] [    INFO] 【DRP】项目【test】环境- UI自动化开始执行 (conftest.py:14)
[2022-08-09 17:18:51] [    INFO] 前置条件：传音统一登录开始 (conftest.py:18)
[2022-08-09 17:18:54] [    INFO] 打开网页：http://10.250.112.166:9000/# (basics.py:64)
[2022-08-09 17:18:54] [    INFO] 查找元素：('xpath', "//div[@role='button']") (basics.py:107)
[2022-08-09 17:18:54] [    INFO] 点击元素：('xpath', "//div[@role='button']") (basics.py:191)
[2022-08-09 17:18:59] [    INFO] 查找元素：['xpath', "//*[contains(@id,'dropdown-menu-')]//li[1]"] (basics.py:107)
[2022-08-09 17:19:00] [    INFO] 查找元素：('xpath', "//div[@role='button']") (basics.py:107)
[2022-08-09 17:19:00] [    INFO] 点击元素：('xpath', "//div[@role='button']") (basics.py:191)
[2022-08-09 17:19:00] [    INFO] 查找元素：('id', 'tab-account') (basics.py:107)
[2022-08-09 17:19:00] [    INFO] 点击元素：('id', 'tab-account') (basics.py:191)
[2022-08-09 17:19:01] [    INFO] 查找元素：('xpath', "//*[@id='pane-account']/form/div[1]/div/div[1]/input") (basics.py:107)
[2022-08-09 17:19:01] [    INFO] 输入文本：18649572 (basics.py:138)
[2022-08-09 17:19:03] [    INFO] 查找元素：('xpath', "//*[@id='pane-account']/form/div[2]/div/div[1]/input") (basics.py:107)
[2022-08-09 17:19:03] [    INFO] 输入文本：xLily6x (basics.py:138)
[2022-08-09 17:19:04] [    INFO] 查找元素：('xpath', "//*[@id='pane-account']/form/div[4]/label/span/span") (basics.py:107)
[2022-08-09 17:19:04] [    INFO] 获取状态：False (basics.py:313)
[2022-08-09 17:19:04] [    INFO] 查找元素：('xpath', "//*[@id='pane-account']/form/div[4]/label/span/span") (basics.py:107)
[2022-08-09 17:19:04] [    INFO] 点击元素：('xpath', "//*[@id='pane-account']/form/div[4]/label/span/span") (basics.py:191)
[2022-08-09 17:19:04] [    INFO] 查找元素：('xpath', "//*[@id='pane-account']/form/button") (basics.py:107)
[2022-08-09 17:19:04] [    INFO] 点击元素：('xpath', "//*[@id='pane-account']/form/button") (basics.py:191)
[2022-08-09 17:19:11] [    INFO] 断言成功：URL为预期一致 | URL: http://10.250.112.166:9000/#/dashboard (assert_ui.py:190)
[2022-08-09 17:19:11] [    INFO] 断言成功: 该内容存在数据列表中 | word:隆江 (assert_ui.py:294)
[2022-08-09 17:19:11] [    INFO] 前置条件：传音统一登录成功 (conftest.py:25)
[2022-08-09 17:19:11] [    INFO] 模块前置条件：前往“DRP数据管理-机型库”页面 (DRPDataMgmt_ModelDatabase.py:10)
[2022-08-09 17:19:11] [    INFO] 查找元素：('xpath', '//*[@id="app"]/div/div[1]/div[2]/div[1]/div/ul/div[9]/li/div/span') (basics.py:107)
[2022-08-09 17:19:11] [    INFO] 点击元素：('xpath', '//*[@id="app"]/div/div[1]/div[2]/div[1]/div/ul/div[9]/li/div/span') (basics.py:191)
[2022-08-09 17:19:12] [    INFO] 查找元素：('xpath', "//li[@role='menuitem']//span[contains(text(),'机型库')]") (basics.py:107)
[2022-08-09 17:19:12] [    INFO] 点击元素：('xpath', "//li[@role='menuitem']//span[contains(text(),'机型库')]") (basics.py:191)
[2022-08-09 17:19:14] [    INFO] 断言成功：URL为预期一致 | URL: http://10.250.112.166:9000/#/dataManage/modelLibrary (assert_ui.py:190)
[2022-08-09 17:19:16] [    INFO] 查找元素：['xpath', "//div[@class='wrapper-tabs']//span[contains(text(),'产品信息')]"] (basics.py:107)
[2022-08-09 17:19:16] [    INFO] 选择点击：['xpath', "//div[@class='wrapper-tabs']//span[contains(text(),'产品信息')]"] (basics.py:188)
[2022-08-09 17:19:16] [    INFO] 前往菜单产品信息 (DRPDataMgmt_ModelDatabase.py:20)
[2022-08-09 17:19:16] [    INFO] 查找元素：('xpath', "//div[@class='left-btn']//button[1]") (basics.py:107)
[2022-08-09 17:19:16] [    INFO] 获取文本：新 增 (basics.py:302)
[2022-08-09 17:19:16] [    INFO] 查找元素：('xpath', "//div[@class='btn-tool-info']//button[@type='button']//span[contains(text(),'新 增')]") (basics.py:107)
[2022-08-09 17:19:17] [    INFO] 点击元素：('xpath', "//div[@class='btn-tool-info']//button[@type='button']//span[contains(text(),'新 增')]") (basics.py:191)
[2022-08-09 17:19:17] [    INFO] 打开新增弹窗 (DRPDataMgmt_ModelDatabase.py:31)
[2022-08-09 17:19:20] [    INFO] 查找元素：['xpath', "//div[@class='wrapper-tabs']//span[contains(text(),'产品信息')]"] (basics.py:107)
[2022-08-09 17:19:23] [    INFO] 查找元素：['xpath', "//div[@class='wrapper-tabs']//span[contains(text(),'产品信息')]"] (basics.py:107)
[2022-08-09 17:19:27] [    INFO] 查找元素：['xpath', "//div[@class='wrapper-tabs']//span[contains(text(),'产品信息')]"] (basics.py:107)
[2022-08-09 17:19:30] [    INFO] 查找元素：['xpath', "//div[@class='wrapper-tabs']//span[contains(text(),'产品信息')]"] (basics.py:107)
[2022-08-09 17:23:06] [    INFO] 【DRP】项目【test】环境- UI自动化开始执行 (conftest.py:14)
[2022-08-09 17:23:06] [    INFO] 前置条件：传音统一登录开始 (conftest.py:18)
[2022-08-09 17:23:09] [    INFO] 打开网页：http://10.250.112.166:9000/# (basics.py:64)
[2022-08-09 17:23:09] [    INFO] 查找元素：('xpath', "//div[@role='button']") (basics.py:107)
[2022-08-09 17:23:09] [    INFO] 点击元素：('xpath', "//div[@role='button']") (basics.py:191)
[2022-08-09 17:23:14] [    INFO] 查找元素：['xpath', "//*[contains(@id,'dropdown-menu-')]//li[1]"] (basics.py:107)
[2022-08-09 17:23:15] [    INFO] 查找元素：('xpath', "//div[@role='button']") (basics.py:107)
[2022-08-09 17:23:15] [    INFO] 点击元素：('xpath', "//div[@role='button']") (basics.py:191)
[2022-08-09 17:23:16] [    INFO] 查找元素：('id', 'tab-account') (basics.py:107)
[2022-08-09 17:23:16] [    INFO] 点击元素：('id', 'tab-account') (basics.py:191)
[2022-08-09 17:23:17] [    INFO] 查找元素：('xpath', "//*[@id='pane-account']/form/div[1]/div/div[1]/input") (basics.py:107)
[2022-08-09 17:23:17] [    INFO] 输入文本：18649572 (basics.py:138)
[2022-08-09 17:23:18] [    INFO] 查找元素：('xpath', "//*[@id='pane-account']/form/div[2]/div/div[1]/input") (basics.py:107)
[2022-08-09 17:23:18] [    INFO] 输入文本：xLily6x (basics.py:138)
[2022-08-09 17:23:19] [    INFO] 查找元素：('xpath', "//*[@id='pane-account']/form/div[4]/label/span/span") (basics.py:107)
[2022-08-09 17:23:19] [    INFO] 获取状态：False (basics.py:313)
[2022-08-09 17:23:19] [    INFO] 查找元素：('xpath', "//*[@id='pane-account']/form/div[4]/label/span/span") (basics.py:107)
[2022-08-09 17:23:19] [    INFO] 点击元素：('xpath', "//*[@id='pane-account']/form/div[4]/label/span/span") (basics.py:191)
[2022-08-09 17:23:20] [    INFO] 查找元素：('xpath', "//*[@id='pane-account']/form/button") (basics.py:107)
[2022-08-09 17:23:20] [    INFO] 点击元素：('xpath', "//*[@id='pane-account']/form/button") (basics.py:191)
[2022-08-09 17:23:26] [    INFO] 断言成功：URL为预期一致 | URL: http://10.250.112.166:9000/#/dashboard (assert_ui.py:190)
[2022-08-09 17:23:27] [    INFO] 断言成功: 该内容存在数据列表中 | word:隆江 (assert_ui.py:294)
[2022-08-09 17:23:27] [    INFO] 前置条件：传音统一登录成功 (conftest.py:25)
[2022-08-09 17:23:27] [    INFO] 模块前置条件：前往“DRP数据管理-机型库”页面 (DRPDataMgmt_ModelDatabase.py:10)
[2022-08-09 17:23:27] [    INFO] 查找元素：('xpath', '//*[@id="app"]/div/div[1]/div[2]/div[1]/div/ul/div[9]/li/div/span') (basics.py:107)
[2022-08-09 17:23:27] [    INFO] 点击元素：('xpath', '//*[@id="app"]/div/div[1]/div[2]/div[1]/div/ul/div[9]/li/div/span') (basics.py:191)
[2022-08-09 17:23:27] [    INFO] 查找元素：('xpath', "//li[@role='menuitem']//span[contains(text(),'机型库')]") (basics.py:107)
[2022-08-09 17:23:27] [    INFO] 点击元素：('xpath', "//li[@role='menuitem']//span[contains(text(),'机型库')]") (basics.py:191)
[2022-08-09 17:23:30] [    INFO] 断言成功：URL为预期一致 | URL: http://10.250.112.166:9000/#/dataManage/modelLibrary (assert_ui.py:190)
[2022-08-09 17:23:32] [    INFO] 查找元素：['xpath', "//div[@class='wrapper-tabs']//span[contains(text(),'产品信息')]"] (basics.py:107)
[2022-08-09 17:23:32] [    INFO] 选择点击：['xpath', "//div[@class='wrapper-tabs']//span[contains(text(),'产品信息')]"] (basics.py:188)
[2022-08-09 17:23:32] [    INFO] 前往菜单产品信息 (DRPDataMgmt_ModelDatabase.py:20)
[2022-08-09 17:23:32] [    INFO] 查找元素：('xpath', "//div[@class='left-btn']//button[1]") (basics.py:107)
[2022-08-09 17:23:32] [    INFO] 获取文本：新 增 (basics.py:302)
[2022-08-09 17:23:32] [    INFO] 查找元素：('xpath', "//div[@class='btn-tool-info']//button[@type='button']//span[contains(text(),'新 增')]") (basics.py:107)
[2022-08-09 17:23:32] [    INFO] 点击元素：('xpath', "//div[@class='btn-tool-info']//button[@type='button']//span[contains(text(),'新 增')]") (basics.py:191)
[2022-08-09 17:23:33] [    INFO] 打开新增弹窗 (DRPDataMgmt_ModelDatabase.py:31)
[2022-08-09 17:23:35] [    INFO] 查找元素：['xpath', "//div[@class='wrapper-tabs']//span[contains(text(),'产品信息')]"] (basics.py:107)
[2022-08-09 17:23:38] [    INFO] 查找元素：['xpath', "//div[@class='wrapper-tabs']//span[contains(text(),'产品信息')]"] (basics.py:107)
[2022-08-09 17:23:42] [    INFO] 查找元素：['xpath', "//div[@class='wrapper-tabs']//span[contains(text(),'产品信息')]"] (basics.py:107)
[2022-08-09 17:23:45] [    INFO] 查找元素：['xpath', "//div[@class='wrapper-tabs']//span[contains(text(),'产品信息')]"] (basics.py:107)
[2022-08-09 17:26:10] [    INFO] 【DRP】项目【test】环境- UI自动化开始执行 (conftest.py:14)
[2022-08-09 17:26:10] [    INFO] 前置条件：传音统一登录开始 (conftest.py:18)
[2022-08-09 17:26:15] [    INFO] 打开网页：http://10.250.112.166:9000/# (basics.py:64)
[2022-08-09 17:26:15] [    INFO] 查找元素：('xpath', "//div[@role='button']") (basics.py:107)
[2022-08-09 17:26:15] [    INFO] 点击元素：('xpath', "//div[@role='button']") (basics.py:191)
[2022-08-09 17:26:19] [    INFO] 查找元素：['xpath', "//*[contains(@id,'dropdown-menu-')]//li[1]"] (basics.py:107)
[2022-08-09 17:26:20] [    INFO] 查找元素：('xpath', "//div[@role='button']") (basics.py:107)
[2022-08-09 17:26:20] [    INFO] 点击元素：('xpath', "//div[@role='button']") (basics.py:191)
[2022-08-09 17:26:21] [    INFO] 查找元素：('id', 'tab-account') (basics.py:107)
[2022-08-09 17:26:21] [    INFO] 点击元素：('id', 'tab-account') (basics.py:191)
[2022-08-09 17:26:22] [    INFO] 查找元素：('xpath', "//*[@id='pane-account']/form/div[1]/div/div[1]/input") (basics.py:107)
[2022-08-09 17:26:22] [    INFO] 输入文本：18649572 (basics.py:138)
[2022-08-09 17:26:23] [    INFO] 查找元素：('xpath', "//*[@id='pane-account']/form/div[2]/div/div[1]/input") (basics.py:107)
[2022-08-09 17:26:23] [    INFO] 输入文本：xLily6x (basics.py:138)
[2022-08-09 17:26:24] [    INFO] 查找元素：('xpath', "//*[@id='pane-account']/form/div[4]/label/span/span") (basics.py:107)
[2022-08-09 17:26:25] [    INFO] 获取状态：False (basics.py:313)
[2022-08-09 17:26:25] [    INFO] 查找元素：('xpath', "//*[@id='pane-account']/form/div[4]/label/span/span") (basics.py:107)
[2022-08-09 17:26:25] [    INFO] 点击元素：('xpath', "//*[@id='pane-account']/form/div[4]/label/span/span") (basics.py:191)
[2022-08-09 17:26:25] [    INFO] 查找元素：('xpath', "//*[@id='pane-account']/form/button") (basics.py:107)
[2022-08-09 17:26:25] [    INFO] 点击元素：('xpath', "//*[@id='pane-account']/form/button") (basics.py:191)
[2022-08-09 17:26:32] [    INFO] 断言成功：URL为预期一致 | URL: http://10.250.112.166:9000/#/dashboard (assert_ui.py:190)
[2022-08-09 17:26:32] [    INFO] 断言成功: 该内容存在数据列表中 | word:隆江 (assert_ui.py:294)
[2022-08-09 17:26:32] [    INFO] 前置条件：传音统一登录成功 (conftest.py:25)
[2022-08-09 17:26:32] [    INFO] 模块前置条件：前往“DRP数据管理-机型库”页面 (DRPDataMgmt_ModelDatabase.py:10)
[2022-08-09 17:26:32] [    INFO] 查找元素：('xpath', '//*[@id="app"]/div/div[1]/div[2]/div[1]/div/ul/div[9]/li/div/span') (basics.py:107)
[2022-08-09 17:26:32] [    INFO] 点击元素：('xpath', '//*[@id="app"]/div/div[1]/div[2]/div[1]/div/ul/div[9]/li/div/span') (basics.py:191)
[2022-08-09 17:26:32] [    INFO] 查找元素：('xpath', "//li[@role='menuitem']//span[contains(text(),'机型库')]") (basics.py:107)
[2022-08-09 17:26:32] [    INFO] 点击元素：('xpath', "//li[@role='menuitem']//span[contains(text(),'机型库')]") (basics.py:191)
[2022-08-09 17:26:35] [    INFO] 断言成功：URL为预期一致 | URL: http://10.250.112.166:9000/#/dataManage/modelLibrary (assert_ui.py:190)
[2022-08-09 17:26:37] [    INFO] 查找元素：['xpath', "//div[@class='wrapper-tabs']//span[contains(text(),'产品信息')]"] (basics.py:107)
[2022-08-09 17:26:37] [    INFO] 选择点击：['xpath', "//div[@class='wrapper-tabs']//span[contains(text(),'产品信息')]"] (basics.py:188)
[2022-08-09 17:26:37] [    INFO] 前往菜单产品信息 (DRPDataMgmt_ModelDatabase.py:20)
[2022-08-09 17:26:37] [    INFO] 查找元素：('xpath', "//div[@class='left-btn']//button[1]") (basics.py:107)
[2022-08-09 17:26:37] [    INFO] 获取文本：新 增 (basics.py:302)
[2022-08-09 17:26:37] [    INFO] 查找元素：('xpath', "//div[@class='btn-tool-info']//button[@type='button']//span[contains(text(),'新 增')]") (basics.py:107)
[2022-08-09 17:26:37] [    INFO] 点击元素：('xpath', "//div[@class='btn-tool-info']//button[@type='button']//span[contains(text(),'新 增')]") (basics.py:191)
[2022-08-09 17:26:38] [    INFO] 打开新增弹窗 (DRPDataMgmt_ModelDatabase.py:31)
[2022-08-09 17:26:40] [    INFO] 查找元素：['xpath', "//div[@class='wrapper-tabs']//span[contains(text(),'产品信息')]"] (basics.py:107)
[2022-08-09 17:26:44] [    INFO] 查找元素：['xpath', "//div[@class='wrapper-tabs']//span[contains(text(),'产品信息')]"] (basics.py:107)
[2022-08-09 17:26:47] [    INFO] 查找元素：['xpath', "//div[@class='wrapper-tabs']//span[contains(text(),'产品信息')]"] (basics.py:107)
[2022-08-09 17:26:50] [    INFO] 查找元素：['xpath', "//div[@class='wrapper-tabs']//span[contains(text(),'产品信息')]"] (basics.py:107)
[2022-08-09 17:29:46] [    INFO] 【DRP】项目【test】环境- UI自动化开始执行 (conftest.py:14)
[2022-08-09 17:29:46] [    INFO] 前置条件：传音统一登录开始 (conftest.py:18)
[2022-08-09 17:29:50] [    INFO] 打开网页：http://10.250.112.166:9000/# (basics.py:64)
[2022-08-09 17:29:50] [    INFO] 查找元素：('xpath', "//div[@role='button']") (basics.py:107)
[2022-08-09 17:29:50] [    INFO] 点击元素：('xpath', "//div[@role='button']") (basics.py:191)
[2022-08-09 17:29:54] [    INFO] 查找元素：['xpath', "//*[contains(@id,'dropdown-menu-')]//li[1]"] (basics.py:107)
[2022-08-09 17:29:55] [    INFO] 查找元素：('xpath', "//div[@role='button']") (basics.py:107)
[2022-08-09 17:29:55] [    INFO] 点击元素：('xpath', "//div[@role='button']") (basics.py:191)
[2022-08-09 17:29:56] [    INFO] 查找元素：('id', 'tab-account') (basics.py:107)
[2022-08-09 17:29:56] [    INFO] 点击元素：('id', 'tab-account') (basics.py:191)
[2022-08-09 17:29:57] [    INFO] 查找元素：('xpath', "//*[@id='pane-account']/form/div[1]/div/div[1]/input") (basics.py:107)
[2022-08-09 17:29:57] [    INFO] 输入文本：18649572 (basics.py:138)
[2022-08-09 17:29:58] [    INFO] 查找元素：('xpath', "//*[@id='pane-account']/form/div[2]/div/div[1]/input") (basics.py:107)
[2022-08-09 17:29:58] [    INFO] 输入文本：xLily6x (basics.py:138)
[2022-08-09 17:29:59] [    INFO] 查找元素：('xpath', "//*[@id='pane-account']/form/div[4]/label/span/span") (basics.py:107)
[2022-08-09 17:29:59] [    INFO] 获取状态：False (basics.py:313)
[2022-08-09 17:29:59] [    INFO] 查找元素：('xpath', "//*[@id='pane-account']/form/div[4]/label/span/span") (basics.py:107)
[2022-08-09 17:29:59] [    INFO] 点击元素：('xpath', "//*[@id='pane-account']/form/div[4]/label/span/span") (basics.py:191)
[2022-08-09 17:30:00] [    INFO] 查找元素：('xpath', "//*[@id='pane-account']/form/button") (basics.py:107)
[2022-08-09 17:30:00] [    INFO] 点击元素：('xpath', "//*[@id='pane-account']/form/button") (basics.py:191)
[2022-08-09 17:30:06] [    INFO] 断言成功：URL为预期一致 | URL: http://10.250.112.166:9000/#/dashboard (assert_ui.py:190)
[2022-08-09 17:30:07] [    INFO] 断言成功: 该内容存在数据列表中 | word:隆江 (assert_ui.py:294)
[2022-08-09 17:30:07] [    INFO] 前置条件：传音统一登录成功 (conftest.py:25)
[2022-08-09 17:30:07] [    INFO] 模块前置条件：前往“DRP数据管理-机型库”页面 (DRPDataMgmt_ModelDatabase.py:10)
[2022-08-09 17:30:07] [    INFO] 查找元素：('xpath', '//*[@id="app"]/div/div[1]/div[2]/div[1]/div/ul/div[9]/li/div/span') (basics.py:107)
[2022-08-09 17:30:07] [    INFO] 点击元素：('xpath', '//*[@id="app"]/div/div[1]/div[2]/div[1]/div/ul/div[9]/li/div/span') (basics.py:191)
[2022-08-09 17:30:07] [    INFO] 查找元素：('xpath', "//li[@role='menuitem']//span[contains(text(),'机型库')]") (basics.py:107)
[2022-08-09 17:30:07] [    INFO] 点击元素：('xpath', "//li[@role='menuitem']//span[contains(text(),'机型库')]") (basics.py:191)
[2022-08-09 17:30:10] [    INFO] 断言成功：URL为预期一致 | URL: http://10.250.112.166:9000/#/dataManage/modelLibrary (assert_ui.py:190)
[2022-08-09 17:30:12] [    INFO] 查找元素：['xpath', "//div[@class='wrapper-tabs']//span[contains(text(),'产品信息')]"] (basics.py:107)
[2022-08-09 17:30:12] [    INFO] 选择点击：['xpath', "//div[@class='wrapper-tabs']//span[contains(text(),'产品信息')]"] (basics.py:188)
[2022-08-09 17:30:12] [    INFO] 前往菜单产品信息 (DRPDataMgmt_ModelDatabase.py:20)
[2022-08-09 17:30:12] [    INFO] 查找元素：('xpath', "//div[@class='left-btn']//button[1]") (basics.py:107)
[2022-08-09 17:30:12] [    INFO] 获取文本：新 增 (basics.py:302)
[2022-08-09 17:30:12] [    INFO] 查找元素：('xpath', "//div[@class='btn-tool-info']//button[@type='button']//span[contains(text(),'新 增')]") (basics.py:107)
[2022-08-09 17:30:12] [    INFO] 点击元素：('xpath', "//div[@class='btn-tool-info']//button[@type='button']//span[contains(text(),'新 增')]") (basics.py:191)
[2022-08-09 17:30:13] [    INFO] 打开新增弹窗 (DRPDataMgmt_ModelDatabase.py:31)
[2022-08-09 17:32:52] [    INFO] 【DRP】项目【test】环境- UI自动化开始执行 (conftest.py:14)
[2022-08-09 17:32:52] [    INFO] 前置条件：传音统一登录开始 (conftest.py:18)
[2022-08-09 17:32:56] [    INFO] 打开网页：http://10.250.112.166:9000/# (basics.py:64)
[2022-08-09 17:32:56] [    INFO] 查找元素：('xpath', "//div[@role='button']") (basics.py:107)
[2022-08-09 17:32:56] [    INFO] 点击元素：('xpath', "//div[@role='button']") (basics.py:191)
[2022-08-09 17:33:00] [    INFO] 查找元素：['xpath', "//*[contains(@id,'dropdown-menu-')]//li[1]"] (basics.py:107)
[2022-08-09 17:33:01] [    INFO] 查找元素：('xpath', "//div[@role='button']") (basics.py:107)
[2022-08-09 17:33:01] [    INFO] 点击元素：('xpath', "//div[@role='button']") (basics.py:191)
[2022-08-09 17:33:02] [    INFO] 查找元素：('id', 'tab-account') (basics.py:107)
[2022-08-09 17:33:02] [    INFO] 点击元素：('id', 'tab-account') (basics.py:191)
[2022-08-09 17:33:03] [    INFO] 查找元素：('xpath', "//*[@id='pane-account']/form/div[1]/div/div[1]/input") (basics.py:107)
[2022-08-09 17:33:03] [    INFO] 输入文本：18649572 (basics.py:138)
[2022-08-09 17:33:05] [    INFO] 查找元素：('xpath', "//*[@id='pane-account']/form/div[2]/div/div[1]/input") (basics.py:107)
[2022-08-09 17:33:05] [    INFO] 输入文本：xLily6x (basics.py:138)
[2022-08-09 17:33:06] [    INFO] 查找元素：('xpath', "//*[@id='pane-account']/form/div[4]/label/span/span") (basics.py:107)
[2022-08-09 17:33:06] [    INFO] 获取状态：False (basics.py:313)
[2022-08-09 17:33:06] [    INFO] 查找元素：('xpath', "//*[@id='pane-account']/form/div[4]/label/span/span") (basics.py:107)
[2022-08-09 17:33:06] [    INFO] 点击元素：('xpath', "//*[@id='pane-account']/form/div[4]/label/span/span") (basics.py:191)
[2022-08-09 17:33:06] [    INFO] 查找元素：('xpath', "//*[@id='pane-account']/form/button") (basics.py:107)
[2022-08-09 17:33:06] [    INFO] 点击元素：('xpath', "//*[@id='pane-account']/form/button") (basics.py:191)
[2022-08-09 17:33:13] [    INFO] 断言成功：URL为预期一致 | URL: http://10.250.112.166:9000/#/dashboard (assert_ui.py:190)
[2022-08-09 17:33:13] [    INFO] 断言成功: 该内容存在数据列表中 | word:隆江 (assert_ui.py:294)
[2022-08-09 17:33:13] [    INFO] 前置条件：传音统一登录成功 (conftest.py:25)
[2022-08-09 17:33:13] [    INFO] 模块前置条件：前往“DRP数据管理-机型库”页面 (DRPDataMgmt_ModelDatabase.py:10)
[2022-08-09 17:33:13] [    INFO] 查找元素：('xpath', '//*[@id="app"]/div/div[1]/div[2]/div[1]/div/ul/div[9]/li/div/span') (basics.py:107)
[2022-08-09 17:33:13] [    INFO] 点击元素：('xpath', '//*[@id="app"]/div/div[1]/div[2]/div[1]/div/ul/div[9]/li/div/span') (basics.py:191)
[2022-08-09 17:33:14] [    INFO] 查找元素：('xpath', "//li[@role='menuitem']//span[contains(text(),'机型库')]") (basics.py:107)
[2022-08-09 17:33:14] [    INFO] 点击元素：('xpath', "//li[@role='menuitem']//span[contains(text(),'机型库')]") (basics.py:191)
[2022-08-09 17:33:16] [    INFO] 断言成功：URL为预期一致 | URL: http://10.250.112.166:9000/#/dataManage/modelLibrary (assert_ui.py:190)
[2022-08-09 17:33:18] [    INFO] 查找元素：['xpath', "//div[@class='wrapper-tabs']//span[contains(text(),'产品信息')]"] (basics.py:107)
[2022-08-09 17:33:18] [    INFO] 选择点击：['xpath', "//div[@class='wrapper-tabs']//span[contains(text(),'产品信息')]"] (basics.py:188)
[2022-08-09 17:33:18] [    INFO] 前往菜单产品信息 (DRPDataMgmt_ModelDatabase.py:20)
[2022-08-09 17:33:18] [    INFO] 查找元素：('xpath', "//div[@class='left-btn']//button[1]") (basics.py:107)
[2022-08-09 17:33:18] [    INFO] 获取文本：新 增 (basics.py:302)
[2022-08-09 17:33:18] [    INFO] 查找元素：('xpath', "//div[@class='btn-tool-info']//button[@type='button']//span[contains(text(),'新 增')]") (basics.py:107)
[2022-08-09 17:33:19] [    INFO] 点击元素：('xpath', "//div[@class='btn-tool-info']//button[@type='button']//span[contains(text(),'新 增')]") (basics.py:191)
[2022-08-09 17:33:19] [    INFO] 打开新增弹窗 (DRPDataMgmt_ModelDatabase.py:31)
[2022-08-09 17:39:10] [    INFO] 【DRP】项目【test】环境- UI自动化开始执行 (conftest.py:14)
[2022-08-09 17:39:10] [    INFO] 前置条件：传音统一登录开始 (conftest.py:18)
[2022-08-09 17:39:13] [    INFO] 打开网页：http://10.250.112.166:9000/# (basics.py:64)
[2022-08-09 17:39:13] [    INFO] 查找元素：('xpath', "//div[@role='button']") (basics.py:107)
[2022-08-09 17:39:13] [    INFO] 点击元素：('xpath', "//div[@role='button']") (basics.py:191)
[2022-08-09 17:39:18] [    INFO] 查找元素：['xpath', "//*[contains(@id,'dropdown-menu-')]//li[1]"] (basics.py:107)
[2022-08-09 17:39:19] [    INFO] 查找元素：('xpath', "//div[@role='button']") (basics.py:107)
[2022-08-09 17:39:19] [    INFO] 点击元素：('xpath', "//div[@role='button']") (basics.py:191)
[2022-08-09 17:39:20] [    INFO] 查找元素：('id', 'tab-account') (basics.py:107)
[2022-08-09 17:39:20] [    INFO] 点击元素：('id', 'tab-account') (basics.py:191)
[2022-08-09 17:39:21] [    INFO] 查找元素：('xpath', "//*[@id='pane-account']/form/div[1]/div/div[1]/input") (basics.py:107)
[2022-08-09 17:39:21] [    INFO] 输入文本：18649572 (basics.py:138)
[2022-08-09 17:39:22] [    INFO] 查找元素：('xpath', "//*[@id='pane-account']/form/div[2]/div/div[1]/input") (basics.py:107)
[2022-08-09 17:39:22] [    INFO] 输入文本：xLily6x (basics.py:138)
[2022-08-09 17:39:23] [    INFO] 查找元素：('xpath', "//*[@id='pane-account']/form/div[4]/label/span/span") (basics.py:107)
[2022-08-09 17:39:23] [    INFO] 获取状态：False (basics.py:313)
[2022-08-09 17:39:23] [    INFO] 查找元素：('xpath', "//*[@id='pane-account']/form/div[4]/label/span/span") (basics.py:107)
[2022-08-09 17:39:23] [    INFO] 点击元素：('xpath', "//*[@id='pane-account']/form/div[4]/label/span/span") (basics.py:191)
[2022-08-09 17:39:24] [    INFO] 查找元素：('xpath', "//*[@id='pane-account']/form/button") (basics.py:107)
[2022-08-09 17:39:24] [    INFO] 点击元素：('xpath', "//*[@id='pane-account']/form/button") (basics.py:191)
[2022-08-09 17:39:30] [    INFO] 断言成功：URL为预期一致 | URL: http://10.250.112.166:9000/#/dashboard (assert_ui.py:190)
[2022-08-09 17:39:31] [    INFO] 断言成功: 该内容存在数据列表中 | word:隆江 (assert_ui.py:294)
[2022-08-09 17:39:31] [    INFO] 前置条件：传音统一登录成功 (conftest.py:25)
[2022-08-09 17:39:31] [    INFO] 模块前置条件：前往“DRP数据管理-机型库”页面 (DRPDataMgmt_ModelDatabase.py:10)
[2022-08-09 17:39:31] [    INFO] 查找元素：('xpath', '//*[@id="app"]/div/div[1]/div[2]/div[1]/div/ul/div[9]/li/div/span') (basics.py:107)
[2022-08-09 17:39:31] [    INFO] 点击元素：('xpath', '//*[@id="app"]/div/div[1]/div[2]/div[1]/div/ul/div[9]/li/div/span') (basics.py:191)
[2022-08-09 17:39:31] [    INFO] 查找元素：('xpath', "//li[@role='menuitem']//span[contains(text(),'机型库')]") (basics.py:107)
[2022-08-09 17:39:31] [    INFO] 点击元素：('xpath', "//li[@role='menuitem']//span[contains(text(),'机型库')]") (basics.py:191)
[2022-08-09 17:39:34] [    INFO] 断言成功：URL为预期一致 | URL: http://10.250.112.166:9000/#/dataManage/modelLibrary (assert_ui.py:190)
[2022-08-09 17:39:36] [    INFO] 查找元素：['xpath', "//div[@class='wrapper-tabs']//span[contains(text(),'产品信息')]"] (basics.py:107)
[2022-08-09 17:39:36] [    INFO] 选择点击：['xpath', "//div[@class='wrapper-tabs']//span[contains(text(),'产品信息')]"] (basics.py:188)
[2022-08-09 17:39:36] [    INFO] 前往菜单产品信息 (DRPDataMgmt_ModelDatabase.py:20)
[2022-08-09 17:39:36] [    INFO] 查找元素：('xpath', "//div[@class='left-btn']//button[1]") (basics.py:107)
[2022-08-09 17:39:36] [    INFO] 获取文本：新 增 (basics.py:302)
[2022-08-09 17:39:36] [    INFO] 查找元素：('xpath', "//div[@class='btn-tool-info']//button[@type='button']//span[contains(text(),'新 增')]") (basics.py:107)
[2022-08-09 17:39:36] [    INFO] 点击元素：('xpath', "//div[@class='btn-tool-info']//button[@type='button']//span[contains(text(),'新 增')]") (basics.py:191)
[2022-08-09 17:39:37] [    INFO] 打开新增弹窗 (DRPDataMgmt_ModelDatabase.py:31)
[2022-08-09 17:40:09] [    INFO] 【DRP】项目【test】环境- UI自动化开始执行 (conftest.py:14)
[2022-08-09 17:40:09] [    INFO] 前置条件：传音统一登录开始 (conftest.py:18)
[2022-08-09 17:40:13] [    INFO] 打开网页：http://10.250.112.166:9000/# (basics.py:64)
[2022-08-09 17:40:13] [    INFO] 查找元素：('xpath', "//div[@role='button']") (basics.py:107)
[2022-08-09 17:40:14] [    INFO] 点击元素：('xpath', "//div[@role='button']") (basics.py:191)
[2022-08-09 17:40:18] [    INFO] 查找元素：['xpath', "//*[contains(@id,'dropdown-menu-')]//li[1]"] (basics.py:107)
[2022-08-09 17:40:19] [    INFO] 查找元素：('xpath', "//div[@role='button']") (basics.py:107)
[2022-08-09 17:40:19] [    INFO] 点击元素：('xpath', "//div[@role='button']") (basics.py:191)
[2022-08-09 17:40:20] [    INFO] 查找元素：('id', 'tab-account') (basics.py:107)
[2022-08-09 17:40:20] [    INFO] 点击元素：('id', 'tab-account') (basics.py:191)
[2022-08-09 17:40:21] [    INFO] 查找元素：('xpath', "//*[@id='pane-account']/form/div[1]/div/div[1]/input") (basics.py:107)
[2022-08-09 17:40:21] [    INFO] 输入文本：18649572 (basics.py:138)
[2022-08-09 17:40:22] [    INFO] 查找元素：('xpath', "//*[@id='pane-account']/form/div[2]/div/div[1]/input") (basics.py:107)
[2022-08-09 17:40:23] [    INFO] 输入文本：xLily6x (basics.py:138)
[2022-08-09 17:40:24] [    INFO] 查找元素：('xpath', "//*[@id='pane-account']/form/div[4]/label/span/span") (basics.py:107)
[2022-08-09 17:40:24] [    INFO] 获取状态：False (basics.py:313)
[2022-08-09 17:40:24] [    INFO] 查找元素：('xpath', "//*[@id='pane-account']/form/div[4]/label/span/span") (basics.py:107)
[2022-08-09 17:40:24] [    INFO] 点击元素：('xpath', "//*[@id='pane-account']/form/div[4]/label/span/span") (basics.py:191)
[2022-08-09 17:40:24] [    INFO] 查找元素：('xpath', "//*[@id='pane-account']/form/button") (basics.py:107)
[2022-08-09 17:40:24] [    INFO] 点击元素：('xpath', "//*[@id='pane-account']/form/button") (basics.py:191)
[2022-08-09 17:40:31] [    INFO] 断言成功：URL为预期一致 | URL: http://10.250.112.166:9000/#/dashboard (assert_ui.py:190)
[2022-08-09 17:40:31] [    INFO] 断言成功: 该内容存在数据列表中 | word:隆江 (assert_ui.py:294)
[2022-08-09 17:40:31] [    INFO] 前置条件：传音统一登录成功 (conftest.py:25)
[2022-08-09 17:40:31] [    INFO] 模块前置条件：前往“DRP数据管理-机型库”页面 (DRPDataMgmt_ModelDatabase.py:10)
[2022-08-09 17:40:31] [    INFO] 查找元素：('xpath', '//*[@id="app"]/div/div[1]/div[2]/div[1]/div/ul/div[9]/li/div/span') (basics.py:107)
[2022-08-09 17:40:31] [    INFO] 点击元素：('xpath', '//*[@id="app"]/div/div[1]/div[2]/div[1]/div/ul/div[9]/li/div/span') (basics.py:191)
[2022-08-09 17:40:32] [    INFO] 查找元素：('xpath', "//li[@role='menuitem']//span[contains(text(),'机型库')]") (basics.py:107)
[2022-08-09 17:40:32] [    INFO] 点击元素：('xpath', "//li[@role='menuitem']//span[contains(text(),'机型库')]") (basics.py:191)
[2022-08-09 17:40:34] [    INFO] 断言成功：URL为预期一致 | URL: http://10.250.112.166:9000/#/dataManage/modelLibrary (assert_ui.py:190)
[2022-08-09 17:40:36] [    INFO] 查找元素：['xpath', "//div[@class='wrapper-tabs']//span[contains(text(),'产品信息')]"] (basics.py:107)
[2022-08-09 17:40:36] [    INFO] 选择点击：['xpath', "//div[@class='wrapper-tabs']//span[contains(text(),'产品信息')]"] (basics.py:188)
[2022-08-09 17:40:36] [    INFO] 前往菜单产品信息 (DRPDataMgmt_ModelDatabase.py:20)
[2022-08-09 17:40:36] [    INFO] 查找元素：('xpath', "//div[@class='left-btn']//button[1]") (basics.py:107)
[2022-08-09 17:40:36] [    INFO] 获取文本：新 增 (basics.py:302)
[2022-08-09 17:40:36] [    INFO] 查找元素：('xpath', "//div[@class='btn-tool-info']//button[@type='button']//span[contains(text(),'新 增')]") (basics.py:107)
[2022-08-09 17:40:37] [    INFO] 点击元素：('xpath', "//div[@class='btn-tool-info']//button[@type='button']//span[contains(text(),'新 增')]") (basics.py:191)
[2022-08-09 17:40:37] [    INFO] 打开新增弹窗 (DRPDataMgmt_ModelDatabase.py:31)
[2022-08-09 17:45:44] [    INFO] 【DRP】项目【test】环境- UI自动化开始执行 (conftest.py:14)
[2022-08-09 17:45:44] [    INFO] 前置条件：传音统一登录开始 (conftest.py:18)
[2022-08-09 17:45:48] [    INFO] 打开网页：http://10.250.112.166:9000/# (basics.py:64)
[2022-08-09 17:45:48] [    INFO] 查找元素：('xpath', "//div[@role='button']") (basics.py:107)
[2022-08-09 17:45:48] [    INFO] 点击元素：('xpath', "//div[@role='button']") (basics.py:191)
[2022-08-09 17:45:52] [    INFO] 查找元素：['xpath', "//*[contains(@id,'dropdown-menu-')]//li[1]"] (basics.py:107)
[2022-08-09 17:45:53] [    INFO] 查找元素：('xpath', "//div[@role='button']") (basics.py:107)
[2022-08-09 17:45:53] [    INFO] 点击元素：('xpath', "//div[@role='button']") (basics.py:191)
[2022-08-09 17:45:54] [    INFO] 查找元素：('id', 'tab-account') (basics.py:107)
[2022-08-09 17:45:54] [    INFO] 点击元素：('id', 'tab-account') (basics.py:191)
[2022-08-09 17:45:55] [    INFO] 查找元素：('xpath', "//*[@id='pane-account']/form/div[1]/div/div[1]/input") (basics.py:107)
[2022-08-09 17:45:55] [    INFO] 输入文本：18649572 (basics.py:138)
[2022-08-09 17:45:57] [    INFO] 查找元素：('xpath', "//*[@id='pane-account']/form/div[2]/div/div[1]/input") (basics.py:107)
[2022-08-09 17:45:57] [    INFO] 输入文本：xLily6x (basics.py:138)
[2022-08-09 17:45:58] [    INFO] 查找元素：('xpath', "//*[@id='pane-account']/form/div[4]/label/span/span") (basics.py:107)
[2022-08-09 17:45:58] [    INFO] 获取状态：False (basics.py:313)
[2022-08-09 17:45:58] [    INFO] 查找元素：('xpath', "//*[@id='pane-account']/form/div[4]/label/span/span") (basics.py:107)
[2022-08-09 17:45:58] [    INFO] 点击元素：('xpath', "//*[@id='pane-account']/form/div[4]/label/span/span") (basics.py:191)
[2022-08-09 17:45:58] [    INFO] 查找元素：('xpath', "//*[@id='pane-account']/form/button") (basics.py:107)
[2022-08-09 17:45:58] [    INFO] 点击元素：('xpath', "//*[@id='pane-account']/form/button") (basics.py:191)
[2022-08-09 17:46:05] [    INFO] 断言成功：URL为预期一致 | URL: http://10.250.112.166:9000/#/dashboard (assert_ui.py:190)
[2022-08-09 17:46:05] [    INFO] 断言成功: 该内容存在数据列表中 | word:隆江 (assert_ui.py:294)
[2022-08-09 17:46:05] [    INFO] 前置条件：传音统一登录成功 (conftest.py:25)
[2022-08-09 17:46:05] [    INFO] 模块前置条件：前往“DRP数据管理-机型库”页面 (DRPDataMgmt_ModelDatabase.py:10)
[2022-08-09 17:46:05] [    INFO] 查找元素：('xpath', '//*[@id="app"]/div/div[1]/div[2]/div[1]/div/ul/div[9]/li/div/span') (basics.py:107)
[2022-08-09 17:46:05] [    INFO] 点击元素：('xpath', '//*[@id="app"]/div/div[1]/div[2]/div[1]/div/ul/div[9]/li/div/span') (basics.py:191)
[2022-08-09 17:46:06] [    INFO] 查找元素：('xpath', "//li[@role='menuitem']//span[contains(text(),'机型库')]") (basics.py:107)
[2022-08-09 17:46:06] [    INFO] 点击元素：('xpath', "//li[@role='menuitem']//span[contains(text(),'机型库')]") (basics.py:191)
[2022-08-09 17:46:08] [    INFO] 断言成功：URL为预期一致 | URL: http://10.250.112.166:9000/#/dataManage/modelLibrary (assert_ui.py:190)
[2022-08-09 17:46:10] [    INFO] 查找元素：['xpath', "//div[@class='wrapper-tabs']//span[contains(text(),'产品信息')]"] (basics.py:107)
[2022-08-09 17:46:10] [    INFO] 选择点击：['xpath', "//div[@class='wrapper-tabs']//span[contains(text(),'产品信息')]"] (basics.py:188)
[2022-08-09 17:46:10] [    INFO] 前往菜单产品信息 (DRPDataMgmt_ModelDatabase.py:20)
[2022-08-09 17:46:10] [    INFO] 查找元素：('xpath', "//div[@class='left-btn']//button[1]") (basics.py:107)
[2022-08-09 17:46:10] [    INFO] 获取文本：新 增 (basics.py:302)
[2022-08-09 17:46:10] [    INFO] 查找元素：('xpath', "//div[@class='btn-tool-info']//button[@type='button']//span[contains(text(),'新 增')]") (basics.py:107)
[2022-08-09 17:46:11] [    INFO] 点击元素：('xpath', "//div[@class='btn-tool-info']//button[@type='button']//span[contains(text(),'新 增')]") (basics.py:191)
[2022-08-09 17:46:11] [    INFO] 打开新增弹窗 (DRPDataMgmt_ModelDatabase.py:31)
[2022-08-09 17:46:11] [    INFO] 查找元素：<function ModelDatabase.append_button.<locals>.<lambda> at 0x000001C310516EE0> (basics.py:107)
[2022-08-09 17:47:41] [    INFO] 【DRP】项目【test】环境- UI自动化开始执行 (conftest.py:14)
[2022-08-09 17:47:41] [    INFO] 前置条件：传音统一登录开始 (conftest.py:18)
[2022-08-09 17:47:44] [    INFO] 打开网页：http://10.250.112.166:9000/# (basics.py:64)
[2022-08-09 17:47:44] [    INFO] 查找元素：('xpath', "//div[@role='button']") (basics.py:107)
[2022-08-09 17:47:44] [    INFO] 点击元素：('xpath', "//div[@role='button']") (basics.py:191)
[2022-08-09 17:47:49] [    INFO] 查找元素：['xpath', "//*[contains(@id,'dropdown-menu-')]//li[1]"] (basics.py:107)
[2022-08-09 17:47:50] [    INFO] 查找元素：('xpath', "//div[@role='button']") (basics.py:107)
[2022-08-09 17:47:50] [    INFO] 点击元素：('xpath', "//div[@role='button']") (basics.py:191)
[2022-08-09 17:47:50] [    INFO] 查找元素：('id', 'tab-account') (basics.py:107)
[2022-08-09 17:47:50] [    INFO] 点击元素：('id', 'tab-account') (basics.py:191)
[2022-08-09 17:47:51] [    INFO] 查找元素：('xpath', "//*[@id='pane-account']/form/div[1]/div/div[1]/input") (basics.py:107)
[2022-08-09 17:47:51] [    INFO] 输入文本：18649572 (basics.py:138)
[2022-08-09 17:47:53] [    INFO] 查找元素：('xpath', "//*[@id='pane-account']/form/div[2]/div/div[1]/input") (basics.py:107)
[2022-08-09 17:47:53] [    INFO] 输入文本：xLily6x (basics.py:138)
[2022-08-09 17:47:54] [    INFO] 查找元素：('xpath', "//*[@id='pane-account']/form/div[4]/label/span/span") (basics.py:107)
[2022-08-09 17:47:54] [    INFO] 获取状态：False (basics.py:313)
[2022-08-09 17:47:54] [    INFO] 查找元素：('xpath', "//*[@id='pane-account']/form/div[4]/label/span/span") (basics.py:107)
[2022-08-09 17:47:54] [    INFO] 点击元素：('xpath', "//*[@id='pane-account']/form/div[4]/label/span/span") (basics.py:191)
[2022-08-09 17:47:55] [    INFO] 查找元素：('xpath', "//*[@id='pane-account']/form/button") (basics.py:107)
[2022-08-09 17:47:55] [    INFO] 点击元素：('xpath', "//*[@id='pane-account']/form/button") (basics.py:191)
[2022-08-09 17:48:01] [    INFO] 断言成功：URL为预期一致 | URL: http://10.250.112.166:9000/#/dashboard (assert_ui.py:190)
[2022-08-09 17:48:01] [    INFO] 断言成功: 该内容存在数据列表中 | word:隆江 (assert_ui.py:294)
[2022-08-09 17:48:01] [    INFO] 前置条件：传音统一登录成功 (conftest.py:25)
[2022-08-09 17:48:01] [    INFO] 模块前置条件：前往“DRP数据管理-机型库”页面 (DRPDataMgmt_ModelDatabase.py:10)
[2022-08-09 17:48:01] [    INFO] 查找元素：('xpath', '//*[@id="app"]/div/div[1]/div[2]/div[1]/div/ul/div[9]/li/div/span') (basics.py:107)
[2022-08-09 17:48:02] [    INFO] 点击元素：('xpath', '//*[@id="app"]/div/div[1]/div[2]/div[1]/div/ul/div[9]/li/div/span') (basics.py:191)
[2022-08-09 17:48:02] [    INFO] 查找元素：('xpath', "//li[@role='menuitem']//span[contains(text(),'机型库')]") (basics.py:107)
[2022-08-09 17:48:02] [    INFO] 点击元素：('xpath', "//li[@role='menuitem']//span[contains(text(),'机型库')]") (basics.py:191)
[2022-08-09 17:48:05] [    INFO] 断言成功：URL为预期一致 | URL: http://10.250.112.166:9000/#/dataManage/modelLibrary (assert_ui.py:190)
[2022-08-09 17:48:07] [    INFO] 查找元素：['xpath', "//div[@class='wrapper-tabs']//span[contains(text(),'产品信息')]"] (basics.py:107)
[2022-08-09 17:48:07] [    INFO] 选择点击：['xpath', "//div[@class='wrapper-tabs']//span[contains(text(),'产品信息')]"] (basics.py:188)
[2022-08-09 17:48:07] [    INFO] 前往菜单产品信息 (DRPDataMgmt_ModelDatabase.py:20)
[2022-08-09 17:48:07] [    INFO] 查找元素：('xpath', "//div[@class='left-btn']//button[1]") (basics.py:107)
[2022-08-09 17:48:07] [    INFO] 获取文本：新 增 (basics.py:302)
[2022-08-09 17:48:07] [    INFO] 查找元素：('xpath', "//div[@class='btn-tool-info']//button[@type='button']//span[contains(text(),'新 增')]") (basics.py:107)
[2022-08-09 17:48:07] [    INFO] 点击元素：('xpath', "//div[@class='btn-tool-info']//button[@type='button']//span[contains(text(),'新 增')]") (basics.py:191)
[2022-08-09 17:48:07] [    INFO] 打开新增弹窗 (DRPDataMgmt_ModelDatabase.py:31)
[2022-08-09 17:48:07] [    INFO] 查找元素：('xpath', "//span[contains(text(),'新增机型')]") (basics.py:107)
[2022-08-09 17:48:07] [    INFO] 获取文本：新增机型 (basics.py:302)
[2022-08-09 17:48:07] [    INFO] 查找元素：('xpath', "//div[@class='btn-tool-info']//button[@type='button']//span[contains(text(),'新 增')]") (basics.py:107)
[2022-08-09 17:52:56] [    INFO] 【DRP】项目【test】环境- UI自动化开始执行 (conftest.py:14)
[2022-08-09 17:52:56] [    INFO] 前置条件：传音统一登录开始 (conftest.py:18)
[2022-08-09 17:53:00] [    INFO] 打开网页：http://10.250.112.166:9000/# (basics.py:64)
[2022-08-09 17:53:00] [    INFO] 查找元素：('xpath', "//div[@role='button']") (basics.py:107)
[2022-08-09 17:53:00] [    INFO] 点击元素：('xpath', "//div[@role='button']") (basics.py:191)
[2022-08-09 17:53:04] [    INFO] 查找元素：['xpath', "//*[contains(@id,'dropdown-menu-')]//li[1]"] (basics.py:107)
[2022-08-09 17:53:06] [    INFO] 查找元素：('xpath', "//div[@role='button']") (basics.py:107)
[2022-08-09 17:53:06] [    INFO] 点击元素：('xpath', "//div[@role='button']") (basics.py:191)
[2022-08-09 17:53:06] [    INFO] 查找元素：('id', 'tab-account') (basics.py:107)
[2022-08-09 17:53:06] [    INFO] 点击元素：('id', 'tab-account') (basics.py:191)
[2022-08-09 17:53:07] [    INFO] 查找元素：('xpath', "//*[@id='pane-account']/form/div[1]/div/div[1]/input") (basics.py:107)
[2022-08-09 17:53:07] [    INFO] 输入文本：18649572 (basics.py:138)
[2022-08-09 17:53:09] [    INFO] 查找元素：('xpath', "//*[@id='pane-account']/form/div[2]/div/div[1]/input") (basics.py:107)
[2022-08-09 17:53:09] [    INFO] 输入文本：xLily6x (basics.py:138)
[2022-08-09 17:53:10] [    INFO] 查找元素：('xpath', "//*[@id='pane-account']/form/div[4]/label/span/span") (basics.py:107)
[2022-08-09 17:53:10] [    INFO] 获取状态：False (basics.py:313)
[2022-08-09 17:53:10] [    INFO] 查找元素：('xpath', "//*[@id='pane-account']/form/div[4]/label/span/span") (basics.py:107)
[2022-08-09 17:53:10] [    INFO] 点击元素：('xpath', "//*[@id='pane-account']/form/div[4]/label/span/span") (basics.py:191)
[2022-08-09 17:53:10] [    INFO] 查找元素：('xpath', "//*[@id='pane-account']/form/button") (basics.py:107)
[2022-08-09 17:53:10] [    INFO] 点击元素：('xpath', "//*[@id='pane-account']/form/button") (basics.py:191)
[2022-08-09 17:53:17] [    INFO] 断言成功：URL为预期一致 | URL: http://10.250.112.166:9000/#/dashboard (assert_ui.py:190)
[2022-08-09 17:53:17] [    INFO] 断言成功: 该内容存在数据列表中 | word:隆江 (assert_ui.py:294)
[2022-08-09 17:53:17] [    INFO] 前置条件：传音统一登录成功 (conftest.py:25)
[2022-08-09 17:53:17] [    INFO] 模块前置条件：前往“DRP数据管理-机型库”页面 (DRPDataMgmt_ModelDatabase.py:10)
[2022-08-09 17:53:17] [    INFO] 查找元素：('xpath', '//*[@id="app"]/div/div[1]/div[2]/div[1]/div/ul/div[9]/li/div/span') (basics.py:107)
[2022-08-09 17:53:17] [    INFO] 点击元素：('xpath', '//*[@id="app"]/div/div[1]/div[2]/div[1]/div/ul/div[9]/li/div/span') (basics.py:191)
[2022-08-09 17:53:18] [    INFO] 查找元素：('xpath', "//li[@role='menuitem']//span[contains(text(),'机型库')]") (basics.py:107)
[2022-08-09 17:53:18] [    INFO] 点击元素：('xpath', "//li[@role='menuitem']//span[contains(text(),'机型库')]") (basics.py:191)
[2022-08-09 17:53:20] [    INFO] 断言成功：URL为预期一致 | URL: http://10.250.112.166:9000/#/dataManage/modelLibrary (assert_ui.py:190)
[2022-08-09 17:53:22] [    INFO] 查找元素：['xpath', "//div[@class='wrapper-tabs']//span[contains(text(),'产品信息')]"] (basics.py:107)
[2022-08-09 17:53:22] [    INFO] 选择点击：['xpath', "//div[@class='wrapper-tabs']//span[contains(text(),'产品信息')]"] (basics.py:188)
[2022-08-09 17:53:22] [    INFO] 前往菜单产品信息 (DRPDataMgmt_ModelDatabase.py:20)
[2022-08-09 17:53:22] [    INFO] 查找元素：('xpath', "//div[@class='left-btn']//button[1]") (basics.py:107)
[2022-08-09 17:53:22] [    INFO] 获取文本：新 增 (basics.py:302)
[2022-08-09 17:53:22] [    INFO] 查找元素：('xpath', "//div[@class='btn-tool-info']//button[@type='button']//span[contains(text(),'新 增')]") (basics.py:107)
[2022-08-09 17:53:23] [    INFO] 点击元素：('xpath', "//div[@class='btn-tool-info']//button[@type='button']//span[contains(text(),'新 增')]") (basics.py:191)
[2022-08-09 17:53:23] [    INFO] 打开新增弹窗 (DRPDataMgmt_ModelDatabase.py:31)
[2022-08-09 17:53:23] [    INFO] 查找元素：('xpath', "//span[contains(text(),'新增机型')]") (basics.py:107)
[2022-08-09 17:53:23] [    INFO] 获取文本：新增机型 (basics.py:302)
[2022-08-09 17:53:23] [    INFO] 断言成功: 两值相等 | a:新增机型 b:新增机型 (assert_ui.py:24)
[2022-08-09 17:53:23] [    INFO] 查找元素：('xpath', "//div[@class='tr-form-row el-row']//span[contains(text(),'取消')]") (basics.py:107)
[2022-08-09 17:53:23] [    INFO] 点击元素：('xpath', "//div[@class='tr-form-row el-row']//span[contains(text(),'取消')]") (basics.py:191)
[2022-08-09 17:53:24] [    INFO] 取消新增，关闭新增窗口 (DRPDataMgmt_ModelDatabase.py:62)
[2022-08-09 17:56:01] [    INFO] 【DRP】项目【test】环境- UI自动化开始执行 (conftest.py:14)
[2022-08-09 17:56:01] [    INFO] 前置条件：传音统一登录开始 (conftest.py:18)
[2022-08-09 17:56:04] [    INFO] 打开网页：http://10.250.112.166:9000/# (basics.py:64)
[2022-08-09 17:56:04] [    INFO] 查找元素：('xpath', "//div[@role='button']") (basics.py:107)
[2022-08-09 17:56:04] [    INFO] 点击元素：('xpath', "//div[@role='button']") (basics.py:191)
[2022-08-09 17:56:09] [    INFO] 查找元素：['xpath', "//*[contains(@id,'dropdown-menu-')]//li[1]"] (basics.py:107)
[2022-08-09 17:56:10] [    INFO] 查找元素：('xpath', "//div[@role='button']") (basics.py:107)
[2022-08-09 17:56:10] [    INFO] 点击元素：('xpath', "//div[@role='button']") (basics.py:191)
[2022-08-09 17:56:10] [    INFO] 查找元素：('id', 'tab-account') (basics.py:107)
[2022-08-09 17:56:11] [    INFO] 点击元素：('id', 'tab-account') (basics.py:191)
[2022-08-09 17:56:12] [    INFO] 查找元素：('xpath', "//*[@id='pane-account']/form/div[1]/div/div[1]/input") (basics.py:107)
[2022-08-09 17:56:12] [    INFO] 输入文本：18649572 (basics.py:138)
[2022-08-09 17:56:13] [    INFO] 查找元素：('xpath', "//*[@id='pane-account']/form/div[2]/div/div[1]/input") (basics.py:107)
[2022-08-09 17:56:13] [    INFO] 输入文本：xLily6x (basics.py:138)
[2022-08-09 17:56:14] [    INFO] 查找元素：('xpath', "//*[@id='pane-account']/form/div[4]/label/span/span") (basics.py:107)
[2022-08-09 17:56:14] [    INFO] 获取状态：False (basics.py:313)
[2022-08-09 17:56:14] [    INFO] 查找元素：('xpath', "//*[@id='pane-account']/form/div[4]/label/span/span") (basics.py:107)
[2022-08-09 17:56:14] [    INFO] 点击元素：('xpath', "//*[@id='pane-account']/form/div[4]/label/span/span") (basics.py:191)
[2022-08-09 17:56:15] [    INFO] 查找元素：('xpath', "//*[@id='pane-account']/form/button") (basics.py:107)
[2022-08-09 17:56:15] [    INFO] 点击元素：('xpath', "//*[@id='pane-account']/form/button") (basics.py:191)
[2022-08-09 17:56:21] [    INFO] 断言成功：URL为预期一致 | URL: http://10.250.112.166:9000/#/dashboard (assert_ui.py:190)
[2022-08-09 17:56:22] [    INFO] 断言成功: 该内容存在数据列表中 | word:隆江 (assert_ui.py:294)
[2022-08-09 17:56:22] [    INFO] 前置条件：传音统一登录成功 (conftest.py:25)
[2022-08-09 17:56:22] [    INFO] 模块前置条件：前往“DRP数据管理-机型库”页面 (DRPDataMgmt_ModelDatabase.py:10)
[2022-08-09 17:56:22] [    INFO] 查找元素：('xpath', '//*[@id="app"]/div/div[1]/div[2]/div[1]/div/ul/div[9]/li/div/span') (basics.py:107)
[2022-08-09 17:56:22] [    INFO] 点击元素：('xpath', '//*[@id="app"]/div/div[1]/div[2]/div[1]/div/ul/div[9]/li/div/span') (basics.py:191)
[2022-08-09 17:56:22] [    INFO] 查找元素：('xpath', "//li[@role='menuitem']//span[contains(text(),'机型库')]") (basics.py:107)
[2022-08-09 17:56:22] [    INFO] 点击元素：('xpath', "//li[@role='menuitem']//span[contains(text(),'机型库')]") (basics.py:191)
[2022-08-09 17:56:25] [    INFO] 断言成功：URL为预期一致 | URL: http://10.250.112.166:9000/#/dataManage/modelLibrary (assert_ui.py:190)
[2022-08-09 17:56:27] [    INFO] 查找元素：['xpath', "//div[@class='wrapper-tabs']//span[contains(text(),'产品信息')]"] (basics.py:107)
[2022-08-09 17:56:27] [    INFO] 选择点击：['xpath', "//div[@class='wrapper-tabs']//span[contains(text(),'产品信息')]"] (basics.py:188)
[2022-08-09 17:56:27] [    INFO] 前往菜单产品信息 (DRPDataMgmt_ModelDatabase.py:20)
[2022-08-09 17:56:27] [    INFO] 查找元素：('xpath', "//div[@class='left-btn']//button[1]") (basics.py:107)
[2022-08-09 17:56:27] [    INFO] 获取文本：新 增 (basics.py:302)
[2022-08-09 17:56:27] [    INFO] 查找元素：('xpath', "//div[@class='right-btn']//button//span[contains(text(),'导入')]") (basics.py:107)
[2022-08-09 17:56:27] [    INFO] 点击元素：('xpath', "//div[@class='right-btn']//button//span[contains(text(),'导入')]") (basics.py:191)
[2022-08-09 17:56:27] [    INFO] 点击导入按钮，打开导入弹窗 (DRPDataMgmt_ModelDatabase.py:275)
[2022-08-09 17:56:27] [    INFO] 查找元素：('xpath', "//div[@class='upload-box']") (basics.py:107)
[2022-08-09 17:56:27] [    INFO] 获取文本：请先下载模板文件,然后编辑并导入模板数据。 (basics.py:302)
[2022-08-09 17:56:28] [    INFO] 断言成功: 两值相等 | a:请先下载模板文件,然后编辑并导入模板数据。 b:请先下载模板文件,然后编辑并导入模板数据。 (assert_ui.py:24)
[2022-08-09 17:56:28] [    INFO] 查找元素：('xpath', "//div[@aria-label='导入']//i[@class='el-dialog__close el-icon el-icon-close']") (basics.py:107)
[2022-08-09 17:56:28] [    INFO] 点击元素：('xpath', "//div[@aria-label='导入']//i[@class='el-dialog__close el-icon el-icon-close']") (basics.py:191)
[2022-08-09 17:56:28] [    INFO] 关闭导入弹窗 (DRPDataMgmt_ModelDatabase.py:285)
[2022-08-09 17:58:10] [    INFO] 【DRP】项目【test】环境- UI自动化开始执行 (conftest.py:14)
[2022-08-09 17:58:10] [    INFO] 前置条件：传音统一登录开始 (conftest.py:18)
[2022-08-09 17:58:13] [    INFO] 打开网页：http://10.250.112.166:9000/# (basics.py:64)
[2022-08-09 17:58:13] [    INFO] 查找元素：('xpath', "//div[@role='button']") (basics.py:107)
[2022-08-09 17:58:13] [    INFO] 点击元素：('xpath', "//div[@role='button']") (basics.py:191)
[2022-08-09 17:58:18] [    INFO] 查找元素：['xpath', "//*[contains(@id,'dropdown-menu-')]//li[1]"] (basics.py:107)
[2022-08-09 17:58:19] [    INFO] 查找元素：('xpath', "//div[@role='button']") (basics.py:107)
[2022-08-09 17:58:19] [    INFO] 点击元素：('xpath', "//div[@role='button']") (basics.py:191)
[2022-08-09 17:58:19] [    INFO] 查找元素：('id', 'tab-account') (basics.py:107)
[2022-08-09 17:58:19] [    INFO] 点击元素：('id', 'tab-account') (basics.py:191)
[2022-08-09 17:58:20] [    INFO] 查找元素：('xpath', "//*[@id='pane-account']/form/div[1]/div/div[1]/input") (basics.py:107)
[2022-08-09 17:58:20] [    INFO] 输入文本：18649572 (basics.py:138)
[2022-08-09 17:58:22] [    INFO] 查找元素：('xpath', "//*[@id='pane-account']/form/div[2]/div/div[1]/input") (basics.py:107)
[2022-08-09 17:58:22] [    INFO] 输入文本：xLily6x (basics.py:138)
[2022-08-09 17:58:23] [    INFO] 查找元素：('xpath', "//*[@id='pane-account']/form/div[4]/label/span/span") (basics.py:107)
[2022-08-09 17:58:23] [    INFO] 获取状态：False (basics.py:313)
[2022-08-09 17:58:23] [    INFO] 查找元素：('xpath', "//*[@id='pane-account']/form/div[4]/label/span/span") (basics.py:107)
[2022-08-09 17:58:23] [    INFO] 点击元素：('xpath', "//*[@id='pane-account']/form/div[4]/label/span/span") (basics.py:191)
[2022-08-09 17:58:23] [    INFO] 查找元素：('xpath', "//*[@id='pane-account']/form/button") (basics.py:107)
[2022-08-09 17:58:23] [    INFO] 点击元素：('xpath', "//*[@id='pane-account']/form/button") (basics.py:191)
[2022-08-09 17:58:30] [    INFO] 断言成功：URL为预期一致 | URL: http://10.250.112.166:9000/#/dashboard (assert_ui.py:190)
[2022-08-09 17:58:30] [    INFO] 断言成功: 该内容存在数据列表中 | word:隆江 (assert_ui.py:294)
[2022-08-09 17:58:30] [    INFO] 前置条件：传音统一登录成功 (conftest.py:25)
[2022-08-09 17:58:30] [    INFO] 模块前置条件：前往“DRP数据管理-机型库”页面 (DRPDataMgmt_ModelDatabase.py:10)
[2022-08-09 17:58:30] [    INFO] 查找元素：('xpath', '//*[@id="app"]/div/div[1]/div[2]/div[1]/div/ul/div[9]/li/div/span') (basics.py:107)
[2022-08-09 17:58:30] [    INFO] 点击元素：('xpath', '//*[@id="app"]/div/div[1]/div[2]/div[1]/div/ul/div[9]/li/div/span') (basics.py:191)
[2022-08-09 17:58:31] [    INFO] 查找元素：('xpath', "//li[@role='menuitem']//span[contains(text(),'机型库')]") (basics.py:107)
[2022-08-09 17:58:31] [    INFO] 点击元素：('xpath', "//li[@role='menuitem']//span[contains(text(),'机型库')]") (basics.py:191)
[2022-08-09 17:58:33] [    INFO] 断言成功：URL为预期一致 | URL: http://10.250.112.166:9000/#/dataManage/modelLibrary (assert_ui.py:190)
[2022-08-09 17:58:35] [    INFO] 查找元素：['xpath', "//div[@class='wrapper-tabs']//span[contains(text(),'产品信息')]"] (basics.py:107)
[2022-08-09 17:58:35] [    INFO] 选择点击：['xpath', "//div[@class='wrapper-tabs']//span[contains(text(),'产品信息')]"] (basics.py:188)
[2022-08-09 17:58:35] [    INFO] 前往菜单产品信息 (DRPDataMgmt_ModelDatabase.py:20)
[2022-08-09 17:58:35] [    INFO] 查找元素：('xpath', "//div[@class='left-btn']//button[1]") (basics.py:107)
[2022-08-09 17:58:35] [    INFO] 获取文本：新 增 (basics.py:302)
[2022-08-09 17:58:35] [    INFO] 查找元素：('xpath', "//div[@class='btn-tool-info']//button[@type='button']//span[contains(text(),'筛选')]") (basics.py:107)
[2022-08-09 17:58:36] [    INFO] 点击元素：('xpath', "//div[@class='btn-tool-info']//button[@type='button']//span[contains(text(),'筛选')]") (basics.py:191)
[2022-08-09 17:58:36] [    INFO] 打开筛选框 (DRPDataMgmt_ModelDatabase.py:51)
[2022-08-09 17:58:36] [    INFO] 查找元素：('xpath', "//div[@class='screen-title']//span[contains(text(),'筛选')]") (basics.py:107)
[2022-08-09 17:58:36] [    INFO] 获取文本：筛选 (basics.py:302)
[2022-08-09 17:58:36] [    INFO] 断言成功: 两值相等 | a:筛选 b:筛选 (assert_ui.py:24)
[2022-08-09 17:58:36] [    INFO] 查找元素：('xpath', "//i[@class='el-icon-close']") (basics.py:107)
[2022-08-09 17:58:36] [    INFO] 点击元素：('xpath', "//i[@class='el-icon-close']") (basics.py:191)
[2022-08-09 17:58:37] [    INFO] 关闭筛选框 (DRPDataMgmt_ModelDatabase.py:60)
