[2022-07-26 13:01:40] [    INFO] 【SRM】项目【test】环境- UI自动化开始执行 (conftest.py:17)
[2022-07-26 13:01:41] [    INFO] 查找元素：('xpath', '//input[@id="elsAccount"]') (basics.py:108)
[2022-07-26 13:01:41] [    INFO] 输入文本：860000 (basics.py:139)
[2022-07-26 13:01:42] [    INFO] 查找元素：('xpath', '//input[@id="elsSubAccount"]') (basics.py:108)
[2022-07-26 13:01:42] [    INFO] 输入文本：1001 (basics.py:139)
[2022-07-26 13:01:42] [    INFO] 查找元素：('xpath', '//input[@type="password"]') (basics.py:108)
[2022-07-26 13:01:42] [    INFO] 输入文本：1qaz@WSX (basics.py:139)
[2022-07-26 13:01:42] [    INFO] 查找元素：('xpath', '//input[@id="identifyCode"]') (basics.py:108)
[2022-07-26 13:01:42] [    INFO] 点击元素：('xpath', '//input[@id="identifyCode"]') (basics.py:192)
[2022-07-26 13:01:44] [    INFO] 查找元素：('xpath', '//img[@id="code"]') (basics.py:108)
[2022-07-26 13:01:44] [    INFO] 查找元素：('xpath', '//input[@id="identifyCode"]') (basics.py:108)
[2022-07-26 13:01:44] [    INFO] 输入文本：2172 (basics.py:139)
[2022-07-26 13:01:44] [    INFO] 查找元素：('xpath', '//button[@id="submit_btn"]') (basics.py:108)
[2022-07-26 13:01:45] [    INFO] 点击元素：('xpath', '//button[@id="submit_btn"]') (basics.py:192)
[2022-07-26 13:28:56] [    INFO] 【SRM】项目【test】环境- UI自动化开始执行 (conftest.py:17)
[2022-07-26 13:28:57] [    INFO] 查找元素：('xpath', '//input[@id="elsAccount"]') (basics.py:108)
[2022-07-26 13:28:57] [    INFO] 输入文本：860000 (basics.py:139)
[2022-07-26 13:28:58] [    INFO] 查找元素：('xpath', '//input[@id="elsSubAccount"]') (basics.py:108)
[2022-07-26 13:28:58] [    INFO] 输入文本：1001 (basics.py:139)
[2022-07-26 13:28:58] [    INFO] 查找元素：('xpath', '//input[@type="password"]') (basics.py:108)
[2022-07-26 13:28:58] [    INFO] 输入文本：1qaz@WSX (basics.py:139)
[2022-07-26 13:28:58] [    INFO] 查找元素：('xpath', '//input[@id="identifyCode"]') (basics.py:108)
[2022-07-26 13:28:58] [    INFO] 点击元素：('xpath', '//input[@id="identifyCode"]') (basics.py:192)
[2022-07-26 13:29:00] [    INFO] 查找元素：('xpath', '//img[@id="code"]') (basics.py:108)
[2022-07-26 13:29:01] [    INFO] 查找元素：('xpath', '//input[@id="identifyCode"]') (basics.py:108)
[2022-07-26 13:29:01] [    INFO] 输入文本：0886 (basics.py:139)
[2022-07-26 13:29:01] [    INFO] 查找元素：('xpath', '//button[@id="submit_btn"]') (basics.py:108)
[2022-07-26 13:29:01] [    INFO] 点击元素：('xpath', '//button[@id="submit_btn"]') (basics.py:192)
[2022-07-26 13:31:02] [    INFO] 【SRM】项目【test】环境- UI自动化开始执行 (conftest.py:17)
[2022-07-26 13:31:03] [    INFO] 查找元素：('xpath', '//input[@id="elsAccount"]') (basics.py:108)
[2022-07-26 13:31:03] [    INFO] 输入文本：860000 (basics.py:139)
[2022-07-26 13:31:04] [    INFO] 查找元素：('xpath', '//input[@id="elsSubAccount"]') (basics.py:108)
[2022-07-26 13:31:04] [    INFO] 输入文本：1001 (basics.py:139)
[2022-07-26 13:31:04] [    INFO] 查找元素：('xpath', '//input[@type="password"]') (basics.py:108)
[2022-07-26 13:31:04] [    INFO] 输入文本：1qaz@WSX (basics.py:139)
[2022-07-26 13:31:04] [    INFO] 查找元素：('xpath', '//input[@id="identifyCode"]') (basics.py:108)
[2022-07-26 13:31:04] [    INFO] 点击元素：('xpath', '//input[@id="identifyCode"]') (basics.py:192)
[2022-07-26 13:31:06] [    INFO] 查找元素：('xpath', '//img[@id="code"]') (basics.py:108)
[2022-07-26 13:31:06] [    INFO] 查找元素：('xpath', '//input[@id="identifyCode"]') (basics.py:108)
[2022-07-26 13:31:07] [    INFO] 输入文本：9366 (basics.py:139)
[2022-07-26 13:31:07] [    INFO] 查找元素：('xpath', '//button[@id="submit_btn"]') (basics.py:108)
[2022-07-26 13:31:07] [    INFO] 点击元素：('xpath', '//button[@id="submit_btn"]') (basics.py:192)
[2022-07-26 13:32:58] [    INFO] 【SRM】项目【test】环境- UI自动化开始执行 (conftest.py:17)
[2022-07-26 13:32:59] [    INFO] 查找元素：('xpath', '//input[@id="elsAccount"]') (basics.py:108)
[2022-07-26 13:33:00] [    INFO] 输入文本：860000 (basics.py:139)
[2022-07-26 13:33:00] [    INFO] 查找元素：('xpath', '//input[@id="elsSubAccount"]') (basics.py:108)
[2022-07-26 13:33:00] [    INFO] 输入文本：1001 (basics.py:139)
[2022-07-26 13:33:01] [    INFO] 查找元素：('xpath', '//input[@type="password"]') (basics.py:108)
[2022-07-26 13:33:01] [    INFO] 输入文本：1qaz@WSX (basics.py:139)
[2022-07-26 13:33:01] [    INFO] 查找元素：('xpath', '//input[@id="identifyCode"]') (basics.py:108)
[2022-07-26 13:33:01] [    INFO] 点击元素：('xpath', '//input[@id="identifyCode"]') (basics.py:192)
[2022-07-26 13:33:02] [    INFO] 查找元素：('xpath', '//img[@id="code"]') (basics.py:108)
[2022-07-26 13:33:03] [    INFO] 查找元素：('xpath', '//input[@id="identifyCode"]') (basics.py:108)
[2022-07-26 13:33:03] [    INFO] 输入文本：9465 (basics.py:139)
[2022-07-26 13:33:03] [    INFO] 查找元素：('xpath', '//button[@id="submit_btn"]') (basics.py:108)
[2022-07-26 13:33:03] [    INFO] 点击元素：('xpath', '//button[@id="submit_btn"]') (basics.py:192)
[2022-07-26 13:33:25] [    INFO] 【SRM】项目【test】环境- UI自动化开始执行 (conftest.py:17)
[2022-07-26 13:33:26] [    INFO] 查找元素：('xpath', '//input[@id="elsAccount"]') (basics.py:108)
[2022-07-26 13:33:26] [    INFO] 输入文本：860000 (basics.py:139)
[2022-07-26 13:33:27] [    INFO] 查找元素：('xpath', '//input[@id="elsSubAccount"]') (basics.py:108)
[2022-07-26 13:33:27] [    INFO] 输入文本：1001 (basics.py:139)
[2022-07-26 13:33:27] [    INFO] 查找元素：('xpath', '//input[@type="password"]') (basics.py:108)
[2022-07-26 13:33:27] [    INFO] 输入文本：1qaz@WSX (basics.py:139)
[2022-07-26 13:33:27] [    INFO] 查找元素：('xpath', '//input[@id="identifyCode"]') (basics.py:108)
[2022-07-26 13:33:27] [    INFO] 点击元素：('xpath', '//input[@id="identifyCode"]') (basics.py:192)
[2022-07-26 13:33:29] [    INFO] 查找元素：('xpath', '//img[@id="code"]') (basics.py:108)
[2022-07-26 13:33:30] [    INFO] 查找元素：('xpath', '//input[@id="identifyCode"]') (basics.py:108)
[2022-07-26 13:33:30] [    INFO] 输入文本：2365 (basics.py:139)
[2022-07-26 13:33:30] [    INFO] 查找元素：('xpath', '//button[@id="submit_btn"]') (basics.py:108)
[2022-07-26 13:33:30] [    INFO] 点击元素：('xpath', '//button[@id="submit_btn"]') (basics.py:192)
[2022-07-26 13:35:04] [    INFO] 【SRM】项目【test】环境- UI自动化开始执行 (conftest.py:17)
[2022-07-26 13:35:06] [    INFO] 查找元素：('xpath', '//input[@id="elsAccount"]') (basics.py:108)
[2022-07-26 13:35:06] [    INFO] 输入文本：860000 (basics.py:139)
[2022-07-26 13:35:06] [    INFO] 查找元素：('xpath', '//input[@id="elsSubAccount"]') (basics.py:108)
[2022-07-26 13:35:06] [    INFO] 输入文本：1001 (basics.py:139)
[2022-07-26 13:35:07] [    INFO] 查找元素：('xpath', '//input[@type="password"]') (basics.py:108)
[2022-07-26 13:35:07] [    INFO] 输入文本：1qaz@WSX (basics.py:139)
[2022-07-26 13:35:07] [    INFO] 查找元素：('xpath', '//input[@id="identifyCode"]') (basics.py:108)
[2022-07-26 13:35:07] [    INFO] 点击元素：('xpath', '//input[@id="identifyCode"]') (basics.py:192)
[2022-07-26 13:35:08] [    INFO] 查找元素：('xpath', '//img[@id="code"]') (basics.py:108)
[2022-07-26 13:35:09] [    INFO] 查找元素：('xpath', '//input[@id="identifyCode"]') (basics.py:108)
[2022-07-26 13:35:09] [    INFO] 输入文本：1469 (basics.py:139)
[2022-07-26 13:35:09] [    INFO] 查找元素：('xpath', '//button[@id="submit_btn"]') (basics.py:108)
[2022-07-26 13:35:09] [    INFO] 点击元素：('xpath', '//button[@id="submit_btn"]') (basics.py:192)
[2022-07-26 13:35:40] [    INFO] 【SRM】项目【test】环境- UI自动化开始执行 (conftest.py:17)
[2022-07-26 13:35:42] [    INFO] 查找元素：('xpath', '//input[@id="elsAccount"]') (basics.py:108)
[2022-07-26 13:35:42] [    INFO] 输入文本：860000 (basics.py:139)
[2022-07-26 13:35:42] [    INFO] 查找元素：('xpath', '//input[@id="elsSubAccount"]') (basics.py:108)
[2022-07-26 13:35:42] [    INFO] 输入文本：1001 (basics.py:139)
[2022-07-26 13:35:43] [    INFO] 查找元素：('xpath', '//input[@type="password"]') (basics.py:108)
[2022-07-26 13:35:43] [    INFO] 输入文本：1qaz@WSX (basics.py:139)
[2022-07-26 13:35:43] [    INFO] 查找元素：('xpath', '//input[@id="identifyCode"]') (basics.py:108)
[2022-07-26 13:35:43] [    INFO] 点击元素：('xpath', '//input[@id="identifyCode"]') (basics.py:192)
[2022-07-26 13:35:44] [    INFO] 查找元素：('xpath', '//img[@id="code"]') (basics.py:108)
[2022-07-26 13:35:45] [    INFO] 查找元素：('xpath', '//input[@id="identifyCode"]') (basics.py:108)
[2022-07-26 13:35:45] [    INFO] 输入文本：3820 (basics.py:139)
[2022-07-26 13:35:45] [    INFO] 查找元素：('xpath', '//button[@id="submit_btn"]') (basics.py:108)
[2022-07-26 13:35:45] [    INFO] 点击元素：('xpath', '//button[@id="submit_btn"]') (basics.py:192)
[2022-07-26 13:36:32] [    INFO] 【SRM】项目【test】环境- UI自动化开始执行 (conftest.py:17)
[2022-07-26 13:36:34] [    INFO] 查找元素：('xpath', '//input[@id="elsAccount"]') (basics.py:108)
[2022-07-26 13:36:34] [    INFO] 输入文本：860000 (basics.py:139)
[2022-07-26 13:36:34] [    INFO] 查找元素：('xpath', '//input[@id="elsSubAccount"]') (basics.py:108)
[2022-07-26 13:36:34] [    INFO] 输入文本：1001 (basics.py:139)
[2022-07-26 13:36:35] [    INFO] 查找元素：('xpath', '//input[@type="password"]') (basics.py:108)
[2022-07-26 13:36:35] [    INFO] 输入文本：1qaz@WSX (basics.py:139)
[2022-07-26 13:36:35] [    INFO] 查找元素：('xpath', '//input[@id="identifyCode"]') (basics.py:108)
[2022-07-26 13:36:35] [    INFO] 点击元素：('xpath', '//input[@id="identifyCode"]') (basics.py:192)
[2022-07-26 13:36:36] [    INFO] 查找元素：('xpath', '//img[@id="code"]') (basics.py:108)
[2022-07-26 13:36:37] [    INFO] 查找元素：('xpath', '//input[@id="identifyCode"]') (basics.py:108)
[2022-07-26 13:36:37] [    INFO] 输入文本：3844 (basics.py:139)
[2022-07-26 13:36:37] [    INFO] 查找元素：('xpath', '//button[@id="submit_btn"]') (basics.py:108)
[2022-07-26 13:36:37] [    INFO] 点击元素：('xpath', '//button[@id="submit_btn"]') (basics.py:192)
[2022-07-26 13:37:02] [    INFO] 【SRM】项目【test】环境- UI自动化开始执行 (conftest.py:17)
[2022-07-26 13:37:03] [    INFO] 查找元素：('xpath', '//input[@id="elsAccount"]') (basics.py:108)
[2022-07-26 13:37:03] [    INFO] 输入文本：860000 (basics.py:139)
[2022-07-26 13:37:04] [    INFO] 查找元素：('xpath', '//input[@id="elsSubAccount"]') (basics.py:108)
[2022-07-26 13:37:04] [    INFO] 输入文本：1001 (basics.py:139)
[2022-07-26 13:37:04] [    INFO] 查找元素：('xpath', '//input[@type="password"]') (basics.py:108)
[2022-07-26 13:37:05] [    INFO] 输入文本：1qaz@WSX (basics.py:139)
[2022-07-26 13:37:05] [    INFO] 查找元素：('xpath', '//input[@id="identifyCode"]') (basics.py:108)
[2022-07-26 13:37:05] [    INFO] 点击元素：('xpath', '//input[@id="identifyCode"]') (basics.py:192)
[2022-07-26 13:37:06] [    INFO] 查找元素：('xpath', '//img[@id="code"]') (basics.py:108)
[2022-07-26 13:37:07] [    INFO] 查找元素：('xpath', '//input[@id="identifyCode"]') (basics.py:108)
[2022-07-26 13:37:07] [    INFO] 输入文本：4077 (basics.py:139)
[2022-07-26 13:37:07] [    INFO] 查找元素：('xpath', '//button[@id="submit_btn"]') (basics.py:108)
[2022-07-26 13:37:07] [    INFO] 点击元素：('xpath', '//button[@id="submit_btn"]') (basics.py:192)
[2022-07-26 13:37:49] [    INFO] 【SRM】项目【test】环境- UI自动化开始执行 (conftest.py:17)
[2022-07-26 13:37:50] [    INFO] 查找元素：('xpath', '//input[@id="elsAccount"]') (basics.py:108)
[2022-07-26 13:37:50] [    INFO] 输入文本：860000 (basics.py:139)
[2022-07-26 13:37:51] [    INFO] 查找元素：('xpath', '//input[@id="elsSubAccount"]') (basics.py:108)
[2022-07-26 13:37:51] [    INFO] 输入文本：1001 (basics.py:139)
[2022-07-26 13:37:51] [    INFO] 查找元素：('xpath', '//input[@type="password"]') (basics.py:108)
[2022-07-26 13:37:52] [    INFO] 输入文本：1qaz@WSX (basics.py:139)
[2022-07-26 13:37:52] [    INFO] 查找元素：('xpath', '//input[@id="identifyCode"]') (basics.py:108)
[2022-07-26 13:37:52] [    INFO] 点击元素：('xpath', '//input[@id="identifyCode"]') (basics.py:192)
[2022-07-26 13:37:53] [    INFO] 查找元素：('xpath', '//img[@id="code"]') (basics.py:108)
[2022-07-26 13:37:54] [    INFO] 查找元素：('xpath', '//input[@id="identifyCode"]') (basics.py:108)
[2022-07-26 13:37:54] [    INFO] 输入文本：5539 (basics.py:139)
[2022-07-26 13:37:54] [    INFO] 查找元素：('xpath', '//button[@id="submit_btn"]') (basics.py:108)
[2022-07-26 13:37:54] [    INFO] 点击元素：('xpath', '//button[@id="submit_btn"]') (basics.py:192)
[2022-07-26 13:38:04] [    INFO] 【SRM】项目【test】环境- UI自动化开始执行 (conftest.py:17)
[2022-07-26 13:38:06] [    INFO] 查找元素：('xpath', '//input[@id="elsAccount"]') (basics.py:108)
[2022-07-26 13:38:06] [    INFO] 输入文本：860000 (basics.py:139)
[2022-07-26 13:38:06] [    INFO] 查找元素：('xpath', '//input[@id="elsSubAccount"]') (basics.py:108)
[2022-07-26 13:38:06] [    INFO] 输入文本：1001 (basics.py:139)
[2022-07-26 13:38:07] [    INFO] 查找元素：('xpath', '//input[@type="password"]') (basics.py:108)
[2022-07-26 13:38:07] [    INFO] 输入文本：1qaz@WSX (basics.py:139)
[2022-07-26 13:38:07] [    INFO] 查找元素：('xpath', '//input[@id="identifyCode"]') (basics.py:108)
[2022-07-26 13:38:07] [    INFO] 点击元素：('xpath', '//input[@id="identifyCode"]') (basics.py:192)
[2022-07-26 13:38:08] [    INFO] 查找元素：('xpath', '//img[@id="code"]') (basics.py:108)
[2022-07-26 13:38:09] [    INFO] 查找元素：('xpath', '//input[@id="identifyCode"]') (basics.py:108)
[2022-07-26 13:38:09] [    INFO] 输入文本：3057 (basics.py:139)
[2022-07-26 13:38:09] [    INFO] 查找元素：('xpath', '//button[@id="submit_btn"]') (basics.py:108)
[2022-07-26 13:38:09] [    INFO] 点击元素：('xpath', '//button[@id="submit_btn"]') (basics.py:192)
[2022-07-26 13:40:44] [    INFO] 【SRM】项目【test】环境- UI自动化开始执行 (conftest.py:17)
[2022-07-26 13:40:45] [    INFO] 查找元素：('xpath', '//input[@id="elsAccount"]') (basics.py:108)
[2022-07-26 13:40:46] [    INFO] 输入文本：860000 (basics.py:139)
[2022-07-26 13:40:46] [    INFO] 查找元素：('xpath', '//input[@id="elsSubAccount"]') (basics.py:108)
[2022-07-26 13:40:46] [    INFO] 输入文本：1001 (basics.py:139)
[2022-07-26 13:40:47] [    INFO] 查找元素：('xpath', '//input[@type="password"]') (basics.py:108)
[2022-07-26 13:40:47] [    INFO] 输入文本：1qaz@WSX (basics.py:139)
[2022-07-26 13:40:47] [    INFO] 查找元素：('xpath', '//input[@id="identifyCode"]') (basics.py:108)
[2022-07-26 13:40:47] [    INFO] 点击元素：('xpath', '//input[@id="identifyCode"]') (basics.py:192)
[2022-07-26 13:40:48] [    INFO] 查找元素：('xpath', '//img[@id="code"]') (basics.py:108)
[2022-07-26 13:40:49] [    INFO] 查找元素：('xpath', '//input[@id="identifyCode"]') (basics.py:108)
[2022-07-26 13:40:49] [    INFO] 输入文本：3163 (basics.py:139)
[2022-07-26 13:40:49] [    INFO] 查找元素：('xpath', '//button[@id="submit_btn"]') (basics.py:108)
[2022-07-26 13:40:49] [    INFO] 点击元素：('xpath', '//button[@id="submit_btn"]') (basics.py:192)
[2022-07-26 13:41:07] [    INFO] 【SRM】项目【test】环境- UI自动化开始执行 (conftest.py:17)
[2022-07-26 13:41:08] [    INFO] 查找元素：('xpath', '//input[@id="elsAccount"]') (basics.py:108)
[2022-07-26 13:41:08] [    INFO] 输入文本：860000 (basics.py:139)
[2022-07-26 13:41:09] [    INFO] 查找元素：('xpath', '//input[@id="elsSubAccount"]') (basics.py:108)
[2022-07-26 13:41:09] [    INFO] 输入文本：1001 (basics.py:139)
[2022-07-26 13:41:10] [    INFO] 查找元素：('xpath', '//input[@type="password"]') (basics.py:108)
[2022-07-26 13:41:10] [    INFO] 输入文本：1qaz@WSX (basics.py:139)
[2022-07-26 13:41:10] [    INFO] 查找元素：('xpath', '//input[@id="identifyCode"]') (basics.py:108)
[2022-07-26 13:41:10] [    INFO] 点击元素：('xpath', '//input[@id="identifyCode"]') (basics.py:192)
[2022-07-26 13:41:11] [    INFO] 查找元素：('xpath', '//img[@id="code"]') (basics.py:108)
[2022-07-26 13:41:12] [    INFO] 查找元素：('xpath', '//input[@id="identifyCode"]') (basics.py:108)
[2022-07-26 13:41:12] [    INFO] 输入文本：8352 (basics.py:139)
[2022-07-26 13:41:12] [    INFO] 查找元素：('xpath', '//button[@id="submit_btn"]') (basics.py:108)
[2022-07-26 13:41:12] [    INFO] 点击元素：('xpath', '//button[@id="submit_btn"]') (basics.py:192)
[2022-07-26 13:43:00] [    INFO] 【SRM】项目【test】环境- UI自动化开始执行 (conftest.py:17)
[2022-07-26 13:43:01] [    INFO] 查找元素：('xpath', '//input[@id="elsAccount"]') (basics.py:108)
[2022-07-26 13:43:01] [    INFO] 输入文本：860000 (basics.py:139)
[2022-07-26 13:43:02] [    INFO] 查找元素：('xpath', '//input[@id="elsSubAccount"]') (basics.py:108)
[2022-07-26 13:43:02] [    INFO] 输入文本：1001 (basics.py:139)
[2022-07-26 13:43:02] [    INFO] 查找元素：('xpath', '//input[@type="password"]') (basics.py:108)
[2022-07-26 13:43:02] [    INFO] 输入文本：1qaz@WSX (basics.py:139)
[2022-07-26 13:43:02] [    INFO] 查找元素：('xpath', '//input[@id="identifyCode"]') (basics.py:108)
[2022-07-26 13:43:02] [    INFO] 点击元素：('xpath', '//input[@id="identifyCode"]') (basics.py:192)
[2022-07-26 13:43:04] [    INFO] 查找元素：('xpath', '//img[@id="code"]') (basics.py:108)
[2022-07-26 13:43:04] [    INFO] 查找元素：('xpath', '//input[@id="identifyCode"]') (basics.py:108)
[2022-07-26 13:43:04] [    INFO] 输入文本：6159 (basics.py:139)
[2022-07-26 13:43:04] [    INFO] 查找元素：('xpath', '//button[@id="submit_btn"]') (basics.py:108)
[2022-07-26 13:43:04] [    INFO] 点击元素：('xpath', '//button[@id="submit_btn"]') (basics.py:192)
[2022-07-26 13:43:18] [    INFO] 【SRM】项目【test】环境- UI自动化开始执行 (conftest.py:17)
[2022-07-26 13:43:20] [    INFO] 查找元素：('xpath', '//input[@id="elsAccount"]') (basics.py:108)
[2022-07-26 13:43:20] [    INFO] 输入文本：860000 (basics.py:139)
[2022-07-26 13:43:20] [    INFO] 查找元素：('xpath', '//input[@id="elsSubAccount"]') (basics.py:108)
[2022-07-26 13:43:20] [    INFO] 输入文本：1001 (basics.py:139)
[2022-07-26 13:43:21] [    INFO] 查找元素：('xpath', '//input[@type="password"]') (basics.py:108)
[2022-07-26 13:43:21] [    INFO] 输入文本：1qaz@WSX (basics.py:139)
[2022-07-26 13:43:21] [    INFO] 查找元素：('xpath', '//input[@id="identifyCode"]') (basics.py:108)
[2022-07-26 13:43:21] [    INFO] 点击元素：('xpath', '//input[@id="identifyCode"]') (basics.py:192)
[2022-07-26 13:43:22] [    INFO] 查找元素：('xpath', '//img[@id="code"]') (basics.py:108)
[2022-07-26 13:43:23] [    INFO] 查找元素：('xpath', '//input[@id="identifyCode"]') (basics.py:108)
[2022-07-26 13:43:23] [    INFO] 输入文本：2397 (basics.py:139)
[2022-07-26 13:43:23] [    INFO] 查找元素：('xpath', '//button[@id="submit_btn"]') (basics.py:108)
[2022-07-26 13:43:23] [    INFO] 点击元素：('xpath', '//button[@id="submit_btn"]') (basics.py:192)
[2022-07-26 13:43:38] [    INFO] 【SRM】项目【test】环境- UI自动化开始执行 (conftest.py:17)
[2022-07-26 13:43:40] [    INFO] 查找元素：('xpath', '//input[@id="elsAccount"]') (basics.py:108)
[2022-07-26 13:43:40] [    INFO] 输入文本：860000 (basics.py:139)
[2022-07-26 13:43:40] [    INFO] 查找元素：('xpath', '//input[@id="elsSubAccount"]') (basics.py:108)
[2022-07-26 13:43:40] [    INFO] 输入文本：1001 (basics.py:139)
[2022-07-26 13:43:41] [    INFO] 查找元素：('xpath', '//input[@type="password"]') (basics.py:108)
[2022-07-26 13:43:41] [    INFO] 输入文本：1qaz@WSX (basics.py:139)
[2022-07-26 13:43:41] [    INFO] 查找元素：('xpath', '//input[@id="identifyCode"]') (basics.py:108)
[2022-07-26 13:43:41] [    INFO] 点击元素：('xpath', '//input[@id="identifyCode"]') (basics.py:192)
[2022-07-26 13:43:42] [    INFO] 查找元素：('xpath', '//img[@id="code"]') (basics.py:108)
[2022-07-26 13:43:43] [    INFO] 查找元素：('xpath', '//input[@id="identifyCode"]') (basics.py:108)
[2022-07-26 13:43:43] [    INFO] 输入文本：9941 (basics.py:139)
[2022-07-26 13:43:43] [    INFO] 查找元素：('xpath', '//button[@id="submit_btn"]') (basics.py:108)
[2022-07-26 13:43:43] [    INFO] 点击元素：('xpath', '//button[@id="submit_btn"]') (basics.py:192)
[2022-07-26 13:45:10] [    INFO] 【SRM】项目【test】环境- UI自动化开始执行 (conftest.py:17)
[2022-07-26 13:45:11] [    INFO] 查找元素：('xpath', '//input[@id="elsAccount"]') (basics.py:108)
[2022-07-26 13:45:11] [    INFO] 输入文本：860000 (basics.py:139)
[2022-07-26 13:45:12] [    INFO] 查找元素：('xpath', '//input[@id="elsSubAccount"]') (basics.py:108)
[2022-07-26 13:45:12] [    INFO] 输入文本：1001 (basics.py:139)
[2022-07-26 13:45:12] [    INFO] 查找元素：('xpath', '//input[@type="password"]') (basics.py:108)
[2022-07-26 13:45:12] [    INFO] 输入文本：cysrm2019SZ## (basics.py:139)
[2022-07-26 13:45:12] [    INFO] 查找元素：('xpath', '//input[@id="identifyCode"]') (basics.py:108)
[2022-07-26 13:45:13] [    INFO] 点击元素：('xpath', '//input[@id="identifyCode"]') (basics.py:192)
[2022-07-26 13:45:14] [    INFO] 查找元素：('xpath', '//img[@id="code"]') (basics.py:108)
[2022-07-26 13:45:15] [    INFO] 查找元素：('xpath', '//input[@id="identifyCode"]') (basics.py:108)
[2022-07-26 13:45:15] [    INFO] 输入文本：5608 (basics.py:139)
[2022-07-26 13:45:15] [    INFO] 查找元素：('xpath', '//button[@id="submit_btn"]') (basics.py:108)
[2022-07-26 13:45:15] [    INFO] 点击元素：('xpath', '//button[@id="submit_btn"]') (basics.py:192)
[2022-07-26 13:45:30] [    INFO] 【SRM】项目【test】环境- UI自动化开始执行 (conftest.py:17)
[2022-07-26 13:45:32] [    INFO] 查找元素：('xpath', '//input[@id="elsAccount"]') (basics.py:108)
[2022-07-26 13:45:32] [    INFO] 输入文本：860000 (basics.py:139)
[2022-07-26 13:45:32] [    INFO] 查找元素：('xpath', '//input[@id="elsSubAccount"]') (basics.py:108)
[2022-07-26 13:45:32] [    INFO] 输入文本：1001 (basics.py:139)
[2022-07-26 13:45:33] [    INFO] 查找元素：('xpath', '//input[@type="password"]') (basics.py:108)
[2022-07-26 13:45:33] [    INFO] 输入文本：cysrm2019SZ## (basics.py:139)
[2022-07-26 13:45:33] [    INFO] 查找元素：('xpath', '//input[@id="identifyCode"]') (basics.py:108)
[2022-07-26 13:45:33] [    INFO] 点击元素：('xpath', '//input[@id="identifyCode"]') (basics.py:192)
[2022-07-26 13:45:34] [    INFO] 查找元素：('xpath', '//img[@id="code"]') (basics.py:108)
[2022-07-26 13:45:35] [    INFO] 查找元素：('xpath', '//input[@id="identifyCode"]') (basics.py:108)
[2022-07-26 13:45:35] [    INFO] 输入文本：6921 (basics.py:139)
[2022-07-26 13:45:35] [    INFO] 查找元素：('xpath', '//button[@id="submit_btn"]') (basics.py:108)
[2022-07-26 13:45:35] [    INFO] 点击元素：('xpath', '//button[@id="submit_btn"]') (basics.py:192)
