[2022-07-26 12:22:15] [    INFO] 【SRM】项目【test】环境- UI自动化开始执行 (conftest.py:14)
[2022-07-26 12:22:17] [    INFO] 查找元素：('xpath', '//input[@id="elsAccount"]') (basics.py:107)
[2022-07-26 12:22:17] [    INFO] 输入文本：860000 (basics.py:138)
[2022-07-26 12:22:17] [    INFO] 查找元素：('xpath', '//input[@id="elsSubAccount"]') (basics.py:107)
[2022-07-26 12:22:17] [    INFO] 输入文本：1001 (basics.py:138)
[2022-07-26 12:22:18] [    INFO] 查找元素：('xpath', '//input[@type="password"]') (basics.py:107)
[2022-07-26 12:22:18] [    INFO] 输入文本：1qaz@WSX (basics.py:138)
[2022-07-26 12:22:21] [    INFO] 查找元素：('xpath', '//input[@id="identifyCode"]') (basics.py:107)
[2022-07-26 12:22:22] [    INFO] 查找元素：('xpath', '//input[@id="identifyCode"]') (basics.py:107)
[2022-07-26 12:22:22] [    INFO] 输入文本：请输入验证码6810 (basics.py:138)
[2022-07-26 12:22:22] [    INFO] 查找元素：('xpath', '//button[@id="submit_btn"]') (basics.py:107)
[2022-07-26 12:22:22] [    INFO] 点击元素：('xpath', '//button[@id="submit_btn"]') (basics.py:191)
[2022-07-26 12:23:23] [    INFO] 【SRM】项目【test】环境- UI自动化开始执行 (conftest.py:14)
[2022-07-26 12:23:24] [    INFO] 查找元素：('xpath', '//input[@id="elsAccount"]') (basics.py:107)
[2022-07-26 12:23:24] [    INFO] 输入文本：860000 (basics.py:138)
[2022-07-26 12:23:25] [    INFO] 查找元素：('xpath', '//input[@id="elsSubAccount"]') (basics.py:107)
[2022-07-26 12:23:25] [    INFO] 输入文本：1001 (basics.py:138)
[2022-07-26 12:23:25] [    INFO] 查找元素：('xpath', '//input[@type="password"]') (basics.py:107)
[2022-07-26 12:23:25] [    INFO] 输入文本：1qaz@WSX (basics.py:138)
[2022-07-26 12:23:29] [    INFO] 查找元素：('xpath', '//input[@id="identifyCode"]') (basics.py:107)
[2022-07-26 12:23:29] [    INFO] 查找元素：('xpath', '//input[@id="identifyCode"]') (basics.py:107)
[2022-07-26 12:23:29] [    INFO] 输入文本：请输入验证码6546 (basics.py:138)
[2022-07-26 12:23:29] [    INFO] 查找元素：('xpath', '//button[@id="submit_btn"]') (basics.py:107)
[2022-07-26 12:23:29] [    INFO] 点击元素：('xpath', '//button[@id="submit_btn"]') (basics.py:191)
[2022-07-26 12:25:02] [    INFO] 【SRM】项目【test】环境- UI自动化开始执行 (conftest.py:14)
[2022-07-26 12:25:04] [    INFO] 查找元素：('xpath', '//input[@id="elsAccount"]') (basics.py:107)
[2022-07-26 12:25:04] [    INFO] 输入文本：860000 (basics.py:138)
[2022-07-26 12:25:04] [    INFO] 查找元素：('xpath', '//input[@id="elsSubAccount"]') (basics.py:107)
[2022-07-26 12:25:04] [    INFO] 输入文本：1001 (basics.py:138)
[2022-07-26 12:25:05] [    INFO] 查找元素：('xpath', '//input[@type="password"]') (basics.py:107)
[2022-07-26 12:25:05] [    INFO] 输入文本：1qaz@WSX (basics.py:138)
[2022-07-26 12:25:08] [    INFO] 查找元素：('xpath', '//input[@id="identifyCode"]') (basics.py:107)
[2022-07-26 12:25:09] [    INFO] 查找元素：('xpath', '//input[@id="identifyCode"]') (basics.py:107)
[2022-07-26 12:25:09] [    INFO] 输入文本：请输入验证码0393 (basics.py:138)
[2022-07-26 12:25:12] [    INFO] 查找元素：('xpath', '//button[@id="submit_btn"]') (basics.py:107)
[2022-07-26 12:25:12] [    INFO] 点击元素：('xpath', '//button[@id="submit_btn"]') (basics.py:191)
[2022-07-26 12:26:16] [    INFO] 【SRM】项目【test】环境- UI自动化开始执行 (conftest.py:14)
[2022-07-26 12:26:17] [    INFO] 查找元素：('xpath', '//input[@id="elsAccount"]') (basics.py:107)
[2022-07-26 12:26:17] [    INFO] 输入文本：860000 (basics.py:138)
[2022-07-26 12:26:18] [    INFO] 查找元素：('xpath', '//input[@id="elsSubAccount"]') (basics.py:107)
[2022-07-26 12:26:18] [    INFO] 输入文本：1001 (basics.py:138)
[2022-07-26 12:26:19] [    INFO] 查找元素：('xpath', '//input[@type="password"]') (basics.py:107)
[2022-07-26 12:26:19] [    INFO] 输入文本：1qaz@WSX (basics.py:138)
[2022-07-26 12:26:19] [    INFO] 查找元素：('xpath', '//input[@id="identifyCode"]') (basics.py:107)
[2022-07-26 12:26:19] [    INFO] 点击元素：('xpath', '//input[@id="identifyCode"]') (basics.py:191)
[2022-07-26 12:26:22] [    INFO] 查找元素：('xpath', '//input[@id="identifyCode"]') (basics.py:107)
[2022-07-26 12:26:23] [    INFO] 查找元素：('xpath', '//input[@id="identifyCode"]') (basics.py:107)
[2022-07-26 12:26:23] [    INFO] 输入文本：情输入验证码9950 (basics.py:138)
[2022-07-26 12:26:26] [    INFO] 查找元素：('xpath', '//button[@id="submit_btn"]') (basics.py:107)
[2022-07-26 12:26:26] [    INFO] 点击元素：('xpath', '//button[@id="submit_btn"]') (basics.py:191)
[2022-07-26 12:33:09] [    INFO] 【SRM】项目【test】环境- UI自动化开始执行 (conftest.py:14)
[2022-07-26 12:33:10] [    INFO] 查找元素：('xpath', '//input[@id="elsAccount"]') (basics.py:107)
[2022-07-26 12:33:10] [    INFO] 输入文本：860000 (basics.py:138)
[2022-07-26 12:33:11] [    INFO] 查找元素：('xpath', '//input[@id="elsSubAccount"]') (basics.py:107)
[2022-07-26 12:33:11] [    INFO] 输入文本：1001 (basics.py:138)
[2022-07-26 12:33:11] [    INFO] 查找元素：('xpath', '//input[@type="password"]') (basics.py:107)
[2022-07-26 12:33:11] [    INFO] 输入文本：1qaz@WSX (basics.py:138)
[2022-07-26 12:33:11] [    INFO] 查找元素：('xpath', '//input[@id="identifyCode"]') (basics.py:107)
[2022-07-26 12:33:12] [    INFO] 点击元素：('xpath', '//input[@id="identifyCode"]') (basics.py:191)
[2022-07-26 12:33:15] [    INFO] 查找元素：('xpath', '//input[@id="identifyCode"]') (basics.py:107)
[2022-07-26 12:33:16] [    INFO] 查找元素：('xpath', '//input[@id="identifyCode"]') (basics.py:107)
[2022-07-26 12:33:16] [    INFO] 输入文本：情输入验证码864 (basics.py:138)
[2022-07-26 12:33:19] [    INFO] 查找元素：('xpath', '//button[@id="submit_btn"]') (basics.py:107)
[2022-07-26 12:33:20] [    INFO] 点击元素：('xpath', '//button[@id="submit_btn"]') (basics.py:191)
[2022-07-26 12:37:43] [    INFO] 【SRM】项目【test】环境- UI自动化开始执行 (conftest.py:14)
[2022-07-26 12:37:44] [    INFO] 查找元素：('xpath', '//input[@id="elsAccount"]') (basics.py:107)
[2022-07-26 12:37:44] [    INFO] 输入文本：860000 (basics.py:138)
[2022-07-26 12:37:44] [    INFO] 查找元素：('xpath', '//input[@id="elsSubAccount"]') (basics.py:107)
[2022-07-26 12:37:45] [    INFO] 输入文本：1001 (basics.py:138)
[2022-07-26 12:37:45] [    INFO] 查找元素：('xpath', '//input[@type="password"]') (basics.py:107)
[2022-07-26 12:37:45] [    INFO] 输入文本：1qaz@WSX (basics.py:138)
[2022-07-26 12:37:45] [    INFO] 查找元素：('xpath', '//input[@id="identifyCode"]') (basics.py:107)
[2022-07-26 12:37:45] [    INFO] 点击元素：('xpath', '//input[@id="identifyCode"]') (basics.py:191)
[2022-07-26 12:37:49] [    INFO] 查找元素：('xpath', '//input[@id="identifyCode"]') (basics.py:107)
[2022-07-26 12:37:50] [    INFO] 查找元素：('xpath', '//input[@id="identifyCode"]') (basics.py:107)
[2022-07-26 12:37:50] [    INFO] 输入文本：情输入验证码097 (basics.py:138)
[2022-07-26 12:37:53] [    INFO] 查找元素：('xpath', '//button[@id="submit_btn"]') (basics.py:107)
[2022-07-26 12:37:53] [    INFO] 点击元素：('xpath', '//button[@id="submit_btn"]') (basics.py:191)
[2022-07-26 12:44:06] [    INFO] 【SRM】项目【test】环境- UI自动化开始执行 (conftest.py:14)
[2022-07-26 12:44:07] [    INFO] 查找元素：('xpath', '//input[@id="elsAccount"]') (basics.py:108)
[2022-07-26 12:44:07] [    INFO] 输入文本：860000 (basics.py:139)
[2022-07-26 12:44:08] [    INFO] 查找元素：('xpath', '//input[@id="elsSubAccount"]') (basics.py:108)
[2022-07-26 12:44:08] [    INFO] 输入文本：1001 (basics.py:139)
[2022-07-26 12:44:09] [    INFO] 查找元素：('xpath', '//input[@type="password"]') (basics.py:108)
[2022-07-26 12:44:09] [    INFO] 输入文本：1qaz@WSX (basics.py:139)
[2022-07-26 12:44:09] [    INFO] 查找元素：('xpath', '//input[@id="code"]') (basics.py:108)
[2022-07-26 12:48:39] [    INFO] 【SRM】项目【test】环境- UI自动化开始执行 (conftest.py:14)
[2022-07-26 12:48:41] [    INFO] 查找元素：('xpath', '//input[@id="elsAccount"]') (basics.py:108)
[2022-07-26 12:48:41] [    INFO] 输入文本：860000 (basics.py:139)
[2022-07-26 12:48:41] [    INFO] 查找元素：('xpath', '//input[@id="elsSubAccount"]') (basics.py:108)
[2022-07-26 12:48:41] [    INFO] 输入文本：1001 (basics.py:139)
[2022-07-26 12:48:42] [    INFO] 查找元素：('xpath', '//input[@type="password"]') (basics.py:108)
[2022-07-26 12:48:42] [    INFO] 输入文本：1qaz@WSX (basics.py:139)
[2022-07-26 12:48:42] [    INFO] 查找元素：('xpath', '//input[@"id="identifyCode"]') (basics.py:108)
[2022-07-26 12:49:41] [    INFO] 【SRM】项目【test】环境- UI自动化开始执行 (conftest.py:14)
[2022-07-26 12:49:42] [    INFO] 查找元素：('xpath', '//input[@id="elsAccount"]') (basics.py:108)
[2022-07-26 12:49:42] [    INFO] 输入文本：860000 (basics.py:139)
[2022-07-26 12:49:42] [    INFO] 查找元素：('xpath', '//input[@id="elsSubAccount"]') (basics.py:108)
[2022-07-26 12:49:42] [    INFO] 输入文本：1001 (basics.py:139)
[2022-07-26 12:49:43] [    INFO] 查找元素：('xpath', '//input[@type="password"]') (basics.py:108)
[2022-07-26 12:49:43] [    INFO] 输入文本：1qaz@WSX (basics.py:139)
[2022-07-26 12:49:43] [    INFO] 查找元素：('xpath', '//input[@id="identifyCode"]') (basics.py:108)
[2022-07-26 12:49:43] [    INFO] 点击元素：('xpath', '//input[@id="identifyCode"]') (basics.py:192)
[2022-07-26 12:49:47] [    INFO] 查找元素：('xpath', '//img[@id="code"]') (basics.py:108)
[2022-07-26 12:49:48] [    INFO] 查找元素：('xpath', '//input[@id="identifyCode"]') (basics.py:108)
[2022-07-26 12:49:48] [    INFO] 输入文本：5042 (basics.py:139)
[2022-07-26 12:49:51] [    INFO] 查找元素：('xpath', '//button[@id="submit_btn"]') (basics.py:108)
[2022-07-26 12:49:51] [    INFO] 点击元素：('xpath', '//button[@id="submit_btn"]') (basics.py:192)
[2022-07-26 12:54:54] [    INFO] 【SRM】项目【test】环境- UI自动化开始执行 (conftest.py:17)
[2022-07-26 12:54:55] [    INFO] 查找元素：('xpath', '//input[@id="elsAccount"]') (basics.py:108)
[2022-07-26 12:54:55] [    INFO] 输入文本：860000 (basics.py:139)
[2022-07-26 12:54:56] [    INFO] 查找元素：('xpath', '//input[@id="elsSubAccount"]') (basics.py:108)
[2022-07-26 12:54:56] [    INFO] 输入文本：1001 (basics.py:139)
[2022-07-26 12:54:56] [    INFO] 查找元素：('xpath', '//input[@type="password"]') (basics.py:108)
[2022-07-26 12:54:56] [    INFO] 输入文本：1qaz@WSX (basics.py:139)
[2022-07-26 12:54:56] [    INFO] 查找元素：('xpath', '//input[@id="identifyCode"]') (basics.py:108)
[2022-07-26 12:54:56] [    INFO] 点击元素：('xpath', '//input[@id="identifyCode"]') (basics.py:192)
[2022-07-26 12:55:00] [    INFO] 查找元素：('xpath', '//img[@id="code"]') (basics.py:108)
[2022-07-26 12:55:01] [    INFO] 查找元素：('xpath', '//input[@id="identifyCode"]') (basics.py:108)
[2022-07-26 12:55:01] [    INFO] 输入文本：0940 (basics.py:139)
[2022-07-26 12:55:04] [    INFO] 查找元素：('xpath', '//button[@id="submit_btn"]') (basics.py:108)
[2022-07-26 12:55:04] [    INFO] 点击元素：('xpath', '//button[@id="submit_btn"]') (basics.py:192)
[2022-07-26 12:57:09] [    INFO] 【SRM】项目【test】环境- UI自动化开始执行 (conftest.py:17)
[2022-07-26 12:57:10] [    INFO] 查找元素：('xpath', '//input[@id="elsAccount"]') (basics.py:108)
[2022-07-26 12:59:10] [    INFO] 【SRM】项目【test】环境- UI自动化开始执行 (conftest.py:17)
[2022-07-26 12:59:11] [    INFO] 查找元素：('xpath', '//input[@id="elsAccount"]') (basics.py:108)
[2022-07-26 12:59:11] [    INFO] 输入文本：860000 (basics.py:139)
[2022-07-26 12:59:11] [    INFO] 查找元素：('xpath', '//input[@id="elsSubAccount"]') (basics.py:108)
[2022-07-26 12:59:11] [    INFO] 输入文本：1001 (basics.py:139)
[2022-07-26 12:59:12] [    INFO] 查找元素：('xpath', '//input[@type="password"]') (basics.py:108)
[2022-07-26 12:59:12] [    INFO] 输入文本：1qaz@WSX (basics.py:139)
[2022-07-26 12:59:12] [    INFO] 查找元素：('xpath', '//input[@id="identifyCode"]') (basics.py:108)
[2022-07-26 12:59:12] [    INFO] 点击元素：('xpath', '//input[@id="identifyCode"]') (basics.py:192)
[2022-07-26 12:59:13] [    INFO] 查找元素：('xpath', '//img[@id="code"]') (basics.py:108)
[2022-07-26 12:59:14] [    INFO] 查找元素：('xpath', '//input[@id="identifyCode"]') (basics.py:108)
[2022-07-26 12:59:14] [    INFO] 输入文本：7517 (basics.py:139)
[2022-07-26 12:59:17] [    INFO] 查找元素：('xpath', '//button[@id="submit_btn"]') (basics.py:108)
[2022-07-26 12:59:17] [    INFO] 点击元素：('xpath', '//button[@id="submit_btn"]') (basics.py:192)
