[2022-08-29 17:03:27] [    INFO] 【TBM】项目【test】环境- UI自动化开始执行 (conftest.py:17)
[2022-08-29 17:03:27] [    INFO] 前置条件：传音统一登录开始 (conftest.py:21)
[2022-08-29 17:03:29] [    INFO] 打开网页：http://bom-sit.transsion.com/#/process/home-page (basics.py:63)
[2022-08-29 17:03:29] [    INFO] 查找元素：('xpath', "//div[@role='button']") (basics.py:106)
[2022-08-29 17:03:30] [    INFO] 点击元素：('xpath', "//div[@role='button']") (basics.py:206)
[2022-08-29 17:03:34] [    INFO] 查找元素：['xpath', "//*[contains(@id,'dropdown-menu-')]//li[1]"] (basics.py:106)
[2022-08-29 17:03:35] [    INFO] 查找元素：('xpath', "//div[@role='button']") (basics.py:106)
[2022-08-29 17:03:35] [    INFO] 点击元素：('xpath', "//div[@role='button']") (basics.py:206)
[2022-08-29 17:03:36] [    INFO] 查找元素：('id', 'tab-account') (basics.py:106)
[2022-08-29 17:03:36] [    INFO] 点击元素：('id', 'tab-account') (basics.py:206)
[2022-08-29 17:03:37] [    INFO] 查找元素：('xpath', "//*[@id='pane-account']/form/div[1]/div/div[1]/input") (basics.py:106)
[2022-08-29 17:03:37] [    INFO] 输入文本：18645960 (basics.py:137)
[2022-08-29 17:03:38] [    INFO] 查找元素：('xpath', "//*[@id='pane-account']/form/div[2]/div/div[1]/input") (basics.py:106)
[2022-08-29 17:03:38] [    INFO] 输入文本：xLily6x (basics.py:137)
[2022-08-29 17:03:39] [    INFO] 查找元素：('xpath', "//span[text()='我已阅读并接受']/../label/span/span") (basics.py:106)
[2022-08-29 17:03:39] [    INFO] 获取状态：False (basics.py:330)
[2022-08-29 17:03:39] [    INFO] 查找元素：('xpath', "//span[text()='我已阅读并接受']/../label/span/span") (basics.py:106)
[2022-08-29 17:03:40] [    INFO] 点击元素：('xpath', "//span[text()='我已阅读并接受']/../label/span/span") (basics.py:206)
[2022-08-29 17:03:40] [    INFO] 查找元素：('xpath', "//*[@id='pane-account']/form/button") (basics.py:106)
[2022-08-29 17:03:40] [    INFO] 点击元素：('xpath', "//*[@id='pane-account']/form/button") (basics.py:206)
[2022-08-29 17:03:47] [   ERROR] 正在截图... (basics.py:449)
[2022-08-29 17:03:48] [   ERROR] 日志正在附加截图... (basics.py:456)
[2022-08-29 17:03:48] [   ERROR] 日志附加截图成功 (basics.py:460)
[2022-08-29 17:03:48] [    INFO] 断言成功：页面存在该标识首页 | 关键字:首页 (assert_ui.py:167)
[2022-08-29 17:03:48] [    INFO] 前置条件：传音统一登录成功 (conftest.py:25)
[2022-08-29 17:03:50] [    INFO] 查找元素：['xpath', "//span[@class='meta-title' and contains(text(),'BOM协作')]"] (basics.py:106)
[2022-08-29 17:03:50] [    INFO] 选择点击：['xpath', "//span[@class='meta-title' and contains(text(),'BOM协作')]"] (basics.py:203)
[2022-08-29 17:03:50] [    INFO] 点击一级菜单：BOM协作 (BOM.py:18)
[2022-08-29 17:03:52] [    INFO] 查找元素：['xpath', "//div[@class='menu-wrapper nest-menu']//span[contains(text(),'整机BOM协作')]"] (basics.py:106)
[2022-08-29 17:05:03] [    INFO] 【TBM】项目【test】环境- UI自动化开始执行 (conftest.py:17)
[2022-08-29 17:05:03] [    INFO] 前置条件：传音统一登录开始 (conftest.py:21)
[2022-08-29 17:05:06] [    INFO] 打开网页：http://bom-sit.transsion.com/#/process/home-page (basics.py:63)
[2022-08-29 17:05:06] [    INFO] 查找元素：('xpath', "//div[@role='button']") (basics.py:106)
[2022-08-29 17:05:06] [    INFO] 点击元素：('xpath', "//div[@role='button']") (basics.py:206)
[2022-08-29 17:05:11] [    INFO] 查找元素：['xpath', "//*[contains(@id,'dropdown-menu-')]//li[1]"] (basics.py:106)
[2022-08-29 17:05:12] [    INFO] 查找元素：('xpath', "//div[@role='button']") (basics.py:106)
[2022-08-29 17:05:12] [    INFO] 点击元素：('xpath', "//div[@role='button']") (basics.py:206)
[2022-08-29 17:05:12] [    INFO] 查找元素：('id', 'tab-account') (basics.py:106)
[2022-08-29 17:05:12] [    INFO] 点击元素：('id', 'tab-account') (basics.py:206)
[2022-08-29 17:05:13] [    INFO] 查找元素：('xpath', "//*[@id='pane-account']/form/div[1]/div/div[1]/input") (basics.py:106)
[2022-08-29 17:05:13] [    INFO] 输入文本：18645960 (basics.py:137)
[2022-08-29 17:05:15] [    INFO] 查找元素：('xpath', "//*[@id='pane-account']/form/div[2]/div/div[1]/input") (basics.py:106)
[2022-08-29 17:05:15] [    INFO] 输入文本：xLily6x (basics.py:137)
[2022-08-29 17:05:16] [    INFO] 查找元素：('xpath', "//span[text()='我已阅读并接受']/../label/span/span") (basics.py:106)
[2022-08-29 17:05:16] [    INFO] 获取状态：False (basics.py:330)
[2022-08-29 17:05:16] [    INFO] 查找元素：('xpath', "//span[text()='我已阅读并接受']/../label/span/span") (basics.py:106)
[2022-08-29 17:05:16] [    INFO] 点击元素：('xpath', "//span[text()='我已阅读并接受']/../label/span/span") (basics.py:206)
[2022-08-29 17:05:17] [    INFO] 查找元素：('xpath', "//*[@id='pane-account']/form/button") (basics.py:106)
[2022-08-29 17:05:17] [    INFO] 点击元素：('xpath', "//*[@id='pane-account']/form/button") (basics.py:206)
[2022-08-29 17:05:23] [   ERROR] 正在截图... (basics.py:449)
[2022-08-29 17:05:23] [   ERROR] 日志正在附加截图... (basics.py:456)
[2022-08-29 17:05:23] [   ERROR] 日志附加截图成功 (basics.py:460)
[2022-08-29 17:05:24] [    INFO] 断言成功：页面存在该标识首页 | 关键字:首页 (assert_ui.py:167)
[2022-08-29 17:05:24] [    INFO] 前置条件：传音统一登录成功 (conftest.py:25)
[2022-08-29 17:05:26] [    INFO] 查找元素：['xpath', "//span[@class='meta-title' and contains(text(),'BOM协作')]"] (basics.py:106)
[2022-08-29 17:05:26] [    INFO] 选择点击：['xpath', "//span[@class='meta-title' and contains(text(),'BOM协作')]"] (basics.py:203)
[2022-08-29 17:05:26] [    INFO] 点击一级菜单：BOM协作 (BOM.py:18)
[2022-08-29 17:05:28] [    INFO] 查找元素：['xpath', "//div[@class='menu-wrapper nest-menu']//span[contains(text(),'整机BOM协作')]"] (basics.py:106)
[2022-08-29 17:05:28] [    INFO] 选择点击：['xpath', "//div[@class='menu-wrapper nest-menu']//span[contains(text(),'整机BOM协作')]"] (basics.py:203)
[2022-08-29 17:05:28] [    INFO] 点击二级菜单：整机BOM协作 (BOM.py:20)
[2022-08-29 17:05:29] [    INFO] 刷新页面 (basics.py:337)
[2022-08-29 17:05:29] [    INFO] 查找元素：('xpath', "//button//span[contains(text(),'新增')]") (basics.py:106)
[2022-08-29 17:05:29] [    INFO] 点击元素：('xpath', "//button//span[contains(text(),'新增')]") (basics.py:206)
[2022-08-29 17:05:32] [    INFO] 查找元素：('xpath', "//label[contains(text(),'制作类型')]/..//input") (basics.py:106)
[2022-08-29 17:05:32] [    INFO] 点击元素：('xpath', "//label[contains(text(),'制作类型')]/..//input") (basics.py:206)
[2022-08-29 17:05:32] [    INFO] 查找元素：('xpath', "//li/span[contains(text(), '生产BOM')]") (basics.py:106)
[2022-08-29 17:05:32] [    INFO] 点击元素：('xpath', "//li/span[contains(text(), '生产BOM')]") (basics.py:206)
[2022-08-29 17:05:34] [    INFO] 查找元素：('xpath', "//label[contains(text(),'品牌')]/..//input") (basics.py:106)
[2022-08-29 17:05:34] [    INFO] 点击元素：('xpath', "//label[contains(text(),'品牌')]/..//input") (basics.py:206)
[2022-08-29 17:05:34] [    INFO] 查找元素：('xpath', "//li/span[normalize-space(text())='itel']") (basics.py:106)
[2022-08-29 17:05:35] [    INFO] 点击元素：('xpath', "//li/span[normalize-space(text())='itel']") (basics.py:206)
[2022-08-29 17:05:36] [    INFO] 查找元素：('xpath', "//label[contains(text(),'机型')]/..//input") (basics.py:106)
[2022-08-29 17:05:36] [    INFO] 点击元素：('xpath', "//label[contains(text(),'机型')]/..//input") (basics.py:206)
[2022-08-29 17:05:37] [    INFO] 查找元素：('xpath', "//label[contains(text(),'机型')]/..//input") (basics.py:106)
[2022-08-29 17:05:37] [    INFO] 输入文本：C3250 (basics.py:137)
[2022-08-29 17:05:37] [    INFO] 查找元素：('xpath', "//li[normalize-space(text())='(C3250)C3250']") (basics.py:106)
[2022-08-29 17:05:38] [    INFO] 点击元素：('xpath', "//li[normalize-space(text())='(C3250)C3250']") (basics.py:206)
[2022-08-29 17:05:40] [    INFO] 查找元素：('xpath', "//label[contains(text(),'阶段')]/..//input") (basics.py:106)
[2022-08-29 17:05:40] [    INFO] 点击元素：('xpath', "//label[contains(text(),'阶段')]/..//input") (basics.py:206)
[2022-08-29 17:05:40] [    INFO] 查找元素：('xpath', "//li/span[normalize-space(text())='量产阶段']") (basics.py:106)
[2022-08-29 17:05:40] [    INFO] 点击元素：('xpath', "//li/span[normalize-space(text())='量产阶段']") (basics.py:206)
[2022-08-29 17:05:42] [    INFO] 查找元素：('xpath', "//label[contains(text(),'市场')]/..//input") (basics.py:106)
[2022-08-29 17:05:42] [    INFO] 点击元素：('xpath', "//label[contains(text(),'市场')]/..//input") (basics.py:206)
[2022-08-29 17:05:42] [    INFO] 查找元素：('xpath', "//li/span[normalize-space(text())='孟加拉']") (basics.py:106)
[2022-08-29 17:05:42] [    INFO] 点击元素：('xpath', "//li/span[normalize-space(text())='孟加拉']") (basics.py:206)
[2022-08-29 17:05:44] [    INFO] 查找元素：('xpath', "//button//span[contains(text(),'新增Bom')]") (basics.py:106)
[2022-08-29 17:05:44] [    INFO] 点击元素：('xpath', "//button//span[contains(text(),'新增Bom')]") (basics.py:206)
[2022-08-29 17:05:46] [    INFO] 查找元素：('xpath', "//span[@title='产成品']/../../../../td[2]//input") (basics.py:106)
[2022-08-29 17:05:46] [    INFO] 点击元素：('xpath', "//span[@title='产成品']/../../../../td[2]//input") (basics.py:206)
[2022-08-29 17:05:46] [    INFO] 查找元素：('xpath', "//li//span[contains(text(),'国内生产BOM')]") (basics.py:106)
[2022-08-29 17:05:46] [    INFO] 点击元素：('xpath', "//li//span[contains(text(),'国内生产BOM')]") (basics.py:206)
[2022-08-29 17:05:48] [    INFO] 查找元素：('xpath', "//span[@title='产成品']/../../../../td[3]//input") (basics.py:106)
[2022-08-29 17:05:48] [    INFO] 点击元素：('xpath', "//span[@title='产成品']/../../../../td[3]//input") (basics.py:206)
[2022-08-29 17:05:48] [    INFO] 查找元素：('xpath', "//li//span[contains(text(),'转量产')]") (basics.py:106)
[2022-08-29 17:05:48] [    INFO] 点击元素：('xpath', "//li//span[contains(text(),'转量产')]") (basics.py:206)
[2022-08-29 17:05:50] [    INFO] 查找元素：('xpath', "//span[@title='产成品']/../../../../td[6]//input") (basics.py:106)
[2022-08-29 17:15:51] [    INFO] 【TBM】项目【test】环境- UI自动化开始执行 (conftest.py:17)
[2022-08-29 17:15:51] [    INFO] 前置条件：传音统一登录开始 (conftest.py:21)
[2022-08-29 17:15:54] [    INFO] 打开网页：http://bom-sit.transsion.com/#/process/home-page (basics.py:63)
[2022-08-29 17:15:54] [    INFO] 查找元素：('xpath', "//div[@role='button']") (basics.py:106)
[2022-08-29 17:15:54] [    INFO] 点击元素：('xpath', "//div[@role='button']") (basics.py:206)
[2022-08-29 17:15:58] [    INFO] 查找元素：['xpath', "//*[contains(@id,'dropdown-menu-')]//li[1]"] (basics.py:106)
[2022-08-29 17:15:59] [    INFO] 查找元素：('xpath', "//div[@role='button']") (basics.py:106)
[2022-08-29 17:15:59] [    INFO] 点击元素：('xpath', "//div[@role='button']") (basics.py:206)
[2022-08-29 17:16:00] [    INFO] 查找元素：('id', 'tab-account') (basics.py:106)
[2022-08-29 17:16:00] [    INFO] 点击元素：('id', 'tab-account') (basics.py:206)
[2022-08-29 17:16:01] [    INFO] 查找元素：('xpath', "//*[@id='pane-account']/form/div[1]/div/div[1]/input") (basics.py:106)
[2022-08-29 17:16:01] [    INFO] 输入文本：18645960 (basics.py:137)
[2022-08-29 17:16:02] [    INFO] 查找元素：('xpath', "//*[@id='pane-account']/form/div[2]/div/div[1]/input") (basics.py:106)
[2022-08-29 17:16:03] [    INFO] 输入文本：xLily6x (basics.py:137)
[2022-08-29 17:16:04] [    INFO] 查找元素：('xpath', "//span[text()='我已阅读并接受']/../label/span/span") (basics.py:106)
[2022-08-29 17:16:04] [    INFO] 获取状态：False (basics.py:330)
[2022-08-29 17:16:04] [    INFO] 查找元素：('xpath', "//span[text()='我已阅读并接受']/../label/span/span") (basics.py:106)
[2022-08-29 17:16:04] [    INFO] 点击元素：('xpath', "//span[text()='我已阅读并接受']/../label/span/span") (basics.py:206)
[2022-08-29 17:16:04] [    INFO] 查找元素：('xpath', "//*[@id='pane-account']/form/button") (basics.py:106)
[2022-08-29 17:16:04] [    INFO] 点击元素：('xpath', "//*[@id='pane-account']/form/button") (basics.py:206)
[2022-08-29 17:16:11] [   ERROR] 正在截图... (basics.py:449)
[2022-08-29 17:16:11] [   ERROR] 日志正在附加截图... (basics.py:456)
[2022-08-29 17:16:11] [   ERROR] 日志附加截图成功 (basics.py:460)
[2022-08-29 17:16:11] [    INFO] 断言成功：页面存在该标识首页 | 关键字:首页 (assert_ui.py:167)
[2022-08-29 17:16:11] [    INFO] 前置条件：传音统一登录成功 (conftest.py:25)
[2022-08-29 17:16:13] [    INFO] 查找元素：['xpath', "//span[@class='meta-title' and contains(text(),'BOM协作')]"] (basics.py:106)
[2022-08-29 17:16:13] [    INFO] 选择点击：['xpath', "//span[@class='meta-title' and contains(text(),'BOM协作')]"] (basics.py:203)
[2022-08-29 17:16:13] [    INFO] 点击一级菜单：BOM协作 (BOM.py:18)
[2022-08-29 17:16:15] [    INFO] 查找元素：['xpath', "//div[@class='menu-wrapper nest-menu']//span[contains(text(),'整机BOM协作')]"] (basics.py:106)
[2022-08-29 17:16:15] [    INFO] 选择点击：['xpath', "//div[@class='menu-wrapper nest-menu']//span[contains(text(),'整机BOM协作')]"] (basics.py:203)
[2022-08-29 17:16:15] [    INFO] 点击二级菜单：整机BOM协作 (BOM.py:20)
[2022-08-29 17:16:17] [    INFO] 刷新页面 (basics.py:337)
[2022-08-29 17:16:17] [    INFO] 查找元素：('xpath', "//button//span[contains(text(),'新增')]") (basics.py:106)
[2022-08-29 17:16:18] [    INFO] 点击元素：('xpath', "//button//span[contains(text(),'新增')]") (basics.py:206)
[2022-08-29 17:16:20] [    INFO] 查找元素：('xpath', "//label[contains(text(),'制作类型')]/..//input") (basics.py:106)
[2022-08-29 17:16:20] [    INFO] 点击元素：('xpath', "//label[contains(text(),'制作类型')]/..//input") (basics.py:206)
[2022-08-29 17:16:21] [    INFO] 查找元素：('xpath', "//li/span[contains(text(), '生产BOM')]") (basics.py:106)
[2022-08-29 17:16:21] [    INFO] 点击元素：('xpath', "//li/span[contains(text(), '生产BOM')]") (basics.py:206)
[2022-08-29 17:16:22] [    INFO] 查找元素：('xpath', "//label[contains(text(),'品牌')]/..//input") (basics.py:106)
[2022-08-29 17:16:22] [    INFO] 点击元素：('xpath', "//label[contains(text(),'品牌')]/..//input") (basics.py:206)
[2022-08-29 17:16:23] [    INFO] 查找元素：('xpath', "//li/span[normalize-space(text())='itel']") (basics.py:106)
[2022-08-29 17:16:23] [    INFO] 点击元素：('xpath', "//li/span[normalize-space(text())='itel']") (basics.py:206)
[2022-08-29 17:16:24] [    INFO] 查找元素：('xpath', "//label[contains(text(),'机型')]/..//input") (basics.py:106)
[2022-08-29 17:16:24] [    INFO] 点击元素：('xpath', "//label[contains(text(),'机型')]/..//input") (basics.py:206)
[2022-08-29 17:16:26] [    INFO] 查找元素：('xpath', "//label[contains(text(),'机型')]/..//input") (basics.py:106)
[2022-08-29 17:16:26] [    INFO] 输入文本：C3250 (basics.py:137)
[2022-08-29 17:16:26] [    INFO] 查找元素：('xpath', "//li[normalize-space(text())='(C3250)C3250']") (basics.py:106)
[2022-08-29 17:16:26] [    INFO] 点击元素：('xpath', "//li[normalize-space(text())='(C3250)C3250']") (basics.py:206)
[2022-08-29 17:16:28] [    INFO] 查找元素：('xpath', "//label[contains(text(),'阶段')]/..//input") (basics.py:106)
[2022-08-29 17:16:28] [    INFO] 点击元素：('xpath', "//label[contains(text(),'阶段')]/..//input") (basics.py:206)
[2022-08-29 17:16:29] [    INFO] 查找元素：('xpath', "//li/span[normalize-space(text())='量产阶段']") (basics.py:106)
[2022-08-29 17:16:29] [    INFO] 点击元素：('xpath', "//li/span[normalize-space(text())='量产阶段']") (basics.py:206)
[2022-08-29 17:16:30] [    INFO] 查找元素：('xpath', "//label[contains(text(),'市场')]/..//input") (basics.py:106)
[2022-08-29 17:16:30] [    INFO] 点击元素：('xpath', "//label[contains(text(),'市场')]/..//input") (basics.py:206)
[2022-08-29 17:16:31] [    INFO] 查找元素：('xpath', "//li/span[normalize-space(text())='孟加拉']") (basics.py:106)
[2022-08-29 17:16:31] [    INFO] 点击元素：('xpath', "//li/span[normalize-space(text())='孟加拉']") (basics.py:206)
[2022-08-29 17:16:32] [    INFO] 查找元素：('xpath', "//button//span[contains(text(),'新增Bom')]") (basics.py:106)
[2022-08-29 17:16:33] [    INFO] 点击元素：('xpath', "//button//span[contains(text(),'新增Bom')]") (basics.py:206)
[2022-08-29 17:16:34] [    INFO] 查找元素：('xpath', "//span[@title='产成品']/../../../../td[2]//input") (basics.py:106)
[2022-08-29 17:16:34] [    INFO] 点击元素：('xpath', "//span[@title='产成品']/../../../../td[2]//input") (basics.py:206)
[2022-08-29 17:16:35] [    INFO] 查找元素：('xpath', "//li//span[contains(text(),'国内生产BOM')]") (basics.py:106)
[2022-08-29 17:16:35] [    INFO] 点击元素：('xpath', "//li//span[contains(text(),'国内生产BOM')]") (basics.py:206)
[2022-08-29 17:16:36] [    INFO] 查找元素：('xpath', "//span[@title='产成品']/../../../../td[3]//input") (basics.py:106)
[2022-08-29 17:16:36] [    INFO] 点击元素：('xpath', "//span[@title='产成品']/../../../../td[3]//input") (basics.py:206)
[2022-08-29 17:16:37] [    INFO] 查找元素：('xpath', "//li//span[contains(text(),'转量产')]") (basics.py:106)
[2022-08-29 17:16:37] [    INFO] 点击元素：('xpath', "//li//span[contains(text(),'转量产')]") (basics.py:206)
[2022-08-29 17:16:38] [    INFO] 查找元素：('xpath', "//span[@title='产成品']/../../../../td[6]//input") (basics.py:106)
[2022-08-29 17:18:09] [    INFO] 【TBM】项目【test】环境- UI自动化开始执行 (conftest.py:17)
[2022-08-29 17:18:09] [    INFO] 前置条件：传音统一登录开始 (conftest.py:21)
[2022-08-29 17:18:12] [    INFO] 打开网页：http://bom-sit.transsion.com/#/process/home-page (basics.py:63)
[2022-08-29 17:18:12] [    INFO] 查找元素：('xpath', "//div[@role='button']") (basics.py:106)
[2022-08-29 17:18:12] [    INFO] 点击元素：('xpath', "//div[@role='button']") (basics.py:206)
[2022-08-29 17:18:17] [    INFO] 查找元素：['xpath', "//*[contains(@id,'dropdown-menu-')]//li[1]"] (basics.py:106)
[2022-08-29 17:18:18] [    INFO] 查找元素：('xpath', "//div[@role='button']") (basics.py:106)
[2022-08-29 17:18:18] [    INFO] 点击元素：('xpath', "//div[@role='button']") (basics.py:206)
[2022-08-29 17:18:19] [    INFO] 查找元素：('id', 'tab-account') (basics.py:106)
[2022-08-29 17:18:19] [    INFO] 点击元素：('id', 'tab-account') (basics.py:206)
[2022-08-29 17:18:20] [    INFO] 查找元素：('xpath', "//*[@id='pane-account']/form/div[1]/div/div[1]/input") (basics.py:106)
[2022-08-29 17:18:20] [    INFO] 输入文本：18645960 (basics.py:137)
[2022-08-29 17:18:21] [    INFO] 查找元素：('xpath', "//*[@id='pane-account']/form/div[2]/div/div[1]/input") (basics.py:106)
[2022-08-29 17:18:21] [    INFO] 输入文本：xLily6x (basics.py:137)
[2022-08-29 17:18:22] [    INFO] 查找元素：('xpath', "//span[text()='我已阅读并接受']/../label/span/span") (basics.py:106)
[2022-08-29 17:18:22] [    INFO] 获取状态：False (basics.py:330)
[2022-08-29 17:18:22] [    INFO] 查找元素：('xpath', "//span[text()='我已阅读并接受']/../label/span/span") (basics.py:106)
[2022-08-29 17:18:22] [    INFO] 点击元素：('xpath', "//span[text()='我已阅读并接受']/../label/span/span") (basics.py:206)
[2022-08-29 17:18:23] [    INFO] 查找元素：('xpath', "//*[@id='pane-account']/form/button") (basics.py:106)
[2022-08-29 17:18:23] [    INFO] 点击元素：('xpath', "//*[@id='pane-account']/form/button") (basics.py:206)
[2022-08-29 17:18:30] [   ERROR] 正在截图... (basics.py:449)
[2022-08-29 17:18:30] [   ERROR] 日志正在附加截图... (basics.py:456)
[2022-08-29 17:18:30] [   ERROR] 日志附加截图成功 (basics.py:460)
[2022-08-29 17:18:30] [    INFO] 断言成功：页面存在该标识首页 | 关键字:首页 (assert_ui.py:167)
[2022-08-29 17:18:30] [    INFO] 前置条件：传音统一登录成功 (conftest.py:25)
[2022-08-29 17:18:32] [    INFO] 查找元素：['xpath', "//span[@class='meta-title' and contains(text(),'BOM协作')]"] (basics.py:106)
[2022-08-29 17:18:32] [    INFO] 选择点击：['xpath', "//span[@class='meta-title' and contains(text(),'BOM协作')]"] (basics.py:203)
[2022-08-29 17:18:32] [    INFO] 点击一级菜单：BOM协作 (BOM.py:18)
[2022-08-29 17:18:34] [    INFO] 查找元素：['xpath', "//div[@class='menu-wrapper nest-menu']//span[contains(text(),'整机BOM协作')]"] (basics.py:106)
[2022-08-29 17:18:34] [    INFO] 选择点击：['xpath', "//div[@class='menu-wrapper nest-menu']//span[contains(text(),'整机BOM协作')]"] (basics.py:203)
[2022-08-29 17:18:34] [    INFO] 点击二级菜单：整机BOM协作 (BOM.py:20)
[2022-08-29 17:18:36] [    INFO] 刷新页面 (basics.py:337)
[2022-08-29 17:18:36] [    INFO] 查找元素：('xpath', "//button//span[contains(text(),'新增')]") (basics.py:106)
[2022-08-29 17:18:36] [    INFO] 点击元素：('xpath', "//button//span[contains(text(),'新增')]") (basics.py:206)
[2022-08-29 17:18:39] [    INFO] 查找元素：('xpath', "//label[contains(text(),'制作类型')]/..//input") (basics.py:106)
[2022-08-29 17:18:39] [    INFO] 点击元素：('xpath', "//label[contains(text(),'制作类型')]/..//input") (basics.py:206)
[2022-08-29 17:18:39] [    INFO] 查找元素：('xpath', "//li/span[contains(text(), '生产BOM')]") (basics.py:106)
[2022-08-29 17:18:39] [    INFO] 点击元素：('xpath', "//li/span[contains(text(), '生产BOM')]") (basics.py:206)
[2022-08-29 17:18:41] [    INFO] 查找元素：('xpath', "//label[contains(text(),'品牌')]/..//input") (basics.py:106)
[2022-08-29 17:18:41] [    INFO] 点击元素：('xpath', "//label[contains(text(),'品牌')]/..//input") (basics.py:206)
[2022-08-29 17:18:41] [    INFO] 查找元素：('xpath', "//li/span[normalize-space(text())='itel']") (basics.py:106)
[2022-08-29 17:18:41] [    INFO] 点击元素：('xpath', "//li/span[normalize-space(text())='itel']") (basics.py:206)
[2022-08-29 17:18:43] [    INFO] 查找元素：('xpath', "//label[contains(text(),'机型')]/..//input") (basics.py:106)
[2022-08-29 17:18:43] [    INFO] 点击元素：('xpath', "//label[contains(text(),'机型')]/..//input") (basics.py:206)
[2022-08-29 17:18:44] [    INFO] 查找元素：('xpath', "//label[contains(text(),'机型')]/..//input") (basics.py:106)
[2022-08-29 17:18:44] [    INFO] 输入文本：C3250 (basics.py:137)
[2022-08-29 17:18:44] [    INFO] 查找元素：('xpath', "//li[normalize-space(text())='(C3250)C3250']") (basics.py:106)
[2022-08-29 17:18:45] [    INFO] 点击元素：('xpath', "//li[normalize-space(text())='(C3250)C3250']") (basics.py:206)
[2022-08-29 17:18:46] [    INFO] 查找元素：('xpath', "//label[contains(text(),'阶段')]/..//input") (basics.py:106)
[2022-08-29 17:18:47] [    INFO] 点击元素：('xpath', "//label[contains(text(),'阶段')]/..//input") (basics.py:206)
[2022-08-29 17:18:47] [    INFO] 查找元素：('xpath', "//li/span[normalize-space(text())='量产阶段']") (basics.py:106)
[2022-08-29 17:18:47] [    INFO] 点击元素：('xpath', "//li/span[normalize-space(text())='量产阶段']") (basics.py:206)
[2022-08-29 17:18:49] [    INFO] 查找元素：('xpath', "//label[contains(text(),'市场')]/..//input") (basics.py:106)
[2022-08-29 17:18:49] [    INFO] 点击元素：('xpath', "//label[contains(text(),'市场')]/..//input") (basics.py:206)
[2022-08-29 17:18:49] [    INFO] 查找元素：('xpath', "//li/span[normalize-space(text())='孟加拉']") (basics.py:106)
[2022-08-29 17:18:49] [    INFO] 点击元素：('xpath', "//li/span[normalize-space(text())='孟加拉']") (basics.py:206)
[2022-08-29 17:18:51] [    INFO] 查找元素：('xpath', "//button//span[contains(text(),'新增Bom')]") (basics.py:106)
[2022-08-29 17:18:51] [    INFO] 点击元素：('xpath', "//button//span[contains(text(),'新增Bom')]") (basics.py:206)
[2022-08-29 17:18:52] [    INFO] 查找元素：('xpath', "//span[@title='产成品']/../../../../td[2]//input") (basics.py:106)
[2022-08-29 17:18:52] [    INFO] 点击元素：('xpath', "//span[@title='产成品']/../../../../td[2]//input") (basics.py:206)
[2022-08-29 17:18:53] [    INFO] 查找元素：('xpath', "//li//span[contains(text(),'国内生产BOM')]") (basics.py:106)
[2022-08-29 17:18:53] [    INFO] 点击元素：('xpath', "//li//span[contains(text(),'国内生产BOM')]") (basics.py:206)
[2022-08-29 17:18:55] [    INFO] 查找元素：('xpath', "//span[@title='产成品']/../../../../td[3]//input") (basics.py:106)
[2022-08-29 17:18:55] [    INFO] 点击元素：('xpath', "//span[@title='产成品']/../../../../td[3]//input") (basics.py:206)
[2022-08-29 17:18:55] [    INFO] 查找元素：('xpath', "//li//span[contains(text(),'转量产')]") (basics.py:106)
[2022-08-29 17:18:55] [    INFO] 点击元素：('xpath', "//li//span[contains(text(),'转量产')]") (basics.py:206)
[2022-08-29 17:18:57] [    INFO] 查找元素：('xpath', "//span[@title='产成品']/../../../../td[6]//input") (basics.py:106)
[2022-08-29 17:20:33] [    INFO] 【TBM】项目【test】环境- UI自动化开始执行 (conftest.py:17)
[2022-08-29 17:20:33] [    INFO] 前置条件：传音统一登录开始 (conftest.py:21)
[2022-08-29 17:20:36] [    INFO] 打开网页：http://bom-sit.transsion.com/#/process/home-page (basics.py:63)
[2022-08-29 17:20:36] [    INFO] 查找元素：('xpath', "//div[@role='button']") (basics.py:106)
[2022-08-29 17:20:36] [    INFO] 点击元素：('xpath', "//div[@role='button']") (basics.py:206)
[2022-08-29 17:20:41] [    INFO] 查找元素：['xpath', "//*[contains(@id,'dropdown-menu-')]//li[1]"] (basics.py:106)
[2022-08-29 17:20:42] [    INFO] 查找元素：('xpath', "//div[@role='button']") (basics.py:106)
[2022-08-29 17:20:42] [    INFO] 点击元素：('xpath', "//div[@role='button']") (basics.py:206)
[2022-08-29 17:20:42] [    INFO] 查找元素：('id', 'tab-account') (basics.py:106)
[2022-08-29 17:20:43] [    INFO] 点击元素：('id', 'tab-account') (basics.py:206)
[2022-08-29 17:20:44] [    INFO] 查找元素：('xpath', "//*[@id='pane-account']/form/div[1]/div/div[1]/input") (basics.py:106)
[2022-08-29 17:20:44] [    INFO] 输入文本：18645960 (basics.py:137)
[2022-08-29 17:20:45] [    INFO] 查找元素：('xpath', "//*[@id='pane-account']/form/div[2]/div/div[1]/input") (basics.py:106)
[2022-08-29 17:20:45] [    INFO] 输入文本：xLily6x (basics.py:137)
[2022-08-29 17:20:46] [    INFO] 查找元素：('xpath', "//span[text()='我已阅读并接受']/../label/span/span") (basics.py:106)
[2022-08-29 17:20:46] [    INFO] 获取状态：False (basics.py:330)
[2022-08-29 17:20:46] [    INFO] 查找元素：('xpath', "//span[text()='我已阅读并接受']/../label/span/span") (basics.py:106)
[2022-08-29 17:20:46] [    INFO] 点击元素：('xpath', "//span[text()='我已阅读并接受']/../label/span/span") (basics.py:206)
[2022-08-29 17:20:47] [    INFO] 查找元素：('xpath', "//*[@id='pane-account']/form/button") (basics.py:106)
[2022-08-29 17:20:47] [    INFO] 点击元素：('xpath', "//*[@id='pane-account']/form/button") (basics.py:206)
[2022-08-29 17:20:53] [   ERROR] 正在截图... (basics.py:449)
[2022-08-29 17:20:54] [   ERROR] 日志正在附加截图... (basics.py:456)
[2022-08-29 17:20:54] [   ERROR] 日志附加截图成功 (basics.py:460)
[2022-08-29 17:20:54] [    INFO] 断言成功：页面存在该标识首页 | 关键字:首页 (assert_ui.py:167)
[2022-08-29 17:20:54] [    INFO] 前置条件：传音统一登录成功 (conftest.py:25)
[2022-08-29 17:20:56] [    INFO] 查找元素：['xpath', "//span[@class='meta-title' and contains(text(),'BOM协作')]"] (basics.py:106)
[2022-08-29 17:20:56] [    INFO] 选择点击：['xpath', "//span[@class='meta-title' and contains(text(),'BOM协作')]"] (basics.py:203)
[2022-08-29 17:20:56] [    INFO] 点击一级菜单：BOM协作 (BOM.py:18)
[2022-08-29 17:20:58] [    INFO] 查找元素：['xpath', "//div[@class='menu-wrapper nest-menu']//span[contains(text(),'整机BOM协作')]"] (basics.py:106)
[2022-08-29 17:20:58] [    INFO] 选择点击：['xpath', "//div[@class='menu-wrapper nest-menu']//span[contains(text(),'整机BOM协作')]"] (basics.py:203)
[2022-08-29 17:20:58] [    INFO] 点击二级菜单：整机BOM协作 (BOM.py:20)
[2022-08-29 17:21:00] [    INFO] 刷新页面 (basics.py:337)
[2022-08-29 17:21:00] [    INFO] 查找元素：('xpath', "//button//span[contains(text(),'新增')]") (basics.py:106)
[2022-08-29 17:21:00] [    INFO] 点击元素：('xpath', "//button//span[contains(text(),'新增')]") (basics.py:206)
[2022-08-29 17:21:03] [    INFO] 查找元素：('xpath', "//label[contains(text(),'制作类型')]/..//input") (basics.py:106)
[2022-08-29 17:21:03] [    INFO] 点击元素：('xpath', "//label[contains(text(),'制作类型')]/..//input") (basics.py:206)
[2022-08-29 17:21:03] [    INFO] 查找元素：('xpath', "//li/span[contains(text(), '生产BOM')]") (basics.py:106)
[2022-08-29 17:21:03] [    INFO] 点击元素：('xpath', "//li/span[contains(text(), '生产BOM')]") (basics.py:206)
[2022-08-29 17:21:05] [    INFO] 查找元素：('xpath', "//label[contains(text(),'品牌')]/..//input") (basics.py:106)
[2022-08-29 17:21:05] [    INFO] 点击元素：('xpath', "//label[contains(text(),'品牌')]/..//input") (basics.py:206)
[2022-08-29 17:21:05] [    INFO] 查找元素：('xpath', "//li/span[normalize-space(text())='itel']") (basics.py:106)
[2022-08-29 17:21:05] [    INFO] 点击元素：('xpath', "//li/span[normalize-space(text())='itel']") (basics.py:206)
[2022-08-29 17:21:07] [    INFO] 查找元素：('xpath', "//label[contains(text(),'机型')]/..//input") (basics.py:106)
[2022-08-29 17:21:07] [    INFO] 点击元素：('xpath', "//label[contains(text(),'机型')]/..//input") (basics.py:206)
[2022-08-29 17:21:08] [    INFO] 查找元素：('xpath', "//label[contains(text(),'机型')]/..//input") (basics.py:106)
[2022-08-29 17:21:08] [    INFO] 输入文本：C3250 (basics.py:137)
[2022-08-29 17:21:08] [    INFO] 查找元素：('xpath', "//li[normalize-space(text())='(C3250)C3250']") (basics.py:106)
[2022-08-29 17:21:09] [    INFO] 点击元素：('xpath', "//li[normalize-space(text())='(C3250)C3250']") (basics.py:206)
[2022-08-29 17:21:10] [    INFO] 查找元素：('xpath', "//label[contains(text(),'阶段')]/..//input") (basics.py:106)
[2022-08-29 17:21:11] [    INFO] 点击元素：('xpath', "//label[contains(text(),'阶段')]/..//input") (basics.py:206)
[2022-08-29 17:21:11] [    INFO] 查找元素：('xpath', "//li/span[normalize-space(text())='量产阶段']") (basics.py:106)
[2022-08-29 17:21:11] [    INFO] 点击元素：('xpath', "//li/span[normalize-space(text())='量产阶段']") (basics.py:206)
[2022-08-29 17:21:13] [    INFO] 查找元素：('xpath', "//label[contains(text(),'市场')]/..//input") (basics.py:106)
[2022-08-29 17:21:13] [    INFO] 点击元素：('xpath', "//label[contains(text(),'市场')]/..//input") (basics.py:206)
[2022-08-29 17:21:13] [    INFO] 查找元素：('xpath', "//li/span[normalize-space(text())='孟加拉']") (basics.py:106)
[2022-08-29 17:21:13] [    INFO] 点击元素：('xpath', "//li/span[normalize-space(text())='孟加拉']") (basics.py:206)
[2022-08-29 17:21:15] [    INFO] 查找元素：('xpath', "//button//span[contains(text(),'新增Bom')]") (basics.py:106)
[2022-08-29 17:21:15] [    INFO] 点击元素：('xpath', "//button//span[contains(text(),'新增Bom')]") (basics.py:206)
[2022-08-29 17:21:17] [    INFO] 查找元素：('xpath', "//span[@title='产成品']/../../../../td[2]//input") (basics.py:106)
[2022-08-29 17:21:17] [    INFO] 点击元素：('xpath', "//span[@title='产成品']/../../../../td[2]//input") (basics.py:206)
[2022-08-29 17:21:17] [    INFO] 查找元素：('xpath', "//li//span[contains(text(),'国内生产BOM')]") (basics.py:106)
[2022-08-29 17:21:17] [    INFO] 点击元素：('xpath', "//li//span[contains(text(),'国内生产BOM')]") (basics.py:206)
[2022-08-29 17:21:19] [    INFO] 查找元素：('xpath', "//span[@title='产成品']/../../../../td[3]//input") (basics.py:106)
[2022-08-29 17:21:19] [    INFO] 点击元素：('xpath', "//span[@title='产成品']/../../../../td[3]//input") (basics.py:206)
[2022-08-29 17:21:19] [    INFO] 查找元素：('xpath', "//li//span[contains(text(),'转量产')]") (basics.py:106)
[2022-08-29 17:21:19] [    INFO] 点击元素：('xpath', "//li//span[contains(text(),'转量产')]") (basics.py:206)
[2022-08-29 17:21:21] [    INFO] 查找元素：('xpath', "//span[@title='产成品']/../../../../td[6]//input") (basics.py:106)
[2022-08-29 17:28:12] [    INFO] 【TBM】项目【test】环境- UI自动化开始执行 (conftest.py:17)
[2022-08-29 17:28:12] [    INFO] 前置条件：传音统一登录开始 (conftest.py:21)
[2022-08-29 17:28:15] [    INFO] 打开网页：http://bom-sit.transsion.com/#/process/home-page (basics.py:63)
[2022-08-29 17:28:15] [    INFO] 查找元素：('xpath', "//div[@role='button']") (basics.py:106)
[2022-08-29 17:28:15] [    INFO] 点击元素：('xpath', "//div[@role='button']") (basics.py:206)
[2022-08-29 17:28:20] [    INFO] 查找元素：['xpath', "//*[contains(@id,'dropdown-menu-')]//li[1]"] (basics.py:106)
[2022-08-29 17:28:21] [    INFO] 查找元素：('xpath', "//div[@role='button']") (basics.py:106)
[2022-08-29 17:28:21] [    INFO] 点击元素：('xpath', "//div[@role='button']") (basics.py:206)
[2022-08-29 17:28:21] [    INFO] 查找元素：('id', 'tab-account') (basics.py:106)
[2022-08-29 17:28:21] [    INFO] 点击元素：('id', 'tab-account') (basics.py:206)
[2022-08-29 17:28:22] [    INFO] 查找元素：('xpath', "//*[@id='pane-account']/form/div[1]/div/div[1]/input") (basics.py:106)
[2022-08-29 17:28:23] [    INFO] 输入文本：18645960 (basics.py:137)
[2022-08-29 17:28:24] [    INFO] 查找元素：('xpath', "//*[@id='pane-account']/form/div[2]/div/div[1]/input") (basics.py:106)
[2022-08-29 17:28:24] [    INFO] 输入文本：xLily6x (basics.py:137)
[2022-08-29 17:28:25] [    INFO] 查找元素：('xpath', "//span[text()='我已阅读并接受']/../label/span/span") (basics.py:106)
[2022-08-29 17:28:25] [    INFO] 获取状态：False (basics.py:330)
[2022-08-29 17:28:25] [    INFO] 查找元素：('xpath', "//span[text()='我已阅读并接受']/../label/span/span") (basics.py:106)
[2022-08-29 17:28:25] [    INFO] 点击元素：('xpath', "//span[text()='我已阅读并接受']/../label/span/span") (basics.py:206)
[2022-08-29 17:28:26] [    INFO] 查找元素：('xpath', "//*[@id='pane-account']/form/button") (basics.py:106)
[2022-08-29 17:28:26] [    INFO] 点击元素：('xpath', "//*[@id='pane-account']/form/button") (basics.py:206)
[2022-08-29 17:28:32] [   ERROR] 正在截图... (basics.py:449)
[2022-08-29 17:28:33] [   ERROR] 日志正在附加截图... (basics.py:456)
[2022-08-29 17:28:33] [   ERROR] 日志附加截图成功 (basics.py:460)
[2022-08-29 17:28:33] [    INFO] 断言成功：页面存在该标识首页 | 关键字:首页 (assert_ui.py:167)
[2022-08-29 17:28:33] [    INFO] 前置条件：传音统一登录成功 (conftest.py:25)
[2022-08-29 17:28:35] [    INFO] 查找元素：['xpath', "//span[@class='meta-title' and contains(text(),'BOM协作')]"] (basics.py:106)
[2022-08-29 17:28:35] [    INFO] 选择点击：['xpath', "//span[@class='meta-title' and contains(text(),'BOM协作')]"] (basics.py:203)
[2022-08-29 17:28:35] [    INFO] 点击一级菜单：BOM协作 (BOM.py:18)
[2022-08-29 17:28:37] [    INFO] 查找元素：['xpath', "//div[@class='menu-wrapper nest-menu']//span[contains(text(),'整机BOM协作')]"] (basics.py:106)
[2022-08-29 17:28:37] [    INFO] 选择点击：['xpath', "//div[@class='menu-wrapper nest-menu']//span[contains(text(),'整机BOM协作')]"] (basics.py:203)
[2022-08-29 17:28:37] [    INFO] 点击二级菜单：整机BOM协作 (BOM.py:20)
[2022-08-29 17:28:39] [    INFO] 刷新页面 (basics.py:337)
[2022-08-29 17:28:39] [    INFO] 查找元素：('xpath', "//button//span[contains(text(),'新增')]") (basics.py:106)
[2022-08-29 17:28:39] [    INFO] 点击元素：('xpath', "//button//span[contains(text(),'新增')]") (basics.py:206)
[2022-08-29 17:28:41] [    INFO] 查找元素：('xpath', "//label[contains(text(),'制作类型')]/..//input") (basics.py:106)
[2022-08-29 17:28:41] [    INFO] 点击元素：('xpath', "//label[contains(text(),'制作类型')]/..//input") (basics.py:206)
[2022-08-29 17:28:42] [    INFO] 查找元素：('xpath', "//li/span[contains(text(), '生产BOM')]") (basics.py:106)
[2022-08-29 17:28:42] [    INFO] 点击元素：('xpath', "//li/span[contains(text(), '生产BOM')]") (basics.py:206)
[2022-08-29 17:28:44] [    INFO] 查找元素：('xpath', "//label[contains(text(),'品牌')]/..//input") (basics.py:106)
[2022-08-29 17:28:44] [    INFO] 点击元素：('xpath', "//label[contains(text(),'品牌')]/..//input") (basics.py:206)
[2022-08-29 17:28:44] [    INFO] 查找元素：('xpath', "//li/span[normalize-space(text())='itel']") (basics.py:106)
[2022-08-29 17:28:44] [    INFO] 点击元素：('xpath', "//li/span[normalize-space(text())='itel']") (basics.py:206)
[2022-08-29 17:28:46] [    INFO] 查找元素：('xpath', "//label[contains(text(),'机型')]/..//input") (basics.py:106)
[2022-08-29 17:28:46] [    INFO] 点击元素：('xpath', "//label[contains(text(),'机型')]/..//input") (basics.py:206)
[2022-08-29 17:28:47] [    INFO] 查找元素：('xpath', "//label[contains(text(),'机型')]/..//input") (basics.py:106)
[2022-08-29 17:28:47] [    INFO] 输入文本：C3250 (basics.py:137)
[2022-08-29 17:28:47] [    INFO] 查找元素：('xpath', "//li[normalize-space(text())='(C3250)C3250']") (basics.py:106)
[2022-08-29 17:28:48] [    INFO] 点击元素：('xpath', "//li[normalize-space(text())='(C3250)C3250']") (basics.py:206)
[2022-08-29 17:28:49] [    INFO] 查找元素：('xpath', "//label[contains(text(),'阶段')]/..//input") (basics.py:106)
[2022-08-29 17:28:49] [    INFO] 点击元素：('xpath', "//label[contains(text(),'阶段')]/..//input") (basics.py:206)
[2022-08-29 17:28:50] [    INFO] 查找元素：('xpath', "//li/span[normalize-space(text())='量产阶段']") (basics.py:106)
[2022-08-29 17:28:50] [    INFO] 点击元素：('xpath', "//li/span[normalize-space(text())='量产阶段']") (basics.py:206)
[2022-08-29 17:28:51] [    INFO] 查找元素：('xpath', "//label[contains(text(),'市场')]/..//input") (basics.py:106)
[2022-08-29 17:28:52] [    INFO] 点击元素：('xpath', "//label[contains(text(),'市场')]/..//input") (basics.py:206)
[2022-08-29 17:28:52] [    INFO] 查找元素：('xpath', "//li/span[normalize-space(text())='孟加拉']") (basics.py:106)
[2022-08-29 17:28:52] [    INFO] 点击元素：('xpath', "//li/span[normalize-space(text())='孟加拉']") (basics.py:206)
[2022-08-29 17:28:54] [    INFO] 查找元素：('xpath', "//button//span[contains(text(),'新增Bom')]") (basics.py:106)
[2022-08-29 17:28:54] [    INFO] 点击元素：('xpath', "//button//span[contains(text(),'新增Bom')]") (basics.py:206)
[2022-08-29 17:28:55] [    INFO] 查找元素：('xpath', "//span[@title='产成品']/../../../../td[2]//input") (basics.py:106)
[2022-08-29 17:28:55] [    INFO] 点击元素：('xpath', "//span[@title='产成品']/../../../../td[2]//input") (basics.py:206)
[2022-08-29 17:28:56] [    INFO] 查找元素：('xpath', "//li//span[contains(text(),'国内生产BOM')]") (basics.py:106)
[2022-08-29 17:28:56] [    INFO] 点击元素：('xpath', "//li//span[contains(text(),'国内生产BOM')]") (basics.py:206)
[2022-08-29 17:28:58] [    INFO] 查找元素：('xpath', "//span[@title='产成品']/../../../../td[3]//input") (basics.py:106)
[2022-08-29 17:28:58] [    INFO] 点击元素：('xpath', "//span[@title='产成品']/../../../../td[3]//input") (basics.py:206)
[2022-08-29 17:28:58] [    INFO] 查找元素：('xpath', "//li//span[contains(text(),'转量产')]") (basics.py:106)
[2022-08-29 17:28:58] [    INFO] 点击元素：('xpath', "//li//span[contains(text(),'转量产')]") (basics.py:206)
[2022-08-29 17:29:00] [    INFO] 查找元素：('xpath', "//span[@title='产成品']/../../../..//span[contains(text(),'编辑')]") (basics.py:106)
[2022-08-29 17:29:00] [    INFO] 点击元素：('xpath', "//span[@title='产成品']/../../../..//span[contains(text(),'编辑')]") (basics.py:206)
[2022-08-29 17:29:01] [    INFO] 查找元素：('xpath', "//span[@title='产成品']/../../../../td[6]//input") (basics.py:106)
[2022-08-29 17:30:32] [    INFO] 【TBM】项目【test】环境- UI自动化开始执行 (conftest.py:17)
[2022-08-29 17:30:32] [    INFO] 前置条件：传音统一登录开始 (conftest.py:21)
[2022-08-29 17:30:35] [    INFO] 打开网页：http://bom-sit.transsion.com/#/process/home-page (basics.py:63)
[2022-08-29 17:30:35] [    INFO] 查找元素：('xpath', "//div[@role='button']") (basics.py:106)
[2022-08-29 17:30:35] [    INFO] 点击元素：('xpath', "//div[@role='button']") (basics.py:206)
[2022-08-29 17:30:40] [    INFO] 查找元素：['xpath', "//*[contains(@id,'dropdown-menu-')]//li[1]"] (basics.py:106)
[2022-08-29 17:30:41] [    INFO] 查找元素：('xpath', "//div[@role='button']") (basics.py:106)
[2022-08-29 17:30:41] [    INFO] 点击元素：('xpath', "//div[@role='button']") (basics.py:206)
[2022-08-29 17:30:41] [    INFO] 查找元素：('id', 'tab-account') (basics.py:106)
[2022-08-29 17:30:41] [    INFO] 点击元素：('id', 'tab-account') (basics.py:206)
[2022-08-29 17:30:42] [    INFO] 查找元素：('xpath', "//*[@id='pane-account']/form/div[1]/div/div[1]/input") (basics.py:106)
[2022-08-29 17:30:42] [    INFO] 输入文本：18645960 (basics.py:137)
[2022-08-29 17:30:44] [    INFO] 查找元素：('xpath', "//*[@id='pane-account']/form/div[2]/div/div[1]/input") (basics.py:106)
[2022-08-29 17:30:44] [    INFO] 输入文本：xLily6x (basics.py:137)
[2022-08-29 17:30:45] [    INFO] 查找元素：('xpath', "//span[text()='我已阅读并接受']/../label/span/span") (basics.py:106)
[2022-08-29 17:30:45] [    INFO] 获取状态：False (basics.py:330)
[2022-08-29 17:30:45] [    INFO] 查找元素：('xpath', "//span[text()='我已阅读并接受']/../label/span/span") (basics.py:106)
[2022-08-29 17:30:45] [    INFO] 点击元素：('xpath', "//span[text()='我已阅读并接受']/../label/span/span") (basics.py:206)
[2022-08-29 17:30:46] [    INFO] 查找元素：('xpath', "//*[@id='pane-account']/form/button") (basics.py:106)
[2022-08-29 17:30:46] [    INFO] 点击元素：('xpath', "//*[@id='pane-account']/form/button") (basics.py:206)
[2022-08-29 17:30:52] [   ERROR] 正在截图... (basics.py:449)
[2022-08-29 17:30:52] [   ERROR] 日志正在附加截图... (basics.py:456)
[2022-08-29 17:30:52] [   ERROR] 日志附加截图成功 (basics.py:460)
[2022-08-29 17:30:53] [    INFO] 断言成功：页面存在该标识首页 | 关键字:首页 (assert_ui.py:167)
[2022-08-29 17:30:53] [    INFO] 前置条件：传音统一登录成功 (conftest.py:25)
[2022-08-29 17:30:55] [    INFO] 查找元素：['xpath', "//span[@class='meta-title' and contains(text(),'BOM协作')]"] (basics.py:106)
[2022-08-29 17:30:55] [    INFO] 选择点击：['xpath', "//span[@class='meta-title' and contains(text(),'BOM协作')]"] (basics.py:203)
[2022-08-29 17:30:55] [    INFO] 点击一级菜单：BOM协作 (BOM.py:18)
[2022-08-29 17:30:57] [    INFO] 查找元素：['xpath', "//div[@class='menu-wrapper nest-menu']//span[contains(text(),'整机BOM协作')]"] (basics.py:106)
[2022-08-29 17:30:57] [    INFO] 选择点击：['xpath', "//div[@class='menu-wrapper nest-menu']//span[contains(text(),'整机BOM协作')]"] (basics.py:203)
[2022-08-29 17:30:57] [    INFO] 点击二级菜单：整机BOM协作 (BOM.py:20)
[2022-08-29 17:30:58] [    INFO] 刷新页面 (basics.py:337)
[2022-08-29 17:30:58] [    INFO] 查找元素：('xpath', "//button//span[contains(text(),'新增')]") (basics.py:106)
[2022-08-29 17:30:58] [    INFO] 点击元素：('xpath', "//button//span[contains(text(),'新增')]") (basics.py:206)
[2022-08-29 17:31:01] [    INFO] 查找元素：('xpath', "//label[contains(text(),'制作类型')]/..//input") (basics.py:106)
[2022-08-29 17:31:01] [    INFO] 点击元素：('xpath', "//label[contains(text(),'制作类型')]/..//input") (basics.py:206)
[2022-08-29 17:31:01] [    INFO] 查找元素：('xpath', "//li/span[contains(text(), '生产BOM')]") (basics.py:106)
[2022-08-29 17:31:01] [    INFO] 点击元素：('xpath', "//li/span[contains(text(), '生产BOM')]") (basics.py:206)
[2022-08-29 17:31:03] [    INFO] 查找元素：('xpath', "//label[contains(text(),'品牌')]/..//input") (basics.py:106)
[2022-08-29 17:31:03] [    INFO] 点击元素：('xpath', "//label[contains(text(),'品牌')]/..//input") (basics.py:206)
[2022-08-29 17:31:03] [    INFO] 查找元素：('xpath', "//li/span[normalize-space(text())='itel']") (basics.py:106)
[2022-08-29 17:31:04] [    INFO] 点击元素：('xpath', "//li/span[normalize-space(text())='itel']") (basics.py:206)
[2022-08-29 17:31:05] [    INFO] 查找元素：('xpath', "//label[contains(text(),'机型')]/..//input") (basics.py:106)
[2022-08-29 17:31:05] [    INFO] 点击元素：('xpath', "//label[contains(text(),'机型')]/..//input") (basics.py:206)
[2022-08-29 17:31:06] [    INFO] 查找元素：('xpath', "//label[contains(text(),'机型')]/..//input") (basics.py:106)
[2022-08-29 17:31:06] [    INFO] 输入文本：C3250 (basics.py:137)
[2022-08-29 17:31:06] [    INFO] 查找元素：('xpath', "//li[normalize-space(text())='(C3250)C3250']") (basics.py:106)
[2022-08-29 17:31:07] [    INFO] 点击元素：('xpath', "//li[normalize-space(text())='(C3250)C3250']") (basics.py:206)
[2022-08-29 17:31:09] [    INFO] 查找元素：('xpath', "//label[contains(text(),'阶段')]/..//input") (basics.py:106)
[2022-08-29 17:31:09] [    INFO] 点击元素：('xpath', "//label[contains(text(),'阶段')]/..//input") (basics.py:206)
[2022-08-29 17:31:09] [    INFO] 查找元素：('xpath', "//li/span[normalize-space(text())='量产阶段']") (basics.py:106)
[2022-08-29 17:31:09] [    INFO] 点击元素：('xpath', "//li/span[normalize-space(text())='量产阶段']") (basics.py:206)
[2022-08-29 17:31:11] [    INFO] 查找元素：('xpath', "//label[contains(text(),'市场')]/..//input") (basics.py:106)
[2022-08-29 17:31:11] [    INFO] 点击元素：('xpath', "//label[contains(text(),'市场')]/..//input") (basics.py:206)
[2022-08-29 17:31:11] [    INFO] 查找元素：('xpath', "//li/span[normalize-space(text())='孟加拉']") (basics.py:106)
[2022-08-29 17:31:11] [    INFO] 点击元素：('xpath', "//li/span[normalize-space(text())='孟加拉']") (basics.py:206)
[2022-08-29 17:31:13] [    INFO] 查找元素：('xpath', "//button//span[contains(text(),'新增Bom')]") (basics.py:106)
[2022-08-29 17:31:13] [    INFO] 点击元素：('xpath', "//button//span[contains(text(),'新增Bom')]") (basics.py:206)
[2022-08-29 17:31:14] [    INFO] 查找元素：('xpath', "//span[@title='产成品']/../../../..//span[contains(text(),'编辑')]") (basics.py:106)
[2022-08-29 17:31:14] [    INFO] 点击元素：('xpath', "//span[@title='产成品']/../../../..//span[contains(text(),'编辑')]") (basics.py:206)
[2022-08-29 17:31:15] [    INFO] 查找元素：('xpath', "//span[@title='产成品']/../../../../td[2]//input") (basics.py:106)
[2022-08-29 17:31:15] [    INFO] 点击元素：('xpath', "//span[@title='产成品']/../../../../td[2]//input") (basics.py:206)
[2022-08-29 17:31:16] [    INFO] 查找元素：('xpath', "//li//span[contains(text(),'国内生产BOM')]") (basics.py:106)
[2022-08-29 17:31:16] [    INFO] 点击元素：('xpath', "//li//span[contains(text(),'国内生产BOM')]") (basics.py:206)
[2022-08-29 17:31:18] [    INFO] 查找元素：('xpath', "//span[@title='产成品']/../../../../td[3]//input") (basics.py:106)
[2022-08-29 17:31:18] [    INFO] 点击元素：('xpath', "//span[@title='产成品']/../../../../td[3]//input") (basics.py:206)
[2022-08-29 17:31:18] [    INFO] 查找元素：('xpath', "//li//span[contains(text(),'转量产')]") (basics.py:106)
[2022-08-29 17:31:18] [    INFO] 点击元素：('xpath', "//li//span[contains(text(),'转量产')]") (basics.py:206)
[2022-08-29 17:31:20] [    INFO] 查找元素：('xpath', "//span[@title='产成品']/../../../../td[6]//input") (basics.py:106)
[2022-08-29 17:31:20] [    INFO] 点击元素：('xpath', "//span[@title='产成品']/../../../../td[6]//input") (basics.py:206)
[2022-08-29 17:31:21] [    INFO] 查找元素：('xpath', "//span[@title='产成品']/../../../../td[6]//input") (basics.py:106)
[2022-08-29 17:31:21] [    INFO] 输入文本：12000001 (basics.py:137)
[2022-08-29 17:31:21] [    INFO] 查找元素：('xpath', "//li[contains(text(),'12000001')]") (basics.py:106)
[2022-08-29 17:31:22] [    INFO] 点击元素：('xpath', "//li[contains(text(),'12000001')]") (basics.py:206)
[2022-08-29 17:31:23] [    INFO] 查找元素：('xpath', "//span[@title='产成品']/../../../../td[9]//input") (basics.py:106)
[2022-08-29 17:31:23] [    INFO] 点击元素：('xpath', "//span[@title='产成品']/../../../../td[9]//input") (basics.py:206)
[2022-08-29 17:31:25] [    INFO] 查找元素：('xpath', "//span[@title='产成品']/../../../../td[9]//input") (basics.py:106)
[2022-08-29 17:31:25] [    INFO] 输入文本：1200 (basics.py:137)
[2022-08-29 17:31:26] [    INFO] 查找元素：('xpath', "//span[@title='产成品']/../../../..//span[contains(text(),'确定')]") (basics.py:106)
[2022-08-29 17:31:26] [    INFO] 点击元素：('xpath', "//span[@title='产成品']/../../../..//span[contains(text(),'确定')]") (basics.py:206)
[2022-08-29 17:32:33] [    INFO] 【TBM】项目【test】环境- UI自动化开始执行 (conftest.py:17)
[2022-08-29 17:32:33] [    INFO] 前置条件：传音统一登录开始 (conftest.py:21)
[2022-08-29 17:32:36] [    INFO] 打开网页：http://bom-sit.transsion.com/#/process/home-page (basics.py:63)
[2022-08-29 17:32:36] [    INFO] 查找元素：('xpath', "//div[@role='button']") (basics.py:106)
[2022-08-29 17:32:36] [    INFO] 点击元素：('xpath', "//div[@role='button']") (basics.py:206)
[2022-08-29 17:32:41] [    INFO] 查找元素：['xpath', "//*[contains(@id,'dropdown-menu-')]//li[1]"] (basics.py:106)
[2022-08-29 17:32:42] [    INFO] 查找元素：('xpath', "//div[@role='button']") (basics.py:106)
[2022-08-29 17:32:42] [    INFO] 点击元素：('xpath', "//div[@role='button']") (basics.py:206)
[2022-08-29 17:32:42] [    INFO] 查找元素：('id', 'tab-account') (basics.py:106)
[2022-08-29 17:32:42] [    INFO] 点击元素：('id', 'tab-account') (basics.py:206)
[2022-08-29 17:32:43] [    INFO] 查找元素：('xpath', "//*[@id='pane-account']/form/div[1]/div/div[1]/input") (basics.py:106)
[2022-08-29 17:32:43] [    INFO] 输入文本：18645960 (basics.py:137)
[2022-08-29 17:32:45] [    INFO] 查找元素：('xpath', "//*[@id='pane-account']/form/div[2]/div/div[1]/input") (basics.py:106)
[2022-08-29 17:32:45] [    INFO] 输入文本：xLily6x (basics.py:137)
[2022-08-29 17:32:46] [    INFO] 查找元素：('xpath', "//span[text()='我已阅读并接受']/../label/span/span") (basics.py:106)
[2022-08-29 17:32:46] [    INFO] 获取状态：False (basics.py:330)
[2022-08-29 17:32:46] [    INFO] 查找元素：('xpath', "//span[text()='我已阅读并接受']/../label/span/span") (basics.py:106)
[2022-08-29 17:32:46] [    INFO] 点击元素：('xpath', "//span[text()='我已阅读并接受']/../label/span/span") (basics.py:206)
[2022-08-29 17:32:47] [    INFO] 查找元素：('xpath', "//*[@id='pane-account']/form/button") (basics.py:106)
[2022-08-29 17:32:47] [    INFO] 点击元素：('xpath', "//*[@id='pane-account']/form/button") (basics.py:206)
[2022-08-29 17:32:53] [   ERROR] 正在截图... (basics.py:449)
[2022-08-29 17:32:54] [   ERROR] 日志正在附加截图... (basics.py:456)
[2022-08-29 17:32:54] [   ERROR] 日志附加截图成功 (basics.py:460)
[2022-08-29 17:32:54] [    INFO] 断言成功：页面存在该标识首页 | 关键字:首页 (assert_ui.py:167)
[2022-08-29 17:32:54] [    INFO] 前置条件：传音统一登录成功 (conftest.py:25)
[2022-08-29 17:32:56] [    INFO] 查找元素：['xpath', "//span[@class='meta-title' and contains(text(),'BOM协作')]"] (basics.py:106)
[2022-08-29 17:32:56] [    INFO] 选择点击：['xpath', "//span[@class='meta-title' and contains(text(),'BOM协作')]"] (basics.py:203)
[2022-08-29 17:32:56] [    INFO] 点击一级菜单：BOM协作 (BOM.py:18)
[2022-08-29 17:32:58] [    INFO] 查找元素：['xpath', "//div[@class='menu-wrapper nest-menu']//span[contains(text(),'整机BOM协作')]"] (basics.py:106)
[2022-08-29 17:32:58] [    INFO] 选择点击：['xpath', "//div[@class='menu-wrapper nest-menu']//span[contains(text(),'整机BOM协作')]"] (basics.py:203)
[2022-08-29 17:32:58] [    INFO] 点击二级菜单：整机BOM协作 (BOM.py:20)
[2022-08-29 17:32:59] [    INFO] 刷新页面 (basics.py:337)
[2022-08-29 17:32:59] [    INFO] 查找元素：('xpath', "//button//span[contains(text(),'新增')]") (basics.py:106)
[2022-08-29 17:32:59] [    INFO] 点击元素：('xpath', "//button//span[contains(text(),'新增')]") (basics.py:206)
[2022-08-29 17:33:02] [    INFO] 查找元素：('xpath', "//label[contains(text(),'制作类型')]/..//input") (basics.py:106)
[2022-08-29 17:33:02] [    INFO] 点击元素：('xpath', "//label[contains(text(),'制作类型')]/..//input") (basics.py:206)
[2022-08-29 17:33:02] [    INFO] 查找元素：('xpath', "//li/span[contains(text(), '生产BOM')]") (basics.py:106)
[2022-08-29 17:33:02] [    INFO] 点击元素：('xpath', "//li/span[contains(text(), '生产BOM')]") (basics.py:206)
[2022-08-29 17:33:04] [    INFO] 查找元素：('xpath', "//label[contains(text(),'品牌')]/..//input") (basics.py:106)
[2022-08-29 17:33:04] [    INFO] 点击元素：('xpath', "//label[contains(text(),'品牌')]/..//input") (basics.py:206)
[2022-08-29 17:33:05] [    INFO] 查找元素：('xpath', "//li/span[normalize-space(text())='itel']") (basics.py:106)
[2022-08-29 17:33:05] [    INFO] 点击元素：('xpath', "//li/span[normalize-space(text())='itel']") (basics.py:206)
[2022-08-29 17:33:06] [    INFO] 查找元素：('xpath', "//label[contains(text(),'机型')]/..//input") (basics.py:106)
[2022-08-29 17:33:06] [    INFO] 点击元素：('xpath', "//label[contains(text(),'机型')]/..//input") (basics.py:206)
[2022-08-29 17:33:07] [    INFO] 查找元素：('xpath', "//label[contains(text(),'机型')]/..//input") (basics.py:106)
[2022-08-29 17:33:07] [    INFO] 输入文本：C3250 (basics.py:137)
[2022-08-29 17:33:07] [    INFO] 查找元素：('xpath', "//li[normalize-space(text())='(C3250)C3250']") (basics.py:106)
[2022-08-29 17:33:08] [    INFO] 点击元素：('xpath', "//li[normalize-space(text())='(C3250)C3250']") (basics.py:206)
[2022-08-29 17:33:10] [    INFO] 查找元素：('xpath', "//label[contains(text(),'阶段')]/..//input") (basics.py:106)
[2022-08-29 17:33:10] [    INFO] 点击元素：('xpath', "//label[contains(text(),'阶段')]/..//input") (basics.py:206)
[2022-08-29 17:33:10] [    INFO] 查找元素：('xpath', "//li/span[normalize-space(text())='量产阶段']") (basics.py:106)
[2022-08-29 17:33:10] [    INFO] 点击元素：('xpath', "//li/span[normalize-space(text())='量产阶段']") (basics.py:206)
[2022-08-29 17:33:12] [    INFO] 查找元素：('xpath', "//label[contains(text(),'市场')]/..//input") (basics.py:106)
[2022-08-29 17:33:12] [    INFO] 点击元素：('xpath', "//label[contains(text(),'市场')]/..//input") (basics.py:206)
[2022-08-29 17:33:12] [    INFO] 查找元素：('xpath', "//li/span[normalize-space(text())='孟加拉']") (basics.py:106)
[2022-08-29 17:33:12] [    INFO] 点击元素：('xpath', "//li/span[normalize-space(text())='孟加拉']") (basics.py:206)
[2022-08-29 17:33:14] [    INFO] 查找元素：('xpath', "//button//span[contains(text(),'新增Bom')]") (basics.py:106)
[2022-08-29 17:33:14] [    INFO] 点击元素：('xpath', "//button//span[contains(text(),'新增Bom')]") (basics.py:206)
[2022-08-29 17:33:15] [    INFO] 查找元素：('xpath', "//span[@title='产成品']/../../../..//span[contains(text(),'编辑')]") (basics.py:106)
[2022-08-29 17:33:15] [    INFO] 点击元素：('xpath', "//span[@title='产成品']/../../../..//span[contains(text(),'编辑')]") (basics.py:206)
[2022-08-29 17:33:16] [    INFO] 查找元素：('xpath', "//span[@title='产成品']/../../../../td[2]//input") (basics.py:106)
[2022-08-29 17:33:16] [    INFO] 点击元素：('xpath', "//span[@title='产成品']/../../../../td[2]//input") (basics.py:206)
[2022-08-29 17:33:17] [    INFO] 查找元素：('xpath', "//li//span[contains(text(),'国内生产BOM')]") (basics.py:106)
[2022-08-29 17:33:17] [    INFO] 点击元素：('xpath', "//li//span[contains(text(),'国内生产BOM')]") (basics.py:206)
[2022-08-29 17:33:19] [    INFO] 查找元素：('xpath', "//span[@title='产成品']/../../../../td[3]//input") (basics.py:106)
[2022-08-29 17:33:19] [    INFO] 点击元素：('xpath', "//span[@title='产成品']/../../../../td[3]//input") (basics.py:206)
[2022-08-29 17:33:19] [    INFO] 查找元素：('xpath', "//li//span[contains(text(),'转量产')]") (basics.py:106)
[2022-08-29 17:33:19] [    INFO] 点击元素：('xpath', "//li//span[contains(text(),'转量产')]") (basics.py:206)
[2022-08-29 17:33:21] [    INFO] 查找元素：('xpath', "//span[@title='产成品']/../../../../td[6]//input") (basics.py:106)
[2022-08-29 17:33:21] [    INFO] 点击元素：('xpath', "//span[@title='产成品']/../../../../td[6]//input") (basics.py:206)
[2022-08-29 17:33:22] [    INFO] 查找元素：('xpath', "//span[@title='产成品']/../../../../td[6]//input") (basics.py:106)
[2022-08-29 17:33:22] [    INFO] 输入文本：12000001 (basics.py:137)
[2022-08-29 17:33:22] [    INFO] 查找元素：('xpath', "//li[contains(text(),'12000001')]") (basics.py:106)
[2022-08-29 17:33:23] [    INFO] 点击元素：('xpath', "//li[contains(text(),'12000001')]") (basics.py:206)
[2022-08-29 17:33:24] [    INFO] 查找元素：('xpath', "//span[@title='产成品']/../../../../td[9]//input") (basics.py:106)
[2022-08-29 17:33:24] [    INFO] 点击元素：('xpath', "//span[@title='产成品']/../../../../td[9]//input") (basics.py:206)
[2022-08-29 17:33:25] [    INFO] 查找元素：('xpath', "//span[@title='产成品']/../../../../td[9]//input") (basics.py:106)
[2022-08-29 17:33:26] [    INFO] 输入文本：1200 (basics.py:137)
[2022-08-29 17:33:27] [    INFO] 查找元素：('xpath', "//span[@title='产成品']/../../../..//span[contains(text(),'确定')]") (basics.py:106)
[2022-08-29 17:33:27] [    INFO] 点击元素：('xpath', "//span[@title='产成品']/../../../..//span[contains(text(),'确定')]") (basics.py:206)
[2022-08-29 17:34:28] [    INFO] 【TBM】项目【test】环境- UI自动化开始执行 (conftest.py:17)
[2022-08-29 17:34:28] [    INFO] 前置条件：传音统一登录开始 (conftest.py:21)
[2022-08-29 17:34:31] [    INFO] 打开网页：http://bom-sit.transsion.com/#/process/home-page (basics.py:63)
[2022-08-29 17:34:31] [    INFO] 查找元素：('xpath', "//div[@role='button']") (basics.py:106)
[2022-08-29 17:34:31] [    INFO] 点击元素：('xpath', "//div[@role='button']") (basics.py:206)
[2022-08-29 17:34:36] [    INFO] 查找元素：['xpath', "//*[contains(@id,'dropdown-menu-')]//li[1]"] (basics.py:106)
[2022-08-29 17:34:37] [    INFO] 查找元素：('xpath', "//div[@role='button']") (basics.py:106)
[2022-08-29 17:34:37] [    INFO] 点击元素：('xpath', "//div[@role='button']") (basics.py:206)
[2022-08-29 17:34:37] [    INFO] 查找元素：('id', 'tab-account') (basics.py:106)
[2022-08-29 17:34:37] [    INFO] 点击元素：('id', 'tab-account') (basics.py:206)
[2022-08-29 17:34:38] [    INFO] 查找元素：('xpath', "//*[@id='pane-account']/form/div[1]/div/div[1]/input") (basics.py:106)
[2022-08-29 17:34:39] [    INFO] 输入文本：18645960 (basics.py:137)
[2022-08-29 17:34:40] [    INFO] 查找元素：('xpath', "//*[@id='pane-account']/form/div[2]/div/div[1]/input") (basics.py:106)
[2022-08-29 17:34:40] [    INFO] 输入文本：xLily6x (basics.py:137)
[2022-08-29 17:34:41] [    INFO] 查找元素：('xpath', "//span[text()='我已阅读并接受']/../label/span/span") (basics.py:106)
[2022-08-29 17:34:41] [    INFO] 获取状态：False (basics.py:330)
[2022-08-29 17:34:41] [    INFO] 查找元素：('xpath', "//span[text()='我已阅读并接受']/../label/span/span") (basics.py:106)
[2022-08-29 17:34:41] [    INFO] 点击元素：('xpath', "//span[text()='我已阅读并接受']/../label/span/span") (basics.py:206)
[2022-08-29 17:34:42] [    INFO] 查找元素：('xpath', "//*[@id='pane-account']/form/button") (basics.py:106)
[2022-08-29 17:34:42] [    INFO] 点击元素：('xpath', "//*[@id='pane-account']/form/button") (basics.py:206)
[2022-08-29 17:34:48] [   ERROR] 正在截图... (basics.py:449)
[2022-08-29 17:34:49] [   ERROR] 日志正在附加截图... (basics.py:456)
[2022-08-29 17:34:49] [   ERROR] 日志附加截图成功 (basics.py:460)
[2022-08-29 17:34:49] [    INFO] 断言成功：页面存在该标识首页 | 关键字:首页 (assert_ui.py:167)
[2022-08-29 17:34:49] [    INFO] 前置条件：传音统一登录成功 (conftest.py:25)
[2022-08-29 17:34:51] [    INFO] 查找元素：['xpath', "//span[@class='meta-title' and contains(text(),'BOM协作')]"] (basics.py:106)
[2022-08-29 17:34:51] [    INFO] 选择点击：['xpath', "//span[@class='meta-title' and contains(text(),'BOM协作')]"] (basics.py:203)
[2022-08-29 17:34:51] [    INFO] 点击一级菜单：BOM协作 (BOM.py:18)
[2022-08-29 17:34:53] [    INFO] 查找元素：['xpath', "//div[@class='menu-wrapper nest-menu']//span[contains(text(),'整机BOM协作')]"] (basics.py:106)
[2022-08-29 17:34:53] [    INFO] 选择点击：['xpath', "//div[@class='menu-wrapper nest-menu']//span[contains(text(),'整机BOM协作')]"] (basics.py:203)
[2022-08-29 17:34:53] [    INFO] 点击二级菜单：整机BOM协作 (BOM.py:20)
[2022-08-29 17:34:54] [    INFO] 刷新页面 (basics.py:337)
[2022-08-29 17:34:54] [    INFO] 查找元素：('xpath', "//button//span[contains(text(),'新增')]") (basics.py:106)
[2022-08-29 17:34:54] [    INFO] 点击元素：('xpath', "//button//span[contains(text(),'新增')]") (basics.py:206)
[2022-08-29 17:34:57] [    INFO] 查找元素：('xpath', "//label[contains(text(),'制作类型')]/..//input") (basics.py:106)
[2022-08-29 17:34:57] [    INFO] 点击元素：('xpath', "//label[contains(text(),'制作类型')]/..//input") (basics.py:206)
[2022-08-29 17:34:57] [    INFO] 查找元素：('xpath', "//li/span[contains(text(), '生产BOM')]") (basics.py:106)
[2022-08-29 17:34:58] [    INFO] 点击元素：('xpath', "//li/span[contains(text(), '生产BOM')]") (basics.py:206)
[2022-08-29 17:34:59] [    INFO] 查找元素：('xpath', "//label[contains(text(),'品牌')]/..//input") (basics.py:106)
[2022-08-29 17:34:59] [    INFO] 点击元素：('xpath', "//label[contains(text(),'品牌')]/..//input") (basics.py:206)
[2022-08-29 17:35:00] [    INFO] 查找元素：('xpath', "//li/span[normalize-space(text())='itel']") (basics.py:106)
[2022-08-29 17:35:00] [    INFO] 点击元素：('xpath', "//li/span[normalize-space(text())='itel']") (basics.py:206)
[2022-08-29 17:35:01] [    INFO] 查找元素：('xpath', "//label[contains(text(),'机型')]/..//input") (basics.py:106)
[2022-08-29 17:35:01] [    INFO] 点击元素：('xpath', "//label[contains(text(),'机型')]/..//input") (basics.py:206)
[2022-08-29 17:35:02] [    INFO] 查找元素：('xpath', "//label[contains(text(),'机型')]/..//input") (basics.py:106)
[2022-08-29 17:35:02] [    INFO] 输入文本：C3250 (basics.py:137)
[2022-08-29 17:35:02] [    INFO] 查找元素：('xpath', "//li[normalize-space(text())='(C3250)C3250']") (basics.py:106)
[2022-08-29 17:35:03] [    INFO] 点击元素：('xpath', "//li[normalize-space(text())='(C3250)C3250']") (basics.py:206)
[2022-08-29 17:35:05] [    INFO] 查找元素：('xpath', "//label[contains(text(),'阶段')]/..//input") (basics.py:106)
[2022-08-29 17:35:05] [    INFO] 点击元素：('xpath', "//label[contains(text(),'阶段')]/..//input") (basics.py:206)
[2022-08-29 17:35:05] [    INFO] 查找元素：('xpath', "//li/span[normalize-space(text())='量产阶段']") (basics.py:106)
[2022-08-29 17:35:05] [    INFO] 点击元素：('xpath', "//li/span[normalize-space(text())='量产阶段']") (basics.py:206)
[2022-08-29 17:35:07] [    INFO] 查找元素：('xpath', "//label[contains(text(),'市场')]/..//input") (basics.py:106)
[2022-08-29 17:35:07] [    INFO] 点击元素：('xpath', "//label[contains(text(),'市场')]/..//input") (basics.py:206)
[2022-08-29 17:35:07] [    INFO] 查找元素：('xpath', "//li/span[normalize-space(text())='孟加拉']") (basics.py:106)
[2022-08-29 17:35:07] [    INFO] 点击元素：('xpath', "//li/span[normalize-space(text())='孟加拉']") (basics.py:206)
[2022-08-29 17:35:09] [    INFO] 查找元素：('xpath', "//button//span[contains(text(),'新增Bom')]") (basics.py:106)
[2022-08-29 17:35:09] [    INFO] 点击元素：('xpath', "//button//span[contains(text(),'新增Bom')]") (basics.py:206)
[2022-08-29 17:35:10] [    INFO] 查找元素：('xpath', "//span[@title='产成品']/../../../..//span[contains(text(),'编辑')]") (basics.py:106)
[2022-08-29 17:35:10] [    INFO] 点击元素：('xpath', "//span[@title='产成品']/../../../..//span[contains(text(),'编辑')]") (basics.py:206)
[2022-08-29 17:35:11] [    INFO] 查找元素：('xpath', "//span[@title='产成品']/../../../../td[2]//input") (basics.py:106)
[2022-08-29 17:35:11] [    INFO] 点击元素：('xpath', "//span[@title='产成品']/../../../../td[2]//input") (basics.py:206)
[2022-08-29 17:35:12] [    INFO] 查找元素：('xpath', "//li//span[contains(text(),'国内生产BOM')]") (basics.py:106)
[2022-08-29 17:35:12] [    INFO] 点击元素：('xpath', "//li//span[contains(text(),'国内生产BOM')]") (basics.py:206)
[2022-08-29 17:35:13] [    INFO] 查找元素：('xpath', "//span[@title='产成品']/../../../../td[3]//input") (basics.py:106)
[2022-08-29 17:35:14] [    INFO] 点击元素：('xpath', "//span[@title='产成品']/../../../../td[3]//input") (basics.py:206)
[2022-08-29 17:35:14] [    INFO] 查找元素：('xpath', "//li//span[contains(text(),'转量产')]") (basics.py:106)
[2022-08-29 17:35:14] [    INFO] 点击元素：('xpath', "//li//span[contains(text(),'转量产')]") (basics.py:206)
[2022-08-29 17:35:16] [    INFO] 查找元素：('xpath', "//span[@title='产成品']/../../../../td[6]//input") (basics.py:106)
[2022-08-29 17:35:16] [    INFO] 点击元素：('xpath', "//span[@title='产成品']/../../../../td[6]//input") (basics.py:206)
[2022-08-29 17:35:17] [    INFO] 查找元素：('xpath', "//span[@title='产成品']/../../../../td[6]//input") (basics.py:106)
[2022-08-29 17:35:17] [    INFO] 输入文本：12000001 (basics.py:137)
[2022-08-29 17:35:17] [    INFO] 查找元素：('xpath', "//li[contains(text(),'12000001')]") (basics.py:106)
[2022-08-29 17:35:18] [    INFO] 点击元素：('xpath', "//li[contains(text(),'12000001')]") (basics.py:206)
[2022-08-29 17:35:19] [    INFO] 查找元素：('xpath', "//span[@title='产成品']/../../../../td[9]//input") (basics.py:106)
[2022-08-29 17:35:19] [    INFO] 点击元素：('xpath', "//span[@title='产成品']/../../../../td[9]//input") (basics.py:206)
[2022-08-29 17:35:20] [    INFO] 查找元素：('xpath', "//span[@title='产成品']/../../../../td[9]//input") (basics.py:106)
[2022-08-29 17:35:20] [    INFO] 输入文本：1200 (basics.py:137)
[2022-08-29 17:35:21] [    INFO] 查找元素：('xpath', "//span[@title='产成品']/../../../..//span[contains(text(),'确定')]") (basics.py:106)
[2022-08-29 17:36:07] [    INFO] 【TBM】项目【test】环境- UI自动化开始执行 (conftest.py:17)
[2022-08-29 17:36:07] [    INFO] 前置条件：传音统一登录开始 (conftest.py:21)
[2022-08-29 17:36:11] [    INFO] 打开网页：http://bom-sit.transsion.com/#/process/home-page (basics.py:63)
[2022-08-29 17:36:11] [    INFO] 查找元素：('xpath', "//div[@role='button']") (basics.py:106)
[2022-08-29 17:36:11] [    INFO] 点击元素：('xpath', "//div[@role='button']") (basics.py:206)
[2022-08-29 17:36:15] [    INFO] 查找元素：['xpath', "//*[contains(@id,'dropdown-menu-')]//li[1]"] (basics.py:106)
[2022-08-29 17:36:17] [    INFO] 查找元素：('xpath', "//div[@role='button']") (basics.py:106)
[2022-08-29 17:36:17] [    INFO] 点击元素：('xpath', "//div[@role='button']") (basics.py:206)
[2022-08-29 17:36:17] [    INFO] 查找元素：('id', 'tab-account') (basics.py:106)
[2022-08-29 17:36:17] [    INFO] 点击元素：('id', 'tab-account') (basics.py:206)
[2022-08-29 17:36:18] [    INFO] 查找元素：('xpath', "//*[@id='pane-account']/form/div[1]/div/div[1]/input") (basics.py:106)
[2022-08-29 17:36:18] [    INFO] 输入文本：18645960 (basics.py:137)
[2022-08-29 17:36:20] [    INFO] 查找元素：('xpath', "//*[@id='pane-account']/form/div[2]/div/div[1]/input") (basics.py:106)
[2022-08-29 17:36:20] [    INFO] 输入文本：xLily6x (basics.py:137)
[2022-08-29 17:36:21] [    INFO] 查找元素：('xpath', "//span[text()='我已阅读并接受']/../label/span/span") (basics.py:106)
[2022-08-29 17:36:21] [    INFO] 获取状态：False (basics.py:330)
[2022-08-29 17:36:21] [    INFO] 查找元素：('xpath', "//span[text()='我已阅读并接受']/../label/span/span") (basics.py:106)
[2022-08-29 17:36:21] [    INFO] 点击元素：('xpath', "//span[text()='我已阅读并接受']/../label/span/span") (basics.py:206)
[2022-08-29 17:36:21] [    INFO] 查找元素：('xpath', "//*[@id='pane-account']/form/button") (basics.py:106)
[2022-08-29 17:36:21] [    INFO] 点击元素：('xpath', "//*[@id='pane-account']/form/button") (basics.py:206)
[2022-08-29 17:36:28] [   ERROR] 正在截图... (basics.py:449)
[2022-08-29 17:36:28] [   ERROR] 日志正在附加截图... (basics.py:456)
[2022-08-29 17:36:28] [   ERROR] 日志附加截图成功 (basics.py:460)
[2022-08-29 17:36:28] [    INFO] 断言成功：页面存在该标识首页 | 关键字:首页 (assert_ui.py:167)
[2022-08-29 17:36:28] [    INFO] 前置条件：传音统一登录成功 (conftest.py:25)
[2022-08-29 17:36:30] [    INFO] 查找元素：['xpath', "//span[@class='meta-title' and contains(text(),'BOM协作')]"] (basics.py:106)
[2022-08-29 17:36:30] [    INFO] 选择点击：['xpath', "//span[@class='meta-title' and contains(text(),'BOM协作')]"] (basics.py:203)
[2022-08-29 17:36:30] [    INFO] 点击一级菜单：BOM协作 (BOM.py:18)
[2022-08-29 17:36:32] [    INFO] 查找元素：['xpath', "//div[@class='menu-wrapper nest-menu']//span[contains(text(),'整机BOM协作')]"] (basics.py:106)
[2022-08-29 17:36:32] [    INFO] 选择点击：['xpath', "//div[@class='menu-wrapper nest-menu']//span[contains(text(),'整机BOM协作')]"] (basics.py:203)
[2022-08-29 17:36:32] [    INFO] 点击二级菜单：整机BOM协作 (BOM.py:20)
[2022-08-29 17:36:34] [    INFO] 刷新页面 (basics.py:337)
[2022-08-29 17:36:34] [    INFO] 查找元素：('xpath', "//button//span[contains(text(),'新增')]") (basics.py:106)
[2022-08-29 17:36:34] [    INFO] 点击元素：('xpath', "//button//span[contains(text(),'新增')]") (basics.py:206)
[2022-08-29 17:36:37] [    INFO] 查找元素：('xpath', "//label[contains(text(),'制作类型')]/..//input") (basics.py:106)
[2022-08-29 17:36:37] [    INFO] 点击元素：('xpath', "//label[contains(text(),'制作类型')]/..//input") (basics.py:206)
[2022-08-29 17:36:37] [    INFO] 查找元素：('xpath', "//li/span[contains(text(), '生产BOM')]") (basics.py:106)
[2022-08-29 17:36:38] [    INFO] 点击元素：('xpath', "//li/span[contains(text(), '生产BOM')]") (basics.py:206)
[2022-08-29 17:36:39] [    INFO] 查找元素：('xpath', "//label[contains(text(),'品牌')]/..//input") (basics.py:106)
[2022-08-29 17:36:39] [    INFO] 点击元素：('xpath', "//label[contains(text(),'品牌')]/..//input") (basics.py:206)
[2022-08-29 17:36:40] [    INFO] 查找元素：('xpath', "//li/span[normalize-space(text())='itel']") (basics.py:106)
[2022-08-29 17:36:40] [    INFO] 点击元素：('xpath', "//li/span[normalize-space(text())='itel']") (basics.py:206)
[2022-08-29 17:36:41] [    INFO] 查找元素：('xpath', "//label[contains(text(),'机型')]/..//input") (basics.py:106)
[2022-08-29 17:36:41] [    INFO] 点击元素：('xpath', "//label[contains(text(),'机型')]/..//input") (basics.py:206)
[2022-08-29 17:36:42] [    INFO] 查找元素：('xpath', "//label[contains(text(),'机型')]/..//input") (basics.py:106)
[2022-08-29 17:36:42] [    INFO] 输入文本：C3250 (basics.py:137)
[2022-08-29 17:36:42] [    INFO] 查找元素：('xpath', "//li[normalize-space(text())='(C3250)C3250']") (basics.py:106)
[2022-08-29 17:36:43] [    INFO] 点击元素：('xpath', "//li[normalize-space(text())='(C3250)C3250']") (basics.py:206)
[2022-08-29 17:36:45] [    INFO] 查找元素：('xpath', "//label[contains(text(),'阶段')]/..//input") (basics.py:106)
[2022-08-29 17:36:45] [    INFO] 点击元素：('xpath', "//label[contains(text(),'阶段')]/..//input") (basics.py:206)
[2022-08-29 17:36:45] [    INFO] 查找元素：('xpath', "//li/span[normalize-space(text())='量产阶段']") (basics.py:106)
[2022-08-29 17:36:45] [    INFO] 点击元素：('xpath', "//li/span[normalize-space(text())='量产阶段']") (basics.py:206)
[2022-08-29 17:36:47] [    INFO] 查找元素：('xpath', "//label[contains(text(),'市场')]/..//input") (basics.py:106)
[2022-08-29 17:36:47] [    INFO] 点击元素：('xpath', "//label[contains(text(),'市场')]/..//input") (basics.py:206)
[2022-08-29 17:36:48] [    INFO] 查找元素：('xpath', "//li/span[normalize-space(text())='孟加拉']") (basics.py:106)
[2022-08-29 17:36:48] [    INFO] 点击元素：('xpath', "//li/span[normalize-space(text())='孟加拉']") (basics.py:206)
[2022-08-29 17:36:49] [    INFO] 查找元素：('xpath', "//button//span[contains(text(),'新增Bom')]") (basics.py:106)
[2022-08-29 17:36:49] [    INFO] 点击元素：('xpath', "//button//span[contains(text(),'新增Bom')]") (basics.py:206)
[2022-08-29 17:36:50] [    INFO] 查找元素：('xpath', "//span[@title='产成品']/../../../..//span[contains(text(),'编辑')]") (basics.py:106)
[2022-08-29 17:36:50] [    INFO] 点击元素：('xpath', "//span[@title='产成品']/../../../..//span[contains(text(),'编辑')]") (basics.py:206)
[2022-08-29 17:36:51] [    INFO] 查找元素：('xpath', "//span[@title='产成品']/../../../../td[2]//input") (basics.py:106)
[2022-08-29 17:36:52] [    INFO] 点击元素：('xpath', "//span[@title='产成品']/../../../../td[2]//input") (basics.py:206)
[2022-08-29 17:36:52] [    INFO] 查找元素：('xpath', "//li//span[contains(text(),'国内生产BOM')]") (basics.py:106)
[2022-08-29 17:36:52] [    INFO] 点击元素：('xpath', "//li//span[contains(text(),'国内生产BOM')]") (basics.py:206)
[2022-08-29 17:36:54] [    INFO] 查找元素：('xpath', "//span[@title='产成品']/../../../../td[3]//input") (basics.py:106)
[2022-08-29 17:36:54] [    INFO] 点击元素：('xpath', "//span[@title='产成品']/../../../../td[3]//input") (basics.py:206)
[2022-08-29 17:36:54] [    INFO] 查找元素：('xpath', "//li//span[contains(text(),'转量产')]") (basics.py:106)
[2022-08-29 17:36:54] [    INFO] 点击元素：('xpath', "//li//span[contains(text(),'转量产')]") (basics.py:206)
[2022-08-29 17:36:56] [    INFO] 查找元素：('xpath', "//span[@title='产成品']/../../../../td[6]//input") (basics.py:106)
[2022-08-29 17:36:56] [    INFO] 点击元素：('xpath', "//span[@title='产成品']/../../../../td[6]//input") (basics.py:206)
[2022-08-29 17:36:57] [    INFO] 查找元素：('xpath', "//span[@title='产成品']/../../../../td[6]//input") (basics.py:106)
[2022-08-29 17:36:57] [    INFO] 输入文本：12000001 (basics.py:137)
[2022-08-29 17:36:57] [    INFO] 查找元素：('xpath', "//li[contains(text(),'12000001')]") (basics.py:106)
[2022-08-29 17:36:58] [    INFO] 点击元素：('xpath', "//li[contains(text(),'12000001')]") (basics.py:206)
[2022-08-29 17:36:59] [    INFO] 查找元素：('xpath', "//span[@title='产成品']/../../../../td[9]//input") (basics.py:106)
[2022-08-29 17:36:59] [    INFO] 点击元素：('xpath', "//span[@title='产成品']/../../../../td[9]//input") (basics.py:206)
[2022-08-29 17:37:00] [    INFO] 查找元素：('xpath', "//span[@title='产成品']/../../../../td[9]//input") (basics.py:106)
[2022-08-29 17:37:00] [    INFO] 输入文本：1200 (basics.py:137)
[2022-08-29 17:37:00] [    INFO] 查找元素：('xpath', "//span[@title='产成品']/../../../..//span[contains(text(),'确定')]") (basics.py:106)
[2022-08-29 17:37:01] [    INFO] 点击元素：('xpath', "//span[@title='产成品']/../../../..//span[contains(text(),'确定')]") (basics.py:206)
[2022-08-29 17:37:36] [    INFO] 【TBM】项目【test】环境- UI自动化开始执行 (conftest.py:17)
[2022-08-29 17:37:36] [    INFO] 前置条件：传音统一登录开始 (conftest.py:21)
[2022-08-29 17:37:39] [    INFO] 打开网页：http://bom-sit.transsion.com/#/process/home-page (basics.py:63)
[2022-08-29 17:37:39] [    INFO] 查找元素：('xpath', "//div[@role='button']") (basics.py:106)
[2022-08-29 17:37:39] [    INFO] 点击元素：('xpath', "//div[@role='button']") (basics.py:206)
[2022-08-29 17:37:43] [    INFO] 查找元素：['xpath', "//*[contains(@id,'dropdown-menu-')]//li[1]"] (basics.py:106)
[2022-08-29 17:37:44] [    INFO] 查找元素：('xpath', "//div[@role='button']") (basics.py:106)
[2022-08-29 17:37:44] [    INFO] 点击元素：('xpath', "//div[@role='button']") (basics.py:206)
[2022-08-29 17:37:45] [    INFO] 查找元素：('id', 'tab-account') (basics.py:106)
[2022-08-29 17:37:45] [    INFO] 点击元素：('id', 'tab-account') (basics.py:206)
[2022-08-29 17:37:46] [    INFO] 查找元素：('xpath', "//*[@id='pane-account']/form/div[1]/div/div[1]/input") (basics.py:106)
[2022-08-29 17:37:46] [    INFO] 输入文本：18645960 (basics.py:137)
[2022-08-29 17:37:48] [    INFO] 查找元素：('xpath', "//*[@id='pane-account']/form/div[2]/div/div[1]/input") (basics.py:106)
[2022-08-29 17:37:48] [    INFO] 输入文本：xLily6x (basics.py:137)
[2022-08-29 17:37:49] [    INFO] 查找元素：('xpath', "//span[text()='我已阅读并接受']/../label/span/span") (basics.py:106)
[2022-08-29 17:37:49] [    INFO] 获取状态：False (basics.py:330)
[2022-08-29 17:37:49] [    INFO] 查找元素：('xpath', "//span[text()='我已阅读并接受']/../label/span/span") (basics.py:106)
[2022-08-29 17:37:49] [    INFO] 点击元素：('xpath', "//span[text()='我已阅读并接受']/../label/span/span") (basics.py:206)
[2022-08-29 17:37:49] [    INFO] 查找元素：('xpath', "//*[@id='pane-account']/form/button") (basics.py:106)
[2022-08-29 17:37:49] [    INFO] 点击元素：('xpath', "//*[@id='pane-account']/form/button") (basics.py:206)
[2022-08-29 17:37:56] [   ERROR] 正在截图... (basics.py:449)
[2022-08-29 17:37:56] [   ERROR] 日志正在附加截图... (basics.py:456)
[2022-08-29 17:37:56] [   ERROR] 日志附加截图成功 (basics.py:460)
[2022-08-29 17:37:56] [    INFO] 断言成功：页面存在该标识首页 | 关键字:首页 (assert_ui.py:167)
[2022-08-29 17:37:56] [    INFO] 前置条件：传音统一登录成功 (conftest.py:25)
[2022-08-29 17:37:58] [    INFO] 查找元素：['xpath', "//span[@class='meta-title' and contains(text(),'BOM协作')]"] (basics.py:106)
[2022-08-29 17:37:58] [    INFO] 选择点击：['xpath', "//span[@class='meta-title' and contains(text(),'BOM协作')]"] (basics.py:203)
[2022-08-29 17:37:58] [    INFO] 点击一级菜单：BOM协作 (BOM.py:18)
[2022-08-29 17:38:00] [    INFO] 查找元素：['xpath', "//div[@class='menu-wrapper nest-menu']//span[contains(text(),'整机BOM协作')]"] (basics.py:106)
[2022-08-29 17:38:00] [    INFO] 选择点击：['xpath', "//div[@class='menu-wrapper nest-menu']//span[contains(text(),'整机BOM协作')]"] (basics.py:203)
[2022-08-29 17:38:00] [    INFO] 点击二级菜单：整机BOM协作 (BOM.py:20)
[2022-08-29 17:38:02] [    INFO] 刷新页面 (basics.py:337)
[2022-08-29 17:38:02] [    INFO] 查找元素：('xpath', "//button//span[contains(text(),'新增')]") (basics.py:106)
[2022-08-29 17:38:02] [    INFO] 点击元素：('xpath', "//button//span[contains(text(),'新增')]") (basics.py:206)
[2022-08-29 17:38:04] [    INFO] 查找元素：('xpath', "//label[contains(text(),'制作类型')]/..//input") (basics.py:106)
[2022-08-29 17:38:04] [    INFO] 点击元素：('xpath', "//label[contains(text(),'制作类型')]/..//input") (basics.py:206)
[2022-08-29 17:38:05] [    INFO] 查找元素：('xpath', "//li/span[contains(text(), '生产BOM')]") (basics.py:106)
[2022-08-29 17:38:05] [    INFO] 点击元素：('xpath', "//li/span[contains(text(), '生产BOM')]") (basics.py:206)
[2022-08-29 17:38:07] [    INFO] 查找元素：('xpath', "//label[contains(text(),'品牌')]/..//input") (basics.py:106)
[2022-08-29 17:38:07] [    INFO] 点击元素：('xpath', "//label[contains(text(),'品牌')]/..//input") (basics.py:206)
[2022-08-29 17:38:07] [    INFO] 查找元素：('xpath', "//li/span[normalize-space(text())='itel']") (basics.py:106)
[2022-08-29 17:38:07] [    INFO] 点击元素：('xpath', "//li/span[normalize-space(text())='itel']") (basics.py:206)
[2022-08-29 17:38:09] [    INFO] 查找元素：('xpath', "//label[contains(text(),'机型')]/..//input") (basics.py:106)
[2022-08-29 17:38:09] [    INFO] 点击元素：('xpath', "//label[contains(text(),'机型')]/..//input") (basics.py:206)
[2022-08-29 17:38:10] [    INFO] 查找元素：('xpath', "//label[contains(text(),'机型')]/..//input") (basics.py:106)
[2022-08-29 17:38:10] [    INFO] 输入文本：C3250 (basics.py:137)
[2022-08-29 17:38:10] [    INFO] 查找元素：('xpath', "//li[normalize-space(text())='(C3250)C3250']") (basics.py:106)
[2022-08-29 17:38:11] [    INFO] 点击元素：('xpath', "//li[normalize-space(text())='(C3250)C3250']") (basics.py:206)
[2022-08-29 17:38:12] [    INFO] 查找元素：('xpath', "//label[contains(text(),'阶段')]/..//input") (basics.py:106)
[2022-08-29 17:38:12] [    INFO] 点击元素：('xpath', "//label[contains(text(),'阶段')]/..//input") (basics.py:206)
[2022-08-29 17:38:13] [    INFO] 查找元素：('xpath', "//li/span[normalize-space(text())='量产阶段']") (basics.py:106)
[2022-08-29 17:38:13] [    INFO] 点击元素：('xpath', "//li/span[normalize-space(text())='量产阶段']") (basics.py:206)
[2022-08-29 17:38:14] [    INFO] 查找元素：('xpath', "//label[contains(text(),'市场')]/..//input") (basics.py:106)
[2022-08-29 17:38:14] [    INFO] 点击元素：('xpath', "//label[contains(text(),'市场')]/..//input") (basics.py:206)
[2022-08-29 17:38:15] [    INFO] 查找元素：('xpath', "//li/span[normalize-space(text())='孟加拉']") (basics.py:106)
[2022-08-29 17:38:15] [    INFO] 点击元素：('xpath', "//li/span[normalize-space(text())='孟加拉']") (basics.py:206)
[2022-08-29 17:38:17] [    INFO] 查找元素：('xpath', "//button//span[contains(text(),'新增Bom')]") (basics.py:106)
[2022-08-29 17:38:17] [    INFO] 点击元素：('xpath', "//button//span[contains(text(),'新增Bom')]") (basics.py:206)
[2022-08-29 17:38:17] [    INFO] 查找元素：('xpath', "//span[@title='产成品']/../../../..//span[contains(text(),'编辑')]") (basics.py:106)
[2022-08-29 17:38:17] [    INFO] 点击元素：('xpath', "//span[@title='产成品']/../../../..//span[contains(text(),'编辑')]") (basics.py:206)
[2022-08-29 17:38:19] [    INFO] 查找元素：('xpath', "//span[@title='产成品']/../../../../td[2]//input") (basics.py:106)
[2022-08-29 17:38:19] [    INFO] 点击元素：('xpath', "//span[@title='产成品']/../../../../td[2]//input") (basics.py:206)
[2022-08-29 17:38:19] [    INFO] 查找元素：('xpath', "//li//span[contains(text(),'国内生产BOM')]") (basics.py:106)
[2022-08-29 17:38:20] [    INFO] 点击元素：('xpath', "//li//span[contains(text(),'国内生产BOM')]") (basics.py:206)
[2022-08-29 17:38:21] [    INFO] 查找元素：('xpath', "//span[@title='产成品']/../../../../td[3]//input") (basics.py:106)
[2022-08-29 17:38:21] [    INFO] 点击元素：('xpath', "//span[@title='产成品']/../../../../td[3]//input") (basics.py:206)
[2022-08-29 17:38:22] [    INFO] 查找元素：('xpath', "//li//span[contains(text(),'转量产')]") (basics.py:106)
[2022-08-29 17:38:22] [    INFO] 点击元素：('xpath', "//li//span[contains(text(),'转量产')]") (basics.py:206)
[2022-08-29 17:38:23] [    INFO] 查找元素：('xpath', "//span[@title='产成品']/../../../../td[6]//input") (basics.py:106)
[2022-08-29 17:38:23] [    INFO] 点击元素：('xpath', "//span[@title='产成品']/../../../../td[6]//input") (basics.py:206)
[2022-08-29 17:38:24] [    INFO] 查找元素：('xpath', "//span[@title='产成品']/../../../../td[6]//input") (basics.py:106)
[2022-08-29 17:38:24] [    INFO] 输入文本：12000001 (basics.py:137)
[2022-08-29 17:38:24] [    INFO] 查找元素：('xpath', "//li[contains(text(),'12000001')]") (basics.py:106)
[2022-08-29 17:38:25] [    INFO] 点击元素：('xpath', "//li[contains(text(),'12000001')]") (basics.py:206)
[2022-08-29 17:38:27] [    INFO] 查找元素：('xpath', "//span[@title='产成品']/../../../../td[9]//input") (basics.py:106)
[2022-08-29 17:38:27] [    INFO] 点击元素：('xpath', "//span[@title='产成品']/../../../../td[9]//input") (basics.py:206)
[2022-08-29 17:38:28] [    INFO] 查找元素：('xpath', "//span[@title='产成品']/../../../../td[9]//input") (basics.py:106)
[2022-08-29 17:38:28] [    INFO] 输入文本：1200 (basics.py:137)
[2022-08-29 17:38:28] [    INFO] 查找元素：('xpath', "//span[@title='产成品']/../../../..//span[contains(text(),'确定')]") (basics.py:106)
[2022-08-29 17:38:28] [    INFO] 点击元素：('xpath', "//span[@title='产成品']/../../../..//span[contains(text(),'确定')]") (basics.py:206)
[2022-08-29 17:38:29] [    INFO] 查找元素：('xpath', "//label[contains(text(),'MPM')]/..//input") (basics.py:106)
[2022-08-29 17:38:30] [    INFO] 点击元素：('xpath', "//label[contains(text(),'MPM')]/..//input") (basics.py:206)
[2022-08-29 17:38:31] [    INFO] 查找元素：('xpath', "//label[contains(text(),'MPM')]/..//input") (basics.py:106)
[2022-08-29 17:38:31] [    INFO] 输入文本：18645960 (basics.py:137)
[2022-08-29 17:38:31] [    INFO] 查找元素：('xpath', "//div[@class='user-list']/div[3]//div[normalize-space(text())='18645960']") (basics.py:106)
[2022-08-29 17:39:38] [    INFO] 【TBM】项目【test】环境- UI自动化开始执行 (conftest.py:17)
[2022-08-29 17:39:38] [    INFO] 前置条件：传音统一登录开始 (conftest.py:21)
[2022-08-29 17:39:41] [    INFO] 打开网页：http://bom-sit.transsion.com/#/process/home-page (basics.py:63)
[2022-08-29 17:39:41] [    INFO] 查找元素：('xpath', "//div[@role='button']") (basics.py:106)
[2022-08-29 17:39:41] [    INFO] 点击元素：('xpath', "//div[@role='button']") (basics.py:206)
[2022-08-29 17:39:46] [    INFO] 查找元素：['xpath', "//*[contains(@id,'dropdown-menu-')]//li[1]"] (basics.py:106)
[2022-08-29 17:39:47] [    INFO] 查找元素：('xpath', "//div[@role='button']") (basics.py:106)
[2022-08-29 17:39:47] [    INFO] 点击元素：('xpath', "//div[@role='button']") (basics.py:206)
[2022-08-29 17:39:47] [    INFO] 查找元素：('id', 'tab-account') (basics.py:106)
[2022-08-29 17:39:47] [    INFO] 点击元素：('id', 'tab-account') (basics.py:206)
[2022-08-29 17:39:48] [    INFO] 查找元素：('xpath', "//*[@id='pane-account']/form/div[1]/div/div[1]/input") (basics.py:106)
[2022-08-29 17:39:48] [    INFO] 输入文本：18645960 (basics.py:137)
[2022-08-29 17:39:50] [    INFO] 查找元素：('xpath', "//*[@id='pane-account']/form/div[2]/div/div[1]/input") (basics.py:106)
[2022-08-29 17:39:50] [    INFO] 输入文本：xLily6x (basics.py:137)
[2022-08-29 17:39:51] [    INFO] 查找元素：('xpath', "//span[text()='我已阅读并接受']/../label/span/span") (basics.py:106)
[2022-08-29 17:39:51] [    INFO] 获取状态：False (basics.py:330)
[2022-08-29 17:39:51] [    INFO] 查找元素：('xpath', "//span[text()='我已阅读并接受']/../label/span/span") (basics.py:106)
[2022-08-29 17:39:51] [    INFO] 点击元素：('xpath', "//span[text()='我已阅读并接受']/../label/span/span") (basics.py:206)
[2022-08-29 17:39:52] [    INFO] 查找元素：('xpath', "//*[@id='pane-account']/form/button") (basics.py:106)
[2022-08-29 17:39:52] [    INFO] 点击元素：('xpath', "//*[@id='pane-account']/form/button") (basics.py:206)
[2022-08-29 17:39:58] [   ERROR] 正在截图... (basics.py:449)
[2022-08-29 17:39:58] [   ERROR] 日志正在附加截图... (basics.py:456)
[2022-08-29 17:39:58] [   ERROR] 日志附加截图成功 (basics.py:460)
[2022-08-29 17:39:59] [    INFO] 断言成功：页面存在该标识首页 | 关键字:首页 (assert_ui.py:167)
[2022-08-29 17:39:59] [    INFO] 前置条件：传音统一登录成功 (conftest.py:25)
[2022-08-29 17:40:01] [    INFO] 查找元素：['xpath', "//span[@class='meta-title' and contains(text(),'BOM协作')]"] (basics.py:106)
[2022-08-29 17:40:01] [    INFO] 选择点击：['xpath', "//span[@class='meta-title' and contains(text(),'BOM协作')]"] (basics.py:203)
[2022-08-29 17:40:01] [    INFO] 点击一级菜单：BOM协作 (BOM.py:18)
[2022-08-29 17:40:03] [    INFO] 查找元素：['xpath', "//div[@class='menu-wrapper nest-menu']//span[contains(text(),'整机BOM协作')]"] (basics.py:106)
[2022-08-29 17:40:55] [    INFO] 【TBM】项目【test】环境- UI自动化开始执行 (conftest.py:17)
[2022-08-29 17:40:55] [    INFO] 前置条件：传音统一登录开始 (conftest.py:21)
[2022-08-29 17:40:58] [    INFO] 打开网页：http://bom-sit.transsion.com/#/process/home-page (basics.py:63)
[2022-08-29 17:40:58] [    INFO] 查找元素：('xpath', "//div[@role='button']") (basics.py:106)
[2022-08-29 17:40:58] [    INFO] 点击元素：('xpath', "//div[@role='button']") (basics.py:206)
[2022-08-29 17:41:02] [    INFO] 查找元素：['xpath', "//*[contains(@id,'dropdown-menu-')]//li[1]"] (basics.py:106)
[2022-08-29 17:41:03] [    INFO] 查找元素：('xpath', "//div[@role='button']") (basics.py:106)
[2022-08-29 17:41:03] [    INFO] 点击元素：('xpath', "//div[@role='button']") (basics.py:206)
[2022-08-29 17:41:04] [    INFO] 查找元素：('id', 'tab-account') (basics.py:106)
[2022-08-29 17:41:04] [    INFO] 点击元素：('id', 'tab-account') (basics.py:206)
[2022-08-29 17:41:05] [    INFO] 查找元素：('xpath', "//*[@id='pane-account']/form/div[1]/div/div[1]/input") (basics.py:106)
[2022-08-29 17:41:05] [    INFO] 输入文本：18645960 (basics.py:137)
[2022-08-29 17:41:07] [    INFO] 查找元素：('xpath', "//*[@id='pane-account']/form/div[2]/div/div[1]/input") (basics.py:106)
[2022-08-29 17:41:07] [    INFO] 输入文本：xLily6x (basics.py:137)
[2022-08-29 17:41:08] [    INFO] 查找元素：('xpath', "//span[text()='我已阅读并接受']/../label/span/span") (basics.py:106)
[2022-08-29 17:41:08] [    INFO] 获取状态：False (basics.py:330)
[2022-08-29 17:41:08] [    INFO] 查找元素：('xpath', "//span[text()='我已阅读并接受']/../label/span/span") (basics.py:106)
[2022-08-29 17:41:08] [    INFO] 点击元素：('xpath', "//span[text()='我已阅读并接受']/../label/span/span") (basics.py:206)
[2022-08-29 17:41:08] [    INFO] 查找元素：('xpath', "//*[@id='pane-account']/form/button") (basics.py:106)
[2022-08-29 17:41:08] [    INFO] 点击元素：('xpath', "//*[@id='pane-account']/form/button") (basics.py:206)
[2022-08-29 17:41:15] [   ERROR] 正在截图... (basics.py:449)
[2022-08-29 17:41:15] [   ERROR] 日志正在附加截图... (basics.py:456)
[2022-08-29 17:41:15] [   ERROR] 日志附加截图成功 (basics.py:460)
[2022-08-29 17:41:15] [    INFO] 断言成功：页面存在该标识首页 | 关键字:首页 (assert_ui.py:167)
[2022-08-29 17:41:15] [    INFO] 前置条件：传音统一登录成功 (conftest.py:25)
[2022-08-29 17:41:17] [    INFO] 查找元素：['xpath', "//span[@class='meta-title' and contains(text(),'BOM协作')]"] (basics.py:106)
[2022-08-29 17:41:17] [    INFO] 选择点击：['xpath', "//span[@class='meta-title' and contains(text(),'BOM协作')]"] (basics.py:203)
[2022-08-29 17:41:17] [    INFO] 点击一级菜单：BOM协作 (BOM.py:18)
[2022-08-29 17:41:19] [    INFO] 查找元素：['xpath', "//div[@class='menu-wrapper nest-menu']//span[contains(text(),'整机BOM协作')]"] (basics.py:106)
[2022-08-29 17:43:14] [    INFO] 【TBM】项目【test】环境- UI自动化开始执行 (conftest.py:17)
[2022-08-29 17:43:14] [    INFO] 前置条件：传音统一登录开始 (conftest.py:21)
[2022-08-29 17:43:18] [    INFO] 打开网页：http://bom-sit.transsion.com/#/process/home-page (basics.py:63)
[2022-08-29 17:43:18] [    INFO] 查找元素：('xpath', "//div[@role='button']") (basics.py:106)
[2022-08-29 17:43:18] [    INFO] 点击元素：('xpath', "//div[@role='button']") (basics.py:206)
[2022-08-29 17:43:22] [    INFO] 查找元素：['xpath', "//*[contains(@id,'dropdown-menu-')]//li[1]"] (basics.py:106)
[2022-08-29 17:43:24] [    INFO] 查找元素：('xpath', "//div[@role='button']") (basics.py:106)
[2022-08-29 17:43:24] [    INFO] 点击元素：('xpath', "//div[@role='button']") (basics.py:206)
[2022-08-29 17:43:24] [    INFO] 查找元素：('id', 'tab-account') (basics.py:106)
[2022-08-29 17:43:24] [    INFO] 点击元素：('id', 'tab-account') (basics.py:206)
[2022-08-29 17:43:25] [    INFO] 查找元素：('xpath', "//*[@id='pane-account']/form/div[1]/div/div[1]/input") (basics.py:106)
[2022-08-29 17:43:25] [    INFO] 输入文本：18645960 (basics.py:137)
[2022-08-29 17:43:27] [    INFO] 查找元素：('xpath', "//*[@id='pane-account']/form/div[2]/div/div[1]/input") (basics.py:106)
[2022-08-29 17:43:27] [    INFO] 输入文本：xLily6x (basics.py:137)
[2022-08-29 17:43:28] [    INFO] 查找元素：('xpath', "//span[text()='我已阅读并接受']/../label/span/span") (basics.py:106)
[2022-08-29 17:43:28] [    INFO] 获取状态：False (basics.py:330)
[2022-08-29 17:43:28] [    INFO] 查找元素：('xpath', "//span[text()='我已阅读并接受']/../label/span/span") (basics.py:106)
[2022-08-29 17:43:28] [    INFO] 点击元素：('xpath', "//span[text()='我已阅读并接受']/../label/span/span") (basics.py:206)
[2022-08-29 17:43:28] [    INFO] 查找元素：('xpath', "//*[@id='pane-account']/form/button") (basics.py:106)
[2022-08-29 17:43:29] [    INFO] 点击元素：('xpath', "//*[@id='pane-account']/form/button") (basics.py:206)
[2022-08-29 17:43:35] [   ERROR] 正在截图... (basics.py:449)
[2022-08-29 17:43:35] [   ERROR] 日志正在附加截图... (basics.py:456)
[2022-08-29 17:43:35] [   ERROR] 日志附加截图成功 (basics.py:460)
[2022-08-29 17:43:35] [    INFO] 断言成功：页面存在该标识首页 | 关键字:首页 (assert_ui.py:167)
[2022-08-29 17:43:35] [    INFO] 前置条件：传音统一登录成功 (conftest.py:25)
[2022-08-29 17:43:37] [    INFO] 查找元素：['xpath', "//span[@class='meta-title' and contains(text(),'BOM协作')]"] (basics.py:106)
[2022-08-29 17:43:37] [    INFO] 选择点击：['xpath', "//span[@class='meta-title' and contains(text(),'BOM协作')]"] (basics.py:203)
[2022-08-29 17:43:37] [    INFO] 点击一级菜单：BOM协作 (BOM.py:18)
[2022-08-29 17:43:39] [    INFO] 查找元素：['xpath', "//div[@class='menu-wrapper nest-menu']//span[contains(text(),'整机BOM协作')]"] (basics.py:106)
[2022-08-29 17:43:40] [    INFO] 选择点击：['xpath', "//div[@class='menu-wrapper nest-menu']//span[contains(text(),'整机BOM协作')]"] (basics.py:203)
[2022-08-29 17:43:40] [    INFO] 点击二级菜单：整机BOM协作 (BOM.py:20)
[2022-08-29 17:43:41] [    INFO] 刷新页面 (basics.py:337)
[2022-08-29 17:43:41] [    INFO] 查找元素：('xpath', "//button//span[contains(text(),'新增')]") (basics.py:106)
[2022-08-29 17:43:42] [    INFO] 点击元素：('xpath', "//button//span[contains(text(),'新增')]") (basics.py:206)
[2022-08-29 17:43:44] [    INFO] 查找元素：('xpath', "//label[contains(text(),'制作类型')]/..//input") (basics.py:106)
[2022-08-29 17:43:44] [    INFO] 点击元素：('xpath', "//label[contains(text(),'制作类型')]/..//input") (basics.py:206)
[2022-08-29 17:43:45] [    INFO] 查找元素：('xpath', "//li/span[contains(text(), '生产BOM')]") (basics.py:106)
[2022-08-29 17:43:45] [    INFO] 点击元素：('xpath', "//li/span[contains(text(), '生产BOM')]") (basics.py:206)
[2022-08-29 17:43:46] [    INFO] 查找元素：('xpath', "//label[contains(text(),'品牌')]/..//input") (basics.py:106)
[2022-08-29 17:43:47] [    INFO] 点击元素：('xpath', "//label[contains(text(),'品牌')]/..//input") (basics.py:206)
[2022-08-29 17:43:47] [    INFO] 查找元素：('xpath', "//li/span[normalize-space(text())='itel']") (basics.py:106)
[2022-08-29 17:43:47] [    INFO] 点击元素：('xpath', "//li/span[normalize-space(text())='itel']") (basics.py:206)
[2022-08-29 17:43:49] [    INFO] 查找元素：('xpath', "//label[contains(text(),'机型')]/..//input") (basics.py:106)
[2022-08-29 17:43:49] [    INFO] 点击元素：('xpath', "//label[contains(text(),'机型')]/..//input") (basics.py:206)
[2022-08-29 17:43:50] [    INFO] 查找元素：('xpath', "//label[contains(text(),'机型')]/..//input") (basics.py:106)
[2022-08-29 17:43:50] [    INFO] 输入文本：C3250 (basics.py:137)
[2022-08-29 17:43:50] [    INFO] 查找元素：('xpath', "//li[normalize-space(text())='(C3250)C3250']") (basics.py:106)
[2022-08-29 17:43:51] [    INFO] 点击元素：('xpath', "//li[normalize-space(text())='(C3250)C3250']") (basics.py:206)
[2022-08-29 17:43:52] [    INFO] 查找元素：('xpath', "//label[contains(text(),'阶段')]/..//input") (basics.py:106)
[2022-08-29 17:43:52] [    INFO] 点击元素：('xpath', "//label[contains(text(),'阶段')]/..//input") (basics.py:206)
[2022-08-29 17:43:53] [    INFO] 查找元素：('xpath', "//li/span[normalize-space(text())='量产阶段']") (basics.py:106)
[2022-08-29 17:43:53] [    INFO] 点击元素：('xpath', "//li/span[normalize-space(text())='量产阶段']") (basics.py:206)
[2022-08-29 17:43:54] [    INFO] 查找元素：('xpath', "//label[contains(text(),'市场')]/..//input") (basics.py:106)
[2022-08-29 17:43:54] [    INFO] 点击元素：('xpath', "//label[contains(text(),'市场')]/..//input") (basics.py:206)
[2022-08-29 17:43:55] [    INFO] 查找元素：('xpath', "//li/span[normalize-space(text())='孟加拉']") (basics.py:106)
[2022-08-29 17:43:55] [    INFO] 点击元素：('xpath', "//li/span[normalize-space(text())='孟加拉']") (basics.py:206)
[2022-08-29 17:43:57] [    INFO] 查找元素：('xpath', "//button//span[contains(text(),'新增Bom')]") (basics.py:106)
[2022-08-29 17:43:57] [    INFO] 点击元素：('xpath', "//button//span[contains(text(),'新增Bom')]") (basics.py:206)
[2022-08-29 17:43:57] [    INFO] 查找元素：('xpath', "//span[@title='产成品']/../../../..//span[contains(text(),'编辑')]") (basics.py:106)
[2022-08-29 17:43:57] [    INFO] 点击元素：('xpath', "//span[@title='产成品']/../../../..//span[contains(text(),'编辑')]") (basics.py:206)
[2022-08-29 17:43:59] [    INFO] 查找元素：('xpath', "//span[@title='产成品']/../../../../td[2]//input") (basics.py:106)
[2022-08-29 17:43:59] [    INFO] 点击元素：('xpath', "//span[@title='产成品']/../../../../td[2]//input") (basics.py:206)
[2022-08-29 17:44:00] [    INFO] 查找元素：('xpath', "//li//span[contains(text(),'国内生产BOM')]") (basics.py:106)
[2022-08-29 17:44:57] [    INFO] 【TBM】项目【test】环境- UI自动化开始执行 (conftest.py:17)
[2022-08-29 17:44:57] [    INFO] 前置条件：传音统一登录开始 (conftest.py:21)
[2022-08-29 17:45:01] [    INFO] 打开网页：http://bom-sit.transsion.com/#/process/home-page (basics.py:63)
[2022-08-29 17:45:01] [    INFO] 查找元素：('xpath', "//div[@role='button']") (basics.py:106)
[2022-08-29 17:45:01] [    INFO] 点击元素：('xpath', "//div[@role='button']") (basics.py:206)
[2022-08-29 17:45:05] [    INFO] 查找元素：['xpath', "//*[contains(@id,'dropdown-menu-')]//li[1]"] (basics.py:106)
[2022-08-29 17:45:06] [    INFO] 查找元素：('xpath', "//div[@role='button']") (basics.py:106)
[2022-08-29 17:45:07] [    INFO] 点击元素：('xpath', "//div[@role='button']") (basics.py:206)
[2022-08-29 17:45:07] [    INFO] 查找元素：('id', 'tab-account') (basics.py:106)
[2022-08-29 17:45:07] [    INFO] 点击元素：('id', 'tab-account') (basics.py:206)
[2022-08-29 17:45:08] [    INFO] 查找元素：('xpath', "//*[@id='pane-account']/form/div[1]/div/div[1]/input") (basics.py:106)
[2022-08-29 17:45:08] [    INFO] 输入文本：18645960 (basics.py:137)
[2022-08-29 17:45:10] [    INFO] 查找元素：('xpath', "//*[@id='pane-account']/form/div[2]/div/div[1]/input") (basics.py:106)
[2022-08-29 17:45:10] [    INFO] 输入文本：xLily6x (basics.py:137)
[2022-08-29 17:45:11] [    INFO] 查找元素：('xpath', "//span[text()='我已阅读并接受']/../label/span/span") (basics.py:106)
[2022-08-29 17:45:11] [    INFO] 获取状态：False (basics.py:330)
[2022-08-29 17:45:11] [    INFO] 查找元素：('xpath', "//span[text()='我已阅读并接受']/../label/span/span") (basics.py:106)
[2022-08-29 17:45:11] [    INFO] 点击元素：('xpath', "//span[text()='我已阅读并接受']/../label/span/span") (basics.py:206)
[2022-08-29 17:45:12] [    INFO] 查找元素：('xpath', "//*[@id='pane-account']/form/button") (basics.py:106)
[2022-08-29 17:45:12] [    INFO] 点击元素：('xpath', "//*[@id='pane-account']/form/button") (basics.py:206)
[2022-08-29 17:45:18] [   ERROR] 正在截图... (basics.py:449)
[2022-08-29 17:45:18] [   ERROR] 日志正在附加截图... (basics.py:456)
[2022-08-29 17:45:18] [   ERROR] 日志附加截图成功 (basics.py:460)
[2022-08-29 17:45:18] [    INFO] 断言成功：页面存在该标识首页 | 关键字:首页 (assert_ui.py:167)
[2022-08-29 17:45:18] [    INFO] 前置条件：传音统一登录成功 (conftest.py:25)
[2022-08-29 17:45:20] [    INFO] 查找元素：['xpath', "//span[@class='meta-title' and contains(text(),'BOM协作')]"] (basics.py:106)
[2022-08-29 17:45:20] [    INFO] 选择点击：['xpath', "//span[@class='meta-title' and contains(text(),'BOM协作')]"] (basics.py:203)
[2022-08-29 17:45:20] [    INFO] 点击一级菜单：BOM协作 (BOM.py:18)
[2022-08-29 17:45:23] [    INFO] 查找元素：['xpath', "//div[@class='menu-wrapper nest-menu']//span[contains(text(),'整机BOM协作')]"] (basics.py:106)
[2022-08-29 17:45:23] [    INFO] 选择点击：['xpath', "//div[@class='menu-wrapper nest-menu']//span[contains(text(),'整机BOM协作')]"] (basics.py:203)
[2022-08-29 17:45:23] [    INFO] 点击二级菜单：整机BOM协作 (BOM.py:20)
[2022-08-29 17:45:24] [    INFO] 刷新页面 (basics.py:337)
[2022-08-29 17:45:24] [    INFO] 查找元素：('xpath', "//button//span[contains(text(),'新增')]") (basics.py:106)
[2022-08-29 17:45:25] [    INFO] 点击元素：('xpath', "//button//span[contains(text(),'新增')]") (basics.py:206)
[2022-08-29 17:45:27] [    INFO] 查找元素：('xpath', "//label[contains(text(),'制作类型')]/..//input") (basics.py:106)
[2022-08-29 17:45:27] [    INFO] 点击元素：('xpath', "//label[contains(text(),'制作类型')]/..//input") (basics.py:206)
[2022-08-29 17:45:28] [    INFO] 查找元素：('xpath', "//li/span[contains(text(), '生产BOM')]") (basics.py:106)
[2022-08-29 17:45:28] [    INFO] 点击元素：('xpath', "//li/span[contains(text(), '生产BOM')]") (basics.py:206)
[2022-08-29 17:45:30] [    INFO] 查找元素：('xpath', "//label[contains(text(),'品牌')]/..//input") (basics.py:106)
[2022-08-29 17:45:30] [    INFO] 点击元素：('xpath', "//label[contains(text(),'品牌')]/..//input") (basics.py:206)
[2022-08-29 17:45:30] [    INFO] 查找元素：('xpath', "//li/span[normalize-space(text())='itel']") (basics.py:106)
[2022-08-29 17:45:30] [    INFO] 点击元素：('xpath', "//li/span[normalize-space(text())='itel']") (basics.py:206)
[2022-08-29 17:45:32] [    INFO] 查找元素：('xpath', "//label[contains(text(),'机型')]/..//input") (basics.py:106)
[2022-08-29 17:45:32] [    INFO] 点击元素：('xpath', "//label[contains(text(),'机型')]/..//input") (basics.py:206)
[2022-08-29 17:45:33] [    INFO] 查找元素：('xpath', "//label[contains(text(),'机型')]/..//input") (basics.py:106)
[2022-08-29 17:45:33] [    INFO] 输入文本：C3250 (basics.py:137)
[2022-08-29 17:45:33] [    INFO] 查找元素：('xpath', "//li[normalize-space(text())='(C3250)C3250']") (basics.py:106)
[2022-08-29 17:45:34] [    INFO] 点击元素：('xpath', "//li[normalize-space(text())='(C3250)C3250']") (basics.py:206)
[2022-08-29 17:45:35] [    INFO] 查找元素：('xpath', "//label[contains(text(),'阶段')]/..//input") (basics.py:106)
[2022-08-29 17:45:35] [    INFO] 点击元素：('xpath', "//label[contains(text(),'阶段')]/..//input") (basics.py:206)
[2022-08-29 17:45:36] [    INFO] 查找元素：('xpath', "//li/span[normalize-space(text())='量产阶段']") (basics.py:106)
[2022-08-29 17:45:36] [    INFO] 点击元素：('xpath', "//li/span[normalize-space(text())='量产阶段']") (basics.py:206)
[2022-08-29 17:45:37] [    INFO] 查找元素：('xpath', "//label[contains(text(),'市场')]/..//input") (basics.py:106)
[2022-08-29 17:45:38] [    INFO] 点击元素：('xpath', "//label[contains(text(),'市场')]/..//input") (basics.py:206)
[2022-08-29 17:45:38] [    INFO] 查找元素：('xpath', "//li/span[normalize-space(text())='孟加拉']") (basics.py:106)
[2022-08-29 17:45:38] [    INFO] 点击元素：('xpath', "//li/span[normalize-space(text())='孟加拉']") (basics.py:206)
[2022-08-29 17:45:40] [    INFO] 查找元素：('xpath', "//button//span[contains(text(),'新增Bom')]") (basics.py:106)
[2022-08-29 17:45:40] [    INFO] 点击元素：('xpath', "//button//span[contains(text(),'新增Bom')]") (basics.py:206)
[2022-08-29 17:45:40] [    INFO] 查找元素：('xpath', "//span[@title='产成品']/../../../..//span[contains(text(),'编辑')]") (basics.py:106)
[2022-08-29 17:45:41] [    INFO] 点击元素：('xpath', "//span[@title='产成品']/../../../..//span[contains(text(),'编辑')]") (basics.py:206)
[2022-08-29 17:45:42] [    INFO] 查找元素：('xpath', "//span[@title='产成品']/../../../../td[2]//input") (basics.py:106)
[2022-08-29 17:45:42] [    INFO] 点击元素：('xpath', "//span[@title='产成品']/../../../../td[2]//input") (basics.py:206)
[2022-08-29 17:45:43] [    INFO] 查找元素：('xpath', "//li//span[contains(text(),'国内生产BOM')]") (basics.py:106)
[2022-08-29 17:45:43] [    INFO] 点击元素：('xpath', "//li//span[contains(text(),'国内生产BOM')]") (basics.py:206)
[2022-08-29 17:45:44] [    INFO] 查找元素：('xpath', "//span[@title='产成品']/../../../../td[3]//input") (basics.py:106)
[2022-08-29 17:45:44] [    INFO] 点击元素：('xpath', "//span[@title='产成品']/../../../../td[3]//input") (basics.py:206)
[2022-08-29 17:45:45] [    INFO] 查找元素：('xpath', "//li//span[contains(text(),'转量产')]") (basics.py:106)
[2022-08-29 17:45:45] [    INFO] 点击元素：('xpath', "//li//span[contains(text(),'转量产')]") (basics.py:206)
[2022-08-29 17:45:46] [    INFO] 查找元素：('xpath', "//span[@title='产成品']/../../../../td[6]//input") (basics.py:106)
[2022-08-29 17:45:47] [    INFO] 点击元素：('xpath', "//span[@title='产成品']/../../../../td[6]//input") (basics.py:206)
[2022-08-29 17:45:48] [    INFO] 查找元素：('xpath', "//span[@title='产成品']/../../../../td[6]//input") (basics.py:106)
[2022-08-29 17:45:48] [    INFO] 输入文本：12000001 (basics.py:137)
[2022-08-29 17:45:48] [    INFO] 查找元素：('xpath', "//li[contains(text(),'12000001')]") (basics.py:106)
[2022-08-29 17:45:49] [    INFO] 点击元素：('xpath', "//li[contains(text(),'12000001')]") (basics.py:206)
[2022-08-29 17:45:50] [    INFO] 查找元素：('xpath', "//span[@title='产成品']/../../../../td[9]//input") (basics.py:106)
[2022-08-29 17:45:50] [    INFO] 点击元素：('xpath', "//span[@title='产成品']/../../../../td[9]//input") (basics.py:206)
[2022-08-29 17:45:51] [    INFO] 查找元素：('xpath', "//span[@title='产成品']/../../../../td[9]//input") (basics.py:106)
[2022-08-29 17:45:51] [    INFO] 输入文本：1200 (basics.py:137)
[2022-08-29 17:45:51] [    INFO] 查找元素：('xpath', "//span[@title='产成品']/../../../..//span[contains(text(),'确定')]") (basics.py:106)
[2022-08-29 17:45:51] [    INFO] 点击元素：('xpath', "//span[@title='产成品']/../../../..//span[contains(text(),'确定')]") (basics.py:206)
[2022-08-29 17:45:53] [    INFO] 查找元素：('xpath', "//label[contains(text(),'MPM')]/..//input") (basics.py:106)
[2022-08-29 17:45:53] [    INFO] 点击元素：('xpath', "//label[contains(text(),'MPM')]/..//input") (basics.py:206)
[2022-08-29 17:45:53] [    INFO] 查找元素：('xpath', "//div[@class='user-find']//input") (basics.py:106)
[2022-08-29 17:45:53] [    INFO] 点击元素：('xpath', "//div[@class='user-find']//input") (basics.py:206)
[2022-08-29 17:45:54] [    INFO] 查找元素：('xpath', "//div[@class='user-find']//input") (basics.py:106)
[2022-08-29 17:45:55] [    INFO] 输入文本：李小素 (basics.py:137)
[2022-08-29 17:45:55] [    INFO] 查找元素：('xpath', "//div[@class='user-list']/div[3]//div[normalize-space(text())='18645960']") (basics.py:106)
[2022-08-29 17:45:56] [    INFO] 点击元素：('xpath', "//div[@class='user-list']/div[3]//div[normalize-space(text())='18645960']") (basics.py:206)
[2022-08-29 17:45:56] [    INFO] 查找元素：('xpath', "//div[@class='user-list']/../../../..//button//span[contains(text(),'确 定')]") (basics.py:106)
[2022-08-29 17:45:56] [    INFO] 点击元素：('xpath', "//div[@class='user-list']/../../../..//button//span[contains(text(),'确 定')]") (basics.py:206)
[2022-08-29 17:45:58] [    INFO] 查找元素：('xpath', "//button//span[contains(text(),'提交')]") (basics.py:106)
[2022-08-29 17:45:58] [    INFO] 点击元素：('xpath', "//button//span[contains(text(),'提交')]") (basics.py:206)
