[2022-08-09 18:27:37] [    INFO] 【SRM】项目【test】环境- UI自动化开始执行 (conftest.py:17)
[2022-08-09 18:27:37] [    INFO] 前置条件：传音统一登录开始 (conftest.py:22)
[2022-08-09 18:27:38] [    INFO] 打开网页：http://sitsrm.transsion.com/ELSServer_CY/login/login.html (basics.py:64)
[2022-08-09 18:27:38] [    INFO] 查找元素：('xpath', '//input[@id="elsAccount"]') (basics.py:107)
[2022-08-09 18:27:38] [    INFO] 输入文本：860000 (basics.py:138)
[2022-08-09 18:27:39] [    INFO] 查找元素：('xpath', '//input[@id="elsSubAccount"]') (basics.py:107)
[2022-08-09 18:27:39] [    INFO] 输入文本：1001 (basics.py:138)
[2022-08-09 18:27:39] [    INFO] 查找元素：('xpath', '//input[@type="password"]') (basics.py:107)
[2022-08-09 18:27:39] [    INFO] 输入文本：1qaz@WSX (basics.py:138)
[2022-08-09 18:27:39] [    INFO] 查找元素：('xpath', '//input[@id="identifyCode"]') (basics.py:107)
[2022-08-09 18:27:39] [    INFO] 点击元素：('xpath', '//input[@id="identifyCode"]') (basics.py:191)
[2022-08-09 18:27:41] [    INFO] 查找元素：('xpath', '//img[@id="code"]') (basics.py:107)
[2022-08-09 18:27:42] [    INFO] 查找元素：('xpath', '//input[@id="identifyCode"]') (basics.py:107)
[2022-08-09 18:27:42] [    INFO] 输入文本：8895 (basics.py:138)
[2022-08-09 18:27:42] [    INFO] 查找元素：('xpath', '//button[@id="submit_btn"]') (basics.py:107)
[2022-08-09 18:27:42] [    INFO] 点击元素：('xpath', '//button[@id="submit_btn"]') (basics.py:191)
[2022-08-09 18:27:43] [    INFO] 断言成功：URL为预期一致 | URL: http://sitsrm.transsion.com/ELSServer_CY/default.jsp?account=860000_1001 (assert_ui.py:190)
[2022-08-09 18:27:43] [    INFO] 前置条件：传音统一登录成功 (conftest.py:31)
[2022-08-09 18:27:43] [    INFO] 查找元素：('xpath', '//div[@id="supplierPerformanceAppraisal"]') (basics.py:107)
[2022-08-09 18:27:43] [    INFO] 点击元素：('xpath', '//div[@id="supplierPerformanceAppraisal"]') (basics.py:191)
[2022-08-09 18:27:44] [    INFO] 查找元素：('xpath', '//div[@class="winTitle"]/span[text()="供应商绩效考核 "]') (basics.py:107)
[2022-08-09 18:27:44] [    INFO] 查找元素：('xpath', '//iframe[@class="iframeApp"]') (basics.py:107)
[2022-08-09 18:27:45] [    INFO] 查找元素：('xpath', '//a[@data-name="evaluateSupplyCategoryConfigurationManager"]//span') (basics.py:107)
[2022-08-09 18:27:45] [    INFO] 点击元素：('xpath', '//a[@data-name="evaluateSupplyCategoryConfigurationManager"]//span') (basics.py:191)
[2022-08-09 18:27:45] [    INFO] 查找元素：('xpath', '//a[@title=" 评估代码供货品类配置"]/span') (basics.py:107)
[2022-08-09 18:27:46] [    INFO] 查找元素：('xpath', '//li[@id="create"]/a') (basics.py:107)
[2022-08-09 18:28:07] [    INFO] 查找元素：('xpath', '//div[@id="btnAddClose"]') (basics.py:107)
[2022-08-09 18:28:29] [    INFO] 查找元素：('xpath', '//li[@id="create"]/a') (basics.py:107)
[2022-08-09 18:29:44] [    INFO] 【SRM】项目【test】环境- UI自动化开始执行 (conftest.py:17)
[2022-08-09 18:29:44] [    INFO] 前置条件：传音统一登录开始 (conftest.py:22)
[2022-08-09 18:29:44] [    INFO] 打开网页：http://sitsrm.transsion.com/ELSServer_CY/login/login.html (basics.py:64)
[2022-08-09 18:29:45] [    INFO] 查找元素：('xpath', '//input[@id="elsAccount"]') (basics.py:107)
[2022-08-09 18:29:45] [    INFO] 输入文本：860000 (basics.py:138)
[2022-08-09 18:29:45] [    INFO] 查找元素：('xpath', '//input[@id="elsSubAccount"]') (basics.py:107)
[2022-08-09 18:29:46] [    INFO] 输入文本：1001 (basics.py:138)
[2022-08-09 18:29:46] [    INFO] 查找元素：('xpath', '//input[@type="password"]') (basics.py:107)
[2022-08-09 18:29:46] [    INFO] 输入文本：1qaz@WSX (basics.py:138)
[2022-08-09 18:29:46] [    INFO] 查找元素：('xpath', '//input[@id="identifyCode"]') (basics.py:107)
[2022-08-09 18:29:46] [    INFO] 点击元素：('xpath', '//input[@id="identifyCode"]') (basics.py:191)
[2022-08-09 18:29:47] [    INFO] 查找元素：('xpath', '//img[@id="code"]') (basics.py:107)
[2022-08-09 18:29:49] [    INFO] 查找元素：('xpath', '//input[@id="identifyCode"]') (basics.py:107)
[2022-08-09 18:29:49] [    INFO] 输入文本：2531 (basics.py:138)
[2022-08-09 18:29:49] [    INFO] 查找元素：('xpath', '//button[@id="submit_btn"]') (basics.py:107)
[2022-08-09 18:29:49] [    INFO] 点击元素：('xpath', '//button[@id="submit_btn"]') (basics.py:191)
[2022-08-09 18:29:50] [    INFO] 断言成功：URL为预期一致 | URL: http://sitsrm.transsion.com/ELSServer_CY/default.jsp?account=860000_1001 (assert_ui.py:190)
[2022-08-09 18:29:50] [    INFO] 前置条件：传音统一登录成功 (conftest.py:31)
[2022-08-09 18:29:50] [    INFO] 查找元素：('xpath', '//div[@id="supplierPerformanceAppraisal"]') (basics.py:107)
[2022-08-09 18:29:50] [    INFO] 点击元素：('xpath', '//div[@id="supplierPerformanceAppraisal"]') (basics.py:191)
[2022-08-09 18:29:50] [    INFO] 查找元素：('xpath', '//div[@class="winTitle"]/span[text()="供应商绩效考核 "]') (basics.py:107)
[2022-08-09 18:29:50] [    INFO] 查找元素：('xpath', '//iframe[@class="iframeApp"]') (basics.py:107)
[2022-08-09 18:29:51] [    INFO] 查找元素：('xpath', '//a[@data-name="evaluateSupplyCategoryConfigurationManager"]//span') (basics.py:107)
[2022-08-09 18:29:51] [    INFO] 点击元素：('xpath', '//a[@data-name="evaluateSupplyCategoryConfigurationManager"]//span') (basics.py:191)
[2022-08-09 18:29:51] [    INFO] 查找元素：('xpath', '//a[@title=" 评估代码供货品类配置"]/span') (basics.py:107)
[2022-08-09 18:29:52] [    INFO] 查找元素：('xpath', '//iframe[@id="tab-iframe-evaluateSupplyCategoryConfigurationManager"]') (basics.py:107)
[2022-08-09 18:29:52] [    INFO] 查找元素：('xpath', '//li[@id="create"]/a') (basics.py:107)
[2022-08-09 18:29:52] [    INFO] 点击元素：('xpath', '//li[@id="create"]/a') (basics.py:191)
[2022-08-09 18:29:52] [    INFO] 查找元素：('xpath', '//span[@class="dialogTitle"]') (basics.py:107)
[2022-08-09 18:29:52] [    INFO] 查找元素：('xpath', '//div[@id="btnAddClose"]') (basics.py:107)
[2022-08-09 18:29:53] [    INFO] 点击元素：('xpath', '//div[@id="btnAddClose"]') (basics.py:191)
[2022-08-09 18:29:53] [    INFO] 查找元素：('xpath', '//iframe[@id="tab-iframe-evaluateSupplyCategoryConfigurationManager"]') (basics.py:107)
[2022-08-09 18:33:21] [    INFO] 【SRM】项目【test】环境- UI自动化开始执行 (conftest.py:17)
[2022-08-09 18:33:21] [    INFO] 前置条件：传音统一登录开始 (conftest.py:22)
[2022-08-09 18:33:22] [    INFO] 打开网页：http://sitsrm.transsion.com/ELSServer_CY/login/login.html (basics.py:64)
[2022-08-09 18:33:22] [    INFO] 查找元素：('xpath', '//input[@id="elsAccount"]') (basics.py:107)
[2022-08-09 18:33:22] [    INFO] 输入文本：860000 (basics.py:138)
[2022-08-09 18:33:23] [    INFO] 查找元素：('xpath', '//input[@id="elsSubAccount"]') (basics.py:107)
[2022-08-09 18:33:23] [    INFO] 输入文本：1001 (basics.py:138)
[2022-08-09 18:33:24] [    INFO] 查找元素：('xpath', '//input[@type="password"]') (basics.py:107)
[2022-08-09 18:33:24] [    INFO] 输入文本：1qaz@WSX (basics.py:138)
[2022-08-09 18:33:24] [    INFO] 查找元素：('xpath', '//input[@id="identifyCode"]') (basics.py:107)
[2022-08-09 18:33:24] [    INFO] 点击元素：('xpath', '//input[@id="identifyCode"]') (basics.py:191)
[2022-08-09 18:33:25] [    INFO] 查找元素：('xpath', '//img[@id="code"]') (basics.py:107)
[2022-08-09 18:33:26] [    INFO] 查找元素：('xpath', '//input[@id="identifyCode"]') (basics.py:107)
[2022-08-09 18:33:26] [    INFO] 输入文本：0325 (basics.py:138)
[2022-08-09 18:33:26] [    INFO] 查找元素：('xpath', '//button[@id="submit_btn"]') (basics.py:107)
[2022-08-09 18:33:26] [    INFO] 点击元素：('xpath', '//button[@id="submit_btn"]') (basics.py:191)
[2022-08-09 18:33:27] [    INFO] 断言成功：URL为预期一致 | URL: http://sitsrm.transsion.com/ELSServer_CY/default.jsp?account=860000_1001 (assert_ui.py:190)
[2022-08-09 18:33:27] [    INFO] 前置条件：传音统一登录成功 (conftest.py:31)
[2022-08-09 18:33:27] [    INFO] 查找元素：('xpath', '//div[@id="supplierPerformanceAppraisal"]') (basics.py:107)
[2022-08-09 18:33:27] [    INFO] 点击元素：('xpath', '//div[@id="supplierPerformanceAppraisal"]') (basics.py:191)
[2022-08-09 18:33:28] [    INFO] 查找元素：('xpath', '//div[@class="winTitle"]/span[text()="供应商绩效考核 "]') (basics.py:107)
[2022-08-09 18:33:28] [    INFO] 查找元素：('xpath', '//iframe[@class="iframeApp"]') (basics.py:107)
[2022-08-09 18:33:28] [    INFO] 查找元素：('xpath', '//a[@data-name="evaluateSupplyCategoryConfigurationManager"]//span') (basics.py:107)
[2022-08-09 18:33:29] [    INFO] 点击元素：('xpath', '//a[@data-name="evaluateSupplyCategoryConfigurationManager"]//span') (basics.py:191)
[2022-08-09 18:33:29] [    INFO] 查找元素：('xpath', '//a[@title=" 评估代码供货品类配置"]/span') (basics.py:107)
[2022-08-09 18:33:29] [    INFO] 查找元素：('xpath', '//iframe[@id="tab-iframe-evaluateSupplyCategoryConfigurationManager"]') (basics.py:107)
[2022-08-09 18:33:29] [    INFO] 查找元素：('xpath', '//li[@id="create"]/a') (basics.py:107)
[2022-08-09 18:33:29] [    INFO] 点击元素：('xpath', '//li[@id="create"]/a') (basics.py:191)
[2022-08-09 18:33:30] [    INFO] 查找元素：('xpath', '//span[@class="dialogTitle"]') (basics.py:107)
[2022-08-09 18:33:30] [    INFO] 查找元素：('xpath', '//iframe[@id="tab-iframe-evaluateSupplyCategoryConfigurationManager"]') (basics.py:107)
[2022-08-09 18:33:51] [    INFO] 查找元素：('xpath', '//iframe[@id="tab-iframe-evaluateSupplyCategoryConfigurationManager"]') (basics.py:107)
