[2022-09-01 09:03:45] [    INFO] 【TBM】项目【test】环境- UI自动化开始执行 (conftest.py:17)
[2022-09-01 09:03:45] [    INFO] 前置条件：传音统一登录开始 (conftest.py:21)
[2022-09-01 09:03:48] [    INFO] 打开网页：http://bom-sit.transsion.com/#/process/home-page (basics.py:63)
[2022-09-01 09:03:48] [    INFO] 查找元素：('xpath', "//div[@role='button']") (basics.py:106)
[2022-09-01 09:03:48] [    INFO] 点击元素：('xpath', "//div[@role='button']") (basics.py:206)
[2022-09-01 09:03:52] [    INFO] 查找元素：['xpath', "//*[contains(@id,'dropdown-menu-')]//li[1]"] (basics.py:106)
[2022-09-01 09:03:53] [    INFO] 查找元素：('xpath', "//div[@role='button']") (basics.py:106)
[2022-09-01 09:03:53] [    INFO] 点击元素：('xpath', "//div[@role='button']") (basics.py:206)
[2022-09-01 09:03:54] [    INFO] 查找元素：('id', 'tab-account') (basics.py:106)
[2022-09-01 09:03:54] [    INFO] 点击元素：('id', 'tab-account') (basics.py:206)
[2022-09-01 09:03:55] [    INFO] 查找元素：('xpath', "//*[@id='pane-account']/form/div[1]/div/div[1]/input") (basics.py:106)
[2022-09-01 09:03:55] [    INFO] 输入文本：18645960 (basics.py:137)
[2022-09-01 09:03:56] [    INFO] 查找元素：('xpath', "//*[@id='pane-account']/form/div[2]/div/div[1]/input") (basics.py:106)
[2022-09-01 09:03:57] [    INFO] 输入文本：xLily6x (basics.py:137)
[2022-09-01 09:03:58] [    INFO] 查找元素：('xpath', "//span[text()='我已阅读并接受']/../label/span/span") (basics.py:106)
[2022-09-01 09:03:58] [    INFO] 获取状态：False (basics.py:330)
[2022-09-01 09:03:58] [    INFO] 查找元素：('xpath', "//span[text()='我已阅读并接受']/../label/span/span") (basics.py:106)
[2022-09-01 09:03:58] [    INFO] 点击元素：('xpath', "//span[text()='我已阅读并接受']/../label/span/span") (basics.py:206)
[2022-09-01 09:03:58] [    INFO] 查找元素：('xpath', "//*[@id='pane-account']/form/button") (basics.py:106)
[2022-09-01 09:03:58] [    INFO] 点击元素：('xpath', "//*[@id='pane-account']/form/button") (basics.py:206)
[2022-09-01 09:04:05] [   ERROR] 正在截图... (basics.py:449)
[2022-09-01 09:04:05] [   ERROR] 日志正在附加截图... (basics.py:456)
[2022-09-01 09:04:05] [   ERROR] 日志附加截图成功 (basics.py:460)
[2022-09-01 09:04:05] [    INFO] 断言成功：页面存在该标识首页 | 关键字:首页 (assert_ui.py:167)
[2022-09-01 09:04:05] [    INFO] 前置条件：传音统一登录成功 (conftest.py:25)
[2022-09-01 09:04:05] [    INFO] 查找元素：['xpath', "//span[@class='meta-title' and contains(text(),'BOM协作')]"] (basics.py:102)
[2022-09-01 09:04:06] [    INFO] 点击元素：('xpath', "//span[@class='meta-title' and contains(text(),'BOM协作')]")BOM协作 (basics.py:565)
[2022-09-01 09:04:06] [    INFO] 点击一级菜单：BOM协作 (BOM2.py:31)
[2022-09-01 09:04:06] [    INFO] 查找元素：['xpath', "//div[@class='menu-wrapper nest-menu']//span[contains(text(),'整机BOM协作')]"] (basics.py:102)
[2022-09-01 09:04:06] [    INFO] 点击元素：('xpath', "//div[@class='menu-wrapper nest-menu']//span[contains(text(),'整机BOM协作')]")整机BOM协作 (basics.py:565)
[2022-09-01 09:04:06] [    INFO] 点击二级菜单：整机BOM协作 (BOM2.py:33)
[2022-09-01 09:04:08] [    INFO] 刷新页面 (basics.py:337)
[2022-09-01 09:04:08] [    INFO] 查找元素：('xpath', "//button//span[contains(text(),'新增')]") (basics.py:106)
[2022-09-01 09:04:09] [    INFO] 点击元素：('xpath', "//button//span[contains(text(),'新增')]")None (basics.py:565)
[2022-09-01 09:22:22] [    INFO] 【TBM】项目【test】环境- UI自动化开始执行 (conftest.py:17)
[2022-09-01 09:22:22] [    INFO] 前置条件：传音统一登录开始 (conftest.py:21)
[2022-09-01 09:22:26] [    INFO] 打开网页：http://bom-sit.transsion.com/#/process/home-page (basics.py:63)
[2022-09-01 09:22:26] [    INFO] 查找元素：('xpath', "//div[@role='button']") (basics.py:106)
[2022-09-01 09:22:26] [    INFO] 点击元素：('xpath', "//div[@role='button']") (basics.py:206)
[2022-09-01 09:22:30] [    INFO] 查找元素：['xpath', "//*[contains(@id,'dropdown-menu-')]//li[1]"] (basics.py:106)
[2022-09-01 09:22:31] [    INFO] 查找元素：('xpath', "//div[@role='button']") (basics.py:106)
[2022-09-01 09:22:31] [    INFO] 点击元素：('xpath', "//div[@role='button']") (basics.py:206)
[2022-09-01 09:22:32] [    INFO] 查找元素：('id', 'tab-account') (basics.py:106)
[2022-09-01 09:22:32] [    INFO] 点击元素：('id', 'tab-account') (basics.py:206)
[2022-09-01 09:22:33] [    INFO] 查找元素：('xpath', "//*[@id='pane-account']/form/div[1]/div/div[1]/input") (basics.py:106)
[2022-09-01 09:22:33] [    INFO] 输入文本：18645960 (basics.py:137)
[2022-09-01 09:22:34] [    INFO] 查找元素：('xpath', "//*[@id='pane-account']/form/div[2]/div/div[1]/input") (basics.py:106)
[2022-09-01 09:22:35] [    INFO] 输入文本：xLily6x (basics.py:137)
[2022-09-01 09:22:36] [    INFO] 查找元素：('xpath', "//span[text()='我已阅读并接受']/../label/span/span") (basics.py:106)
[2022-09-01 09:22:36] [    INFO] 获取状态：False (basics.py:330)
[2022-09-01 09:22:36] [    INFO] 查找元素：('xpath', "//span[text()='我已阅读并接受']/../label/span/span") (basics.py:106)
[2022-09-01 09:22:36] [    INFO] 点击元素：('xpath', "//span[text()='我已阅读并接受']/../label/span/span") (basics.py:206)
[2022-09-01 09:22:36] [    INFO] 查找元素：('xpath', "//*[@id='pane-account']/form/button") (basics.py:106)
[2022-09-01 09:22:36] [    INFO] 点击元素：('xpath', "//*[@id='pane-account']/form/button") (basics.py:206)
[2022-09-01 09:22:43] [   ERROR] 正在截图... (basics.py:449)
[2022-09-01 09:22:43] [   ERROR] 日志正在附加截图... (basics.py:456)
[2022-09-01 09:22:43] [   ERROR] 日志附加截图成功 (basics.py:460)
[2022-09-01 09:22:43] [    INFO] 断言成功：页面存在该标识首页 | 关键字:首页 (assert_ui.py:167)
[2022-09-01 09:22:43] [    INFO] 前置条件：传音统一登录成功 (conftest.py:25)
[2022-09-01 09:22:43] [    INFO] 查找元素：['xpath', "//span[@class='meta-title' and contains(text(),'BOM协作')]"] (basics.py:102)
[2022-09-01 09:22:44] [    INFO] 点击元素：('xpath', "//span[@class='meta-title' and contains(text(),'BOM协作')]")BOM协作 (basics.py:565)
[2022-09-01 09:22:44] [    INFO] 点击一级菜单：BOM协作 (BOM2.py:31)
[2022-09-01 09:22:44] [    INFO] 查找元素：['xpath', "//div[@class='menu-wrapper nest-menu']//span[contains(text(),'整机BOM协作')]"] (basics.py:102)
[2022-09-01 09:22:44] [    INFO] 点击元素：('xpath', "//div[@class='menu-wrapper nest-menu']//span[contains(text(),'整机BOM协作')]")整机BOM协作 (basics.py:565)
[2022-09-01 09:22:44] [    INFO] 点击二级菜单：整机BOM协作 (BOM2.py:33)
[2022-09-01 09:22:46] [    INFO] 刷新页面 (basics.py:337)
[2022-09-01 09:22:46] [    INFO] 查找元素：('xpath', "//button//span[contains(text(),'新增')]") (basics.py:106)
[2022-09-01 09:22:46] [    INFO] 点击元素：('xpath', "//button//span[contains(text(),'新增')]")None (basics.py:565)
[2022-09-01 09:24:38] [    INFO] 【TBM】项目【test】环境- UI自动化开始执行 (conftest.py:17)
[2022-09-01 09:24:38] [    INFO] 前置条件：传音统一登录开始 (conftest.py:21)
[2022-09-01 09:24:41] [    INFO] 打开网页：http://bom-sit.transsion.com/#/process/home-page (basics.py:63)
[2022-09-01 09:24:41] [    INFO] 查找元素：('xpath', "//div[@role='button']") (basics.py:106)
[2022-09-01 09:24:41] [    INFO] 点击元素：('xpath', "//div[@role='button']") (basics.py:206)
[2022-09-01 09:24:46] [    INFO] 查找元素：['xpath', "//*[contains(@id,'dropdown-menu-')]//li[1]"] (basics.py:106)
[2022-09-01 09:24:47] [    INFO] 查找元素：('xpath', "//div[@role='button']") (basics.py:106)
[2022-09-01 09:24:47] [    INFO] 点击元素：('xpath', "//div[@role='button']") (basics.py:206)
[2022-09-01 09:24:47] [    INFO] 查找元素：('id', 'tab-account') (basics.py:106)
[2022-09-01 09:24:48] [    INFO] 点击元素：('id', 'tab-account') (basics.py:206)
[2022-09-01 09:24:49] [    INFO] 查找元素：('xpath', "//*[@id='pane-account']/form/div[1]/div/div[1]/input") (basics.py:106)
[2022-09-01 09:24:49] [    INFO] 输入文本：18645960 (basics.py:137)
[2022-09-01 09:24:50] [    INFO] 查找元素：('xpath', "//*[@id='pane-account']/form/div[2]/div/div[1]/input") (basics.py:106)
[2022-09-01 09:24:50] [    INFO] 输入文本：xLily6x (basics.py:137)
[2022-09-01 09:24:51] [    INFO] 查找元素：('xpath', "//span[text()='我已阅读并接受']/../label/span/span") (basics.py:106)
[2022-09-01 09:24:51] [    INFO] 获取状态：False (basics.py:330)
[2022-09-01 09:24:51] [    INFO] 查找元素：('xpath', "//span[text()='我已阅读并接受']/../label/span/span") (basics.py:106)
[2022-09-01 09:24:51] [    INFO] 点击元素：('xpath', "//span[text()='我已阅读并接受']/../label/span/span") (basics.py:206)
[2022-09-01 09:24:52] [    INFO] 查找元素：('xpath', "//*[@id='pane-account']/form/button") (basics.py:106)
[2022-09-01 09:24:52] [    INFO] 点击元素：('xpath', "//*[@id='pane-account']/form/button") (basics.py:206)
[2022-09-01 09:24:59] [   ERROR] 正在截图... (basics.py:449)
[2022-09-01 09:24:59] [   ERROR] 日志正在附加截图... (basics.py:456)
[2022-09-01 09:24:59] [   ERROR] 日志附加截图成功 (basics.py:460)
[2022-09-01 09:24:59] [    INFO] 断言成功：页面存在该标识首页 | 关键字:首页 (assert_ui.py:167)
[2022-09-01 09:24:59] [    INFO] 前置条件：传音统一登录成功 (conftest.py:25)
[2022-09-01 09:24:59] [    INFO] 查找元素：['xpath', "//span[@class='meta-title' and contains(text(),'BOM协作')]"] (basics.py:102)
[2022-09-01 09:24:59] [    INFO] 点击元素：('xpath', "//span[@class='meta-title' and contains(text(),'BOM协作')]")BOM协作 (basics.py:565)
[2022-09-01 09:24:59] [    INFO] 点击一级菜单：BOM协作 (BOM2.py:31)
[2022-09-01 09:24:59] [    INFO] 查找元素：['xpath', "//div[@class='menu-wrapper nest-menu']//span[contains(text(),'整机BOM协作')]"] (basics.py:102)
[2022-09-01 09:25:00] [    INFO] 点击元素：('xpath', "//div[@class='menu-wrapper nest-menu']//span[contains(text(),'整机BOM协作')]")整机BOM协作 (basics.py:565)
[2022-09-01 09:25:00] [    INFO] 点击二级菜单：整机BOM协作 (BOM2.py:33)
[2022-09-01 09:25:01] [    INFO] 刷新页面 (basics.py:337)
[2022-09-01 09:25:01] [    INFO] 查找元素：('xpath', "//button//span[contains(text(),'新增')]") (basics.py:106)
[2022-09-01 09:25:02] [    INFO] 点击元素：('xpath', "//button//span[contains(text(),'新增')]")None (basics.py:565)
[2022-09-01 09:30:45] [    INFO] 【TBM】项目【test】环境- UI自动化开始执行 (conftest.py:17)
[2022-09-01 09:30:45] [    INFO] 前置条件：传音统一登录开始 (conftest.py:21)
[2022-09-01 09:30:48] [    INFO] 打开网页：http://bom-sit.transsion.com/#/process/home-page (basics.py:63)
[2022-09-01 09:30:48] [    INFO] 查找元素：('xpath', "//div[@role='button']") (basics.py:106)
[2022-09-01 09:30:48] [    INFO] 点击元素：('xpath', "//div[@role='button']") (basics.py:206)
[2022-09-01 09:30:52] [    INFO] 查找元素：['xpath', "//*[contains(@id,'dropdown-menu-')]//li[1]"] (basics.py:106)
[2022-09-01 09:30:53] [    INFO] 查找元素：('xpath', "//div[@role='button']") (basics.py:106)
[2022-09-01 09:30:54] [    INFO] 点击元素：('xpath', "//div[@role='button']") (basics.py:206)
[2022-09-01 09:30:54] [    INFO] 查找元素：('id', 'tab-account') (basics.py:106)
[2022-09-01 09:30:54] [    INFO] 点击元素：('id', 'tab-account') (basics.py:206)
[2022-09-01 09:30:55] [    INFO] 查找元素：('xpath', "//*[@id='pane-account']/form/div[1]/div/div[1]/input") (basics.py:106)
[2022-09-01 09:30:55] [    INFO] 输入文本：18645960 (basics.py:137)
[2022-09-01 09:30:57] [    INFO] 查找元素：('xpath', "//*[@id='pane-account']/form/div[2]/div/div[1]/input") (basics.py:106)
[2022-09-01 09:30:57] [    INFO] 输入文本：xLily6x (basics.py:137)
[2022-09-01 09:30:58] [    INFO] 查找元素：('xpath', "//span[text()='我已阅读并接受']/../label/span/span") (basics.py:106)
[2022-09-01 09:30:58] [    INFO] 获取状态：False (basics.py:330)
[2022-09-01 09:30:58] [    INFO] 查找元素：('xpath', "//span[text()='我已阅读并接受']/../label/span/span") (basics.py:106)
[2022-09-01 09:30:58] [    INFO] 点击元素：('xpath', "//span[text()='我已阅读并接受']/../label/span/span") (basics.py:206)
[2022-09-01 09:30:58] [    INFO] 查找元素：('xpath', "//*[@id='pane-account']/form/button") (basics.py:106)
[2022-09-01 09:30:59] [    INFO] 点击元素：('xpath', "//*[@id='pane-account']/form/button") (basics.py:206)
[2022-09-01 09:31:05] [   ERROR] 正在截图... (basics.py:449)
[2022-09-01 09:31:05] [   ERROR] 日志正在附加截图... (basics.py:456)
[2022-09-01 09:31:05] [   ERROR] 日志附加截图成功 (basics.py:460)
[2022-09-01 09:31:05] [    INFO] 断言成功：页面存在该标识首页 | 关键字:首页 (assert_ui.py:167)
[2022-09-01 09:31:05] [    INFO] 前置条件：传音统一登录成功 (conftest.py:25)
[2022-09-01 09:31:05] [    INFO] 查找元素：['xpath', "//span[@class='meta-title' and contains(text(),'BOM协作')]"] (basics.py:102)
[2022-09-01 09:31:06] [    INFO] 点击元素：('xpath', "//span[@class='meta-title' and contains(text(),'BOM协作')]")BOM协作 (basics.py:565)
[2022-09-01 09:31:06] [    INFO] 点击一级菜单：BOM协作 (BOM2.py:31)
[2022-09-01 09:31:06] [    INFO] 查找元素：['xpath', "//div[@class='menu-wrapper nest-menu']//span[contains(text(),'整机BOM协作')]"] (basics.py:102)
[2022-09-01 09:31:16] [    INFO] 点击元素：('xpath', "//div[@class='menu-wrapper nest-menu']//span[contains(text(),'整机BOM协作')]")整机BOM协作 (basics.py:565)
[2022-09-01 09:31:16] [    INFO] 点击二级菜单：整机BOM协作 (BOM2.py:33)
[2022-09-01 09:31:18] [    INFO] 刷新页面 (basics.py:337)
[2022-09-01 09:31:18] [    INFO] 查找元素：('xpath', "//button//span[contains(text(),'新增')]") (basics.py:106)
[2022-09-01 09:31:18] [    INFO] 点击元素：('xpath', "//button//span[contains(text(),'新增')]")None (basics.py:565)
[2022-09-01 09:31:39] [    INFO] 【TBM】项目【test】环境- UI自动化开始执行 (conftest.py:17)
[2022-09-01 09:31:39] [    INFO] 前置条件：传音统一登录开始 (conftest.py:21)
[2022-09-01 09:31:42] [    INFO] 打开网页：http://bom-sit.transsion.com/#/process/home-page (basics.py:63)
[2022-09-01 09:31:42] [    INFO] 查找元素：('xpath', "//div[@role='button']") (basics.py:106)
[2022-09-01 09:31:42] [    INFO] 点击元素：('xpath', "//div[@role='button']") (basics.py:206)
[2022-09-01 09:31:46] [    INFO] 查找元素：['xpath', "//*[contains(@id,'dropdown-menu-')]//li[1]"] (basics.py:106)
[2022-09-01 09:31:47] [    INFO] 查找元素：('xpath', "//div[@role='button']") (basics.py:106)
[2022-09-01 09:31:47] [    INFO] 点击元素：('xpath', "//div[@role='button']") (basics.py:206)
[2022-09-01 09:31:48] [    INFO] 查找元素：('id', 'tab-account') (basics.py:106)
[2022-09-01 09:31:48] [    INFO] 点击元素：('id', 'tab-account') (basics.py:206)
[2022-09-01 09:31:49] [    INFO] 查找元素：('xpath', "//*[@id='pane-account']/form/div[1]/div/div[1]/input") (basics.py:106)
[2022-09-01 09:31:49] [    INFO] 输入文本：18645960 (basics.py:137)
[2022-09-01 09:31:50] [    INFO] 查找元素：('xpath', "//*[@id='pane-account']/form/div[2]/div/div[1]/input") (basics.py:106)
[2022-09-01 09:31:51] [    INFO] 输入文本：xLily6x (basics.py:137)
[2022-09-01 09:31:52] [    INFO] 查找元素：('xpath', "//span[text()='我已阅读并接受']/../label/span/span") (basics.py:106)
[2022-09-01 09:31:52] [    INFO] 获取状态：False (basics.py:330)
[2022-09-01 09:31:52] [    INFO] 查找元素：('xpath', "//span[text()='我已阅读并接受']/../label/span/span") (basics.py:106)
[2022-09-01 09:31:52] [    INFO] 点击元素：('xpath', "//span[text()='我已阅读并接受']/../label/span/span") (basics.py:206)
[2022-09-01 09:31:52] [    INFO] 查找元素：('xpath', "//*[@id='pane-account']/form/button") (basics.py:106)
[2022-09-01 09:31:52] [    INFO] 点击元素：('xpath', "//*[@id='pane-account']/form/button") (basics.py:206)
[2022-09-01 09:31:59] [   ERROR] 正在截图... (basics.py:449)
[2022-09-01 09:31:59] [   ERROR] 日志正在附加截图... (basics.py:456)
[2022-09-01 09:31:59] [   ERROR] 日志附加截图成功 (basics.py:460)
[2022-09-01 09:31:59] [    INFO] 断言成功：页面存在该标识首页 | 关键字:首页 (assert_ui.py:167)
[2022-09-01 09:31:59] [    INFO] 前置条件：传音统一登录成功 (conftest.py:25)
[2022-09-01 09:31:59] [    INFO] 查找元素：['xpath', "//span[@class='meta-title' and contains(text(),'BOM协作')]"] (basics.py:102)
[2022-09-01 09:32:00] [    INFO] 点击元素：('xpath', "//span[@class='meta-title' and contains(text(),'BOM协作')]")BOM协作 (basics.py:565)
[2022-09-01 09:32:00] [    INFO] 点击一级菜单：BOM协作 (BOM2.py:31)
[2022-09-01 09:32:00] [    INFO] 查找元素：['xpath', "//div[@class='menu-wrapper nest-menu']//span[contains(text(),'整机BOM协作')]"] (basics.py:102)
[2022-09-01 09:32:00] [    INFO] 点击元素：('xpath', "//div[@class='menu-wrapper nest-menu']//span[contains(text(),'整机BOM协作')]")整机BOM协作 (basics.py:565)
[2022-09-01 09:32:00] [    INFO] 点击二级菜单：整机BOM协作 (BOM2.py:33)
[2022-09-01 09:32:01] [    INFO] 刷新页面 (basics.py:337)
[2022-09-01 09:32:01] [    INFO] 查找元素：('xpath', "//button//span[contains(text(),'新增')]") (basics.py:106)
[2022-09-01 09:32:02] [    INFO] 点击元素：('xpath', "//button//span[contains(text(),'新增')]")None (basics.py:565)
[2022-09-01 09:35:16] [    INFO] 【TBM】项目【test】环境- UI自动化开始执行 (conftest.py:17)
[2022-09-01 09:35:16] [    INFO] 前置条件：传音统一登录开始 (conftest.py:21)
[2022-09-01 09:35:18] [    INFO] 打开网页：http://bom-sit.transsion.com/#/process/home-page (basics.py:63)
[2022-09-01 09:35:18] [    INFO] 查找元素：('xpath', "//div[@role='button']") (basics.py:106)
[2022-09-01 09:35:18] [    INFO] 点击元素：('xpath', "//div[@role='button']") (basics.py:206)
[2022-09-01 09:35:23] [    INFO] 查找元素：['xpath', "//*[contains(@id,'dropdown-menu-')]//li[1]"] (basics.py:106)
[2022-09-01 09:35:24] [    INFO] 查找元素：('xpath', "//div[@role='button']") (basics.py:106)
[2022-09-01 09:35:24] [    INFO] 点击元素：('xpath', "//div[@role='button']") (basics.py:206)
[2022-09-01 09:35:25] [    INFO] 查找元素：('id', 'tab-account') (basics.py:106)
[2022-09-01 09:35:25] [    INFO] 点击元素：('id', 'tab-account') (basics.py:206)
[2022-09-01 09:35:26] [    INFO] 查找元素：('xpath', "//*[@id='pane-account']/form/div[1]/div/div[1]/input") (basics.py:106)
[2022-09-01 09:35:26] [    INFO] 输入文本：18645960 (basics.py:137)
[2022-09-01 09:35:27] [    INFO] 查找元素：('xpath', "//*[@id='pane-account']/form/div[2]/div/div[1]/input") (basics.py:106)
[2022-09-01 09:35:27] [    INFO] 输入文本：xLily6x (basics.py:137)
[2022-09-01 09:35:28] [    INFO] 查找元素：('xpath', "//span[text()='我已阅读并接受']/../label/span/span") (basics.py:106)
[2022-09-01 09:35:28] [    INFO] 获取状态：False (basics.py:330)
[2022-09-01 09:35:28] [    INFO] 查找元素：('xpath', "//span[text()='我已阅读并接受']/../label/span/span") (basics.py:106)
[2022-09-01 09:35:28] [    INFO] 点击元素：('xpath', "//span[text()='我已阅读并接受']/../label/span/span") (basics.py:206)
[2022-09-01 09:35:29] [    INFO] 查找元素：('xpath', "//*[@id='pane-account']/form/button") (basics.py:106)
[2022-09-01 09:35:29] [    INFO] 点击元素：('xpath', "//*[@id='pane-account']/form/button") (basics.py:206)
[2022-09-01 09:35:35] [   ERROR] 正在截图... (basics.py:449)
[2022-09-01 09:35:36] [   ERROR] 日志正在附加截图... (basics.py:456)
[2022-09-01 09:35:36] [   ERROR] 日志附加截图成功 (basics.py:460)
[2022-09-01 09:35:36] [    INFO] 断言成功：页面存在该标识首页 | 关键字:首页 (assert_ui.py:167)
[2022-09-01 09:35:36] [    INFO] 前置条件：传音统一登录成功 (conftest.py:25)
[2022-09-01 09:35:36] [    INFO] 查找元素：['xpath', "//span[@class='meta-title' and contains(text(),'BOM协作')]"] (basics.py:102)
[2022-09-01 09:35:36] [    INFO] 点击元素：('xpath', "//span[@class='meta-title' and contains(text(),'BOM协作')]")BOM协作 (basics.py:565)
[2022-09-01 09:35:36] [    INFO] 点击一级菜单：BOM协作 (BOM2.py:31)
[2022-09-01 09:35:36] [    INFO] 查找元素：['xpath', "//div[@class='menu-wrapper nest-menu']//span[contains(text(),'整机BOM协作')]"] (basics.py:102)
[2022-09-01 09:35:37] [    INFO] 点击元素：('xpath', "//div[@class='menu-wrapper nest-menu']//span[contains(text(),'整机BOM协作')]")整机BOM协作 (basics.py:565)
[2022-09-01 09:35:37] [    INFO] 点击二级菜单：整机BOM协作 (BOM2.py:33)
[2022-09-01 09:35:38] [    INFO] 刷新页面 (basics.py:337)
[2022-09-01 09:35:38] [    INFO] 查找元素：('xpath', "//button//span[contains(text(),'新增')]") (basics.py:106)
[2022-09-01 09:35:39] [    INFO] 点击元素：('xpath', "//button//span[contains(text(),'新增')]")None (basics.py:565)
[2022-09-01 09:37:16] [    INFO] 【TBM】项目【test】环境- UI自动化开始执行 (conftest.py:17)
[2022-09-01 09:37:16] [    INFO] 前置条件：传音统一登录开始 (conftest.py:21)
[2022-09-01 09:37:18] [    INFO] 打开网页：http://bom-sit.transsion.com/#/process/home-page (basics.py:63)
[2022-09-01 09:37:18] [    INFO] 查找元素：('xpath', "//div[@role='button']") (basics.py:106)
[2022-09-01 09:37:18] [    INFO] 点击元素：('xpath', "//div[@role='button']") (basics.py:206)
[2022-09-01 09:37:23] [    INFO] 查找元素：['xpath', "//*[contains(@id,'dropdown-menu-')]//li[1]"] (basics.py:106)
[2022-09-01 09:37:24] [    INFO] 查找元素：('xpath', "//div[@role='button']") (basics.py:106)
[2022-09-01 09:37:24] [    INFO] 点击元素：('xpath', "//div[@role='button']") (basics.py:206)
[2022-09-01 09:37:24] [    INFO] 查找元素：('id', 'tab-account') (basics.py:106)
[2022-09-01 09:37:24] [    INFO] 点击元素：('id', 'tab-account') (basics.py:206)
[2022-09-01 09:37:25] [    INFO] 查找元素：('xpath', "//*[@id='pane-account']/form/div[1]/div/div[1]/input") (basics.py:106)
[2022-09-01 09:37:25] [    INFO] 输入文本：18645960 (basics.py:137)
[2022-09-01 09:37:27] [    INFO] 查找元素：('xpath', "//*[@id='pane-account']/form/div[2]/div/div[1]/input") (basics.py:106)
[2022-09-01 09:37:27] [    INFO] 输入文本：xLily6x (basics.py:137)
[2022-09-01 09:37:28] [    INFO] 查找元素：('xpath', "//span[text()='我已阅读并接受']/../label/span/span") (basics.py:106)
[2022-09-01 09:37:28] [    INFO] 获取状态：False (basics.py:330)
[2022-09-01 09:37:28] [    INFO] 查找元素：('xpath', "//span[text()='我已阅读并接受']/../label/span/span") (basics.py:106)
[2022-09-01 09:37:28] [    INFO] 点击元素：('xpath', "//span[text()='我已阅读并接受']/../label/span/span") (basics.py:206)
[2022-09-01 09:37:29] [    INFO] 查找元素：('xpath', "//*[@id='pane-account']/form/button") (basics.py:106)
[2022-09-01 09:37:29] [    INFO] 点击元素：('xpath', "//*[@id='pane-account']/form/button") (basics.py:206)
[2022-09-01 09:37:35] [   ERROR] 正在截图... (basics.py:449)
[2022-09-01 09:37:35] [   ERROR] 日志正在附加截图... (basics.py:456)
[2022-09-01 09:37:35] [   ERROR] 日志附加截图成功 (basics.py:460)
[2022-09-01 09:37:35] [    INFO] 断言成功：页面存在该标识首页 | 关键字:首页 (assert_ui.py:167)
[2022-09-01 09:37:35] [    INFO] 前置条件：传音统一登录成功 (conftest.py:25)
[2022-09-01 09:37:35] [    INFO] 查找元素：['xpath', "//span[@class='meta-title' and contains(text(),'BOM协作')]"] (basics.py:102)
[2022-09-01 09:37:36] [    INFO] 点击元素：('xpath', "//span[@class='meta-title' and contains(text(),'BOM协作')]")BOM协作 (basics.py:565)
[2022-09-01 09:37:36] [    INFO] 点击一级菜单：BOM协作 (BOM2.py:31)
[2022-09-01 09:37:36] [    INFO] 查找元素：['xpath', "//div[@class='menu-wrapper nest-menu']//span[contains(text(),'整机BOM协作')]"] (basics.py:102)
[2022-09-01 09:37:36] [    INFO] 点击元素：('xpath', "//div[@class='menu-wrapper nest-menu']//span[contains(text(),'整机BOM协作')]")整机BOM协作 (basics.py:565)
[2022-09-01 09:37:36] [    INFO] 点击二级菜单：整机BOM协作 (BOM2.py:33)
[2022-09-01 09:37:38] [    INFO] 刷新页面 (basics.py:337)
[2022-09-01 09:37:38] [    INFO] 查找元素：('xpath', "//button//span[contains(text(),'新增')]") (basics.py:106)
[2022-09-01 09:37:38] [    INFO] 点击元素：('xpath', "//button//span[contains(text(),'新增')]")None (basics.py:565)
[2022-09-01 09:39:18] [    INFO] 【TBM】项目【test】环境- UI自动化开始执行 (conftest.py:17)
[2022-09-01 09:39:18] [    INFO] 前置条件：传音统一登录开始 (conftest.py:21)
[2022-09-01 09:39:20] [    INFO] 打开网页：http://bom-sit.transsion.com/#/process/home-page (basics.py:63)
[2022-09-01 09:39:20] [    INFO] 查找元素：('xpath', "//div[@role='button']") (basics.py:106)
[2022-09-01 09:39:20] [    INFO] 点击元素：('xpath', "//div[@role='button']") (basics.py:206)
[2022-09-01 09:39:25] [    INFO] 查找元素：['xpath', "//*[contains(@id,'dropdown-menu-')]//li[1]"] (basics.py:106)
[2022-09-01 09:39:26] [    INFO] 查找元素：('xpath', "//div[@role='button']") (basics.py:106)
[2022-09-01 09:39:26] [    INFO] 点击元素：('xpath', "//div[@role='button']") (basics.py:206)
[2022-09-01 09:39:27] [    INFO] 查找元素：('id', 'tab-account') (basics.py:106)
[2022-09-01 09:39:27] [    INFO] 点击元素：('id', 'tab-account') (basics.py:206)
[2022-09-01 09:39:28] [    INFO] 查找元素：('xpath', "//*[@id='pane-account']/form/div[1]/div/div[1]/input") (basics.py:106)
[2022-09-01 09:39:28] [    INFO] 输入文本：18645960 (basics.py:137)
[2022-09-01 09:39:29] [    INFO] 查找元素：('xpath', "//*[@id='pane-account']/form/div[2]/div/div[1]/input") (basics.py:106)
[2022-09-01 09:39:29] [    INFO] 输入文本：xLily6x (basics.py:137)
[2022-09-01 09:39:30] [    INFO] 查找元素：('xpath', "//span[text()='我已阅读并接受']/../label/span/span") (basics.py:106)
[2022-09-01 09:39:30] [    INFO] 获取状态：False (basics.py:330)
[2022-09-01 09:39:30] [    INFO] 查找元素：('xpath', "//span[text()='我已阅读并接受']/../label/span/span") (basics.py:106)
[2022-09-01 09:39:31] [    INFO] 点击元素：('xpath', "//span[text()='我已阅读并接受']/../label/span/span") (basics.py:206)
[2022-09-01 09:39:31] [    INFO] 查找元素：('xpath', "//*[@id='pane-account']/form/button") (basics.py:106)
[2022-09-01 09:39:31] [    INFO] 点击元素：('xpath', "//*[@id='pane-account']/form/button") (basics.py:206)
[2022-09-01 09:39:38] [   ERROR] 正在截图... (basics.py:449)
[2022-09-01 09:39:38] [   ERROR] 日志正在附加截图... (basics.py:456)
[2022-09-01 09:39:38] [   ERROR] 日志附加截图成功 (basics.py:460)
[2022-09-01 09:39:38] [    INFO] 断言成功：页面存在该标识首页 | 关键字:首页 (assert_ui.py:167)
[2022-09-01 09:39:38] [    INFO] 前置条件：传音统一登录成功 (conftest.py:25)
[2022-09-01 09:39:38] [    INFO] 查找元素：['xpath', "//span[@class='meta-title' and contains(text(),'BOM协作')]"] (basics.py:102)
[2022-09-01 09:39:38] [    INFO] 点击元素：('xpath', "//span[@class='meta-title' and contains(text(),'BOM协作')]")BOM协作 (basics.py:565)
[2022-09-01 09:39:38] [    INFO] 点击一级菜单：BOM协作 (BOM2.py:31)
[2022-09-01 09:39:38] [    INFO] 查找元素：['xpath', "//div[@class='menu-wrapper nest-menu']//span[contains(text(),'整机BOM协作')]"] (basics.py:102)
[2022-09-01 09:39:39] [    INFO] 点击元素：('xpath', "//div[@class='menu-wrapper nest-menu']//span[contains(text(),'整机BOM协作')]")整机BOM协作 (basics.py:565)
[2022-09-01 09:39:39] [    INFO] 点击二级菜单：整机BOM协作 (BOM2.py:33)
[2022-09-01 09:39:40] [    INFO] 刷新页面 (basics.py:337)
[2022-09-01 09:39:40] [    INFO] 查找元素：('xpath', "//button//span[contains(text(),'新增')]") (basics.py:106)
[2022-09-01 09:39:41] [    INFO] 点击元素：('xpath', "//button//span[contains(text(),'新增')]")None (basics.py:565)
[2022-09-01 09:39:43] [    INFO] 查找元素：['xpath', "//label[contains(text(),'制作类型')]/..//input"] (basics.py:102)
[2022-09-01 09:39:43] [    INFO] 点击元素：('xpath', "//label[contains(text(),'variable')]/..//input")制作类型 (basics.py:565)
[2022-09-01 09:39:43] [    INFO] 查找元素：['xpath', "//li/span[normalize-space(text())='生产BOM']"] (basics.py:102)
[2022-09-01 09:39:44] [    INFO] 点击元素：('xpath', "//li/span[normalize-space(text())='variable']")生产BOM (basics.py:565)
[2022-09-01 09:39:45] [    INFO] 查找元素：['xpath', "//label[contains(text(),'品牌')]/..//input"] (basics.py:102)
[2022-09-01 09:39:46] [    INFO] 点击元素：('xpath', "//label[contains(text(),'variable')]/..//input")品牌 (basics.py:565)
[2022-09-01 09:39:46] [    INFO] 查找元素：['xpath', "//li/span[normalize-space(text())='itel']"] (basics.py:102)
[2022-09-01 09:39:46] [    INFO] 点击元素：('xpath', "//li/span[normalize-space(text())='variable']")itel (basics.py:565)
[2022-09-01 09:39:48] [    INFO] 查找元素：['xpath', "//label[contains(text(),'机型')]/..//input"] (basics.py:102)
[2022-09-01 09:39:48] [    INFO] 输入文本：C6769 (basics.py:161)
[2022-09-01 09:39:48] [    INFO] 查找元素：['xpath', "//li[contains(text(),'C6769')]"] (basics.py:102)
[2022-09-01 09:39:49] [    INFO] 点击元素：('xpath', "//li[contains(text(),'variable')]")C6769 (basics.py:565)
[2022-09-01 09:39:50] [    INFO] 查找元素：['xpath', "//label[contains(text(),'阶段')]/..//input"] (basics.py:102)
[2022-09-01 09:39:51] [    INFO] 点击元素：('xpath', "//label[contains(text(),'variable')]/..//input")阶段 (basics.py:565)
[2022-09-01 09:39:51] [    INFO] 查找元素：['xpath', "//li/span[normalize-space(text())='量产阶段']"] (basics.py:102)
[2022-09-01 09:39:51] [    INFO] 点击元素：('xpath', "//li/span[normalize-space(text())='variable']")量产阶段 (basics.py:565)
[2022-09-01 09:39:52] [    INFO] 查找元素：['xpath', "//label[contains(text(),'市场')]/..//input"] (basics.py:102)
[2022-09-01 09:39:53] [    INFO] 点击元素：('xpath', "//label[contains(text(),'variable')]/..//input")市场 (basics.py:565)
[2022-09-01 09:39:53] [    INFO] 查找元素：['xpath', "//li/span[normalize-space(text())='孟加拉']"] (basics.py:102)
[2022-09-01 09:39:53] [    INFO] 点击元素：('xpath', "//li/span[normalize-space(text())='variable']")孟加拉 (basics.py:565)
