[2022-07-19 18:14:56] [    INFO] 【DRP】项目【test】环境- UI自动化开始执行 (conftest.py:14)
[2022-07-19 18:14:56] [    INFO] 前置条件：传音统一登录开始 (conftest.py:18)
[2022-07-19 18:15:00] [    INFO] 打开网页：http://10.250.112.166:9000/# (basics.py:58)
[2022-07-19 18:15:00] [    INFO] 查找元素：('xpath', "//div[@role='button']") (basics.py:73)
[2022-07-19 18:15:00] [    INFO] 点击元素：('xpath', "//div[@role='button']") (basics.py:157)
[2022-07-19 18:15:05] [    INFO] 查找元素：['xpath', "//*[contains(@id,'dropdown-menu-')]//li[1]"] (basics.py:73)
[2022-07-19 18:15:06] [    INFO] 查找元素：('xpath', "//div[@role='button']") (basics.py:73)
[2022-07-19 18:15:06] [    INFO] 点击元素：('xpath', "//div[@role='button']") (basics.py:157)
[2022-07-19 18:15:06] [    INFO] 查找元素：('id', 'tab-account') (basics.py:73)
[2022-07-19 18:15:06] [    INFO] 点击元素：('id', 'tab-account') (basics.py:157)
[2022-07-19 18:15:07] [    INFO] 查找元素：('xpath', "//*[@id='pane-account']/form/div[1]/div/div[1]/input") (basics.py:73)
[2022-07-19 18:15:08] [    INFO] 输入文本：18649572 (basics.py:104)
[2022-07-19 18:15:09] [    INFO] 查找元素：('xpath', "//*[@id='pane-account']/form/div[2]/div/div[1]/input") (basics.py:73)
[2022-07-19 18:15:09] [    INFO] 输入文本：xLily6x (basics.py:104)
[2022-07-19 18:15:10] [    INFO] 查找元素：('xpath', "//*[@id='pane-account']/form/div[4]/label/span/span") (basics.py:73)
[2022-07-19 18:15:10] [    INFO] 获取状态：False (basics.py:273)
[2022-07-19 18:15:10] [    INFO] 查找元素：('xpath', "//*[@id='pane-account']/form/div[4]/label/span/span") (basics.py:73)
[2022-07-19 18:15:10] [    INFO] 点击元素：('xpath', "//*[@id='pane-account']/form/div[4]/label/span/span") (basics.py:157)
[2022-07-19 18:15:11] [    INFO] 查找元素：('xpath', "//*[@id='pane-account']/form/button") (basics.py:73)
[2022-07-19 18:15:11] [    INFO] 点击元素：('xpath', "//*[@id='pane-account']/form/button") (basics.py:157)
[2022-07-19 18:15:16] [    INFO] 断言成功：URL为预期一致 | URL: http://10.250.112.166:9000/#/dashboard (assert_ui.py:190)
[2022-07-19 18:15:16] [    INFO] 断言成功: 该内容存在数据列表中 | word:隆江 (assert_ui.py:294)
[2022-07-19 18:15:16] [    INFO] 前置条件：传音统一登录成功 (conftest.py:25)
[2022-07-19 18:15:16] [    INFO] 查找元素：('xpath', '//*[@id="app"]/div/div[1]/div[2]/div[1]/div/ul/div[9]/li/div/span') (basics.py:73)
[2022-07-19 18:15:16] [    INFO] 点击元素：('xpath', '//*[@id="app"]/div/div[1]/div[2]/div[1]/div/ul/div[9]/li/div/span') (basics.py:157)
[2022-07-19 18:15:16] [    INFO] 查找元素：('xpath', "//li[@role='menuitem']//span[contains(text(),'机型库')]") (basics.py:73)
[2022-07-19 18:15:16] [    INFO] 点击元素：('xpath', "//li[@role='menuitem']//span[contains(text(),'机型库')]") (basics.py:157)
[2022-07-19 18:15:19] [    INFO] 断言成功：URL为预期一致 | URL: http://10.250.112.166:9000/#/dataManage/modelLibrary (assert_ui.py:190)
[2022-07-19 18:15:21] [    INFO] 查找元素：['xpath', "//div[@class='wrapper-tabs']//span[contains(text(),'产品信息')]"] (basics.py:73)
