[2022-08-08 17:12:26] [    INFO] 【SRM】项目【test】环境- UI自动化开始执行 (conftest.py:17)
[2022-08-08 17:12:26] [    INFO] 前置条件：传音统一登录开始 (conftest.py:22)
[2022-08-08 17:12:26] [    INFO] 打开网页：http://sitsrm.transsion.com/ELSServer_CY/login/login.html (basics.py:64)
[2022-08-08 17:12:27] [    INFO] 查找元素：('xpath', '//input[@id="elsAccount"]') (basics.py:107)
[2022-08-08 17:12:27] [    INFO] 输入文本：860000 (basics.py:138)
[2022-08-08 17:12:28] [    INFO] 查找元素：('xpath', '//input[@id="elsSubAccount"]') (basics.py:107)
[2022-08-08 17:12:28] [    INFO] 输入文本：1001 (basics.py:138)
[2022-08-08 17:12:28] [    INFO] 查找元素：('xpath', '//input[@type="password"]') (basics.py:107)
[2022-08-08 17:12:28] [    INFO] 输入文本：1qaz@WSX (basics.py:138)
[2022-08-08 17:12:28] [    INFO] 查找元素：('xpath', '//input[@id="identifyCode"]') (basics.py:107)
[2022-08-08 17:12:28] [    INFO] 点击元素：('xpath', '//input[@id="identifyCode"]') (basics.py:191)
[2022-08-08 17:12:30] [    INFO] 查找元素：('xpath', '//img[@id="code"]') (basics.py:107)
[2022-08-08 17:12:31] [    INFO] 查找元素：('xpath', '//input[@id="identifyCode"]') (basics.py:107)
[2022-08-08 17:12:31] [    INFO] 输入文本：1710 (basics.py:138)
[2022-08-08 17:12:31] [    INFO] 查找元素：('xpath', '//button[@id="submit_btn"]') (basics.py:107)
[2022-08-08 17:12:31] [    INFO] 点击元素：('xpath', '//button[@id="submit_btn"]') (basics.py:191)
[2022-08-08 17:12:32] [    INFO] 断言成功：URL为预期一致 | URL: http://sitsrm.transsion.com/ELSServer_CY/default.jsp?account=860000_1001 (assert_ui.py:190)
[2022-08-08 17:12:32] [    INFO] 前置条件：传音统一登录成功 (conftest.py:31)
[2022-08-08 17:12:32] [    INFO] 查找元素：('xpath', '//span[@title="审批列表"]') (basics.py:107)
[2022-08-08 17:12:33] [    INFO] 点击元素：('xpath', '//span[@title="审批列表"]') (basics.py:191)
[2022-08-08 17:12:35] [    INFO] 查找元素：('xpath', '//iframe[@name="iframeApp_auditList"]') (basics.py:107)
[2022-08-08 17:12:35] [    INFO] 查找元素：('xpath', '//input[@name="taskName"]') (basics.py:107)
[2022-08-08 17:12:35] [    INFO] 点击元素：('xpath', '//input[@name="taskName"]') (basics.py:191)
[2022-08-08 17:12:36] [    INFO] 查找元素：('xpath', '//input[@name="taskName"]') (basics.py:107)
[2022-08-08 17:12:36] [    INFO] 输入文本：周本林 (basics.py:138)
[2022-08-08 17:12:36] [    INFO] 查找元素：('xpath', '//button[text()=" 查询"]') (basics.py:107)
[2022-08-08 17:12:36] [    INFO] 点击元素：('xpath', '//button[text()=" 查询"]') (basics.py:191)
[2022-08-08 17:12:37] [    INFO] 查找元素：('xpath', '//input[@name="taskName"]') (basics.py:107)
[2022-08-08 17:12:37] [    INFO] 查找元素：('xpath', '//button[text()=" 查询"]') (basics.py:107)
[2022-08-08 17:12:37] [    INFO] 点击元素：('xpath', '//button[text()=" 查询"]') (basics.py:191)
[2022-08-08 17:12:38] [    INFO] 查找元素：('xpath', '//input[@name="subject"]') (basics.py:107)
[2022-08-08 17:12:38] [    INFO] 点击元素：('xpath', '//input[@name="subject"]') (basics.py:191)
[2022-08-08 17:12:39] [    INFO] 查找元素：('xpath', '//input[@name="subject"]') (basics.py:107)
[2022-08-08 17:12:39] [    INFO] 输入文本：20220628000011 (basics.py:138)
[2022-08-08 17:12:39] [    INFO] 查找元素：('xpath', '//button[text()=" 查询"]') (basics.py:107)
[2022-08-08 17:12:39] [    INFO] 点击元素：('xpath', '//button[text()=" 查询"]') (basics.py:191)
[2022-08-08 17:12:39] [    INFO] 查找元素：('xpath', '//input[@name="subject"]') (basics.py:107)
[2022-08-08 17:12:39] [    INFO] 查找元素：('xpath', '//button[text()=" 查询"]') (basics.py:107)
[2022-08-08 17:12:39] [    INFO] 点击元素：('xpath', '//button[text()=" 查询"]') (basics.py:191)
[2022-08-08 17:12:40] [    INFO] 查找元素：('xpath', '//button[text()=" 更多"]') (basics.py:107)
[2022-08-08 17:12:40] [    INFO] 点击元素：('xpath', '//button[text()=" 更多"]') (basics.py:191)
[2022-08-08 17:12:40] [    INFO] 查找元素：('xpath', '//input[@name="promoterName"]') (basics.py:107)
[2022-08-08 17:12:40] [    INFO] 点击元素：('xpath', '//input[@name="promoterName"]') (basics.py:191)
[2022-08-08 17:12:41] [    INFO] 查找元素：('xpath', '//input[@name="promoterName"]') (basics.py:107)
[2022-08-08 17:12:42] [    INFO] 输入文本：管理员 (basics.py:138)
[2022-08-08 17:12:42] [    INFO] 查找元素：('xpath', '//button[text()=" 查询"]') (basics.py:107)
[2022-08-08 17:12:42] [    INFO] 点击元素：('xpath', '//button[text()=" 查询"]') (basics.py:191)
[2022-08-08 17:12:42] [    INFO] 查找元素：('xpath', '//div[@id="pq-body-cell-u0-0-2-right"]/span') (basics.py:107)
[2022-08-08 17:12:42] [    INFO] 点击元素：('xpath', '//div[@id="pq-body-cell-u0-0-2-right"]/span') (basics.py:191)
[2022-08-08 17:28:52] [    INFO] 【SRM】项目【test】环境- UI自动化开始执行 (conftest.py:17)
[2022-08-08 17:28:52] [    INFO] 前置条件：传音统一登录开始 (conftest.py:22)
[2022-08-08 17:28:53] [    INFO] 打开网页：http://sitsrm.transsion.com/ELSServer_CY/login/login.html (basics.py:64)
[2022-08-08 17:28:53] [    INFO] 查找元素：('xpath', '//input[@id="elsAccount"]') (basics.py:107)
[2022-08-08 17:28:53] [    INFO] 输入文本：860000 (basics.py:138)
[2022-08-08 17:28:54] [    INFO] 查找元素：('xpath', '//input[@id="elsSubAccount"]') (basics.py:107)
[2022-08-08 17:28:54] [    INFO] 输入文本：1001 (basics.py:138)
[2022-08-08 17:28:54] [    INFO] 查找元素：('xpath', '//input[@type="password"]') (basics.py:107)
[2022-08-08 17:28:54] [    INFO] 输入文本：1qaz@WSX (basics.py:138)
[2022-08-08 17:28:54] [    INFO] 查找元素：('xpath', '//input[@id="identifyCode"]') (basics.py:107)
[2022-08-08 17:28:55] [    INFO] 点击元素：('xpath', '//input[@id="identifyCode"]') (basics.py:191)
[2022-08-08 17:28:56] [    INFO] 查找元素：('xpath', '//img[@id="code"]') (basics.py:107)
[2022-08-08 17:28:57] [    INFO] 查找元素：('xpath', '//input[@id="identifyCode"]') (basics.py:107)
[2022-08-08 17:28:57] [    INFO] 输入文本：1900 (basics.py:138)
[2022-08-08 17:28:57] [    INFO] 查找元素：('xpath', '//button[@id="submit_btn"]') (basics.py:107)
[2022-08-08 17:28:57] [    INFO] 点击元素：('xpath', '//button[@id="submit_btn"]') (basics.py:191)
[2022-08-08 17:28:58] [    INFO] 断言成功：URL为预期一致 | URL: http://sitsrm.transsion.com/ELSServer_CY/default.jsp?account=860000_1001 (assert_ui.py:190)
[2022-08-08 17:28:58] [    INFO] 前置条件：传音统一登录成功 (conftest.py:31)
[2022-08-08 17:28:58] [    INFO] 查找元素：('xpath', '//span[@title="审批列表"]') (basics.py:107)
[2022-08-08 17:28:58] [    INFO] 点击元素：('xpath', '//span[@title="审批列表"]') (basics.py:191)
[2022-08-08 17:29:01] [    INFO] 查找元素：('xpath', '//iframe[@name="iframeApp_auditList"]') (basics.py:107)
[2022-08-08 17:29:01] [    INFO] 查找元素：('xpath', '//input[@name="taskName"]') (basics.py:107)
[2022-08-08 17:29:01] [    INFO] 点击元素：('xpath', '//input[@name="taskName"]') (basics.py:191)
[2022-08-08 17:29:02] [    INFO] 查找元素：('xpath', '//input[@name="taskName"]') (basics.py:107)
[2022-08-08 17:29:02] [    INFO] 输入文本：周本林 (basics.py:138)
[2022-08-08 17:29:02] [    INFO] 查找元素：('xpath', '//button[text()=" 查询"]') (basics.py:107)
[2022-08-08 17:29:02] [    INFO] 点击元素：('xpath', '//button[text()=" 查询"]') (basics.py:191)
[2022-08-08 17:29:03] [    INFO] 查找元素：('xpath', '//input[@name="taskName"]') (basics.py:107)
[2022-08-08 17:29:03] [    INFO] 查找元素：('xpath', '//button[text()=" 查询"]') (basics.py:107)
[2022-08-08 17:29:03] [    INFO] 点击元素：('xpath', '//button[text()=" 查询"]') (basics.py:191)
[2022-08-08 17:29:03] [    INFO] 查找元素：('xpath', '//input[@name="subject"]') (basics.py:107)
[2022-08-08 17:29:03] [    INFO] 点击元素：('xpath', '//input[@name="subject"]') (basics.py:191)
[2022-08-08 17:29:04] [    INFO] 查找元素：('xpath', '//input[@name="subject"]') (basics.py:107)
[2022-08-08 17:29:05] [    INFO] 输入文本：20220628000011 (basics.py:138)
[2022-08-08 17:29:05] [    INFO] 查找元素：('xpath', '//button[text()=" 查询"]') (basics.py:107)
[2022-08-08 17:29:05] [    INFO] 点击元素：('xpath', '//button[text()=" 查询"]') (basics.py:191)
[2022-08-08 17:29:05] [    INFO] 查找元素：('xpath', '//input[@name="subject"]') (basics.py:107)
[2022-08-08 17:29:05] [    INFO] 查找元素：('xpath', '//button[text()=" 查询"]') (basics.py:107)
[2022-08-08 17:29:05] [    INFO] 点击元素：('xpath', '//button[text()=" 查询"]') (basics.py:191)
[2022-08-08 17:29:06] [    INFO] 查找元素：('xpath', '//span[text()="供应商审核报告：20220628000011"]') (basics.py:107)
[2022-08-08 17:29:06] [    INFO] 查找元素：('xpath', '//button[text()=" 更多"]') (basics.py:107)
[2022-08-08 17:29:06] [    INFO] 点击元素：('xpath', '//button[text()=" 更多"]') (basics.py:191)
[2022-08-08 17:29:06] [    INFO] 查找元素：('xpath', '//input[@name="promoterName"]') (basics.py:107)
[2022-08-08 17:29:06] [    INFO] 点击元素：('xpath', '//input[@name="promoterName"]') (basics.py:191)
[2022-08-08 17:29:07] [    INFO] 查找元素：('xpath', '//input[@name="promoterName"]') (basics.py:107)
[2022-08-08 17:29:07] [    INFO] 输入文本：管理员 (basics.py:138)
[2022-08-08 17:29:07] [    INFO] 查找元素：('xpath', '//button[text()=" 查询"]') (basics.py:107)
[2022-08-08 17:29:07] [    INFO] 点击元素：('xpath', '//button[text()=" 查询"]') (basics.py:191)
[2022-08-08 17:34:59] [    INFO] 【SRM】项目【test】环境- UI自动化开始执行 (conftest.py:17)
[2022-08-08 17:34:59] [    INFO] 前置条件：传音统一登录开始 (conftest.py:22)
[2022-08-08 17:34:59] [    INFO] 打开网页：http://sitsrm.transsion.com/ELSServer_CY/login/login.html (basics.py:64)
[2022-08-08 17:35:00] [    INFO] 查找元素：('xpath', '//input[@id="elsAccount"]') (basics.py:107)
[2022-08-08 17:35:00] [    INFO] 输入文本：860000 (basics.py:138)
[2022-08-08 17:35:00] [    INFO] 查找元素：('xpath', '//input[@id="elsSubAccount"]') (basics.py:107)
[2022-08-08 17:35:00] [    INFO] 输入文本：1001 (basics.py:138)
[2022-08-08 17:35:01] [    INFO] 查找元素：('xpath', '//input[@type="password"]') (basics.py:107)
[2022-08-08 17:35:01] [    INFO] 输入文本：1qaz@WSX (basics.py:138)
[2022-08-08 17:35:01] [    INFO] 查找元素：('xpath', '//input[@id="identifyCode"]') (basics.py:107)
[2022-08-08 17:35:01] [    INFO] 点击元素：('xpath', '//input[@id="identifyCode"]') (basics.py:191)
[2022-08-08 17:35:02] [    INFO] 查找元素：('xpath', '//img[@id="code"]') (basics.py:107)
[2022-08-08 17:35:04] [    INFO] 查找元素：('xpath', '//input[@id="identifyCode"]') (basics.py:107)
[2022-08-08 17:35:04] [    INFO] 输入文本：6082 (basics.py:138)
[2022-08-08 17:35:04] [    INFO] 查找元素：('xpath', '//button[@id="submit_btn"]') (basics.py:107)
[2022-08-08 17:35:04] [    INFO] 点击元素：('xpath', '//button[@id="submit_btn"]') (basics.py:191)
[2022-08-08 17:35:04] [    INFO] 断言成功：URL为预期一致 | URL: http://sitsrm.transsion.com/ELSServer_CY/default.jsp?account=860000_1001 (assert_ui.py:190)
[2022-08-08 17:35:04] [    INFO] 前置条件：传音统一登录成功 (conftest.py:31)
[2022-08-08 17:35:04] [    INFO] 查找元素：('xpath', '//span[@title="审批列表"]') (basics.py:107)
[2022-08-08 17:35:05] [    INFO] 点击元素：('xpath', '//span[@title="审批列表"]') (basics.py:191)
[2022-08-08 17:35:07] [    INFO] 查找元素：('xpath', '//iframe[@name="iframeApp_auditList"]') (basics.py:107)
[2022-08-08 17:35:07] [    INFO] 查找元素：('xpath', '//input[@name="taskName"]') (basics.py:107)
[2022-08-08 17:35:07] [    INFO] 点击元素：('xpath', '//input[@name="taskName"]') (basics.py:191)
[2022-08-08 17:35:08] [    INFO] 查找元素：('xpath', '//input[@name="taskName"]') (basics.py:107)
[2022-08-08 17:35:09] [    INFO] 输入文本：周本林 (basics.py:138)
[2022-08-08 17:35:09] [    INFO] 查找元素：('xpath', '//button[text()=" 查询"]') (basics.py:107)
[2022-08-08 17:35:09] [    INFO] 点击元素：('xpath', '//button[text()=" 查询"]') (basics.py:191)
[2022-08-08 17:35:09] [    INFO] 查找元素：('xpath', '//input[@name="taskName"]') (basics.py:107)
[2022-08-08 17:35:09] [    INFO] 查找元素：('xpath', '//button[text()=" 查询"]') (basics.py:107)
[2022-08-08 17:35:09] [    INFO] 点击元素：('xpath', '//button[text()=" 查询"]') (basics.py:191)
[2022-08-08 17:35:10] [    INFO] 查找元素：('xpath', '//input[@name="subject"]') (basics.py:107)
[2022-08-08 17:35:10] [    INFO] 点击元素：('xpath', '//input[@name="subject"]') (basics.py:191)
[2022-08-08 17:35:11] [    INFO] 查找元素：('xpath', '//input[@name="subject"]') (basics.py:107)
[2022-08-08 17:35:11] [    INFO] 输入文本：20220628000011 (basics.py:138)
[2022-08-08 17:35:11] [    INFO] 查找元素：('xpath', '//button[text()=" 查询"]') (basics.py:107)
[2022-08-08 17:35:11] [    INFO] 点击元素：('xpath', '//button[text()=" 查询"]') (basics.py:191)
[2022-08-08 17:35:11] [    INFO] 查找元素：('xpath', '//input[@name="subject"]') (basics.py:107)
[2022-08-08 17:35:11] [    INFO] 查找元素：('xpath', '//button[text()=" 查询"]') (basics.py:107)
[2022-08-08 17:35:11] [    INFO] 点击元素：('xpath', '//button[text()=" 查询"]') (basics.py:191)
[2022-08-08 17:35:12] [    INFO] 查找元素：('xpath', '//span[text()="供应商审核报告：20220628000011"]') (basics.py:107)
[2022-08-08 17:35:12] [    INFO] 查找元素：('xpath', '//button[text()=" 更多"]') (basics.py:107)
[2022-08-08 17:35:12] [    INFO] 点击元素：('xpath', '//button[text()=" 更多"]') (basics.py:191)
[2022-08-08 17:35:13] [    INFO] 查找元素：('xpath', '//input[@name="promoterName"]') (basics.py:107)
[2022-08-08 17:35:13] [    INFO] 点击元素：('xpath', '//input[@name="promoterName"]') (basics.py:191)
[2022-08-08 17:35:14] [    INFO] 查找元素：('xpath', '//input[@name="promoterName"]') (basics.py:107)
[2022-08-08 17:35:14] [    INFO] 输入文本：管理员 (basics.py:138)
[2022-08-08 17:35:14] [    INFO] 查找元素：('xpath', '//button[text()=" 查询"]') (basics.py:107)
[2022-08-08 17:35:14] [    INFO] 点击元素：('xpath', '//button[text()=" 查询"]') (basics.py:191)
[2022-08-08 17:35:14] [    INFO] 查找元素：('xpath', '//a[text()=" 审批历史"]') (basics.py:107)
[2022-08-08 17:35:14] [    INFO] 点击元素：('xpath', '//a[text()=" 审批历史"]') (basics.py:191)
[2022-08-08 17:45:01] [    INFO] 【SRM】项目【test】环境- UI自动化开始执行 (conftest.py:17)
[2022-08-08 17:45:01] [    INFO] 前置条件：传音统一登录开始 (conftest.py:22)
[2022-08-08 17:45:02] [    INFO] 打开网页：http://sitsrm.transsion.com/ELSServer_CY/login/login.html (basics.py:64)
[2022-08-08 17:45:02] [    INFO] 查找元素：('xpath', '//input[@id="elsAccount"]') (basics.py:107)
[2022-08-08 17:45:02] [    INFO] 输入文本：860000 (basics.py:138)
[2022-08-08 17:45:03] [    INFO] 查找元素：('xpath', '//input[@id="elsSubAccount"]') (basics.py:107)
[2022-08-08 17:45:03] [    INFO] 输入文本：1001 (basics.py:138)
[2022-08-08 17:45:03] [    INFO] 查找元素：('xpath', '//input[@type="password"]') (basics.py:107)
[2022-08-08 17:45:04] [    INFO] 输入文本：1qaz@WSX (basics.py:138)
[2022-08-08 17:45:04] [    INFO] 查找元素：('xpath', '//input[@id="identifyCode"]') (basics.py:107)
[2022-08-08 17:45:04] [    INFO] 点击元素：('xpath', '//input[@id="identifyCode"]') (basics.py:191)
[2022-08-08 17:45:05] [    INFO] 查找元素：('xpath', '//img[@id="code"]') (basics.py:107)
[2022-08-08 17:45:06] [    INFO] 查找元素：('xpath', '//input[@id="identifyCode"]') (basics.py:107)
[2022-08-08 17:45:06] [    INFO] 输入文本：5779 (basics.py:138)
[2022-08-08 17:45:06] [    INFO] 查找元素：('xpath', '//button[@id="submit_btn"]') (basics.py:107)
[2022-08-08 17:45:06] [    INFO] 点击元素：('xpath', '//button[@id="submit_btn"]') (basics.py:191)
[2022-08-08 17:45:07] [    INFO] 断言成功：URL为预期一致 | URL: http://sitsrm.transsion.com/ELSServer_CY/default.jsp?account=860000_1001 (assert_ui.py:190)
[2022-08-08 17:45:07] [    INFO] 前置条件：传音统一登录成功 (conftest.py:31)
[2022-08-08 17:45:07] [    INFO] 查找元素：('xpath', '//span[@title="审批列表"]') (basics.py:107)
[2022-08-08 17:45:07] [    INFO] 点击元素：('xpath', '//span[@title="审批列表"]') (basics.py:191)
[2022-08-08 17:45:10] [    INFO] 查找元素：('xpath', '//iframe[@name="iframeApp_auditList"]') (basics.py:107)
[2022-08-08 17:45:10] [    INFO] 查找元素：('xpath', '//input[@name="taskName"]') (basics.py:107)
[2022-08-08 17:45:10] [    INFO] 点击元素：('xpath', '//input[@name="taskName"]') (basics.py:191)
[2022-08-08 17:45:11] [    INFO] 查找元素：('xpath', '//input[@name="taskName"]') (basics.py:107)
[2022-08-08 17:45:11] [    INFO] 输入文本：周本林 (basics.py:138)
[2022-08-08 17:45:11] [    INFO] 查找元素：('xpath', '//button[text()=" 查询"]') (basics.py:107)
[2022-08-08 17:45:11] [    INFO] 点击元素：('xpath', '//button[text()=" 查询"]') (basics.py:191)
[2022-08-08 17:45:12] [    INFO] 查找元素：('xpath', '//input[@name="taskName"]') (basics.py:107)
[2022-08-08 17:45:12] [    INFO] 查找元素：('xpath', '//button[text()=" 查询"]') (basics.py:107)
[2022-08-08 17:45:12] [    INFO] 点击元素：('xpath', '//button[text()=" 查询"]') (basics.py:191)
[2022-08-08 17:45:12] [    INFO] 查找元素：('xpath', '//div[text()="周本林"][@tabindex="-1"]') (basics.py:107)
[2022-08-08 17:45:34] [    INFO] 查找元素：('xpath', '//input[@name="subject"]') (basics.py:107)
[2022-08-08 17:45:34] [    INFO] 点击元素：('xpath', '//input[@name="subject"]') (basics.py:191)
[2022-08-08 17:45:35] [    INFO] 查找元素：('xpath', '//input[@name="subject"]') (basics.py:107)
[2022-08-08 17:45:35] [    INFO] 输入文本：20220628000011 (basics.py:138)
[2022-08-08 17:45:35] [    INFO] 查找元素：('xpath', '//button[text()=" 查询"]') (basics.py:107)
[2022-08-08 17:45:35] [    INFO] 点击元素：('xpath', '//button[text()=" 查询"]') (basics.py:191)
[2022-08-08 17:45:35] [    INFO] 查找元素：('xpath', '//input[@name="subject"]') (basics.py:107)
[2022-08-08 17:45:35] [    INFO] 查找元素：('xpath', '//button[text()=" 查询"]') (basics.py:107)
[2022-08-08 17:45:35] [    INFO] 点击元素：('xpath', '//button[text()=" 查询"]') (basics.py:191)
[2022-08-08 17:45:36] [    INFO] 查找元素：('xpath', '//span[text()="供应商审核报告：20220628000011"]') (basics.py:107)
[2022-08-08 17:45:36] [    INFO] 查找元素：('xpath', '//button[text()=" 更多"]') (basics.py:107)
[2022-08-08 17:45:36] [    INFO] 点击元素：('xpath', '//button[text()=" 更多"]') (basics.py:191)
[2022-08-08 17:45:37] [    INFO] 查找元素：('xpath', '//input[@name="promoterName"]') (basics.py:107)
[2022-08-08 17:45:37] [    INFO] 点击元素：('xpath', '//input[@name="promoterName"]') (basics.py:191)
[2022-08-08 17:45:38] [    INFO] 查找元素：('xpath', '//input[@name="promoterName"]') (basics.py:107)
[2022-08-08 17:45:38] [    INFO] 输入文本：管理员 (basics.py:138)
[2022-08-08 17:45:38] [    INFO] 查找元素：('xpath', '//button[text()=" 查询"]') (basics.py:107)
[2022-08-08 17:45:38] [    INFO] 点击元素：('xpath', '//button[text()=" 查询"]') (basics.py:191)
[2022-08-08 17:45:38] [    INFO] 查找元素：('xpath', '//a[text()=" 审批历史"]') (basics.py:107)
[2022-08-08 17:45:38] [    INFO] 点击元素：('xpath', '//a[text()=" 审批历史"]') (basics.py:191)
[2022-08-08 17:48:53] [    INFO] 【SRM】项目【test】环境- UI自动化开始执行 (conftest.py:17)
[2022-08-08 17:48:53] [    INFO] 前置条件：传音统一登录开始 (conftest.py:22)
[2022-08-08 17:48:54] [    INFO] 打开网页：http://sitsrm.transsion.com/ELSServer_CY/login/login.html (basics.py:64)
[2022-08-08 17:48:54] [    INFO] 查找元素：('xpath', '//input[@id="elsAccount"]') (basics.py:107)
[2022-08-08 17:48:54] [    INFO] 输入文本：860000 (basics.py:138)
[2022-08-08 17:48:55] [    INFO] 查找元素：('xpath', '//input[@id="elsSubAccount"]') (basics.py:107)
[2022-08-08 17:48:55] [    INFO] 输入文本：1001 (basics.py:138)
[2022-08-08 17:48:55] [    INFO] 查找元素：('xpath', '//input[@type="password"]') (basics.py:107)
[2022-08-08 17:48:55] [    INFO] 输入文本：1qaz@WSX (basics.py:138)
[2022-08-08 17:48:55] [    INFO] 查找元素：('xpath', '//input[@id="identifyCode"]') (basics.py:107)
[2022-08-08 17:48:55] [    INFO] 点击元素：('xpath', '//input[@id="identifyCode"]') (basics.py:191)
[2022-08-08 17:48:57] [    INFO] 查找元素：('xpath', '//img[@id="code"]') (basics.py:107)
[2022-08-08 17:48:58] [    INFO] 查找元素：('xpath', '//input[@id="identifyCode"]') (basics.py:107)
[2022-08-08 17:48:58] [    INFO] 输入文本：8922 (basics.py:138)
[2022-08-08 17:48:58] [    INFO] 查找元素：('xpath', '//button[@id="submit_btn"]') (basics.py:107)
[2022-08-08 17:48:58] [    INFO] 点击元素：('xpath', '//button[@id="submit_btn"]') (basics.py:191)
[2022-08-08 17:48:59] [    INFO] 断言成功：URL为预期一致 | URL: http://sitsrm.transsion.com/ELSServer_CY/default.jsp?account=860000_1001 (assert_ui.py:190)
[2022-08-08 17:48:59] [    INFO] 前置条件：传音统一登录成功 (conftest.py:31)
[2022-08-08 17:48:59] [    INFO] 查找元素：('xpath', '//span[@title="审批列表"]') (basics.py:107)
[2022-08-08 17:48:59] [    INFO] 点击元素：('xpath', '//span[@title="审批列表"]') (basics.py:191)
[2022-08-08 17:49:02] [    INFO] 查找元素：('xpath', '//iframe[@name="iframeApp_auditList"]') (basics.py:107)
[2022-08-08 17:49:02] [    INFO] 查找元素：('xpath', '//input[@name="taskName"]') (basics.py:107)
[2022-08-08 17:49:02] [    INFO] 点击元素：('xpath', '//input[@name="taskName"]') (basics.py:191)
[2022-08-08 17:49:03] [    INFO] 查找元素：('xpath', '//input[@name="taskName"]') (basics.py:107)
[2022-08-08 17:49:03] [    INFO] 输入文本：周本林 (basics.py:138)
[2022-08-08 17:49:03] [    INFO] 查找元素：('xpath', '//button[text()=" 查询"]') (basics.py:107)
[2022-08-08 17:49:03] [    INFO] 点击元素：('xpath', '//button[text()=" 查询"]') (basics.py:191)
[2022-08-08 17:49:04] [    INFO] 查找元素：('xpath', '//input[@name="taskName"]') (basics.py:107)
[2022-08-08 17:49:04] [    INFO] 查找元素：('xpath', '//button[text()=" 查询"]') (basics.py:107)
[2022-08-08 17:49:04] [    INFO] 点击元素：('xpath', '//button[text()=" 查询"]') (basics.py:191)
[2022-08-08 17:49:04] [    INFO] 查找元素：('xpath', '//div[text()="周本林"][@tabindex="-1"]') (basics.py:107)
[2022-08-08 17:49:26] [    INFO] 查找元素：('xpath', '//input[@name="subject"]') (basics.py:107)
[2022-08-08 17:49:26] [    INFO] 点击元素：('xpath', '//input[@name="subject"]') (basics.py:191)
[2022-08-08 17:49:27] [    INFO] 查找元素：('xpath', '//input[@name="subject"]') (basics.py:107)
[2022-08-08 17:49:27] [    INFO] 输入文本：20220628000011 (basics.py:138)
[2022-08-08 17:49:27] [    INFO] 查找元素：('xpath', '//button[text()=" 查询"]') (basics.py:107)
[2022-08-08 17:49:27] [    INFO] 点击元素：('xpath', '//button[text()=" 查询"]') (basics.py:191)
[2022-08-08 17:49:27] [    INFO] 查找元素：('xpath', '//input[@name="subject"]') (basics.py:107)
[2022-08-08 17:49:27] [    INFO] 查找元素：('xpath', '//button[text()=" 查询"]') (basics.py:107)
[2022-08-08 17:49:28] [    INFO] 点击元素：('xpath', '//button[text()=" 查询"]') (basics.py:191)
[2022-08-08 17:49:28] [    INFO] 查找元素：('xpath', '//span[text()="供应商审核报告：20220628000011"]') (basics.py:107)
[2022-08-08 17:49:28] [    INFO] 查找元素：('xpath', '//button[text()=" 更多"]') (basics.py:107)
[2022-08-08 17:49:28] [    INFO] 点击元素：('xpath', '//button[text()=" 更多"]') (basics.py:191)
[2022-08-08 17:49:29] [    INFO] 查找元素：('xpath', '//input[@name="promoterName"]') (basics.py:107)
[2022-08-08 17:49:29] [    INFO] 点击元素：('xpath', '//input[@name="promoterName"]') (basics.py:191)
[2022-08-08 17:49:30] [    INFO] 查找元素：('xpath', '//input[@name="promoterName"]') (basics.py:107)
[2022-08-08 17:49:30] [    INFO] 输入文本：管理员 (basics.py:138)
[2022-08-08 17:49:30] [    INFO] 查找元素：('xpath', '//button[text()=" 查询"]') (basics.py:107)
[2022-08-08 17:49:30] [    INFO] 点击元素：('xpath', '//button[text()=" 查询"]') (basics.py:191)
[2022-08-08 17:49:30] [    INFO] 查找元素：('xpath', '//a[text()=" 审批历史"]') (basics.py:107)
[2022-08-08 17:49:30] [    INFO] 点击元素：('xpath', '//a[text()=" 审批历史"]') (basics.py:191)
[2022-08-08 17:50:13] [    INFO] 【SRM】项目【test】环境- UI自动化开始执行 (conftest.py:17)
[2022-08-08 17:50:13] [    INFO] 前置条件：传音统一登录开始 (conftest.py:22)
[2022-08-08 17:50:14] [    INFO] 打开网页：http://sitsrm.transsion.com/ELSServer_CY/login/login.html (basics.py:64)
[2022-08-08 17:50:15] [    INFO] 查找元素：('xpath', '//input[@id="elsAccount"]') (basics.py:107)
[2022-08-08 17:50:15] [    INFO] 输入文本：860000 (basics.py:138)
[2022-08-08 17:50:15] [    INFO] 查找元素：('xpath', '//input[@id="elsSubAccount"]') (basics.py:107)
[2022-08-08 17:50:15] [    INFO] 输入文本：1001 (basics.py:138)
[2022-08-08 17:50:16] [    INFO] 查找元素：('xpath', '//input[@type="password"]') (basics.py:107)
[2022-08-08 17:50:16] [    INFO] 输入文本：1qaz@WSX (basics.py:138)
[2022-08-08 17:50:16] [    INFO] 查找元素：('xpath', '//input[@id="identifyCode"]') (basics.py:107)
[2022-08-08 17:50:16] [    INFO] 点击元素：('xpath', '//input[@id="identifyCode"]') (basics.py:191)
[2022-08-08 17:50:17] [    INFO] 查找元素：('xpath', '//img[@id="code"]') (basics.py:107)
[2022-08-08 17:50:19] [    INFO] 查找元素：('xpath', '//input[@id="identifyCode"]') (basics.py:107)
[2022-08-08 17:50:19] [    INFO] 输入文本：7717 (basics.py:138)
[2022-08-08 17:50:19] [    INFO] 查找元素：('xpath', '//button[@id="submit_btn"]') (basics.py:107)
[2022-08-08 17:50:19] [    INFO] 点击元素：('xpath', '//button[@id="submit_btn"]') (basics.py:191)
[2022-08-08 17:50:20] [    INFO] 断言成功：URL为预期一致 | URL: http://sitsrm.transsion.com/ELSServer_CY/default.jsp?account=860000_1001 (assert_ui.py:190)
[2022-08-08 17:50:20] [    INFO] 前置条件：传音统一登录成功 (conftest.py:31)
[2022-08-08 17:50:20] [    INFO] 查找元素：('xpath', '//span[@title="审批列表"]') (basics.py:107)
[2022-08-08 17:50:20] [    INFO] 点击元素：('xpath', '//span[@title="审批列表"]') (basics.py:191)
[2022-08-08 17:50:22] [    INFO] 查找元素：('xpath', '//iframe[@name="iframeApp_auditList"]') (basics.py:107)
[2022-08-08 17:50:22] [    INFO] 查找元素：('xpath', '//input[@name="taskName"]') (basics.py:107)
[2022-08-08 17:50:22] [    INFO] 点击元素：('xpath', '//input[@name="taskName"]') (basics.py:191)
[2022-08-08 17:50:23] [    INFO] 查找元素：('xpath', '//input[@name="taskName"]') (basics.py:107)
[2022-08-08 17:50:24] [    INFO] 输入文本：周本林 (basics.py:138)
[2022-08-08 17:50:24] [    INFO] 查找元素：('xpath', '//button[text()=" 查询"]') (basics.py:107)
[2022-08-08 17:50:24] [    INFO] 点击元素：('xpath', '//button[text()=" 查询"]') (basics.py:191)
[2022-08-08 17:50:24] [    INFO] 查找元素：('xpath', '//div[text()="周本林"][@tabindex="-1"]') (basics.py:107)
[2022-08-08 17:50:46] [    INFO] 查找元素：('xpath', '//input[@name="subject"]') (basics.py:107)
[2022-08-08 17:50:46] [    INFO] 点击元素：('xpath', '//input[@name="subject"]') (basics.py:191)
[2022-08-08 17:50:47] [    INFO] 查找元素：('xpath', '//input[@name="subject"]') (basics.py:107)
[2022-08-08 17:50:47] [    INFO] 输入文本：20220628000011 (basics.py:138)
[2022-08-08 17:50:47] [    INFO] 查找元素：('xpath', '//button[text()=" 查询"]') (basics.py:107)
[2022-08-08 17:50:47] [    INFO] 点击元素：('xpath', '//button[text()=" 查询"]') (basics.py:191)
[2022-08-08 17:50:47] [    INFO] 查找元素：('xpath', '//input[@name="subject"]') (basics.py:107)
[2022-08-08 17:50:47] [    INFO] 查找元素：('xpath', '//button[text()=" 查询"]') (basics.py:107)
[2022-08-08 17:50:47] [    INFO] 点击元素：('xpath', '//button[text()=" 查询"]') (basics.py:191)
[2022-08-08 17:50:48] [    INFO] 查找元素：('xpath', '//span[text()="供应商审核报告：20220628000011"]') (basics.py:107)
[2022-08-08 17:51:09] [    INFO] 查找元素：('xpath', '//button[text()=" 更多"]') (basics.py:107)
[2022-08-08 17:51:09] [    INFO] 点击元素：('xpath', '//button[text()=" 更多"]') (basics.py:191)
[2022-08-08 17:51:10] [    INFO] 查找元素：('xpath', '//input[@name="promoterName"]') (basics.py:107)
[2022-08-08 17:51:10] [    INFO] 点击元素：('xpath', '//input[@name="promoterName"]') (basics.py:191)
[2022-08-08 17:51:11] [    INFO] 查找元素：('xpath', '//input[@name="promoterName"]') (basics.py:107)
[2022-08-08 17:51:11] [    INFO] 输入文本：管理员 (basics.py:138)
[2022-08-08 17:51:11] [    INFO] 查找元素：('xpath', '//button[text()=" 查询"]') (basics.py:107)
[2022-08-08 17:51:11] [    INFO] 点击元素：('xpath', '//button[text()=" 查询"]') (basics.py:191)
[2022-08-08 17:51:11] [    INFO] 查找元素：('xpath', '//a[text()=" 审批历史"]') (basics.py:107)
[2022-08-08 17:51:11] [    INFO] 点击元素：('xpath', '//a[text()=" 审批历史"]') (basics.py:191)
[2022-08-08 17:55:13] [    INFO] 【SRM】项目【test】环境- UI自动化开始执行 (conftest.py:17)
[2022-08-08 17:55:13] [    INFO] 前置条件：传音统一登录开始 (conftest.py:22)
[2022-08-08 17:55:14] [    INFO] 打开网页：http://sitsrm.transsion.com/ELSServer_CY/login/login.html (basics.py:64)
[2022-08-08 17:55:15] [    INFO] 查找元素：('xpath', '//input[@id="elsAccount"]') (basics.py:107)
[2022-08-08 17:55:15] [    INFO] 输入文本：860000 (basics.py:138)
[2022-08-08 17:55:15] [    INFO] 查找元素：('xpath', '//input[@id="elsSubAccount"]') (basics.py:107)
[2022-08-08 17:55:15] [    INFO] 输入文本：1001 (basics.py:138)
[2022-08-08 17:55:16] [    INFO] 查找元素：('xpath', '//input[@type="password"]') (basics.py:107)
[2022-08-08 17:55:16] [    INFO] 输入文本：1qaz@WSX (basics.py:138)
[2022-08-08 17:55:16] [    INFO] 查找元素：('xpath', '//input[@id="identifyCode"]') (basics.py:107)
[2022-08-08 17:55:16] [    INFO] 点击元素：('xpath', '//input[@id="identifyCode"]') (basics.py:191)
[2022-08-08 17:55:17] [    INFO] 查找元素：('xpath', '//img[@id="code"]') (basics.py:107)
[2022-08-08 17:55:18] [    INFO] 查找元素：('xpath', '//input[@id="identifyCode"]') (basics.py:107)
[2022-08-08 17:55:19] [    INFO] 输入文本：1023 (basics.py:138)
[2022-08-08 17:55:19] [    INFO] 查找元素：('xpath', '//button[@id="submit_btn"]') (basics.py:107)
[2022-08-08 17:55:19] [    INFO] 点击元素：('xpath', '//button[@id="submit_btn"]') (basics.py:191)
[2022-08-08 17:55:19] [    INFO] 断言成功：URL为预期一致 | URL: http://sitsrm.transsion.com/ELSServer_CY/default.jsp?account=860000_1001 (assert_ui.py:190)
[2022-08-08 17:55:19] [    INFO] 前置条件：传音统一登录成功 (conftest.py:31)
[2022-08-08 17:55:19] [    INFO] 查找元素：('xpath', '//span[@title="审批列表"]') (basics.py:107)
[2022-08-08 17:55:20] [    INFO] 点击元素：('xpath', '//span[@title="审批列表"]') (basics.py:191)
[2022-08-08 17:55:22] [    INFO] 查找元素：('xpath', '//iframe[@name="iframeApp_auditList"]') (basics.py:107)
[2022-08-08 17:55:22] [    INFO] 查找元素：('xpath', '//input[@name="taskName"]') (basics.py:107)
[2022-08-08 17:55:22] [    INFO] 点击元素：('xpath', '//input[@name="taskName"]') (basics.py:191)
[2022-08-08 17:55:23] [    INFO] 查找元素：('xpath', '//input[@name="taskName"]') (basics.py:107)
[2022-08-08 17:55:23] [    INFO] 输入文本：周本林 (basics.py:138)
[2022-08-08 17:55:23] [    INFO] 查找元素：('xpath', '//button[text()=" 查询"]') (basics.py:107)
[2022-08-08 17:55:23] [    INFO] 点击元素：('xpath', '//button[text()=" 查询"]') (basics.py:191)
[2022-08-08 17:55:24] [    INFO] 查找元素：('xpath', '//input[@name="taskName"]') (basics.py:107)
[2022-08-08 17:55:24] [    INFO] 查找元素：('xpath', '//button[text()=" 查询"]') (basics.py:107)
[2022-08-08 17:55:24] [    INFO] 点击元素：('xpath', '//button[text()=" 查询"]') (basics.py:191)
[2022-08-08 17:55:24] [    INFO] 查找元素：('xpath', '//div[text()="周本林"][@id="pq-body-cell-u0-0-5-right"]') (basics.py:107)
[2022-08-08 17:55:25] [    INFO] 查找元素：('xpath', '//input[@name="subject"]') (basics.py:107)
[2022-08-08 17:55:25] [    INFO] 点击元素：('xpath', '//input[@name="subject"]') (basics.py:191)
[2022-08-08 17:55:26] [    INFO] 查找元素：('xpath', '//input[@name="subject"]') (basics.py:107)
[2022-08-08 17:55:26] [    INFO] 输入文本：20220628000011 (basics.py:138)
[2022-08-08 17:55:26] [    INFO] 查找元素：('xpath', '//button[text()=" 查询"]') (basics.py:107)
[2022-08-08 17:55:26] [    INFO] 点击元素：('xpath', '//button[text()=" 查询"]') (basics.py:191)
[2022-08-08 17:55:26] [    INFO] 查找元素：('xpath', '//input[@name="subject"]') (basics.py:107)
[2022-08-08 17:55:26] [    INFO] 查找元素：('xpath', '//button[text()=" 查询"]') (basics.py:107)
[2022-08-08 17:55:26] [    INFO] 点击元素：('xpath', '//button[text()=" 查询"]') (basics.py:191)
[2022-08-08 17:55:27] [    INFO] 查找元素：('xpath', '//span[text()="供应商审核报告：20220628000011"]') (basics.py:107)
[2022-08-08 17:55:27] [    INFO] 查找元素：('xpath', '//button[text()=" 更多"]') (basics.py:107)
[2022-08-08 17:55:27] [    INFO] 点击元素：('xpath', '//button[text()=" 更多"]') (basics.py:191)
[2022-08-08 17:55:27] [    INFO] 查找元素：('xpath', '//input[@name="promoterName"]') (basics.py:107)
[2022-08-08 17:55:28] [    INFO] 点击元素：('xpath', '//input[@name="promoterName"]') (basics.py:191)
[2022-08-08 17:55:29] [    INFO] 查找元素：('xpath', '//input[@name="promoterName"]') (basics.py:107)
[2022-08-08 17:55:29] [    INFO] 输入文本：管理员 (basics.py:138)
[2022-08-08 17:55:29] [    INFO] 查找元素：('xpath', '//button[text()=" 查询"]') (basics.py:107)
[2022-08-08 17:55:29] [    INFO] 点击元素：('xpath', '//button[text()=" 查询"]') (basics.py:191)
[2022-08-08 17:55:29] [    INFO] 查找元素：('xpath', '//a[text()=" 审批历史"]') (basics.py:107)
[2022-08-08 17:55:29] [    INFO] 点击元素：('xpath', '//a[text()=" 审批历史"]') (basics.py:191)
[2022-08-08 17:56:05] [    INFO] 【SRM】项目【test】环境- UI自动化开始执行 (conftest.py:17)
[2022-08-08 17:56:05] [    INFO] 前置条件：传音统一登录开始 (conftest.py:22)
[2022-08-08 17:56:06] [    INFO] 打开网页：http://sitsrm.transsion.com/ELSServer_CY/login/login.html (basics.py:64)
[2022-08-08 17:56:06] [    INFO] 查找元素：('xpath', '//input[@id="elsAccount"]') (basics.py:107)
[2022-08-08 17:56:06] [    INFO] 输入文本：860000 (basics.py:138)
[2022-08-08 17:56:07] [    INFO] 查找元素：('xpath', '//input[@id="elsSubAccount"]') (basics.py:107)
[2022-08-08 17:56:07] [    INFO] 输入文本：1001 (basics.py:138)
[2022-08-08 17:56:08] [    INFO] 查找元素：('xpath', '//input[@type="password"]') (basics.py:107)
[2022-08-08 17:56:08] [    INFO] 输入文本：1qaz@WSX (basics.py:138)
[2022-08-08 17:56:08] [    INFO] 查找元素：('xpath', '//input[@id="identifyCode"]') (basics.py:107)
[2022-08-08 17:56:08] [    INFO] 点击元素：('xpath', '//input[@id="identifyCode"]') (basics.py:191)
[2022-08-08 17:56:09] [    INFO] 查找元素：('xpath', '//img[@id="code"]') (basics.py:107)
[2022-08-08 17:56:10] [    INFO] 查找元素：('xpath', '//input[@id="identifyCode"]') (basics.py:107)
[2022-08-08 17:56:10] [    INFO] 输入文本：4326 (basics.py:138)
[2022-08-08 17:56:10] [    INFO] 查找元素：('xpath', '//button[@id="submit_btn"]') (basics.py:107)
[2022-08-08 17:56:10] [    INFO] 点击元素：('xpath', '//button[@id="submit_btn"]') (basics.py:191)
[2022-08-08 17:56:11] [    INFO] 断言成功：URL为预期一致 | URL: http://sitsrm.transsion.com/ELSServer_CY/default.jsp?account=860000_1001 (assert_ui.py:190)
[2022-08-08 17:56:11] [    INFO] 前置条件：传音统一登录成功 (conftest.py:31)
[2022-08-08 17:56:11] [    INFO] 查找元素：('xpath', '//span[@title="审批列表"]') (basics.py:107)
[2022-08-08 17:56:11] [    INFO] 点击元素：('xpath', '//span[@title="审批列表"]') (basics.py:191)
[2022-08-08 17:56:13] [    INFO] 查找元素：('xpath', '//iframe[@name="iframeApp_auditList"]') (basics.py:107)
[2022-08-08 17:56:13] [    INFO] 查找元素：('xpath', '//input[@name="taskName"]') (basics.py:107)
[2022-08-08 17:56:14] [    INFO] 点击元素：('xpath', '//input[@name="taskName"]') (basics.py:191)
[2022-08-08 17:56:15] [    INFO] 查找元素：('xpath', '//input[@name="taskName"]') (basics.py:107)
[2022-08-08 17:56:15] [    INFO] 输入文本：周本林 (basics.py:138)
[2022-08-08 17:56:15] [    INFO] 查找元素：('xpath', '//button[text()=" 查询"]') (basics.py:107)
[2022-08-08 17:56:15] [    INFO] 点击元素：('xpath', '//button[text()=" 查询"]') (basics.py:191)
[2022-08-08 17:56:15] [    INFO] 查找元素：('xpath', '//input[@name="taskName"]') (basics.py:107)
[2022-08-08 17:56:15] [    INFO] 查找元素：('xpath', '//button[text()=" 查询"]') (basics.py:107)
[2022-08-08 17:56:15] [    INFO] 点击元素：('xpath', '//button[text()=" 查询"]') (basics.py:191)
[2022-08-08 17:56:16] [    INFO] 查找元素：('xpath', '//div[text()="周本林"][@id="pq-body-cell-u0-0-5-right"]') (basics.py:107)
[2022-08-08 17:56:16] [    INFO] 查找元素：('xpath', '//input[@name="subject"]') (basics.py:107)
[2022-08-08 17:56:16] [    INFO] 点击元素：('xpath', '//input[@name="subject"]') (basics.py:191)
[2022-08-08 17:56:17] [    INFO] 查找元素：('xpath', '//input[@name="subject"]') (basics.py:107)
[2022-08-08 17:56:17] [    INFO] 输入文本：20220628000011 (basics.py:138)
[2022-08-08 17:56:17] [    INFO] 查找元素：('xpath', '//button[text()=" 查询"]') (basics.py:107)
[2022-08-08 17:56:17] [    INFO] 点击元素：('xpath', '//button[text()=" 查询"]') (basics.py:191)
[2022-08-08 17:56:18] [    INFO] 查找元素：('xpath', '//input[@name="subject"]') (basics.py:107)
[2022-08-08 17:56:18] [    INFO] 查找元素：('xpath', '//button[text()=" 查询"]') (basics.py:107)
[2022-08-08 17:56:18] [    INFO] 点击元素：('xpath', '//button[text()=" 查询"]') (basics.py:191)
[2022-08-08 17:56:18] [    INFO] 查找元素：('xpath', '//span[text()="供应商审核报告：20220628000011"]') (basics.py:107)
[2022-08-08 17:56:19] [    INFO] 查找元素：('xpath', '//button[text()=" 更多"]') (basics.py:107)
[2022-08-08 17:56:19] [    INFO] 点击元素：('xpath', '//button[text()=" 更多"]') (basics.py:191)
[2022-08-08 17:56:20] [    INFO] 查找元素：('xpath', '//input[@name="promoterName"]') (basics.py:107)
[2022-08-08 17:56:20] [    INFO] 点击元素：('xpath', '//input[@name="promoterName"]') (basics.py:191)
[2022-08-08 17:56:21] [    INFO] 查找元素：('xpath', '//input[@name="promoterName"]') (basics.py:107)
[2022-08-08 17:56:21] [    INFO] 输入文本：管理员 (basics.py:138)
[2022-08-08 17:56:21] [    INFO] 查找元素：('xpath', '//button[text()=" 查询"]') (basics.py:107)
[2022-08-08 17:56:21] [    INFO] 点击元素：('xpath', '//button[text()=" 查询"]') (basics.py:191)
[2022-08-08 17:56:21] [    INFO] 查找元素：('xpath', '//a[text()=" 审批历史"]') (basics.py:107)
[2022-08-08 17:56:21] [    INFO] 点击元素：('xpath', '//a[text()=" 审批历史"]') (basics.py:191)
