[2022-08-01 16:12:38] [    INFO] 【SRM】项目【test】环境- UI自动化开始执行 (conftest.py:17)
[2022-08-01 16:12:38] [    INFO] 前置条件：传音统一登录开始 (conftest.py:24)
[2022-08-01 16:12:40] [    INFO] 打开网页：http://sitsrm.transsion.com/ELSServer_CY (basics.py:64)
[2022-08-01 16:12:40] [    INFO] 查找元素：('xpath', "//div[@role='button']") (basics.py:107)
[2022-08-01 16:14:24] [    INFO] 【SRM】项目【test】环境- UI自动化开始执行 (conftest.py:17)
[2022-08-01 16:14:24] [    INFO] 前置条件：传音统一登录开始 (conftest.py:24)
[2022-08-01 16:14:26] [    INFO] 打开网页：http://sitsrm.transsion.com/ELSServer_CY/login/login.html (basics.py:64)
[2022-08-01 16:14:26] [    INFO] 查找元素：('xpath', '//input[@id="elsSubAccount"]') (basics.py:107)
[2022-08-01 16:14:27] [    INFO] 输入文本：1001 (basics.py:138)
[2022-08-01 16:14:27] [    INFO] 查找元素：('xpath', '//input[@id="elsAccount"]') (basics.py:107)
[2022-08-01 16:14:27] [    INFO] 输入文本：860000 (basics.py:138)
[2022-08-01 16:14:27] [    INFO] 查找元素：('xpath', '//button[@id="submit_btn"]') (basics.py:107)
[2022-08-01 16:14:27] [    INFO] 点击元素：('xpath', '//button[@id="submit_btn"]') (basics.py:191)
[2022-08-01 16:14:28] [ WARNING] 断言失败：URL为预期不一致 | URL: http://sitsrm.transsion.com/ELSServer_CY/login/login.html (assert_ui.py:189)
[2022-08-01 16:14:28] [   ERROR] None
assert 'http://sitsrm.transsion.com/ELSServer_CY/dashboard' in 'http://sitsrm.transsion.com/ELSServer_CY/login/login.html' (assert_ui.py:192)
[2022-08-01 16:19:06] [    INFO] 【SRM】项目【test】环境- UI自动化开始执行 (conftest.py:17)
[2022-08-01 16:19:06] [    INFO] 前置条件：传音统一登录开始 (conftest.py:24)
[2022-08-01 16:19:07] [    INFO] 打开网页：http://sitsrm.transsion.com/ELSServer_CY/login/login.html (basics.py:64)
[2022-08-01 16:19:07] [    INFO] 查找元素：('xpath', '//input[@id="elsSubAccount"]') (basics.py:107)
[2022-08-01 16:19:08] [    INFO] 输入文本：1001 (basics.py:138)
[2022-08-01 16:19:08] [    INFO] 查找元素：('xpath', '//input[@id="elsAccount"]') (basics.py:107)
[2022-08-01 16:19:08] [    INFO] 输入文本：860000 (basics.py:138)
[2022-08-01 16:19:09] [    INFO] 查找元素：('xpath', '//input[@type="password"]') (basics.py:107)
[2022-08-01 16:19:09] [    INFO] 输入文本：1qaz@WSX (basics.py:138)
[2022-08-01 16:19:09] [    INFO] 查找元素：('xpath', '//input[@id="identifyCode"]') (basics.py:107)
[2022-08-01 16:19:09] [    INFO] 点击元素：('xpath', '//input[@id="identifyCode"]') (basics.py:191)
[2022-08-01 16:19:13] [    INFO] 查找元素：('xpath', '//img[@id="code"]') (basics.py:107)
[2022-08-01 16:19:14] [    INFO] 查找元素：('xpath', '//input[@id="identifyCode"]') (basics.py:107)
[2022-08-01 16:19:14] [    INFO] 输入文本：0190 (basics.py:138)
[2022-08-01 16:19:14] [    INFO] 查找元素：('xpath', '//button[@id="submit_btn"]') (basics.py:107)
[2022-08-01 16:19:14] [    INFO] 点击元素：('xpath', '//button[@id="submit_btn"]') (basics.py:191)
[2022-08-01 16:19:16] [    INFO] 断言成功：URL为预期一致 | URL: http://sitsrm.transsion.com/ELSServer_CY/default.jsp?account=860000_1001 (assert_ui.py:190)
[2022-08-01 16:19:16] [    INFO] 前置条件：传音统一登录成功 (conftest.py:33)
[2022-08-01 16:19:16] [    INFO] 查找元素：('xpath', '//span[@title="审批列表"]') (basics.py:107)
[2022-08-01 16:19:16] [    INFO] 点击元素：('xpath', '//span[@title="审批列表"]') (basics.py:191)
[2022-08-01 16:19:18] [    INFO] 查找元素：('xpath', '//iframe[@name="iframeApp_auditList"]') (basics.py:107)
[2022-08-01 16:19:18] [    INFO] 查找元素：('xpath', '//input[@name="taskName"]') (basics.py:107)
[2022-08-01 16:19:19] [    INFO] 点击元素：('xpath', '//input[@name="taskName"]') (basics.py:191)
[2022-08-01 16:19:20] [    INFO] 查找元素：('xpath', '//input[@name="taskName"]') (basics.py:107)
[2022-08-01 16:19:20] [    INFO] 输入文本：周本林 (basics.py:138)
[2022-08-01 16:19:20] [    INFO] 查找元素：('xpath', '//button[text()=" 查询"]') (basics.py:107)
[2022-08-01 16:19:20] [    INFO] 点击元素：('xpath', '//button[text()=" 查询"]') (basics.py:191)
