[2022-08-10 13:46:12] [    INFO] 【DRP】项目【test】环境- UI自动化开始执行 (conftest.py:14)
[2022-08-10 13:46:12] [    INFO] 前置条件：传音统一登录开始 (conftest.py:18)
[2022-08-10 13:46:15] [    INFO] 打开网页：http://10.250.112.166:9000/# (basics.py:64)
[2022-08-10 13:46:15] [    INFO] 查找元素：('xpath', "//div[@role='button']") (basics.py:107)
[2022-08-10 13:46:15] [    INFO] 点击元素：('xpath', "//div[@role='button']") (basics.py:191)
[2022-08-10 13:46:20] [    INFO] 查找元素：['xpath', "//*[contains(@id,'dropdown-menu-')]//li[1]"] (basics.py:107)
[2022-08-10 13:46:21] [    INFO] 查找元素：('xpath', "//div[@role='button']") (basics.py:107)
[2022-08-10 13:46:21] [    INFO] 点击元素：('xpath', "//div[@role='button']") (basics.py:191)
[2022-08-10 13:46:21] [    INFO] 查找元素：('id', 'tab-account') (basics.py:107)
[2022-08-10 13:46:21] [    INFO] 点击元素：('id', 'tab-account') (basics.py:191)
[2022-08-10 13:46:22] [    INFO] 查找元素：('xpath', "//*[@id='pane-account']/form/div[1]/div/div[1]/input") (basics.py:107)
[2022-08-10 13:46:23] [    INFO] 输入文本：18649572 (basics.py:138)
[2022-08-10 13:46:24] [    INFO] 查找元素：('xpath', "//*[@id='pane-account']/form/div[2]/div/div[1]/input") (basics.py:107)
[2022-08-10 13:46:24] [    INFO] 输入文本：xLily6x (basics.py:138)
[2022-08-10 13:46:25] [    INFO] 查找元素：('xpath', "//*[@id='pane-account']/form/div[4]/label/span/span") (basics.py:107)
[2022-08-10 13:54:27] [    INFO] 【DRP】项目【test】环境- UI自动化开始执行 (conftest.py:14)
[2022-08-10 13:54:27] [    INFO] 前置条件：传音统一登录开始 (conftest.py:18)
[2022-08-10 13:54:30] [    INFO] 打开网页：http://10.250.112.166:9000/# (basics.py:64)
[2022-08-10 13:54:30] [    INFO] 查找元素：('xpath', "//div[@role='button']") (basics.py:107)
[2022-08-10 13:54:31] [    INFO] 点击元素：('xpath', "//div[@role='button']") (basics.py:191)
[2022-08-10 13:54:35] [    INFO] 查找元素：['xpath', "//*[contains(@id,'dropdown-menu-')]//li[1]"] (basics.py:107)
[2022-08-10 13:54:36] [    INFO] 查找元素：('xpath', "//div[@role='button']") (basics.py:107)
[2022-08-10 13:54:36] [    INFO] 点击元素：('xpath', "//div[@role='button']") (basics.py:191)
[2022-08-10 13:54:37] [    INFO] 查找元素：('id', 'tab-account') (basics.py:107)
[2022-08-10 13:54:37] [    INFO] 点击元素：('id', 'tab-account') (basics.py:191)
[2022-08-10 13:54:38] [    INFO] 查找元素：('xpath', "//*[@id='pane-account']/form/div[1]/div/div[1]/input") (basics.py:107)
[2022-08-10 13:54:38] [    INFO] 输入文本：18649572 (basics.py:138)
[2022-08-10 13:54:39] [    INFO] 查找元素：('xpath', "//*[@id='pane-account']/form/div[2]/div/div[1]/input") (basics.py:107)
[2022-08-10 13:54:39] [    INFO] 输入文本：xLily6x (basics.py:138)
[2022-08-10 13:54:40] [    INFO] 查找元素：('xpath', "//*[@id='pane-account']/form/div[4]/label/span/span") (basics.py:107)
[2022-08-10 13:55:50] [    INFO] 【DRP】项目【test】环境- UI自动化开始执行 (conftest.py:14)
[2022-08-10 13:55:50] [    INFO] 前置条件：传音统一登录开始 (conftest.py:18)
[2022-08-10 13:55:53] [    INFO] 打开网页：http://10.250.112.166:9000/# (basics.py:64)
[2022-08-10 13:55:53] [    INFO] 查找元素：('xpath', "//div[@role='button']") (basics.py:107)
[2022-08-10 13:55:53] [    INFO] 点击元素：('xpath', "//div[@role='button']") (basics.py:191)
[2022-08-10 13:55:58] [    INFO] 查找元素：['xpath', "//*[contains(@id,'dropdown-menu-')]//li[1]"] (basics.py:107)
[2022-08-10 13:55:59] [    INFO] 查找元素：('xpath', "//div[@role='button']") (basics.py:107)
[2022-08-10 13:55:59] [    INFO] 点击元素：('xpath', "//div[@role='button']") (basics.py:191)
[2022-08-10 13:55:59] [    INFO] 查找元素：('id', 'tab-account') (basics.py:107)
[2022-08-10 13:56:00] [    INFO] 点击元素：('id', 'tab-account') (basics.py:191)
[2022-08-10 13:56:01] [    INFO] 查找元素：('xpath', "//*[@id='pane-account']/form/div[1]/div/div[1]/input") (basics.py:107)
[2022-08-10 13:56:01] [    INFO] 输入文本：18649572 (basics.py:138)
[2022-08-10 13:56:02] [    INFO] 查找元素：('xpath', "//*[@id='pane-account']/form/div[2]/div/div[1]/input") (basics.py:107)
[2022-08-10 13:56:02] [    INFO] 输入文本：xLily6x (basics.py:138)
