[2022-07-21 11:17:33] [    INFO] 【TEST1】项目【test】环境- UI自动化开始执行 (conftest.py:14)
[2022-07-21 11:17:33] [    INFO] 前置条件：传音统一登录开始 (conftest.py:18)
[2022-07-21 11:17:37] [    INFO] 打开网页：http://10.250.112.166:9000/# (basics.py:58)
[2022-07-21 11:17:37] [    INFO] 查找元素：('xpath', "//div[@role='button']") (basics.py:73)
[2022-07-21 11:17:37] [    INFO] 点击元素：('xpath', "//div[@role='button']") (basics.py:157)
[2022-07-21 11:17:41] [    INFO] 查找元素：['xpath', "//*[contains(@id,'dropdown-menu-')]//li[1]"] (basics.py:73)
[2022-07-21 11:17:42] [    INFO] 查找元素：('xpath', "//div[@role='button']") (basics.py:73)
[2022-07-21 11:17:42] [    INFO] 点击元素：('xpath', "//div[@role='button']") (basics.py:157)
[2022-07-21 11:17:43] [    INFO] 查找元素：('id', 'tab-account') (basics.py:73)
[2022-07-21 11:17:43] [    INFO] 点击元素：('id', 'tab-account') (basics.py:157)
[2022-07-21 11:17:44] [    INFO] 查找元素：('xpath', "//*[@id='pane-account']/form/div[1]/div/div[1]/input") (basics.py:73)
[2022-07-21 11:17:44] [    INFO] 输入文本：18650617 (basics.py:104)
[2022-07-21 11:17:46] [    INFO] 查找元素：('xpath', "//*[@id='pane-account']/form/div[2]/div/div[1]/input") (basics.py:73)
[2022-07-21 11:17:46] [    INFO] 输入文本：xLily6x (basics.py:104)
[2022-07-21 11:17:47] [    INFO] 查找元素：('xpath', "//*[@id='pane-account']/form/div[4]/label/span/span") (basics.py:73)
[2022-07-21 11:17:47] [    INFO] 获取状态：False (basics.py:273)
[2022-07-21 11:17:47] [    INFO] 查找元素：('xpath', "//*[@id='pane-account']/form/div[4]/label/span/span") (basics.py:73)
[2022-07-21 11:17:47] [    INFO] 点击元素：('xpath', "//*[@id='pane-account']/form/div[4]/label/span/span") (basics.py:157)
[2022-07-21 11:17:47] [    INFO] 查找元素：('xpath', "//*[@id='pane-account']/form/button") (basics.py:73)
[2022-07-21 11:17:47] [    INFO] 点击元素：('xpath', "//*[@id='pane-account']/form/button") (basics.py:157)
[2022-07-21 11:17:52] [    INFO] 断言成功：URL为预期一致 | URL: http://10.250.112.166:9000/#/dashboard (assert_ui.py:190)
[2022-07-21 11:17:52] [    INFO] 断言成功: 该内容存在数据列表中 | word:刘勇 (assert_ui.py:294)
[2022-07-21 11:17:52] [    INFO] 前置条件：传音统一登录成功 (conftest.py:25)
[2022-07-21 11:17:52] [    INFO] 查找元素：('xpath', '//*[@id="app"]/div/div[1]/div[2]/div[1]/div/ul/div[11]/li/div/span') (basics.py:73)
[2022-07-21 11:17:52] [    INFO] 点击元素：('xpath', '//*[@id="app"]/div/div[1]/div[2]/div[1]/div/ul/div[11]/li/div/span') (basics.py:157)
[2022-07-21 11:17:53] [    INFO] 查找元素：('xpath', "//a[@href='#/systemManage/areaManage']//li[@role='menuitem']") (basics.py:73)
[2022-07-21 11:17:53] [    INFO] 点击元素：('xpath', "//a[@href='#/systemManage/areaManage']//li[@role='menuitem']") (basics.py:157)
[2022-07-21 11:17:55] [ WARNING] 断言失败：URL为预期不一致 | URL: http://10.250.112.166:9000/#/systemManage/areaManage (assert_ui.py:189)
[2022-07-21 11:17:55] [   ERROR] None (assert_ui.py:192)
[2022-07-21 11:18:46] [    INFO] 【TEST1】项目【test】环境- UI自动化开始执行 (conftest.py:14)
[2022-07-21 11:18:46] [    INFO] 前置条件：传音统一登录开始 (conftest.py:18)
[2022-07-21 11:18:50] [    INFO] 打开网页：http://10.250.112.166:9000/# (basics.py:58)
[2022-07-21 11:18:50] [    INFO] 查找元素：('xpath', "//div[@role='button']") (basics.py:73)
[2022-07-21 11:18:50] [    INFO] 点击元素：('xpath', "//div[@role='button']") (basics.py:157)
[2022-07-21 11:18:54] [    INFO] 查找元素：['xpath', "//*[contains(@id,'dropdown-menu-')]//li[1]"] (basics.py:73)
[2022-07-21 11:18:55] [    INFO] 查找元素：('xpath', "//div[@role='button']") (basics.py:73)
[2022-07-21 11:18:55] [    INFO] 点击元素：('xpath', "//div[@role='button']") (basics.py:157)
[2022-07-21 11:18:56] [    INFO] 查找元素：('id', 'tab-account') (basics.py:73)
[2022-07-21 11:18:56] [    INFO] 点击元素：('id', 'tab-account') (basics.py:157)
[2022-07-21 11:18:57] [    INFO] 查找元素：('xpath', "//*[@id='pane-account']/form/div[1]/div/div[1]/input") (basics.py:73)
[2022-07-21 11:18:57] [    INFO] 输入文本：18650617 (basics.py:104)
[2022-07-21 11:18:59] [    INFO] 查找元素：('xpath', "//*[@id='pane-account']/form/div[2]/div/div[1]/input") (basics.py:73)
[2022-07-21 11:18:59] [    INFO] 输入文本：xLily6x (basics.py:104)
[2022-07-21 11:19:00] [    INFO] 查找元素：('xpath', "//*[@id='pane-account']/form/div[4]/label/span/span") (basics.py:73)
[2022-07-21 11:19:00] [    INFO] 获取状态：False (basics.py:273)
[2022-07-21 11:19:00] [    INFO] 查找元素：('xpath', "//*[@id='pane-account']/form/div[4]/label/span/span") (basics.py:73)
[2022-07-21 11:19:00] [    INFO] 点击元素：('xpath', "//*[@id='pane-account']/form/div[4]/label/span/span") (basics.py:157)
[2022-07-21 11:19:00] [    INFO] 查找元素：('xpath', "//*[@id='pane-account']/form/button") (basics.py:73)
[2022-07-21 11:19:00] [    INFO] 点击元素：('xpath', "//*[@id='pane-account']/form/button") (basics.py:157)
[2022-07-21 11:19:05] [    INFO] 断言成功：URL为预期一致 | URL: http://10.250.112.166:9000/#/dashboard (assert_ui.py:190)
[2022-07-21 11:19:05] [    INFO] 断言成功: 该内容存在数据列表中 | word:刘勇 (assert_ui.py:294)
[2022-07-21 11:19:05] [    INFO] 前置条件：传音统一登录成功 (conftest.py:25)
[2022-07-21 11:19:05] [    INFO] 查找元素：('xpath', '//*[@id="app"]/div/div[1]/div[2]/div[1]/div/ul/div[11]/li/div/span') (basics.py:73)
[2022-07-21 11:19:05] [    INFO] 点击元素：('xpath', '//*[@id="app"]/div/div[1]/div[2]/div[1]/div/ul/div[11]/li/div/span') (basics.py:157)
[2022-07-21 11:19:06] [    INFO] 查找元素：('xpath', "//span[contains(text(),'维度管理')]") (basics.py:73)
[2022-07-21 11:19:06] [    INFO] 点击元素：('xpath', "//span[contains(text(),'维度管理')]") (basics.py:157)
[2022-07-21 11:19:08] [    INFO] 断言成功：URL为预期一致 | URL: http://10.250.112.166:9000/#/systemManage/dimensionManage (assert_ui.py:190)
[2022-07-21 11:19:08] [    INFO] 查找元素：系统管理-维度管理-角色管理 (basics.py:73)
[2022-07-21 11:44:24] [    INFO] 【TEST1】项目【test】环境- UI自动化开始执行 (conftest.py:14)
[2022-07-21 11:44:24] [    INFO] 前置条件：传音统一登录开始 (conftest.py:18)
[2022-07-21 11:44:28] [    INFO] 打开网页：http://10.250.112.166:9000/# (basics.py:58)
[2022-07-21 11:44:28] [    INFO] 查找元素：('xpath', "//div[@role='button']") (basics.py:73)
[2022-07-21 11:44:28] [    INFO] 点击元素：('xpath', "//div[@role='button']") (basics.py:157)
[2022-07-21 11:44:32] [    INFO] 查找元素：['xpath', "//*[contains(@id,'dropdown-menu-')]//li[1]"] (basics.py:73)
[2022-07-21 11:44:33] [    INFO] 查找元素：('xpath', "//div[@role='button']") (basics.py:73)
[2022-07-21 11:44:33] [    INFO] 点击元素：('xpath', "//div[@role='button']") (basics.py:157)
[2022-07-21 11:44:34] [    INFO] 查找元素：('id', 'tab-account') (basics.py:73)
[2022-07-21 11:44:34] [    INFO] 点击元素：('id', 'tab-account') (basics.py:157)
[2022-07-21 11:44:35] [    INFO] 查找元素：('xpath', "//*[@id='pane-account']/form/div[1]/div/div[1]/input") (basics.py:73)
[2022-07-21 11:44:35] [    INFO] 输入文本：18650617 (basics.py:104)
[2022-07-21 11:44:36] [    INFO] 查找元素：('xpath', "//*[@id='pane-account']/form/div[2]/div/div[1]/input") (basics.py:73)
[2022-07-21 11:44:37] [    INFO] 输入文本：xLily6x (basics.py:104)
[2022-07-21 11:44:38] [    INFO] 查找元素：('xpath', "//*[@id='pane-account']/form/div[4]/label/span/span") (basics.py:73)
[2022-07-21 11:44:38] [    INFO] 获取状态：False (basics.py:273)
[2022-07-21 11:44:38] [    INFO] 查找元素：('xpath', "//*[@id='pane-account']/form/div[4]/label/span/span") (basics.py:73)
[2022-07-21 11:44:38] [    INFO] 点击元素：('xpath', "//*[@id='pane-account']/form/div[4]/label/span/span") (basics.py:157)
[2022-07-21 11:44:38] [    INFO] 查找元素：('xpath', "//*[@id='pane-account']/form/button") (basics.py:73)
[2022-07-21 11:44:38] [    INFO] 点击元素：('xpath', "//*[@id='pane-account']/form/button") (basics.py:157)
[2022-07-21 11:44:43] [    INFO] 断言成功：URL为预期一致 | URL: http://10.250.112.166:9000/#/dashboard (assert_ui.py:190)
[2022-07-21 11:44:43] [    INFO] 断言成功: 该内容存在数据列表中 | word:刘勇 (assert_ui.py:294)
[2022-07-21 11:44:43] [    INFO] 前置条件：传音统一登录成功 (conftest.py:25)
[2022-07-21 11:44:43] [    INFO] 查找元素：('xpath', '//*[@id="app"]/div/div[1]/div[2]/div[1]/div/ul/div[11]/li/div/span') (basics.py:73)
[2022-07-21 11:44:43] [    INFO] 点击元素：('xpath', '//*[@id="app"]/div/div[1]/div[2]/div[1]/div/ul/div[11]/li/div/span') (basics.py:157)
[2022-07-21 11:44:44] [    INFO] 查找元素：('xpath', "//span[contains(text(),'维度管理')]") (basics.py:73)
[2022-07-21 11:44:44] [    INFO] 点击元素：('xpath', "//span[contains(text(),'维度管理')]") (basics.py:157)
[2022-07-21 11:44:46] [    INFO] 断言成功：URL为预期一致 | URL: http://10.250.112.166:9000/#/systemManage/dimensionManage (assert_ui.py:190)
[2022-07-21 11:44:46] [    INFO] 查找元素：系统管理-维度管理-角色管理 (basics.py:73)
