INFO	2022-07-12 10:46:48,015	[create_dir.py:43]	生成成功: 模块文件名为 | center_Personal 
INFO	2022-07-12 10:46:48,022	[create_dir.py:43]	生成成功: 模块文件名为 | center_Process 
INFO	2022-07-12 10:46:48,030	[create_dir.py:43]	生成成功: 模块文件名为 | center_Component 
INFO	2022-07-12 10:46:48,080	[create_dir.py:43]	生成成功: 模块文件名为 | center_Personal 
INFO	2022-07-12 10:46:48,088	[create_dir.py:43]	生成成功: 模块文件名为 | center_Process 
INFO	2022-07-12 10:46:48,097	[create_dir.py:43]	生成成功: 模块文件名为 | center_Component 
INFO	2022-07-12 10:46:48,107	[create_dir.py:43]	生成成功: 模块文件名为 | center_Personal 
INFO	2022-07-12 10:46:48,115	[create_dir.py:43]	生成成功: 模块文件名为 | center_Process 
INFO	2022-07-12 10:46:48,122	[create_dir.py:43]	生成成功: 模块文件名为 | center_Component 
INFO	2022-07-12 10:49:04,121	[create_dir.py:43]	生成成功: 模块文件名为 | #AS 
INFO	2022-07-12 10:49:04,125	[create_dir.py:43]	生成成功: 模块文件名为 | #AS 
INFO	2022-07-12 10:49:04,232	[create_dir.py:43]	生成成功: 模块文件名为 | #AS 
INFO	2022-07-12 10:56:42,051	[create_dir.py:43]	生成成功: 模块文件名为 | AsystemManagement_FlowConfig 
INFO	2022-07-12 10:56:42,053	[create_dir.py:43]	生成成功: 模块文件名为 | Center_Personal 
INFO	2022-07-12 10:56:42,055	[create_dir.py:43]	生成成功: 模块文件名为 | Center_Process 
INFO	2022-07-12 10:56:42,056	[create_dir.py:43]	生成成功: 模块文件名为 | Center_Component 
INFO	2022-07-12 10:58:30,024	[create_dir.py:43]	生成成功: 模块文件名为 | AsystemManagement_FlowConfig 
INFO	2022-07-12 10:58:30,025	[create_dir.py:43]	生成成功: 模块文件名为 | Center_Personal 
INFO	2022-07-12 10:58:30,027	[create_dir.py:43]	生成成功: 模块文件名为 | Center_Process 
INFO	2022-07-12 10:58:30,029	[create_dir.py:43]	生成成功: 模块文件名为 | Center_Component 
INFO	2022-07-12 10:58:30,031	[create_dir.py:43]	生成成功: 模块文件名为 | AsystemManagement_FlowConfig 
