[2022-07-01 09:11:44] [    INFO] 前置条件：传音统一登录开始 (conftest.py:10)
[2022-07-01 09:11:48] [    INFO] 打开网页：http://10.250.112.166:9000/# (basics.py:30)
[2022-07-01 09:11:48] [    INFO] 查找元素：('xpath', "//div[@role='button']") (basics.py:51)
[2022-07-01 09:11:48] [    INFO] 点击元素：('xpath', "//div[@role='button']") (basics.py:110)
[2022-07-01 09:11:52] [    INFO] 查找元素：['xpath', "//*[contains(@id,'dropdown-menu-')]//li[1]"] (basics.py:51)
[2022-07-01 09:11:53] [    INFO] 查找元素：('xpath', "//div[@role='button']") (basics.py:51)
[2022-07-01 09:11:53] [    INFO] 点击元素：('xpath', "//div[@role='button']") (basics.py:110)
[2022-07-01 09:11:53] [    INFO] 查找元素：('id', 'tab-account') (basics.py:51)
[2022-07-01 09:11:53] [    INFO] 点击元素：('id', 'tab-account') (basics.py:110)
[2022-07-01 09:11:53] [    INFO] 查找元素：('xpath', "//*[@id='pane-account']/form/div[1]/div/div[1]/input") (basics.py:51)
[2022-07-01 09:11:54] [    INFO] 输入文本：18649572 (basics.py:72)
[2022-07-01 09:11:55] [    INFO] 查找元素：('xpath', "//*[@id='pane-account']/form/div[2]/div/div[1]/input") (basics.py:51)
[2022-07-01 09:11:55] [    INFO] 输入文本：xLily6x (basics.py:72)
[2022-07-01 09:11:56] [    INFO] 查找元素：('xpath', "//*[@id='pane-account']/form/div[4]/label/span/span") (basics.py:51)
[2022-07-01 09:11:56] [    INFO] 获取状态：False (basics.py:244)
[2022-07-01 09:11:56] [    INFO] 查找元素：('xpath', "//*[@id='pane-account']/form/div[4]/label/span/span") (basics.py:51)
[2022-07-01 09:11:56] [    INFO] 点击元素：('xpath', "//*[@id='pane-account']/form/div[4]/label/span/span") (basics.py:110)
[2022-07-01 09:11:56] [    INFO] 查找元素：('xpath', "//*[@id='pane-account']/form/button") (basics.py:51)
[2022-07-01 09:11:56] [    INFO] 点击元素：('xpath', "//*[@id='pane-account']/form/button") (basics.py:110)
[2022-07-01 09:11:56] [ WARNING] 断言失败：URL为预期不一致 | URL: http://10.248.39.163:10101/#/c-login?lang=zh&source=SCM_DRP&type=simple&redirect=http%3A%2F%2F10.250.112.166%3A9000%2F%23%2F (assert_ui.py:158)
[2022-07-01 09:11:56] [    INFO] 断言成功: 该内容存在数据列表中 | word:隆江 (assert_ui.py:241)
[2022-07-01 09:11:56] [    INFO] 前置条件：传音统一登录成功 (conftest.py:17)
[2022-07-01 09:11:56] [    INFO] 查找元素：('xpath', '//*[@id="app"]/div/div[1]/div[2]/div[1]/div/ul/div[11]/li/div/span') (basics.py:51)
[2022-07-01 09:11:59] [    INFO] 点击元素：('xpath', '//*[@id="app"]/div/div[1]/div[2]/div[1]/div/ul/div[11]/li/div/span') (basics.py:110)
[2022-07-01 09:11:59] [    INFO] 查找元素：('xpath', "//a[@href='#/systemManage/areaManage']//li[@role='menuitem']") (basics.py:51)
[2022-07-01 09:11:59] [    INFO] 点击元素：('xpath', "//a[@href='#/systemManage/areaManage']//li[@role='menuitem']") (basics.py:110)
[2022-07-01 09:12:04] [    INFO] 断言成功：URL为预期一致 | URL: http://10.250.112.166:9000/#/systemManage/areaManage (assert_ui.py:159)
[2022-07-01 09:12:06] [    INFO] 查找元素：['xpath', "//div[@class='main-top-audit']//div[contains(text(),'itel事业部')]"] (basics.py:51)
[2022-07-01 09:12:07] [    INFO] 选择点击：['xpath', "//div[@class='main-top-audit']//div[contains(text(),'itel事业部')]"] (basics.py:107)
[2022-07-01 09:12:11] [    INFO] 查找元素：['xpath', "//div[@tabindex='0']//span[normalize-space(text())='itel事业部']"] (basics.py:51)
[2022-07-01 09:12:11] [    INFO] 选择点击：['xpath', "//div[@tabindex='0']//span[normalize-space(text())='itel事业部']"] (basics.py:107)
[2022-07-01 09:12:15] [    INFO] 查找元素：['xpath', "//div[@class='main-top-audit']//div[contains(text(),'itel事业部')]"] (basics.py:51)
[2022-07-01 09:12:15] [    INFO] 选择点击：['xpath', "//div[@class='main-top-audit']//div[contains(text(),'itel事业部')]"] (basics.py:107)
[2022-07-01 09:12:19] [    INFO] 查找元素：['xpath', "//div[@tabindex='0']//span[normalize-space(text())='itel事业部']"] (basics.py:51)
[2022-07-01 09:12:19] [    INFO] 选择点击：['xpath', "//div[@tabindex='0']//span[normalize-space(text())='itel事业部']"] (basics.py:107)
[2022-07-01 09:12:23] [    INFO] 查找元素：['xpath', "//div[@tabindex='-1']//div[@class='el-tree-node__content']//span[normalize-space(text())='itel事业部']"] (basics.py:51)
[2022-07-01 09:12:23] [    INFO] 选择点击：['xpath', "//div[@tabindex='-1']//div[@class='el-tree-node__content']//span[normalize-space(text())='itel事业部']"] (basics.py:107)
[2022-07-01 09:12:27] [    INFO] 查找元素：['xpath', "//div[@class='main-top-audit']//div[contains(text(),'itel事业部')]"] (basics.py:51)
[2022-07-01 09:12:27] [    INFO] 选择点击：['xpath', "//div[@class='main-top-audit']//div[contains(text(),'itel事业部')]"] (basics.py:107)
[2022-07-01 09:12:31] [    INFO] 查找元素：['xpath', "//div[@tabindex='0']//span[normalize-space(text())='itel事业部']"] (basics.py:51)
[2022-07-01 09:12:31] [    INFO] 选择点击：['xpath', "//div[@tabindex='0']//span[normalize-space(text())='itel事业部']"] (basics.py:107)
[2022-07-01 09:12:35] [    INFO] 查找元素：['xpath', "//div[@tabindex='-1']//div[@class='el-tree-node__content']//span[normalize-space(text())='itel事业部']"] (basics.py:51)
[2022-07-01 09:12:35] [    INFO] 选择点击：['xpath', "//div[@tabindex='-1']//div[@class='el-tree-node__content']//span[normalize-space(text())='itel事业部']"] (basics.py:107)
[2022-07-01 09:12:39] [    INFO] 查找元素：['xpath', "//div[@tabindex='-1']//div[@tabindex='-1']//div[@class='el-tree-node__content']//span[normalize-space(text())='itel事业部']"] (basics.py:51)
[2022-07-01 09:12:39] [    INFO] 选择点击：['xpath', "//div[@tabindex='-1']//div[@tabindex='-1']//div[@class='el-tree-node__content']//span[normalize-space(text())='itel事业部']"] (basics.py:107)
[2022-07-01 09:12:43] [    INFO] 查找元素：['xpath', "//div[@class='main-top-audit']//div[contains(text(),'itel事业部')]"] (basics.py:51)
[2022-07-01 09:12:43] [    INFO] 选择点击：['xpath', "//div[@class='main-top-audit']//div[contains(text(),'itel事业部')]"] (basics.py:107)
[2022-07-01 09:12:47] [    INFO] 查找元素：['xpath', "//div[@tabindex='0']//span[normalize-space(text())='itel事业部']"] (basics.py:51)
[2022-07-01 09:12:47] [    INFO] 选择点击：['xpath', "//div[@tabindex='0']//span[normalize-space(text())='itel事业部']"] (basics.py:107)
[2022-07-01 09:12:51] [    INFO] 查找元素：['xpath', "//div[@tabindex='-1']//div[@class='el-tree-node__content']//span[normalize-space(text())='itel事业部']"] (basics.py:51)
[2022-07-01 09:12:51] [    INFO] 选择点击：['xpath', "//div[@tabindex='-1']//div[@class='el-tree-node__content']//span[normalize-space(text())='itel事业部']"] (basics.py:107)
[2022-07-01 09:12:55] [    INFO] 查找元素：['xpath', "//div[@tabindex='-1']//div[@tabindex='-1']//div[@class='el-tree-node__content']//span[normalize-space(text())='itel事业部']"] (basics.py:51)
[2022-07-01 09:12:55] [    INFO] 选择点击：['xpath', "//div[@tabindex='-1']//div[@tabindex='-1']//div[@class='el-tree-node__content']//span[normalize-space(text())='itel事业部']"] (basics.py:107)
[2022-07-01 09:12:59] [    INFO] 查找元素：['xpath', "//div[@tabindex='-1']//div[@tabindex='-1']//div[@tabindex='-1']//div[@class='el-tree-node__content']//span[normalize-space(text())='事业部备料']"] (basics.py:51)
[2022-07-01 09:12:59] [    INFO] 选择点击：['xpath', "//div[@tabindex='-1']//div[@tabindex='-1']//div[@tabindex='-1']//div[@class='el-tree-node__content']//span[normalize-space(text())='事业部备料']"] (basics.py:107)
[2022-07-01 09:13:03] [    INFO] 查找元素：['xpath', "//div[@class='main-top-audit']//div[contains(text(),'itel事业部')]"] (basics.py:51)
[2022-07-01 09:13:03] [    INFO] 选择点击：['xpath', "//div[@class='main-top-audit']//div[contains(text(),'itel事业部')]"] (basics.py:107)
[2022-07-01 09:13:07] [    INFO] 查找元素：['xpath', "//div[@tabindex='0']//span[normalize-space(text())='itel事业部']"] (basics.py:51)
[2022-07-01 09:13:07] [    INFO] 选择点击：['xpath', "//div[@tabindex='0']//span[normalize-space(text())='itel事业部']"] (basics.py:107)
[2022-07-01 09:13:10] [    INFO] 查找元素：('xpath', "//input[@placeholder='请输入关键字']") (basics.py:51)
[2022-07-01 09:13:10] [    INFO] 输入文本：巴基斯坦 (basics.py:72)
[2022-07-01 09:13:10] [    INFO] 输入框键入巴基斯坦 (SystemMgmt_RegionMgmt.py:56)
[2022-07-01 09:13:11] [ WARNING] 断言失败: 两值不等 | a:<public.base.assert_ui.ValueAssert object at 0x000001F69B766580> b:None (assert_ui.py:22)
[2022-07-01 09:13:13] [    INFO] 查找元素：['xpath', "//div[@class='main-top-audit']//div[contains(text(),'itel事业部')]"] (basics.py:51)
[2022-07-01 09:13:13] [    INFO] 选择点击：['xpath', "//div[@class='main-top-audit']//div[contains(text(),'itel事业部')]"] (basics.py:107)
[2022-07-01 09:13:17] [    INFO] 查找元素：['xpath', "//div[@tabindex='0']//span[normalize-space(text())='itel事业部']"] (basics.py:51)
[2022-07-01 09:13:17] [    INFO] 选择点击：['xpath', "//div[@tabindex='0']//span[normalize-space(text())='itel事业部']"] (basics.py:107)
[2022-07-01 09:13:20] [    INFO] 查找元素：('xpath', "//input[@placeholder='请输入关键字']") (basics.py:51)
[2022-07-01 09:13:20] [    INFO] 输入文本：巴基 (basics.py:72)
[2022-07-01 09:13:20] [    INFO] 输入框键入巴基 (SystemMgmt_RegionMgmt.py:56)
[2022-07-01 09:13:21] [ WARNING] 断言失败: 两值不等 | a:<public.base.assert_ui.ValueAssert object at 0x000001F69B5F1790> b:None (assert_ui.py:22)
[2022-07-01 09:13:23] [    INFO] 查找元素：['xpath', "//div[@class='main-top-audit']//div[contains(text(),'itel事业部')]"] (basics.py:51)
[2022-07-01 09:13:23] [    INFO] 选择点击：['xpath', "//div[@class='main-top-audit']//div[contains(text(),'itel事业部')]"] (basics.py:107)
[2022-07-01 09:13:27] [    INFO] 查找元素：['xpath', "//div[@tabindex='0']//span[normalize-space(text())='itel事业部']"] (basics.py:51)
[2022-07-01 09:13:27] [    INFO] 选择点击：['xpath', "//div[@tabindex='0']//span[normalize-space(text())='itel事业部']"] (basics.py:107)
[2022-07-01 09:13:29] [    INFO] 查找元素：('xpath', "//input[@placeholder='请输入关键字']") (basics.py:51)
[2022-07-01 09:13:29] [    INFO] 输入文本：加纳 (basics.py:72)
[2022-07-01 09:13:29] [    INFO] 输入框键入加纳 (SystemMgmt_RegionMgmt.py:56)
[2022-07-01 09:13:30] [ WARNING] 断言失败: 两值不等 | a:<public.base.assert_ui.ValueAssert object at 0x000001F69B769B80> b:None (assert_ui.py:22)
[2022-07-01 09:13:30] [    INFO] 查找元素：('xpath', "//i[@class='el-input__icon el-icon-circle-close el-input__clear']") (basics.py:51)
[2022-07-01 09:13:30] [    INFO] 点击元素：('xpath', "//i[@class='el-input__icon el-icon-circle-close el-input__clear']") (basics.py:110)
[2022-07-01 09:13:30] [    INFO] 查找元素：('xpath', '//*[@id="app"]/div/div[1]/div[2]/div[1]/div/ul/div[11]/li/div/span') (basics.py:51)
[2022-07-01 09:13:30] [    INFO] 点击元素：('xpath', '//*[@id="app"]/div/div[1]/div[2]/div[1]/div/ul/div[11]/li/div/span') (basics.py:110)
[2022-07-01 09:13:30] [    INFO] 查找元素：('xpath', "//a[@href='#/systemManage/areaManage']//li[@role='menuitem']") (basics.py:51)
[2022-07-01 09:13:31] [    INFO] 点击元素：('xpath', "//a[@href='#/systemManage/areaManage']//li[@role='menuitem']") (basics.py:110)
[2022-07-01 09:13:36] [    INFO] 断言成功：URL为预期一致 | URL: http://10.250.112.166:9000/#/systemManage/areaManage (assert_ui.py:159)
[2022-07-01 09:13:38] [    INFO] 查找元素：['xpath', "//div[@class='main-top-audit']//div[contains(text(),'itel事业部')]"] (basics.py:51)
[2022-07-01 09:13:38] [    INFO] 选择点击：['xpath', "//div[@class='main-top-audit']//div[contains(text(),'itel事业部')]"] (basics.py:107)
[2022-07-01 09:13:42] [    INFO] 查找元素：['xpath', "//div[@tabindex='0']//span[normalize-space(text())='itel事业部']"] (basics.py:51)
[2022-07-01 09:13:42] [    INFO] 选择点击：['xpath', "//div[@tabindex='0']//span[normalize-space(text())='itel事业部']"] (basics.py:107)
[2022-07-01 09:13:44] [    INFO] 查找元素：('xpath', "//span[contains(text(),'导出')]") (basics.py:51)
[2022-07-01 09:13:44] [    INFO] 指定下载路径: E:\工作文件\自动化\拉取代码\UIPOMTest\libs\download (basics.py:283)
[2022-07-01 09:13:47] [    INFO] ['drp_dept_export_itel+BU_20220701091344.xlsx'] (basics.py:285)
[2022-07-01 09:13:47] [ WARNING] 断言失败: 下载该附件失败 | drp_dept_export_TECNO  (basics.py:296)
[2022-07-01 09:13:47] [    INFO] 查找元素：('xpath', '//*[@id="app"]/div/div[1]/div[2]/div[1]/div/ul/div[11]/li/div/span') (basics.py:51)
[2022-07-01 09:13:47] [    INFO] 点击元素：('xpath', '//*[@id="app"]/div/div[1]/div[2]/div[1]/div/ul/div[11]/li/div/span') (basics.py:110)
[2022-07-01 09:13:47] [    INFO] 查找元素：('xpath', "//a[@href='#/systemManage/areaManage']//li[@role='menuitem']") (basics.py:51)
[2022-07-01 09:13:48] [    INFO] 点击元素：('xpath', "//a[@href='#/systemManage/areaManage']//li[@role='menuitem']") (basics.py:110)
[2022-07-01 09:13:53] [    INFO] 断言成功：URL为预期一致 | URL: http://10.250.112.166:9000/#/systemManage/areaManage (assert_ui.py:159)
[2022-07-01 09:13:55] [    INFO] 查找元素：['xpath', "//div[@class='main-top-audit']//div[contains(text(),'Infinix事业部')]"] (basics.py:51)
[2022-07-01 09:13:55] [    INFO] 选择点击：['xpath', "//div[@class='main-top-audit']//div[contains(text(),'Infinix事业部')]"] (basics.py:107)
[2022-07-01 09:13:59] [    INFO] 查找元素：['xpath', "//div[@tabindex='0']//span[normalize-space(text())='Infinix事业部']"] (basics.py:51)
[2022-07-01 09:13:59] [    INFO] 选择点击：['xpath', "//div[@tabindex='0']//span[normalize-space(text())='Infinix事业部']"] (basics.py:107)
[2022-07-01 09:14:01] [    INFO] 查找元素：('xpath', "//button[@type='button']//span[contains(text(),'新 增')]") (basics.py:51)
[2022-07-01 09:14:01] [    INFO] 点击元素：('xpath', "//button[@type='button']//span[contains(text(),'新 增')]") (basics.py:110)
[2022-07-01 09:14:02] [    INFO] 查找元素：('xpath', "//span[@class='color-rgb166 marginLeft-33']") (basics.py:51)
[2022-07-01 09:14:02] [    INFO] 获取文本：组织 (basics.py:238)
[2022-07-01 09:14:02] [    INFO] 查找元素：('xpath', "//tbody//tr//td[2]//input[contains(@accept,'-nameZh')]") (basics.py:51)
[2022-07-01 09:14:25] [    INFO] 查找元素：['xpath', "//div[@class='main-top-audit']//div[contains(text(),'Infinix事业部')]"] (basics.py:51)
[2022-07-01 09:14:25] [    INFO] 选择点击：['xpath', "//div[@class='main-top-audit']//div[contains(text(),'Infinix事业部')]"] (basics.py:107)
[2022-07-01 09:14:29] [    INFO] 查找元素：['xpath', "//div[@tabindex='0']//span[normalize-space(text())='Infinix事业部']"] (basics.py:51)
[2022-07-01 09:14:33] [    INFO] 查找元素：['xpath', "//div[@class='main-top-audit']//div[contains(text(),'Infinix事业部')]"] (basics.py:51)
[2022-07-01 09:14:33] [    INFO] 选择点击：['xpath', "//div[@class='main-top-audit']//div[contains(text(),'Infinix事业部')]"] (basics.py:107)
[2022-07-01 09:14:37] [    INFO] 查找元素：['xpath', "//div[@tabindex='0']//span[normalize-space(text())='Infinix事业部']"] (basics.py:51)
[2022-07-01 09:14:37] [    INFO] 选择点击：['xpath', "//div[@tabindex='0']//span[normalize-space(text())='Infinix事业部']"] (basics.py:107)
[2022-07-01 09:16:18] [    INFO] 前置条件：传音统一登录开始 (conftest.py:10)
[2022-07-01 09:16:22] [    INFO] 打开网页：http://10.250.112.166:9000/# (basics.py:30)
[2022-07-01 09:16:22] [    INFO] 查找元素：('xpath', "//div[@role='button']") (basics.py:51)
[2022-07-01 09:16:22] [    INFO] 点击元素：('xpath', "//div[@role='button']") (basics.py:110)
[2022-07-01 09:16:26] [    INFO] 查找元素：['xpath', "//*[contains(@id,'dropdown-menu-')]//li[1]"] (basics.py:51)
[2022-07-01 09:16:27] [    INFO] 查找元素：('xpath', "//div[@role='button']") (basics.py:51)
[2022-07-01 09:16:27] [    INFO] 点击元素：('xpath', "//div[@role='button']") (basics.py:110)
[2022-07-01 09:16:27] [    INFO] 查找元素：('id', 'tab-account') (basics.py:51)
[2022-07-01 09:16:28] [    INFO] 点击元素：('id', 'tab-account') (basics.py:110)
[2022-07-01 09:16:28] [    INFO] 查找元素：('xpath', "//*[@id='pane-account']/form/div[1]/div/div[1]/input") (basics.py:51)
[2022-07-01 09:16:28] [    INFO] 输入文本：18649572 (basics.py:72)
[2022-07-01 09:16:30] [    INFO] 查找元素：('xpath', "//*[@id='pane-account']/form/div[2]/div/div[1]/input") (basics.py:51)
[2022-07-01 09:16:30] [    INFO] 输入文本：xLily6x (basics.py:72)
[2022-07-01 09:16:31] [    INFO] 查找元素：('xpath', "//*[@id='pane-account']/form/div[4]/label/span/span") (basics.py:51)
[2022-07-01 09:16:31] [    INFO] 获取状态：False (basics.py:244)
[2022-07-01 09:16:31] [    INFO] 查找元素：('xpath', "//*[@id='pane-account']/form/div[4]/label/span/span") (basics.py:51)
[2022-07-01 09:16:31] [    INFO] 点击元素：('xpath', "//*[@id='pane-account']/form/div[4]/label/span/span") (basics.py:110)
[2022-07-01 09:16:31] [    INFO] 查找元素：('xpath', "//*[@id='pane-account']/form/button") (basics.py:51)
[2022-07-01 09:16:31] [    INFO] 点击元素：('xpath', "//*[@id='pane-account']/form/button") (basics.py:110)
[2022-07-01 09:16:31] [ WARNING] 断言失败：URL为预期不一致 | URL: http://10.248.39.163:10101/#/c-login?lang=zh&source=SCM_DRP&type=simple&redirect=http%3A%2F%2F10.250.112.166%3A9000%2F%23%2F (assert_ui.py:158)
[2022-07-01 09:16:31] [    INFO] 断言成功: 该内容存在数据列表中 | word:隆江 (assert_ui.py:241)
[2022-07-01 09:16:31] [    INFO] 前置条件：传音统一登录成功 (conftest.py:17)
[2022-07-01 09:16:31] [    INFO] 查找元素：('xpath', '//*[@id="app"]/div/div[1]/div[2]/div[1]/div/ul/div[11]/li/div/span') (basics.py:51)
[2022-07-01 09:16:34] [    INFO] 点击元素：('xpath', '//*[@id="app"]/div/div[1]/div[2]/div[1]/div/ul/div[11]/li/div/span') (basics.py:110)
[2022-07-01 09:16:34] [    INFO] 查找元素：('xpath', "//a[@href='#/systemManage/areaManage']//li[@role='menuitem']") (basics.py:51)
[2022-07-01 09:16:34] [    INFO] 点击元素：('xpath', "//a[@href='#/systemManage/areaManage']//li[@role='menuitem']") (basics.py:110)
[2022-07-01 09:16:39] [    INFO] 断言成功：URL为预期一致 | URL: http://10.250.112.166:9000/#/systemManage/areaManage (assert_ui.py:159)
[2022-07-01 09:16:41] [    INFO] 查找元素：['xpath', "//div[@class='main-top-audit']//div[contains(text(),'itel事业部')]"] (basics.py:51)
[2022-07-01 09:16:41] [    INFO] 选择点击：['xpath', "//div[@class='main-top-audit']//div[contains(text(),'itel事业部')]"] (basics.py:107)
[2022-07-01 09:16:45] [    INFO] 查找元素：['xpath', "//div[@tabindex='0']//span[normalize-space(text())='itel事业部']"] (basics.py:51)
[2022-07-01 09:16:45] [    INFO] 选择点击：['xpath', "//div[@tabindex='0']//span[normalize-space(text())='itel事业部']"] (basics.py:107)
[2022-07-01 09:16:49] [    INFO] 查找元素：['xpath', "//div[@class='main-top-audit']//div[contains(text(),'itel事业部')]"] (basics.py:51)
[2022-07-01 09:16:49] [    INFO] 选择点击：['xpath', "//div[@class='main-top-audit']//div[contains(text(),'itel事业部')]"] (basics.py:107)
[2022-07-01 09:16:53] [    INFO] 查找元素：['xpath', "//div[@tabindex='0']//span[normalize-space(text())='itel事业部']"] (basics.py:51)
[2022-07-01 09:16:53] [    INFO] 选择点击：['xpath', "//div[@tabindex='0']//span[normalize-space(text())='itel事业部']"] (basics.py:107)
[2022-07-01 09:16:57] [    INFO] 查找元素：['xpath', "//div[@tabindex='-1']//div[@class='el-tree-node__content']//span[normalize-space(text())='itel事业部']"] (basics.py:51)
[2022-07-01 09:16:58] [    INFO] 选择点击：['xpath', "//div[@tabindex='-1']//div[@class='el-tree-node__content']//span[normalize-space(text())='itel事业部']"] (basics.py:107)
[2022-07-01 09:17:02] [    INFO] 查找元素：['xpath', "//div[@class='main-top-audit']//div[contains(text(),'itel事业部')]"] (basics.py:51)
[2022-07-01 09:17:02] [    INFO] 选择点击：['xpath', "//div[@class='main-top-audit']//div[contains(text(),'itel事业部')]"] (basics.py:107)
[2022-07-01 09:17:06] [    INFO] 查找元素：['xpath', "//div[@tabindex='0']//span[normalize-space(text())='itel事业部']"] (basics.py:51)
[2022-07-01 09:17:06] [    INFO] 选择点击：['xpath', "//div[@tabindex='0']//span[normalize-space(text())='itel事业部']"] (basics.py:107)
[2022-07-01 09:17:10] [    INFO] 查找元素：['xpath', "//div[@tabindex='-1']//div[@class='el-tree-node__content']//span[normalize-space(text())='itel事业部']"] (basics.py:51)
[2022-07-01 09:17:10] [    INFO] 选择点击：['xpath', "//div[@tabindex='-1']//div[@class='el-tree-node__content']//span[normalize-space(text())='itel事业部']"] (basics.py:107)
[2022-07-01 09:17:14] [    INFO] 查找元素：['xpath', "//div[@tabindex='-1']//div[@tabindex='-1']//div[@class='el-tree-node__content']//span[normalize-space(text())='itel事业部']"] (basics.py:51)
[2022-07-01 09:17:14] [    INFO] 选择点击：['xpath', "//div[@tabindex='-1']//div[@tabindex='-1']//div[@class='el-tree-node__content']//span[normalize-space(text())='itel事业部']"] (basics.py:107)
[2022-07-01 09:17:18] [    INFO] 查找元素：['xpath', "//div[@class='main-top-audit']//div[contains(text(),'itel事业部')]"] (basics.py:51)
[2022-07-01 09:17:18] [    INFO] 选择点击：['xpath', "//div[@class='main-top-audit']//div[contains(text(),'itel事业部')]"] (basics.py:107)
[2022-07-01 09:17:22] [    INFO] 查找元素：['xpath', "//div[@tabindex='0']//span[normalize-space(text())='itel事业部']"] (basics.py:51)
[2022-07-01 09:17:22] [    INFO] 选择点击：['xpath', "//div[@tabindex='0']//span[normalize-space(text())='itel事业部']"] (basics.py:107)
[2022-07-01 09:17:26] [    INFO] 查找元素：['xpath', "//div[@tabindex='-1']//div[@class='el-tree-node__content']//span[normalize-space(text())='itel事业部']"] (basics.py:51)
[2022-07-01 09:17:26] [    INFO] 选择点击：['xpath', "//div[@tabindex='-1']//div[@class='el-tree-node__content']//span[normalize-space(text())='itel事业部']"] (basics.py:107)
[2022-07-01 09:17:30] [    INFO] 查找元素：['xpath', "//div[@tabindex='-1']//div[@tabindex='-1']//div[@class='el-tree-node__content']//span[normalize-space(text())='itel事业部']"] (basics.py:51)
[2022-07-01 09:17:30] [    INFO] 选择点击：['xpath', "//div[@tabindex='-1']//div[@tabindex='-1']//div[@class='el-tree-node__content']//span[normalize-space(text())='itel事业部']"] (basics.py:107)
[2022-07-01 09:17:34] [    INFO] 查找元素：['xpath', "//div[@tabindex='-1']//div[@tabindex='-1']//div[@tabindex='-1']//div[@class='el-tree-node__content']//span[normalize-space(text())='事业部备料']"] (basics.py:51)
[2022-07-01 09:17:34] [    INFO] 选择点击：['xpath', "//div[@tabindex='-1']//div[@tabindex='-1']//div[@tabindex='-1']//div[@class='el-tree-node__content']//span[normalize-space(text())='事业部备料']"] (basics.py:107)
[2022-07-01 09:17:38] [    INFO] 查找元素：['xpath', "//div[@class='main-top-audit']//div[contains(text(),'itel事业部')]"] (basics.py:51)
[2022-07-01 09:17:38] [    INFO] 选择点击：['xpath', "//div[@class='main-top-audit']//div[contains(text(),'itel事业部')]"] (basics.py:107)
[2022-07-01 09:17:42] [    INFO] 查找元素：['xpath', "//div[@tabindex='0']//span[normalize-space(text())='itel事业部']"] (basics.py:51)
[2022-07-01 09:17:42] [    INFO] 选择点击：['xpath', "//div[@tabindex='0']//span[normalize-space(text())='itel事业部']"] (basics.py:107)
[2022-07-01 09:17:45] [    INFO] 查找元素：('xpath', "//input[@placeholder='请输入关键字']") (basics.py:51)
[2022-07-01 09:17:45] [    INFO] 输入文本：巴基斯坦 (basics.py:72)
[2022-07-01 09:17:45] [    INFO] 输入框键入巴基斯坦 (SystemMgmt_RegionMgmt.py:56)
[2022-07-01 09:17:46] [ WARNING] 断言失败: 两值不等 | a:<public.base.assert_ui.ValueAssert object at 0x0000012C1FE7C3A0> b:None (assert_ui.py:22)
[2022-07-01 09:17:48] [    INFO] 查找元素：['xpath', "//div[@class='main-top-audit']//div[contains(text(),'itel事业部')]"] (basics.py:51)
[2022-07-01 09:17:48] [    INFO] 选择点击：['xpath', "//div[@class='main-top-audit']//div[contains(text(),'itel事业部')]"] (basics.py:107)
[2022-07-01 09:17:52] [    INFO] 查找元素：['xpath', "//div[@tabindex='0']//span[normalize-space(text())='itel事业部']"] (basics.py:51)
[2022-07-01 09:17:52] [    INFO] 选择点击：['xpath', "//div[@tabindex='0']//span[normalize-space(text())='itel事业部']"] (basics.py:107)
[2022-07-01 09:17:54] [    INFO] 查找元素：('xpath', "//input[@placeholder='请输入关键字']") (basics.py:51)
[2022-07-01 09:17:54] [    INFO] 输入文本：巴基 (basics.py:72)
[2022-07-01 09:17:54] [    INFO] 输入框键入巴基 (SystemMgmt_RegionMgmt.py:56)
[2022-07-01 09:17:55] [ WARNING] 断言失败: 两值不等 | a:<public.base.assert_ui.ValueAssert object at 0x0000012C1FE81D60> b:None (assert_ui.py:22)
[2022-07-01 09:17:57] [    INFO] 查找元素：['xpath', "//div[@class='main-top-audit']//div[contains(text(),'itel事业部')]"] (basics.py:51)
[2022-07-01 09:17:57] [    INFO] 选择点击：['xpath', "//div[@class='main-top-audit']//div[contains(text(),'itel事业部')]"] (basics.py:107)
[2022-07-01 09:18:01] [    INFO] 查找元素：['xpath', "//div[@tabindex='0']//span[normalize-space(text())='itel事业部']"] (basics.py:51)
[2022-07-01 09:18:01] [    INFO] 选择点击：['xpath', "//div[@tabindex='0']//span[normalize-space(text())='itel事业部']"] (basics.py:107)
[2022-07-01 09:18:04] [    INFO] 查找元素：('xpath', "//input[@placeholder='请输入关键字']") (basics.py:51)
[2022-07-01 09:18:04] [    INFO] 输入文本：加纳 (basics.py:72)
[2022-07-01 09:18:04] [    INFO] 输入框键入加纳 (SystemMgmt_RegionMgmt.py:56)
[2022-07-01 09:18:05] [ WARNING] 断言失败: 两值不等 | a:<public.base.assert_ui.ValueAssert object at 0x0000012C1FE75C10> b:None (assert_ui.py:22)
[2022-07-01 09:18:05] [    INFO] 查找元素：('xpath', "//i[@class='el-input__icon el-icon-circle-close el-input__clear']") (basics.py:51)
[2022-07-01 09:18:05] [    INFO] 点击元素：('xpath', "//i[@class='el-input__icon el-icon-circle-close el-input__clear']") (basics.py:110)
[2022-07-01 09:18:05] [    INFO] 查找元素：('xpath', '//*[@id="app"]/div/div[1]/div[2]/div[1]/div/ul/div[11]/li/div/span') (basics.py:51)
[2022-07-01 09:18:05] [    INFO] 点击元素：('xpath', '//*[@id="app"]/div/div[1]/div[2]/div[1]/div/ul/div[11]/li/div/span') (basics.py:110)
[2022-07-01 09:18:05] [    INFO] 查找元素：('xpath', "//a[@href='#/systemManage/areaManage']//li[@role='menuitem']") (basics.py:51)
[2022-07-01 09:18:05] [    INFO] 点击元素：('xpath', "//a[@href='#/systemManage/areaManage']//li[@role='menuitem']") (basics.py:110)
[2022-07-01 09:18:10] [    INFO] 断言成功：URL为预期一致 | URL: http://10.250.112.166:9000/#/systemManage/areaManage (assert_ui.py:159)
[2022-07-01 09:18:12] [    INFO] 查找元素：['xpath', "//div[@class='main-top-audit']//div[contains(text(),'itel事业部')]"] (basics.py:51)
[2022-07-01 09:18:12] [    INFO] 选择点击：['xpath', "//div[@class='main-top-audit']//div[contains(text(),'itel事业部')]"] (basics.py:107)
[2022-07-01 09:18:16] [    INFO] 查找元素：['xpath', "//div[@tabindex='0']//span[normalize-space(text())='itel事业部']"] (basics.py:51)
[2022-07-01 09:18:17] [    INFO] 选择点击：['xpath', "//div[@tabindex='0']//span[normalize-space(text())='itel事业部']"] (basics.py:107)
[2022-07-01 09:18:19] [    INFO] 查找元素：('xpath', "//span[contains(text(),'导出')]") (basics.py:51)
[2022-07-01 09:18:19] [    INFO] 指定下载路径: E:\工作文件\自动化\拉取代码\UIPOMTest\libs\download (basics.py:283)
[2022-07-01 09:18:22] [    INFO] ['drp_dept_export_itel+BU_20220701091819.xlsx'] (basics.py:285)
[2022-07-01 09:18:22] [ WARNING] 断言失败: 下载该附件失败 | drp_dept_export_TECNO  (basics.py:296)
[2022-07-01 09:18:22] [    INFO] 查找元素：('xpath', '//*[@id="app"]/div/div[1]/div[2]/div[1]/div/ul/div[11]/li/div/span') (basics.py:51)
[2022-07-01 09:18:22] [    INFO] 点击元素：('xpath', '//*[@id="app"]/div/div[1]/div[2]/div[1]/div/ul/div[11]/li/div/span') (basics.py:110)
[2022-07-01 09:18:22] [    INFO] 查找元素：('xpath', "//a[@href='#/systemManage/areaManage']//li[@role='menuitem']") (basics.py:51)
[2022-07-01 09:18:22] [    INFO] 点击元素：('xpath', "//a[@href='#/systemManage/areaManage']//li[@role='menuitem']") (basics.py:110)
[2022-07-01 09:18:27] [    INFO] 断言成功：URL为预期一致 | URL: http://10.250.112.166:9000/#/systemManage/areaManage (assert_ui.py:159)
[2022-07-01 09:18:29] [    INFO] 查找元素：['xpath', "//div[@class='main-top-audit']//div[contains(text(),'Infinix事业部')]"] (basics.py:51)
[2022-07-01 09:18:29] [    INFO] 选择点击：['xpath', "//div[@class='main-top-audit']//div[contains(text(),'Infinix事业部')]"] (basics.py:107)
[2022-07-01 09:18:33] [    INFO] 查找元素：['xpath', "//div[@tabindex='0']//span[normalize-space(text())='Infinix事业部']"] (basics.py:51)
[2022-07-01 09:18:33] [    INFO] 选择点击：['xpath', "//div[@tabindex='0']//span[normalize-space(text())='Infinix事业部']"] (basics.py:107)
[2022-07-01 09:18:35] [    INFO] 查找元素：('xpath', "//button[@type='button']//span[contains(text(),'新 增')]") (basics.py:51)
[2022-07-01 09:18:35] [    INFO] 点击元素：('xpath', "//button[@type='button']//span[contains(text(),'新 增')]") (basics.py:110)
[2022-07-01 09:18:36] [    INFO] 查找元素：('xpath', "//span[@class='color-rgb166 marginLeft-33']") (basics.py:51)
[2022-07-01 09:18:36] [    INFO] 获取文本：组织 (basics.py:238)
[2022-07-01 09:18:37] [    INFO] 查找元素：('xpath', "//tbody//tr//td[2]//input[contains(@accept,'-nameZh')]") (basics.py:51)
[2022-07-01 09:18:37] [    INFO] 输入文本：lj测试01 (basics.py:81)
[2022-07-01 09:18:38] [    INFO] 查找元素：('xpath', "//tbody//tr//td[3]//input[contains(@accept,'-nameEn')]") (basics.py:51)
[2022-07-01 09:18:38] [    INFO] 输入文本：ljtest01 (basics.py:81)
[2022-07-01 09:18:38] [    INFO] 查找元素：('xpath', "//tbody//tr//td[6]//span[contains(text(),'保存')]") (basics.py:51)
[2022-07-01 09:18:38] [    INFO] 点击元素：('xpath', "//tbody//tr//td[6]//span[contains(text(),'保存')]") (basics.py:110)
[2022-07-01 09:18:41] [    INFO] 查找元素：['xpath', "//div[@class='main-top-audit']//div[contains(text(),'Infinix事业部')]"] (basics.py:51)
[2022-07-01 09:18:41] [    INFO] 选择点击：['xpath', "//div[@class='main-top-audit']//div[contains(text(),'Infinix事业部')]"] (basics.py:107)
[2022-07-01 09:18:45] [    INFO] 查找元素：['xpath', "//div[@tabindex='0']//span[normalize-space(text())='Infinix事业部']"] (basics.py:51)
[2022-07-01 09:18:45] [    INFO] 选择点击：['xpath', "//div[@tabindex='0']//span[normalize-space(text())='Infinix事业部']"] (basics.py:107)
[2022-07-01 09:18:49] [    INFO] 查找元素：['xpath', "//div[@tabindex='-1']//div[@class='el-tree-node__content']//span[normalize-space(text())='lj测试01']"] (basics.py:51)
[2022-07-01 09:18:49] [    INFO] 选择点击：['xpath', "//div[@tabindex='-1']//div[@class='el-tree-node__content']//span[normalize-space(text())='lj测试01']"] (basics.py:107)
[2022-07-01 09:18:51] [    INFO] 查找元素：('xpath', "//button[@type='button']//span[contains(text(),'新 增')]") (basics.py:51)
[2022-07-01 09:18:51] [    INFO] 点击元素：('xpath', "//button[@type='button']//span[contains(text(),'新 增')]") (basics.py:110)
[2022-07-01 09:18:52] [    INFO] 查找元素：('xpath', "//span[@class='color-rgb166 marginLeft-33']") (basics.py:51)
[2022-07-01 09:18:52] [    INFO] 获取文本：地区部 (basics.py:238)
[2022-07-01 09:18:53] [    INFO] 查找元素：('xpath', "//tbody//tr//td[2]//input[contains(@accept,'-nameZh')]") (basics.py:51)
[2022-07-01 09:18:53] [    INFO] 输入文本：lj测试001 (basics.py:81)
[2022-07-01 09:18:53] [    INFO] 查找元素：('xpath', "//tbody//tr//td[3]//input[contains(@accept,'-nameEn')]") (basics.py:51)
[2022-07-01 09:18:53] [    INFO] 输入文本：ljtest001 (basics.py:81)
[2022-07-01 09:18:53] [    INFO] 查找元素：('xpath', "//tbody//tr//td[6]//span[contains(text(),'保存')]") (basics.py:51)
[2022-07-01 09:18:53] [    INFO] 点击元素：('xpath', "//tbody//tr//td[6]//span[contains(text(),'保存')]") (basics.py:110)
[2022-07-01 09:18:56] [    INFO] 查找元素：['xpath', "//div[@class='main-top-audit']//div[contains(text(),'Infinix事业部')]"] (basics.py:51)
[2022-07-01 09:18:56] [    INFO] 选择点击：['xpath', "//div[@class='main-top-audit']//div[contains(text(),'Infinix事业部')]"] (basics.py:107)
[2022-07-01 09:19:00] [    INFO] 查找元素：['xpath', "//div[@tabindex='0']//span[normalize-space(text())='Infinix事业部']"] (basics.py:51)
[2022-07-01 09:19:00] [    INFO] 选择点击：['xpath', "//div[@tabindex='0']//span[normalize-space(text())='Infinix事业部']"] (basics.py:107)
[2022-07-01 09:19:04] [    INFO] 查找元素：['xpath', "//div[@tabindex='-1']//div[@class='el-tree-node__content']//span[normalize-space(text())='lj测试01']"] (basics.py:51)
[2022-07-01 09:19:05] [    INFO] 选择点击：['xpath', "//div[@tabindex='-1']//div[@class='el-tree-node__content']//span[normalize-space(text())='lj测试01']"] (basics.py:107)
[2022-07-01 09:19:09] [    INFO] 查找元素：['xpath', "//div[@tabindex='-1']//div[@tabindex='-1']//div[@class='el-tree-node__content']//span[normalize-space(text())='lj测试001']"] (basics.py:51)
[2022-07-01 09:19:09] [    INFO] 选择点击：['xpath', "//div[@tabindex='-1']//div[@tabindex='-1']//div[@class='el-tree-node__content']//span[normalize-space(text())='lj测试001']"] (basics.py:107)
[2022-07-01 09:19:11] [    INFO] 查找元素：('xpath', "//button[@type='button']//span[contains(text(),'新 增')]") (basics.py:51)
[2022-07-01 09:19:11] [    INFO] 点击元素：('xpath', "//button[@type='button']//span[contains(text(),'新 增')]") (basics.py:110)
[2022-07-01 09:19:12] [    INFO] 查找元素：('xpath', "//span[@class='color-rgb166 marginLeft-33']") (basics.py:51)
[2022-07-01 09:19:12] [    INFO] 获取文本：大区 (basics.py:238)
[2022-07-01 09:19:12] [    INFO] 查找元素：('xpath', "//input[@placeholder='请输入国家编码或国家名称']") (basics.py:51)
[2022-07-01 09:19:12] [    INFO] 输入文本：中国 (basics.py:81)
[2022-07-01 09:19:13] [    INFO] 查找元素：['xpath', "//div[4]/div[2]/table/tbody/tr[1]/td[4]//span[contains(text(),'添加')]"] (basics.py:47)
[2022-07-01 09:19:13] [    INFO] 查找元素：('xpath', "//div[@aria-label='选择国家']//span[contains(text(),'保存')]") (basics.py:51)
[2022-07-01 09:19:14] [    INFO] 点击元素：('xpath', "//div[@aria-label='选择国家']//span[contains(text(),'保存')]") (basics.py:110)
[2022-07-01 09:19:17] [    INFO] 查找元素：['xpath', "//div[@class='main-top-audit']//div[contains(text(),'Infinix事业部')]"] (basics.py:51)
[2022-07-01 09:19:17] [    INFO] 选择点击：['xpath', "//div[@class='main-top-audit']//div[contains(text(),'Infinix事业部')]"] (basics.py:107)
[2022-07-01 09:19:21] [    INFO] 查找元素：['xpath', "//div[@tabindex='0']//span[normalize-space(text())='Infinix事业部']"] (basics.py:51)
[2022-07-01 09:19:21] [    INFO] 选择点击：['xpath', "//div[@tabindex='0']//span[normalize-space(text())='Infinix事业部']"] (basics.py:107)
[2022-07-01 09:19:25] [    INFO] 查找元素：['xpath', "//div[@tabindex='-1']//div[@class='el-tree-node__content']//span[normalize-space(text())='lj测试01']"] (basics.py:51)
[2022-07-01 09:19:25] [    INFO] 选择点击：['xpath', "//div[@tabindex='-1']//div[@class='el-tree-node__content']//span[normalize-space(text())='lj测试01']"] (basics.py:107)
[2022-07-01 09:19:29] [    INFO] 查找元素：['xpath', "//div[@tabindex='-1']//div[@tabindex='-1']//div[@class='el-tree-node__content']//span[normalize-space(text())='lj测试001']"] (basics.py:51)
[2022-07-01 09:19:29] [    INFO] 选择点击：['xpath', "//div[@tabindex='-1']//div[@tabindex='-1']//div[@class='el-tree-node__content']//span[normalize-space(text())='lj测试001']"] (basics.py:107)
[2022-07-01 09:19:33] [    INFO] 查找元素：['xpath', "//div[@tabindex='-1']//div[@tabindex='-1']//div[@tabindex='-1']//div[@class='el-tree-node__content']//span[normalize-space(text())='中国']"] (basics.py:51)
[2022-07-01 09:19:33] [    INFO] 选择点击：['xpath', "//div[@tabindex='-1']//div[@tabindex='-1']//div[@tabindex='-1']//div[@class='el-tree-node__content']//span[normalize-space(text())='中国']"] (basics.py:107)
[2022-07-01 09:19:35] [    INFO] 查找元素：('xpath', "//div[4]/div[2]/table/tbody/tr[1]//td[6]//span[normalize-space(text())='编辑']") (basics.py:51)
[2022-07-01 09:19:35] [    INFO] 点击元素：('xpath', "//div[4]/div[2]/table/tbody/tr[1]//td[6]//span[normalize-space(text())='编辑']") (basics.py:110)
[2022-07-01 09:19:35] [    INFO] 查找元素：('xpath', "//thead[contains(@class,'has-gutter')]//th[3]//div") (basics.py:51)
[2022-07-01 09:19:35] [    INFO] 获取文本：市场分类 (basics.py:238)
[2022-07-01 09:19:35] [    INFO] 查找元素：('xpath', "//div[@class='el-table__body-wrapper is-scrolling-none']//input[@placeholder='请选择']") (basics.py:51)
[2022-07-01 09:19:35] [    INFO] 点击元素：('xpath', "//div[@class='el-table__body-wrapper is-scrolling-none']//input[@placeholder='请选择']") (basics.py:110)
[2022-07-01 09:19:39] [    INFO] 查找元素：['xpath', "//div[@x-placement='bottom-start']//li[3]"] (basics.py:51)
[2022-07-01 09:19:39] [    INFO] 选择点击：['xpath', "//div[@x-placement='bottom-start']//li[3]"] (basics.py:107)
[2022-07-01 09:19:39] [    INFO] 查找元素：('xpath', "//div[4]/div[2]/table/tbody/tr[1]//td[6]//span[normalize-space(text())='保存']") (basics.py:51)
[2022-07-01 09:19:39] [    INFO] 点击元素：('xpath', "//div[4]/div[2]/table/tbody/tr[1]//td[6]//span[normalize-space(text())='保存']") (basics.py:110)
[2022-07-01 09:19:41] [    INFO] 查找元素：['xpath', "//div[@class='main-top-audit']//div[contains(text(),'Infinix事业部')]"] (basics.py:51)
[2022-07-01 09:19:41] [    INFO] 选择点击：['xpath', "//div[@class='main-top-audit']//div[contains(text(),'Infinix事业部')]"] (basics.py:107)
[2022-07-01 09:19:45] [    INFO] 查找元素：['xpath', "//div[@tabindex='0']//span[normalize-space(text())='Infinix事业部']"] (basics.py:51)
[2022-07-01 09:19:45] [    INFO] 选择点击：['xpath', "//div[@tabindex='0']//span[normalize-space(text())='Infinix事业部']"] (basics.py:107)
[2022-07-01 09:19:49] [    INFO] 查找元素：['xpath', "//div[@tabindex='-1']//div[@class='el-tree-node__content']//span[normalize-space(text())='lj测试01']"] (basics.py:51)
[2022-07-01 09:19:49] [    INFO] 选择点击：['xpath', "//div[@tabindex='-1']//div[@class='el-tree-node__content']//span[normalize-space(text())='lj测试01']"] (basics.py:107)
[2022-07-01 09:19:53] [    INFO] 查找元素：['xpath', "//div[@tabindex='-1']//div[@tabindex='-1']//div[@class='el-tree-node__content']//span[normalize-space(text())='lj测试001']"] (basics.py:51)
[2022-07-01 09:19:53] [    INFO] 选择点击：['xpath', "//div[@tabindex='-1']//div[@tabindex='-1']//div[@class='el-tree-node__content']//span[normalize-space(text())='lj测试001']"] (basics.py:107)
[2022-07-01 09:19:57] [    INFO] 查找元素：['xpath', "//div[@tabindex='-1']//div[@tabindex='-1']//div[@tabindex='-1']//div[@class='el-tree-node__content']//span[normalize-space(text())='中国']"] (basics.py:51)
[2022-07-01 09:19:57] [    INFO] 选择点击：['xpath', "//div[@tabindex='-1']//div[@tabindex='-1']//div[@tabindex='-1']//div[@class='el-tree-node__content']//span[normalize-space(text())='中国']"] (basics.py:107)
[2022-07-01 09:19:59] [    INFO] 查找元素：('xpath', "//div[@class='content-tab-top']//div[contains(text(),'市场划分配置')]") (basics.py:51)
[2022-07-01 09:19:59] [    INFO] 点击元素：('xpath', "//div[@class='content-tab-top']//div[contains(text(),'市场划分配置')]") (basics.py:110)
[2022-07-01 09:19:59] [    INFO] 查找元素：('xpath', "//div[4]/div[2]/table/tbody/tr[1]//td[6]//span[normalize-space(text())='编辑']") (basics.py:51)
[2022-07-01 09:19:59] [    INFO] 点击元素：('xpath', "//div[4]/div[2]/table/tbody/tr[1]//td[6]//span[normalize-space(text())='编辑']") (basics.py:110)
[2022-07-01 09:19:59] [    INFO] 查找元素：('xpath', "//thead[contains(@class,'has-gutter')]//th[3]//div") (basics.py:51)
[2022-07-01 09:20:00] [    INFO] 获取文本：市场划分 (basics.py:238)
[2022-07-01 09:20:00] [    INFO] 查找元素：('xpath', "//div[@class='el-table__body-wrapper is-scrolling-none']//input[@placeholder='请选择']") (basics.py:51)
[2022-07-01 09:20:00] [    INFO] 点击元素：('xpath', "//div[@class='el-table__body-wrapper is-scrolling-none']//input[@placeholder='请选择']") (basics.py:110)
[2022-07-01 09:20:02] [    INFO] 查找元素：['xpath', "//div[@x-placement='bottom-start']//li[1]"] (basics.py:51)
[2022-07-01 09:20:02] [    INFO] 选择点击：['xpath', "//div[@x-placement='bottom-start']//li[1]"] (basics.py:107)
[2022-07-01 09:20:02] [    INFO] 查找元素：('xpath', "//div[4]/div[2]/table/tbody/tr[1]//td[6]//span[normalize-space(text())='保存']") (basics.py:51)
[2022-07-01 09:20:02] [    INFO] 点击元素：('xpath', "//div[4]/div[2]/table/tbody/tr[1]//td[6]//span[normalize-space(text())='保存']") (basics.py:110)
[2022-07-01 09:20:02] [    INFO] 查找元素：('xpath', '//*[@id="app"]/div/div[1]/div[2]/div[1]/div/ul/div[11]/li/div/span') (basics.py:51)
[2022-07-01 09:20:02] [    INFO] 点击元素：('xpath', '//*[@id="app"]/div/div[1]/div[2]/div[1]/div/ul/div[11]/li/div/span') (basics.py:110)
[2022-07-01 09:20:02] [    INFO] 查找元素：('xpath', "//a[@href='#/systemManage/areaManage']//li[@role='menuitem']") (basics.py:51)
[2022-07-01 09:20:02] [    INFO] 点击元素：('xpath', "//a[@href='#/systemManage/areaManage']//li[@role='menuitem']") (basics.py:110)
[2022-07-01 09:20:07] [    INFO] 断言成功：URL为预期一致 | URL: http://10.250.112.166:9000/#/systemManage/areaManage (assert_ui.py:159)
[2022-07-01 09:20:09] [    INFO] 查找元素：['xpath', "//div[@class='main-top-audit']//div[contains(text(),'Infinix事业部')]"] (basics.py:51)
[2022-07-01 09:20:09] [    INFO] 选择点击：['xpath', "//div[@class='main-top-audit']//div[contains(text(),'Infinix事业部')]"] (basics.py:107)
[2022-07-01 09:20:13] [    INFO] 查找元素：['xpath', "//div[@tabindex='0']//span[normalize-space(text())='Infinix事业部']"] (basics.py:51)
[2022-07-01 09:20:13] [    INFO] 选择点击：['xpath', "//div[@tabindex='0']//span[normalize-space(text())='Infinix事业部']"] (basics.py:107)
[2022-07-01 09:20:15] [    INFO] 查找元素：['xpath', "//tbody//tr[1]//td[6]//span[contains(text(),'编辑')]"] (basics.py:47)
[2022-07-01 09:20:17] [    INFO] 查找元素：('xpath', "//span[@class='color-rgb166 marginLeft-33']") (basics.py:51)
[2022-07-01 09:20:17] [    INFO] 获取文本：组织 (basics.py:238)
[2022-07-01 09:20:18] [    INFO] 查找元素：('xpath', "//tbody//tr//td[2]//input[contains(@accept,'-nameZh')]") (basics.py:51)
[2022-07-01 09:20:18] [    INFO] 输入文本：lj测试02 (basics.py:81)
[2022-07-01 09:20:19] [    INFO] 查找元素：('xpath', "//tbody//tr//td[3]//input[contains(@accept,'-nameEn')]") (basics.py:51)
[2022-07-01 09:20:19] [    INFO] 输入文本：ljtest02 (basics.py:81)
[2022-07-01 09:20:19] [    INFO] 查找元素：('xpath', "//tbody//tr//td[6]//span[contains(text(),'保存')]") (basics.py:51)
[2022-07-01 09:20:19] [    INFO] 点击元素：('xpath', "//tbody//tr//td[6]//span[contains(text(),'保存')]") (basics.py:110)
[2022-07-01 09:20:22] [    INFO] 查找元素：['xpath', "//div[@class='main-top-audit']//div[contains(text(),'Infinix事业部')]"] (basics.py:51)
[2022-07-01 09:20:22] [    INFO] 选择点击：['xpath', "//div[@class='main-top-audit']//div[contains(text(),'Infinix事业部')]"] (basics.py:107)
[2022-07-01 09:20:26] [    INFO] 查找元素：['xpath', "//div[@tabindex='0']//span[normalize-space(text())='Infinix事业部']"] (basics.py:51)
[2022-07-01 09:20:26] [    INFO] 选择点击：['xpath', "//div[@tabindex='0']//span[normalize-space(text())='Infinix事业部']"] (basics.py:107)
[2022-07-01 09:20:30] [    INFO] 查找元素：['xpath', "//div[@tabindex='-1']//div[@class='el-tree-node__content']//span[normalize-space(text())='lj测试02']"] (basics.py:51)
[2022-07-01 09:20:30] [    INFO] 选择点击：['xpath', "//div[@tabindex='-1']//div[@class='el-tree-node__content']//span[normalize-space(text())='lj测试02']"] (basics.py:107)
[2022-07-01 09:20:32] [    INFO] 查找元素：['xpath', "//tbody//tr[1]//td[6]//span[contains(text(),'编辑')]"] (basics.py:47)
[2022-07-01 09:20:34] [    INFO] 查找元素：('xpath', "//span[@class='color-rgb166 marginLeft-33']") (basics.py:51)
[2022-07-01 09:20:34] [    INFO] 获取文本：地区部 (basics.py:238)
[2022-07-01 09:20:35] [    INFO] 查找元素：('xpath', "//tbody//tr//td[2]//input[contains(@accept,'-nameZh')]") (basics.py:51)
[2022-07-01 09:20:35] [    INFO] 输入文本：lj测试002 (basics.py:81)
[2022-07-01 09:20:35] [    INFO] 查找元素：('xpath', "//tbody//tr//td[3]//input[contains(@accept,'-nameEn')]") (basics.py:51)
[2022-07-01 09:20:35] [    INFO] 输入文本：ljtest002 (basics.py:81)
[2022-07-01 09:20:35] [    INFO] 查找元素：('xpath', "//tbody//tr//td[6]//span[contains(text(),'保存')]") (basics.py:51)
[2022-07-01 09:20:36] [    INFO] 点击元素：('xpath', "//tbody//tr//td[6]//span[contains(text(),'保存')]") (basics.py:110)
[2022-07-01 09:20:39] [    INFO] 查找元素：['xpath', "//div[@class='main-top-audit']//div[contains(text(),'Infinix事业部')]"] (basics.py:51)
[2022-07-01 09:20:39] [    INFO] 选择点击：['xpath', "//div[@class='main-top-audit']//div[contains(text(),'Infinix事业部')]"] (basics.py:107)
[2022-07-01 09:20:43] [    INFO] 查找元素：['xpath', "//div[@tabindex='0']//span[normalize-space(text())='Infinix事业部']"] (basics.py:51)
[2022-07-01 09:20:43] [    INFO] 选择点击：['xpath', "//div[@tabindex='0']//span[normalize-space(text())='Infinix事业部']"] (basics.py:107)
[2022-07-01 09:20:47] [    INFO] 查找元素：['xpath', "//div[@tabindex='-1']//div[@class='el-tree-node__content']//span[normalize-space(text())='lj测试02']"] (basics.py:51)
[2022-07-01 09:20:47] [    INFO] 选择点击：['xpath', "//div[@tabindex='-1']//div[@class='el-tree-node__content']//span[normalize-space(text())='lj测试02']"] (basics.py:107)
[2022-07-01 09:20:51] [    INFO] 查找元素：['xpath', "//div[@tabindex='-1']//div[@tabindex='-1']//div[@class='el-tree-node__content']//span[normalize-space(text())='lj测试002']"] (basics.py:51)
[2022-07-01 09:20:51] [    INFO] 选择点击：['xpath', "//div[@tabindex='-1']//div[@tabindex='-1']//div[@class='el-tree-node__content']//span[normalize-space(text())='lj测试002']"] (basics.py:107)
[2022-07-01 09:20:55] [    INFO] 查找元素：['xpath', "//div[@tabindex='-1']//div[@tabindex='-1']//div[@tabindex='-1']//div[@class='el-tree-node__content']//span[normalize-space(text())='中国']"] (basics.py:51)
[2022-07-01 09:20:55] [    INFO] 选择点击：['xpath', "//div[@tabindex='-1']//div[@tabindex='-1']//div[@tabindex='-1']//div[@class='el-tree-node__content']//span[normalize-space(text())='中国']"] (basics.py:107)
[2022-07-01 09:20:57] [    INFO] 查找元素：('xpath', "//div[4]/div[2]/table/tbody/tr[1]//td[6]//span[normalize-space(text())='编辑']") (basics.py:51)
[2022-07-01 09:20:57] [    INFO] 点击元素：('xpath', "//div[4]/div[2]/table/tbody/tr[1]//td[6]//span[normalize-space(text())='编辑']") (basics.py:110)
[2022-07-01 09:20:57] [    INFO] 查找元素：('xpath', "//thead[contains(@class,'has-gutter')]//th[3]//div") (basics.py:51)
[2022-07-01 09:20:57] [    INFO] 获取文本：市场分类 (basics.py:238)
[2022-07-01 09:20:57] [    INFO] 查找元素：('xpath', "//div[@class='el-table__body-wrapper is-scrolling-none']//input[@placeholder='请选择']") (basics.py:51)
[2022-07-01 09:20:57] [    INFO] 点击元素：('xpath', "//div[@class='el-table__body-wrapper is-scrolling-none']//input[@placeholder='请选择']") (basics.py:110)
[2022-07-01 09:21:01] [    INFO] 查找元素：['xpath', "//div[@x-placement='bottom-start']//li[4]"] (basics.py:51)
[2022-07-01 09:21:01] [    INFO] 选择点击：['xpath', "//div[@x-placement='bottom-start']//li[4]"] (basics.py:107)
[2022-07-01 09:21:01] [    INFO] 查找元素：('xpath', "//div[4]/div[2]/table/tbody/tr[1]//td[6]//span[normalize-space(text())='保存']") (basics.py:51)
[2022-07-01 09:21:01] [    INFO] 点击元素：('xpath', "//div[4]/div[2]/table/tbody/tr[1]//td[6]//span[normalize-space(text())='保存']") (basics.py:110)
[2022-07-01 09:21:03] [    INFO] 查找元素：['xpath', "//div[@class='main-top-audit']//div[contains(text(),'Infinix事业部')]"] (basics.py:51)
[2022-07-01 09:21:03] [    INFO] 选择点击：['xpath', "//div[@class='main-top-audit']//div[contains(text(),'Infinix事业部')]"] (basics.py:107)
[2022-07-01 09:21:07] [    INFO] 查找元素：['xpath', "//div[@tabindex='0']//span[normalize-space(text())='Infinix事业部']"] (basics.py:51)
[2022-07-01 09:21:07] [    INFO] 选择点击：['xpath', "//div[@tabindex='0']//span[normalize-space(text())='Infinix事业部']"] (basics.py:107)
[2022-07-01 09:21:11] [    INFO] 查找元素：['xpath', "//div[@tabindex='-1']//div[@class='el-tree-node__content']//span[normalize-space(text())='lj测试02']"] (basics.py:51)
[2022-07-01 09:21:11] [    INFO] 选择点击：['xpath', "//div[@tabindex='-1']//div[@class='el-tree-node__content']//span[normalize-space(text())='lj测试02']"] (basics.py:107)
[2022-07-01 09:21:15] [    INFO] 查找元素：['xpath', "//div[@tabindex='-1']//div[@tabindex='-1']//div[@class='el-tree-node__content']//span[normalize-space(text())='lj测试002']"] (basics.py:51)
[2022-07-01 09:21:15] [    INFO] 选择点击：['xpath', "//div[@tabindex='-1']//div[@tabindex='-1']//div[@class='el-tree-node__content']//span[normalize-space(text())='lj测试002']"] (basics.py:107)
[2022-07-01 09:21:19] [    INFO] 查找元素：['xpath', "//div[@tabindex='-1']//div[@tabindex='-1']//div[@tabindex='-1']//div[@class='el-tree-node__content']//span[normalize-space(text())='中国']"] (basics.py:51)
[2022-07-01 09:21:19] [    INFO] 选择点击：['xpath', "//div[@tabindex='-1']//div[@tabindex='-1']//div[@tabindex='-1']//div[@class='el-tree-node__content']//span[normalize-space(text())='中国']"] (basics.py:107)
[2022-07-01 09:21:21] [    INFO] 查找元素：('xpath', "//div[@class='content-tab-top']//div[contains(text(),'市场划分配置')]") (basics.py:51)
[2022-07-01 09:21:22] [    INFO] 点击元素：('xpath', "//div[@class='content-tab-top']//div[contains(text(),'市场划分配置')]") (basics.py:110)
[2022-07-01 09:21:22] [    INFO] 查找元素：('xpath', "//div[4]/div[2]/table/tbody/tr[1]//td[6]//span[normalize-space(text())='编辑']") (basics.py:51)
[2022-07-01 09:21:22] [    INFO] 点击元素：('xpath', "//div[4]/div[2]/table/tbody/tr[1]//td[6]//span[normalize-space(text())='编辑']") (basics.py:110)
[2022-07-01 09:21:22] [    INFO] 查找元素：('xpath', "//thead[contains(@class,'has-gutter')]//th[3]//div") (basics.py:51)
[2022-07-01 09:21:22] [    INFO] 获取文本：市场划分 (basics.py:238)
[2022-07-01 09:21:22] [    INFO] 查找元素：('xpath', "//div[@class='el-table__body-wrapper is-scrolling-none']//input[@placeholder='请选择']") (basics.py:51)
[2022-07-01 09:21:22] [    INFO] 点击元素：('xpath', "//div[@class='el-table__body-wrapper is-scrolling-none']//input[@placeholder='请选择']") (basics.py:110)
[2022-07-01 09:21:24] [    INFO] 查找元素：['xpath', "//div[@x-placement='bottom-start']//li[5]"] (basics.py:51)
[2022-07-01 09:21:24] [    INFO] 选择点击：['xpath', "//div[@x-placement='bottom-start']//li[5]"] (basics.py:107)
[2022-07-01 09:21:24] [    INFO] 查找元素：('xpath', "//div[4]/div[2]/table/tbody/tr[1]//td[6]//span[normalize-space(text())='保存']") (basics.py:51)
[2022-07-01 09:21:24] [    INFO] 点击元素：('xpath', "//div[4]/div[2]/table/tbody/tr[1]//td[6]//span[normalize-space(text())='保存']") (basics.py:110)
[2022-07-01 09:21:24] [    INFO] 查找元素：('xpath', '//*[@id="app"]/div/div[1]/div[2]/div[1]/div/ul/div[11]/li/div/span') (basics.py:51)
[2022-07-01 09:21:24] [    INFO] 点击元素：('xpath', '//*[@id="app"]/div/div[1]/div[2]/div[1]/div/ul/div[11]/li/div/span') (basics.py:110)
[2022-07-01 09:21:24] [    INFO] 查找元素：('xpath', "//a[@href='#/systemManage/areaManage']//li[@role='menuitem']") (basics.py:51)
[2022-07-01 09:21:24] [    INFO] 点击元素：('xpath', "//a[@href='#/systemManage/areaManage']//li[@role='menuitem']") (basics.py:110)
[2022-07-01 09:21:29] [    INFO] 断言成功：URL为预期一致 | URL: http://10.250.112.166:9000/#/systemManage/areaManage (assert_ui.py:159)
[2022-07-01 09:21:31] [    INFO] 查找元素：['xpath', "//div[@class='main-top-audit']//div[contains(text(),'Infinix事业部')]"] (basics.py:51)
[2022-07-01 09:21:31] [    INFO] 选择点击：['xpath', "//div[@class='main-top-audit']//div[contains(text(),'Infinix事业部')]"] (basics.py:107)
[2022-07-01 09:21:35] [    INFO] 查找元素：['xpath', "//div[@tabindex='0']//span[normalize-space(text())='Infinix事业部']"] (basics.py:51)
[2022-07-01 09:21:35] [    INFO] 选择点击：['xpath', "//div[@tabindex='0']//span[normalize-space(text())='Infinix事业部']"] (basics.py:107)
[2022-07-01 09:21:39] [    INFO] 查找元素：['xpath', "//div[@tabindex='-1']//div[@class='el-tree-node__content']//span[normalize-space(text())='lj测试02']"] (basics.py:51)
[2022-07-01 09:21:39] [    INFO] 选择点击：['xpath', "//div[@tabindex='-1']//div[@class='el-tree-node__content']//span[normalize-space(text())='lj测试02']"] (basics.py:107)
[2022-07-01 09:21:43] [    INFO] 查找元素：['xpath', "//div[@tabindex='-1']//div[@tabindex='-1']//div[@class='el-tree-node__content']//span[normalize-space(text())='lj测试002']"] (basics.py:51)
[2022-07-01 09:21:43] [    INFO] 选择点击：['xpath', "//div[@tabindex='-1']//div[@tabindex='-1']//div[@class='el-tree-node__content']//span[normalize-space(text())='lj测试002']"] (basics.py:107)
[2022-07-01 09:21:45] [    INFO] 查找元素：['xpath', "//tbody//tr[1]//td[6]//span[contains(text(),'删除')]"] (basics.py:47)
[2022-07-01 09:21:45] [    INFO] 查找元素：('xpath', "//span[@class='color-rgb166 marginLeft-33']") (basics.py:51)
[2022-07-01 09:21:45] [    INFO] 获取文本：大区 (basics.py:238)
[2022-07-01 09:21:45] [    INFO] 查找元素：('xpath', "//div[@aria-hidden='false']//span[contains(text(),'确定')]") (basics.py:51)
[2022-07-01 09:21:45] [    INFO] 点击元素：('xpath', "//div[@aria-hidden='false']//span[contains(text(),'确定')]") (basics.py:110)
[2022-07-01 09:21:48] [    INFO] 查找元素：['xpath', "//div[@class='main-top-audit']//div[contains(text(),'Infinix事业部')]"] (basics.py:51)
[2022-07-01 09:21:49] [    INFO] 选择点击：['xpath', "//div[@class='main-top-audit']//div[contains(text(),'Infinix事业部')]"] (basics.py:107)
[2022-07-01 09:21:53] [    INFO] 查找元素：['xpath', "//div[@tabindex='0']//span[normalize-space(text())='Infinix事业部']"] (basics.py:51)
[2022-07-01 09:21:53] [    INFO] 选择点击：['xpath', "//div[@tabindex='0']//span[normalize-space(text())='Infinix事业部']"] (basics.py:107)
[2022-07-01 09:21:57] [    INFO] 查找元素：['xpath', "//div[@tabindex='-1']//div[@class='el-tree-node__content']//span[normalize-space(text())='lj测试02']"] (basics.py:51)
[2022-07-01 09:21:57] [    INFO] 选择点击：['xpath', "//div[@tabindex='-1']//div[@class='el-tree-node__content']//span[normalize-space(text())='lj测试02']"] (basics.py:107)
[2022-07-01 09:21:59] [    INFO] 查找元素：['xpath', "//tbody//tr[1]//td[6]//span[contains(text(),'删除')]"] (basics.py:47)
[2022-07-01 09:21:59] [    INFO] 查找元素：('xpath', "//span[@class='color-rgb166 marginLeft-33']") (basics.py:51)
[2022-07-01 09:21:59] [    INFO] 获取文本：地区部 (basics.py:238)
[2022-07-01 09:21:59] [    INFO] 查找元素：('xpath', "//div[@aria-hidden='false']//span[contains(text(),'确定')]") (basics.py:51)
[2022-07-01 09:21:59] [    INFO] 点击元素：('xpath', "//div[@aria-hidden='false']//span[contains(text(),'确定')]") (basics.py:110)
[2022-07-01 09:22:02] [    INFO] 查找元素：['xpath', "//div[@class='main-top-audit']//div[contains(text(),'Infinix事业部')]"] (basics.py:51)
[2022-07-01 09:22:02] [    INFO] 选择点击：['xpath', "//div[@class='main-top-audit']//div[contains(text(),'Infinix事业部')]"] (basics.py:107)
[2022-07-01 09:22:06] [    INFO] 查找元素：['xpath', "//div[@tabindex='0']//span[normalize-space(text())='Infinix事业部']"] (basics.py:51)
[2022-07-01 09:22:06] [    INFO] 选择点击：['xpath', "//div[@tabindex='0']//span[normalize-space(text())='Infinix事业部']"] (basics.py:107)
[2022-07-01 09:22:08] [    INFO] 查找元素：['xpath', "//tbody//tr[1]//td[6]//span[contains(text(),'删除')]"] (basics.py:47)
[2022-07-01 09:22:08] [    INFO] 查找元素：('xpath', "//span[@class='color-rgb166 marginLeft-33']") (basics.py:51)
[2022-07-01 09:22:08] [    INFO] 获取文本：组织 (basics.py:238)
[2022-07-01 09:22:08] [    INFO] 查找元素：('xpath', "//div[@aria-hidden='false']//span[contains(text(),'确定')]") (basics.py:51)
[2022-07-01 09:22:08] [    INFO] 点击元素：('xpath', "//div[@aria-hidden='false']//span[contains(text(),'确定')]") (basics.py:110)
[2022-07-01 09:22:11] [    INFO] 查找元素：['xpath', "//div[@class='main-top-audit']//div[contains(text(),'Infinix事业部')]"] (basics.py:51)
[2022-07-01 09:22:11] [    INFO] 选择点击：['xpath', "//div[@class='main-top-audit']//div[contains(text(),'Infinix事业部')]"] (basics.py:107)
[2022-07-01 09:22:15] [    INFO] 查找元素：['xpath', "//div[@tabindex='0']//span[normalize-space(text())='Infinix事业部']"] (basics.py:51)
[2022-07-01 09:22:15] [    INFO] 选择点击：['xpath', "//div[@tabindex='0']//span[normalize-space(text())='Infinix事业部']"] (basics.py:107)
[2022-07-01 09:22:17] [    INFO] 查找元素：('xpath', "//button[@type='button']//span[contains(text(),'新 增')]") (basics.py:51)
[2022-07-01 09:22:17] [    INFO] 点击元素：('xpath', "//button[@type='button']//span[contains(text(),'新 增')]") (basics.py:110)
[2022-07-01 09:22:18] [    INFO] 查找元素：('xpath', "//span[@class='color-rgb166 marginLeft-33']") (basics.py:51)
[2022-07-01 09:22:18] [    INFO] 获取文本：组织 (basics.py:238)
[2022-07-01 09:22:19] [    INFO] 查找元素：('xpath', "//tbody//tr//td[2]//input[contains(@accept,'-nameZh')]") (basics.py:51)
[2022-07-01 09:22:19] [    INFO] 输入文本：lj测试01 (basics.py:81)
[2022-07-01 09:22:19] [    INFO] 查找元素：('xpath', "//tbody//tr//td[3]//input[contains(@accept,'-nameEn')]") (basics.py:51)
[2022-07-01 09:22:20] [    INFO] 输入文本：ljtest01 (basics.py:81)
[2022-07-01 09:22:20] [    INFO] 查找元素：('xpath', "//tbody//tr//td[6]//span[contains(text(),'保存')]") (basics.py:51)
[2022-07-01 09:22:20] [    INFO] 点击元素：('xpath', "//tbody//tr//td[6]//span[contains(text(),'保存')]") (basics.py:110)
[2022-07-01 09:22:23] [    INFO] 查找元素：['xpath', "//div[@class='main-top-audit']//div[contains(text(),'Infinix事业部')]"] (basics.py:51)
[2022-07-01 09:22:23] [    INFO] 选择点击：['xpath', "//div[@class='main-top-audit']//div[contains(text(),'Infinix事业部')]"] (basics.py:107)
[2022-07-01 09:22:27] [    INFO] 查找元素：['xpath', "//div[@tabindex='0']//span[normalize-space(text())='Infinix事业部']"] (basics.py:51)
[2022-07-01 09:22:27] [    INFO] 选择点击：['xpath', "//div[@tabindex='0']//span[normalize-space(text())='Infinix事业部']"] (basics.py:107)
[2022-07-01 09:22:31] [    INFO] 查找元素：['xpath', "//div[@tabindex='-1']//div[@class='el-tree-node__content']//span[normalize-space(text())='lj测试01']"] (basics.py:51)
[2022-07-01 09:22:31] [    INFO] 选择点击：['xpath', "//div[@tabindex='-1']//div[@class='el-tree-node__content']//span[normalize-space(text())='lj测试01']"] (basics.py:107)
[2022-07-01 09:22:33] [    INFO] 查找元素：('xpath', "//button[@type='button']//span[contains(text(),'新 增')]") (basics.py:51)
[2022-07-01 09:22:33] [    INFO] 点击元素：('xpath', "//button[@type='button']//span[contains(text(),'新 增')]") (basics.py:110)
[2022-07-01 09:22:34] [    INFO] 查找元素：('xpath', "//span[@class='color-rgb166 marginLeft-33']") (basics.py:51)
[2022-07-01 09:22:34] [    INFO] 获取文本：地区部 (basics.py:238)
[2022-07-01 09:22:34] [    INFO] 查找元素：('xpath', "//tbody//tr//td[2]//input[contains(@accept,'-nameZh')]") (basics.py:51)
[2022-07-01 09:22:34] [    INFO] 输入文本：lj测试001 (basics.py:81)
[2022-07-01 09:22:35] [    INFO] 查找元素：('xpath', "//tbody//tr//td[3]//input[contains(@accept,'-nameEn')]") (basics.py:51)
[2022-07-01 09:22:35] [    INFO] 输入文本：ljtest001 (basics.py:81)
[2022-07-01 09:22:35] [    INFO] 查找元素：('xpath', "//tbody//tr//td[6]//span[contains(text(),'保存')]") (basics.py:51)
[2022-07-01 09:22:35] [    INFO] 点击元素：('xpath', "//tbody//tr//td[6]//span[contains(text(),'保存')]") (basics.py:110)
[2022-07-01 09:22:38] [    INFO] 查找元素：['xpath', "//div[@class='main-top-audit']//div[contains(text(),'Infinix事业部')]"] (basics.py:51)
[2022-07-01 09:22:38] [    INFO] 选择点击：['xpath', "//div[@class='main-top-audit']//div[contains(text(),'Infinix事业部')]"] (basics.py:107)
[2022-07-01 09:22:42] [    INFO] 查找元素：['xpath', "//div[@tabindex='0']//span[normalize-space(text())='Infinix事业部']"] (basics.py:51)
[2022-07-01 09:22:42] [    INFO] 选择点击：['xpath', "//div[@tabindex='0']//span[normalize-space(text())='Infinix事业部']"] (basics.py:107)
[2022-07-01 09:22:44] [    INFO] 查找元素：['xpath', "//tbody//tr[1]//td[6]//span[contains(text(),'删除')]"] (basics.py:47)
[2022-07-01 09:22:44] [    INFO] 查找元素：('xpath', "//span[@class='color-rgb166 marginLeft-33']") (basics.py:51)
[2022-07-01 09:22:44] [    INFO] 获取文本：组织 (basics.py:238)
[2022-07-01 09:22:44] [    INFO] 查找元素：('xpath', "//div[@aria-hidden='false']//span[contains(text(),'确定')]") (basics.py:51)
[2022-07-01 09:22:44] [    INFO] 点击元素：('xpath', "//div[@aria-hidden='false']//span[contains(text(),'确定')]") (basics.py:110)
[2022-07-01 09:22:45] [    INFO] 查找元素：('xpath', '//*[@id="app"]/div/div[1]/div[2]/div[1]/div/ul/div[11]/li/div/span') (basics.py:51)
[2022-07-01 09:22:45] [    INFO] 点击元素：('xpath', '//*[@id="app"]/div/div[1]/div[2]/div[1]/div/ul/div[11]/li/div/span') (basics.py:110)
[2022-07-01 09:22:45] [    INFO] 查找元素：('xpath', "//a[@href='#/systemManage/areaManage']//li[@role='menuitem']") (basics.py:51)
[2022-07-01 09:22:46] [    INFO] 点击元素：('xpath', "//a[@href='#/systemManage/areaManage']//li[@role='menuitem']") (basics.py:110)
[2022-07-01 09:22:51] [    INFO] 断言成功：URL为预期一致 | URL: http://10.250.112.166:9000/#/systemManage/areaManage (assert_ui.py:159)
[2022-07-01 09:22:53] [    INFO] 查找元素：['xpath', "//span[normalize-space(text())='区域管理']//span[@class='el-icon-close']"] (basics.py:51)
[2022-07-01 09:22:53] [    INFO] 选择点击：['xpath', "//span[normalize-space(text())='区域管理']//span[@class='el-icon-close']"] (basics.py:107)
[2022-07-01 09:22:53] [    INFO] 查找元素：('xpath', '//*[@id="app"]/div/div[1]/div[2]/div[1]/div/ul/div[11]/li/div/span') (basics.py:51)
[2022-07-01 09:22:53] [    INFO] 点击元素：('xpath', '//*[@id="app"]/div/div[1]/div[2]/div[1]/div/ul/div[11]/li/div/span') (basics.py:110)
[2022-07-01 09:22:53] [    INFO] 查找元素：('xpath', "//a[@href='#/systemManage/areaManage']//li[@role='menuitem']") (basics.py:51)
[2022-07-01 09:22:53] [    INFO] 点击元素：('xpath', "//a[@href='#/systemManage/areaManage']//li[@role='menuitem']") (basics.py:110)
[2022-07-01 09:22:58] [    INFO] 断言成功：URL为预期一致 | URL: http://10.250.112.166:9000/#/systemManage/areaManage (assert_ui.py:159)
[2022-07-01 09:23:00] [    INFO] 查找元素：['xpath', "//div[@class='main-top-audit']//div[contains(text(),'Infinix事业部')]"] (basics.py:51)
[2022-07-01 09:23:00] [    INFO] 选择点击：['xpath', "//div[@class='main-top-audit']//div[contains(text(),'Infinix事业部')]"] (basics.py:107)
[2022-07-01 09:23:04] [    INFO] 查找元素：['xpath', "//div[@tabindex='0']//span[normalize-space(text())='Infinix事业部']"] (basics.py:51)
[2022-07-01 09:23:04] [    INFO] 选择点击：['xpath', "//div[@tabindex='0']//span[normalize-space(text())='Infinix事业部']"] (basics.py:107)
[2022-07-01 09:23:06] [    INFO] 查找元素：('xpath', "//button[@type='button']//span[contains(text(),'新 增')]") (basics.py:51)
[2022-07-01 09:23:06] [    INFO] 点击元素：('xpath', "//button[@type='button']//span[contains(text(),'新 增')]") (basics.py:110)
[2022-07-01 09:23:07] [    INFO] 查找元素：('xpath', "//span[@class='color-rgb166 marginLeft-33']") (basics.py:51)
[2022-07-01 09:23:07] [    INFO] 获取文本：组织 (basics.py:238)
[2022-07-01 09:23:08] [    INFO] 查找元素：('xpath', "//tbody//tr//td[2]//input[contains(@accept,'-nameZh')]") (basics.py:51)
[2022-07-01 09:23:08] [    INFO] 输入文本：lj测试01 (basics.py:81)
[2022-07-01 09:23:08] [    INFO] 查找元素：('xpath', "//tbody//tr//td[3]//input[contains(@accept,'-nameEn')]") (basics.py:51)
[2022-07-01 09:23:09] [    INFO] 输入文本：ljtest01 (basics.py:81)
[2022-07-01 09:23:09] [    INFO] 查找元素：('xpath', "//tbody//tr//td[6]//span[contains(text(),'保存')]") (basics.py:51)
[2022-07-01 09:23:09] [    INFO] 点击元素：('xpath', "//tbody//tr//td[6]//span[contains(text(),'保存')]") (basics.py:110)
[2022-07-01 09:23:10] [    INFO] 查找元素：('xpath', "//button[@type='button']//span[contains(text(),'新 增')]") (basics.py:51)
[2022-07-01 09:23:10] [    INFO] 点击元素：('xpath', "//button[@type='button']//span[contains(text(),'新 增')]") (basics.py:110)
[2022-07-01 09:23:11] [    INFO] 查找元素：('xpath', "//span[@class='color-rgb166 marginLeft-33']") (basics.py:51)
[2022-07-01 09:23:11] [    INFO] 获取文本：组织 (basics.py:238)
[2022-07-01 09:23:11] [    INFO] 查找元素：('xpath', "//tbody//tr//td[2]//input[contains(@accept,'-nameZh')]") (basics.py:51)
[2022-07-01 09:23:11] [    INFO] 输入文本：lj测试01 (basics.py:81)
[2022-07-01 09:23:12] [    INFO] 查找元素：('xpath', "//tbody//tr//td[3]//input[contains(@accept,'-nameEn')]") (basics.py:51)
[2022-07-01 09:23:12] [    INFO] 输入文本：ljtest01 (basics.py:81)
[2022-07-01 09:23:12] [    INFO] 查找元素：('xpath', "//tbody//tr//td[6]//span[contains(text(),'保存')]") (basics.py:51)
[2022-07-01 09:23:12] [    INFO] 点击元素：('xpath', "//tbody//tr//td[6]//span[contains(text(),'保存')]") (basics.py:110)
[2022-07-01 09:23:15] [    INFO] 查找元素：['xpath', "//div[@class='main-top-audit']//div[contains(text(),'Infinix事业部')]"] (basics.py:51)
[2022-07-01 09:23:15] [    INFO] 选择点击：['xpath', "//div[@class='main-top-audit']//div[contains(text(),'Infinix事业部')]"] (basics.py:107)
[2022-07-01 09:23:19] [    INFO] 查找元素：['xpath', "//div[@tabindex='0']//span[normalize-space(text())='Infinix事业部']"] (basics.py:51)
[2022-07-01 09:23:19] [    INFO] 选择点击：['xpath', "//div[@tabindex='0']//span[normalize-space(text())='Infinix事业部']"] (basics.py:107)
[2022-07-01 09:23:23] [    INFO] 查找元素：['xpath', "//div[@tabindex='-1']//div[@class='el-tree-node__content']//span[normalize-space(text())='Xpark业务区']"] (basics.py:51)
[2022-07-01 09:23:23] [    INFO] 选择点击：['xpath', "//div[@tabindex='-1']//div[@class='el-tree-node__content']//span[normalize-space(text())='Xpark业务区']"] (basics.py:107)
[2022-07-01 09:23:25] [    INFO] 查找元素：('xpath', "//button[@type='button']//span[contains(text(),'新 增')]") (basics.py:51)
[2022-07-01 09:23:25] [    INFO] 点击元素：('xpath', "//button[@type='button']//span[contains(text(),'新 增')]") (basics.py:110)
[2022-07-01 09:23:26] [    INFO] 查找元素：('xpath', "//span[@class='color-rgb166 marginLeft-33']") (basics.py:51)
[2022-07-01 09:23:26] [    INFO] 获取文本：地区部 (basics.py:238)
[2022-07-01 09:23:27] [    INFO] 查找元素：('xpath', "//tbody//tr//td[2]//input[contains(@accept,'-nameZh')]") (basics.py:51)
[2022-07-01 09:23:27] [    INFO] 输入文本：lj测试01 (basics.py:81)
[2022-07-01 09:23:28] [    INFO] 查找元素：('xpath', "//tbody//tr//td[3]//input[contains(@accept,'-nameEn')]") (basics.py:51)
[2022-07-01 09:23:28] [    INFO] 输入文本：ljtest01 (basics.py:81)
[2022-07-01 09:23:28] [    INFO] 查找元素：('xpath', "//tbody//tr//td[6]//span[contains(text(),'保存')]") (basics.py:51)
[2022-07-01 09:23:28] [    INFO] 点击元素：('xpath', "//tbody//tr//td[6]//span[contains(text(),'保存')]") (basics.py:110)
[2022-07-01 09:23:29] [    INFO] 查找元素：('xpath', "//button[@type='button']//span[contains(text(),'新 增')]") (basics.py:51)
[2022-07-01 09:23:29] [    INFO] 点击元素：('xpath', "//button[@type='button']//span[contains(text(),'新 增')]") (basics.py:110)
[2022-07-01 09:23:30] [    INFO] 查找元素：('xpath', "//span[@class='color-rgb166 marginLeft-33']") (basics.py:51)
[2022-07-01 09:23:30] [    INFO] 获取文本：地区部 (basics.py:238)
[2022-07-01 09:23:30] [    INFO] 查找元素：('xpath', "//tbody//tr//td[2]//input[contains(@accept,'-nameZh')]") (basics.py:51)
[2022-07-01 09:23:30] [    INFO] 输入文本：lj测试01 (basics.py:81)
[2022-07-01 09:23:31] [    INFO] 查找元素：('xpath', "//tbody//tr//td[3]//input[contains(@accept,'-nameEn')]") (basics.py:51)
[2022-07-01 09:23:31] [    INFO] 输入文本：ljtest01 (basics.py:81)
[2022-07-01 09:23:31] [    INFO] 查找元素：('xpath', "//tbody//tr//td[6]//span[contains(text(),'保存')]") (basics.py:51)
[2022-07-01 09:23:31] [    INFO] 点击元素：('xpath', "//tbody//tr//td[6]//span[contains(text(),'保存')]") (basics.py:110)
[2022-07-01 09:23:34] [    INFO] 查找元素：['xpath', "//div[@class='main-top-audit']//div[contains(text(),'Infinix事业部')]"] (basics.py:51)
[2022-07-01 09:23:34] [    INFO] 选择点击：['xpath', "//div[@class='main-top-audit']//div[contains(text(),'Infinix事业部')]"] (basics.py:107)
[2022-07-01 09:23:38] [    INFO] 查找元素：['xpath', "//div[@tabindex='0']//span[normalize-space(text())='Infinix事业部']"] (basics.py:51)
[2022-07-01 09:23:38] [    INFO] 选择点击：['xpath', "//div[@tabindex='0']//span[normalize-space(text())='Infinix事业部']"] (basics.py:107)
[2022-07-01 09:23:42] [    INFO] 查找元素：['xpath', "//div[@tabindex='-1']//div[@class='el-tree-node__content']//span[normalize-space(text())='Xpark业务区']"] (basics.py:51)
[2022-07-01 09:23:42] [    INFO] 选择点击：['xpath', "//div[@tabindex='-1']//div[@class='el-tree-node__content']//span[normalize-space(text())='Xpark业务区']"] (basics.py:107)
[2022-07-01 09:23:46] [    INFO] 查找元素：['xpath', "//div[@tabindex='-1']//div[@tabindex='-1']//div[@class='el-tree-node__content']//span[normalize-space(text())='Xpark区']"] (basics.py:51)
[2022-07-01 09:23:46] [    INFO] 选择点击：['xpath', "//div[@tabindex='-1']//div[@tabindex='-1']//div[@class='el-tree-node__content']//span[normalize-space(text())='Xpark区']"] (basics.py:107)
[2022-07-01 09:23:48] [    INFO] 查找元素：('xpath', "//button[@type='button']//span[contains(text(),'新 增')]") (basics.py:51)
[2022-07-01 09:23:48] [    INFO] 点击元素：('xpath', "//button[@type='button']//span[contains(text(),'新 增')]") (basics.py:110)
[2022-07-01 09:23:49] [    INFO] 查找元素：('xpath', "//span[@class='color-rgb166 marginLeft-33']") (basics.py:51)
[2022-07-01 09:23:49] [    INFO] 获取文本：大区 (basics.py:238)
[2022-07-01 09:23:50] [    INFO] 查找元素：('xpath', "//input[@placeholder='请输入国家编码或国家名称']") (basics.py:51)
[2022-07-01 09:23:50] [    INFO] 输入文本：中国 (basics.py:81)
[2022-07-01 09:23:51] [    INFO] 查找元素：['xpath', "//div[4]/div[2]/table/tbody/tr[7]/td[4]//span[contains(text(),'添加')]"] (basics.py:47)
[2022-07-01 09:24:14] [    INFO] 查找元素：['xpath', "//div[@class='main-top-audit']//div[contains(text(),'Infinix事业部')]"] (basics.py:51)
