[2022-07-01 12:00:21] [    INFO] 前置条件：传音统一登录开始 (conftest.py:10)
[2022-07-01 12:00:24] [    INFO] 打开网页：http://10.250.112.166:9000/# (basics.py:30)
[2022-07-01 12:00:24] [    INFO] 查找元素：('xpath', "//div[@role='button']") (basics.py:51)
[2022-07-01 12:00:24] [    INFO] 点击元素：('xpath', "//div[@role='button']") (basics.py:110)
[2022-07-01 12:00:28] [    INFO] 查找元素：['xpath', "//*[contains(@id,'dropdown-menu-')]//li[1]"] (basics.py:51)
[2022-07-01 12:00:29] [    INFO] 查找元素：('xpath', "//div[@role='button']") (basics.py:51)
[2022-07-01 12:00:29] [    INFO] 点击元素：('xpath', "//div[@role='button']") (basics.py:110)
[2022-07-01 12:00:29] [    INFO] 查找元素：('id', 'tab-account') (basics.py:51)
[2022-07-01 12:00:29] [    INFO] 点击元素：('id', 'tab-account') (basics.py:110)
[2022-07-01 12:00:29] [    INFO] 查找元素：('xpath', "//*[@id='pane-account']/form/div[1]/div/div[1]/input") (basics.py:51)
[2022-07-01 12:00:30] [    INFO] 输入文本：18649572 (basics.py:72)
[2022-07-01 12:00:31] [    INFO] 查找元素：('xpath', "//*[@id='pane-account']/form/div[2]/div/div[1]/input") (basics.py:51)
[2022-07-01 12:00:31] [    INFO] 输入文本：xLily6x (basics.py:72)
[2022-07-01 12:00:32] [    INFO] 查找元素：('xpath', "//*[@id='pane-account']/form/div[4]/label/span/span") (basics.py:51)
[2022-07-01 12:00:32] [    INFO] 获取状态：False (basics.py:244)
[2022-07-01 12:00:32] [    INFO] 查找元素：('xpath', "//*[@id='pane-account']/form/div[4]/label/span/span") (basics.py:51)
[2022-07-01 12:00:32] [    INFO] 点击元素：('xpath', "//*[@id='pane-account']/form/div[4]/label/span/span") (basics.py:110)
[2022-07-01 12:00:32] [    INFO] 查找元素：('xpath', "//*[@id='pane-account']/form/button") (basics.py:51)
[2022-07-01 12:00:32] [    INFO] 点击元素：('xpath', "//*[@id='pane-account']/form/button") (basics.py:110)
[2022-07-01 12:00:32] [ WARNING] 断言失败：URL为预期不一致 | URL: http://10.248.39.163:10101/#/c-login?lang=zh&source=SCM_DRP&type=simple&redirect=http%3A%2F%2F10.250.112.166%3A9000%2F%23%2F (assert_ui.py:158)
[2022-07-01 12:00:32] [    INFO] 断言成功: 该内容存在数据列表中 | word:隆江 (assert_ui.py:241)
[2022-07-01 12:00:32] [    INFO] 前置条件：传音统一登录成功 (conftest.py:17)
[2022-07-01 12:00:32] [    INFO] 查找元素：('xpath', '//*[@id="app"]/div/div[1]/div[2]/div[1]/div/ul/div[11]/li/div/span') (basics.py:51)
[2022-07-01 12:00:35] [    INFO] 点击元素：('xpath', '//*[@id="app"]/div/div[1]/div[2]/div[1]/div/ul/div[11]/li/div/span') (basics.py:110)
[2022-07-01 12:00:35] [    INFO] 查找元素：('xpath', "//a[@href='#/systemManage/areaManage']//li[@role='menuitem']") (basics.py:51)
[2022-07-01 12:00:36] [    INFO] 点击元素：('xpath', "//a[@href='#/systemManage/areaManage']//li[@role='menuitem']") (basics.py:110)
[2022-07-01 12:00:41] [    INFO] 断言成功：URL为预期一致 | URL: http://10.250.112.166:9000/#/systemManage/areaManage (assert_ui.py:159)
[2022-07-01 12:00:43] [    INFO] 查找元素：['xpath', "//div[@class='main-top-audit']//div[contains(text(),'itel事业部')]"] (basics.py:51)
[2022-07-01 12:00:43] [    INFO] 选择点击：['xpath', "//div[@class='main-top-audit']//div[contains(text(),'itel事业部')]"] (basics.py:107)
[2022-07-01 12:00:47] [    INFO] 查找元素：['xpath', "//div[@tabindex='0']//span[normalize-space(text())='itel事业部']"] (basics.py:51)
[2022-07-01 12:00:47] [    INFO] 选择点击：['xpath', "//div[@tabindex='0']//span[normalize-space(text())='itel事业部']"] (basics.py:107)
[2022-07-01 12:00:49] [    INFO] 查找元素：('xpath', '//*[@id="app"]/div/div[1]/div[2]/div[1]/div/ul/div[11]/li/div/span') (basics.py:51)
[2022-07-01 12:00:49] [    INFO] 点击元素：('xpath', '//*[@id="app"]/div/div[1]/div[2]/div[1]/div/ul/div[11]/li/div/span') (basics.py:110)
[2022-07-01 12:00:49] [    INFO] 查找元素：('xpath', "//a[@href='#/systemManage/areaManage']//li[@role='menuitem']") (basics.py:51)
[2022-07-01 12:00:49] [    INFO] 点击元素：('xpath', "//a[@href='#/systemManage/areaManage']//li[@role='menuitem']") (basics.py:110)
[2022-07-01 12:00:54] [    INFO] 断言成功：URL为预期一致 | URL: http://10.250.112.166:9000/#/systemManage/areaManage (assert_ui.py:159)
[2022-07-01 12:00:56] [    INFO] 查找元素：['xpath', "//div[@class='main-top-audit']//div[contains(text(),'itel事业部')]"] (basics.py:51)
[2022-07-01 12:00:56] [    INFO] 选择点击：['xpath', "//div[@class='main-top-audit']//div[contains(text(),'itel事业部')]"] (basics.py:107)
[2022-07-01 12:01:00] [    INFO] 查找元素：['xpath', "//div[@tabindex='0']//span[normalize-space(text())='itel事业部']"] (basics.py:51)
[2022-07-01 12:01:00] [    INFO] 选择点击：['xpath', "//div[@tabindex='0']//span[normalize-space(text())='itel事业部']"] (basics.py:107)
[2022-07-01 12:01:04] [    INFO] 查找元素：['xpath', "//div[@tabindex='-1']//div[@class='el-tree-node__content']//span[normalize-space(text())='itel事业部']"] (basics.py:51)
[2022-07-01 12:01:04] [    INFO] 选择点击：['xpath', "//div[@tabindex='-1']//div[@class='el-tree-node__content']//span[normalize-space(text())='itel事业部']"] (basics.py:107)
[2022-07-01 12:01:06] [    INFO] 查找元素：('xpath', '//*[@id="app"]/div/div[1]/div[2]/div[1]/div/ul/div[11]/li/div/span') (basics.py:51)
[2022-07-01 12:01:07] [    INFO] 点击元素：('xpath', '//*[@id="app"]/div/div[1]/div[2]/div[1]/div/ul/div[11]/li/div/span') (basics.py:110)
[2022-07-01 12:01:07] [    INFO] 查找元素：('xpath', "//a[@href='#/systemManage/areaManage']//li[@role='menuitem']") (basics.py:51)
[2022-07-01 12:01:07] [    INFO] 点击元素：('xpath', "//a[@href='#/systemManage/areaManage']//li[@role='menuitem']") (basics.py:110)
[2022-07-01 12:01:12] [    INFO] 断言成功：URL为预期一致 | URL: http://10.250.112.166:9000/#/systemManage/areaManage (assert_ui.py:159)
[2022-07-01 12:01:14] [    INFO] 查找元素：['xpath', "//div[@class='main-top-audit']//div[contains(text(),'itel事业部')]"] (basics.py:51)
[2022-07-01 12:01:14] [    INFO] 选择点击：['xpath', "//div[@class='main-top-audit']//div[contains(text(),'itel事业部')]"] (basics.py:107)
[2022-07-01 12:01:18] [    INFO] 查找元素：['xpath', "//div[@tabindex='0']//span[normalize-space(text())='itel事业部']"] (basics.py:51)
[2022-07-01 12:01:18] [    INFO] 选择点击：['xpath', "//div[@tabindex='0']//span[normalize-space(text())='itel事业部']"] (basics.py:107)
[2022-07-01 12:01:22] [    INFO] 查找元素：['xpath', "//div[@tabindex='-1']//div[@class='el-tree-node__content']//span[normalize-space(text())='itel事业部']"] (basics.py:51)
[2022-07-01 12:01:22] [    INFO] 选择点击：['xpath', "//div[@tabindex='-1']//div[@class='el-tree-node__content']//span[normalize-space(text())='itel事业部']"] (basics.py:107)
[2022-07-01 12:01:26] [    INFO] 查找元素：['xpath', "//div[@tabindex='-1']//div[@tabindex='-1']//div[@class='el-tree-node__content']//span[normalize-space(text())='itel事业部']"] (basics.py:51)
[2022-07-01 12:01:26] [    INFO] 选择点击：['xpath', "//div[@tabindex='-1']//div[@tabindex='-1']//div[@class='el-tree-node__content']//span[normalize-space(text())='itel事业部']"] (basics.py:107)
[2022-07-01 12:01:28] [    INFO] 查找元素：('xpath', '//*[@id="app"]/div/div[1]/div[2]/div[1]/div/ul/div[11]/li/div/span') (basics.py:51)
[2022-07-01 12:01:28] [    INFO] 点击元素：('xpath', '//*[@id="app"]/div/div[1]/div[2]/div[1]/div/ul/div[11]/li/div/span') (basics.py:110)
[2022-07-01 12:01:28] [    INFO] 查找元素：('xpath', "//a[@href='#/systemManage/areaManage']//li[@role='menuitem']") (basics.py:51)
[2022-07-01 12:01:29] [    INFO] 点击元素：('xpath', "//a[@href='#/systemManage/areaManage']//li[@role='menuitem']") (basics.py:110)
[2022-07-01 12:01:34] [    INFO] 断言成功：URL为预期一致 | URL: http://10.250.112.166:9000/#/systemManage/areaManage (assert_ui.py:159)
[2022-07-01 12:01:36] [    INFO] 查找元素：['xpath', "//div[@class='main-top-audit']//div[contains(text(),'itel事业部')]"] (basics.py:51)
[2022-07-01 12:01:36] [    INFO] 选择点击：['xpath', "//div[@class='main-top-audit']//div[contains(text(),'itel事业部')]"] (basics.py:107)
[2022-07-01 12:01:40] [    INFO] 查找元素：['xpath', "//div[@tabindex='0']//span[normalize-space(text())='itel事业部']"] (basics.py:51)
[2022-07-01 12:01:40] [    INFO] 选择点击：['xpath', "//div[@tabindex='0']//span[normalize-space(text())='itel事业部']"] (basics.py:107)
[2022-07-01 12:01:44] [    INFO] 查找元素：['xpath', "//div[@tabindex='-1']//div[@class='el-tree-node__content']//span[normalize-space(text())='itel事业部']"] (basics.py:51)
[2022-07-01 12:01:44] [    INFO] 选择点击：['xpath', "//div[@tabindex='-1']//div[@class='el-tree-node__content']//span[normalize-space(text())='itel事业部']"] (basics.py:107)
[2022-07-01 12:01:48] [    INFO] 查找元素：['xpath', "//div[@tabindex='-1']//div[@tabindex='-1']//div[@class='el-tree-node__content']//span[normalize-space(text())='itel事业部']"] (basics.py:51)
[2022-07-01 12:01:48] [    INFO] 选择点击：['xpath', "//div[@tabindex='-1']//div[@tabindex='-1']//div[@class='el-tree-node__content']//span[normalize-space(text())='itel事业部']"] (basics.py:107)
[2022-07-01 12:01:52] [    INFO] 查找元素：['xpath', "//div[@tabindex='-1']//div[@tabindex='-1']//div[@tabindex='-1']//div[@class='el-tree-node__content']//span[normalize-space(text())='事业部备料']"] (basics.py:51)
[2022-07-01 12:01:52] [    INFO] 选择点击：['xpath', "//div[@tabindex='-1']//div[@tabindex='-1']//div[@tabindex='-1']//div[@class='el-tree-node__content']//span[normalize-space(text())='事业部备料']"] (basics.py:107)
[2022-07-01 12:01:54] [    INFO] 查找元素：('xpath', '//*[@id="app"]/div/div[1]/div[2]/div[1]/div/ul/div[11]/li/div/span') (basics.py:51)
[2022-07-01 12:01:54] [    INFO] 点击元素：('xpath', '//*[@id="app"]/div/div[1]/div[2]/div[1]/div/ul/div[11]/li/div/span') (basics.py:110)
[2022-07-01 12:01:54] [    INFO] 查找元素：('xpath', "//a[@href='#/systemManage/areaManage']//li[@role='menuitem']") (basics.py:51)
[2022-07-01 12:01:54] [    INFO] 点击元素：('xpath', "//a[@href='#/systemManage/areaManage']//li[@role='menuitem']") (basics.py:110)
[2022-07-01 12:01:59] [    INFO] 断言成功：URL为预期一致 | URL: http://10.250.112.166:9000/#/systemManage/areaManage (assert_ui.py:159)
[2022-07-01 12:02:01] [    INFO] 查找元素：['xpath', "//div[@class='main-top-audit']//div[contains(text(),'itel事业部')]"] (basics.py:51)
[2022-07-01 12:02:01] [    INFO] 选择点击：['xpath', "//div[@class='main-top-audit']//div[contains(text(),'itel事业部')]"] (basics.py:107)
[2022-07-01 12:02:05] [    INFO] 查找元素：['xpath', "//div[@tabindex='0']//span[normalize-space(text())='itel事业部']"] (basics.py:51)
[2022-07-01 12:02:05] [    INFO] 选择点击：['xpath', "//div[@tabindex='0']//span[normalize-space(text())='itel事业部']"] (basics.py:107)
[2022-07-01 12:02:08] [    INFO] 查找元素：('xpath', "//input[@placeholder='请输入关键字']") (basics.py:51)
[2022-07-01 12:02:08] [    INFO] 输入文本：巴基斯坦 (basics.py:72)
[2022-07-01 12:02:08] [    INFO] 输入框键入巴基斯坦 (SystemMgmt_RegionMgmt.py:56)
[2022-07-01 12:02:09] [ WARNING] 断言失败: 两值不等 | a:<public.base.assert_ui.ValueAssert object at 0x000001E7D68FC520> b:None (assert_ui.py:22)
[2022-07-01 12:02:09] [    INFO] 查找元素：('xpath', '//*[@id="app"]/div/div[1]/div[2]/div[1]/div/ul/div[11]/li/div/span') (basics.py:51)
[2022-07-01 12:02:09] [    INFO] 点击元素：('xpath', '//*[@id="app"]/div/div[1]/div[2]/div[1]/div/ul/div[11]/li/div/span') (basics.py:110)
[2022-07-01 12:02:09] [    INFO] 查找元素：('xpath', "//a[@href='#/systemManage/areaManage']//li[@role='menuitem']") (basics.py:51)
[2022-07-01 12:02:09] [    INFO] 点击元素：('xpath', "//a[@href='#/systemManage/areaManage']//li[@role='menuitem']") (basics.py:110)
[2022-07-01 12:02:14] [    INFO] 断言成功：URL为预期一致 | URL: http://10.250.112.166:9000/#/systemManage/areaManage (assert_ui.py:159)
[2022-07-01 12:02:16] [    INFO] 查找元素：['xpath', "//div[@class='main-top-audit']//div[contains(text(),'itel事业部')]"] (basics.py:51)
[2022-07-01 12:02:16] [    INFO] 选择点击：['xpath', "//div[@class='main-top-audit']//div[contains(text(),'itel事业部')]"] (basics.py:107)
[2022-07-01 12:02:20] [    INFO] 查找元素：['xpath', "//div[@tabindex='0']//span[normalize-space(text())='itel事业部']"] (basics.py:51)
[2022-07-01 12:02:21] [    INFO] 选择点击：['xpath', "//div[@tabindex='0']//span[normalize-space(text())='itel事业部']"] (basics.py:107)
[2022-07-01 12:02:23] [    INFO] 查找元素：('xpath', "//input[@placeholder='请输入关键字']") (basics.py:51)
[2022-07-01 12:02:23] [    INFO] 输入文本：巴基 (basics.py:72)
[2022-07-01 12:02:23] [    INFO] 输入框键入巴基 (SystemMgmt_RegionMgmt.py:56)
[2022-07-01 12:02:24] [ WARNING] 断言失败: 两值不等 | a:<public.base.assert_ui.ValueAssert object at 0x000001E7D68867F0> b:None (assert_ui.py:22)
[2022-07-01 12:02:24] [    INFO] 查找元素：('xpath', '//*[@id="app"]/div/div[1]/div[2]/div[1]/div/ul/div[11]/li/div/span') (basics.py:51)
[2022-07-01 12:02:24] [    INFO] 点击元素：('xpath', '//*[@id="app"]/div/div[1]/div[2]/div[1]/div/ul/div[11]/li/div/span') (basics.py:110)
[2022-07-01 12:02:24] [    INFO] 查找元素：('xpath', "//a[@href='#/systemManage/areaManage']//li[@role='menuitem']") (basics.py:51)
[2022-07-01 12:02:24] [    INFO] 点击元素：('xpath', "//a[@href='#/systemManage/areaManage']//li[@role='menuitem']") (basics.py:110)
[2022-07-01 12:02:29] [    INFO] 断言成功：URL为预期一致 | URL: http://10.250.112.166:9000/#/systemManage/areaManage (assert_ui.py:159)
[2022-07-01 12:02:31] [    INFO] 查找元素：['xpath', "//div[@class='main-top-audit']//div[contains(text(),'itel事业部')]"] (basics.py:51)
[2022-07-01 12:02:32] [    INFO] 选择点击：['xpath', "//div[@class='main-top-audit']//div[contains(text(),'itel事业部')]"] (basics.py:107)
[2022-07-01 12:02:36] [    INFO] 查找元素：['xpath', "//div[@tabindex='0']//span[normalize-space(text())='itel事业部']"] (basics.py:51)
[2022-07-01 12:02:36] [    INFO] 选择点击：['xpath', "//div[@tabindex='0']//span[normalize-space(text())='itel事业部']"] (basics.py:107)
[2022-07-01 12:02:38] [    INFO] 查找元素：('xpath', "//input[@placeholder='请输入关键字']") (basics.py:51)
[2022-07-01 12:02:38] [    INFO] 输入文本：加纳 (basics.py:72)
[2022-07-01 12:02:38] [    INFO] 输入框键入加纳 (SystemMgmt_RegionMgmt.py:56)
[2022-07-01 12:02:39] [ WARNING] 断言失败: 两值不等 | a:<public.base.assert_ui.ValueAssert object at 0x000001E7D68FD520> b:None (assert_ui.py:22)
[2022-07-01 12:02:39] [    INFO] 查找元素：('xpath', "//i[@class='el-input__icon el-icon-circle-close el-input__clear']") (basics.py:51)
[2022-07-01 12:02:39] [    INFO] 点击元素：('xpath', "//i[@class='el-input__icon el-icon-circle-close el-input__clear']") (basics.py:110)
[2022-07-01 12:02:39] [    INFO] 查找元素：('xpath', '//*[@id="app"]/div/div[1]/div[2]/div[1]/div/ul/div[11]/li/div/span') (basics.py:51)
[2022-07-01 12:02:39] [    INFO] 点击元素：('xpath', '//*[@id="app"]/div/div[1]/div[2]/div[1]/div/ul/div[11]/li/div/span') (basics.py:110)
[2022-07-01 12:02:39] [    INFO] 查找元素：('xpath', "//a[@href='#/systemManage/areaManage']//li[@role='menuitem']") (basics.py:51)
[2022-07-01 12:02:40] [    INFO] 点击元素：('xpath', "//a[@href='#/systemManage/areaManage']//li[@role='menuitem']") (basics.py:110)
[2022-07-01 12:02:45] [    INFO] 断言成功：URL为预期一致 | URL: http://10.250.112.166:9000/#/systemManage/areaManage (assert_ui.py:159)
[2022-07-01 12:02:47] [    INFO] 查找元素：['xpath', "//div[@class='main-top-audit']//div[contains(text(),'itel事业部')]"] (basics.py:51)
[2022-07-01 12:02:47] [    INFO] 选择点击：['xpath', "//div[@class='main-top-audit']//div[contains(text(),'itel事业部')]"] (basics.py:107)
[2022-07-01 12:02:51] [    INFO] 查找元素：['xpath', "//div[@tabindex='0']//span[normalize-space(text())='itel事业部']"] (basics.py:51)
[2022-07-01 12:02:51] [    INFO] 选择点击：['xpath', "//div[@tabindex='0']//span[normalize-space(text())='itel事业部']"] (basics.py:107)
[2022-07-01 12:02:53] [    INFO] 查找元素：('xpath', "//span[contains(text(),'导出')]") (basics.py:51)
[2022-07-01 12:02:53] [    INFO] 指定下载路径: E:\工作文件\自动化\拉取代码\UIPOMTest\libs\download (basics.py:283)
[2022-07-01 12:02:56] [    INFO] ['drp_dept_export_itel+BU_20220701120253.xlsx'] (basics.py:285)
[2022-07-01 12:02:56] [ WARNING] 断言失败: 下载该附件失败 | drp_dept_export_TECNO  (basics.py:296)
[2022-07-01 12:02:56] [    INFO] 查找元素：('xpath', '//*[@id="app"]/div/div[1]/div[2]/div[1]/div/ul/div[11]/li/div/span') (basics.py:51)
[2022-07-01 12:02:56] [    INFO] 点击元素：('xpath', '//*[@id="app"]/div/div[1]/div[2]/div[1]/div/ul/div[11]/li/div/span') (basics.py:110)
[2022-07-01 12:02:56] [    INFO] 查找元素：('xpath', "//a[@href='#/systemManage/areaManage']//li[@role='menuitem']") (basics.py:51)
[2022-07-01 12:02:56] [    INFO] 点击元素：('xpath', "//a[@href='#/systemManage/areaManage']//li[@role='menuitem']") (basics.py:110)
[2022-07-01 12:03:01] [    INFO] 断言成功：URL为预期一致 | URL: http://10.250.112.166:9000/#/systemManage/areaManage (assert_ui.py:159)
[2022-07-01 12:03:03] [    INFO] 查找元素：['xpath', "//div[@class='main-top-audit']//div[contains(text(),'Infinix事业部')]"] (basics.py:51)
[2022-07-01 12:03:04] [    INFO] 选择点击：['xpath', "//div[@class='main-top-audit']//div[contains(text(),'Infinix事业部')]"] (basics.py:107)
[2022-07-01 12:03:08] [    INFO] 查找元素：['xpath', "//div[@tabindex='0']//span[normalize-space(text())='Infinix事业部']"] (basics.py:51)
[2022-07-01 12:03:08] [    INFO] 选择点击：['xpath', "//div[@tabindex='0']//span[normalize-space(text())='Infinix事业部']"] (basics.py:107)
[2022-07-01 12:03:10] [    INFO] 查找元素：('xpath', "//button[@type='button']//span[contains(text(),'新 增')]") (basics.py:51)
[2022-07-01 12:03:10] [    INFO] 点击元素：('xpath', "//button[@type='button']//span[contains(text(),'新 增')]") (basics.py:110)
[2022-07-01 12:03:11] [    INFO] 查找元素：('xpath', "//span[@class='color-rgb166 marginLeft-33']") (basics.py:51)
[2022-07-01 12:03:11] [    INFO] 获取文本：组织 (basics.py:238)
[2022-07-01 12:03:11] [    INFO] 查找元素：('xpath', "//tbody//tr//td[2]//input[contains(@accept,'-nameZh')]") (basics.py:51)
[2022-07-01 12:03:11] [    INFO] 输入文本：lj测试01 (basics.py:81)
[2022-07-01 12:03:12] [    INFO] 查找元素：('xpath', "//tbody//tr//td[3]//input[contains(@accept,'-nameEn')]") (basics.py:51)
[2022-07-01 12:03:12] [    INFO] 输入文本：ljtest01 (basics.py:81)
[2022-07-01 12:03:12] [    INFO] 查找元素：('xpath', "//tbody//tr//td[6]//span[contains(text(),'保存')]") (basics.py:51)
[2022-07-01 12:03:12] [    INFO] 点击元素：('xpath', "//tbody//tr//td[6]//span[contains(text(),'保存')]") (basics.py:110)
[2022-07-01 12:03:13] [    INFO] 查找元素：('xpath', '//*[@id="app"]/div/div[1]/div[2]/div[1]/div/ul/div[11]/li/div/span') (basics.py:51)
[2022-07-01 12:03:13] [    INFO] 点击元素：('xpath', '//*[@id="app"]/div/div[1]/div[2]/div[1]/div/ul/div[11]/li/div/span') (basics.py:110)
[2022-07-01 12:03:13] [    INFO] 查找元素：('xpath', "//a[@href='#/systemManage/areaManage']//li[@role='menuitem']") (basics.py:51)
[2022-07-01 12:03:14] [    INFO] 点击元素：('xpath', "//a[@href='#/systemManage/areaManage']//li[@role='menuitem']") (basics.py:110)
[2022-07-01 12:03:19] [    INFO] 断言成功：URL为预期一致 | URL: http://10.250.112.166:9000/#/systemManage/areaManage (assert_ui.py:159)
[2022-07-01 12:03:21] [    INFO] 查找元素：['xpath', "//div[@class='main-top-audit']//div[contains(text(),'Infinix事业部')]"] (basics.py:51)
[2022-07-01 12:03:21] [    INFO] 选择点击：['xpath', "//div[@class='main-top-audit']//div[contains(text(),'Infinix事业部')]"] (basics.py:107)
[2022-07-01 12:03:25] [    INFO] 查找元素：['xpath', "//div[@tabindex='0']//span[normalize-space(text())='Infinix事业部']"] (basics.py:51)
[2022-07-01 12:03:25] [    INFO] 选择点击：['xpath', "//div[@tabindex='0']//span[normalize-space(text())='Infinix事业部']"] (basics.py:107)
[2022-07-01 12:03:27] [    INFO] 查找元素：['xpath', "//tbody//tr[1]//td[6]//span[contains(text(),'编辑')]"] (basics.py:47)
[2022-07-01 12:03:29] [    INFO] 查找元素：('xpath', "//span[@class='color-rgb166 marginLeft-33']") (basics.py:51)
[2022-07-01 12:03:29] [    INFO] 获取文本：组织 (basics.py:238)
[2022-07-01 12:03:30] [    INFO] 查找元素：('xpath', "//tbody//tr//td[2]//input[contains(@accept,'-nameZh')]") (basics.py:51)
[2022-07-01 12:03:30] [    INFO] 输入文本：lj测试02 (basics.py:81)
[2022-07-01 12:03:30] [    INFO] 查找元素：('xpath', "//tbody//tr//td[3]//input[contains(@accept,'-nameEn')]") (basics.py:51)
[2022-07-01 12:03:30] [    INFO] 输入文本：ljtest02 (basics.py:81)
[2022-07-01 12:03:30] [    INFO] 查找元素：('xpath', "//tbody//tr//td[6]//span[contains(text(),'保存')]") (basics.py:51)
[2022-07-01 12:03:30] [    INFO] 点击元素：('xpath', "//tbody//tr//td[6]//span[contains(text(),'保存')]") (basics.py:110)
[2022-07-01 12:03:31] [    INFO] 查找元素：('xpath', '//*[@id="app"]/div/div[1]/div[2]/div[1]/div/ul/div[11]/li/div/span') (basics.py:51)
[2022-07-01 12:03:32] [    INFO] 点击元素：('xpath', '//*[@id="app"]/div/div[1]/div[2]/div[1]/div/ul/div[11]/li/div/span') (basics.py:110)
[2022-07-01 12:03:32] [    INFO] 查找元素：('xpath', "//a[@href='#/systemManage/areaManage']//li[@role='menuitem']") (basics.py:51)
[2022-07-01 12:03:32] [    INFO] 点击元素：('xpath', "//a[@href='#/systemManage/areaManage']//li[@role='menuitem']") (basics.py:110)
[2022-07-01 12:03:37] [    INFO] 断言成功：URL为预期一致 | URL: http://10.250.112.166:9000/#/systemManage/areaManage (assert_ui.py:159)
[2022-07-01 12:03:39] [    INFO] 查找元素：['xpath', "//div[@class='main-top-audit']//div[contains(text(),'Infinix事业部')]"] (basics.py:51)
[2022-07-01 12:03:39] [    INFO] 选择点击：['xpath', "//div[@class='main-top-audit']//div[contains(text(),'Infinix事业部')]"] (basics.py:107)
[2022-07-01 12:03:43] [    INFO] 查找元素：['xpath', "//div[@tabindex='0']//span[normalize-space(text())='Infinix事业部']"] (basics.py:51)
[2022-07-01 12:03:43] [    INFO] 选择点击：['xpath', "//div[@tabindex='0']//span[normalize-space(text())='Infinix事业部']"] (basics.py:107)
[2022-07-01 12:03:45] [    INFO] 查找元素：['xpath', "//tbody//tr[1]//td[6]//span[contains(text(),'删除')]"] (basics.py:47)
[2022-07-01 12:03:45] [    INFO] 查找元素：('xpath', "//span[@class='color-rgb166 marginLeft-33']") (basics.py:51)
[2022-07-01 12:03:45] [    INFO] 获取文本：组织 (basics.py:238)
[2022-07-01 12:03:45] [    INFO] 查找元素：('xpath', "//div[@aria-hidden='false']//span[contains(text(),'确定')]") (basics.py:51)
[2022-07-01 12:03:45] [    INFO] 点击元素：('xpath', "//div[@aria-hidden='false']//span[contains(text(),'确定')]") (basics.py:110)
[2022-07-01 12:03:46] [    INFO] 查找元素：('xpath', '//*[@id="app"]/div/div[1]/div[2]/div[1]/div/ul/div[11]/li/div/span') (basics.py:51)
[2022-07-01 12:03:46] [    INFO] 点击元素：('xpath', '//*[@id="app"]/div/div[1]/div[2]/div[1]/div/ul/div[11]/li/div/span') (basics.py:110)
[2022-07-01 12:03:46] [    INFO] 查找元素：('xpath', "//a[@href='#/systemManage/areaManage']//li[@role='menuitem']") (basics.py:51)
[2022-07-01 12:03:47] [    INFO] 点击元素：('xpath', "//a[@href='#/systemManage/areaManage']//li[@role='menuitem']") (basics.py:110)
[2022-07-01 12:03:52] [    INFO] 断言成功：URL为预期一致 | URL: http://10.250.112.166:9000/#/systemManage/areaManage (assert_ui.py:159)
[2022-07-01 12:03:54] [    INFO] 查找元素：['xpath', "//div[@class='main-top-audit']//div[contains(text(),'Infinix事业部')]"] (basics.py:51)
[2022-07-01 12:03:54] [    INFO] 选择点击：['xpath', "//div[@class='main-top-audit']//div[contains(text(),'Infinix事业部')]"] (basics.py:107)
[2022-07-01 12:03:58] [    INFO] 查找元素：['xpath', "//div[@tabindex='0']//span[normalize-space(text())='Infinix事业部']"] (basics.py:51)
[2022-07-01 12:03:58] [    INFO] 选择点击：['xpath', "//div[@tabindex='0']//span[normalize-space(text())='Infinix事业部']"] (basics.py:107)
[2022-07-01 12:04:02] [    INFO] 查找元素：['xpath', "//div[@tabindex='-1']//div[@class='el-tree-node__content']//span[normalize-space(text())='Xpark业务区']"] (basics.py:51)
[2022-07-01 12:04:02] [    INFO] 选择点击：['xpath', "//div[@tabindex='-1']//div[@class='el-tree-node__content']//span[normalize-space(text())='Xpark业务区']"] (basics.py:107)
[2022-07-01 12:04:04] [    INFO] 查找元素：('xpath', "//button[@type='button']//span[contains(text(),'新 增')]") (basics.py:51)
[2022-07-01 12:04:04] [    INFO] 点击元素：('xpath', "//button[@type='button']//span[contains(text(),'新 增')]") (basics.py:110)
[2022-07-01 12:04:05] [    INFO] 查找元素：('xpath', "//span[@class='color-rgb166 marginLeft-33']") (basics.py:51)
[2022-07-01 12:04:05] [    INFO] 获取文本：地区部 (basics.py:238)
[2022-07-01 12:04:06] [    INFO] 查找元素：('xpath', "//tbody//tr//td[2]//input[contains(@accept,'-nameZh')]") (basics.py:51)
[2022-07-01 12:04:06] [    INFO] 输入文本：lj测试001 (basics.py:81)
[2022-07-01 12:04:06] [    INFO] 查找元素：('xpath', "//tbody//tr//td[3]//input[contains(@accept,'-nameEn')]") (basics.py:51)
[2022-07-01 12:04:06] [    INFO] 输入文本：ljtest001 (basics.py:81)
[2022-07-01 12:04:06] [    INFO] 查找元素：('xpath', "//tbody//tr//td[6]//span[contains(text(),'保存')]") (basics.py:51)
[2022-07-01 12:04:06] [    INFO] 点击元素：('xpath', "//tbody//tr//td[6]//span[contains(text(),'保存')]") (basics.py:110)
[2022-07-01 12:04:07] [    INFO] 查找元素：('xpath', '//*[@id="app"]/div/div[1]/div[2]/div[1]/div/ul/div[11]/li/div/span') (basics.py:51)
[2022-07-01 12:04:07] [    INFO] 点击元素：('xpath', '//*[@id="app"]/div/div[1]/div[2]/div[1]/div/ul/div[11]/li/div/span') (basics.py:110)
[2022-07-01 12:04:07] [    INFO] 查找元素：('xpath', "//a[@href='#/systemManage/areaManage']//li[@role='menuitem']") (basics.py:51)
[2022-07-01 12:04:08] [    INFO] 点击元素：('xpath', "//a[@href='#/systemManage/areaManage']//li[@role='menuitem']") (basics.py:110)
[2022-07-01 12:04:13] [    INFO] 断言成功：URL为预期一致 | URL: http://10.250.112.166:9000/#/systemManage/areaManage (assert_ui.py:159)
[2022-07-01 12:04:15] [    INFO] 查找元素：['xpath', "//div[@class='main-top-audit']//div[contains(text(),'Infinix事业部')]"] (basics.py:51)
[2022-07-01 12:04:15] [    INFO] 选择点击：['xpath', "//div[@class='main-top-audit']//div[contains(text(),'Infinix事业部')]"] (basics.py:107)
[2022-07-01 12:04:19] [    INFO] 查找元素：['xpath', "//div[@tabindex='0']//span[normalize-space(text())='Infinix事业部']"] (basics.py:51)
[2022-07-01 12:04:19] [    INFO] 选择点击：['xpath', "//div[@tabindex='0']//span[normalize-space(text())='Infinix事业部']"] (basics.py:107)
[2022-07-01 12:04:23] [    INFO] 查找元素：['xpath', "//div[@tabindex='-1']//div[@class='el-tree-node__content']//span[normalize-space(text())='Xpark业务区']"] (basics.py:51)
[2022-07-01 12:04:23] [    INFO] 选择点击：['xpath', "//div[@tabindex='-1']//div[@class='el-tree-node__content']//span[normalize-space(text())='Xpark业务区']"] (basics.py:107)
[2022-07-01 12:04:25] [    INFO] 查找元素：['xpath', "//tbody//tr[1]//td[6]//span[contains(text(),'编辑')]"] (basics.py:47)
[2022-07-01 12:04:27] [    INFO] 查找元素：('xpath', "//span[@class='color-rgb166 marginLeft-33']") (basics.py:51)
[2022-07-01 12:04:27] [    INFO] 获取文本：地区部 (basics.py:238)
[2022-07-01 12:04:28] [    INFO] 查找元素：('xpath', "//tbody//tr//td[2]//input[contains(@accept,'-nameZh')]") (basics.py:51)
[2022-07-01 12:04:28] [    INFO] 输入文本：lj测试002 (basics.py:81)
[2022-07-01 12:04:28] [    INFO] 查找元素：('xpath', "//tbody//tr//td[3]//input[contains(@accept,'-nameEn')]") (basics.py:51)
[2022-07-01 12:04:28] [    INFO] 输入文本：ljtest002 (basics.py:81)
[2022-07-01 12:04:28] [    INFO] 查找元素：('xpath', "//tbody//tr//td[6]//span[contains(text(),'保存')]") (basics.py:51)
[2022-07-01 12:04:28] [    INFO] 点击元素：('xpath', "//tbody//tr//td[6]//span[contains(text(),'保存')]") (basics.py:110)
[2022-07-01 12:04:29] [    INFO] 查找元素：('xpath', '//*[@id="app"]/div/div[1]/div[2]/div[1]/div/ul/div[11]/li/div/span') (basics.py:51)
[2022-07-01 12:04:29] [    INFO] 点击元素：('xpath', '//*[@id="app"]/div/div[1]/div[2]/div[1]/div/ul/div[11]/li/div/span') (basics.py:110)
[2022-07-01 12:04:29] [    INFO] 查找元素：('xpath', "//a[@href='#/systemManage/areaManage']//li[@role='menuitem']") (basics.py:51)
[2022-07-01 12:04:30] [    INFO] 点击元素：('xpath', "//a[@href='#/systemManage/areaManage']//li[@role='menuitem']") (basics.py:110)
[2022-07-01 12:04:35] [    INFO] 断言成功：URL为预期一致 | URL: http://10.250.112.166:9000/#/systemManage/areaManage (assert_ui.py:159)
[2022-07-01 12:04:37] [    INFO] 查找元素：['xpath', "//div[@class='main-top-audit']//div[contains(text(),'Infinix事业部')]"] (basics.py:51)
[2022-07-01 12:04:37] [    INFO] 选择点击：['xpath', "//div[@class='main-top-audit']//div[contains(text(),'Infinix事业部')]"] (basics.py:107)
[2022-07-01 12:04:41] [    INFO] 查找元素：['xpath', "//div[@tabindex='0']//span[normalize-space(text())='Infinix事业部']"] (basics.py:51)
[2022-07-01 12:04:41] [    INFO] 选择点击：['xpath', "//div[@tabindex='0']//span[normalize-space(text())='Infinix事业部']"] (basics.py:107)
[2022-07-01 12:04:45] [    INFO] 查找元素：['xpath', "//div[@tabindex='-1']//div[@class='el-tree-node__content']//span[normalize-space(text())='Xpark业务区']"] (basics.py:51)
[2022-07-01 12:04:45] [    INFO] 选择点击：['xpath', "//div[@tabindex='-1']//div[@class='el-tree-node__content']//span[normalize-space(text())='Xpark业务区']"] (basics.py:107)
[2022-07-01 12:04:47] [    INFO] 查找元素：['xpath', "//tbody//tr[1]//td[6]//span[contains(text(),'删除')]"] (basics.py:47)
[2022-07-01 12:04:47] [    INFO] 查找元素：('xpath', "//span[@class='color-rgb166 marginLeft-33']") (basics.py:51)
[2022-07-01 12:04:47] [    INFO] 获取文本：地区部 (basics.py:238)
[2022-07-01 12:04:47] [    INFO] 查找元素：('xpath', "//div[@aria-hidden='false']//span[contains(text(),'确定')]") (basics.py:51)
[2022-07-01 12:04:47] [    INFO] 点击元素：('xpath', "//div[@aria-hidden='false']//span[contains(text(),'确定')]") (basics.py:110)
[2022-07-01 12:04:48] [    INFO] 查找元素：('xpath', '//*[@id="app"]/div/div[1]/div[2]/div[1]/div/ul/div[11]/li/div/span') (basics.py:51)
[2022-07-01 12:04:48] [    INFO] 点击元素：('xpath', '//*[@id="app"]/div/div[1]/div[2]/div[1]/div/ul/div[11]/li/div/span') (basics.py:110)
[2022-07-01 12:04:48] [    INFO] 查找元素：('xpath', "//a[@href='#/systemManage/areaManage']//li[@role='menuitem']") (basics.py:51)
[2022-07-01 12:04:48] [    INFO] 点击元素：('xpath', "//a[@href='#/systemManage/areaManage']//li[@role='menuitem']") (basics.py:110)
[2022-07-01 12:04:53] [    INFO] 断言成功：URL为预期一致 | URL: http://10.250.112.166:9000/#/systemManage/areaManage (assert_ui.py:159)
[2022-07-01 12:04:55] [    INFO] 查找元素：['xpath', "//div[@class='main-top-audit']//div[contains(text(),'Infinix事业部')]"] (basics.py:51)
[2022-07-01 12:04:56] [    INFO] 选择点击：['xpath', "//div[@class='main-top-audit']//div[contains(text(),'Infinix事业部')]"] (basics.py:107)
[2022-07-01 12:05:00] [    INFO] 查找元素：['xpath', "//div[@tabindex='0']//span[normalize-space(text())='Infinix事业部']"] (basics.py:51)
[2022-07-01 12:05:00] [    INFO] 选择点击：['xpath', "//div[@tabindex='0']//span[normalize-space(text())='Infinix事业部']"] (basics.py:107)
[2022-07-01 12:05:04] [    INFO] 查找元素：['xpath', "//div[@tabindex='-1']//div[@class='el-tree-node__content']//span[normalize-space(text())='Xpark业务区']"] (basics.py:51)
[2022-07-01 12:05:04] [    INFO] 选择点击：['xpath', "//div[@tabindex='-1']//div[@class='el-tree-node__content']//span[normalize-space(text())='Xpark业务区']"] (basics.py:107)
[2022-07-01 12:05:08] [    INFO] 查找元素：['xpath', "//div[@tabindex='-1']//div[@tabindex='-1']//div[@class='el-tree-node__content']//span[normalize-space(text())='Xpark区']"] (basics.py:51)
[2022-07-01 12:05:08] [    INFO] 选择点击：['xpath', "//div[@tabindex='-1']//div[@tabindex='-1']//div[@class='el-tree-node__content']//span[normalize-space(text())='Xpark区']"] (basics.py:107)
[2022-07-01 12:05:10] [    INFO] 查找元素：('xpath', "//button[@type='button']//span[contains(text(),'新 增')]") (basics.py:51)
[2022-07-01 12:05:10] [    INFO] 点击元素：('xpath', "//button[@type='button']//span[contains(text(),'新 增')]") (basics.py:110)
[2022-07-01 12:05:11] [    INFO] 查找元素：('xpath', "//span[@class='color-rgb166 marginLeft-33']") (basics.py:51)
[2022-07-01 12:05:11] [    INFO] 获取文本：大区 (basics.py:238)
[2022-07-01 12:05:11] [    INFO] 查找元素：('xpath', "//input[@placeholder='请输入国家编码或国家名称']") (basics.py:51)
[2022-07-01 12:05:12] [    INFO] 输入文本：中国 (basics.py:81)
[2022-07-01 12:05:13] [    INFO] 查找元素：['xpath', '/html[1]/body[1]/div[2]/div[1]/div[2]/div[2]/section[1]/div[1]/div[1]/div[4]/div[1]/div[2]/div[1]/div[2]/div[1]/div[4]/div[2]/table[1]/tbody[1]/tr[1]/td[4]/div[1]/button[1]/span[1]'] (basics.py:47)
[2022-07-01 12:05:13] [    INFO] 查找元素：('xpath', "//div[@aria-label='选择国家']//span[contains(text(),'保存')]") (basics.py:51)
[2022-07-01 12:05:13] [    INFO] 点击元素：('xpath', "//div[@aria-label='选择国家']//span[contains(text(),'保存')]") (basics.py:110)
[2022-07-01 12:05:14] [    INFO] 查找元素：('xpath', '//*[@id="app"]/div/div[1]/div[2]/div[1]/div/ul/div[11]/li/div/span') (basics.py:51)
[2022-07-01 12:05:14] [    INFO] 点击元素：('xpath', '//*[@id="app"]/div/div[1]/div[2]/div[1]/div/ul/div[11]/li/div/span') (basics.py:110)
[2022-07-01 12:05:14] [    INFO] 查找元素：('xpath', "//a[@href='#/systemManage/areaManage']//li[@role='menuitem']") (basics.py:51)
[2022-07-01 12:05:14] [    INFO] 点击元素：('xpath', "//a[@href='#/systemManage/areaManage']//li[@role='menuitem']") (basics.py:110)
[2022-07-01 12:05:19] [    INFO] 断言成功：URL为预期一致 | URL: http://10.250.112.166:9000/#/systemManage/areaManage (assert_ui.py:159)
[2022-07-01 12:05:21] [    INFO] 查找元素：['xpath', "//div[@class='main-top-audit']//div[contains(text(),'Infinix事业部')]"] (basics.py:51)
[2022-07-01 12:05:21] [    INFO] 选择点击：['xpath', "//div[@class='main-top-audit']//div[contains(text(),'Infinix事业部')]"] (basics.py:107)
[2022-07-01 12:05:25] [    INFO] 查找元素：['xpath', "//div[@tabindex='0']//span[normalize-space(text())='Infinix事业部']"] (basics.py:51)
[2022-07-01 12:05:25] [    INFO] 选择点击：['xpath', "//div[@tabindex='0']//span[normalize-space(text())='Infinix事业部']"] (basics.py:107)
[2022-07-01 12:05:29] [    INFO] 查找元素：['xpath', "//div[@tabindex='-1']//div[@class='el-tree-node__content']//span[normalize-space(text())='Xpark业务区']"] (basics.py:51)
[2022-07-01 12:05:29] [    INFO] 选择点击：['xpath', "//div[@tabindex='-1']//div[@class='el-tree-node__content']//span[normalize-space(text())='Xpark业务区']"] (basics.py:107)
[2022-07-01 12:05:33] [    INFO] 查找元素：['xpath', "//div[@tabindex='-1']//div[@tabindex='-1']//div[@class='el-tree-node__content']//span[normalize-space(text())='Xpark区']"] (basics.py:51)
[2022-07-01 12:05:33] [    INFO] 选择点击：['xpath', "//div[@tabindex='-1']//div[@tabindex='-1']//div[@class='el-tree-node__content']//span[normalize-space(text())='Xpark区']"] (basics.py:107)
[2022-07-01 12:05:36] [    INFO] 查找元素：['xpath', "//tbody//tr[7]//td[6]//span[contains(text(),'删除')]"] (basics.py:47)
[2022-07-01 12:05:36] [    INFO] 查找元素：('xpath', "//span[@class='color-rgb166 marginLeft-33']") (basics.py:51)
[2022-07-01 12:05:36] [    INFO] 获取文本：大区 (basics.py:238)
[2022-07-01 12:05:36] [    INFO] 查找元素：('xpath', "//div[@aria-hidden='false']//span[contains(text(),'确定')]") (basics.py:51)
[2022-07-01 12:05:36] [    INFO] 点击元素：('xpath', "//div[@aria-hidden='false']//span[contains(text(),'确定')]") (basics.py:110)
[2022-07-01 12:05:37] [    INFO] 查找元素：('xpath', '//*[@id="app"]/div/div[1]/div[2]/div[1]/div/ul/div[11]/li/div/span') (basics.py:51)
[2022-07-01 12:05:37] [    INFO] 点击元素：('xpath', '//*[@id="app"]/div/div[1]/div[2]/div[1]/div/ul/div[11]/li/div/span') (basics.py:110)
[2022-07-01 12:05:37] [    INFO] 查找元素：('xpath', "//a[@href='#/systemManage/areaManage']//li[@role='menuitem']") (basics.py:51)
[2022-07-01 12:05:37] [    INFO] 点击元素：('xpath', "//a[@href='#/systemManage/areaManage']//li[@role='menuitem']") (basics.py:110)
[2022-07-01 12:05:42] [    INFO] 断言成功：URL为预期一致 | URL: http://10.250.112.166:9000/#/systemManage/areaManage (assert_ui.py:159)
[2022-07-01 12:05:44] [    INFO] 查找元素：['xpath', "//div[@class='main-top-audit']//div[contains(text(),'Infinix事业部')]"] (basics.py:51)
[2022-07-01 12:05:44] [    INFO] 选择点击：['xpath', "//div[@class='main-top-audit']//div[contains(text(),'Infinix事业部')]"] (basics.py:107)
[2022-07-01 12:05:48] [    INFO] 查找元素：['xpath', "//div[@tabindex='0']//span[normalize-space(text())='Infinix事业部']"] (basics.py:51)
[2022-07-01 12:05:48] [    INFO] 选择点击：['xpath', "//div[@tabindex='0']//span[normalize-space(text())='Infinix事业部']"] (basics.py:107)
[2022-07-01 12:05:52] [    INFO] 查找元素：['xpath', "//div[@tabindex='-1']//div[@class='el-tree-node__content']//span[normalize-space(text())='lj测试01']"] (basics.py:51)
[2022-07-01 12:06:14] [    INFO] 查找元素：('xpath', '//*[@id="app"]/div/div[1]/div[2]/div[1]/div/ul/div[11]/li/div/span') (basics.py:51)
[2022-07-01 12:06:14] [    INFO] 点击元素：('xpath', '//*[@id="app"]/div/div[1]/div[2]/div[1]/div/ul/div[11]/li/div/span') (basics.py:110)
[2022-07-01 12:06:14] [    INFO] 查找元素：('xpath', "//a[@href='#/systemManage/areaManage']//li[@role='menuitem']") (basics.py:51)
[2022-07-01 12:06:14] [    INFO] 点击元素：('xpath', "//a[@href='#/systemManage/areaManage']//li[@role='menuitem']") (basics.py:110)
[2022-07-01 12:06:19] [    INFO] 断言成功：URL为预期一致 | URL: http://10.250.112.166:9000/#/systemManage/areaManage (assert_ui.py:159)
[2022-07-01 12:06:21] [    INFO] 查找元素：['xpath', "//div[@class='main-top-audit']//div[contains(text(),'Infinix事业部')]"] (basics.py:51)
[2022-07-01 12:06:21] [    INFO] 选择点击：['xpath', "//div[@class='main-top-audit']//div[contains(text(),'Infinix事业部')]"] (basics.py:107)
[2022-07-01 12:06:25] [    INFO] 查找元素：['xpath', "//div[@tabindex='0']//span[normalize-space(text())='Infinix事业部']"] (basics.py:51)
[2022-07-01 12:06:25] [    INFO] 选择点击：['xpath', "//div[@tabindex='0']//span[normalize-space(text())='Infinix事业部']"] (basics.py:107)
[2022-07-01 12:06:29] [    INFO] 查找元素：['xpath', "//div[@tabindex='-1']//div[@class='el-tree-node__content']//span[normalize-space(text())='lj测试02']"] (basics.py:51)
[2022-07-01 12:06:50] [    INFO] 查找元素：('xpath', '//*[@id="app"]/div/div[1]/div[2]/div[1]/div/ul/div[11]/li/div/span') (basics.py:51)
[2022-07-01 12:06:50] [    INFO] 点击元素：('xpath', '//*[@id="app"]/div/div[1]/div[2]/div[1]/div/ul/div[11]/li/div/span') (basics.py:110)
[2022-07-01 12:06:50] [    INFO] 查找元素：('xpath', "//a[@href='#/systemManage/areaManage']//li[@role='menuitem']") (basics.py:51)
[2022-07-01 12:06:51] [    INFO] 点击元素：('xpath', "//a[@href='#/systemManage/areaManage']//li[@role='menuitem']") (basics.py:110)
[2022-07-01 12:06:56] [    INFO] 断言成功：URL为预期一致 | URL: http://10.250.112.166:9000/#/systemManage/areaManage (assert_ui.py:159)
[2022-07-01 12:06:58] [    INFO] 查找元素：['xpath', "//div[@class='main-top-audit']//div[contains(text(),'Infinix事业部')]"] (basics.py:51)
[2022-07-01 12:06:58] [    INFO] 选择点击：['xpath', "//div[@class='main-top-audit']//div[contains(text(),'Infinix事业部')]"] (basics.py:107)
[2022-07-01 12:07:02] [    INFO] 查找元素：['xpath', "//div[@tabindex='0']//span[normalize-space(text())='Infinix事业部']"] (basics.py:51)
[2022-07-01 12:07:02] [    INFO] 选择点击：['xpath', "//div[@tabindex='0']//span[normalize-space(text())='Infinix事业部']"] (basics.py:107)
[2022-07-01 12:07:06] [    INFO] 查找元素：['xpath', "//div[@tabindex='-1']//div[@class='el-tree-node__content']//span[normalize-space(text())='lj测试01']"] (basics.py:51)
[2022-07-01 12:07:27] [    INFO] 查找元素：('xpath', '//*[@id="app"]/div/div[1]/div[2]/div[1]/div/ul/div[11]/li/div/span') (basics.py:51)
[2022-07-01 12:07:27] [    INFO] 点击元素：('xpath', '//*[@id="app"]/div/div[1]/div[2]/div[1]/div/ul/div[11]/li/div/span') (basics.py:110)
[2022-07-01 12:07:27] [    INFO] 查找元素：('xpath', "//a[@href='#/systemManage/areaManage']//li[@role='menuitem']") (basics.py:51)
[2022-07-01 12:07:27] [    INFO] 点击元素：('xpath', "//a[@href='#/systemManage/areaManage']//li[@role='menuitem']") (basics.py:110)
[2022-07-01 12:07:32] [    INFO] 断言成功：URL为预期一致 | URL: http://10.250.112.166:9000/#/systemManage/areaManage (assert_ui.py:159)
[2022-07-01 12:07:34] [    INFO] 查找元素：['xpath', "//div[@class='main-top-audit']//div[contains(text(),'Infinix事业部')]"] (basics.py:51)
[2022-07-01 12:07:34] [    INFO] 选择点击：['xpath', "//div[@class='main-top-audit']//div[contains(text(),'Infinix事业部')]"] (basics.py:107)
[2022-07-01 12:07:38] [    INFO] 查找元素：['xpath', "//div[@tabindex='0']//span[normalize-space(text())='Infinix事业部']"] (basics.py:51)
[2022-07-01 12:07:39] [    INFO] 选择点击：['xpath', "//div[@tabindex='0']//span[normalize-space(text())='Infinix事业部']"] (basics.py:107)
[2022-07-01 12:07:43] [    INFO] 查找元素：['xpath', "//div[@tabindex='-1']//div[@class='el-tree-node__content']//span[normalize-space(text())='lj测试02']"] (basics.py:51)
[2022-07-01 12:08:04] [    INFO] 查找元素：('xpath', '//*[@id="app"]/div/div[1]/div[2]/div[1]/div/ul/div[11]/li/div/span') (basics.py:51)
[2022-07-01 12:08:04] [    INFO] 点击元素：('xpath', '//*[@id="app"]/div/div[1]/div[2]/div[1]/div/ul/div[11]/li/div/span') (basics.py:110)
[2022-07-01 12:08:04] [    INFO] 查找元素：('xpath', "//a[@href='#/systemManage/areaManage']//li[@role='menuitem']") (basics.py:51)
[2022-07-01 12:08:04] [    INFO] 点击元素：('xpath', "//a[@href='#/systemManage/areaManage']//li[@role='menuitem']") (basics.py:110)
[2022-07-01 12:08:09] [    INFO] 断言成功：URL为预期一致 | URL: http://10.250.112.166:9000/#/systemManage/areaManage (assert_ui.py:159)
[2022-07-01 12:08:11] [    INFO] 查找元素：['xpath', "//div[@class='main-top-audit']//div[contains(text(),'Infinix事业部')]"] (basics.py:51)
[2022-07-01 12:08:11] [    INFO] 选择点击：['xpath', "//div[@class='main-top-audit']//div[contains(text(),'Infinix事业部')]"] (basics.py:107)
[2022-07-01 12:08:15] [    INFO] 查找元素：['xpath', "//div[@tabindex='0']//span[normalize-space(text())='Infinix事业部']"] (basics.py:51)
[2022-07-01 12:08:15] [    INFO] 选择点击：['xpath', "//div[@tabindex='0']//span[normalize-space(text())='Infinix事业部']"] (basics.py:107)
[2022-07-01 12:08:17] [    INFO] 查找元素：('xpath', "//button[@type='button']//span[contains(text(),'新 增')]") (basics.py:51)
[2022-07-01 12:08:17] [    INFO] 点击元素：('xpath', "//button[@type='button']//span[contains(text(),'新 增')]") (basics.py:110)
[2022-07-01 12:08:18] [    INFO] 查找元素：('xpath', "//span[@class='color-rgb166 marginLeft-33']") (basics.py:51)
[2022-07-01 12:08:18] [    INFO] 获取文本：组织 (basics.py:238)
[2022-07-01 12:08:19] [    INFO] 查找元素：('xpath', "//tbody//tr//td[2]//input[contains(@accept,'-nameZh')]") (basics.py:51)
[2022-07-01 12:08:19] [    INFO] 输入文本：lj测试01 (basics.py:81)
[2022-07-01 12:08:20] [    INFO] 查找元素：('xpath', "//tbody//tr//td[3]//input[contains(@accept,'-nameEn')]") (basics.py:51)
[2022-07-01 12:08:20] [    INFO] 输入文本：ljtest01 (basics.py:81)
[2022-07-01 12:08:20] [    INFO] 查找元素：('xpath', "//tbody//tr//td[6]//span[contains(text(),'保存')]") (basics.py:51)
[2022-07-01 12:08:20] [    INFO] 点击元素：('xpath', "//tbody//tr//td[6]//span[contains(text(),'保存')]") (basics.py:110)
[2022-07-01 12:08:23] [    INFO] 查找元素：['xpath', "//div[@class='main-top-audit']//div[contains(text(),'Infinix事业部')]"] (basics.py:51)
[2022-07-01 12:08:23] [    INFO] 选择点击：['xpath', "//div[@class='main-top-audit']//div[contains(text(),'Infinix事业部')]"] (basics.py:107)
[2022-07-01 12:08:27] [    INFO] 查找元素：['xpath', "//div[@tabindex='0']//span[normalize-space(text())='Infinix事业部']"] (basics.py:51)
[2022-07-01 12:08:27] [    INFO] 选择点击：['xpath', "//div[@tabindex='0']//span[normalize-space(text())='Infinix事业部']"] (basics.py:107)
[2022-07-01 12:08:31] [    INFO] 查找元素：['xpath', "//div[@tabindex='-1']//div[@class='el-tree-node__content']//span[normalize-space(text())='lj测试01']"] (basics.py:51)
[2022-07-01 12:08:31] [    INFO] 选择点击：['xpath', "//div[@tabindex='-1']//div[@class='el-tree-node__content']//span[normalize-space(text())='lj测试01']"] (basics.py:107)
[2022-07-01 12:08:33] [    INFO] 查找元素：('xpath', "//button[@type='button']//span[contains(text(),'新 增')]") (basics.py:51)
[2022-07-01 12:08:33] [    INFO] 点击元素：('xpath', "//button[@type='button']//span[contains(text(),'新 增')]") (basics.py:110)
[2022-07-01 12:08:34] [    INFO] 查找元素：('xpath', "//span[@class='color-rgb166 marginLeft-33']") (basics.py:51)
[2022-07-01 12:08:34] [    INFO] 获取文本：地区部 (basics.py:238)
[2022-07-01 12:08:35] [    INFO] 查找元素：('xpath', "//tbody//tr//td[2]//input[contains(@accept,'-nameZh')]") (basics.py:51)
[2022-07-01 12:08:35] [    INFO] 输入文本：lj测试001 (basics.py:81)
[2022-07-01 12:08:35] [    INFO] 查找元素：('xpath', "//tbody//tr//td[3]//input[contains(@accept,'-nameEn')]") (basics.py:51)
[2022-07-01 12:08:35] [    INFO] 输入文本：ljtest001 (basics.py:81)
[2022-07-01 12:08:35] [    INFO] 查找元素：('xpath', "//tbody//tr//td[6]//span[contains(text(),'保存')]") (basics.py:51)
[2022-07-01 12:08:35] [    INFO] 点击元素：('xpath', "//tbody//tr//td[6]//span[contains(text(),'保存')]") (basics.py:110)
[2022-07-01 12:08:38] [    INFO] 查找元素：['xpath', "//div[@class='main-top-audit']//div[contains(text(),'Infinix事业部')]"] (basics.py:51)
[2022-07-01 12:08:38] [    INFO] 选择点击：['xpath', "//div[@class='main-top-audit']//div[contains(text(),'Infinix事业部')]"] (basics.py:107)
[2022-07-01 12:08:42] [    INFO] 查找元素：['xpath', "//div[@tabindex='0']//span[normalize-space(text())='Infinix事业部']"] (basics.py:51)
[2022-07-01 12:08:43] [    INFO] 选择点击：['xpath', "//div[@tabindex='0']//span[normalize-space(text())='Infinix事业部']"] (basics.py:107)
[2022-07-01 12:08:45] [    INFO] 查找元素：['xpath', "//tbody//tr[1]//td[6]//span[contains(text(),'删除')]"] (basics.py:47)
[2022-07-01 12:08:45] [    INFO] 查找元素：('xpath', "//span[@class='color-rgb166 marginLeft-33']") (basics.py:51)
[2022-07-01 12:08:45] [    INFO] 获取文本：组织 (basics.py:238)
[2022-07-01 12:08:45] [    INFO] 查找元素：('xpath', "//div[@aria-hidden='false']//span[contains(text(),'确定')]") (basics.py:51)
[2022-07-01 12:08:45] [    INFO] 点击元素：('xpath', "//div[@aria-hidden='false']//span[contains(text(),'确定')]") (basics.py:110)
[2022-07-01 12:08:46] [    INFO] 查找元素：('xpath', '//*[@id="app"]/div/div[1]/div[2]/div[1]/div/ul/div[11]/li/div/span') (basics.py:51)
[2022-07-01 12:08:46] [    INFO] 点击元素：('xpath', '//*[@id="app"]/div/div[1]/div[2]/div[1]/div/ul/div[11]/li/div/span') (basics.py:110)
[2022-07-01 12:08:46] [    INFO] 查找元素：('xpath', "//a[@href='#/systemManage/areaManage']//li[@role='menuitem']") (basics.py:51)
[2022-07-01 12:08:46] [    INFO] 点击元素：('xpath', "//a[@href='#/systemManage/areaManage']//li[@role='menuitem']") (basics.py:110)
[2022-07-01 12:08:51] [    INFO] 断言成功：URL为预期一致 | URL: http://10.250.112.166:9000/#/systemManage/areaManage (assert_ui.py:159)
[2022-07-01 12:08:53] [    INFO] 查找元素：['xpath', "//span[normalize-space(text())='区域管理']//span[@class='el-icon-close']"] (basics.py:51)
[2022-07-01 12:08:53] [    INFO] 选择点击：['xpath', "//span[normalize-space(text())='区域管理']//span[@class='el-icon-close']"] (basics.py:107)
[2022-07-01 12:08:53] [    INFO] 查找元素：('xpath', '//*[@id="app"]/div/div[1]/div[2]/div[1]/div/ul/div[11]/li/div/span') (basics.py:51)
[2022-07-01 12:08:53] [    INFO] 点击元素：('xpath', '//*[@id="app"]/div/div[1]/div[2]/div[1]/div/ul/div[11]/li/div/span') (basics.py:110)
[2022-07-01 12:08:53] [    INFO] 查找元素：('xpath', "//a[@href='#/systemManage/areaManage']//li[@role='menuitem']") (basics.py:51)
[2022-07-01 12:08:53] [    INFO] 点击元素：('xpath', "//a[@href='#/systemManage/areaManage']//li[@role='menuitem']") (basics.py:110)
[2022-07-01 12:08:58] [    INFO] 断言成功：URL为预期一致 | URL: http://10.250.112.166:9000/#/systemManage/areaManage (assert_ui.py:159)
[2022-07-01 12:09:00] [    INFO] 查找元素：['xpath', "//div[@class='main-top-audit']//div[contains(text(),'Infinix事业部')]"] (basics.py:51)
[2022-07-01 12:09:01] [    INFO] 选择点击：['xpath', "//div[@class='main-top-audit']//div[contains(text(),'Infinix事业部')]"] (basics.py:107)
[2022-07-01 12:09:05] [    INFO] 查找元素：['xpath', "//div[@tabindex='0']//span[normalize-space(text())='Infinix事业部']"] (basics.py:51)
[2022-07-01 12:09:05] [    INFO] 选择点击：['xpath', "//div[@tabindex='0']//span[normalize-space(text())='Infinix事业部']"] (basics.py:107)
[2022-07-01 12:09:07] [    INFO] 查找元素：('xpath', "//button[@type='button']//span[contains(text(),'新 增')]") (basics.py:51)
[2022-07-01 12:09:07] [    INFO] 点击元素：('xpath', "//button[@type='button']//span[contains(text(),'新 增')]") (basics.py:110)
[2022-07-01 12:09:08] [    INFO] 查找元素：('xpath', "//span[@class='color-rgb166 marginLeft-33']") (basics.py:51)
[2022-07-01 12:09:08] [    INFO] 获取文本：组织 (basics.py:238)
[2022-07-01 12:09:08] [    INFO] 查找元素：('xpath', "//tbody//tr//td[2]//input[contains(@accept,'-nameZh')]") (basics.py:51)
[2022-07-01 12:09:08] [    INFO] 输入文本：lj测试01 (basics.py:81)
[2022-07-01 12:09:09] [    INFO] 查找元素：('xpath', "//tbody//tr//td[3]//input[contains(@accept,'-nameEn')]") (basics.py:51)
[2022-07-01 12:09:09] [    INFO] 输入文本：ljtest01 (basics.py:81)
[2022-07-01 12:09:09] [    INFO] 查找元素：('xpath', "//tbody//tr//td[6]//span[contains(text(),'保存')]") (basics.py:51)
[2022-07-01 12:09:09] [    INFO] 点击元素：('xpath', "//tbody//tr//td[6]//span[contains(text(),'保存')]") (basics.py:110)
[2022-07-01 12:09:10] [    INFO] 查找元素：('xpath', "//button[@type='button']//span[contains(text(),'新 增')]") (basics.py:51)
[2022-07-01 12:09:10] [    INFO] 点击元素：('xpath', "//button[@type='button']//span[contains(text(),'新 增')]") (basics.py:110)
[2022-07-01 12:09:11] [    INFO] 查找元素：('xpath', "//span[@class='color-rgb166 marginLeft-33']") (basics.py:51)
[2022-07-01 12:09:11] [    INFO] 获取文本：组织 (basics.py:238)
[2022-07-01 12:09:12] [    INFO] 查找元素：('xpath', "//tbody//tr//td[2]//input[contains(@accept,'-nameZh')]") (basics.py:51)
[2022-07-01 12:09:12] [    INFO] 输入文本：lj测试01 (basics.py:81)
[2022-07-01 12:09:12] [    INFO] 查找元素：('xpath', "//tbody//tr//td[3]//input[contains(@accept,'-nameEn')]") (basics.py:51)
[2022-07-01 12:09:13] [    INFO] 输入文本：ljtest01 (basics.py:81)
[2022-07-01 12:09:13] [    INFO] 查找元素：('xpath', "//tbody//tr//td[6]//span[contains(text(),'保存')]") (basics.py:51)
[2022-07-01 12:09:13] [    INFO] 点击元素：('xpath', "//tbody//tr//td[6]//span[contains(text(),'保存')]") (basics.py:110)
[2022-07-01 12:09:14] [    INFO] 查找元素：('xpath', '//*[@id="app"]/div/div[1]/div[2]/div[1]/div/ul/div[11]/li/div/span') (basics.py:51)
[2022-07-01 12:09:14] [    INFO] 点击元素：('xpath', '//*[@id="app"]/div/div[1]/div[2]/div[1]/div/ul/div[11]/li/div/span') (basics.py:110)
[2022-07-01 12:09:14] [    INFO] 查找元素：('xpath', "//a[@href='#/systemManage/areaManage']//li[@role='menuitem']") (basics.py:51)
[2022-07-01 12:09:14] [    INFO] 点击元素：('xpath', "//a[@href='#/systemManage/areaManage']//li[@role='menuitem']") (basics.py:110)
[2022-07-01 12:09:19] [    INFO] 断言成功：URL为预期一致 | URL: http://10.250.112.166:9000/#/systemManage/areaManage (assert_ui.py:159)
[2022-07-01 12:09:21] [    INFO] 查找元素：['xpath', "//div[@class='main-top-audit']//div[contains(text(),'Infinix事业部')]"] (basics.py:51)
[2022-07-01 12:09:21] [    INFO] 选择点击：['xpath', "//div[@class='main-top-audit']//div[contains(text(),'Infinix事业部')]"] (basics.py:107)
[2022-07-01 12:09:25] [    INFO] 查找元素：['xpath', "//div[@tabindex='0']//span[normalize-space(text())='Infinix事业部']"] (basics.py:51)
[2022-07-01 12:09:25] [    INFO] 选择点击：['xpath', "//div[@tabindex='0']//span[normalize-space(text())='Infinix事业部']"] (basics.py:107)
[2022-07-01 12:09:29] [    INFO] 查找元素：['xpath', "//div[@tabindex='-1']//div[@class='el-tree-node__content']//span[normalize-space(text())='Xpark业务区']"] (basics.py:51)
[2022-07-01 12:09:29] [    INFO] 选择点击：['xpath', "//div[@tabindex='-1']//div[@class='el-tree-node__content']//span[normalize-space(text())='Xpark业务区']"] (basics.py:107)
[2022-07-01 12:09:31] [    INFO] 查找元素：('xpath', "//button[@type='button']//span[contains(text(),'新 增')]") (basics.py:51)
[2022-07-01 12:09:31] [    INFO] 点击元素：('xpath', "//button[@type='button']//span[contains(text(),'新 增')]") (basics.py:110)
[2022-07-01 12:09:32] [    INFO] 查找元素：('xpath', "//span[@class='color-rgb166 marginLeft-33']") (basics.py:51)
[2022-07-01 12:09:32] [    INFO] 获取文本：地区部 (basics.py:238)
[2022-07-01 12:09:33] [    INFO] 查找元素：('xpath', "//tbody//tr//td[2]//input[contains(@accept,'-nameZh')]") (basics.py:51)
[2022-07-01 12:09:33] [    INFO] 输入文本：lj测试01 (basics.py:81)
[2022-07-01 12:09:33] [    INFO] 查找元素：('xpath', "//tbody//tr//td[3]//input[contains(@accept,'-nameEn')]") (basics.py:51)
[2022-07-01 12:09:34] [    INFO] 输入文本：ljtest01 (basics.py:81)
[2022-07-01 12:09:34] [    INFO] 查找元素：('xpath', "//tbody//tr//td[6]//span[contains(text(),'保存')]") (basics.py:51)
[2022-07-01 12:09:34] [    INFO] 点击元素：('xpath', "//tbody//tr//td[6]//span[contains(text(),'保存')]") (basics.py:110)
[2022-07-01 12:09:35] [    INFO] 查找元素：('xpath', "//button[@type='button']//span[contains(text(),'新 增')]") (basics.py:51)
[2022-07-01 12:09:35] [    INFO] 点击元素：('xpath', "//button[@type='button']//span[contains(text(),'新 增')]") (basics.py:110)
[2022-07-01 12:09:36] [    INFO] 查找元素：('xpath', "//span[@class='color-rgb166 marginLeft-33']") (basics.py:51)
[2022-07-01 12:09:36] [    INFO] 获取文本：地区部 (basics.py:238)
[2022-07-01 12:09:36] [    INFO] 查找元素：('xpath', "//tbody//tr//td[2]//input[contains(@accept,'-nameZh')]") (basics.py:51)
[2022-07-01 12:09:36] [    INFO] 输入文本：lj测试01 (basics.py:81)
[2022-07-01 12:09:37] [    INFO] 查找元素：('xpath', "//tbody//tr//td[3]//input[contains(@accept,'-nameEn')]") (basics.py:51)
[2022-07-01 12:09:37] [    INFO] 输入文本：ljtest01 (basics.py:81)
[2022-07-01 12:09:37] [    INFO] 查找元素：('xpath', "//tbody//tr//td[6]//span[contains(text(),'保存')]") (basics.py:51)
[2022-07-01 12:09:37] [    INFO] 点击元素：('xpath', "//tbody//tr//td[6]//span[contains(text(),'保存')]") (basics.py:110)
[2022-07-01 12:09:38] [    INFO] 查找元素：('xpath', '//*[@id="app"]/div/div[1]/div[2]/div[1]/div/ul/div[11]/li/div/span') (basics.py:51)
[2022-07-01 12:09:38] [    INFO] 点击元素：('xpath', '//*[@id="app"]/div/div[1]/div[2]/div[1]/div/ul/div[11]/li/div/span') (basics.py:110)
[2022-07-01 12:09:38] [    INFO] 查找元素：('xpath', "//a[@href='#/systemManage/areaManage']//li[@role='menuitem']") (basics.py:51)
[2022-07-01 12:09:38] [    INFO] 点击元素：('xpath', "//a[@href='#/systemManage/areaManage']//li[@role='menuitem']") (basics.py:110)
[2022-07-01 12:09:43] [    INFO] 断言成功：URL为预期一致 | URL: http://10.250.112.166:9000/#/systemManage/areaManage (assert_ui.py:159)
[2022-07-01 12:09:45] [    INFO] 查找元素：['xpath', "//div[@class='main-top-audit']//div[contains(text(),'Infinix事业部')]"] (basics.py:51)
[2022-07-01 12:09:45] [    INFO] 选择点击：['xpath', "//div[@class='main-top-audit']//div[contains(text(),'Infinix事业部')]"] (basics.py:107)
[2022-07-01 12:09:49] [    INFO] 查找元素：['xpath', "//div[@tabindex='0']//span[normalize-space(text())='Infinix事业部']"] (basics.py:51)
[2022-07-01 12:09:49] [    INFO] 选择点击：['xpath', "//div[@tabindex='0']//span[normalize-space(text())='Infinix事业部']"] (basics.py:107)
[2022-07-01 12:09:53] [    INFO] 查找元素：['xpath', "//div[@tabindex='-1']//div[@class='el-tree-node__content']//span[normalize-space(text())='Xpark业务区']"] (basics.py:51)
[2022-07-01 12:09:54] [    INFO] 选择点击：['xpath', "//div[@tabindex='-1']//div[@class='el-tree-node__content']//span[normalize-space(text())='Xpark业务区']"] (basics.py:107)
[2022-07-01 12:09:58] [    INFO] 查找元素：['xpath', "//div[@tabindex='-1']//div[@tabindex='-1']//div[@class='el-tree-node__content']//span[normalize-space(text())='Xpark区']"] (basics.py:51)
[2022-07-01 12:09:58] [    INFO] 选择点击：['xpath', "//div[@tabindex='-1']//div[@tabindex='-1']//div[@class='el-tree-node__content']//span[normalize-space(text())='Xpark区']"] (basics.py:107)
[2022-07-01 12:10:00] [    INFO] 查找元素：('xpath', "//button[@type='button']//span[contains(text(),'新 增')]") (basics.py:51)
[2022-07-01 12:10:00] [    INFO] 点击元素：('xpath', "//button[@type='button']//span[contains(text(),'新 增')]") (basics.py:110)
[2022-07-01 12:10:01] [    INFO] 查找元素：('xpath', "//span[@class='color-rgb166 marginLeft-33']") (basics.py:51)
[2022-07-01 12:10:01] [    INFO] 获取文本：大区 (basics.py:238)
[2022-07-01 12:10:01] [    INFO] 查找元素：('xpath', "//input[@placeholder='请输入国家编码或国家名称']") (basics.py:51)
[2022-07-01 12:10:01] [    INFO] 输入文本：中国 (basics.py:81)
[2022-07-01 12:10:02] [    INFO] 查找元素：['xpath', '/html[1]/body[1]/div[2]/div[1]/div[2]/div[2]/section[1]/div[1]/div[1]/div[4]/div[1]/div[2]/div[1]/div[2]/div[1]/div[4]/div[2]/table[1]/tbody[1]/tr[1]/td[4]/div[1]/button[1]/span[1]'] (basics.py:47)
[2022-07-01 12:10:03] [    INFO] 查找元素：('xpath', "//div[@aria-label='选择国家']//span[contains(text(),'保存')]") (basics.py:51)
[2022-07-01 12:10:03] [    INFO] 点击元素：('xpath', "//div[@aria-label='选择国家']//span[contains(text(),'保存')]") (basics.py:110)
[2022-07-01 12:10:04] [    INFO] 查找元素：('xpath', "//button[@type='button']//span[contains(text(),'新 增')]") (basics.py:51)
[2022-07-01 12:10:04] [    INFO] 点击元素：('xpath', "//button[@type='button']//span[contains(text(),'新 增')]") (basics.py:110)
[2022-07-01 12:10:05] [    INFO] 查找元素：('xpath', "//span[@class='color-rgb166 marginLeft-33']") (basics.py:51)
[2022-07-01 12:10:05] [    INFO] 获取文本：大区 (basics.py:238)
[2022-07-01 12:10:05] [    INFO] 查找元素：('xpath', "//input[@placeholder='请输入国家编码或国家名称']") (basics.py:51)
[2022-07-01 12:10:05] [    INFO] 输入文本：中国 (basics.py:81)
[2022-07-01 12:10:06] [    INFO] 查找元素：['xpath', '/html[1]/body[1]/div[2]/div[1]/div[2]/div[2]/section[1]/div[1]/div[1]/div[4]/div[1]/div[2]/div[1]/div[2]/div[1]/div[4]/div[2]/table[1]/tbody[1]/tr[1]/td[4]/div[1]/button[1]/span[1]'] (basics.py:47)
[2022-07-01 12:10:06] [    INFO] 查找元素：('xpath', "//div[@aria-label='选择国家']//span[contains(text(),'保存')]") (basics.py:51)
[2022-07-01 12:10:06] [    INFO] 点击元素：('xpath', "//div[@aria-label='选择国家']//span[contains(text(),'保存')]") (basics.py:110)
[2022-07-01 12:10:07] [    INFO] 查找元素：('xpath', '//*[@id="app"]/div/div[1]/div[2]/div[1]/div/ul/div[11]/li/div/span') (basics.py:51)
[2022-07-01 12:10:08] [    INFO] 点击元素：('xpath', '//*[@id="app"]/div/div[1]/div[2]/div[1]/div/ul/div[11]/li/div/span') (basics.py:110)
[2022-07-01 12:10:08] [    INFO] 查找元素：('xpath', "//a[@href='#/systemManage/areaManage']//li[@role='menuitem']") (basics.py:51)
[2022-07-01 12:10:08] [    INFO] 点击元素：('xpath', "//a[@href='#/systemManage/areaManage']//li[@role='menuitem']") (basics.py:110)
[2022-07-01 12:10:13] [    INFO] 断言成功：URL为预期一致 | URL: http://10.250.112.166:9000/#/systemManage/areaManage (assert_ui.py:159)
[2022-07-01 12:10:15] [    INFO] 查找元素：['xpath', "//div[@class='main-top-audit']//div[contains(text(),'Infinix事业部')]"] (basics.py:51)
[2022-07-01 12:10:15] [    INFO] 选择点击：['xpath', "//div[@class='main-top-audit']//div[contains(text(),'Infinix事业部')]"] (basics.py:107)
[2022-07-01 12:10:19] [    INFO] 查找元素：['xpath', "//div[@tabindex='0']//span[normalize-space(text())='Infinix事业部']"] (basics.py:51)
[2022-07-01 12:10:19] [    INFO] 选择点击：['xpath', "//div[@tabindex='0']//span[normalize-space(text())='Infinix事业部']"] (basics.py:107)
[2022-07-01 12:10:23] [    INFO] 查找元素：['xpath', "//div[@tabindex='-1']//div[@class='el-tree-node__content']//span[normalize-space(text())='Xpark业务区']"] (basics.py:51)
[2022-07-01 12:10:23] [    INFO] 选择点击：['xpath', "//div[@tabindex='-1']//div[@class='el-tree-node__content']//span[normalize-space(text())='Xpark业务区']"] (basics.py:107)
[2022-07-01 12:10:27] [    INFO] 查找元素：['xpath', "//div[@tabindex='-1']//div[@tabindex='-1']//div[@class='el-tree-node__content']//span[normalize-space(text())='Xpark区']"] (basics.py:51)
[2022-07-01 12:10:27] [    INFO] 选择点击：['xpath', "//div[@tabindex='-1']//div[@tabindex='-1']//div[@class='el-tree-node__content']//span[normalize-space(text())='Xpark区']"] (basics.py:107)
[2022-07-01 12:10:29] [    INFO] 查找元素：('xpath', "//button[@type='button']//span[contains(text(),'新 增')]") (basics.py:51)
[2022-07-01 12:10:29] [    INFO] 点击元素：('xpath', "//button[@type='button']//span[contains(text(),'新 增')]") (basics.py:110)
[2022-07-01 12:10:30] [    INFO] 查找元素：('xpath', "//span[@class='color-rgb166 marginLeft-33']") (basics.py:51)
[2022-07-01 12:10:30] [    INFO] 获取文本：大区 (basics.py:238)
[2022-07-01 12:10:31] [    INFO] 查找元素：('xpath', "//input[@placeholder='请输入国家编码或国家名称']") (basics.py:51)
[2022-07-01 12:10:31] [    INFO] 输入文本：阿联酋 (basics.py:81)
[2022-07-01 12:10:32] [    INFO] 查找元素：['xpath', '/html[1]/body[1]/div[2]/div[1]/div[2]/div[2]/section[1]/div[1]/div[1]/div[4]/div[1]/div[2]/div[1]/div[2]/div[1]/div[4]/div[2]/table[1]/tbody[1]/tr[1]/td[4]/div[1]/button[1]/span[1]'] (basics.py:47)
[2022-07-01 12:10:32] [    INFO] 查找元素：('xpath', "//div[@aria-label='选择国家']//span[contains(text(),'保存')]") (basics.py:51)
[2022-07-01 12:10:32] [    INFO] 点击元素：('xpath', "//div[@aria-label='选择国家']//span[contains(text(),'保存')]") (basics.py:110)
[2022-07-01 12:10:33] [    INFO] 查找元素：('xpath', '//*[@id="app"]/div/div[1]/div[2]/div[1]/div/ul/div[11]/li/div/span') (basics.py:51)
[2022-07-01 12:10:33] [    INFO] 点击元素：('xpath', '//*[@id="app"]/div/div[1]/div[2]/div[1]/div/ul/div[11]/li/div/span') (basics.py:110)
[2022-07-01 12:10:33] [    INFO] 查找元素：('xpath', "//a[@href='#/systemManage/areaManage']//li[@role='menuitem']") (basics.py:51)
[2022-07-01 12:10:34] [    INFO] 点击元素：('xpath', "//a[@href='#/systemManage/areaManage']//li[@role='menuitem']") (basics.py:110)
[2022-07-01 12:10:39] [    INFO] 断言成功：URL为预期一致 | URL: http://10.250.112.166:9000/#/systemManage/areaManage (assert_ui.py:159)
[2022-07-01 12:10:41] [    INFO] 查找元素：['xpath', "//div[@class='main-top-audit']//div[contains(text(),'Infinix事业部')]"] (basics.py:51)
[2022-07-01 12:10:41] [    INFO] 选择点击：['xpath', "//div[@class='main-top-audit']//div[contains(text(),'Infinix事业部')]"] (basics.py:107)
[2022-07-01 12:10:45] [    INFO] 查找元素：['xpath', "//div[@tabindex='0']//span[normalize-space(text())='Infinix事业部']"] (basics.py:51)
[2022-07-01 12:10:45] [    INFO] 选择点击：['xpath', "//div[@tabindex='0']//span[normalize-space(text())='Infinix事业部']"] (basics.py:107)
[2022-07-01 12:10:47] [    INFO] 查找元素：['xpath', "//tbody//tr[1]//td[6]//span[contains(text(),'删除')]"] (basics.py:47)
[2022-07-01 12:10:47] [    INFO] 查找元素：('xpath', "//span[@class='color-rgb166 marginLeft-33']") (basics.py:51)
[2022-07-01 12:10:47] [    INFO] 获取文本：组织 (basics.py:238)
[2022-07-01 12:10:47] [    INFO] 查找元素：('xpath', "//div[@aria-hidden='false']//span[contains(text(),'确定')]") (basics.py:51)
[2022-07-01 12:10:47] [    INFO] 点击元素：('xpath', "//div[@aria-hidden='false']//span[contains(text(),'确定')]") (basics.py:110)
[2022-07-01 12:10:50] [    INFO] 查找元素：['xpath', "//div[@class='main-top-audit']//div[contains(text(),'Infinix事业部')]"] (basics.py:51)
[2022-07-01 12:10:50] [    INFO] 选择点击：['xpath', "//div[@class='main-top-audit']//div[contains(text(),'Infinix事业部')]"] (basics.py:107)
[2022-07-01 12:10:54] [    INFO] 查找元素：['xpath', "//div[@tabindex='0']//span[normalize-space(text())='Infinix事业部']"] (basics.py:51)
[2022-07-01 12:10:54] [    INFO] 选择点击：['xpath', "//div[@tabindex='0']//span[normalize-space(text())='Infinix事业部']"] (basics.py:107)
[2022-07-01 12:10:58] [    INFO] 查找元素：['xpath', "//div[@tabindex='-1']//div[@class='el-tree-node__content']//span[normalize-space(text())='Xpark业务区']"] (basics.py:51)
[2022-07-01 12:10:58] [    INFO] 选择点击：['xpath', "//div[@tabindex='-1']//div[@class='el-tree-node__content']//span[normalize-space(text())='Xpark业务区']"] (basics.py:107)
[2022-07-01 12:11:01] [    INFO] 查找元素：['xpath', "//tbody//tr[2]//td[6]//span[contains(text(),'删除')]"] (basics.py:47)
[2022-07-01 12:11:01] [    INFO] 查找元素：('xpath', "//span[@class='color-rgb166 marginLeft-33']") (basics.py:51)
[2022-07-01 12:11:01] [    INFO] 获取文本：地区部 (basics.py:238)
[2022-07-01 12:11:01] [    INFO] 查找元素：('xpath', "//div[@aria-hidden='false']//span[contains(text(),'确定')]") (basics.py:51)
[2022-07-01 12:11:01] [    INFO] 点击元素：('xpath', "//div[@aria-hidden='false']//span[contains(text(),'确定')]") (basics.py:110)
[2022-07-01 12:28:59] [    INFO] 前置条件：传音统一登录开始 (conftest.py:10)
[2022-07-01 12:29:02] [    INFO] 打开网页：http://10.250.112.166:9000/# (basics.py:30)
[2022-07-01 12:29:02] [    INFO] 查找元素：('xpath', "//div[@role='button']") (basics.py:51)
[2022-07-01 12:29:02] [    INFO] 点击元素：('xpath', "//div[@role='button']") (basics.py:110)
[2022-07-01 12:29:06] [    INFO] 查找元素：['xpath', "//*[contains(@id,'dropdown-menu-')]//li[1]"] (basics.py:51)
[2022-07-01 12:29:08] [    INFO] 查找元素：('xpath', "//div[@role='button']") (basics.py:51)
[2022-07-01 12:29:08] [    INFO] 点击元素：('xpath', "//div[@role='button']") (basics.py:110)
[2022-07-01 12:29:08] [    INFO] 查找元素：('id', 'tab-account') (basics.py:51)
[2022-07-01 12:29:08] [    INFO] 点击元素：('id', 'tab-account') (basics.py:110)
[2022-07-01 12:29:08] [    INFO] 查找元素：('xpath', "//*[@id='pane-account']/form/div[1]/div/div[1]/input") (basics.py:51)
[2022-07-01 12:29:08] [    INFO] 输入文本：18649572 (basics.py:72)
[2022-07-01 12:29:10] [    INFO] 查找元素：('xpath', "//*[@id='pane-account']/form/div[2]/div/div[1]/input") (basics.py:51)
[2022-07-01 12:29:10] [    INFO] 输入文本：xLily6x (basics.py:72)
[2022-07-01 12:29:11] [    INFO] 查找元素：('xpath', "//*[@id='pane-account']/form/div[4]/label/span/span") (basics.py:51)
[2022-07-01 12:29:11] [    INFO] 获取状态：False (basics.py:244)
[2022-07-01 12:29:11] [    INFO] 查找元素：('xpath', "//*[@id='pane-account']/form/div[4]/label/span/span") (basics.py:51)
[2022-07-01 12:29:11] [    INFO] 点击元素：('xpath', "//*[@id='pane-account']/form/div[4]/label/span/span") (basics.py:110)
[2022-07-01 12:29:11] [    INFO] 查找元素：('xpath', "//*[@id='pane-account']/form/button") (basics.py:51)
[2022-07-01 12:29:11] [    INFO] 点击元素：('xpath', "//*[@id='pane-account']/form/button") (basics.py:110)
[2022-07-01 12:29:11] [ WARNING] 断言失败：URL为预期不一致 | URL: http://10.248.39.163:10101/#/c-login?lang=zh&source=SCM_DRP&type=simple&redirect=http%3A%2F%2F10.250.112.166%3A9000%2F%23%2F (assert_ui.py:158)
[2022-07-01 12:29:11] [    INFO] 断言成功: 该内容存在数据列表中 | word:隆江 (assert_ui.py:241)
[2022-07-01 12:29:11] [    INFO] 前置条件：传音统一登录成功 (conftest.py:17)
[2022-07-01 12:29:11] [    INFO] 查找元素：('xpath', '//*[@id="app"]/div/div[1]/div[2]/div[1]/div/ul/div[11]/li/div/span') (basics.py:51)
[2022-07-01 12:29:14] [    INFO] 点击元素：('xpath', '//*[@id="app"]/div/div[1]/div[2]/div[1]/div/ul/div[11]/li/div/span') (basics.py:110)
[2022-07-01 12:29:14] [    INFO] 查找元素：('xpath', "//a[@href='#/systemManage/areaManage']//li[@role='menuitem']") (basics.py:51)
[2022-07-01 12:29:15] [    INFO] 点击元素：('xpath', "//a[@href='#/systemManage/areaManage']//li[@role='menuitem']") (basics.py:110)
[2022-07-01 12:29:20] [    INFO] 断言成功：URL为预期一致 | URL: http://10.250.112.166:9000/#/systemManage/areaManage (assert_ui.py:159)
[2022-07-01 12:29:22] [    INFO] 查找元素：['xpath', "//div[@class='main-top-audit']//div[contains(text(),'itel事业部')]"] (basics.py:51)
[2022-07-01 12:29:22] [    INFO] 选择点击：['xpath', "//div[@class='main-top-audit']//div[contains(text(),'itel事业部')]"] (basics.py:107)
[2022-07-01 12:29:26] [    INFO] 查找元素：['xpath', "//div[@tabindex='0']//span[normalize-space(text())='itel事业部']"] (basics.py:51)
[2022-07-01 12:29:26] [    INFO] 选择点击：['xpath', "//div[@tabindex='0']//span[normalize-space(text())='itel事业部']"] (basics.py:107)
[2022-07-01 12:29:28] [    INFO] 查找元素：('xpath', '//*[@id="app"]/div/div[1]/div[2]/div[1]/div/ul/div[11]/li/div/span') (basics.py:51)
[2022-07-01 12:29:28] [    INFO] 点击元素：('xpath', '//*[@id="app"]/div/div[1]/div[2]/div[1]/div/ul/div[11]/li/div/span') (basics.py:110)
[2022-07-01 12:29:28] [    INFO] 查找元素：('xpath', "//a[@href='#/systemManage/areaManage']//li[@role='menuitem']") (basics.py:51)
[2022-07-01 12:29:28] [    INFO] 点击元素：('xpath', "//a[@href='#/systemManage/areaManage']//li[@role='menuitem']") (basics.py:110)
[2022-07-01 12:29:33] [    INFO] 断言成功：URL为预期一致 | URL: http://10.250.112.166:9000/#/systemManage/areaManage (assert_ui.py:159)
[2022-07-01 12:29:35] [    INFO] 查找元素：['xpath', "//div[@class='main-top-audit']//div[contains(text(),'itel事业部')]"] (basics.py:51)
[2022-07-01 12:29:35] [    INFO] 选择点击：['xpath', "//div[@class='main-top-audit']//div[contains(text(),'itel事业部')]"] (basics.py:107)
[2022-07-01 12:29:39] [    INFO] 查找元素：['xpath', "//div[@tabindex='0']//span[normalize-space(text())='itel事业部']"] (basics.py:51)
[2022-07-01 12:29:39] [    INFO] 选择点击：['xpath', "//div[@tabindex='0']//span[normalize-space(text())='itel事业部']"] (basics.py:107)
[2022-07-01 12:29:43] [    INFO] 查找元素：['xpath', "//div[@tabindex='-1']//div[@class='el-tree-node__content']//span[normalize-space(text())='itel事业部']"] (basics.py:51)
[2022-07-01 12:29:43] [    INFO] 选择点击：['xpath', "//div[@tabindex='-1']//div[@class='el-tree-node__content']//span[normalize-space(text())='itel事业部']"] (basics.py:107)
[2022-07-01 12:29:45] [    INFO] 查找元素：('xpath', '//*[@id="app"]/div/div[1]/div[2]/div[1]/div/ul/div[11]/li/div/span') (basics.py:51)
[2022-07-01 12:29:46] [    INFO] 点击元素：('xpath', '//*[@id="app"]/div/div[1]/div[2]/div[1]/div/ul/div[11]/li/div/span') (basics.py:110)
[2022-07-01 12:29:46] [    INFO] 查找元素：('xpath', "//a[@href='#/systemManage/areaManage']//li[@role='menuitem']") (basics.py:51)
[2022-07-01 12:29:46] [    INFO] 点击元素：('xpath', "//a[@href='#/systemManage/areaManage']//li[@role='menuitem']") (basics.py:110)
[2022-07-01 12:29:51] [    INFO] 断言成功：URL为预期一致 | URL: http://10.250.112.166:9000/#/systemManage/areaManage (assert_ui.py:159)
[2022-07-01 12:29:53] [    INFO] 查找元素：['xpath', "//div[@class='main-top-audit']//div[contains(text(),'itel事业部')]"] (basics.py:51)
[2022-07-01 12:29:53] [    INFO] 选择点击：['xpath', "//div[@class='main-top-audit']//div[contains(text(),'itel事业部')]"] (basics.py:107)
[2022-07-01 12:29:57] [    INFO] 查找元素：['xpath', "//div[@tabindex='0']//span[normalize-space(text())='itel事业部']"] (basics.py:51)
[2022-07-01 12:29:57] [    INFO] 选择点击：['xpath', "//div[@tabindex='0']//span[normalize-space(text())='itel事业部']"] (basics.py:107)
[2022-07-01 12:30:01] [    INFO] 查找元素：['xpath', "//div[@tabindex='-1']//div[@class='el-tree-node__content']//span[normalize-space(text())='itel事业部']"] (basics.py:51)
[2022-07-01 12:30:01] [    INFO] 选择点击：['xpath', "//div[@tabindex='-1']//div[@class='el-tree-node__content']//span[normalize-space(text())='itel事业部']"] (basics.py:107)
[2022-07-01 12:30:05] [    INFO] 查找元素：['xpath', "//div[@tabindex='-1']//div[@tabindex='-1']//div[@class='el-tree-node__content']//span[normalize-space(text())='itel事业部']"] (basics.py:51)
[2022-07-01 12:30:05] [    INFO] 选择点击：['xpath', "//div[@tabindex='-1']//div[@tabindex='-1']//div[@class='el-tree-node__content']//span[normalize-space(text())='itel事业部']"] (basics.py:107)
[2022-07-01 12:30:07] [    INFO] 查找元素：('xpath', '//*[@id="app"]/div/div[1]/div[2]/div[1]/div/ul/div[11]/li/div/span') (basics.py:51)
[2022-07-01 12:30:07] [    INFO] 点击元素：('xpath', '//*[@id="app"]/div/div[1]/div[2]/div[1]/div/ul/div[11]/li/div/span') (basics.py:110)
[2022-07-01 12:30:07] [    INFO] 查找元素：('xpath', "//a[@href='#/systemManage/areaManage']//li[@role='menuitem']") (basics.py:51)
[2022-07-01 12:30:07] [    INFO] 点击元素：('xpath', "//a[@href='#/systemManage/areaManage']//li[@role='menuitem']") (basics.py:110)
[2022-07-01 12:30:12] [    INFO] 断言成功：URL为预期一致 | URL: http://10.250.112.166:9000/#/systemManage/areaManage (assert_ui.py:159)
[2022-07-01 12:30:14] [    INFO] 查找元素：['xpath', "//div[@class='main-top-audit']//div[contains(text(),'itel事业部')]"] (basics.py:51)
[2022-07-01 12:30:14] [    INFO] 选择点击：['xpath', "//div[@class='main-top-audit']//div[contains(text(),'itel事业部')]"] (basics.py:107)
[2022-07-01 12:30:18] [    INFO] 查找元素：['xpath', "//div[@tabindex='0']//span[normalize-space(text())='itel事业部']"] (basics.py:51)
[2022-07-01 12:30:19] [    INFO] 选择点击：['xpath', "//div[@tabindex='0']//span[normalize-space(text())='itel事业部']"] (basics.py:107)
[2022-07-01 12:30:23] [    INFO] 查找元素：['xpath', "//div[@tabindex='-1']//div[@class='el-tree-node__content']//span[normalize-space(text())='itel事业部']"] (basics.py:51)
[2022-07-01 12:30:23] [    INFO] 选择点击：['xpath', "//div[@tabindex='-1']//div[@class='el-tree-node__content']//span[normalize-space(text())='itel事业部']"] (basics.py:107)
[2022-07-01 12:30:27] [    INFO] 查找元素：['xpath', "//div[@tabindex='-1']//div[@tabindex='-1']//div[@class='el-tree-node__content']//span[normalize-space(text())='itel事业部']"] (basics.py:51)
[2022-07-01 12:30:27] [    INFO] 选择点击：['xpath', "//div[@tabindex='-1']//div[@tabindex='-1']//div[@class='el-tree-node__content']//span[normalize-space(text())='itel事业部']"] (basics.py:107)
