[2022-07-01 11:03:32] [    INFO] 前置条件：传音统一登录开始 (conftest.py:10)
[2022-07-01 11:03:35] [    INFO] 打开网页：http://10.250.112.166:9000/# (basics.py:30)
[2022-07-01 11:03:35] [    INFO] 查找元素：('xpath', "//div[@role='button']") (basics.py:51)
[2022-07-01 11:03:35] [    INFO] 点击元素：('xpath', "//div[@role='button']") (basics.py:110)
[2022-07-01 11:03:39] [    INFO] 查找元素：['xpath', "//*[contains(@id,'dropdown-menu-')]//li[1]"] (basics.py:51)
[2022-07-01 11:03:40] [    INFO] 查找元素：('xpath', "//div[@role='button']") (basics.py:51)
[2022-07-01 11:03:40] [    INFO] 点击元素：('xpath', "//div[@role='button']") (basics.py:110)
[2022-07-01 11:03:40] [    INFO] 查找元素：('id', 'tab-account') (basics.py:51)
[2022-07-01 11:03:40] [    INFO] 点击元素：('id', 'tab-account') (basics.py:110)
[2022-07-01 11:03:41] [    INFO] 查找元素：('xpath', "//*[@id='pane-account']/form/div[1]/div/div[1]/input") (basics.py:51)
[2022-07-01 11:03:41] [    INFO] 输入文本：18649572 (basics.py:72)
[2022-07-01 11:03:42] [    INFO] 查找元素：('xpath', "//*[@id='pane-account']/form/div[2]/div/div[1]/input") (basics.py:51)
[2022-07-01 11:03:42] [    INFO] 输入文本：xLily6x (basics.py:72)
[2022-07-01 11:03:43] [    INFO] 查找元素：('xpath', "//*[@id='pane-account']/form/div[4]/label/span/span") (basics.py:51)
[2022-07-01 11:03:44] [    INFO] 获取状态：False (basics.py:244)
[2022-07-01 11:03:44] [    INFO] 查找元素：('xpath', "//*[@id='pane-account']/form/div[4]/label/span/span") (basics.py:51)
[2022-07-01 11:03:44] [    INFO] 点击元素：('xpath', "//*[@id='pane-account']/form/div[4]/label/span/span") (basics.py:110)
[2022-07-01 11:03:44] [    INFO] 查找元素：('xpath', "//*[@id='pane-account']/form/button") (basics.py:51)
[2022-07-01 11:03:44] [    INFO] 点击元素：('xpath', "//*[@id='pane-account']/form/button") (basics.py:110)
[2022-07-01 11:03:44] [ WARNING] 断言失败：URL为预期不一致 | URL: http://10.248.39.163:10101/#/c-login?lang=zh&source=SCM_DRP&type=simple&redirect=http%3A%2F%2F10.250.112.166%3A9000%2F%23%2F (assert_ui.py:158)
[2022-07-01 11:03:44] [    INFO] 断言成功: 该内容存在数据列表中 | word:隆江 (assert_ui.py:241)
[2022-07-01 11:03:44] [    INFO] 前置条件：传音统一登录成功 (conftest.py:17)
[2022-07-01 11:03:44] [    INFO] 查找元素：('xpath', '//*[@id="app"]/div/div[1]/div[2]/div[1]/div/ul/div[11]/li/div/span') (basics.py:51)
[2022-07-01 11:03:47] [    INFO] 点击元素：('xpath', '//*[@id="app"]/div/div[1]/div[2]/div[1]/div/ul/div[11]/li/div/span') (basics.py:110)
[2022-07-01 11:03:47] [    INFO] 查找元素：('xpath', "//a[@href='#/systemManage/areaManage']//li[@role='menuitem']") (basics.py:51)
[2022-07-01 11:03:47] [    INFO] 点击元素：('xpath', "//a[@href='#/systemManage/areaManage']//li[@role='menuitem']") (basics.py:110)
[2022-07-01 11:03:52] [    INFO] 断言成功：URL为预期一致 | URL: http://10.250.112.166:9000/#/systemManage/areaManage (assert_ui.py:159)
[2022-07-01 11:03:54] [    INFO] 查找元素：['xpath', "//div[@class='main-top-audit']//div[contains(text(),'itel事业部')]"] (basics.py:51)
[2022-07-01 11:03:54] [    INFO] 选择点击：['xpath', "//div[@class='main-top-audit']//div[contains(text(),'itel事业部')]"] (basics.py:107)
[2022-07-01 11:03:58] [    INFO] 查找元素：['xpath', "//div[@tabindex='0']//span[normalize-space(text())='itel事业部']"] (basics.py:51)
[2022-07-01 11:03:58] [    INFO] 选择点击：['xpath', "//div[@tabindex='0']//span[normalize-space(text())='itel事业部']"] (basics.py:107)
[2022-07-01 11:04:00] [    INFO] 查找元素：('xpath', '//*[@id="app"]/div/div[1]/div[2]/div[1]/div/ul/div[11]/li/div/span') (basics.py:51)
[2022-07-01 11:04:00] [    INFO] 点击元素：('xpath', '//*[@id="app"]/div/div[1]/div[2]/div[1]/div/ul/div[11]/li/div/span') (basics.py:110)
[2022-07-01 11:04:00] [    INFO] 查找元素：('xpath', "//a[@href='#/systemManage/areaManage']//li[@role='menuitem']") (basics.py:51)
[2022-07-01 11:04:01] [    INFO] 点击元素：('xpath', "//a[@href='#/systemManage/areaManage']//li[@role='menuitem']") (basics.py:110)
[2022-07-01 11:04:06] [    INFO] 断言成功：URL为预期一致 | URL: http://10.250.112.166:9000/#/systemManage/areaManage (assert_ui.py:159)
[2022-07-01 11:04:08] [    INFO] 查找元素：['xpath', "//div[@class='main-top-audit']//div[contains(text(),'itel事业部')]"] (basics.py:51)
[2022-07-01 11:04:08] [    INFO] 选择点击：['xpath', "//div[@class='main-top-audit']//div[contains(text(),'itel事业部')]"] (basics.py:107)
[2022-07-01 11:04:12] [    INFO] 查找元素：['xpath', "//div[@tabindex='0']//span[normalize-space(text())='itel事业部']"] (basics.py:51)
[2022-07-01 11:04:12] [    INFO] 选择点击：['xpath', "//div[@tabindex='0']//span[normalize-space(text())='itel事业部']"] (basics.py:107)
[2022-07-01 11:04:16] [    INFO] 查找元素：['xpath', "//div[@tabindex='-1']//div[@class='el-tree-node__content']//span[normalize-space(text())='itel事业部']"] (basics.py:51)
[2022-07-01 11:04:16] [    INFO] 选择点击：['xpath', "//div[@tabindex='-1']//div[@class='el-tree-node__content']//span[normalize-space(text())='itel事业部']"] (basics.py:107)
[2022-07-01 11:04:18] [    INFO] 查找元素：('xpath', '//*[@id="app"]/div/div[1]/div[2]/div[1]/div/ul/div[11]/li/div/span') (basics.py:51)
[2022-07-01 11:04:18] [    INFO] 点击元素：('xpath', '//*[@id="app"]/div/div[1]/div[2]/div[1]/div/ul/div[11]/li/div/span') (basics.py:110)
[2022-07-01 11:04:18] [    INFO] 查找元素：('xpath', "//a[@href='#/systemManage/areaManage']//li[@role='menuitem']") (basics.py:51)
[2022-07-01 11:04:28] [    INFO] 查找元素：('xpath', '//*[@id="app"]/div/div[1]/div[2]/div[1]/div/ul/div[11]/li/div/span') (basics.py:51)
[2022-07-01 11:04:28] [    INFO] 点击元素：('xpath', '//*[@id="app"]/div/div[1]/div[2]/div[1]/div/ul/div[11]/li/div/span') (basics.py:110)
[2022-07-01 11:04:28] [    INFO] 查找元素：('xpath', "//a[@href='#/systemManage/areaManage']//li[@role='menuitem']") (basics.py:51)
[2022-07-01 11:04:29] [    INFO] 点击元素：('xpath', "//a[@href='#/systemManage/areaManage']//li[@role='menuitem']") (basics.py:110)
[2022-07-01 11:04:34] [    INFO] 断言成功：URL为预期一致 | URL: http://10.250.112.166:9000/#/systemManage/areaManage (assert_ui.py:159)
[2022-07-01 11:04:36] [    INFO] 查找元素：['xpath', "//div[@class='main-top-audit']//div[contains(text(),'itel事业部')]"] (basics.py:51)
[2022-07-01 11:04:36] [    INFO] 选择点击：['xpath', "//div[@class='main-top-audit']//div[contains(text(),'itel事业部')]"] (basics.py:107)
[2022-07-01 11:04:40] [    INFO] 查找元素：['xpath', "//div[@tabindex='0']//span[normalize-space(text())='itel事业部']"] (basics.py:51)
[2022-07-01 11:04:40] [    INFO] 选择点击：['xpath', "//div[@tabindex='0']//span[normalize-space(text())='itel事业部']"] (basics.py:107)
[2022-07-01 11:04:44] [    INFO] 查找元素：['xpath', "//div[@tabindex='-1']//div[@class='el-tree-node__content']//span[normalize-space(text())='itel事业部']"] (basics.py:51)
[2022-07-01 11:04:44] [    INFO] 选择点击：['xpath', "//div[@tabindex='-1']//div[@class='el-tree-node__content']//span[normalize-space(text())='itel事业部']"] (basics.py:107)
[2022-07-01 11:04:48] [    INFO] 查找元素：['xpath', "//div[@tabindex='-1']//div[@tabindex='-1']//div[@class='el-tree-node__content']//span[normalize-space(text())='itel事业部']"] (basics.py:51)
[2022-07-01 11:04:48] [    INFO] 选择点击：['xpath', "//div[@tabindex='-1']//div[@tabindex='-1']//div[@class='el-tree-node__content']//span[normalize-space(text())='itel事业部']"] (basics.py:107)
[2022-07-01 11:04:52] [    INFO] 查找元素：['xpath', "//div[@tabindex='-1']//div[@tabindex='-1']//div[@tabindex='-1']//div[@class='el-tree-node__content']//span[normalize-space(text())='事业部备料']"] (basics.py:51)
[2022-07-01 11:04:52] [    INFO] 选择点击：['xpath', "//div[@tabindex='-1']//div[@tabindex='-1']//div[@tabindex='-1']//div[@class='el-tree-node__content']//span[normalize-space(text())='事业部备料']"] (basics.py:107)
[2022-07-01 11:04:54] [    INFO] 查找元素：('xpath', '//*[@id="app"]/div/div[1]/div[2]/div[1]/div/ul/div[11]/li/div/span') (basics.py:51)
[2022-07-01 11:04:54] [    INFO] 点击元素：('xpath', '//*[@id="app"]/div/div[1]/div[2]/div[1]/div/ul/div[11]/li/div/span') (basics.py:110)
[2022-07-01 11:04:54] [    INFO] 查找元素：('xpath', "//a[@href='#/systemManage/areaManage']//li[@role='menuitem']") (basics.py:51)
[2022-07-01 11:04:54] [    INFO] 点击元素：('xpath', "//a[@href='#/systemManage/areaManage']//li[@role='menuitem']") (basics.py:110)
[2022-07-01 11:04:59] [    INFO] 断言成功：URL为预期一致 | URL: http://10.250.112.166:9000/#/systemManage/areaManage (assert_ui.py:159)
[2022-07-01 11:05:01] [    INFO] 查找元素：['xpath', "//div[@class='main-top-audit']//div[contains(text(),'itel事业部')]"] (basics.py:51)
[2022-07-01 11:05:01] [    INFO] 选择点击：['xpath', "//div[@class='main-top-audit']//div[contains(text(),'itel事业部')]"] (basics.py:107)
[2022-07-01 11:05:05] [    INFO] 查找元素：['xpath', "//div[@tabindex='0']//span[normalize-space(text())='itel事业部']"] (basics.py:51)
[2022-07-01 11:05:05] [    INFO] 选择点击：['xpath', "//div[@tabindex='0']//span[normalize-space(text())='itel事业部']"] (basics.py:107)
[2022-07-01 11:05:08] [    INFO] 查找元素：('xpath', "//input[@placeholder='请输入关键字']") (basics.py:51)
[2022-07-01 11:05:08] [    INFO] 输入文本：巴基斯坦 (basics.py:72)
[2022-07-01 11:05:08] [    INFO] 输入框键入巴基斯坦 (SystemMgmt_RegionMgmt.py:56)
[2022-07-01 11:05:09] [ WARNING] 断言失败: 两值不等 | a:<public.base.assert_ui.ValueAssert object at 0x000002224F49C460> b:None (assert_ui.py:22)
[2022-07-01 11:05:09] [    INFO] 查找元素：('xpath', '//*[@id="app"]/div/div[1]/div[2]/div[1]/div/ul/div[11]/li/div/span') (basics.py:51)
[2022-07-01 11:05:09] [    INFO] 点击元素：('xpath', '//*[@id="app"]/div/div[1]/div[2]/div[1]/div/ul/div[11]/li/div/span') (basics.py:110)
[2022-07-01 11:05:09] [    INFO] 查找元素：('xpath', "//a[@href='#/systemManage/areaManage']//li[@role='menuitem']") (basics.py:51)
[2022-07-01 11:05:09] [    INFO] 点击元素：('xpath', "//a[@href='#/systemManage/areaManage']//li[@role='menuitem']") (basics.py:110)
[2022-07-01 11:05:14] [    INFO] 断言成功：URL为预期一致 | URL: http://10.250.112.166:9000/#/systemManage/areaManage (assert_ui.py:159)
[2022-07-01 11:05:16] [    INFO] 查找元素：['xpath', "//div[@class='main-top-audit']//div[contains(text(),'itel事业部')]"] (basics.py:51)
[2022-07-01 11:05:16] [    INFO] 选择点击：['xpath', "//div[@class='main-top-audit']//div[contains(text(),'itel事业部')]"] (basics.py:107)
[2022-07-01 11:05:20] [    INFO] 查找元素：['xpath', "//div[@tabindex='0']//span[normalize-space(text())='itel事业部']"] (basics.py:51)
[2022-07-01 11:05:21] [    INFO] 选择点击：['xpath', "//div[@tabindex='0']//span[normalize-space(text())='itel事业部']"] (basics.py:107)
[2022-07-01 11:05:23] [    INFO] 查找元素：('xpath', "//input[@placeholder='请输入关键字']") (basics.py:51)
[2022-07-01 11:05:23] [    INFO] 输入文本：巴基 (basics.py:72)
[2022-07-01 11:05:23] [    INFO] 输入框键入巴基 (SystemMgmt_RegionMgmt.py:56)
[2022-07-01 11:05:24] [ WARNING] 断言失败: 两值不等 | a:<public.base.assert_ui.ValueAssert object at 0x000002224F494580> b:None (assert_ui.py:22)
[2022-07-01 11:05:24] [    INFO] 查找元素：('xpath', '//*[@id="app"]/div/div[1]/div[2]/div[1]/div/ul/div[11]/li/div/span') (basics.py:51)
[2022-07-01 11:05:24] [    INFO] 点击元素：('xpath', '//*[@id="app"]/div/div[1]/div[2]/div[1]/div/ul/div[11]/li/div/span') (basics.py:110)
[2022-07-01 11:05:24] [    INFO] 查找元素：('xpath', "//a[@href='#/systemManage/areaManage']//li[@role='menuitem']") (basics.py:51)
[2022-07-01 11:05:25] [    INFO] 点击元素：('xpath', "//a[@href='#/systemManage/areaManage']//li[@role='menuitem']") (basics.py:110)
[2022-07-01 11:05:30] [    INFO] 断言成功：URL为预期一致 | URL: http://10.250.112.166:9000/#/systemManage/areaManage (assert_ui.py:159)
[2022-07-01 11:05:32] [    INFO] 查找元素：['xpath', "//div[@class='main-top-audit']//div[contains(text(),'itel事业部')]"] (basics.py:51)
[2022-07-01 11:05:32] [    INFO] 选择点击：['xpath', "//div[@class='main-top-audit']//div[contains(text(),'itel事业部')]"] (basics.py:107)
[2022-07-01 11:05:36] [    INFO] 查找元素：['xpath', "//div[@tabindex='0']//span[normalize-space(text())='itel事业部']"] (basics.py:51)
[2022-07-01 11:05:36] [    INFO] 选择点击：['xpath', "//div[@tabindex='0']//span[normalize-space(text())='itel事业部']"] (basics.py:107)
[2022-07-01 11:05:38] [    INFO] 查找元素：('xpath', "//input[@placeholder='请输入关键字']") (basics.py:51)
[2022-07-01 11:05:38] [    INFO] 输入文本：加纳 (basics.py:72)
[2022-07-01 11:05:38] [    INFO] 输入框键入加纳 (SystemMgmt_RegionMgmt.py:56)
[2022-07-01 11:05:39] [ WARNING] 断言失败: 两值不等 | a:<public.base.assert_ui.ValueAssert object at 0x000002224F3AB520> b:None (assert_ui.py:22)
[2022-07-01 11:05:39] [    INFO] 查找元素：('xpath', "//i[@class='el-input__icon el-icon-circle-close el-input__clear']") (basics.py:51)
[2022-07-01 11:05:39] [    INFO] 点击元素：('xpath', "//i[@class='el-input__icon el-icon-circle-close el-input__clear']") (basics.py:110)
[2022-07-01 11:05:39] [    INFO] 查找元素：('xpath', '//*[@id="app"]/div/div[1]/div[2]/div[1]/div/ul/div[11]/li/div/span') (basics.py:51)
[2022-07-01 11:05:39] [    INFO] 点击元素：('xpath', '//*[@id="app"]/div/div[1]/div[2]/div[1]/div/ul/div[11]/li/div/span') (basics.py:110)
[2022-07-01 11:05:39] [    INFO] 查找元素：('xpath', "//a[@href='#/systemManage/areaManage']//li[@role='menuitem']") (basics.py:51)
[2022-07-01 11:05:40] [    INFO] 点击元素：('xpath', "//a[@href='#/systemManage/areaManage']//li[@role='menuitem']") (basics.py:110)
[2022-07-01 11:05:45] [    INFO] 断言成功：URL为预期一致 | URL: http://10.250.112.166:9000/#/systemManage/areaManage (assert_ui.py:159)
[2022-07-01 11:05:47] [    INFO] 查找元素：['xpath', "//div[@class='main-top-audit']//div[contains(text(),'itel事业部')]"] (basics.py:51)
[2022-07-01 11:05:47] [    INFO] 选择点击：['xpath', "//div[@class='main-top-audit']//div[contains(text(),'itel事业部')]"] (basics.py:107)
[2022-07-01 11:05:51] [    INFO] 查找元素：['xpath', "//div[@tabindex='0']//span[normalize-space(text())='itel事业部']"] (basics.py:51)
[2022-07-01 11:05:51] [    INFO] 选择点击：['xpath', "//div[@tabindex='0']//span[normalize-space(text())='itel事业部']"] (basics.py:107)
[2022-07-01 11:05:53] [    INFO] 查找元素：('xpath', "//span[contains(text(),'导出')]") (basics.py:51)
[2022-07-01 11:05:53] [    INFO] 指定下载路径: E:\工作文件\自动化\拉取代码\UIPOMTest\libs\download (basics.py:283)
[2022-07-01 11:05:56] [    INFO] ['drp_dept_export_itel+BU_20220701110553.xlsx'] (basics.py:285)
[2022-07-01 11:05:56] [ WARNING] 断言失败: 下载该附件失败 | drp_dept_export_TECNO  (basics.py:296)
[2022-07-01 11:05:56] [    INFO] 查找元素：('xpath', '//*[@id="app"]/div/div[1]/div[2]/div[1]/div/ul/div[11]/li/div/span') (basics.py:51)
[2022-07-01 11:05:56] [    INFO] 点击元素：('xpath', '//*[@id="app"]/div/div[1]/div[2]/div[1]/div/ul/div[11]/li/div/span') (basics.py:110)
[2022-07-01 11:05:56] [    INFO] 查找元素：('xpath', "//a[@href='#/systemManage/areaManage']//li[@role='menuitem']") (basics.py:51)
[2022-07-01 11:05:56] [    INFO] 点击元素：('xpath', "//a[@href='#/systemManage/areaManage']//li[@role='menuitem']") (basics.py:110)
[2022-07-01 11:06:01] [    INFO] 断言成功：URL为预期一致 | URL: http://10.250.112.166:9000/#/systemManage/areaManage (assert_ui.py:159)
[2022-07-01 11:06:03] [    INFO] 查找元素：['xpath', "//div[@class='main-top-audit']//div[contains(text(),'Infinix事业部')]"] (basics.py:51)
[2022-07-01 11:06:03] [    INFO] 选择点击：['xpath', "//div[@class='main-top-audit']//div[contains(text(),'Infinix事业部')]"] (basics.py:107)
[2022-07-01 11:06:07] [    INFO] 查找元素：['xpath', "//div[@tabindex='0']//span[normalize-space(text())='Infinix事业部']"] (basics.py:51)
[2022-07-01 11:06:07] [    INFO] 选择点击：['xpath', "//div[@tabindex='0']//span[normalize-space(text())='Infinix事业部']"] (basics.py:107)
[2022-07-01 11:06:09] [    INFO] 查找元素：('xpath', "//button[@type='button']//span[contains(text(),'新 增')]") (basics.py:51)
[2022-07-01 11:06:09] [    INFO] 点击元素：('xpath', "//button[@type='button']//span[contains(text(),'新 增')]") (basics.py:110)
[2022-07-01 11:06:10] [    INFO] 查找元素：('xpath', "//span[@class='color-rgb166 marginLeft-33']") (basics.py:51)
[2022-07-01 11:06:11] [    INFO] 获取文本：组织 (basics.py:238)
[2022-07-01 11:06:11] [    INFO] 查找元素：('xpath', "//tbody//tr//td[2]//input[contains(@accept,'-nameZh')]") (basics.py:51)
[2022-07-01 11:06:11] [    INFO] 输入文本：lj测试01 (basics.py:81)
[2022-07-01 11:06:12] [    INFO] 查找元素：('xpath', "//tbody//tr//td[3]//input[contains(@accept,'-nameEn')]") (basics.py:51)
[2022-07-01 11:06:12] [    INFO] 输入文本：ljtest01 (basics.py:81)
[2022-07-01 11:06:12] [    INFO] 查找元素：('xpath', "//tbody//tr//td[6]//span[contains(text(),'保存')]") (basics.py:51)
[2022-07-01 11:06:12] [    INFO] 点击元素：('xpath', "//tbody//tr//td[6]//span[contains(text(),'保存')]") (basics.py:110)
[2022-07-01 11:06:13] [    INFO] 查找元素：('xpath', '//*[@id="app"]/div/div[1]/div[2]/div[1]/div/ul/div[11]/li/div/span') (basics.py:51)
[2022-07-01 11:06:13] [    INFO] 点击元素：('xpath', '//*[@id="app"]/div/div[1]/div[2]/div[1]/div/ul/div[11]/li/div/span') (basics.py:110)
[2022-07-01 11:06:13] [    INFO] 查找元素：('xpath', "//a[@href='#/systemManage/areaManage']//li[@role='menuitem']") (basics.py:51)
[2022-07-01 11:06:13] [    INFO] 点击元素：('xpath', "//a[@href='#/systemManage/areaManage']//li[@role='menuitem']") (basics.py:110)
[2022-07-01 11:06:18] [    INFO] 断言成功：URL为预期一致 | URL: http://10.250.112.166:9000/#/systemManage/areaManage (assert_ui.py:159)
[2022-07-01 11:06:20] [    INFO] 查找元素：['xpath', "//div[@class='main-top-audit']//div[contains(text(),'Infinix事业部')]"] (basics.py:51)
[2022-07-01 11:06:20] [    INFO] 选择点击：['xpath', "//div[@class='main-top-audit']//div[contains(text(),'Infinix事业部')]"] (basics.py:107)
[2022-07-01 11:06:24] [    INFO] 查找元素：['xpath', "//div[@tabindex='0']//span[normalize-space(text())='Infinix事业部']"] (basics.py:51)
[2022-07-01 11:06:24] [    INFO] 选择点击：['xpath', "//div[@tabindex='0']//span[normalize-space(text())='Infinix事业部']"] (basics.py:107)
[2022-07-01 11:06:27] [    INFO] 查找元素：['xpath', "//tbody//tr[1]//td[6]//span[contains(text(),'编辑')]"] (basics.py:47)
[2022-07-01 11:06:29] [    INFO] 查找元素：('xpath', "//span[@class='color-rgb166 marginLeft-33']") (basics.py:51)
[2022-07-01 11:06:29] [    INFO] 获取文本：组织 (basics.py:238)
[2022-07-01 11:06:29] [    INFO] 查找元素：('xpath', "//tbody//tr//td[2]//input[contains(@accept,'-nameZh')]") (basics.py:51)
[2022-07-01 11:06:29] [    INFO] 输入文本：lj测试02 (basics.py:81)
[2022-07-01 11:06:30] [    INFO] 查找元素：('xpath', "//tbody//tr//td[3]//input[contains(@accept,'-nameEn')]") (basics.py:51)
[2022-07-01 11:06:30] [    INFO] 输入文本：ljtest02 (basics.py:81)
[2022-07-01 11:06:30] [    INFO] 查找元素：('xpath', "//tbody//tr//td[6]//span[contains(text(),'保存')]") (basics.py:51)
[2022-07-01 11:06:30] [    INFO] 点击元素：('xpath', "//tbody//tr//td[6]//span[contains(text(),'保存')]") (basics.py:110)
[2022-07-01 11:06:31] [    INFO] 查找元素：('xpath', '//*[@id="app"]/div/div[1]/div[2]/div[1]/div/ul/div[11]/li/div/span') (basics.py:51)
[2022-07-01 11:06:31] [    INFO] 点击元素：('xpath', '//*[@id="app"]/div/div[1]/div[2]/div[1]/div/ul/div[11]/li/div/span') (basics.py:110)
[2022-07-01 11:06:31] [    INFO] 查找元素：('xpath', "//a[@href='#/systemManage/areaManage']//li[@role='menuitem']") (basics.py:51)
[2022-07-01 11:06:31] [    INFO] 点击元素：('xpath', "//a[@href='#/systemManage/areaManage']//li[@role='menuitem']") (basics.py:110)
[2022-07-01 11:06:36] [    INFO] 断言成功：URL为预期一致 | URL: http://10.250.112.166:9000/#/systemManage/areaManage (assert_ui.py:159)
[2022-07-01 11:06:38] [    INFO] 查找元素：['xpath', "//div[@class='main-top-audit']//div[contains(text(),'Infinix事业部')]"] (basics.py:51)
[2022-07-01 11:06:38] [    INFO] 选择点击：['xpath', "//div[@class='main-top-audit']//div[contains(text(),'Infinix事业部')]"] (basics.py:107)
[2022-07-01 11:06:43] [    INFO] 查找元素：['xpath', "//div[@tabindex='0']//span[normalize-space(text())='Infinix事业部']"] (basics.py:51)
[2022-07-01 11:06:43] [    INFO] 选择点击：['xpath', "//div[@tabindex='0']//span[normalize-space(text())='Infinix事业部']"] (basics.py:107)
[2022-07-01 11:06:45] [    INFO] 查找元素：['xpath', "//tbody//tr[1]//td[6]//span[contains(text(),'删除')]"] (basics.py:47)
[2022-07-01 11:06:45] [    INFO] 查找元素：('xpath', "//span[@class='color-rgb166 marginLeft-33']") (basics.py:51)
[2022-07-01 11:06:45] [    INFO] 获取文本：组织 (basics.py:238)
[2022-07-01 11:06:45] [    INFO] 查找元素：('xpath', "//div[@aria-hidden='false']//span[contains(text(),'确定')]") (basics.py:51)
[2022-07-01 11:06:45] [    INFO] 点击元素：('xpath', "//div[@aria-hidden='false']//span[contains(text(),'确定')]") (basics.py:110)
[2022-07-01 11:06:46] [    INFO] 查找元素：('xpath', '//*[@id="app"]/div/div[1]/div[2]/div[1]/div/ul/div[11]/li/div/span') (basics.py:51)
[2022-07-01 11:06:46] [    INFO] 点击元素：('xpath', '//*[@id="app"]/div/div[1]/div[2]/div[1]/div/ul/div[11]/li/div/span') (basics.py:110)
[2022-07-01 11:06:46] [    INFO] 查找元素：('xpath', "//a[@href='#/systemManage/areaManage']//li[@role='menuitem']") (basics.py:51)
[2022-07-01 11:06:46] [    INFO] 点击元素：('xpath', "//a[@href='#/systemManage/areaManage']//li[@role='menuitem']") (basics.py:110)
[2022-07-01 11:06:51] [    INFO] 断言成功：URL为预期一致 | URL: http://10.250.112.166:9000/#/systemManage/areaManage (assert_ui.py:159)
[2022-07-01 11:06:53] [    INFO] 查找元素：['xpath', "//div[@class='main-top-audit']//div[contains(text(),'Infinix事业部')]"] (basics.py:51)
[2022-07-01 11:06:53] [    INFO] 选择点击：['xpath', "//div[@class='main-top-audit']//div[contains(text(),'Infinix事业部')]"] (basics.py:107)
[2022-07-01 11:06:57] [    INFO] 查找元素：['xpath', "//div[@tabindex='0']//span[normalize-space(text())='Infinix事业部']"] (basics.py:51)
[2022-07-01 11:06:57] [    INFO] 选择点击：['xpath', "//div[@tabindex='0']//span[normalize-space(text())='Infinix事业部']"] (basics.py:107)
[2022-07-01 11:07:01] [    INFO] 查找元素：['xpath', "//div[@tabindex='-1']//div[@class='el-tree-node__content']//span[normalize-space(text())='Xpark业务区']"] (basics.py:51)
[2022-07-01 11:07:01] [    INFO] 选择点击：['xpath', "//div[@tabindex='-1']//div[@class='el-tree-node__content']//span[normalize-space(text())='Xpark业务区']"] (basics.py:107)
[2022-07-01 11:07:03] [    INFO] 查找元素：('xpath', "//button[@type='button']//span[contains(text(),'新 增')]") (basics.py:51)
[2022-07-01 11:07:03] [    INFO] 点击元素：('xpath', "//button[@type='button']//span[contains(text(),'新 增')]") (basics.py:110)
[2022-07-01 11:07:04] [    INFO] 查找元素：('xpath', "//span[@class='color-rgb166 marginLeft-33']") (basics.py:51)
[2022-07-01 11:07:04] [    INFO] 获取文本：地区部 (basics.py:238)
[2022-07-01 11:07:05] [    INFO] 查找元素：('xpath', "//tbody//tr//td[2]//input[contains(@accept,'-nameZh')]") (basics.py:51)
[2022-07-01 11:07:05] [    INFO] 输入文本：lj测试001 (basics.py:81)
[2022-07-01 11:07:06] [    INFO] 查找元素：('xpath', "//tbody//tr//td[3]//input[contains(@accept,'-nameEn')]") (basics.py:51)
[2022-07-01 11:07:06] [    INFO] 输入文本：ljtest001 (basics.py:81)
[2022-07-01 11:07:06] [    INFO] 查找元素：('xpath', "//tbody//tr//td[6]//span[contains(text(),'保存')]") (basics.py:51)
[2022-07-01 11:07:06] [    INFO] 点击元素：('xpath', "//tbody//tr//td[6]//span[contains(text(),'保存')]") (basics.py:110)
[2022-07-01 11:07:07] [    INFO] 查找元素：('xpath', '//*[@id="app"]/div/div[1]/div[2]/div[1]/div/ul/div[11]/li/div/span') (basics.py:51)
[2022-07-01 11:07:07] [    INFO] 点击元素：('xpath', '//*[@id="app"]/div/div[1]/div[2]/div[1]/div/ul/div[11]/li/div/span') (basics.py:110)
[2022-07-01 11:07:07] [    INFO] 查找元素：('xpath', "//a[@href='#/systemManage/areaManage']//li[@role='menuitem']") (basics.py:51)
[2022-07-01 11:07:07] [    INFO] 点击元素：('xpath', "//a[@href='#/systemManage/areaManage']//li[@role='menuitem']") (basics.py:110)
[2022-07-01 11:07:12] [    INFO] 断言成功：URL为预期一致 | URL: http://10.250.112.166:9000/#/systemManage/areaManage (assert_ui.py:159)
[2022-07-01 11:07:14] [    INFO] 查找元素：['xpath', "//div[@class='main-top-audit']//div[contains(text(),'Infinix事业部')]"] (basics.py:51)
[2022-07-01 11:07:14] [    INFO] 选择点击：['xpath', "//div[@class='main-top-audit']//div[contains(text(),'Infinix事业部')]"] (basics.py:107)
[2022-07-01 11:07:18] [    INFO] 查找元素：['xpath', "//div[@tabindex='0']//span[normalize-space(text())='Infinix事业部']"] (basics.py:51)
[2022-07-01 11:07:18] [    INFO] 选择点击：['xpath', "//div[@tabindex='0']//span[normalize-space(text())='Infinix事业部']"] (basics.py:107)
[2022-07-01 11:07:22] [    INFO] 查找元素：['xpath', "//div[@tabindex='-1']//div[@class='el-tree-node__content']//span[normalize-space(text())='Xpark业务区']"] (basics.py:51)
[2022-07-01 11:07:22] [    INFO] 选择点击：['xpath', "//div[@tabindex='-1']//div[@class='el-tree-node__content']//span[normalize-space(text())='Xpark业务区']"] (basics.py:107)
[2022-07-01 11:07:24] [    INFO] 查找元素：['xpath', "//tbody//tr[1]//td[6]//span[contains(text(),'编辑')]"] (basics.py:47)
[2022-07-01 11:07:26] [    INFO] 查找元素：('xpath', "//span[@class='color-rgb166 marginLeft-33']") (basics.py:51)
[2022-07-01 11:07:26] [    INFO] 获取文本：地区部 (basics.py:238)
[2022-07-01 11:07:27] [    INFO] 查找元素：('xpath', "//tbody//tr//td[2]//input[contains(@accept,'-nameZh')]") (basics.py:51)
[2022-07-01 11:07:27] [    INFO] 输入文本：lj测试002 (basics.py:81)
[2022-07-01 11:07:28] [    INFO] 查找元素：('xpath', "//tbody//tr//td[3]//input[contains(@accept,'-nameEn')]") (basics.py:51)
[2022-07-01 11:07:28] [    INFO] 输入文本：ljtest002 (basics.py:81)
[2022-07-01 11:07:28] [    INFO] 查找元素：('xpath', "//tbody//tr//td[6]//span[contains(text(),'保存')]") (basics.py:51)
[2022-07-01 11:07:28] [    INFO] 点击元素：('xpath', "//tbody//tr//td[6]//span[contains(text(),'保存')]") (basics.py:110)
[2022-07-01 11:07:29] [    INFO] 查找元素：('xpath', '//*[@id="app"]/div/div[1]/div[2]/div[1]/div/ul/div[11]/li/div/span') (basics.py:51)
[2022-07-01 11:07:29] [    INFO] 点击元素：('xpath', '//*[@id="app"]/div/div[1]/div[2]/div[1]/div/ul/div[11]/li/div/span') (basics.py:110)
[2022-07-01 11:07:29] [    INFO] 查找元素：('xpath', "//a[@href='#/systemManage/areaManage']//li[@role='menuitem']") (basics.py:51)
[2022-07-01 11:07:29] [    INFO] 点击元素：('xpath', "//a[@href='#/systemManage/areaManage']//li[@role='menuitem']") (basics.py:110)
[2022-07-01 11:07:34] [    INFO] 断言成功：URL为预期一致 | URL: http://10.250.112.166:9000/#/systemManage/areaManage (assert_ui.py:159)
[2022-07-01 11:07:36] [    INFO] 查找元素：['xpath', "//div[@class='main-top-audit']//div[contains(text(),'Infinix事业部')]"] (basics.py:51)
[2022-07-01 11:07:36] [    INFO] 选择点击：['xpath', "//div[@class='main-top-audit']//div[contains(text(),'Infinix事业部')]"] (basics.py:107)
[2022-07-01 11:07:40] [    INFO] 查找元素：['xpath', "//div[@tabindex='0']//span[normalize-space(text())='Infinix事业部']"] (basics.py:51)
[2022-07-01 11:07:40] [    INFO] 选择点击：['xpath', "//div[@tabindex='0']//span[normalize-space(text())='Infinix事业部']"] (basics.py:107)
[2022-07-01 11:07:44] [    INFO] 查找元素：['xpath', "//div[@tabindex='-1']//div[@class='el-tree-node__content']//span[normalize-space(text())='Xpark业务区']"] (basics.py:51)
[2022-07-01 11:07:44] [    INFO] 选择点击：['xpath', "//div[@tabindex='-1']//div[@class='el-tree-node__content']//span[normalize-space(text())='Xpark业务区']"] (basics.py:107)
[2022-07-01 11:07:46] [    INFO] 查找元素：['xpath', "//tbody//tr[1]//td[6]//span[contains(text(),'删除')]"] (basics.py:47)
[2022-07-01 11:07:46] [    INFO] 查找元素：('xpath', "//span[@class='color-rgb166 marginLeft-33']") (basics.py:51)
[2022-07-01 11:07:46] [    INFO] 获取文本：地区部 (basics.py:238)
[2022-07-01 11:07:46] [    INFO] 查找元素：('xpath', "//div[@aria-hidden='false']//span[contains(text(),'确定')]") (basics.py:51)
[2022-07-01 11:07:46] [    INFO] 点击元素：('xpath', "//div[@aria-hidden='false']//span[contains(text(),'确定')]") (basics.py:110)
[2022-07-01 11:07:47] [    INFO] 查找元素：('xpath', '//*[@id="app"]/div/div[1]/div[2]/div[1]/div/ul/div[11]/li/div/span') (basics.py:51)
[2022-07-01 11:07:48] [    INFO] 点击元素：('xpath', '//*[@id="app"]/div/div[1]/div[2]/div[1]/div/ul/div[11]/li/div/span') (basics.py:110)
[2022-07-01 11:07:48] [    INFO] 查找元素：('xpath', "//a[@href='#/systemManage/areaManage']//li[@role='menuitem']") (basics.py:51)
[2022-07-01 11:07:48] [    INFO] 点击元素：('xpath', "//a[@href='#/systemManage/areaManage']//li[@role='menuitem']") (basics.py:110)
[2022-07-01 11:07:53] [    INFO] 断言成功：URL为预期一致 | URL: http://10.250.112.166:9000/#/systemManage/areaManage (assert_ui.py:159)
[2022-07-01 11:07:55] [    INFO] 查找元素：['xpath', "//div[@class='main-top-audit']//div[contains(text(),'Infinix事业部')]"] (basics.py:51)
[2022-07-01 11:07:55] [    INFO] 选择点击：['xpath', "//div[@class='main-top-audit']//div[contains(text(),'Infinix事业部')]"] (basics.py:107)
[2022-07-01 11:07:59] [    INFO] 查找元素：['xpath', "//div[@tabindex='0']//span[normalize-space(text())='Infinix事业部']"] (basics.py:51)
[2022-07-01 11:07:59] [    INFO] 选择点击：['xpath', "//div[@tabindex='0']//span[normalize-space(text())='Infinix事业部']"] (basics.py:107)
[2022-07-01 11:08:03] [    INFO] 查找元素：['xpath', "//div[@tabindex='-1']//div[@class='el-tree-node__content']//span[normalize-space(text())='Xpark业务区']"] (basics.py:51)
[2022-07-01 11:08:03] [    INFO] 选择点击：['xpath', "//div[@tabindex='-1']//div[@class='el-tree-node__content']//span[normalize-space(text())='Xpark业务区']"] (basics.py:107)
[2022-07-01 11:08:07] [    INFO] 查找元素：['xpath', "//div[@tabindex='-1']//div[@tabindex='-1']//div[@class='el-tree-node__content']//span[normalize-space(text())='Xpark区']"] (basics.py:51)
[2022-07-01 11:08:07] [    INFO] 选择点击：['xpath', "//div[@tabindex='-1']//div[@tabindex='-1']//div[@class='el-tree-node__content']//span[normalize-space(text())='Xpark区']"] (basics.py:107)
[2022-07-01 11:08:09] [    INFO] 查找元素：('xpath', "//button[@type='button']//span[contains(text(),'新 增')]") (basics.py:51)
[2022-07-01 11:08:09] [    INFO] 点击元素：('xpath', "//button[@type='button']//span[contains(text(),'新 增')]") (basics.py:110)
[2022-07-01 11:08:10] [    INFO] 查找元素：('xpath', "//span[@class='color-rgb166 marginLeft-33']") (basics.py:51)
[2022-07-01 11:08:10] [    INFO] 获取文本：大区 (basics.py:238)
[2022-07-01 11:08:11] [    INFO] 查找元素：('xpath', "//input[@placeholder='请输入国家编码或国家名称']") (basics.py:51)
[2022-07-01 11:08:11] [    INFO] 输入文本：中国 (basics.py:81)
[2022-07-01 11:08:12] [    INFO] 查找元素：['xpath', "//div[4]/div[2]/table/tbody/tr[7]/td[4]//span[contains(text(),'添加')]"] (basics.py:47)
[2022-07-01 11:08:33] [    INFO] 查找元素：('xpath', '//*[@id="app"]/div/div[1]/div[2]/div[1]/div/ul/div[11]/li/div/span') (basics.py:51)
[2022-07-01 11:08:34] [    INFO] 查找元素：('xpath', '//*[@id="app"]/div/div[1]/div[2]/div[1]/div/ul/div[11]/li/div/span') (basics.py:51)
[2022-07-01 11:08:35] [    INFO] 查找元素：('xpath', '//*[@id="app"]/div/div[1]/div[2]/div[1]/div/ul/div[11]/li/div/span') (basics.py:51)
[2022-07-01 11:08:36] [    INFO] 查找元素：('xpath', '//*[@id="app"]/div/div[1]/div[2]/div[1]/div/ul/div[11]/li/div/span') (basics.py:51)
[2022-07-01 11:08:38] [    INFO] 查找元素：('xpath', '//*[@id="app"]/div/div[1]/div[2]/div[1]/div/ul/div[11]/li/div/span') (basics.py:51)
[2022-07-01 11:08:39] [    INFO] 查找元素：('xpath', '//*[@id="app"]/div/div[1]/div[2]/div[1]/div/ul/div[11]/li/div/span') (basics.py:51)
[2022-07-01 11:14:02] [    INFO] 前置条件：传音统一登录开始 (conftest.py:10)
[2022-07-01 11:14:05] [    INFO] 打开网页：http://10.250.112.166:9000/# (basics.py:30)
[2022-07-01 11:14:05] [    INFO] 查找元素：('xpath', "//div[@role='button']") (basics.py:51)
[2022-07-01 11:14:05] [    INFO] 点击元素：('xpath', "//div[@role='button']") (basics.py:110)
[2022-07-01 11:14:09] [    INFO] 查找元素：['xpath', "//*[contains(@id,'dropdown-menu-')]//li[1]"] (basics.py:51)
[2022-07-01 11:14:10] [    INFO] 查找元素：('xpath', "//div[@role='button']") (basics.py:51)
[2022-07-01 11:14:10] [    INFO] 点击元素：('xpath', "//div[@role='button']") (basics.py:110)
[2022-07-01 11:14:10] [    INFO] 查找元素：('id', 'tab-account') (basics.py:51)
[2022-07-01 11:14:10] [    INFO] 点击元素：('id', 'tab-account') (basics.py:110)
[2022-07-01 11:14:10] [    INFO] 查找元素：('xpath', "//*[@id='pane-account']/form/div[1]/div/div[1]/input") (basics.py:51)
[2022-07-01 11:14:11] [    INFO] 输入文本：18649572 (basics.py:72)
[2022-07-01 11:14:12] [    INFO] 查找元素：('xpath', "//*[@id='pane-account']/form/div[2]/div/div[1]/input") (basics.py:51)
[2022-07-01 11:14:12] [    INFO] 输入文本：xLily6x (basics.py:72)
[2022-07-01 11:14:13] [    INFO] 查找元素：('xpath', "//*[@id='pane-account']/form/div[4]/label/span/span") (basics.py:51)
[2022-07-01 11:14:13] [    INFO] 获取状态：False (basics.py:244)
[2022-07-01 11:14:13] [    INFO] 查找元素：('xpath', "//*[@id='pane-account']/form/div[4]/label/span/span") (basics.py:51)
[2022-07-01 11:14:13] [    INFO] 点击元素：('xpath', "//*[@id='pane-account']/form/div[4]/label/span/span") (basics.py:110)
[2022-07-01 11:14:13] [    INFO] 查找元素：('xpath', "//*[@id='pane-account']/form/button") (basics.py:51)
[2022-07-01 11:14:13] [    INFO] 点击元素：('xpath', "//*[@id='pane-account']/form/button") (basics.py:110)
[2022-07-01 11:14:13] [ WARNING] 断言失败：URL为预期不一致 | URL: http://10.248.39.163:10101/#/c-login?lang=zh&source=SCM_DRP&type=simple&redirect=http%3A%2F%2F10.250.112.166%3A9000%2F%23%2F (assert_ui.py:158)
[2022-07-01 11:14:14] [    INFO] 断言成功: 该内容存在数据列表中 | word:隆江 (assert_ui.py:241)
[2022-07-01 11:14:14] [    INFO] 前置条件：传音统一登录成功 (conftest.py:17)
[2022-07-01 11:14:14] [    INFO] 查找元素：('xpath', '//*[@id="app"]/div/div[1]/div[2]/div[1]/div/ul/div[11]/li/div/span') (basics.py:51)
[2022-07-01 11:14:17] [    INFO] 点击元素：('xpath', '//*[@id="app"]/div/div[1]/div[2]/div[1]/div/ul/div[11]/li/div/span') (basics.py:110)
[2022-07-01 11:14:17] [    INFO] 查找元素：('xpath', "//a[@href='#/systemManage/areaManage']//li[@role='menuitem']") (basics.py:51)
[2022-07-01 11:14:17] [    INFO] 点击元素：('xpath', "//a[@href='#/systemManage/areaManage']//li[@role='menuitem']") (basics.py:110)
[2022-07-01 11:14:22] [    INFO] 断言成功：URL为预期一致 | URL: http://10.250.112.166:9000/#/systemManage/areaManage (assert_ui.py:159)
[2022-07-01 11:14:24] [    INFO] 查找元素：['xpath', "//div[@class='main-top-audit']//div[contains(text(),'Infinix事业部')]"] (basics.py:51)
[2022-07-01 11:14:24] [    INFO] 选择点击：['xpath', "//div[@class='main-top-audit']//div[contains(text(),'Infinix事业部')]"] (basics.py:107)
[2022-07-01 11:14:28] [    INFO] 查找元素：['xpath', "//div[@tabindex='0']//span[normalize-space(text())='Infinix事业部']"] (basics.py:51)
[2022-07-01 11:14:28] [    INFO] 选择点击：['xpath', "//div[@tabindex='0']//span[normalize-space(text())='Infinix事业部']"] (basics.py:107)
[2022-07-01 11:14:32] [    INFO] 查找元素：('xpath', "//span[@class='color-rgb166 marginLeft-33']") (basics.py:51)
[2022-07-01 11:14:32] [    INFO] 获取文本：组织 (basics.py:238)
[2022-07-01 11:14:33] [    INFO] 查找元素：('xpath', "//tbody//tr//td[2]//input[contains(@accept,'-nameZh')]") (basics.py:51)
[2022-07-01 11:14:54] [    INFO] 查找元素：('xpath', '//*[@id="app"]/div/div[1]/div[2]/div[1]/div/ul/div[11]/li/div/span') (basics.py:51)
[2022-07-01 11:14:54] [    INFO] 点击元素：('xpath', '//*[@id="app"]/div/div[1]/div[2]/div[1]/div/ul/div[11]/li/div/span') (basics.py:110)
[2022-07-01 11:14:54] [    INFO] 查找元素：('xpath', "//a[@href='#/systemManage/areaManage']//li[@role='menuitem']") (basics.py:51)
[2022-07-01 11:14:54] [    INFO] 点击元素：('xpath', "//a[@href='#/systemManage/areaManage']//li[@role='menuitem']") (basics.py:110)
[2022-07-01 11:14:59] [    INFO] 断言成功：URL为预期一致 | URL: http://10.250.112.166:9000/#/systemManage/areaManage (assert_ui.py:159)
[2022-07-01 11:15:01] [    INFO] 查找元素：['xpath', "//div[@class='main-top-audit']//div[contains(text(),'Infinix事业部')]"] (basics.py:51)
[2022-07-01 11:15:02] [    INFO] 选择点击：['xpath', "//div[@class='main-top-audit']//div[contains(text(),'Infinix事业部')]"] (basics.py:107)
[2022-07-01 11:15:06] [    INFO] 查找元素：['xpath', "//div[@tabindex='0']//span[normalize-space(text())='Infinix事业部']"] (basics.py:51)
[2022-07-01 11:15:06] [    INFO] 选择点击：['xpath', "//div[@tabindex='0']//span[normalize-space(text())='Infinix事业部']"] (basics.py:107)
[2022-07-01 11:15:08] [    INFO] 查找元素：('xpath', "//span[@class='color-rgb166 marginLeft-33']") (basics.py:51)
[2022-07-01 11:15:08] [    INFO] 获取文本：组织 (basics.py:238)
[2022-07-01 11:15:08] [    INFO] 查找元素：('xpath', "//div[@aria-hidden='false']//span[contains(text(),'确定')]") (basics.py:51)
[2022-07-01 11:15:29] [    INFO] 查找元素：('xpath', '//*[@id="app"]/div/div[1]/div[2]/div[1]/div/ul/div[11]/li/div/span') (basics.py:51)
[2022-07-01 11:15:29] [    INFO] 点击元素：('xpath', '//*[@id="app"]/div/div[1]/div[2]/div[1]/div/ul/div[11]/li/div/span') (basics.py:110)
[2022-07-01 11:15:29] [    INFO] 查找元素：('xpath', "//a[@href='#/systemManage/areaManage']//li[@role='menuitem']") (basics.py:51)
[2022-07-01 11:15:29] [    INFO] 点击元素：('xpath', "//a[@href='#/systemManage/areaManage']//li[@role='menuitem']") (basics.py:110)
[2022-07-01 11:15:34] [    INFO] 断言成功：URL为预期一致 | URL: http://10.250.112.166:9000/#/systemManage/areaManage (assert_ui.py:159)
[2022-07-01 11:15:36] [    INFO] 查找元素：['xpath', "//div[@class='main-top-audit']//div[contains(text(),'Infinix事业部')]"] (basics.py:51)
[2022-07-01 11:15:36] [    INFO] 选择点击：['xpath', "//div[@class='main-top-audit']//div[contains(text(),'Infinix事业部')]"] (basics.py:107)
[2022-07-01 11:15:40] [    INFO] 查找元素：['xpath', "//div[@tabindex='0']//span[normalize-space(text())='Infinix事业部']"] (basics.py:51)
[2022-07-01 11:15:40] [    INFO] 选择点击：['xpath', "//div[@tabindex='0']//span[normalize-space(text())='Infinix事业部']"] (basics.py:107)
[2022-07-01 11:15:44] [    INFO] 查找元素：['xpath', "//div[@tabindex='-1']//div[@class='el-tree-node__content']//span[normalize-space(text())='Xpark业务区']"] (basics.py:51)
[2022-07-01 11:15:44] [    INFO] 选择点击：['xpath', "//div[@tabindex='-1']//div[@class='el-tree-node__content']//span[normalize-space(text())='Xpark业务区']"] (basics.py:107)
[2022-07-01 11:15:49] [    INFO] 查找元素：('xpath', "//span[@class='color-rgb166 marginLeft-33']") (basics.py:51)
[2022-07-01 11:15:49] [    INFO] 获取文本：地区部 (basics.py:238)
[2022-07-01 11:15:49] [    INFO] 查找元素：('xpath', "//tbody//tr//td[2]//input[contains(@accept,'-nameZh')]") (basics.py:51)
[2022-07-01 11:16:10] [    INFO] 查找元素：('xpath', '//*[@id="app"]/div/div[1]/div[2]/div[1]/div/ul/div[11]/li/div/span') (basics.py:51)
[2022-07-01 11:16:10] [    INFO] 点击元素：('xpath', '//*[@id="app"]/div/div[1]/div[2]/div[1]/div/ul/div[11]/li/div/span') (basics.py:110)
[2022-07-01 11:16:10] [    INFO] 查找元素：('xpath', "//a[@href='#/systemManage/areaManage']//li[@role='menuitem']") (basics.py:51)
[2022-07-01 11:16:11] [    INFO] 点击元素：('xpath', "//a[@href='#/systemManage/areaManage']//li[@role='menuitem']") (basics.py:110)
[2022-07-01 11:16:16] [    INFO] 断言成功：URL为预期一致 | URL: http://10.250.112.166:9000/#/systemManage/areaManage (assert_ui.py:159)
[2022-07-01 11:16:18] [    INFO] 查找元素：['xpath', "//div[@class='main-top-audit']//div[contains(text(),'Infinix事业部')]"] (basics.py:51)
[2022-07-01 11:16:18] [    INFO] 选择点击：['xpath', "//div[@class='main-top-audit']//div[contains(text(),'Infinix事业部')]"] (basics.py:107)
[2022-07-01 11:16:22] [    INFO] 查找元素：['xpath', "//div[@tabindex='0']//span[normalize-space(text())='Infinix事业部']"] (basics.py:51)
[2022-07-01 11:16:22] [    INFO] 选择点击：['xpath', "//div[@tabindex='0']//span[normalize-space(text())='Infinix事业部']"] (basics.py:107)
[2022-07-01 11:16:26] [    INFO] 查找元素：['xpath', "//div[@tabindex='-1']//div[@class='el-tree-node__content']//span[normalize-space(text())='Xpark业务区']"] (basics.py:51)
[2022-07-01 11:16:26] [    INFO] 选择点击：['xpath', "//div[@tabindex='-1']//div[@class='el-tree-node__content']//span[normalize-space(text())='Xpark业务区']"] (basics.py:107)
[2022-07-01 11:16:28] [    INFO] 查找元素：('xpath', "//span[@class='color-rgb166 marginLeft-33']") (basics.py:51)
[2022-07-01 11:16:28] [    INFO] 获取文本：地区部 (basics.py:238)
[2022-07-01 11:16:28] [    INFO] 查找元素：('xpath', "//div[@aria-hidden='false']//span[contains(text(),'确定')]") (basics.py:51)
[2022-07-01 11:16:49] [    INFO] 查找元素：('xpath', '//*[@id="app"]/div/div[1]/div[2]/div[1]/div/ul/div[11]/li/div/span') (basics.py:51)
[2022-07-01 11:16:49] [    INFO] 点击元素：('xpath', '//*[@id="app"]/div/div[1]/div[2]/div[1]/div/ul/div[11]/li/div/span') (basics.py:110)
[2022-07-01 11:16:49] [    INFO] 查找元素：('xpath', "//a[@href='#/systemManage/areaManage']//li[@role='menuitem']") (basics.py:51)
[2022-07-01 11:16:49] [    INFO] 点击元素：('xpath', "//a[@href='#/systemManage/areaManage']//li[@role='menuitem']") (basics.py:110)
[2022-07-01 11:16:54] [    INFO] 断言成功：URL为预期一致 | URL: http://10.250.112.166:9000/#/systemManage/areaManage (assert_ui.py:159)
[2022-07-01 11:16:56] [    INFO] 查找元素：['xpath', "//div[@class='main-top-audit']//div[contains(text(),'Infinix事业部')]"] (basics.py:51)
[2022-07-01 11:16:56] [    INFO] 选择点击：['xpath', "//div[@class='main-top-audit']//div[contains(text(),'Infinix事业部')]"] (basics.py:107)
[2022-07-01 11:17:00] [    INFO] 查找元素：['xpath', "//div[@tabindex='0']//span[normalize-space(text())='Infinix事业部']"] (basics.py:51)
[2022-07-01 11:17:00] [    INFO] 选择点击：['xpath', "//div[@tabindex='0']//span[normalize-space(text())='Infinix事业部']"] (basics.py:107)
[2022-07-01 11:17:04] [    INFO] 查找元素：['xpath', "//div[@tabindex='-1']//div[@class='el-tree-node__content']//span[normalize-space(text())='Xpark业务区']"] (basics.py:51)
[2022-07-01 11:17:04] [    INFO] 选择点击：['xpath', "//div[@tabindex='-1']//div[@class='el-tree-node__content']//span[normalize-space(text())='Xpark业务区']"] (basics.py:107)
[2022-07-01 11:17:08] [    INFO] 查找元素：['xpath', "//div[@tabindex='-1']//div[@tabindex='-1']//div[@class='el-tree-node__content']//span[normalize-space(text())='Xpark区']"] (basics.py:51)
[2022-07-01 11:17:09] [    INFO] 选择点击：['xpath', "//div[@tabindex='-1']//div[@tabindex='-1']//div[@class='el-tree-node__content']//span[normalize-space(text())='Xpark区']"] (basics.py:107)
[2022-07-01 11:17:11] [    INFO] 查找元素：('xpath', "//button[@type='button']//span[contains(text(),'新 增')]") (basics.py:51)
[2022-07-01 11:17:11] [    INFO] 点击元素：('xpath', "//button[@type='button']//span[contains(text(),'新 增')]") (basics.py:110)
[2022-07-01 11:17:12] [    INFO] 查找元素：('xpath', "//span[@class='color-rgb166 marginLeft-33']") (basics.py:51)
[2022-07-01 11:17:12] [    INFO] 获取文本：大区 (basics.py:238)
[2022-07-01 11:17:12] [    INFO] 查找元素：('xpath', "//input[@placeholder='请输入国家编码或国家名称']") (basics.py:51)
[2022-07-01 11:17:12] [    INFO] 输入文本：中国 (basics.py:81)
[2022-07-01 11:17:14] [    INFO] 查找元素：['xpath', "//div[4]/div[2]/table/tbody/tr[7]/td[4]//span[contains(text(),'添加')]"] (basics.py:47)
[2022-07-01 11:17:35] [    INFO] 查找元素：('xpath', '//*[@id="app"]/div/div[1]/div[2]/div[1]/div/ul/div[11]/li/div/span') (basics.py:51)
[2022-07-01 11:17:37] [    INFO] 查找元素：('xpath', '//*[@id="app"]/div/div[1]/div[2]/div[1]/div/ul/div[11]/li/div/span') (basics.py:51)
[2022-07-01 11:17:38] [    INFO] 查找元素：('xpath', '//*[@id="app"]/div/div[1]/div[2]/div[1]/div/ul/div[11]/li/div/span') (basics.py:51)
[2022-07-01 11:17:39] [    INFO] 查找元素：('xpath', '//*[@id="app"]/div/div[1]/div[2]/div[1]/div/ul/div[11]/li/div/span') (basics.py:51)
[2022-07-01 11:17:40] [    INFO] 查找元素：('xpath', '//*[@id="app"]/div/div[1]/div[2]/div[1]/div/ul/div[11]/li/div/span') (basics.py:51)
[2022-07-01 11:17:41] [    INFO] 查找元素：('xpath', '//*[@id="app"]/div/div[1]/div[2]/div[1]/div/ul/div[11]/li/div/span') (basics.py:51)
[2022-07-01 11:17:42] [    INFO] 查找元素：('xpath', '//*[@id="app"]/div/div[1]/div[2]/div[1]/div/ul/div[11]/li/div/span') (basics.py:51)
[2022-07-01 11:17:43] [    INFO] 查找元素：('xpath', '//*[@id="app"]/div/div[1]/div[2]/div[1]/div/ul/div[11]/li/div/span') (basics.py:51)
[2022-07-01 11:17:44] [    INFO] 查找元素：('xpath', '//*[@id="app"]/div/div[1]/div[2]/div[1]/div/ul/div[11]/li/div/span') (basics.py:51)
[2022-07-01 11:17:46] [    INFO] 查找元素：('xpath', '//*[@id="app"]/div/div[1]/div[2]/div[1]/div/ul/div[11]/li/div/span') (basics.py:51)
[2022-07-01 11:17:47] [    INFO] 查找元素：('xpath', '//*[@id="app"]/div/div[1]/div[2]/div[1]/div/ul/div[11]/li/div/span') (basics.py:51)
[2022-07-01 11:17:48] [    INFO] 查找元素：('xpath', '//*[@id="app"]/div/div[1]/div[2]/div[1]/div/ul/div[11]/li/div/span') (basics.py:51)
[2022-07-01 11:19:36] [    INFO] 前置条件：传音统一登录开始 (conftest.py:10)
[2022-07-01 11:19:39] [    INFO] 打开网页：http://10.250.112.166:9000/# (basics.py:30)
[2022-07-01 11:19:39] [    INFO] 查找元素：('xpath', "//div[@role='button']") (basics.py:51)
[2022-07-01 11:19:39] [    INFO] 点击元素：('xpath', "//div[@role='button']") (basics.py:110)
[2022-07-01 11:19:43] [    INFO] 查找元素：['xpath', "//*[contains(@id,'dropdown-menu-')]//li[1]"] (basics.py:51)
[2022-07-01 11:19:44] [    INFO] 查找元素：('xpath', "//div[@role='button']") (basics.py:51)
[2022-07-01 11:19:44] [    INFO] 点击元素：('xpath', "//div[@role='button']") (basics.py:110)
[2022-07-01 11:19:44] [    INFO] 查找元素：('id', 'tab-account') (basics.py:51)
[2022-07-01 11:19:44] [    INFO] 点击元素：('id', 'tab-account') (basics.py:110)
[2022-07-01 11:19:45] [    INFO] 查找元素：('xpath', "//*[@id='pane-account']/form/div[1]/div/div[1]/input") (basics.py:51)
[2022-07-01 11:19:45] [    INFO] 输入文本：18649572 (basics.py:72)
[2022-07-01 11:19:46] [    INFO] 查找元素：('xpath', "//*[@id='pane-account']/form/div[2]/div/div[1]/input") (basics.py:51)
[2022-07-01 11:19:47] [    INFO] 输入文本：xLily6x (basics.py:72)
[2022-07-01 11:19:48] [    INFO] 查找元素：('xpath', "//*[@id='pane-account']/form/div[4]/label/span/span") (basics.py:51)
[2022-07-01 11:19:48] [    INFO] 获取状态：False (basics.py:244)
[2022-07-01 11:19:48] [    INFO] 查找元素：('xpath', "//*[@id='pane-account']/form/div[4]/label/span/span") (basics.py:51)
[2022-07-01 11:19:48] [    INFO] 点击元素：('xpath', "//*[@id='pane-account']/form/div[4]/label/span/span") (basics.py:110)
[2022-07-01 11:19:48] [    INFO] 查找元素：('xpath', "//*[@id='pane-account']/form/button") (basics.py:51)
[2022-07-01 11:19:48] [    INFO] 点击元素：('xpath', "//*[@id='pane-account']/form/button") (basics.py:110)
[2022-07-01 11:19:48] [ WARNING] 断言失败：URL为预期不一致 | URL: http://10.248.39.163:10101/#/c-login?lang=zh&source=SCM_DRP&type=simple&redirect=http%3A%2F%2F10.250.112.166%3A9000%2F%23%2F (assert_ui.py:158)
[2022-07-01 11:19:48] [    INFO] 断言成功: 该内容存在数据列表中 | word:隆江 (assert_ui.py:241)
[2022-07-01 11:19:48] [    INFO] 前置条件：传音统一登录成功 (conftest.py:17)
[2022-07-01 11:19:48] [    INFO] 查找元素：('xpath', '//*[@id="app"]/div/div[1]/div[2]/div[1]/div/ul/div[11]/li/div/span') (basics.py:51)
[2022-07-01 11:19:51] [    INFO] 点击元素：('xpath', '//*[@id="app"]/div/div[1]/div[2]/div[1]/div/ul/div[11]/li/div/span') (basics.py:110)
[2022-07-01 11:19:51] [    INFO] 查找元素：('xpath', "//a[@href='#/systemManage/areaManage']//li[@role='menuitem']") (basics.py:51)
[2022-07-01 11:19:51] [    INFO] 点击元素：('xpath', "//a[@href='#/systemManage/areaManage']//li[@role='menuitem']") (basics.py:110)
[2022-07-01 11:19:56] [    INFO] 断言成功：URL为预期一致 | URL: http://10.250.112.166:9000/#/systemManage/areaManage (assert_ui.py:159)
[2022-07-01 11:19:58] [    INFO] 查找元素：['xpath', "//div[@class='main-top-audit']//div[contains(text(),'Infinix事业部')]"] (basics.py:51)
[2022-07-01 11:19:58] [    INFO] 选择点击：['xpath', "//div[@class='main-top-audit']//div[contains(text(),'Infinix事业部')]"] (basics.py:107)
[2022-07-01 11:20:02] [    INFO] 查找元素：['xpath', "//div[@tabindex='0']//span[normalize-space(text())='Infinix事业部']"] (basics.py:51)
[2022-07-01 11:20:02] [    INFO] 选择点击：['xpath', "//div[@tabindex='0']//span[normalize-space(text())='Infinix事业部']"] (basics.py:107)
[2022-07-01 11:20:06] [    INFO] 查找元素：['xpath', "//div[@tabindex='-1']//div[@class='el-tree-node__content']//span[normalize-space(text())='Xpark业务区']"] (basics.py:51)
[2022-07-01 11:20:06] [    INFO] 选择点击：['xpath', "//div[@tabindex='-1']//div[@class='el-tree-node__content']//span[normalize-space(text())='Xpark业务区']"] (basics.py:107)
[2022-07-01 11:20:10] [    INFO] 查找元素：['xpath', "//div[@tabindex='-1']//div[@tabindex='-1']//div[@class='el-tree-node__content']//span[normalize-space(text())='Xpark区']"] (basics.py:51)
[2022-07-01 11:20:10] [    INFO] 选择点击：['xpath', "//div[@tabindex='-1']//div[@tabindex='-1']//div[@class='el-tree-node__content']//span[normalize-space(text())='Xpark区']"] (basics.py:107)
[2022-07-01 11:20:12] [    INFO] 查找元素：('xpath', "//button[@type='button']//span[contains(text(),'新 增')]") (basics.py:51)
[2022-07-01 11:20:12] [    INFO] 点击元素：('xpath', "//button[@type='button']//span[contains(text(),'新 增')]") (basics.py:110)
[2022-07-01 11:20:13] [    INFO] 查找元素：('xpath', "//span[@class='color-rgb166 marginLeft-33']") (basics.py:51)
[2022-07-01 11:20:14] [    INFO] 获取文本：大区 (basics.py:238)
[2022-07-01 11:20:14] [    INFO] 查找元素：('xpath', "//input[@placeholder='请输入国家编码或国家名称']") (basics.py:51)
[2022-07-01 11:20:14] [    INFO] 输入文本：中国 (basics.py:81)
[2022-07-01 11:20:16] [    INFO] 查找元素：['xpath', "//div[4]/div[2]/table/tbody/tr[8]/td[4]//span[contains(text(),'添加')]"] (basics.py:47)
[2022-07-01 11:22:43] [    INFO] 前置条件：传音统一登录开始 (conftest.py:10)
[2022-07-01 11:22:46] [    INFO] 打开网页：http://10.250.112.166:9000/# (basics.py:30)
[2022-07-01 11:22:46] [    INFO] 查找元素：('xpath', "//div[@role='button']") (basics.py:51)
[2022-07-01 11:22:46] [    INFO] 点击元素：('xpath', "//div[@role='button']") (basics.py:110)
[2022-07-01 11:22:50] [    INFO] 查找元素：['xpath', "//*[contains(@id,'dropdown-menu-')]//li[1]"] (basics.py:51)
[2022-07-01 11:22:51] [    INFO] 查找元素：('xpath', "//div[@role='button']") (basics.py:51)
[2022-07-01 11:22:51] [    INFO] 点击元素：('xpath', "//div[@role='button']") (basics.py:110)
[2022-07-01 11:22:51] [    INFO] 查找元素：('id', 'tab-account') (basics.py:51)
[2022-07-01 11:22:51] [    INFO] 点击元素：('id', 'tab-account') (basics.py:110)
[2022-07-01 11:22:52] [    INFO] 查找元素：('xpath', "//*[@id='pane-account']/form/div[1]/div/div[1]/input") (basics.py:51)
[2022-07-01 11:22:52] [    INFO] 输入文本：18649572 (basics.py:72)
[2022-07-01 11:22:53] [    INFO] 查找元素：('xpath', "//*[@id='pane-account']/form/div[2]/div/div[1]/input") (basics.py:51)
[2022-07-01 11:22:54] [    INFO] 输入文本：xLily6x (basics.py:72)
[2022-07-01 11:22:55] [    INFO] 查找元素：('xpath', "//*[@id='pane-account']/form/div[4]/label/span/span") (basics.py:51)
[2022-07-01 11:22:55] [    INFO] 获取状态：False (basics.py:244)
[2022-07-01 11:22:55] [    INFO] 查找元素：('xpath', "//*[@id='pane-account']/form/div[4]/label/span/span") (basics.py:51)
[2022-07-01 11:22:55] [    INFO] 点击元素：('xpath', "//*[@id='pane-account']/form/div[4]/label/span/span") (basics.py:110)
[2022-07-01 11:22:55] [    INFO] 查找元素：('xpath', "//*[@id='pane-account']/form/button") (basics.py:51)
[2022-07-01 11:22:55] [    INFO] 点击元素：('xpath', "//*[@id='pane-account']/form/button") (basics.py:110)
[2022-07-01 11:22:55] [ WARNING] 断言失败：URL为预期不一致 | URL: http://10.248.39.163:10101/#/c-login?lang=zh&source=SCM_DRP&type=simple&redirect=http%3A%2F%2F10.250.112.166%3A9000%2F%23%2F (assert_ui.py:158)
[2022-07-01 11:22:55] [    INFO] 断言成功: 该内容存在数据列表中 | word:隆江 (assert_ui.py:241)
[2022-07-01 11:22:55] [    INFO] 前置条件：传音统一登录成功 (conftest.py:17)
[2022-07-01 11:22:55] [    INFO] 查找元素：('xpath', '//*[@id="app"]/div/div[1]/div[2]/div[1]/div/ul/div[11]/li/div/span') (basics.py:51)
[2022-07-01 11:22:58] [    INFO] 点击元素：('xpath', '//*[@id="app"]/div/div[1]/div[2]/div[1]/div/ul/div[11]/li/div/span') (basics.py:110)
[2022-07-01 11:22:58] [    INFO] 查找元素：('xpath', "//a[@href='#/systemManage/areaManage']//li[@role='menuitem']") (basics.py:51)
[2022-07-01 11:22:58] [    INFO] 点击元素：('xpath', "//a[@href='#/systemManage/areaManage']//li[@role='menuitem']") (basics.py:110)
[2022-07-01 11:23:03] [    INFO] 断言成功：URL为预期一致 | URL: http://10.250.112.166:9000/#/systemManage/areaManage (assert_ui.py:159)
[2022-07-01 11:23:05] [    INFO] 查找元素：['xpath', "//div[@class='main-top-audit']//div[contains(text(),'Infinix事业部')]"] (basics.py:51)
[2022-07-01 11:23:05] [    INFO] 选择点击：['xpath', "//div[@class='main-top-audit']//div[contains(text(),'Infinix事业部')]"] (basics.py:107)
[2022-07-01 11:23:09] [    INFO] 查找元素：['xpath', "//div[@tabindex='0']//span[normalize-space(text())='Infinix事业部']"] (basics.py:51)
[2022-07-01 11:23:09] [    INFO] 选择点击：['xpath', "//div[@tabindex='0']//span[normalize-space(text())='Infinix事业部']"] (basics.py:107)
[2022-07-01 11:23:13] [    INFO] 查找元素：['xpath', "//div[@tabindex='-1']//div[@class='el-tree-node__content']//span[normalize-space(text())='Xpark业务区']"] (basics.py:51)
[2022-07-01 11:23:13] [    INFO] 选择点击：['xpath', "//div[@tabindex='-1']//div[@class='el-tree-node__content']//span[normalize-space(text())='Xpark业务区']"] (basics.py:107)
[2022-07-01 11:23:17] [    INFO] 查找元素：['xpath', "//div[@tabindex='-1']//div[@tabindex='-1']//div[@class='el-tree-node__content']//span[normalize-space(text())='Xpark区']"] (basics.py:51)
[2022-07-01 11:23:17] [    INFO] 选择点击：['xpath', "//div[@tabindex='-1']//div[@tabindex='-1']//div[@class='el-tree-node__content']//span[normalize-space(text())='Xpark区']"] (basics.py:107)
[2022-07-01 11:23:19] [    INFO] 查找元素：('xpath', "//button[@type='button']//span[contains(text(),'新 增')]") (basics.py:51)
[2022-07-01 11:23:20] [    INFO] 点击元素：('xpath', "//button[@type='button']//span[contains(text(),'新 增')]") (basics.py:110)
[2022-07-01 11:23:21] [    INFO] 查找元素：('xpath', "//span[@class='color-rgb166 marginLeft-33']") (basics.py:51)
[2022-07-01 11:23:21] [    INFO] 获取文本：大区 (basics.py:238)
[2022-07-01 11:23:21] [    INFO] 查找元素：('xpath', "//input[@placeholder='请输入国家编码或国家名称']") (basics.py:51)
[2022-07-01 11:23:21] [    INFO] 输入文本：中国 (basics.py:81)
[2022-07-01 11:23:23] [    INFO] 查找元素：['xpath', "//div[4]//div[2]//table//tbody//tr[7]//td[4]//span[contains(text(),'添加')]"] (basics.py:47)
[2022-07-01 11:25:07] [    INFO] 前置条件：传音统一登录开始 (conftest.py:10)
[2022-07-01 11:25:11] [    INFO] 打开网页：http://10.250.112.166:9000/# (basics.py:30)
[2022-07-01 11:25:11] [    INFO] 查找元素：('xpath', "//div[@role='button']") (basics.py:51)
[2022-07-01 11:25:11] [    INFO] 点击元素：('xpath', "//div[@role='button']") (basics.py:110)
[2022-07-01 11:25:15] [    INFO] 查找元素：['xpath', "//*[contains(@id,'dropdown-menu-')]//li[1]"] (basics.py:51)
[2022-07-01 11:25:16] [    INFO] 查找元素：('xpath', "//div[@role='button']") (basics.py:51)
[2022-07-01 11:25:16] [    INFO] 点击元素：('xpath', "//div[@role='button']") (basics.py:110)
[2022-07-01 11:25:16] [    INFO] 查找元素：('id', 'tab-account') (basics.py:51)
[2022-07-01 11:25:16] [    INFO] 点击元素：('id', 'tab-account') (basics.py:110)
[2022-07-01 11:25:16] [    INFO] 查找元素：('xpath', "//*[@id='pane-account']/form/div[1]/div/div[1]/input") (basics.py:51)
[2022-07-01 11:25:16] [    INFO] 输入文本：18649572 (basics.py:72)
[2022-07-01 11:25:18] [    INFO] 查找元素：('xpath', "//*[@id='pane-account']/form/div[2]/div/div[1]/input") (basics.py:51)
[2022-07-01 11:25:18] [    INFO] 输入文本：xLily6x (basics.py:72)
[2022-07-01 11:25:19] [    INFO] 查找元素：('xpath', "//*[@id='pane-account']/form/div[4]/label/span/span") (basics.py:51)
[2022-07-01 11:25:19] [    INFO] 获取状态：False (basics.py:244)
[2022-07-01 11:25:19] [    INFO] 查找元素：('xpath', "//*[@id='pane-account']/form/div[4]/label/span/span") (basics.py:51)
[2022-07-01 11:25:19] [    INFO] 点击元素：('xpath', "//*[@id='pane-account']/form/div[4]/label/span/span") (basics.py:110)
[2022-07-01 11:25:19] [    INFO] 查找元素：('xpath', "//*[@id='pane-account']/form/button") (basics.py:51)
[2022-07-01 11:25:19] [    INFO] 点击元素：('xpath', "//*[@id='pane-account']/form/button") (basics.py:110)
[2022-07-01 11:25:19] [ WARNING] 断言失败：URL为预期不一致 | URL: http://10.248.39.163:10101/#/c-login?lang=zh&source=SCM_DRP&type=simple&redirect=http%3A%2F%2F10.250.112.166%3A9000%2F%23%2F (assert_ui.py:158)
[2022-07-01 11:25:19] [    INFO] 断言成功: 该内容存在数据列表中 | word:隆江 (assert_ui.py:241)
[2022-07-01 11:25:19] [    INFO] 前置条件：传音统一登录成功 (conftest.py:17)
[2022-07-01 11:25:19] [    INFO] 查找元素：('xpath', '//*[@id="app"]/div/div[1]/div[2]/div[1]/div/ul/div[11]/li/div/span') (basics.py:51)
[2022-07-01 11:25:22] [    INFO] 点击元素：('xpath', '//*[@id="app"]/div/div[1]/div[2]/div[1]/div/ul/div[11]/li/div/span') (basics.py:110)
[2022-07-01 11:25:22] [    INFO] 查找元素：('xpath', "//a[@href='#/systemManage/areaManage']//li[@role='menuitem']") (basics.py:51)
[2022-07-01 11:25:22] [    INFO] 点击元素：('xpath', "//a[@href='#/systemManage/areaManage']//li[@role='menuitem']") (basics.py:110)
[2022-07-01 11:25:27] [    INFO] 断言成功：URL为预期一致 | URL: http://10.250.112.166:9000/#/systemManage/areaManage (assert_ui.py:159)
[2022-07-01 11:25:29] [    INFO] 查找元素：['xpath', "//div[@class='main-top-audit']//div[contains(text(),'Infinix事业部')]"] (basics.py:51)
[2022-07-01 11:25:30] [    INFO] 选择点击：['xpath', "//div[@class='main-top-audit']//div[contains(text(),'Infinix事业部')]"] (basics.py:107)
[2022-07-01 11:25:34] [    INFO] 查找元素：['xpath', "//div[@tabindex='0']//span[normalize-space(text())='Infinix事业部']"] (basics.py:51)
[2022-07-01 11:25:34] [    INFO] 选择点击：['xpath', "//div[@tabindex='0']//span[normalize-space(text())='Infinix事业部']"] (basics.py:107)
[2022-07-01 11:25:38] [    INFO] 查找元素：['xpath', "//div[@tabindex='-1']//div[@class='el-tree-node__content']//span[normalize-space(text())='Xpark业务区']"] (basics.py:51)
[2022-07-01 11:25:38] [    INFO] 选择点击：['xpath', "//div[@tabindex='-1']//div[@class='el-tree-node__content']//span[normalize-space(text())='Xpark业务区']"] (basics.py:107)
[2022-07-01 11:25:42] [    INFO] 查找元素：['xpath', "//div[@tabindex='-1']//div[@tabindex='-1']//div[@class='el-tree-node__content']//span[normalize-space(text())='Xpark区']"] (basics.py:51)
[2022-07-01 11:25:42] [    INFO] 选择点击：['xpath', "//div[@tabindex='-1']//div[@tabindex='-1']//div[@class='el-tree-node__content']//span[normalize-space(text())='Xpark区']"] (basics.py:107)
[2022-07-01 11:25:44] [    INFO] 查找元素：('xpath', "//button[@type='button']//span[contains(text(),'新 增')]") (basics.py:51)
[2022-07-01 11:25:44] [    INFO] 点击元素：('xpath', "//button[@type='button']//span[contains(text(),'新 增')]") (basics.py:110)
[2022-07-01 11:25:46] [    INFO] 查找元素：('xpath', "//span[@class='color-rgb166 marginLeft-33']") (basics.py:51)
[2022-07-01 11:25:46] [    INFO] 获取文本：大区 (basics.py:238)
[2022-07-01 11:25:46] [    INFO] 查找元素：('xpath', "//input[@placeholder='请输入国家编码或国家名称']") (basics.py:51)
[2022-07-01 11:25:47] [    INFO] 输入文本：中国 (basics.py:81)
[2022-07-01 11:25:49] [    INFO] 查找元素：['xpath', "//div[4]//div[2]//table//tbody//tr[7]//td[4]//span[contains(text(),'添加')]"] (basics.py:47)
[2022-07-01 11:27:02] [    INFO] 前置条件：传音统一登录开始 (conftest.py:10)
[2022-07-01 11:27:05] [    INFO] 打开网页：http://10.250.112.166:9000/# (basics.py:30)
[2022-07-01 11:27:05] [    INFO] 查找元素：('xpath', "//div[@role='button']") (basics.py:51)
[2022-07-01 11:27:05] [    INFO] 点击元素：('xpath', "//div[@role='button']") (basics.py:110)
[2022-07-01 11:27:09] [    INFO] 查找元素：['xpath', "//*[contains(@id,'dropdown-menu-')]//li[1]"] (basics.py:51)
[2022-07-01 11:27:10] [    INFO] 查找元素：('xpath', "//div[@role='button']") (basics.py:51)
[2022-07-01 11:27:10] [    INFO] 点击元素：('xpath', "//div[@role='button']") (basics.py:110)
[2022-07-01 11:27:10] [    INFO] 查找元素：('id', 'tab-account') (basics.py:51)
[2022-07-01 11:27:10] [    INFO] 点击元素：('id', 'tab-account') (basics.py:110)
[2022-07-01 11:27:11] [    INFO] 查找元素：('xpath', "//*[@id='pane-account']/form/div[1]/div/div[1]/input") (basics.py:51)
[2022-07-01 11:27:11] [    INFO] 输入文本：18649572 (basics.py:72)
[2022-07-01 11:27:13] [    INFO] 查找元素：('xpath', "//*[@id='pane-account']/form/div[2]/div/div[1]/input") (basics.py:51)
[2022-07-01 11:27:13] [    INFO] 输入文本：xLily6x (basics.py:72)
[2022-07-01 11:27:14] [    INFO] 查找元素：('xpath', "//*[@id='pane-account']/form/div[4]/label/span/span") (basics.py:51)
[2022-07-01 11:27:14] [    INFO] 获取状态：False (basics.py:244)
[2022-07-01 11:27:14] [    INFO] 查找元素：('xpath', "//*[@id='pane-account']/form/div[4]/label/span/span") (basics.py:51)
[2022-07-01 11:27:14] [    INFO] 点击元素：('xpath', "//*[@id='pane-account']/form/div[4]/label/span/span") (basics.py:110)
[2022-07-01 11:27:14] [    INFO] 查找元素：('xpath', "//*[@id='pane-account']/form/button") (basics.py:51)
[2022-07-01 11:27:14] [    INFO] 点击元素：('xpath', "//*[@id='pane-account']/form/button") (basics.py:110)
[2022-07-01 11:27:14] [ WARNING] 断言失败：URL为预期不一致 | URL: http://10.248.39.163:10101/#/c-login?lang=zh&source=SCM_DRP&type=simple&redirect=http%3A%2F%2F10.250.112.166%3A9000%2F%23%2F (assert_ui.py:158)
[2022-07-01 11:27:14] [    INFO] 断言成功: 该内容存在数据列表中 | word:隆江 (assert_ui.py:241)
[2022-07-01 11:27:14] [    INFO] 前置条件：传音统一登录成功 (conftest.py:17)
[2022-07-01 11:27:14] [    INFO] 查找元素：('xpath', '//*[@id="app"]/div/div[1]/div[2]/div[1]/div/ul/div[11]/li/div/span') (basics.py:51)
[2022-07-01 11:27:17] [    INFO] 点击元素：('xpath', '//*[@id="app"]/div/div[1]/div[2]/div[1]/div/ul/div[11]/li/div/span') (basics.py:110)
[2022-07-01 11:27:17] [    INFO] 查找元素：('xpath', "//a[@href='#/systemManage/areaManage']//li[@role='menuitem']") (basics.py:51)
[2022-07-01 11:27:17] [    INFO] 点击元素：('xpath', "//a[@href='#/systemManage/areaManage']//li[@role='menuitem']") (basics.py:110)
[2022-07-01 11:27:22] [    INFO] 断言成功：URL为预期一致 | URL: http://10.250.112.166:9000/#/systemManage/areaManage (assert_ui.py:159)
[2022-07-01 11:27:24] [    INFO] 查找元素：['xpath', "//div[@class='main-top-audit']//div[contains(text(),'Infinix事业部')]"] (basics.py:51)
[2022-07-01 11:27:24] [    INFO] 选择点击：['xpath', "//div[@class='main-top-audit']//div[contains(text(),'Infinix事业部')]"] (basics.py:107)
[2022-07-01 11:27:28] [    INFO] 查找元素：['xpath', "//div[@tabindex='0']//span[normalize-space(text())='Infinix事业部']"] (basics.py:51)
[2022-07-01 11:27:28] [    INFO] 选择点击：['xpath', "//div[@tabindex='0']//span[normalize-space(text())='Infinix事业部']"] (basics.py:107)
[2022-07-01 11:27:32] [    INFO] 查找元素：['xpath', "//div[@tabindex='-1']//div[@class='el-tree-node__content']//span[normalize-space(text())='Xpark业务区']"] (basics.py:51)
[2022-07-01 11:27:33] [    INFO] 选择点击：['xpath', "//div[@tabindex='-1']//div[@class='el-tree-node__content']//span[normalize-space(text())='Xpark业务区']"] (basics.py:107)
[2022-07-01 11:27:35] [    INFO] 查找元素：('xpath', "//button[@type='button']//span[contains(text(),'新 增')]") (basics.py:51)
[2022-07-01 11:27:35] [    INFO] 点击元素：('xpath', "//button[@type='button']//span[contains(text(),'新 增')]") (basics.py:110)
[2022-07-01 11:27:36] [    INFO] 查找元素：('xpath', "//span[@class='color-rgb166 marginLeft-33']") (basics.py:51)
[2022-07-01 11:27:36] [    INFO] 获取文本：地区部 (basics.py:238)
[2022-07-01 11:27:36] [    INFO] 查找元素：('xpath', "//tbody//tr//td[2]//input[contains(@accept,'-nameZh')]") (basics.py:51)
[2022-07-01 11:27:36] [    INFO] 输入文本：lj测试001 (basics.py:81)
[2022-07-01 11:27:37] [    INFO] 查找元素：('xpath', "//tbody//tr//td[3]//input[contains(@accept,'-nameEn')]") (basics.py:51)
[2022-07-01 11:27:37] [    INFO] 输入文本：ljtest001 (basics.py:81)
[2022-07-01 11:27:37] [    INFO] 查找元素：('xpath', "//tbody//tr//td[6]//span[contains(text(),'保存')]") (basics.py:51)
[2022-07-01 11:27:37] [    INFO] 点击元素：('xpath', "//tbody//tr//td[6]//span[contains(text(),'保存')]") (basics.py:110)
[2022-07-01 11:27:38] [    INFO] 查找元素：('xpath', '//*[@id="app"]/div/div[1]/div[2]/div[1]/div/ul/div[11]/li/div/span') (basics.py:51)
[2022-07-01 11:27:38] [    INFO] 点击元素：('xpath', '//*[@id="app"]/div/div[1]/div[2]/div[1]/div/ul/div[11]/li/div/span') (basics.py:110)
[2022-07-01 11:27:38] [    INFO] 查找元素：('xpath', "//a[@href='#/systemManage/areaManage']//li[@role='menuitem']") (basics.py:51)
[2022-07-01 11:27:38] [    INFO] 点击元素：('xpath', "//a[@href='#/systemManage/areaManage']//li[@role='menuitem']") (basics.py:110)
[2022-07-01 11:27:43] [    INFO] 断言成功：URL为预期一致 | URL: http://10.250.112.166:9000/#/systemManage/areaManage (assert_ui.py:159)
[2022-07-01 11:27:45] [    INFO] 查找元素：['xpath', "//div[@class='main-top-audit']//div[contains(text(),'Infinix事业部')]"] (basics.py:51)
[2022-07-01 11:27:45] [    INFO] 选择点击：['xpath', "//div[@class='main-top-audit']//div[contains(text(),'Infinix事业部')]"] (basics.py:107)
[2022-07-01 11:27:49] [    INFO] 查找元素：['xpath', "//div[@tabindex='0']//span[normalize-space(text())='Infinix事业部']"] (basics.py:51)
[2022-07-01 11:27:49] [    INFO] 选择点击：['xpath', "//div[@tabindex='0']//span[normalize-space(text())='Infinix事业部']"] (basics.py:107)
[2022-07-01 11:27:53] [    INFO] 查找元素：['xpath', "//div[@tabindex='-1']//div[@class='el-tree-node__content']//span[normalize-space(text())='Xpark业务区']"] (basics.py:51)
[2022-07-01 11:27:54] [    INFO] 选择点击：['xpath', "//div[@tabindex='-1']//div[@class='el-tree-node__content']//span[normalize-space(text())='Xpark业务区']"] (basics.py:107)
[2022-07-01 11:27:56] [    INFO] 查找元素：['xpath', "//tbody//tr[1]//td[6]//span[contains(text(),'编辑')]"] (basics.py:47)
[2022-07-01 11:27:58] [    INFO] 查找元素：('xpath', "//span[@class='color-rgb166 marginLeft-33']") (basics.py:51)
[2022-07-01 11:27:58] [    INFO] 获取文本：地区部 (basics.py:238)
[2022-07-01 11:27:58] [    INFO] 查找元素：('xpath', "//tbody//tr//td[2]//input[contains(@accept,'-nameZh')]") (basics.py:51)
[2022-07-01 11:27:58] [    INFO] 输入文本：lj测试002 (basics.py:81)
[2022-07-01 11:27:59] [    INFO] 查找元素：('xpath', "//tbody//tr//td[3]//input[contains(@accept,'-nameEn')]") (basics.py:51)
[2022-07-01 11:27:59] [    INFO] 输入文本：ljtest002 (basics.py:81)
[2022-07-01 11:27:59] [    INFO] 查找元素：('xpath', "//tbody//tr//td[6]//span[contains(text(),'保存')]") (basics.py:51)
[2022-07-01 11:27:59] [    INFO] 点击元素：('xpath', "//tbody//tr//td[6]//span[contains(text(),'保存')]") (basics.py:110)
[2022-07-01 11:35:34] [    INFO] 前置条件：传音统一登录开始 (conftest.py:10)
[2022-07-01 11:35:37] [    INFO] 打开网页：http://10.250.112.166:9000/# (basics.py:30)
[2022-07-01 11:35:37] [    INFO] 查找元素：('xpath', "//div[@role='button']") (basics.py:51)
[2022-07-01 11:35:37] [    INFO] 点击元素：('xpath', "//div[@role='button']") (basics.py:110)
[2022-07-01 11:35:41] [    INFO] 查找元素：['xpath', "//*[contains(@id,'dropdown-menu-')]//li[1]"] (basics.py:51)
[2022-07-01 11:35:42] [    INFO] 查找元素：('xpath', "//div[@role='button']") (basics.py:51)
[2022-07-01 11:35:42] [    INFO] 点击元素：('xpath', "//div[@role='button']") (basics.py:110)
[2022-07-01 11:35:42] [    INFO] 查找元素：('id', 'tab-account') (basics.py:51)
[2022-07-01 11:35:42] [    INFO] 点击元素：('id', 'tab-account') (basics.py:110)
[2022-07-01 11:35:43] [    INFO] 查找元素：('xpath', "//*[@id='pane-account']/form/div[1]/div/div[1]/input") (basics.py:51)
[2022-07-01 11:35:43] [    INFO] 输入文本：18649572 (basics.py:72)
[2022-07-01 11:35:44] [    INFO] 查找元素：('xpath', "//*[@id='pane-account']/form/div[2]/div/div[1]/input") (basics.py:51)
[2022-07-01 11:35:45] [    INFO] 输入文本：xLily6x (basics.py:72)
[2022-07-01 11:35:46] [    INFO] 查找元素：('xpath', "//*[@id='pane-account']/form/div[4]/label/span/span") (basics.py:51)
[2022-07-01 11:35:46] [    INFO] 获取状态：False (basics.py:244)
[2022-07-01 11:35:46] [    INFO] 查找元素：('xpath', "//*[@id='pane-account']/form/div[4]/label/span/span") (basics.py:51)
[2022-07-01 11:35:46] [    INFO] 点击元素：('xpath', "//*[@id='pane-account']/form/div[4]/label/span/span") (basics.py:110)
[2022-07-01 11:35:46] [    INFO] 查找元素：('xpath', "//*[@id='pane-account']/form/button") (basics.py:51)
[2022-07-01 11:35:46] [    INFO] 点击元素：('xpath', "//*[@id='pane-account']/form/button") (basics.py:110)
[2022-07-01 11:35:46] [ WARNING] 断言失败：URL为预期不一致 | URL: http://10.248.39.163:10101/#/c-login?lang=zh&source=SCM_DRP&type=simple&redirect=http%3A%2F%2F10.250.112.166%3A9000%2F%23%2F (assert_ui.py:158)
[2022-07-01 11:35:46] [    INFO] 断言成功: 该内容存在数据列表中 | word:隆江 (assert_ui.py:241)
[2022-07-01 11:35:46] [    INFO] 前置条件：传音统一登录成功 (conftest.py:17)
[2022-07-01 11:35:46] [    INFO] 查找元素：('xpath', '//*[@id="app"]/div/div[1]/div[2]/div[1]/div/ul/div[11]/li/div/span') (basics.py:51)
[2022-07-01 11:35:49] [    INFO] 点击元素：('xpath', '//*[@id="app"]/div/div[1]/div[2]/div[1]/div/ul/div[11]/li/div/span') (basics.py:110)
[2022-07-01 11:35:49] [    INFO] 查找元素：('xpath', "//a[@href='#/systemManage/areaManage']//li[@role='menuitem']") (basics.py:51)
[2022-07-01 11:35:49] [    INFO] 点击元素：('xpath', "//a[@href='#/systemManage/areaManage']//li[@role='menuitem']") (basics.py:110)
[2022-07-01 11:35:54] [    INFO] 断言成功：URL为预期一致 | URL: http://10.250.112.166:9000/#/systemManage/areaManage (assert_ui.py:159)
[2022-07-01 11:35:56] [    INFO] 查找元素：['xpath', "//div[@class='main-top-audit']//div[contains(text(),'Infinix事业部')]"] (basics.py:51)
[2022-07-01 11:35:56] [    INFO] 选择点击：['xpath', "//div[@class='main-top-audit']//div[contains(text(),'Infinix事业部')]"] (basics.py:107)
[2022-07-01 11:36:00] [    INFO] 查找元素：['xpath', "//div[@tabindex='0']//span[normalize-space(text())='Infinix事业部']"] (basics.py:51)
[2022-07-01 11:36:00] [    INFO] 选择点击：['xpath', "//div[@tabindex='0']//span[normalize-space(text())='Infinix事业部']"] (basics.py:107)
[2022-07-01 11:36:04] [    INFO] 查找元素：['xpath', "//div[@tabindex='-1']//div[@class='el-tree-node__content']//span[normalize-space(text())='Xpark业务区']"] (basics.py:51)
[2022-07-01 11:36:04] [    INFO] 选择点击：['xpath', "//div[@tabindex='-1']//div[@class='el-tree-node__content']//span[normalize-space(text())='Xpark业务区']"] (basics.py:107)
[2022-07-01 11:36:08] [    INFO] 查找元素：['xpath', "//div[@tabindex='-1']//div[@tabindex='-1']//div[@class='el-tree-node__content']//span[normalize-space(text())='Xpark区']"] (basics.py:51)
[2022-07-01 11:36:08] [    INFO] 选择点击：['xpath', "//div[@tabindex='-1']//div[@tabindex='-1']//div[@class='el-tree-node__content']//span[normalize-space(text())='Xpark区']"] (basics.py:107)
[2022-07-01 11:36:10] [    INFO] 查找元素：('xpath', "//button[@type='button']//span[contains(text(),'新 增')]") (basics.py:51)
[2022-07-01 11:36:10] [    INFO] 点击元素：('xpath', "//button[@type='button']//span[contains(text(),'新 增')]") (basics.py:110)
[2022-07-01 11:36:11] [    INFO] 查找元素：('xpath', "//span[@class='color-rgb166 marginLeft-33']") (basics.py:51)
[2022-07-01 11:36:11] [    INFO] 获取文本：大区 (basics.py:238)
[2022-07-01 11:36:12] [    INFO] 查找元素：('xpath', "//input[@placeholder='请输入国家编码或国家名称']") (basics.py:51)
[2022-07-01 11:36:12] [    INFO] 输入文本：中国 (basics.py:81)
[2022-07-01 11:36:14] [    INFO] 查找元素：['xpath', "//div[4]//div[2]//table//tbody//tr[7]//td[4]//span[contains(text(),'添加')]"] (basics.py:47)
[2022-07-01 11:38:26] [    INFO] 前置条件：传音统一登录开始 (conftest.py:10)
[2022-07-01 11:38:29] [    INFO] 打开网页：http://10.250.112.166:9000/# (basics.py:30)
[2022-07-01 11:38:29] [    INFO] 查找元素：('xpath', "//div[@role='button']") (basics.py:51)
[2022-07-01 11:38:29] [    INFO] 点击元素：('xpath', "//div[@role='button']") (basics.py:110)
[2022-07-01 11:38:33] [    INFO] 查找元素：['xpath', "//*[contains(@id,'dropdown-menu-')]//li[1]"] (basics.py:51)
[2022-07-01 11:38:34] [    INFO] 查找元素：('xpath', "//div[@role='button']") (basics.py:51)
[2022-07-01 11:38:34] [    INFO] 点击元素：('xpath', "//div[@role='button']") (basics.py:110)
[2022-07-01 11:38:34] [    INFO] 查找元素：('id', 'tab-account') (basics.py:51)
[2022-07-01 11:38:35] [    INFO] 点击元素：('id', 'tab-account') (basics.py:110)
[2022-07-01 11:38:35] [    INFO] 查找元素：('xpath', "//*[@id='pane-account']/form/div[1]/div/div[1]/input") (basics.py:51)
[2022-07-01 11:38:35] [    INFO] 输入文本：18649572 (basics.py:72)
[2022-07-01 11:38:37] [    INFO] 查找元素：('xpath', "//*[@id='pane-account']/form/div[2]/div/div[1]/input") (basics.py:51)
[2022-07-01 11:38:37] [    INFO] 输入文本：xLily6x (basics.py:72)
[2022-07-01 11:38:38] [    INFO] 查找元素：('xpath', "//*[@id='pane-account']/form/div[4]/label/span/span") (basics.py:51)
[2022-07-01 11:38:38] [    INFO] 获取状态：False (basics.py:244)
[2022-07-01 11:38:38] [    INFO] 查找元素：('xpath', "//*[@id='pane-account']/form/div[4]/label/span/span") (basics.py:51)
[2022-07-01 11:38:38] [    INFO] 点击元素：('xpath', "//*[@id='pane-account']/form/div[4]/label/span/span") (basics.py:110)
[2022-07-01 11:38:38] [    INFO] 查找元素：('xpath', "//*[@id='pane-account']/form/button") (basics.py:51)
[2022-07-01 11:38:38] [    INFO] 点击元素：('xpath', "//*[@id='pane-account']/form/button") (basics.py:110)
[2022-07-01 11:38:38] [ WARNING] 断言失败：URL为预期不一致 | URL: http://10.248.39.163:10101/#/c-login?lang=zh&source=SCM_DRP&type=simple&redirect=http%3A%2F%2F10.250.112.166%3A9000%2F%23%2F (assert_ui.py:158)
[2022-07-01 11:38:38] [    INFO] 断言成功: 该内容存在数据列表中 | word:隆江 (assert_ui.py:241)
[2022-07-01 11:38:38] [    INFO] 前置条件：传音统一登录成功 (conftest.py:17)
[2022-07-01 11:38:38] [    INFO] 查找元素：('xpath', '//*[@id="app"]/div/div[1]/div[2]/div[1]/div/ul/div[11]/li/div/span') (basics.py:51)
[2022-07-01 11:38:41] [    INFO] 点击元素：('xpath', '//*[@id="app"]/div/div[1]/div[2]/div[1]/div/ul/div[11]/li/div/span') (basics.py:110)
[2022-07-01 11:38:41] [    INFO] 查找元素：('xpath', "//a[@href='#/systemManage/areaManage']//li[@role='menuitem']") (basics.py:51)
[2022-07-01 11:38:41] [    INFO] 点击元素：('xpath', "//a[@href='#/systemManage/areaManage']//li[@role='menuitem']") (basics.py:110)
[2022-07-01 11:38:46] [    INFO] 断言成功：URL为预期一致 | URL: http://10.250.112.166:9000/#/systemManage/areaManage (assert_ui.py:159)
[2022-07-01 11:38:48] [    INFO] 查找元素：['xpath', "//div[@class='main-top-audit']//div[contains(text(),'Infinix事业部')]"] (basics.py:51)
[2022-07-01 11:38:48] [    INFO] 选择点击：['xpath', "//div[@class='main-top-audit']//div[contains(text(),'Infinix事业部')]"] (basics.py:107)
[2022-07-01 11:38:52] [    INFO] 查找元素：['xpath', "//div[@tabindex='0']//span[normalize-space(text())='Infinix事业部']"] (basics.py:51)
[2022-07-01 11:38:52] [    INFO] 选择点击：['xpath', "//div[@tabindex='0']//span[normalize-space(text())='Infinix事业部']"] (basics.py:107)
[2022-07-01 11:38:56] [    INFO] 查找元素：['xpath', "//div[@tabindex='-1']//div[@class='el-tree-node__content']//span[normalize-space(text())='Xpark业务区']"] (basics.py:51)
[2022-07-01 11:38:57] [    INFO] 选择点击：['xpath', "//div[@tabindex='-1']//div[@class='el-tree-node__content']//span[normalize-space(text())='Xpark业务区']"] (basics.py:107)
[2022-07-01 11:39:01] [    INFO] 查找元素：['xpath', "//div[@tabindex='-1']//div[@tabindex='-1']//div[@class='el-tree-node__content']//span[normalize-space(text())='Xpark区']"] (basics.py:51)
[2022-07-01 11:39:01] [    INFO] 选择点击：['xpath', "//div[@tabindex='-1']//div[@tabindex='-1']//div[@class='el-tree-node__content']//span[normalize-space(text())='Xpark区']"] (basics.py:107)
[2022-07-01 11:39:03] [    INFO] 查找元素：('xpath', "//button[@type='button']//span[contains(text(),'新 增')]") (basics.py:51)
[2022-07-01 11:39:03] [    INFO] 点击元素：('xpath', "//button[@type='button']//span[contains(text(),'新 增')]") (basics.py:110)
[2022-07-01 11:39:04] [    INFO] 查找元素：('xpath', "//span[@class='color-rgb166 marginLeft-33']") (basics.py:51)
[2022-07-01 11:39:04] [    INFO] 获取文本：大区 (basics.py:238)
[2022-07-01 11:39:04] [    INFO] 查找元素：('xpath', "//input[@placeholder='请输入国家编码或国家名称']") (basics.py:51)
[2022-07-01 11:39:04] [    INFO] 输入文本：中国 (basics.py:81)
[2022-07-01 11:39:10] [    INFO] 查找元素：['xpath', "//div[4]//div[2]//table//tbody//tr[7]//td[4]//span[contains(text(),'添加')]"] (basics.py:47)
[2022-07-01 11:43:06] [    INFO] 前置条件：传音统一登录开始 (conftest.py:10)
[2022-07-01 11:43:09] [    INFO] 打开网页：http://10.250.112.166:9000/# (basics.py:30)
[2022-07-01 11:43:09] [    INFO] 查找元素：('xpath', "//div[@role='button']") (basics.py:51)
[2022-07-01 11:43:09] [    INFO] 点击元素：('xpath', "//div[@role='button']") (basics.py:110)
[2022-07-01 11:43:13] [    INFO] 查找元素：['xpath', "//*[contains(@id,'dropdown-menu-')]//li[1]"] (basics.py:51)
[2022-07-01 11:43:14] [    INFO] 查找元素：('xpath', "//div[@role='button']") (basics.py:51)
[2022-07-01 11:43:14] [    INFO] 点击元素：('xpath', "//div[@role='button']") (basics.py:110)
[2022-07-01 11:43:14] [    INFO] 查找元素：('id', 'tab-account') (basics.py:51)
[2022-07-01 11:43:14] [    INFO] 点击元素：('id', 'tab-account') (basics.py:110)
[2022-07-01 11:43:14] [    INFO] 查找元素：('xpath', "//*[@id='pane-account']/form/div[1]/div/div[1]/input") (basics.py:51)
[2022-07-01 11:43:15] [    INFO] 输入文本：18649572 (basics.py:72)
[2022-07-01 11:43:16] [    INFO] 查找元素：('xpath', "//*[@id='pane-account']/form/div[2]/div/div[1]/input") (basics.py:51)
[2022-07-01 11:43:16] [    INFO] 输入文本：xLily6x (basics.py:72)
[2022-07-01 11:43:17] [    INFO] 查找元素：('xpath', "//*[@id='pane-account']/form/div[4]/label/span/span") (basics.py:51)
[2022-07-01 11:43:17] [    INFO] 获取状态：False (basics.py:244)
[2022-07-01 11:43:17] [    INFO] 查找元素：('xpath', "//*[@id='pane-account']/form/div[4]/label/span/span") (basics.py:51)
[2022-07-01 11:43:17] [    INFO] 点击元素：('xpath', "//*[@id='pane-account']/form/div[4]/label/span/span") (basics.py:110)
[2022-07-01 11:43:17] [    INFO] 查找元素：('xpath', "//*[@id='pane-account']/form/button") (basics.py:51)
[2022-07-01 11:43:17] [    INFO] 点击元素：('xpath', "//*[@id='pane-account']/form/button") (basics.py:110)
[2022-07-01 11:43:17] [ WARNING] 断言失败：URL为预期不一致 | URL: http://10.248.39.163:10101/#/c-login?lang=zh&source=SCM_DRP&type=simple&redirect=http%3A%2F%2F10.250.112.166%3A9000%2F%23%2F (assert_ui.py:158)
[2022-07-01 11:43:17] [    INFO] 断言成功: 该内容存在数据列表中 | word:隆江 (assert_ui.py:241)
[2022-07-01 11:43:17] [    INFO] 前置条件：传音统一登录成功 (conftest.py:17)
[2022-07-01 11:43:17] [    INFO] 查找元素：('xpath', '//*[@id="app"]/div/div[1]/div[2]/div[1]/div/ul/div[11]/li/div/span') (basics.py:51)
[2022-07-01 11:43:20] [    INFO] 点击元素：('xpath', '//*[@id="app"]/div/div[1]/div[2]/div[1]/div/ul/div[11]/li/div/span') (basics.py:110)
[2022-07-01 11:43:20] [    INFO] 查找元素：('xpath', "//a[@href='#/systemManage/areaManage']//li[@role='menuitem']") (basics.py:51)
[2022-07-01 11:43:21] [    INFO] 点击元素：('xpath', "//a[@href='#/systemManage/areaManage']//li[@role='menuitem']") (basics.py:110)
[2022-07-01 11:43:26] [    INFO] 断言成功：URL为预期一致 | URL: http://10.250.112.166:9000/#/systemManage/areaManage (assert_ui.py:159)
[2022-07-01 11:43:28] [    INFO] 查找元素：['xpath', "//div[@class='main-top-audit']//div[contains(text(),'Infinix事业部')]"] (basics.py:51)
[2022-07-01 11:43:28] [    INFO] 选择点击：['xpath', "//div[@class='main-top-audit']//div[contains(text(),'Infinix事业部')]"] (basics.py:107)
[2022-07-01 11:43:32] [    INFO] 查找元素：['xpath', "//div[@tabindex='0']//span[normalize-space(text())='Infinix事业部']"] (basics.py:51)
[2022-07-01 11:43:32] [    INFO] 选择点击：['xpath', "//div[@tabindex='0']//span[normalize-space(text())='Infinix事业部']"] (basics.py:107)
[2022-07-01 11:43:36] [    INFO] 查找元素：['xpath', "//div[@tabindex='-1']//div[@class='el-tree-node__content']//span[normalize-space(text())='Xpark业务区']"] (basics.py:51)
[2022-07-01 11:43:36] [    INFO] 选择点击：['xpath', "//div[@tabindex='-1']//div[@class='el-tree-node__content']//span[normalize-space(text())='Xpark业务区']"] (basics.py:107)
[2022-07-01 11:43:40] [    INFO] 查找元素：['xpath', "//div[@tabindex='-1']//div[@tabindex='-1']//div[@class='el-tree-node__content']//span[normalize-space(text())='Xpark区']"] (basics.py:51)
[2022-07-01 11:43:40] [    INFO] 选择点击：['xpath', "//div[@tabindex='-1']//div[@tabindex='-1']//div[@class='el-tree-node__content']//span[normalize-space(text())='Xpark区']"] (basics.py:107)
[2022-07-01 11:43:42] [    INFO] 查找元素：('xpath', "//button[@type='button']//span[contains(text(),'新 增')]") (basics.py:51)
[2022-07-01 11:43:42] [    INFO] 点击元素：('xpath', "//button[@type='button']//span[contains(text(),'新 增')]") (basics.py:110)
[2022-07-01 11:43:43] [    INFO] 查找元素：('xpath', "//span[@class='color-rgb166 marginLeft-33']") (basics.py:51)
[2022-07-01 11:43:43] [    INFO] 获取文本：大区 (basics.py:238)
[2022-07-01 11:43:44] [    INFO] 查找元素：('xpath', "//input[@placeholder='请输入国家编码或国家名称']") (basics.py:51)
[2022-07-01 11:43:44] [    INFO] 输入文本：中国 (basics.py:81)
[2022-07-01 11:43:49] [    INFO] 查找元素：['xpath', "//div[4]//div[2]//table//tbody//tr[7]//td[4]//span[contains(text(),'添加')]"] (basics.py:47)
[2022-07-01 11:45:17] [    INFO] 前置条件：传音统一登录开始 (conftest.py:10)
[2022-07-01 11:45:20] [    INFO] 打开网页：http://10.250.112.166:9000/# (basics.py:30)
[2022-07-01 11:45:20] [    INFO] 查找元素：('xpath', "//div[@role='button']") (basics.py:51)
[2022-07-01 11:45:20] [    INFO] 点击元素：('xpath', "//div[@role='button']") (basics.py:110)
[2022-07-01 11:45:24] [    INFO] 查找元素：['xpath', "//*[contains(@id,'dropdown-menu-')]//li[1]"] (basics.py:51)
[2022-07-01 11:45:26] [    INFO] 查找元素：('xpath', "//div[@role='button']") (basics.py:51)
[2022-07-01 11:45:26] [    INFO] 点击元素：('xpath', "//div[@role='button']") (basics.py:110)
[2022-07-01 11:45:26] [    INFO] 查找元素：('id', 'tab-account') (basics.py:51)
[2022-07-01 11:45:26] [    INFO] 点击元素：('id', 'tab-account') (basics.py:110)
[2022-07-01 11:45:26] [    INFO] 查找元素：('xpath', "//*[@id='pane-account']/form/div[1]/div/div[1]/input") (basics.py:51)
[2022-07-01 11:45:26] [    INFO] 输入文本：18649572 (basics.py:72)
[2022-07-01 11:45:28] [    INFO] 查找元素：('xpath', "//*[@id='pane-account']/form/div[2]/div/div[1]/input") (basics.py:51)
[2022-07-01 11:45:28] [    INFO] 输入文本：xLily6x (basics.py:72)
[2022-07-01 11:45:29] [    INFO] 查找元素：('xpath', "//*[@id='pane-account']/form/div[4]/label/span/span") (basics.py:51)
[2022-07-01 11:45:29] [    INFO] 获取状态：False (basics.py:244)
[2022-07-01 11:45:29] [    INFO] 查找元素：('xpath', "//*[@id='pane-account']/form/div[4]/label/span/span") (basics.py:51)
[2022-07-01 11:45:29] [    INFO] 点击元素：('xpath', "//*[@id='pane-account']/form/div[4]/label/span/span") (basics.py:110)
[2022-07-01 11:45:29] [    INFO] 查找元素：('xpath', "//*[@id='pane-account']/form/button") (basics.py:51)
[2022-07-01 11:45:29] [    INFO] 点击元素：('xpath', "//*[@id='pane-account']/form/button") (basics.py:110)
[2022-07-01 11:45:29] [ WARNING] 断言失败：URL为预期不一致 | URL: http://10.248.39.163:10101/#/c-login?lang=zh&source=SCM_DRP&type=simple&redirect=http%3A%2F%2F10.250.112.166%3A9000%2F%23%2F (assert_ui.py:158)
[2022-07-01 11:45:29] [    INFO] 断言成功: 该内容存在数据列表中 | word:隆江 (assert_ui.py:241)
[2022-07-01 11:45:29] [    INFO] 前置条件：传音统一登录成功 (conftest.py:17)
[2022-07-01 11:45:29] [    INFO] 查找元素：('xpath', '//*[@id="app"]/div/div[1]/div[2]/div[1]/div/ul/div[11]/li/div/span') (basics.py:51)
[2022-07-01 11:45:32] [    INFO] 点击元素：('xpath', '//*[@id="app"]/div/div[1]/div[2]/div[1]/div/ul/div[11]/li/div/span') (basics.py:110)
[2022-07-01 11:45:32] [    INFO] 查找元素：('xpath', "//a[@href='#/systemManage/areaManage']//li[@role='menuitem']") (basics.py:51)
[2022-07-01 11:45:32] [    INFO] 点击元素：('xpath', "//a[@href='#/systemManage/areaManage']//li[@role='menuitem']") (basics.py:110)
[2022-07-01 11:45:37] [    INFO] 断言成功：URL为预期一致 | URL: http://10.250.112.166:9000/#/systemManage/areaManage (assert_ui.py:159)
[2022-07-01 11:45:39] [    INFO] 查找元素：['xpath', "//div[@class='main-top-audit']//div[contains(text(),'Infinix事业部')]"] (basics.py:51)
[2022-07-01 11:45:39] [    INFO] 选择点击：['xpath', "//div[@class='main-top-audit']//div[contains(text(),'Infinix事业部')]"] (basics.py:107)
[2022-07-01 11:45:43] [    INFO] 查找元素：['xpath', "//div[@tabindex='0']//span[normalize-space(text())='Infinix事业部']"] (basics.py:51)
[2022-07-01 11:45:43] [    INFO] 选择点击：['xpath', "//div[@tabindex='0']//span[normalize-space(text())='Infinix事业部']"] (basics.py:107)
[2022-07-01 11:45:47] [    INFO] 查找元素：['xpath', "//div[@tabindex='-1']//div[@class='el-tree-node__content']//span[normalize-space(text())='Xpark业务区']"] (basics.py:51)
[2022-07-01 11:45:48] [    INFO] 选择点击：['xpath', "//div[@tabindex='-1']//div[@class='el-tree-node__content']//span[normalize-space(text())='Xpark业务区']"] (basics.py:107)
[2022-07-01 11:45:52] [    INFO] 查找元素：['xpath', "//div[@tabindex='-1']//div[@tabindex='-1']//div[@class='el-tree-node__content']//span[normalize-space(text())='Xpark区']"] (basics.py:51)
[2022-07-01 11:45:52] [    INFO] 选择点击：['xpath', "//div[@tabindex='-1']//div[@tabindex='-1']//div[@class='el-tree-node__content']//span[normalize-space(text())='Xpark区']"] (basics.py:107)
[2022-07-01 11:45:54] [    INFO] 查找元素：('xpath', "//button[@type='button']//span[contains(text(),'新 增')]") (basics.py:51)
[2022-07-01 11:45:54] [    INFO] 点击元素：('xpath', "//button[@type='button']//span[contains(text(),'新 增')]") (basics.py:110)
[2022-07-01 11:45:55] [    INFO] 查找元素：('xpath', "//span[@class='color-rgb166 marginLeft-33']") (basics.py:51)
[2022-07-01 11:45:55] [    INFO] 获取文本：大区 (basics.py:238)
[2022-07-01 11:45:55] [    INFO] 查找元素：('xpath', "//input[@placeholder='请输入国家编码或国家名称']") (basics.py:51)
[2022-07-01 11:45:55] [    INFO] 输入文本：中国 (basics.py:81)
[2022-07-01 11:46:00] [    INFO] 查找元素：['xpath', "//div[4]//div[2]//table//tbody//tr[7]//td[4]//span[contains(text(),'添加')]"] (basics.py:47)
[2022-07-01 11:50:19] [    INFO] 前置条件：传音统一登录开始 (conftest.py:10)
[2022-07-01 11:50:22] [    INFO] 打开网页：http://10.250.112.166:9000/# (basics.py:30)
[2022-07-01 11:50:22] [    INFO] 查找元素：('xpath', "//div[@role='button']") (basics.py:51)
[2022-07-01 11:50:22] [    INFO] 点击元素：('xpath', "//div[@role='button']") (basics.py:110)
[2022-07-01 11:50:26] [    INFO] 查找元素：['xpath', "//*[contains(@id,'dropdown-menu-')]//li[1]"] (basics.py:51)
[2022-07-01 11:50:27] [    INFO] 查找元素：('xpath', "//div[@role='button']") (basics.py:51)
[2022-07-01 11:50:27] [    INFO] 点击元素：('xpath', "//div[@role='button']") (basics.py:110)
[2022-07-01 11:50:27] [    INFO] 查找元素：('id', 'tab-account') (basics.py:51)
[2022-07-01 11:50:27] [    INFO] 点击元素：('id', 'tab-account') (basics.py:110)
[2022-07-01 11:50:28] [    INFO] 查找元素：('xpath', "//*[@id='pane-account']/form/div[1]/div/div[1]/input") (basics.py:51)
[2022-07-01 11:50:28] [    INFO] 输入文本：18649572 (basics.py:72)
[2022-07-01 11:50:29] [    INFO] 查找元素：('xpath', "//*[@id='pane-account']/form/div[2]/div/div[1]/input") (basics.py:51)
[2022-07-01 11:50:30] [    INFO] 输入文本：xLily6x (basics.py:72)
[2022-07-01 11:50:31] [    INFO] 查找元素：('xpath', "//*[@id='pane-account']/form/div[4]/label/span/span") (basics.py:51)
[2022-07-01 11:50:31] [    INFO] 获取状态：False (basics.py:244)
[2022-07-01 11:50:31] [    INFO] 查找元素：('xpath', "//*[@id='pane-account']/form/div[4]/label/span/span") (basics.py:51)
[2022-07-01 11:50:31] [    INFO] 点击元素：('xpath', "//*[@id='pane-account']/form/div[4]/label/span/span") (basics.py:110)
[2022-07-01 11:50:31] [    INFO] 查找元素：('xpath', "//*[@id='pane-account']/form/button") (basics.py:51)
[2022-07-01 11:50:31] [    INFO] 点击元素：('xpath', "//*[@id='pane-account']/form/button") (basics.py:110)
[2022-07-01 11:50:31] [ WARNING] 断言失败：URL为预期不一致 | URL: http://10.248.39.163:10101/#/c-login?lang=zh&source=SCM_DRP&type=simple&redirect=http%3A%2F%2F10.250.112.166%3A9000%2F%23%2F (assert_ui.py:158)
[2022-07-01 11:50:31] [    INFO] 断言成功: 该内容存在数据列表中 | word:隆江 (assert_ui.py:241)
[2022-07-01 11:50:31] [    INFO] 前置条件：传音统一登录成功 (conftest.py:17)
[2022-07-01 11:50:31] [    INFO] 查找元素：('xpath', '//*[@id="app"]/div/div[1]/div[2]/div[1]/div/ul/div[11]/li/div/span') (basics.py:51)
[2022-07-01 11:50:34] [    INFO] 点击元素：('xpath', '//*[@id="app"]/div/div[1]/div[2]/div[1]/div/ul/div[11]/li/div/span') (basics.py:110)
[2022-07-01 11:50:34] [    INFO] 查找元素：('xpath', "//a[@href='#/systemManage/areaManage']//li[@role='menuitem']") (basics.py:51)
[2022-07-01 11:50:35] [    INFO] 点击元素：('xpath', "//a[@href='#/systemManage/areaManage']//li[@role='menuitem']") (basics.py:110)
[2022-07-01 11:50:40] [    INFO] 断言成功：URL为预期一致 | URL: http://10.250.112.166:9000/#/systemManage/areaManage (assert_ui.py:159)
[2022-07-01 11:50:42] [    INFO] 查找元素：['xpath', "//div[@class='main-top-audit']//div[contains(text(),'Infinix事业部')]"] (basics.py:51)
[2022-07-01 11:50:42] [    INFO] 选择点击：['xpath', "//div[@class='main-top-audit']//div[contains(text(),'Infinix事业部')]"] (basics.py:107)
[2022-07-01 11:50:46] [    INFO] 查找元素：['xpath', "//div[@tabindex='0']//span[normalize-space(text())='Infinix事业部']"] (basics.py:51)
[2022-07-01 11:50:46] [    INFO] 选择点击：['xpath', "//div[@tabindex='0']//span[normalize-space(text())='Infinix事业部']"] (basics.py:107)
[2022-07-01 11:50:50] [    INFO] 查找元素：['xpath', "//div[@tabindex='-1']//div[@class='el-tree-node__content']//span[normalize-space(text())='Xpark业务区']"] (basics.py:51)
[2022-07-01 11:50:50] [    INFO] 选择点击：['xpath', "//div[@tabindex='-1']//div[@class='el-tree-node__content']//span[normalize-space(text())='Xpark业务区']"] (basics.py:107)
[2022-07-01 11:50:54] [    INFO] 查找元素：['xpath', "//div[@tabindex='-1']//div[@tabindex='-1']//div[@class='el-tree-node__content']//span[normalize-space(text())='Xpark区']"] (basics.py:51)
[2022-07-01 11:50:54] [    INFO] 选择点击：['xpath', "//div[@tabindex='-1']//div[@tabindex='-1']//div[@class='el-tree-node__content']//span[normalize-space(text())='Xpark区']"] (basics.py:107)
[2022-07-01 11:50:56] [    INFO] 查找元素：('xpath', "//button[@type='button']//span[contains(text(),'新 增')]") (basics.py:51)
[2022-07-01 11:50:56] [    INFO] 点击元素：('xpath', "//button[@type='button']//span[contains(text(),'新 增')]") (basics.py:110)
[2022-07-01 11:50:57] [    INFO] 查找元素：('xpath', "//span[@class='color-rgb166 marginLeft-33']") (basics.py:51)
[2022-07-01 11:50:57] [    INFO] 获取文本：大区 (basics.py:238)
[2022-07-01 11:50:58] [    INFO] 查找元素：('xpath', "//input[@placeholder='请输入国家编码或国家名称']") (basics.py:51)
[2022-07-01 11:50:58] [    INFO] 输入文本：中国 (basics.py:81)
[2022-07-01 11:51:03] [    INFO] 查找元素：['xpath', "//div[4]//div[2]//table//tbody//tr[1]//td[4]//span[contains(text(),'添加')]"] (basics.py:47)
[2022-07-01 11:57:51] [    INFO] 前置条件：传音统一登录开始 (conftest.py:10)
[2022-07-01 11:57:54] [    INFO] 打开网页：http://10.250.112.166:9000/# (basics.py:30)
[2022-07-01 11:57:54] [    INFO] 查找元素：('xpath', "//div[@role='button']") (basics.py:51)
[2022-07-01 11:57:54] [    INFO] 点击元素：('xpath', "//div[@role='button']") (basics.py:110)
[2022-07-01 11:57:58] [    INFO] 查找元素：['xpath', "//*[contains(@id,'dropdown-menu-')]//li[1]"] (basics.py:51)
[2022-07-01 11:57:59] [    INFO] 查找元素：('xpath', "//div[@role='button']") (basics.py:51)
[2022-07-01 11:57:59] [    INFO] 点击元素：('xpath', "//div[@role='button']") (basics.py:110)
[2022-07-01 11:57:59] [    INFO] 查找元素：('id', 'tab-account') (basics.py:51)
[2022-07-01 11:57:59] [    INFO] 点击元素：('id', 'tab-account') (basics.py:110)
[2022-07-01 11:58:00] [    INFO] 查找元素：('xpath', "//*[@id='pane-account']/form/div[1]/div/div[1]/input") (basics.py:51)
[2022-07-01 11:58:00] [    INFO] 输入文本：18649572 (basics.py:72)
[2022-07-01 11:58:01] [    INFO] 查找元素：('xpath', "//*[@id='pane-account']/form/div[2]/div/div[1]/input") (basics.py:51)
[2022-07-01 11:58:01] [    INFO] 输入文本：xLily6x (basics.py:72)
[2022-07-01 11:58:02] [    INFO] 查找元素：('xpath', "//*[@id='pane-account']/form/div[4]/label/span/span") (basics.py:51)
[2022-07-01 11:58:02] [    INFO] 获取状态：False (basics.py:244)
[2022-07-01 11:58:02] [    INFO] 查找元素：('xpath', "//*[@id='pane-account']/form/div[4]/label/span/span") (basics.py:51)
[2022-07-01 11:58:02] [    INFO] 点击元素：('xpath', "//*[@id='pane-account']/form/div[4]/label/span/span") (basics.py:110)
[2022-07-01 11:58:02] [    INFO] 查找元素：('xpath', "//*[@id='pane-account']/form/button") (basics.py:51)
[2022-07-01 11:58:02] [    INFO] 点击元素：('xpath', "//*[@id='pane-account']/form/button") (basics.py:110)
[2022-07-01 11:58:02] [ WARNING] 断言失败：URL为预期不一致 | URL: http://10.248.39.163:10101/#/c-login?lang=zh&source=SCM_DRP&type=simple&redirect=http%3A%2F%2F10.250.112.166%3A9000%2F%23%2F (assert_ui.py:158)
[2022-07-01 11:58:03] [    INFO] 断言成功: 该内容存在数据列表中 | word:隆江 (assert_ui.py:241)
[2022-07-01 11:58:03] [    INFO] 前置条件：传音统一登录成功 (conftest.py:17)
[2022-07-01 11:58:03] [    INFO] 查找元素：('xpath', '//*[@id="app"]/div/div[1]/div[2]/div[1]/div/ul/div[11]/li/div/span') (basics.py:51)
[2022-07-01 11:58:06] [    INFO] 点击元素：('xpath', '//*[@id="app"]/div/div[1]/div[2]/div[1]/div/ul/div[11]/li/div/span') (basics.py:110)
[2022-07-01 11:58:06] [    INFO] 查找元素：('xpath', "//a[@href='#/systemManage/areaManage']//li[@role='menuitem']") (basics.py:51)
[2022-07-01 11:58:06] [    INFO] 点击元素：('xpath', "//a[@href='#/systemManage/areaManage']//li[@role='menuitem']") (basics.py:110)
[2022-07-01 11:58:11] [    INFO] 断言成功：URL为预期一致 | URL: http://10.250.112.166:9000/#/systemManage/areaManage (assert_ui.py:159)
[2022-07-01 11:58:13] [    INFO] 查找元素：['xpath', "//div[@class='main-top-audit']//div[contains(text(),'Infinix事业部')]"] (basics.py:51)
[2022-07-01 11:58:13] [    INFO] 选择点击：['xpath', "//div[@class='main-top-audit']//div[contains(text(),'Infinix事业部')]"] (basics.py:107)
[2022-07-01 11:58:17] [    INFO] 查找元素：['xpath', "//div[@tabindex='0']//span[normalize-space(text())='Infinix事业部']"] (basics.py:51)
[2022-07-01 11:58:17] [    INFO] 选择点击：['xpath', "//div[@tabindex='0']//span[normalize-space(text())='Infinix事业部']"] (basics.py:107)
[2022-07-01 11:58:21] [    INFO] 查找元素：['xpath', "//div[@tabindex='-1']//div[@class='el-tree-node__content']//span[normalize-space(text())='Xpark业务区']"] (basics.py:51)
[2022-07-01 11:58:21] [    INFO] 选择点击：['xpath', "//div[@tabindex='-1']//div[@class='el-tree-node__content']//span[normalize-space(text())='Xpark业务区']"] (basics.py:107)
[2022-07-01 11:58:25] [    INFO] 查找元素：['xpath', "//div[@tabindex='-1']//div[@tabindex='-1']//div[@class='el-tree-node__content']//span[normalize-space(text())='Xpark区']"] (basics.py:51)
[2022-07-01 11:58:25] [    INFO] 选择点击：['xpath', "//div[@tabindex='-1']//div[@tabindex='-1']//div[@class='el-tree-node__content']//span[normalize-space(text())='Xpark区']"] (basics.py:107)
[2022-07-01 11:58:27] [    INFO] 查找元素：('xpath', "//button[@type='button']//span[contains(text(),'新 增')]") (basics.py:51)
[2022-07-01 11:58:27] [    INFO] 点击元素：('xpath', "//button[@type='button']//span[contains(text(),'新 增')]") (basics.py:110)
[2022-07-01 11:58:28] [    INFO] 查找元素：('xpath', "//span[@class='color-rgb166 marginLeft-33']") (basics.py:51)
[2022-07-01 11:58:28] [    INFO] 获取文本：大区 (basics.py:238)
[2022-07-01 11:58:29] [    INFO] 查找元素：('xpath', "//input[@placeholder='请输入国家编码或国家名称']") (basics.py:51)
[2022-07-01 11:58:29] [    INFO] 输入文本：中国 (basics.py:81)
[2022-07-01 11:58:34] [    INFO] 查找元素：['xpath', '/html[1]/body[1]/div[2]/div[1]/div[2]/div[2]/section[1]/div[1]/div[1]/div[4]/div[1]/div[2]/div[1]/div[2]/div[1]/div[4]/div[2]/table[1]/tbody[1]/tr[1]/td[4]/div[1]/button[1]/span[1]'] (basics.py:47)
[2022-07-01 11:58:34] [    INFO] 查找元素：('xpath', "//div[@aria-label='选择国家']//span[contains(text(),'保存')]") (basics.py:51)
[2022-07-01 11:58:34] [    INFO] 点击元素：('xpath', "//div[@aria-label='选择国家']//span[contains(text(),'保存')]") (basics.py:110)
