[2022-07-01 10:42:27] [    INFO] 前置条件：传音统一登录开始 (conftest.py:10)
[2022-07-01 10:42:30] [    INFO] 打开网页：http://10.250.112.166:9000/# (basics.py:30)
[2022-07-01 10:42:30] [    INFO] 查找元素：('xpath', "//div[@role='button']") (basics.py:51)
[2022-07-01 10:42:30] [    INFO] 点击元素：('xpath', "//div[@role='button']") (basics.py:110)
[2022-07-01 10:42:34] [    INFO] 查找元素：['xpath', "//*[contains(@id,'dropdown-menu-')]//li[1]"] (basics.py:51)
[2022-07-01 10:42:35] [    INFO] 查找元素：('xpath', "//div[@role='button']") (basics.py:51)
[2022-07-01 10:42:35] [    INFO] 点击元素：('xpath', "//div[@role='button']") (basics.py:110)
[2022-07-01 10:42:35] [    INFO] 查找元素：('id', 'tab-account') (basics.py:51)
[2022-07-01 10:42:35] [    INFO] 点击元素：('id', 'tab-account') (basics.py:110)
[2022-07-01 10:42:35] [    INFO] 查找元素：('xpath', "//*[@id='pane-account']/form/div[1]/div/div[1]/input") (basics.py:51)
[2022-07-01 10:42:35] [    INFO] 输入文本：18649572 (basics.py:72)
[2022-07-01 10:42:37] [    INFO] 查找元素：('xpath', "//*[@id='pane-account']/form/div[2]/div/div[1]/input") (basics.py:51)
[2022-07-01 10:42:37] [    INFO] 输入文本：xLily6x (basics.py:72)
[2022-07-01 10:42:38] [    INFO] 查找元素：('xpath', "//*[@id='pane-account']/form/div[4]/label/span/span") (basics.py:51)
[2022-07-01 10:42:38] [    INFO] 获取状态：False (basics.py:244)
[2022-07-01 10:42:38] [    INFO] 查找元素：('xpath', "//*[@id='pane-account']/form/div[4]/label/span/span") (basics.py:51)
[2022-07-01 10:42:38] [    INFO] 点击元素：('xpath', "//*[@id='pane-account']/form/div[4]/label/span/span") (basics.py:110)
[2022-07-01 10:42:38] [    INFO] 查找元素：('xpath', "//*[@id='pane-account']/form/button") (basics.py:51)
[2022-07-01 10:42:38] [    INFO] 点击元素：('xpath', "//*[@id='pane-account']/form/button") (basics.py:110)
[2022-07-01 10:42:38] [ WARNING] 断言失败：URL为预期不一致 | URL: http://10.248.39.163:10101/#/c-login?lang=zh&source=SCM_DRP&type=simple&redirect=http%3A%2F%2F10.250.112.166%3A9000%2F%23%2F (assert_ui.py:158)
[2022-07-01 10:42:38] [    INFO] 断言成功: 该内容存在数据列表中 | word:隆江 (assert_ui.py:241)
[2022-07-01 10:42:38] [    INFO] 前置条件：传音统一登录成功 (conftest.py:17)
[2022-07-01 10:42:38] [    INFO] 查找元素：('xpath', '//*[@id="app"]/div/div[1]/div[2]/div[1]/div/ul/div[11]/li/div/span') (basics.py:51)
[2022-07-01 10:42:41] [    INFO] 点击元素：('xpath', '//*[@id="app"]/div/div[1]/div[2]/div[1]/div/ul/div[11]/li/div/span') (basics.py:110)
[2022-07-01 10:42:41] [    INFO] 查找元素：('xpath', "//a[@href='#/systemManage/areaManage']//li[@role='menuitem']") (basics.py:51)
[2022-07-01 10:42:42] [    INFO] 点击元素：('xpath', "//a[@href='#/systemManage/areaManage']//li[@role='menuitem']") (basics.py:110)
[2022-07-01 10:42:47] [    INFO] 断言成功：URL为预期一致 | URL: http://10.250.112.166:9000/#/systemManage/areaManage (assert_ui.py:159)
[2022-07-01 10:42:49] [    INFO] 查找元素：['xpath', "//div[@class='main-top-audit']//div[contains(text(),'itel事业部')]"] (basics.py:51)
[2022-07-01 10:42:49] [    INFO] 选择点击：['xpath', "//div[@class='main-top-audit']//div[contains(text(),'itel事业部')]"] (basics.py:107)
[2022-07-01 10:42:53] [    INFO] 查找元素：['xpath', "//div[@tabindex='0']//span[normalize-space(text())='itel事业部']"] (basics.py:51)
[2022-07-01 10:42:53] [    INFO] 选择点击：['xpath', "//div[@tabindex='0']//span[normalize-space(text())='itel事业部']"] (basics.py:107)
[2022-07-01 10:42:55] [    INFO] 查找元素：('xpath', '//*[@id="app"]/div/div[1]/div[2]/div[1]/div/ul/div[11]/li/div/span') (basics.py:51)
[2022-07-01 10:42:55] [    INFO] 点击元素：('xpath', '//*[@id="app"]/div/div[1]/div[2]/div[1]/div/ul/div[11]/li/div/span') (basics.py:110)
[2022-07-01 10:42:55] [    INFO] 查找元素：('xpath', "//a[@href='#/systemManage/areaManage']//li[@role='menuitem']") (basics.py:51)
[2022-07-01 10:42:55] [    INFO] 点击元素：('xpath', "//a[@href='#/systemManage/areaManage']//li[@role='menuitem']") (basics.py:110)
[2022-07-01 10:43:00] [    INFO] 断言成功：URL为预期一致 | URL: http://10.250.112.166:9000/#/systemManage/areaManage (assert_ui.py:159)
[2022-07-01 10:43:02] [    INFO] 查找元素：['xpath', "//div[@class='main-top-audit']//div[contains(text(),'itel事业部')]"] (basics.py:51)
[2022-07-01 10:43:02] [    INFO] 选择点击：['xpath', "//div[@class='main-top-audit']//div[contains(text(),'itel事业部')]"] (basics.py:107)
[2022-07-01 10:43:06] [    INFO] 查找元素：['xpath', "//div[@tabindex='0']//span[normalize-space(text())='itel事业部']"] (basics.py:51)
[2022-07-01 10:43:06] [    INFO] 选择点击：['xpath', "//div[@tabindex='0']//span[normalize-space(text())='itel事业部']"] (basics.py:107)
[2022-07-01 10:43:10] [    INFO] 查找元素：['xpath', "//div[@tabindex='-1']//div[@class='el-tree-node__content']//span[normalize-space(text())='itel事业部']"] (basics.py:51)
[2022-07-01 10:43:10] [    INFO] 选择点击：['xpath', "//div[@tabindex='-1']//div[@class='el-tree-node__content']//span[normalize-space(text())='itel事业部']"] (basics.py:107)
[2022-07-01 10:43:12] [    INFO] 查找元素：('xpath', '//*[@id="app"]/div/div[1]/div[2]/div[1]/div/ul/div[11]/li/div/span') (basics.py:51)
[2022-07-01 10:43:12] [    INFO] 点击元素：('xpath', '//*[@id="app"]/div/div[1]/div[2]/div[1]/div/ul/div[11]/li/div/span') (basics.py:110)
[2022-07-01 10:43:12] [    INFO] 查找元素：('xpath', "//a[@href='#/systemManage/areaManage']//li[@role='menuitem']") (basics.py:51)
[2022-07-01 10:43:13] [    INFO] 点击元素：('xpath', "//a[@href='#/systemManage/areaManage']//li[@role='menuitem']") (basics.py:110)
[2022-07-01 10:43:18] [    INFO] 断言成功：URL为预期一致 | URL: http://10.250.112.166:9000/#/systemManage/areaManage (assert_ui.py:159)
[2022-07-01 10:43:20] [    INFO] 查找元素：['xpath', "//div[@class='main-top-audit']//div[contains(text(),'itel事业部')]"] (basics.py:51)
[2022-07-01 10:43:20] [    INFO] 选择点击：['xpath', "//div[@class='main-top-audit']//div[contains(text(),'itel事业部')]"] (basics.py:107)
[2022-07-01 10:43:24] [    INFO] 查找元素：['xpath', "//div[@tabindex='0']//span[normalize-space(text())='itel事业部']"] (basics.py:51)
[2022-07-01 10:43:24] [    INFO] 选择点击：['xpath', "//div[@tabindex='0']//span[normalize-space(text())='itel事业部']"] (basics.py:107)
[2022-07-01 10:43:28] [    INFO] 查找元素：['xpath', "//div[@tabindex='-1']//div[@class='el-tree-node__content']//span[normalize-space(text())='itel事业部']"] (basics.py:51)
[2022-07-01 10:43:28] [    INFO] 选择点击：['xpath', "//div[@tabindex='-1']//div[@class='el-tree-node__content']//span[normalize-space(text())='itel事业部']"] (basics.py:107)
[2022-07-01 10:43:32] [    INFO] 查找元素：['xpath', "//div[@tabindex='-1']//div[@tabindex='-1']//div[@class='el-tree-node__content']//span[normalize-space(text())='itel事业部']"] (basics.py:51)
[2022-07-01 10:43:32] [    INFO] 选择点击：['xpath', "//div[@tabindex='-1']//div[@tabindex='-1']//div[@class='el-tree-node__content']//span[normalize-space(text())='itel事业部']"] (basics.py:107)
[2022-07-01 10:43:34] [    INFO] 查找元素：('xpath', '//*[@id="app"]/div/div[1]/div[2]/div[1]/div/ul/div[11]/li/div/span') (basics.py:51)
[2022-07-01 10:43:34] [    INFO] 点击元素：('xpath', '//*[@id="app"]/div/div[1]/div[2]/div[1]/div/ul/div[11]/li/div/span') (basics.py:110)
[2022-07-01 10:43:34] [    INFO] 查找元素：('xpath', "//a[@href='#/systemManage/areaManage']//li[@role='menuitem']") (basics.py:51)
[2022-07-01 10:43:34] [    INFO] 点击元素：('xpath', "//a[@href='#/systemManage/areaManage']//li[@role='menuitem']") (basics.py:110)
[2022-07-01 10:43:39] [    INFO] 断言成功：URL为预期一致 | URL: http://10.250.112.166:9000/#/systemManage/areaManage (assert_ui.py:159)
[2022-07-01 10:43:41] [    INFO] 查找元素：['xpath', "//div[@class='main-top-audit']//div[contains(text(),'itel事业部')]"] (basics.py:51)
[2022-07-01 10:43:41] [    INFO] 选择点击：['xpath', "//div[@class='main-top-audit']//div[contains(text(),'itel事业部')]"] (basics.py:107)
[2022-07-01 10:43:45] [    INFO] 查找元素：['xpath', "//div[@tabindex='0']//span[normalize-space(text())='itel事业部']"] (basics.py:51)
[2022-07-01 10:43:45] [    INFO] 选择点击：['xpath', "//div[@tabindex='0']//span[normalize-space(text())='itel事业部']"] (basics.py:107)
[2022-07-01 10:43:49] [    INFO] 查找元素：['xpath', "//div[@tabindex='-1']//div[@class='el-tree-node__content']//span[normalize-space(text())='itel事业部']"] (basics.py:51)
[2022-07-01 10:43:49] [    INFO] 选择点击：['xpath', "//div[@tabindex='-1']//div[@class='el-tree-node__content']//span[normalize-space(text())='itel事业部']"] (basics.py:107)
[2022-07-01 10:43:53] [    INFO] 查找元素：['xpath', "//div[@tabindex='-1']//div[@tabindex='-1']//div[@class='el-tree-node__content']//span[normalize-space(text())='itel事业部']"] (basics.py:51)
[2022-07-01 10:43:53] [    INFO] 选择点击：['xpath', "//div[@tabindex='-1']//div[@tabindex='-1']//div[@class='el-tree-node__content']//span[normalize-space(text())='itel事业部']"] (basics.py:107)
[2022-07-01 10:43:57] [    INFO] 查找元素：['xpath', "//div[@tabindex='-1']//div[@tabindex='-1']//div[@tabindex='-1']//div[@class='el-tree-node__content']//span[normalize-space(text())='事业部备料']"] (basics.py:51)
[2022-07-01 10:43:57] [    INFO] 选择点击：['xpath', "//div[@tabindex='-1']//div[@tabindex='-1']//div[@tabindex='-1']//div[@class='el-tree-node__content']//span[normalize-space(text())='事业部备料']"] (basics.py:107)
[2022-07-01 10:44:00] [    INFO] 查找元素：('xpath', '//*[@id="app"]/div/div[1]/div[2]/div[1]/div/ul/div[11]/li/div/span') (basics.py:51)
[2022-07-01 10:44:00] [    INFO] 点击元素：('xpath', '//*[@id="app"]/div/div[1]/div[2]/div[1]/div/ul/div[11]/li/div/span') (basics.py:110)
[2022-07-01 10:44:00] [    INFO] 查找元素：('xpath', "//a[@href='#/systemManage/areaManage']//li[@role='menuitem']") (basics.py:51)
[2022-07-01 10:44:00] [    INFO] 点击元素：('xpath', "//a[@href='#/systemManage/areaManage']//li[@role='menuitem']") (basics.py:110)
[2022-07-01 10:44:05] [    INFO] 断言成功：URL为预期一致 | URL: http://10.250.112.166:9000/#/systemManage/areaManage (assert_ui.py:159)
[2022-07-01 10:44:07] [    INFO] 查找元素：['xpath', "//div[@class='main-top-audit']//div[contains(text(),'itel事业部')]"] (basics.py:51)
[2022-07-01 10:44:07] [    INFO] 选择点击：['xpath', "//div[@class='main-top-audit']//div[contains(text(),'itel事业部')]"] (basics.py:107)
[2022-07-01 10:44:11] [    INFO] 查找元素：['xpath', "//div[@tabindex='0']//span[normalize-space(text())='itel事业部']"] (basics.py:51)
[2022-07-01 10:44:11] [    INFO] 选择点击：['xpath', "//div[@tabindex='0']//span[normalize-space(text())='itel事业部']"] (basics.py:107)
[2022-07-01 10:44:14] [    INFO] 查找元素：('xpath', "//input[@placeholder='请输入关键字']") (basics.py:51)
[2022-07-01 10:44:14] [    INFO] 输入文本：巴基斯坦 (basics.py:72)
[2022-07-01 10:44:14] [    INFO] 输入框键入巴基斯坦 (SystemMgmt_RegionMgmt.py:56)
[2022-07-01 10:44:15] [ WARNING] 断言失败: 两值不等 | a:<public.base.assert_ui.ValueAssert object at 0x000002135ABAE7F0> b:None (assert_ui.py:22)
[2022-07-01 10:44:15] [    INFO] 查找元素：('xpath', '//*[@id="app"]/div/div[1]/div[2]/div[1]/div/ul/div[11]/li/div/span') (basics.py:51)
[2022-07-01 10:44:15] [    INFO] 点击元素：('xpath', '//*[@id="app"]/div/div[1]/div[2]/div[1]/div/ul/div[11]/li/div/span') (basics.py:110)
[2022-07-01 10:44:15] [    INFO] 查找元素：('xpath', "//a[@href='#/systemManage/areaManage']//li[@role='menuitem']") (basics.py:51)
[2022-07-01 10:44:25] [    INFO] 查找元素：('xpath', '//*[@id="app"]/div/div[1]/div[2]/div[1]/div/ul/div[11]/li/div/span') (basics.py:51)
[2022-07-01 10:44:25] [    INFO] 点击元素：('xpath', '//*[@id="app"]/div/div[1]/div[2]/div[1]/div/ul/div[11]/li/div/span') (basics.py:110)
[2022-07-01 10:44:25] [    INFO] 查找元素：('xpath', "//a[@href='#/systemManage/areaManage']//li[@role='menuitem']") (basics.py:51)
[2022-07-01 10:44:25] [    INFO] 点击元素：('xpath', "//a[@href='#/systemManage/areaManage']//li[@role='menuitem']") (basics.py:110)
[2022-07-01 10:44:30] [    INFO] 断言成功：URL为预期一致 | URL: http://10.250.112.166:9000/#/systemManage/areaManage (assert_ui.py:159)
[2022-07-01 10:44:32] [    INFO] 查找元素：['xpath', "//div[@class='main-top-audit']//div[contains(text(),'itel事业部')]"] (basics.py:51)
[2022-07-01 10:44:32] [    INFO] 选择点击：['xpath', "//div[@class='main-top-audit']//div[contains(text(),'itel事业部')]"] (basics.py:107)
[2022-07-01 10:44:36] [    INFO] 查找元素：['xpath', "//div[@tabindex='0']//span[normalize-space(text())='itel事业部']"] (basics.py:51)
[2022-07-01 10:44:36] [    INFO] 选择点击：['xpath', "//div[@tabindex='0']//span[normalize-space(text())='itel事业部']"] (basics.py:107)
[2022-07-01 10:44:39] [    INFO] 查找元素：('xpath', "//input[@placeholder='请输入关键字']") (basics.py:51)
[2022-07-01 10:44:39] [    INFO] 输入文本：加纳 (basics.py:72)
[2022-07-01 10:44:39] [    INFO] 输入框键入加纳 (SystemMgmt_RegionMgmt.py:56)
[2022-07-01 10:44:40] [ WARNING] 断言失败: 两值不等 | a:<public.base.assert_ui.ValueAssert object at 0x000002135AD7DB80> b:None (assert_ui.py:22)
[2022-07-01 10:44:40] [    INFO] 查找元素：('xpath', "//i[@class='el-input__icon el-icon-circle-close el-input__clear']") (basics.py:51)
[2022-07-01 10:44:40] [    INFO] 点击元素：('xpath', "//i[@class='el-input__icon el-icon-circle-close el-input__clear']") (basics.py:110)
[2022-07-01 10:44:40] [    INFO] 查找元素：('xpath', '//*[@id="app"]/div/div[1]/div[2]/div[1]/div/ul/div[11]/li/div/span') (basics.py:51)
[2022-07-01 10:44:40] [    INFO] 点击元素：('xpath', '//*[@id="app"]/div/div[1]/div[2]/div[1]/div/ul/div[11]/li/div/span') (basics.py:110)
[2022-07-01 10:44:40] [    INFO] 查找元素：('xpath', "//a[@href='#/systemManage/areaManage']//li[@role='menuitem']") (basics.py:51)
[2022-07-01 10:44:40] [    INFO] 点击元素：('xpath', "//a[@href='#/systemManage/areaManage']//li[@role='menuitem']") (basics.py:110)
[2022-07-01 10:44:46] [    INFO] 断言成功：URL为预期一致 | URL: http://10.250.112.166:9000/#/systemManage/areaManage (assert_ui.py:159)
[2022-07-01 10:44:48] [    INFO] 查找元素：['xpath', "//div[@class='main-top-audit']//div[contains(text(),'itel事业部')]"] (basics.py:51)
[2022-07-01 10:44:48] [    INFO] 选择点击：['xpath', "//div[@class='main-top-audit']//div[contains(text(),'itel事业部')]"] (basics.py:107)
[2022-07-01 10:44:52] [    INFO] 查找元素：['xpath', "//div[@tabindex='0']//span[normalize-space(text())='itel事业部']"] (basics.py:51)
[2022-07-01 10:44:52] [    INFO] 选择点击：['xpath', "//div[@tabindex='0']//span[normalize-space(text())='itel事业部']"] (basics.py:107)
[2022-07-01 10:44:54] [    INFO] 查找元素：('xpath', "//span[contains(text(),'导出')]") (basics.py:51)
[2022-07-01 10:44:54] [    INFO] 指定下载路径: E:\工作文件\自动化\拉取代码\UIPOMTest\libs\download (basics.py:283)
[2022-07-01 10:44:57] [    INFO] ['drp_dept_export_itel+BU_20220701104454.xlsx'] (basics.py:285)
[2022-07-01 10:44:57] [ WARNING] 断言失败: 下载该附件失败 | drp_dept_export_TECNO  (basics.py:296)
[2022-07-01 10:44:57] [    INFO] 查找元素：('xpath', '//*[@id="app"]/div/div[1]/div[2]/div[1]/div/ul/div[11]/li/div/span') (basics.py:51)
[2022-07-01 10:44:57] [    INFO] 点击元素：('xpath', '//*[@id="app"]/div/div[1]/div[2]/div[1]/div/ul/div[11]/li/div/span') (basics.py:110)
[2022-07-01 10:44:57] [    INFO] 查找元素：('xpath', "//a[@href='#/systemManage/areaManage']//li[@role='menuitem']") (basics.py:51)
[2022-07-01 10:44:57] [    INFO] 点击元素：('xpath', "//a[@href='#/systemManage/areaManage']//li[@role='menuitem']") (basics.py:110)
[2022-07-01 10:45:02] [    INFO] 断言成功：URL为预期一致 | URL: http://10.250.112.166:9000/#/systemManage/areaManage (assert_ui.py:159)
[2022-07-01 10:45:04] [    INFO] 查找元素：['xpath', "//div[@class='main-top-audit']//div[contains(text(),'Infinix事业部')]"] (basics.py:51)
[2022-07-01 10:45:04] [    INFO] 选择点击：['xpath', "//div[@class='main-top-audit']//div[contains(text(),'Infinix事业部')]"] (basics.py:107)
[2022-07-01 10:45:08] [    INFO] 查找元素：['xpath', "//div[@tabindex='0']//span[normalize-space(text())='Infinix事业部']"] (basics.py:51)
[2022-07-01 10:45:08] [    INFO] 选择点击：['xpath', "//div[@tabindex='0']//span[normalize-space(text())='Infinix事业部']"] (basics.py:107)
[2022-07-01 10:45:10] [    INFO] 查找元素：('xpath', "//button[@type='button']//span[contains(text(),'新 增')]") (basics.py:51)
[2022-07-01 10:45:10] [    INFO] 点击元素：('xpath', "//button[@type='button']//span[contains(text(),'新 增')]") (basics.py:110)
[2022-07-01 10:45:11] [    INFO] 查找元素：('xpath', "//span[@class='color-rgb166 marginLeft-33']") (basics.py:51)
[2022-07-01 10:45:11] [    INFO] 获取文本：组织 (basics.py:238)
[2022-07-01 10:45:12] [    INFO] 查找元素：('xpath', "//tbody//tr//td[2]//input[contains(@accept,'-nameZh')]") (basics.py:51)
[2022-07-01 10:45:12] [    INFO] 输入文本：lj测试01 (basics.py:81)
[2022-07-01 10:45:12] [    INFO] 查找元素：('xpath', "//tbody//tr//td[3]//input[contains(@accept,'-nameEn')]") (basics.py:51)
[2022-07-01 10:45:13] [    INFO] 输入文本：ljtest01 (basics.py:81)
[2022-07-01 10:45:13] [    INFO] 查找元素：('xpath', "//tbody//tr//td[6]//span[contains(text(),'保存')]") (basics.py:51)
[2022-07-01 10:45:13] [    INFO] 点击元素：('xpath', "//tbody//tr//td[6]//span[contains(text(),'保存')]") (basics.py:110)
[2022-07-01 10:45:14] [    INFO] 查找元素：('xpath', '//*[@id="app"]/div/div[1]/div[2]/div[1]/div/ul/div[11]/li/div/span') (basics.py:51)
[2022-07-01 10:45:14] [    INFO] 点击元素：('xpath', '//*[@id="app"]/div/div[1]/div[2]/div[1]/div/ul/div[11]/li/div/span') (basics.py:110)
[2022-07-01 10:45:14] [    INFO] 查找元素：('xpath', "//a[@href='#/systemManage/areaManage']//li[@role='menuitem']") (basics.py:51)
[2022-07-01 10:45:14] [    INFO] 点击元素：('xpath', "//a[@href='#/systemManage/areaManage']//li[@role='menuitem']") (basics.py:110)
[2022-07-01 10:45:19] [    INFO] 断言成功：URL为预期一致 | URL: http://10.250.112.166:9000/#/systemManage/areaManage (assert_ui.py:159)
[2022-07-01 10:45:21] [    INFO] 查找元素：['xpath', "//div[@class='main-top-audit']//div[contains(text(),'Infinix事业部')]"] (basics.py:51)
[2022-07-01 10:45:21] [    INFO] 选择点击：['xpath', "//div[@class='main-top-audit']//div[contains(text(),'Infinix事业部')]"] (basics.py:107)
[2022-07-01 10:45:25] [    INFO] 查找元素：['xpath', "//div[@tabindex='0']//span[normalize-space(text())='Infinix事业部']"] (basics.py:51)
[2022-07-01 10:45:25] [    INFO] 选择点击：['xpath', "//div[@tabindex='0']//span[normalize-space(text())='Infinix事业部']"] (basics.py:107)
[2022-07-01 10:45:27] [    INFO] 查找元素：['xpath', "//tbody//tr[1]//td[6]//span[contains(text(),'编辑')]"] (basics.py:47)
[2022-07-01 10:45:29] [    INFO] 查找元素：('xpath', "//span[@class='color-rgb166 marginLeft-33']") (basics.py:51)
[2022-07-01 10:45:29] [    INFO] 获取文本：组织 (basics.py:238)
[2022-07-01 10:45:30] [    INFO] 查找元素：('xpath', "//tbody//tr//td[2]//input[contains(@accept,'-nameZh')]") (basics.py:51)
[2022-07-01 10:45:30] [    INFO] 输入文本：lj测试02 (basics.py:81)
[2022-07-01 10:45:31] [    INFO] 查找元素：('xpath', "//tbody//tr//td[3]//input[contains(@accept,'-nameEn')]") (basics.py:51)
[2022-07-01 10:45:31] [    INFO] 输入文本：ljtest02 (basics.py:81)
[2022-07-01 10:45:31] [    INFO] 查找元素：('xpath', "//tbody//tr//td[6]//span[contains(text(),'保存')]") (basics.py:51)
[2022-07-01 10:45:31] [    INFO] 点击元素：('xpath', "//tbody//tr//td[6]//span[contains(text(),'保存')]") (basics.py:110)
[2022-07-01 10:45:32] [    INFO] 查找元素：('xpath', '//*[@id="app"]/div/div[1]/div[2]/div[1]/div/ul/div[11]/li/div/span') (basics.py:51)
[2022-07-01 10:45:32] [    INFO] 点击元素：('xpath', '//*[@id="app"]/div/div[1]/div[2]/div[1]/div/ul/div[11]/li/div/span') (basics.py:110)
[2022-07-01 10:45:32] [    INFO] 查找元素：('xpath', "//a[@href='#/systemManage/areaManage']//li[@role='menuitem']") (basics.py:51)
[2022-07-01 10:45:32] [    INFO] 点击元素：('xpath', "//a[@href='#/systemManage/areaManage']//li[@role='menuitem']") (basics.py:110)
[2022-07-01 10:45:37] [    INFO] 断言成功：URL为预期一致 | URL: http://10.250.112.166:9000/#/systemManage/areaManage (assert_ui.py:159)
[2022-07-01 10:45:39] [    INFO] 查找元素：['xpath', "//div[@class='main-top-audit']//div[contains(text(),'Infinix事业部')]"] (basics.py:51)
[2022-07-01 10:45:39] [    INFO] 选择点击：['xpath', "//div[@class='main-top-audit']//div[contains(text(),'Infinix事业部')]"] (basics.py:107)
[2022-07-01 10:45:43] [    INFO] 查找元素：['xpath', "//div[@tabindex='0']//span[normalize-space(text())='Infinix事业部']"] (basics.py:51)
[2022-07-01 10:45:43] [    INFO] 选择点击：['xpath', "//div[@tabindex='0']//span[normalize-space(text())='Infinix事业部']"] (basics.py:107)
[2022-07-01 10:45:45] [    INFO] 查找元素：['xpath', "//tbody//tr[1]//td[6]//span[contains(text(),'删除')]"] (basics.py:47)
[2022-07-01 10:45:46] [    INFO] 查找元素：('xpath', "//span[@class='color-rgb166 marginLeft-33']") (basics.py:51)
[2022-07-01 10:45:46] [    INFO] 获取文本：组织 (basics.py:238)
[2022-07-01 10:45:46] [    INFO] 查找元素：('xpath', "//div[@aria-hidden='false']//span[contains(text(),'确定')]") (basics.py:51)
[2022-07-01 10:45:46] [    INFO] 点击元素：('xpath', "//div[@aria-hidden='false']//span[contains(text(),'确定')]") (basics.py:110)
[2022-07-01 10:45:47] [    INFO] 查找元素：('xpath', '//*[@id="app"]/div/div[1]/div[2]/div[1]/div/ul/div[11]/li/div/span') (basics.py:51)
[2022-07-01 10:45:47] [    INFO] 点击元素：('xpath', '//*[@id="app"]/div/div[1]/div[2]/div[1]/div/ul/div[11]/li/div/span') (basics.py:110)
[2022-07-01 10:45:47] [    INFO] 查找元素：('xpath', "//a[@href='#/systemManage/areaManage']//li[@role='menuitem']") (basics.py:51)
[2022-07-01 10:45:47] [    INFO] 点击元素：('xpath', "//a[@href='#/systemManage/areaManage']//li[@role='menuitem']") (basics.py:110)
[2022-07-01 10:45:52] [    INFO] 断言成功：URL为预期一致 | URL: http://10.250.112.166:9000/#/systemManage/areaManage (assert_ui.py:159)
[2022-07-01 10:45:54] [    INFO] 查找元素：['xpath', "//div[@class='main-top-audit']//div[contains(text(),'Infinix事业部')]"] (basics.py:51)
[2022-07-01 10:45:54] [    INFO] 选择点击：['xpath', "//div[@class='main-top-audit']//div[contains(text(),'Infinix事业部')]"] (basics.py:107)
[2022-07-01 10:45:58] [    INFO] 查找元素：['xpath', "//div[@tabindex='0']//span[normalize-space(text())='Infinix事业部']"] (basics.py:51)
[2022-07-01 10:45:58] [    INFO] 选择点击：['xpath', "//div[@tabindex='0']//span[normalize-space(text())='Infinix事业部']"] (basics.py:107)
[2022-07-01 10:46:02] [    INFO] 查找元素：['xpath', "//div[@tabindex='-1']//div[@class='el-tree-node__content']//span[normalize-space(text())='Xpark业务区']"] (basics.py:51)
[2022-07-01 10:46:02] [    INFO] 选择点击：['xpath', "//div[@tabindex='-1']//div[@class='el-tree-node__content']//span[normalize-space(text())='Xpark业务区']"] (basics.py:107)
[2022-07-01 10:46:04] [    INFO] 查找元素：('xpath', "//button[@type='button']//span[contains(text(),'新 增')]") (basics.py:51)
[2022-07-01 10:46:04] [    INFO] 点击元素：('xpath', "//button[@type='button']//span[contains(text(),'新 增')]") (basics.py:110)
[2022-07-01 10:46:05] [    INFO] 查找元素：('xpath', "//span[@class='color-rgb166 marginLeft-33']") (basics.py:51)
[2022-07-01 10:46:05] [    INFO] 获取文本：地区部 (basics.py:238)
[2022-07-01 10:46:06] [    INFO] 查找元素：('xpath', "//tbody//tr//td[2]//input[contains(@accept,'-nameZh')]") (basics.py:51)
[2022-07-01 10:46:06] [    INFO] 输入文本：lj测试001 (basics.py:81)
[2022-07-01 10:46:06] [    INFO] 查找元素：('xpath', "//tbody//tr//td[3]//input[contains(@accept,'-nameEn')]") (basics.py:51)
[2022-07-01 10:46:06] [    INFO] 输入文本：ljtest001 (basics.py:81)
[2022-07-01 10:46:06] [    INFO] 查找元素：('xpath', "//tbody//tr//td[6]//span[contains(text(),'保存')]") (basics.py:51)
[2022-07-01 10:46:07] [    INFO] 点击元素：('xpath', "//tbody//tr//td[6]//span[contains(text(),'保存')]") (basics.py:110)
[2022-07-01 10:46:08] [    INFO] 查找元素：('xpath', '//*[@id="app"]/div/div[1]/div[2]/div[1]/div/ul/div[11]/li/div/span') (basics.py:51)
[2022-07-01 10:46:08] [    INFO] 点击元素：('xpath', '//*[@id="app"]/div/div[1]/div[2]/div[1]/div/ul/div[11]/li/div/span') (basics.py:110)
[2022-07-01 10:46:08] [    INFO] 查找元素：('xpath', "//a[@href='#/systemManage/areaManage']//li[@role='menuitem']") (basics.py:51)
[2022-07-01 10:46:08] [    INFO] 点击元素：('xpath', "//a[@href='#/systemManage/areaManage']//li[@role='menuitem']") (basics.py:110)
[2022-07-01 10:46:13] [    INFO] 断言成功：URL为预期一致 | URL: http://10.250.112.166:9000/#/systemManage/areaManage (assert_ui.py:159)
[2022-07-01 10:46:15] [    INFO] 查找元素：['xpath', "//div[@class='main-top-audit']//div[contains(text(),'Infinix事业部')]"] (basics.py:51)
[2022-07-01 10:46:15] [    INFO] 选择点击：['xpath', "//div[@class='main-top-audit']//div[contains(text(),'Infinix事业部')]"] (basics.py:107)
[2022-07-01 10:46:19] [    INFO] 查找元素：['xpath', "//div[@tabindex='0']//span[normalize-space(text())='Infinix事业部']"] (basics.py:51)
[2022-07-01 10:46:19] [    INFO] 选择点击：['xpath', "//div[@tabindex='0']//span[normalize-space(text())='Infinix事业部']"] (basics.py:107)
[2022-07-01 10:46:23] [    INFO] 查找元素：['xpath', "//div[@tabindex='-1']//div[@class='el-tree-node__content']//span[normalize-space(text())='Xpark业务区']"] (basics.py:51)
[2022-07-01 10:46:23] [    INFO] 选择点击：['xpath', "//div[@tabindex='-1']//div[@class='el-tree-node__content']//span[normalize-space(text())='Xpark业务区']"] (basics.py:107)
[2022-07-01 10:46:25] [    INFO] 查找元素：['xpath', "//tbody//tr[1]//td[6]//span[contains(text(),'编辑')]"] (basics.py:47)
[2022-07-01 10:46:27] [    INFO] 查找元素：('xpath', "//span[@class='color-rgb166 marginLeft-33']") (basics.py:51)
[2022-07-01 10:46:27] [    INFO] 获取文本：地区部 (basics.py:238)
[2022-07-01 10:46:28] [    INFO] 查找元素：('xpath', "//tbody//tr//td[2]//input[contains(@accept,'-nameZh')]") (basics.py:51)
[2022-07-01 10:46:28] [    INFO] 输入文本：lj测试002 (basics.py:81)
[2022-07-01 10:46:28] [    INFO] 查找元素：('xpath', "//tbody//tr//td[3]//input[contains(@accept,'-nameEn')]") (basics.py:51)
[2022-07-01 10:46:28] [    INFO] 输入文本：ljtest002 (basics.py:81)
[2022-07-01 10:46:28] [    INFO] 查找元素：('xpath', "//tbody//tr//td[6]//span[contains(text(),'保存')]") (basics.py:51)
[2022-07-01 10:46:28] [    INFO] 点击元素：('xpath', "//tbody//tr//td[6]//span[contains(text(),'保存')]") (basics.py:110)
[2022-07-01 10:46:29] [    INFO] 查找元素：('xpath', '//*[@id="app"]/div/div[1]/div[2]/div[1]/div/ul/div[11]/li/div/span') (basics.py:51)
[2022-07-01 10:46:30] [    INFO] 点击元素：('xpath', '//*[@id="app"]/div/div[1]/div[2]/div[1]/div/ul/div[11]/li/div/span') (basics.py:110)
[2022-07-01 10:46:30] [    INFO] 查找元素：('xpath', "//a[@href='#/systemManage/areaManage']//li[@role='menuitem']") (basics.py:51)
[2022-07-01 10:46:30] [    INFO] 点击元素：('xpath', "//a[@href='#/systemManage/areaManage']//li[@role='menuitem']") (basics.py:110)
[2022-07-01 10:46:35] [    INFO] 断言成功：URL为预期一致 | URL: http://10.250.112.166:9000/#/systemManage/areaManage (assert_ui.py:159)
[2022-07-01 10:46:37] [    INFO] 查找元素：['xpath', "//div[@class='main-top-audit']//div[contains(text(),'Infinix事业部')]"] (basics.py:51)
[2022-07-01 10:46:37] [    INFO] 选择点击：['xpath', "//div[@class='main-top-audit']//div[contains(text(),'Infinix事业部')]"] (basics.py:107)
[2022-07-01 10:46:41] [    INFO] 查找元素：['xpath', "//div[@tabindex='0']//span[normalize-space(text())='Infinix事业部']"] (basics.py:51)
[2022-07-01 10:46:41] [    INFO] 选择点击：['xpath', "//div[@tabindex='0']//span[normalize-space(text())='Infinix事业部']"] (basics.py:107)
[2022-07-01 10:46:45] [    INFO] 查找元素：['xpath', "//div[@tabindex='-1']//div[@class='el-tree-node__content']//span[normalize-space(text())='Xpark业务区']"] (basics.py:51)
[2022-07-01 10:46:45] [    INFO] 选择点击：['xpath', "//div[@tabindex='-1']//div[@class='el-tree-node__content']//span[normalize-space(text())='Xpark业务区']"] (basics.py:107)
[2022-07-01 10:46:47] [    INFO] 查找元素：['xpath', "//tbody//tr[1]//td[6]//span[contains(text(),'删除')]"] (basics.py:47)
[2022-07-01 10:46:47] [    INFO] 查找元素：('xpath', "//span[@class='color-rgb166 marginLeft-33']") (basics.py:51)
[2022-07-01 10:46:47] [    INFO] 获取文本：地区部 (basics.py:238)
[2022-07-01 10:46:47] [    INFO] 查找元素：('xpath', "//div[@aria-hidden='false']//span[contains(text(),'确定')]") (basics.py:51)
[2022-07-01 10:46:47] [    INFO] 点击元素：('xpath', "//div[@aria-hidden='false']//span[contains(text(),'确定')]") (basics.py:110)
[2022-07-01 10:46:48] [    INFO] 查找元素：('xpath', '//*[@id="app"]/div/div[1]/div[2]/div[1]/div/ul/div[11]/li/div/span') (basics.py:51)
[2022-07-01 10:46:48] [    INFO] 点击元素：('xpath', '//*[@id="app"]/div/div[1]/div[2]/div[1]/div/ul/div[11]/li/div/span') (basics.py:110)
[2022-07-01 10:46:48] [    INFO] 查找元素：('xpath', "//a[@href='#/systemManage/areaManage']//li[@role='menuitem']") (basics.py:51)
[2022-07-01 10:46:49] [    INFO] 点击元素：('xpath', "//a[@href='#/systemManage/areaManage']//li[@role='menuitem']") (basics.py:110)
[2022-07-01 10:46:54] [    INFO] 断言成功：URL为预期一致 | URL: http://10.250.112.166:9000/#/systemManage/areaManage (assert_ui.py:159)
[2022-07-01 10:46:56] [    INFO] 查找元素：['xpath', "//div[@class='main-top-audit']//div[contains(text(),'Infinix事业部')]"] (basics.py:51)
[2022-07-01 10:46:56] [    INFO] 选择点击：['xpath', "//div[@class='main-top-audit']//div[contains(text(),'Infinix事业部')]"] (basics.py:107)
[2022-07-01 10:47:00] [    INFO] 查找元素：['xpath', "//div[@tabindex='0']//span[normalize-space(text())='Infinix事业部']"] (basics.py:51)
[2022-07-01 10:47:00] [    INFO] 选择点击：['xpath', "//div[@tabindex='0']//span[normalize-space(text())='Infinix事业部']"] (basics.py:107)
[2022-07-01 10:47:04] [    INFO] 查找元素：['xpath', "//div[@tabindex='-1']//div[@class='el-tree-node__content']//span[normalize-space(text())='Xpark业务区']"] (basics.py:51)
[2022-07-01 10:47:04] [    INFO] 选择点击：['xpath', "//div[@tabindex='-1']//div[@class='el-tree-node__content']//span[normalize-space(text())='Xpark业务区']"] (basics.py:107)
[2022-07-01 10:47:08] [    INFO] 查找元素：['xpath', "//div[@tabindex='-1']//div[@tabindex='-1']//div[@class='el-tree-node__content']//span[normalize-space(text())='Xpark区']"] (basics.py:51)
[2022-07-01 10:47:08] [    INFO] 选择点击：['xpath', "//div[@tabindex='-1']//div[@tabindex='-1']//div[@class='el-tree-node__content']//span[normalize-space(text())='Xpark区']"] (basics.py:107)
[2022-07-01 10:47:10] [    INFO] 查找元素：('xpath', "//button[@type='button']//span[contains(text(),'新 增')]") (basics.py:51)
[2022-07-01 10:47:10] [    INFO] 点击元素：('xpath', "//button[@type='button']//span[contains(text(),'新 增')]") (basics.py:110)
[2022-07-01 10:47:11] [    INFO] 查找元素：('xpath', "//span[@class='color-rgb166 marginLeft-33']") (basics.py:51)
[2022-07-01 10:47:11] [    INFO] 获取文本：大区 (basics.py:238)
[2022-07-01 10:47:11] [    INFO] 查找元素：('xpath', "//input[@placeholder='请输入国家编码或国家名称']") (basics.py:51)
[2022-07-01 10:47:11] [    INFO] 输入文本：中国 (basics.py:81)
[2022-07-01 10:47:13] [    INFO] 查找元素：['xpath', "//div[4]/div[2]/table/tbody/tr[7]/td[4]//span[contains(text(),'添加')]"] (basics.py:47)
[2022-07-01 10:47:34] [    INFO] 查找元素：('xpath', '//*[@id="app"]/div/div[1]/div[2]/div[1]/div/ul/div[11]/li/div/span') (basics.py:51)
[2022-07-01 10:47:35] [    INFO] 查找元素：('xpath', '//*[@id="app"]/div/div[1]/div[2]/div[1]/div/ul/div[11]/li/div/span') (basics.py:51)
[2022-07-01 10:47:36] [    INFO] 查找元素：('xpath', '//*[@id="app"]/div/div[1]/div[2]/div[1]/div/ul/div[11]/li/div/span') (basics.py:51)
[2022-07-01 10:47:37] [    INFO] 查找元素：('xpath', '//*[@id="app"]/div/div[1]/div[2]/div[1]/div/ul/div[11]/li/div/span') (basics.py:51)
[2022-07-01 10:47:38] [    INFO] 查找元素：('xpath', '//*[@id="app"]/div/div[1]/div[2]/div[1]/div/ul/div[11]/li/div/span') (basics.py:51)
[2022-07-01 10:47:40] [    INFO] 查找元素：('xpath', '//*[@id="app"]/div/div[1]/div[2]/div[1]/div/ul/div[11]/li/div/span') (basics.py:51)
[2022-07-01 10:47:41] [    INFO] 查找元素：('xpath', '//*[@id="app"]/div/div[1]/div[2]/div[1]/div/ul/div[11]/li/div/span') (basics.py:51)
[2022-07-01 10:47:42] [    INFO] 查找元素：('xpath', '//*[@id="app"]/div/div[1]/div[2]/div[1]/div/ul/div[11]/li/div/span') (basics.py:51)
[2022-07-01 10:47:43] [    INFO] 查找元素：('xpath', '//*[@id="app"]/div/div[1]/div[2]/div[1]/div/ul/div[11]/li/div/span') (basics.py:51)
[2022-07-01 10:47:44] [    INFO] 查找元素：('xpath', '//*[@id="app"]/div/div[1]/div[2]/div[1]/div/ul/div[11]/li/div/span') (basics.py:51)
[2022-07-01 10:47:45] [    INFO] 查找元素：('xpath', '//*[@id="app"]/div/div[1]/div[2]/div[1]/div/ul/div[11]/li/div/span') (basics.py:51)
[2022-07-01 10:47:46] [    INFO] 查找元素：('xpath', '//*[@id="app"]/div/div[1]/div[2]/div[1]/div/ul/div[11]/li/div/span') (basics.py:51)
[2022-07-01 10:50:51] [    INFO] 前置条件：传音统一登录开始 (conftest.py:10)
[2022-07-01 10:50:54] [    INFO] 打开网页：http://10.250.112.166:9000/# (basics.py:30)
[2022-07-01 10:50:54] [    INFO] 查找元素：('xpath', "//div[@role='button']") (basics.py:51)
[2022-07-01 10:50:54] [    INFO] 点击元素：('xpath', "//div[@role='button']") (basics.py:110)
[2022-07-01 10:50:58] [    INFO] 查找元素：['xpath', "//*[contains(@id,'dropdown-menu-')]//li[1]"] (basics.py:51)
[2022-07-01 10:50:59] [    INFO] 查找元素：('xpath', "//div[@role='button']") (basics.py:51)
[2022-07-01 10:50:59] [    INFO] 点击元素：('xpath', "//div[@role='button']") (basics.py:110)
[2022-07-01 10:50:59] [    INFO] 查找元素：('id', 'tab-account') (basics.py:51)
[2022-07-01 10:50:59] [    INFO] 点击元素：('id', 'tab-account') (basics.py:110)
[2022-07-01 10:51:00] [    INFO] 查找元素：('xpath', "//*[@id='pane-account']/form/div[1]/div/div[1]/input") (basics.py:51)
[2022-07-01 10:51:00] [    INFO] 输入文本：18649572 (basics.py:72)
[2022-07-01 10:51:01] [    INFO] 查找元素：('xpath', "//*[@id='pane-account']/form/div[2]/div/div[1]/input") (basics.py:51)
[2022-07-01 10:51:01] [    INFO] 输入文本：xLily6x (basics.py:72)
[2022-07-01 10:51:02] [    INFO] 查找元素：('xpath', "//*[@id='pane-account']/form/div[4]/label/span/span") (basics.py:51)
[2022-07-01 10:51:02] [    INFO] 获取状态：False (basics.py:244)
[2022-07-01 10:51:02] [    INFO] 查找元素：('xpath', "//*[@id='pane-account']/form/div[4]/label/span/span") (basics.py:51)
[2022-07-01 10:51:03] [    INFO] 点击元素：('xpath', "//*[@id='pane-account']/form/div[4]/label/span/span") (basics.py:110)
[2022-07-01 10:51:03] [    INFO] 查找元素：('xpath', "//*[@id='pane-account']/form/button") (basics.py:51)
[2022-07-01 10:51:03] [    INFO] 点击元素：('xpath', "//*[@id='pane-account']/form/button") (basics.py:110)
[2022-07-01 10:51:03] [ WARNING] 断言失败：URL为预期不一致 | URL: http://10.248.39.163:10101/#/c-login?lang=zh&source=SCM_DRP&type=simple&redirect=http%3A%2F%2F10.250.112.166%3A9000%2F%23%2F (assert_ui.py:158)
[2022-07-01 10:51:03] [    INFO] 断言成功: 该内容存在数据列表中 | word:隆江 (assert_ui.py:241)
[2022-07-01 10:51:03] [    INFO] 前置条件：传音统一登录成功 (conftest.py:17)
[2022-07-01 10:51:03] [    INFO] 查找元素：('xpath', '//*[@id="app"]/div/div[1]/div[2]/div[1]/div/ul/div[11]/li/div/span') (basics.py:51)
[2022-07-01 10:51:06] [    INFO] 点击元素：('xpath', '//*[@id="app"]/div/div[1]/div[2]/div[1]/div/ul/div[11]/li/div/span') (basics.py:110)
[2022-07-01 10:51:06] [    INFO] 查找元素：('xpath', "//a[@href='#/systemManage/areaManage']//li[@role='menuitem']") (basics.py:51)
[2022-07-01 10:51:06] [    INFO] 点击元素：('xpath', "//a[@href='#/systemManage/areaManage']//li[@role='menuitem']") (basics.py:110)
[2022-07-01 10:51:11] [    INFO] 断言成功：URL为预期一致 | URL: http://10.250.112.166:9000/#/systemManage/areaManage (assert_ui.py:159)
[2022-07-01 10:51:13] [    INFO] 查找元素：['xpath', "//div[@class='main-top-audit']//div[contains(text(),'itel事业部')]"] (basics.py:51)
[2022-07-01 10:51:13] [    INFO] 选择点击：['xpath', "//div[@class='main-top-audit']//div[contains(text(),'itel事业部')]"] (basics.py:107)
[2022-07-01 10:51:17] [    INFO] 查找元素：['xpath', "//div[@tabindex='0']//span[normalize-space(text())='itel事业部']"] (basics.py:51)
[2022-07-01 10:51:17] [    INFO] 选择点击：['xpath', "//div[@tabindex='0']//span[normalize-space(text())='itel事业部']"] (basics.py:107)
[2022-07-01 10:51:19] [    INFO] 查找元素：('xpath', '//*[@id="app"]/div/div[1]/div[2]/div[1]/div/ul/div[11]/li/div/span') (basics.py:51)
[2022-07-01 10:51:19] [    INFO] 点击元素：('xpath', '//*[@id="app"]/div/div[1]/div[2]/div[1]/div/ul/div[11]/li/div/span') (basics.py:110)
[2022-07-01 10:51:19] [    INFO] 查找元素：('xpath', "//a[@href='#/systemManage/areaManage']//li[@role='menuitem']") (basics.py:51)
[2022-07-01 10:51:20] [    INFO] 点击元素：('xpath', "//a[@href='#/systemManage/areaManage']//li[@role='menuitem']") (basics.py:110)
[2022-07-01 10:51:25] [    INFO] 断言成功：URL为预期一致 | URL: http://10.250.112.166:9000/#/systemManage/areaManage (assert_ui.py:159)
[2022-07-01 10:51:27] [    INFO] 查找元素：['xpath', "//div[@class='main-top-audit']//div[contains(text(),'itel事业部')]"] (basics.py:51)
[2022-07-01 10:51:27] [    INFO] 选择点击：['xpath', "//div[@class='main-top-audit']//div[contains(text(),'itel事业部')]"] (basics.py:107)
[2022-07-01 10:51:31] [    INFO] 查找元素：['xpath', "//div[@tabindex='0']//span[normalize-space(text())='itel事业部']"] (basics.py:51)
[2022-07-01 10:51:31] [    INFO] 选择点击：['xpath', "//div[@tabindex='0']//span[normalize-space(text())='itel事业部']"] (basics.py:107)
[2022-07-01 10:51:35] [    INFO] 查找元素：['xpath', "//div[@tabindex='-1']//div[@class='el-tree-node__content']//span[normalize-space(text())='itel事业部']"] (basics.py:51)
[2022-07-01 10:51:35] [    INFO] 选择点击：['xpath', "//div[@tabindex='-1']//div[@class='el-tree-node__content']//span[normalize-space(text())='itel事业部']"] (basics.py:107)
[2022-07-01 10:51:37] [    INFO] 查找元素：('xpath', '//*[@id="app"]/div/div[1]/div[2]/div[1]/div/ul/div[11]/li/div/span') (basics.py:51)
[2022-07-01 10:51:37] [    INFO] 点击元素：('xpath', '//*[@id="app"]/div/div[1]/div[2]/div[1]/div/ul/div[11]/li/div/span') (basics.py:110)
[2022-07-01 10:51:37] [    INFO] 查找元素：('xpath', "//a[@href='#/systemManage/areaManage']//li[@role='menuitem']") (basics.py:51)
[2022-07-01 10:51:37] [    INFO] 点击元素：('xpath', "//a[@href='#/systemManage/areaManage']//li[@role='menuitem']") (basics.py:110)
[2022-07-01 10:51:42] [    INFO] 断言成功：URL为预期一致 | URL: http://10.250.112.166:9000/#/systemManage/areaManage (assert_ui.py:159)
[2022-07-01 10:51:44] [    INFO] 查找元素：['xpath', "//div[@class='main-top-audit']//div[contains(text(),'itel事业部')]"] (basics.py:51)
[2022-07-01 10:51:44] [    INFO] 选择点击：['xpath', "//div[@class='main-top-audit']//div[contains(text(),'itel事业部')]"] (basics.py:107)
[2022-07-01 10:51:48] [    INFO] 查找元素：['xpath', "//div[@tabindex='0']//span[normalize-space(text())='itel事业部']"] (basics.py:51)
[2022-07-01 10:51:49] [    INFO] 选择点击：['xpath', "//div[@tabindex='0']//span[normalize-space(text())='itel事业部']"] (basics.py:107)
[2022-07-01 10:51:53] [    INFO] 查找元素：['xpath', "//div[@tabindex='-1']//div[@class='el-tree-node__content']//span[normalize-space(text())='itel事业部']"] (basics.py:51)
[2022-07-01 10:51:53] [    INFO] 选择点击：['xpath', "//div[@tabindex='-1']//div[@class='el-tree-node__content']//span[normalize-space(text())='itel事业部']"] (basics.py:107)
[2022-07-01 10:51:57] [    INFO] 查找元素：['xpath', "//div[@tabindex='-1']//div[@tabindex='-1']//div[@class='el-tree-node__content']//span[normalize-space(text())='itel事业部']"] (basics.py:51)
[2022-07-01 10:51:57] [    INFO] 选择点击：['xpath', "//div[@tabindex='-1']//div[@tabindex='-1']//div[@class='el-tree-node__content']//span[normalize-space(text())='itel事业部']"] (basics.py:107)
[2022-07-01 10:51:59] [    INFO] 查找元素：('xpath', '//*[@id="app"]/div/div[1]/div[2]/div[1]/div/ul/div[11]/li/div/span') (basics.py:51)
[2022-07-01 10:51:59] [    INFO] 点击元素：('xpath', '//*[@id="app"]/div/div[1]/div[2]/div[1]/div/ul/div[11]/li/div/span') (basics.py:110)
[2022-07-01 10:51:59] [    INFO] 查找元素：('xpath', "//a[@href='#/systemManage/areaManage']//li[@role='menuitem']") (basics.py:51)
[2022-07-01 10:51:59] [    INFO] 点击元素：('xpath', "//a[@href='#/systemManage/areaManage']//li[@role='menuitem']") (basics.py:110)
[2022-07-01 10:52:04] [    INFO] 断言成功：URL为预期一致 | URL: http://10.250.112.166:9000/#/systemManage/areaManage (assert_ui.py:159)
[2022-07-01 10:52:06] [    INFO] 查找元素：['xpath', "//div[@class='main-top-audit']//div[contains(text(),'itel事业部')]"] (basics.py:51)
[2022-07-01 10:52:06] [    INFO] 选择点击：['xpath', "//div[@class='main-top-audit']//div[contains(text(),'itel事业部')]"] (basics.py:107)
[2022-07-01 10:52:10] [    INFO] 查找元素：['xpath', "//div[@tabindex='0']//span[normalize-space(text())='itel事业部']"] (basics.py:51)
[2022-07-01 10:52:11] [    INFO] 选择点击：['xpath', "//div[@tabindex='0']//span[normalize-space(text())='itel事业部']"] (basics.py:107)
[2022-07-01 10:52:15] [    INFO] 查找元素：['xpath', "//div[@tabindex='-1']//div[@class='el-tree-node__content']//span[normalize-space(text())='itel事业部']"] (basics.py:51)
[2022-07-01 10:52:15] [    INFO] 选择点击：['xpath', "//div[@tabindex='-1']//div[@class='el-tree-node__content']//span[normalize-space(text())='itel事业部']"] (basics.py:107)
[2022-07-01 10:52:19] [    INFO] 查找元素：['xpath', "//div[@tabindex='-1']//div[@tabindex='-1']//div[@class='el-tree-node__content']//span[normalize-space(text())='itel事业部']"] (basics.py:51)
[2022-07-01 10:52:19] [    INFO] 选择点击：['xpath', "//div[@tabindex='-1']//div[@tabindex='-1']//div[@class='el-tree-node__content']//span[normalize-space(text())='itel事业部']"] (basics.py:107)
[2022-07-01 10:52:23] [    INFO] 查找元素：['xpath', "//div[@tabindex='-1']//div[@tabindex='-1']//div[@tabindex='-1']//div[@class='el-tree-node__content']//span[normalize-space(text())='事业部备料']"] (basics.py:51)
[2022-07-01 10:52:23] [    INFO] 选择点击：['xpath', "//div[@tabindex='-1']//div[@tabindex='-1']//div[@tabindex='-1']//div[@class='el-tree-node__content']//span[normalize-space(text())='事业部备料']"] (basics.py:107)
[2022-07-01 10:52:25] [    INFO] 查找元素：('xpath', '//*[@id="app"]/div/div[1]/div[2]/div[1]/div/ul/div[11]/li/div/span') (basics.py:51)
[2022-07-01 10:52:25] [    INFO] 点击元素：('xpath', '//*[@id="app"]/div/div[1]/div[2]/div[1]/div/ul/div[11]/li/div/span') (basics.py:110)
[2022-07-01 10:52:25] [    INFO] 查找元素：('xpath', "//a[@href='#/systemManage/areaManage']//li[@role='menuitem']") (basics.py:51)
[2022-07-01 10:52:25] [    INFO] 点击元素：('xpath', "//a[@href='#/systemManage/areaManage']//li[@role='menuitem']") (basics.py:110)
[2022-07-01 10:52:30] [    INFO] 断言成功：URL为预期一致 | URL: http://10.250.112.166:9000/#/systemManage/areaManage (assert_ui.py:159)
[2022-07-01 10:52:32] [    INFO] 查找元素：['xpath', "//div[@class='main-top-audit']//div[contains(text(),'itel事业部')]"] (basics.py:51)
[2022-07-01 10:52:32] [    INFO] 选择点击：['xpath', "//div[@class='main-top-audit']//div[contains(text(),'itel事业部')]"] (basics.py:107)
[2022-07-01 10:52:36] [    INFO] 查找元素：['xpath', "//div[@tabindex='0']//span[normalize-space(text())='itel事业部']"] (basics.py:51)
[2022-07-01 10:52:36] [    INFO] 选择点击：['xpath', "//div[@tabindex='0']//span[normalize-space(text())='itel事业部']"] (basics.py:107)
[2022-07-01 10:52:39] [    INFO] 查找元素：('xpath', "//input[@placeholder='请输入关键字']") (basics.py:51)
[2022-07-01 10:52:39] [    INFO] 输入文本：巴基斯坦 (basics.py:72)
[2022-07-01 10:52:39] [    INFO] 输入框键入巴基斯坦 (SystemMgmt_RegionMgmt.py:56)
[2022-07-01 10:52:40] [ WARNING] 断言失败: 两值不等 | a:<public.base.assert_ui.ValueAssert object at 0x000001B90EF2B940> b:None (assert_ui.py:22)
[2022-07-01 10:52:40] [    INFO] 查找元素：('xpath', '//*[@id="app"]/div/div[1]/div[2]/div[1]/div/ul/div[11]/li/div/span') (basics.py:51)
[2022-07-01 10:52:40] [    INFO] 点击元素：('xpath', '//*[@id="app"]/div/div[1]/div[2]/div[1]/div/ul/div[11]/li/div/span') (basics.py:110)
[2022-07-01 10:52:40] [    INFO] 查找元素：('xpath', "//a[@href='#/systemManage/areaManage']//li[@role='menuitem']") (basics.py:51)
[2022-07-01 10:52:40] [    INFO] 点击元素：('xpath', "//a[@href='#/systemManage/areaManage']//li[@role='menuitem']") (basics.py:110)
[2022-07-01 10:52:45] [    INFO] 断言成功：URL为预期一致 | URL: http://10.250.112.166:9000/#/systemManage/areaManage (assert_ui.py:159)
[2022-07-01 10:52:47] [    INFO] 查找元素：['xpath', "//div[@class='main-top-audit']//div[contains(text(),'itel事业部')]"] (basics.py:51)
[2022-07-01 10:52:47] [    INFO] 选择点击：['xpath', "//div[@class='main-top-audit']//div[contains(text(),'itel事业部')]"] (basics.py:107)
[2022-07-01 10:52:51] [    INFO] 查找元素：['xpath', "//div[@tabindex='0']//span[normalize-space(text())='itel事业部']"] (basics.py:51)
[2022-07-01 10:52:51] [    INFO] 选择点击：['xpath', "//div[@tabindex='0']//span[normalize-space(text())='itel事业部']"] (basics.py:107)
[2022-07-01 10:52:54] [    INFO] 查找元素：('xpath', "//input[@placeholder='请输入关键字']") (basics.py:51)
[2022-07-01 10:52:54] [    INFO] 输入文本：巴基 (basics.py:72)
[2022-07-01 10:52:54] [    INFO] 输入框键入巴基 (SystemMgmt_RegionMgmt.py:56)
[2022-07-01 10:52:55] [ WARNING] 断言失败: 两值不等 | a:<public.base.assert_ui.ValueAssert object at 0x000001B90EF2B0A0> b:None (assert_ui.py:22)
[2022-07-01 10:52:55] [    INFO] 查找元素：('xpath', '//*[@id="app"]/div/div[1]/div[2]/div[1]/div/ul/div[11]/li/div/span') (basics.py:51)
[2022-07-01 10:52:55] [    INFO] 点击元素：('xpath', '//*[@id="app"]/div/div[1]/div[2]/div[1]/div/ul/div[11]/li/div/span') (basics.py:110)
[2022-07-01 10:52:55] [    INFO] 查找元素：('xpath', "//a[@href='#/systemManage/areaManage']//li[@role='menuitem']") (basics.py:51)
[2022-07-01 10:52:55] [    INFO] 点击元素：('xpath', "//a[@href='#/systemManage/areaManage']//li[@role='menuitem']") (basics.py:110)
[2022-07-01 10:53:00] [    INFO] 断言成功：URL为预期一致 | URL: http://10.250.112.166:9000/#/systemManage/areaManage (assert_ui.py:159)
[2022-07-01 10:53:02] [    INFO] 查找元素：['xpath', "//div[@class='main-top-audit']//div[contains(text(),'itel事业部')]"] (basics.py:51)
[2022-07-01 10:53:02] [    INFO] 选择点击：['xpath', "//div[@class='main-top-audit']//div[contains(text(),'itel事业部')]"] (basics.py:107)
[2022-07-01 10:53:06] [    INFO] 查找元素：['xpath', "//div[@tabindex='0']//span[normalize-space(text())='itel事业部']"] (basics.py:51)
[2022-07-01 10:53:07] [    INFO] 选择点击：['xpath', "//div[@tabindex='0']//span[normalize-space(text())='itel事业部']"] (basics.py:107)
[2022-07-01 10:53:09] [    INFO] 查找元素：('xpath', "//input[@placeholder='请输入关键字']") (basics.py:51)
[2022-07-01 10:53:09] [    INFO] 输入文本：加纳 (basics.py:72)
[2022-07-01 10:53:09] [    INFO] 输入框键入加纳 (SystemMgmt_RegionMgmt.py:56)
[2022-07-01 10:53:10] [ WARNING] 断言失败: 两值不等 | a:<public.base.assert_ui.ValueAssert object at 0x000001B90EF2CC40> b:None (assert_ui.py:22)
[2022-07-01 10:53:10] [    INFO] 查找元素：('xpath', "//i[@class='el-input__icon el-icon-circle-close el-input__clear']") (basics.py:51)
[2022-07-01 10:53:10] [    INFO] 点击元素：('xpath', "//i[@class='el-input__icon el-icon-circle-close el-input__clear']") (basics.py:110)
[2022-07-01 10:53:10] [    INFO] 查找元素：('xpath', '//*[@id="app"]/div/div[1]/div[2]/div[1]/div/ul/div[11]/li/div/span') (basics.py:51)
[2022-07-01 10:53:10] [    INFO] 点击元素：('xpath', '//*[@id="app"]/div/div[1]/div[2]/div[1]/div/ul/div[11]/li/div/span') (basics.py:110)
[2022-07-01 10:53:10] [    INFO] 查找元素：('xpath', "//a[@href='#/systemManage/areaManage']//li[@role='menuitem']") (basics.py:51)
[2022-07-01 10:53:11] [    INFO] 点击元素：('xpath', "//a[@href='#/systemManage/areaManage']//li[@role='menuitem']") (basics.py:110)
[2022-07-01 10:53:16] [    INFO] 断言成功：URL为预期一致 | URL: http://10.250.112.166:9000/#/systemManage/areaManage (assert_ui.py:159)
[2022-07-01 10:53:18] [    INFO] 查找元素：['xpath', "//div[@class='main-top-audit']//div[contains(text(),'itel事业部')]"] (basics.py:51)
[2022-07-01 10:53:18] [    INFO] 选择点击：['xpath', "//div[@class='main-top-audit']//div[contains(text(),'itel事业部')]"] (basics.py:107)
[2022-07-01 10:53:22] [    INFO] 查找元素：['xpath', "//div[@tabindex='0']//span[normalize-space(text())='itel事业部']"] (basics.py:51)
[2022-07-01 10:53:22] [    INFO] 选择点击：['xpath', "//div[@tabindex='0']//span[normalize-space(text())='itel事业部']"] (basics.py:107)
[2022-07-01 10:53:24] [    INFO] 查找元素：('xpath', "//span[contains(text(),'导出')]") (basics.py:51)
[2022-07-01 10:53:24] [    INFO] 指定下载路径: E:\工作文件\自动化\拉取代码\UIPOMTest\libs\download (basics.py:283)
[2022-07-01 10:53:27] [    INFO] ['drp_dept_export_itel+BU_20220701105324.xlsx'] (basics.py:285)
[2022-07-01 10:53:27] [ WARNING] 断言失败: 下载该附件失败 | drp_dept_export_TECNO  (basics.py:296)
[2022-07-01 10:53:27] [    INFO] 查找元素：('xpath', '//*[@id="app"]/div/div[1]/div[2]/div[1]/div/ul/div[11]/li/div/span') (basics.py:51)
[2022-07-01 10:53:27] [    INFO] 点击元素：('xpath', '//*[@id="app"]/div/div[1]/div[2]/div[1]/div/ul/div[11]/li/div/span') (basics.py:110)
[2022-07-01 10:53:27] [    INFO] 查找元素：('xpath', "//a[@href='#/systemManage/areaManage']//li[@role='menuitem']") (basics.py:51)
[2022-07-01 10:53:27] [    INFO] 点击元素：('xpath', "//a[@href='#/systemManage/areaManage']//li[@role='menuitem']") (basics.py:110)
[2022-07-01 10:53:32] [    INFO] 断言成功：URL为预期一致 | URL: http://10.250.112.166:9000/#/systemManage/areaManage (assert_ui.py:159)
[2022-07-01 10:53:34] [    INFO] 查找元素：['xpath', "//div[@class='main-top-audit']//div[contains(text(),'Infinix事业部')]"] (basics.py:51)
[2022-07-01 10:53:34] [    INFO] 选择点击：['xpath', "//div[@class='main-top-audit']//div[contains(text(),'Infinix事业部')]"] (basics.py:107)
[2022-07-01 10:53:38] [    INFO] 查找元素：['xpath', "//div[@tabindex='0']//span[normalize-space(text())='Infinix事业部']"] (basics.py:51)
[2022-07-01 10:53:39] [    INFO] 选择点击：['xpath', "//div[@tabindex='0']//span[normalize-space(text())='Infinix事业部']"] (basics.py:107)
[2022-07-01 10:53:41] [    INFO] 查找元素：('xpath', "//button[@type='button']//span[contains(text(),'新 增')]") (basics.py:51)
[2022-07-01 10:53:41] [    INFO] 点击元素：('xpath', "//button[@type='button']//span[contains(text(),'新 增')]") (basics.py:110)
[2022-07-01 10:53:42] [    INFO] 查找元素：('xpath', "//span[@class='color-rgb166 marginLeft-33']") (basics.py:51)
[2022-07-01 10:53:42] [    INFO] 获取文本：组织 (basics.py:238)
[2022-07-01 10:53:42] [    INFO] 查找元素：('xpath', "//tbody//tr//td[2]//input[contains(@accept,'-nameZh')]") (basics.py:51)
[2022-07-01 10:53:42] [    INFO] 输入文本：lj测试01 (basics.py:81)
[2022-07-01 10:53:43] [    INFO] 查找元素：('xpath', "//tbody//tr//td[3]//input[contains(@accept,'-nameEn')]") (basics.py:51)
[2022-07-01 10:53:43] [    INFO] 输入文本：ljtest01 (basics.py:81)
[2022-07-01 10:53:43] [    INFO] 查找元素：('xpath', "//tbody//tr//td[6]//span[contains(text(),'保存')]") (basics.py:51)
[2022-07-01 10:53:43] [    INFO] 点击元素：('xpath', "//tbody//tr//td[6]//span[contains(text(),'保存')]") (basics.py:110)
[2022-07-01 10:53:44] [    INFO] 查找元素：('xpath', '//*[@id="app"]/div/div[1]/div[2]/div[1]/div/ul/div[11]/li/div/span') (basics.py:51)
[2022-07-01 10:53:44] [    INFO] 点击元素：('xpath', '//*[@id="app"]/div/div[1]/div[2]/div[1]/div/ul/div[11]/li/div/span') (basics.py:110)
[2022-07-01 10:53:44] [    INFO] 查找元素：('xpath', "//a[@href='#/systemManage/areaManage']//li[@role='menuitem']") (basics.py:51)
[2022-07-01 10:53:44] [    INFO] 点击元素：('xpath', "//a[@href='#/systemManage/areaManage']//li[@role='menuitem']") (basics.py:110)
[2022-07-01 10:53:49] [    INFO] 断言成功：URL为预期一致 | URL: http://10.250.112.166:9000/#/systemManage/areaManage (assert_ui.py:159)
[2022-07-01 10:53:51] [    INFO] 查找元素：['xpath', "//div[@class='main-top-audit']//div[contains(text(),'Infinix事业部')]"] (basics.py:51)
[2022-07-01 10:53:51] [    INFO] 选择点击：['xpath', "//div[@class='main-top-audit']//div[contains(text(),'Infinix事业部')]"] (basics.py:107)
[2022-07-01 10:53:55] [    INFO] 查找元素：['xpath', "//div[@tabindex='0']//span[normalize-space(text())='Infinix事业部']"] (basics.py:51)
[2022-07-01 10:53:56] [    INFO] 选择点击：['xpath', "//div[@tabindex='0']//span[normalize-space(text())='Infinix事业部']"] (basics.py:107)
[2022-07-01 10:53:58] [    INFO] 查找元素：['xpath', "//tbody//tr[1]//td[6]//span[contains(text(),'编辑')]"] (basics.py:47)
[2022-07-01 10:54:00] [    INFO] 查找元素：('xpath', "//span[@class='color-rgb166 marginLeft-33']") (basics.py:51)
[2022-07-01 10:54:00] [    INFO] 获取文本：组织 (basics.py:238)
[2022-07-01 10:54:00] [    INFO] 查找元素：('xpath', "//tbody//tr//td[2]//input[contains(@accept,'-nameZh')]") (basics.py:51)
[2022-07-01 10:54:01] [    INFO] 输入文本：lj测试02 (basics.py:81)
[2022-07-01 10:54:01] [    INFO] 查找元素：('xpath', "//tbody//tr//td[3]//input[contains(@accept,'-nameEn')]") (basics.py:51)
[2022-07-01 10:54:01] [    INFO] 输入文本：ljtest02 (basics.py:81)
[2022-07-01 10:54:01] [    INFO] 查找元素：('xpath', "//tbody//tr//td[6]//span[contains(text(),'保存')]") (basics.py:51)
[2022-07-01 10:54:01] [    INFO] 点击元素：('xpath', "//tbody//tr//td[6]//span[contains(text(),'保存')]") (basics.py:110)
[2022-07-01 10:54:02] [    INFO] 查找元素：('xpath', '//*[@id="app"]/div/div[1]/div[2]/div[1]/div/ul/div[11]/li/div/span') (basics.py:51)
[2022-07-01 10:54:02] [    INFO] 点击元素：('xpath', '//*[@id="app"]/div/div[1]/div[2]/div[1]/div/ul/div[11]/li/div/span') (basics.py:110)
[2022-07-01 10:54:02] [    INFO] 查找元素：('xpath', "//a[@href='#/systemManage/areaManage']//li[@role='menuitem']") (basics.py:51)
[2022-07-01 10:54:03] [    INFO] 点击元素：('xpath', "//a[@href='#/systemManage/areaManage']//li[@role='menuitem']") (basics.py:110)
[2022-07-01 10:54:08] [    INFO] 断言成功：URL为预期一致 | URL: http://10.250.112.166:9000/#/systemManage/areaManage (assert_ui.py:159)
[2022-07-01 10:54:10] [    INFO] 查找元素：['xpath', "//div[@class='main-top-audit']//div[contains(text(),'Infinix事业部')]"] (basics.py:51)
[2022-07-01 10:54:10] [    INFO] 选择点击：['xpath', "//div[@class='main-top-audit']//div[contains(text(),'Infinix事业部')]"] (basics.py:107)
[2022-07-01 10:54:14] [    INFO] 查找元素：['xpath', "//div[@tabindex='0']//span[normalize-space(text())='Infinix事业部']"] (basics.py:51)
[2022-07-01 10:54:14] [    INFO] 选择点击：['xpath', "//div[@tabindex='0']//span[normalize-space(text())='Infinix事业部']"] (basics.py:107)
[2022-07-01 10:54:16] [    INFO] 查找元素：['xpath', "//tbody//tr[1]//td[6]//span[contains(text(),'删除')]"] (basics.py:47)
[2022-07-01 10:54:16] [    INFO] 查找元素：('xpath', "//span[@class='color-rgb166 marginLeft-33']") (basics.py:51)
[2022-07-01 10:54:16] [    INFO] 获取文本：组织 (basics.py:238)
[2022-07-01 10:54:16] [    INFO] 查找元素：('xpath', "//div[@aria-hidden='false']//span[contains(text(),'确定')]") (basics.py:51)
[2022-07-01 10:54:16] [    INFO] 点击元素：('xpath', "//div[@aria-hidden='false']//span[contains(text(),'确定')]") (basics.py:110)
[2022-07-01 10:54:17] [    INFO] 查找元素：('xpath', '//*[@id="app"]/div/div[1]/div[2]/div[1]/div/ul/div[11]/li/div/span') (basics.py:51)
[2022-07-01 10:54:17] [    INFO] 点击元素：('xpath', '//*[@id="app"]/div/div[1]/div[2]/div[1]/div/ul/div[11]/li/div/span') (basics.py:110)
[2022-07-01 10:54:17] [    INFO] 查找元素：('xpath', "//a[@href='#/systemManage/areaManage']//li[@role='menuitem']") (basics.py:51)
[2022-07-01 10:54:18] [    INFO] 点击元素：('xpath', "//a[@href='#/systemManage/areaManage']//li[@role='menuitem']") (basics.py:110)
[2022-07-01 10:54:23] [    INFO] 断言成功：URL为预期一致 | URL: http://10.250.112.166:9000/#/systemManage/areaManage (assert_ui.py:159)
[2022-07-01 10:54:25] [    INFO] 查找元素：['xpath', "//div[@class='main-top-audit']//div[contains(text(),'Infinix事业部')]"] (basics.py:51)
[2022-07-01 10:54:25] [    INFO] 选择点击：['xpath', "//div[@class='main-top-audit']//div[contains(text(),'Infinix事业部')]"] (basics.py:107)
[2022-07-01 10:54:29] [    INFO] 查找元素：['xpath', "//div[@tabindex='0']//span[normalize-space(text())='Infinix事业部']"] (basics.py:51)
[2022-07-01 10:54:29] [    INFO] 选择点击：['xpath', "//div[@tabindex='0']//span[normalize-space(text())='Infinix事业部']"] (basics.py:107)
[2022-07-01 10:54:33] [    INFO] 查找元素：['xpath', "//div[@tabindex='-1']//div[@class='el-tree-node__content']//span[normalize-space(text())='Xpark业务区']"] (basics.py:51)
[2022-07-01 10:54:33] [    INFO] 选择点击：['xpath', "//div[@tabindex='-1']//div[@class='el-tree-node__content']//span[normalize-space(text())='Xpark业务区']"] (basics.py:107)
[2022-07-01 10:54:35] [    INFO] 查找元素：('xpath', "//button[@type='button']//span[contains(text(),'新 增')]") (basics.py:51)
[2022-07-01 10:54:35] [    INFO] 点击元素：('xpath', "//button[@type='button']//span[contains(text(),'新 增')]") (basics.py:110)
[2022-07-01 10:54:36] [    INFO] 查找元素：('xpath', "//span[@class='color-rgb166 marginLeft-33']") (basics.py:51)
[2022-07-01 10:54:36] [    INFO] 获取文本：地区部 (basics.py:238)
[2022-07-01 10:54:36] [    INFO] 查找元素：('xpath', "//tbody//tr//td[2]//input[contains(@accept,'-nameZh')]") (basics.py:51)
[2022-07-01 10:54:36] [    INFO] 输入文本：lj测试001 (basics.py:81)
[2022-07-01 10:54:37] [    INFO] 查找元素：('xpath', "//tbody//tr//td[3]//input[contains(@accept,'-nameEn')]") (basics.py:51)
[2022-07-01 10:54:37] [    INFO] 输入文本：ljtest001 (basics.py:81)
[2022-07-01 10:54:37] [    INFO] 查找元素：('xpath', "//tbody//tr//td[6]//span[contains(text(),'保存')]") (basics.py:51)
[2022-07-01 10:54:37] [    INFO] 点击元素：('xpath', "//tbody//tr//td[6]//span[contains(text(),'保存')]") (basics.py:110)
[2022-07-01 10:54:38] [    INFO] 查找元素：('xpath', '//*[@id="app"]/div/div[1]/div[2]/div[1]/div/ul/div[11]/li/div/span') (basics.py:51)
[2022-07-01 10:54:38] [    INFO] 点击元素：('xpath', '//*[@id="app"]/div/div[1]/div[2]/div[1]/div/ul/div[11]/li/div/span') (basics.py:110)
[2022-07-01 10:54:38] [    INFO] 查找元素：('xpath', "//a[@href='#/systemManage/areaManage']//li[@role='menuitem']") (basics.py:51)
[2022-07-01 10:54:39] [    INFO] 点击元素：('xpath', "//a[@href='#/systemManage/areaManage']//li[@role='menuitem']") (basics.py:110)
[2022-07-01 10:54:44] [    INFO] 断言成功：URL为预期一致 | URL: http://10.250.112.166:9000/#/systemManage/areaManage (assert_ui.py:159)
[2022-07-01 10:54:46] [    INFO] 查找元素：['xpath', "//div[@class='main-top-audit']//div[contains(text(),'Infinix事业部')]"] (basics.py:51)
[2022-07-01 10:54:46] [    INFO] 选择点击：['xpath', "//div[@class='main-top-audit']//div[contains(text(),'Infinix事业部')]"] (basics.py:107)
[2022-07-01 10:54:50] [    INFO] 查找元素：['xpath', "//div[@tabindex='0']//span[normalize-space(text())='Infinix事业部']"] (basics.py:51)
[2022-07-01 10:54:50] [    INFO] 选择点击：['xpath', "//div[@tabindex='0']//span[normalize-space(text())='Infinix事业部']"] (basics.py:107)
[2022-07-01 10:54:54] [    INFO] 查找元素：['xpath', "//div[@tabindex='-1']//div[@class='el-tree-node__content']//span[normalize-space(text())='Xpark业务区']"] (basics.py:51)
[2022-07-01 10:54:54] [    INFO] 选择点击：['xpath', "//div[@tabindex='-1']//div[@class='el-tree-node__content']//span[normalize-space(text())='Xpark业务区']"] (basics.py:107)
[2022-07-01 10:54:56] [    INFO] 查找元素：['xpath', "//tbody//tr[1]//td[6]//span[contains(text(),'编辑')]"] (basics.py:47)
[2022-07-01 10:54:58] [    INFO] 查找元素：('xpath', "//span[@class='color-rgb166 marginLeft-33']") (basics.py:51)
[2022-07-01 10:54:58] [    INFO] 获取文本：地区部 (basics.py:238)
[2022-07-01 10:54:58] [    INFO] 查找元素：('xpath', "//tbody//tr//td[2]//input[contains(@accept,'-nameZh')]") (basics.py:51)
[2022-07-01 10:54:58] [    INFO] 输入文本：lj测试002 (basics.py:81)
[2022-07-01 10:54:59] [    INFO] 查找元素：('xpath', "//tbody//tr//td[3]//input[contains(@accept,'-nameEn')]") (basics.py:51)
[2022-07-01 10:54:59] [    INFO] 输入文本：ljtest002 (basics.py:81)
[2022-07-01 10:54:59] [    INFO] 查找元素：('xpath', "//tbody//tr//td[6]//span[contains(text(),'保存')]") (basics.py:51)
[2022-07-01 10:54:59] [    INFO] 点击元素：('xpath', "//tbody//tr//td[6]//span[contains(text(),'保存')]") (basics.py:110)
[2022-07-01 10:55:00] [    INFO] 查找元素：('xpath', '//*[@id="app"]/div/div[1]/div[2]/div[1]/div/ul/div[11]/li/div/span') (basics.py:51)
[2022-07-01 10:55:00] [    INFO] 点击元素：('xpath', '//*[@id="app"]/div/div[1]/div[2]/div[1]/div/ul/div[11]/li/div/span') (basics.py:110)
[2022-07-01 10:55:00] [    INFO] 查找元素：('xpath', "//a[@href='#/systemManage/areaManage']//li[@role='menuitem']") (basics.py:51)
[2022-07-01 10:55:01] [    INFO] 点击元素：('xpath', "//a[@href='#/systemManage/areaManage']//li[@role='menuitem']") (basics.py:110)
[2022-07-01 10:55:06] [    INFO] 断言成功：URL为预期一致 | URL: http://10.250.112.166:9000/#/systemManage/areaManage (assert_ui.py:159)
[2022-07-01 10:55:08] [    INFO] 查找元素：['xpath', "//div[@class='main-top-audit']//div[contains(text(),'Infinix事业部')]"] (basics.py:51)
[2022-07-01 10:55:08] [    INFO] 选择点击：['xpath', "//div[@class='main-top-audit']//div[contains(text(),'Infinix事业部')]"] (basics.py:107)
[2022-07-01 10:55:12] [    INFO] 查找元素：['xpath', "//div[@tabindex='0']//span[normalize-space(text())='Infinix事业部']"] (basics.py:51)
[2022-07-01 10:55:12] [    INFO] 选择点击：['xpath', "//div[@tabindex='0']//span[normalize-space(text())='Infinix事业部']"] (basics.py:107)
[2022-07-01 10:55:16] [    INFO] 查找元素：['xpath', "//div[@tabindex='-1']//div[@class='el-tree-node__content']//span[normalize-space(text())='Xpark业务区']"] (basics.py:51)
[2022-07-01 10:55:16] [    INFO] 选择点击：['xpath', "//div[@tabindex='-1']//div[@class='el-tree-node__content']//span[normalize-space(text())='Xpark业务区']"] (basics.py:107)
[2022-07-01 10:55:18] [    INFO] 查找元素：['xpath', "//tbody//tr[1]//td[6]//span[contains(text(),'删除')]"] (basics.py:47)
[2022-07-01 10:55:18] [    INFO] 查找元素：('xpath', "//span[@class='color-rgb166 marginLeft-33']") (basics.py:51)
[2022-07-01 10:55:18] [    INFO] 获取文本：地区部 (basics.py:238)
[2022-07-01 10:55:18] [    INFO] 查找元素：('xpath', "//div[@aria-hidden='false']//span[contains(text(),'确定')]") (basics.py:51)
[2022-07-01 10:55:18] [    INFO] 点击元素：('xpath', "//div[@aria-hidden='false']//span[contains(text(),'确定')]") (basics.py:110)
[2022-07-01 10:55:19] [    INFO] 查找元素：('xpath', '//*[@id="app"]/div/div[1]/div[2]/div[1]/div/ul/div[11]/li/div/span') (basics.py:51)
[2022-07-01 10:55:19] [    INFO] 点击元素：('xpath', '//*[@id="app"]/div/div[1]/div[2]/div[1]/div/ul/div[11]/li/div/span') (basics.py:110)
[2022-07-01 10:55:19] [    INFO] 查找元素：('xpath', "//a[@href='#/systemManage/areaManage']//li[@role='menuitem']") (basics.py:51)
[2022-07-01 10:55:19] [    INFO] 点击元素：('xpath', "//a[@href='#/systemManage/areaManage']//li[@role='menuitem']") (basics.py:110)
[2022-07-01 10:55:24] [    INFO] 断言成功：URL为预期一致 | URL: http://10.250.112.166:9000/#/systemManage/areaManage (assert_ui.py:159)
[2022-07-01 10:55:26] [    INFO] 查找元素：['xpath', "//div[@class='main-top-audit']//div[contains(text(),'Infinix事业部')]"] (basics.py:51)
[2022-07-01 10:55:26] [    INFO] 选择点击：['xpath', "//div[@class='main-top-audit']//div[contains(text(),'Infinix事业部')]"] (basics.py:107)
[2022-07-01 10:55:30] [    INFO] 查找元素：['xpath', "//div[@tabindex='0']//span[normalize-space(text())='Infinix事业部']"] (basics.py:51)
[2022-07-01 10:55:30] [    INFO] 选择点击：['xpath', "//div[@tabindex='0']//span[normalize-space(text())='Infinix事业部']"] (basics.py:107)
[2022-07-01 10:55:34] [    INFO] 查找元素：['xpath', "//div[@tabindex='-1']//div[@class='el-tree-node__content']//span[normalize-space(text())='Xpark业务区']"] (basics.py:51)
[2022-07-01 10:55:34] [    INFO] 选择点击：['xpath', "//div[@tabindex='-1']//div[@class='el-tree-node__content']//span[normalize-space(text())='Xpark业务区']"] (basics.py:107)
[2022-07-01 10:55:38] [    INFO] 查找元素：['xpath', "//div[@tabindex='-1']//div[@tabindex='-1']//div[@class='el-tree-node__content']//span[normalize-space(text())='Xpark区']"] (basics.py:51)
[2022-07-01 10:55:39] [    INFO] 选择点击：['xpath', "//div[@tabindex='-1']//div[@tabindex='-1']//div[@class='el-tree-node__content']//span[normalize-space(text())='Xpark区']"] (basics.py:107)
[2022-07-01 10:55:41] [    INFO] 查找元素：('xpath', "//button[@type='button']//span[contains(text(),'新 增')]") (basics.py:51)
[2022-07-01 10:55:41] [    INFO] 点击元素：('xpath', "//button[@type='button']//span[contains(text(),'新 增')]") (basics.py:110)
[2022-07-01 10:55:42] [    INFO] 查找元素：('xpath', "//span[@class='color-rgb166 marginLeft-33']") (basics.py:51)
[2022-07-01 10:55:42] [    INFO] 获取文本：大区 (basics.py:238)
[2022-07-01 10:55:42] [    INFO] 查找元素：('xpath', "//input[@placeholder='请输入国家编码或国家名称']") (basics.py:51)
[2022-07-01 10:55:42] [    INFO] 输入文本：中国 (basics.py:81)
[2022-07-01 10:55:44] [    INFO] 查找元素：['xpath', "//div[4]/div[2]/table/tbody/tr[7]/td[4]//span[contains(text(),'添加')]"] (basics.py:47)
[2022-07-01 10:56:05] [    INFO] 查找元素：('xpath', '//*[@id="app"]/div/div[1]/div[2]/div[1]/div/ul/div[11]/li/div/span') (basics.py:51)
[2022-07-01 10:56:06] [    INFO] 查找元素：('xpath', '//*[@id="app"]/div/div[1]/div[2]/div[1]/div/ul/div[11]/li/div/span') (basics.py:51)
[2022-07-01 10:56:07] [    INFO] 查找元素：('xpath', '//*[@id="app"]/div/div[1]/div[2]/div[1]/div/ul/div[11]/li/div/span') (basics.py:51)
[2022-07-01 10:56:08] [    INFO] 查找元素：('xpath', '//*[@id="app"]/div/div[1]/div[2]/div[1]/div/ul/div[11]/li/div/span') (basics.py:51)
[2022-07-01 10:56:09] [    INFO] 查找元素：('xpath', '//*[@id="app"]/div/div[1]/div[2]/div[1]/div/ul/div[11]/li/div/span') (basics.py:51)
[2022-07-01 10:56:11] [    INFO] 查找元素：('xpath', '//*[@id="app"]/div/div[1]/div[2]/div[1]/div/ul/div[11]/li/div/span') (basics.py:51)
[2022-07-01 10:56:12] [    INFO] 查找元素：('xpath', '//*[@id="app"]/div/div[1]/div[2]/div[1]/div/ul/div[11]/li/div/span') (basics.py:51)
[2022-07-01 10:56:13] [    INFO] 查找元素：('xpath', '//*[@id="app"]/div/div[1]/div[2]/div[1]/div/ul/div[11]/li/div/span') (basics.py:51)
[2022-07-01 10:56:14] [    INFO] 查找元素：('xpath', '//*[@id="app"]/div/div[1]/div[2]/div[1]/div/ul/div[11]/li/div/span') (basics.py:51)
[2022-07-01 10:56:15] [    INFO] 查找元素：('xpath', '//*[@id="app"]/div/div[1]/div[2]/div[1]/div/ul/div[11]/li/div/span') (basics.py:51)
[2022-07-01 10:56:17] [    INFO] 查找元素：('xpath', '//*[@id="app"]/div/div[1]/div[2]/div[1]/div/ul/div[11]/li/div/span') (basics.py:51)
[2022-07-01 10:56:18] [    INFO] 查找元素：('xpath', '//*[@id="app"]/div/div[1]/div[2]/div[1]/div/ul/div[11]/li/div/span') (basics.py:51)
